# Bundle file v0.3
4 119
7.6800000000e+002 0.0000000000e+000 0.0000000000e+000
1.0000000000e+000 0.0000000000e+000 0.0000000000e+000
0.0000000000e+000 1.0000000000e+000 0.0000000000e+000
0.0000000000e+000 0.0000000000e+000 1.0000000000e+000
-0.0000000000e+000 -0.0000000000e+000 -0.0000000000e+000
7.6800000000e+002 0.0000000000e+000 0.0000000000e+000
4.8060581976e-001 3.2376588979e-001 8.1498079402e-001
-2.6997277864e-001 9.3883947988e-001 -2.1376419207e-001
-8.3434569862e-001 -1.1728631474e-001 5.3861969475e-001
7.9226336431e-001 -2.5141686089e-001 -5.5597511063e-001
0 0 0
0 0 0
0 0 0
0 0 0
0 0 0
0 0 0
0 0 0
0 0 0
0 0 0
0 0 0
-1.2169143083e-003 -9.6823604777e-002 -1.0916335510e+000
0 0 0
2 0 0 -0.8500 -68.2300 1 0 -87.7500 -73.6200
-7.4687236240e-006 -9.8386619627e-002 -1.0923411603e+000
0 0 0
2 0 1 0.0000 -69.2700 1 1 -88.0000 -74.6700
1.2024476573e-003 -1.0294399186e-001 -1.0924371395e+000
0 0 0
2 0 2 0.8500 -72.4600 1 2 -88.6200 -77.7500
7.1146813335e-003 -1.1076672067e-001 -1.0921768496e+000
0 0 0
2 0 3 5.0000 -77.8300 1 3 -88.0000 -83.7100
1.6323507384e-002 -1.1840077131e-001 -1.0920711417e+000
0 0 0
2 0 4 11.5000 -83.7100 1 4 -86.0000 -89.2000
2.3128133115e-002 -1.2561561850e-001 -1.0904775301e+000
0 0 0
2 0 5 16.2900 -88.5000 1 5 -84.3000 -95.3000
3.2365331281e-002 -1.3227961494e-001 -1.0904610061e+000
0 0 0
2 0 6 22.7900 -93.0500 1 6 -82.3000 -100.7000
4.2922484855e-002 -1.3678830368e-001 -1.0882479091e+000
0 0 0
2 0 7 30.2900 -96.5000 1 7 -78.2000 -105.0000
5.8219452157e-002 -1.3985069623e-001 -1.0802381126e+000
0 0 0
2 0 8 41.3900 -99.3900 1 8 -69.2000 -110.0000
7.0709006532e-002 -1.4171555588e-001 -1.0717104229e+000
0 0 0
2 0 9 50.6700 -101.5300 1 9 -60.8000 -114.0000
8.2573874612e-002 -1.4121828877e-001 -1.0593309344e+000
0 0 0
2 0 10 59.8700 -102.5300 1 10 -50.2000 -117.0000
9.2506068606e-002 -1.3748660093e-001 -1.0475603026e+000
0 0 0
2 0 11 67.8200 -100.8200 1 11 -40.0000 -118.0000
9.7887202607e-002 -1.3410678834e-001 -1.0382651678e+000
0 0 0
2 0 12 72.4100 -99.2900 1 12 -32.6700 -118.1100
9.9743194927e-002 -1.3044370711e-001 -1.0278112835e+000
0 0 0
2 0 13 74.5300 -97.4700 1 13 -25.8800 -118.1200
9.9399378139e-002 -1.2579372353e-001 -1.0178955979e+000
0 0 0
2 0 14 75.0000 -95.0000 1 14 -19.8000 -117.0000
9.5860297835e-002 -1.2108463919e-001 -1.0108070872e+000
0 0 0
2 0 15 72.8400 -92.1600 1 15 -16.2000 -115.0000
9.0092429824e-002 -1.1332281706e-001 -1.0029044779e+000
0 0 0
2 0 16 69.0000 -87.0000 1 16 -12.2000 -111.0000
8.2582901589e-002 -1.0631468998e-001 -1.0022214517e+000
0 0 0
2 0 17 63.2900 -81.6200 1 17 -12.8000 -106.0000
7.5391581259e-002 -1.0154545856e-001 -1.0000693358e+000
0 0 0
2 0 18 57.9000 -78.0500 1 18 -13.0000 -102.7100
6.6142599475e-002 -9.7144624162e-002 -9.9433077915e-001
0 0 0
2 0 19 51.0900 -75.0900 1 19 -12.0000 -100.0000
5.5599849133e-002 -9.4089393505e-002 -9.8905825937e-001
0 0 0
2 0 20 43.1700 -73.0000 1 20 -12.0000 -98.0000
4.1450403191e-002 -9.2280604071e-002 -9.8783030189e-001
0 0 0
2 0 21 32.2300 -71.8200 1 21 -15.7000 -95.3000
2.1439176633e-002 -8.8644956883e-002 -9.8498310268e-001
0 0 0
2 0 22 16.7100 -69.0000 1 22 -20.3000 -91.3000
-1.5054150880e-002 -7.3642807118e-002 -9.8146536961e-001
0 0 0
2 0 23 -11.7600 -57.9500 1 23 -27.8600 -76.7100
-2.4906984853e-002 -6.9848253341e-002 -9.8198315962e-001
0 0 0
2 0 24 -19.4800 -54.6200 1 24 -31.0000 -73.0000
-3.5989693997e-002 -6.9216107393e-002 -9.8712611601e-001
0 0 0
2 0 25 -28.0000 -53.8600 1 25 -38.0000 -70.0000
-4.7471496624e-002 -6.9373432094e-002 -9.9530724946e-001
0 0 0
2 0 26 -36.6300 -53.5300 1 26 -47.1900 -66.9000
-5.9428892616e-002 -7.1464141419e-002 -1.0085345088e+000
0 0 0
2 0 27 -45.2500 -54.5000 1 27 -60.0000 -64.0000
-7.6057483450e-002 -7.5591915556e-002 -1.0325534298e+000
0 0 0
2 0 28 -56.5600 -56.3900 1 28 -81.4100 -59.7600
-8.3731487237e-002 -7.7217322217e-002 -1.0426099339e+000
0 0 0
2 0 29 -61.6700 -57.0000 1 29 -90.6900 -57.8800
-8.9233272693e-002 -7.8154286380e-002 -1.0542566363e+000
0 0 0
2 0 30 -65.0000 -57.0000 1 30 -99.7500 -55.5600
-9.5328970689e-002 -8.0850368163e-002 -1.0714116744e+000
0 0 0
2 0 31 -68.3300 -58.0000 1 31 -112.4700 -53.3300
-9.8034016089e-002 -8.9493785183e-002 -1.0994555770e+000
0 0 0
2 0 32 -68.4700 -62.6700 1 32 -130.7900 -53.6400
-9.4818026426e-002 -9.5894441053e-002 -1.1108812453e+000
0 0 0
2 0 33 -65.5300 -66.6700 1 33 -136.8500 -56.2300
-9.0255475978e-002 -1.0291451169e-001 -1.1203693954e+000
0 0 0
2 0 34 -61.8600 -70.7100 1 34 -141.4600 -60.1500
-8.2404239288e-002 -1.1085657811e-001 -1.1271724769e+000
0 0 0
2 0 35 -56.1500 -75.4600 1 35 -143.3800 -65.6200
-7.5303278544e-002 -1.1677232167e-001 -1.1302819488e+000
0 0 0
2 0 36 -51.1700 -79.2800 1 36 -143.2000 -70.0000
-6.8292388231e-002 -1.2284341498e-001 -1.1352216559e+000
0 0 0
2 0 37 -46.2000 -83.1300 1 37 -144.0000 -74.0000
-5.9626298485e-002 -1.2954525469e-001 -1.1407369190e+000
0 0 0
2 0 38 -40.1400 -87.2900 1 38 -144.5000 -78.5000
-5.0394687309e-002 -1.3491355013e-001 -1.1454995891e+000
0 0 0
2 0 39 -33.7700 -90.8500 1 39 -144.0000 -82.0000
-4.1430534613e-002 -1.3974377780e-001 -1.1482208850e+000
0 0 0
2 0 40 -27.7100 -93.5000 1 40 -142.6400 -86.0900
-2.9285579771e-002 -1.4422440332e-001 -1.1513311447e+000
0 0 0
2 0 41 -19.5400 -96.0800 1 41 -140.0000 -90.0000
-1.8240642428e-002 -1.4639839912e-001 -1.1531434436e+000
0 0 0
2 0 42 -12.1500 -97.4600 1 42 -136.6700 -92.2500
-3.2568528457e-003 -1.4892013983e-001 -1.1542944037e+000
0 0 0
2 0 43 -2.1700 -99.0000 1 43 -131.5500 -95.3600
9.9171199669e-003 -1.5028812418e-001 -1.1513305698e+000
0 0 0
2 0 44 6.6200 -100.3800 1 44 -125.0000 -98.0000
2.1151670320e-002 -1.5155858122e-001 -1.1487221170e+000
0 0 0
2 0 45 14.1400 -101.2900 1 45 -119.5500 -100.6400
3.3581462319e-002 -1.5179919380e-001 -1.1462528961e+000
0 0 0
2 0 46 22.5000 -101.7100 1 46 -113.5000 -102.5000
4.3876636507e-002 -1.5056136032e-001 -1.1384646301e+000
0 0 0
2 0 47 29.6000 -101.6000 1 47 -105.5000 -104.2000
5.5570168172e-002 -1.4886653821e-001 -1.1317148176e+000
0 0 0
2 0 48 37.7100 -101.0000 1 48 -97.4500 -105.6400
6.5026017007e-002 -1.4710758891e-001 -1.1247297116e+000
0 0 0
2 0 49 44.4000 -100.4000 1 49 -90.1800 -106.8200
7.3227802745e-002 -1.4387473264e-001 -1.1158925094e+000
0 0 0
2 0 50 50.4000 -99.0700 1 50 -82.1800 -107.1800
8.0364730538e-002 -1.4030013273e-001 -1.1099654602e+000
0 0 0
2 0 51 55.6000 -96.9300 1 51 -76.0000 -107.0000
8.3637168406e-002 -1.3525345146e-001 -1.0998540705e+000
0 0 0
2 0 52 58.4000 -94.4000 1 52 -68.8000 -106.0000
8.4822257703e-002 -1.2993111573e-001 -1.0927349131e+000
0 0 0
2 0 53 59.6200 -91.4400 1 53 -63.7100 -104.0000
8.2339873441e-002 -1.2380041920e-001 -1.0847502184e+000
0 0 0
2 0 54 58.2900 -87.5000 1 54 -59.3800 -101.7500
7.5885528975e-002 -1.1862628454e-001 -1.0765861231e+000
0 0 0
2 0 55 54.1300 -84.5300 1 55 -56.4400 -99.3300
6.9093801091e-002 -1.1360036670e-001 -1.0698934267e+000
0 0 0
2 0 56 49.6000 -81.6000 1 56 -54.3300 -96.5600
6.0775414655e-002 -1.0891477986e-001 -1.0638382076e+000
0 0 0
2 0 57 43.8700 -78.5300 1 57 -53.2000 -94.0000
5.1335797154e-002 -1.0580598844e-001 -1.0608632312e+000
0 0 0
2 0 58 37.1700 -76.7200 1 58 -54.3000 -91.3000
3.6688168455e-002 -1.0273333612e-001 -1.0590983493e+000
0 0 0
2 0 59 26.6100 -74.6100 1 59 -58.0000 -88.0000
1.9260527129e-002 -1.0018941043e-001 -1.0560671062e+000
0 0 0
2 0 60 14.0000 -72.7300 1 60 -62.3300 -85.1100
4.1335287528e-003 -9.7842459855e-002 -1.0589980800e+000
0 0 0
2 0 61 3.0000 -71.0000 1 61 -69.0000 -81.0000
-1.3657454853e-002 -9.4652015297e-002 -1.0621642779e+000
0 0 0
2 0 62 -9.8700 -68.5300 1 62 -76.8000 -76.0000
-3.8757143979e-002 -8.7473892155e-002 -1.0732336553e+000
0 0 0
2 0 63 -27.7300 -62.6700 1 63 -91.0000 -65.8300
-4.6211672439e-002 -8.2602717100e-002 -1.0817400001e+000
0 0 0
2 0 64 -32.7900 -58.9500 1 64 -97.3300 -59.7500
-5.0975430742e-002 -7.4465109841e-002 -1.0948233285e+000
0 0 0
2 0 65 -35.7300 -52.6700 1 65 -104.1800 -51.1800
-5.3650459666e-002 -6.5284167590e-002 -1.1066050746e+000
0 0 0
2 0 66 -37.2000 -45.8000 1 66 -109.2000 -42.6000
-5.3485693859e-002 -5.3845388642e-002 -1.1182581138e+000
0 0 0
2 0 67 -36.7100 -37.2900 1 67 -112.4400 -33.3300
-5.2392246465e-002 -4.3897740418e-002 -1.1267901373e+000
0 0 0
2 0 68 -35.7700 -29.1500 1 68 -114.2500 -26.6700
-5.0418530521e-002 -3.3344498316e-002 -1.1334143303e+000
0 0 0
2 0 69 -34.1300 -23.0000 1 69 -114.0000 -18.0000
-4.8062193036e-002 -2.5514538451e-002 -1.1381011663e+000
0 0 0
2 0 70 -32.4000 -17.6000 1 70 -113.5600 -12.6700
-4.5666452299e-002 -1.6169936993e-002 -1.1406967847e+000
0 0 0
2 0 71 -30.7100 -11.2900 1 71 -111.7000 -6.7000
-4.2040683792e-002 -7.6694715082e-003 -1.1437206017e+000
0 0 0
2 0 72 -28.2300 -5.1500 1 72 -109.8800 -1.8800
-3.8357822900e-002 -1.9531853502e-003 -1.1450120646e+000
0 0 0
2 0 73 -25.7100 -1.5000 1 73 -107.6700 1.4400
-3.0631942554e-002 -1.4134714084e-003 -1.1472273962e+000
0 0 0
2 0 74 -20.4700 -1.3300 1 74 -105.5000 0.8800
-1.9747000544e-002 -3.3577690276e-003 -1.1471398373e+000
0 0 0
2 0 75 -13.2100 -2.3600 1 75 -101.6700 -2.5600
-5.2933401569e-003 -3.7506637728e-003 -1.1468722872e+000
0 0 0
2 0 76 -3.5300 -2.6700 1 76 -96.0000 -5.3300
8.3381337007e-003 -2.2338069222e-003 -1.1454546465e+000
0 0 0
2 0 77 5.6000 -1.6000 1 77 -89.8000 -7.0000
1.8713921205e-002 1.7434210961e-003 -1.1386506593e+000
0 0 0
2 0 78 12.6500 0.8800 1 78 -81.6700 -7.1100
2.0611671858e-002 8.5927031159e-003 -1.1332220286e+000
0 0 0
2 0 79 14.0000 5.5000 1 79 -76.8000 -4.0000
1.2822622636e-002 1.9086716505e-002 -1.1269435408e+000
0 0 0
2 0 80 8.7100 13.2900 1 80 -74.4300 2.2900
-2.1800268343e-002 3.9079977176e-002 -1.1173029628e+000
0 0 0
2 0 81 -15.0000 27.0000 1 81 -78.0000 20.0000
-2.9879305339e-002 3.6617020567e-002 -1.1164837404e+000
0 0 0
2 0 82 -20.5600 25.2500 1 82 -81.2000 20.0000
-4.8410949594e-002 2.2559079581e-002 -1.1063278226e+000
0 0 0
2 0 83 -33.6000 15.6000 1 83 -86.3800 13.3800
-5.8793716496e-002 1.5554784778e-002 -1.0966692745e+000
0 0 0
2 0 84 -41.1300 10.4700 1 84 -87.0000 9.8300
-6.6547601789e-002 9.7732335306e-003 -1.0853020775e+000
0 0 0
2 0 85 -47.1000 7.0000 1 85 -85.6200 5.3800
-7.4895666256e-002 6.9987883363e-003 -1.0003071180e+000
0 0 0
2 0 86 -57.5500 5.8500 1 86 -42.2900 -8.5000
-7.5979873004e-002 1.8534918281e-003 -9.9169014799e-001
0 0 0
2 0 87 -58.8400 1.4200 1 87 -38.7800 -12.8300
-5.7080057767e-002 -1.0158815441e-001 -1.0800071032e+000
0 0 0
2 0 88 -40.5900 -72.2400 1 88 -105.6000 -71.6000
-4.3458865553e-002 -1.1095864284e-001 -1.0979356682e+000
0 0 0
2 0 89 -30.4000 -77.6000 1 89 -111.4500 -76.3600
-1.8768683838e-002 -1.2285145105e-001 -1.1213684428e+000
0 0 0
2 0 90 -12.8500 -84.2300 1 90 -115.8200 -82.8200
-8.9384175868e-003 -1.2737015461e-001 -1.1279209458e+000
0 0 0
2 0 91 -6.0900 -86.6400 1 91 -116.1200 -85.8800
2.6910479864e-003 -1.3132435721e-001 -1.1354896920e+000
0 0 0
2 0 92 1.8200 -88.8200 1 92 -116.0000 -88.2900
9.4969172511e-003 -1.3415050209e-001 -1.1395508775e+000
0 0 0
2 0 93 6.4000 -90.4000 1 93 -115.8800 -90.1200
1.6842105704e-002 -1.3684703387e-001 -1.1439431459e+000
0 0 0
2 0 94 11.3000 -91.7000 1 94 -115.7100 -92.0000
2.1469526354e-002 -1.3860831632e-001 -1.1475336190e+000
0 0 0
2 0 95 14.3600 -92.5500 1 95 -116.0000 -93.0000
2.6462088256e-002 -1.4030635054e-001 -1.1518231385e+000
0 0 0
2 0 96 17.6400 -93.4500 1 96 -116.4300 -93.7100
2.9929139374e-002 -1.4129276811e-001 -1.1562968154e+000
0 0 0
2 0 97 19.8800 -93.8800 1 97 -117.3800 -93.7500
3.1604252590e-002 -1.4260802937e-001 -1.1621945166e+000
0 0 0
2 0 98 20.8800 -94.1200 1 98 -119.8300 -93.8300
2.9326224733e-002 -1.4303896886e-001 -1.1646510719e+000
0 0 0
2 0 99 19.3300 -94.1100 1 99 -122.0000 -93.5000
2.3392398370e-002 -1.4376847492e-001 -1.1714784279e+000
0 0 0
2 0 100 15.3300 -94.1100 1 100 -127.7100 -92.0000
1.5144284928e-002 -1.4390129963e-001 -1.1772069916e+000
0 0 0
2 0 101 9.8800 -93.8800 1 101 -133.7100 -90.0000
7.9531228807e-003 -1.4279546946e-001 -1.1815760910e+000
0 0 0
2 0 102 5.1700 -92.8300 1 102 -138.4300 -87.7100
-5.1065196203e-004 -1.4128160079e-001 -1.1867649925e+000
0 0 0
2 0 103 -0.3300 -91.4400 1 103 -144.0000 -84.8800
-8.0560537828e-003 -1.3935424317e-001 -1.1895347975e+000
0 0 0
2 0 104 -5.2000 -90.0000 1 104 -148.0000 -82.2900
-1.3805307442e-002 -1.3752757985e-001 -1.1938166861e+000
0 0 0
2 0 105 -8.8800 -88.5000 1 105 -152.0000 -79.7100
-1.8995141167e-002 -1.3558250253e-001 -1.1969190999e+000
0 0 0
2 0 106 -12.1800 -87.1800 1 106 -155.1700 -77.1700
-2.1846243620e-002 -1.3404631218e-001 -1.1981273737e+000
0 0 0
2 0 107 -14.0000 -86.0000 1 107 -156.6200 -75.7500
-2.3895801627e-002 -1.3264944828e-001 -1.1999075249e+000
0 0 0
2 0 108 -15.2900 -85.0000 1 108 -158.0000 -74.2900
-2.5003548959e-002 -1.3201172879e-001 -1.1992692193e+000
0 0 0
2 0 109 -16.0000 -84.8000 1 109 -158.0000 -73.7100
-2.4234372871e-002 -1.3299499376e-001 -1.1995354424e+000
0 0 0
2 0 110 -15.5000 -85.5000 1 110 -158.0000 -74.2900
-2.2275353873e-002 -1.3375065521e-001 -1.1965768146e+000
0 0 0
2 0 111 -14.2900 -86.0000 1 111 -156.0000 -75.7100
-2.1589931254e-002 -1.3406429009e-001 -1.1948099027e+000
0 0 0
2 0 112 -13.8800 -86.1200 1 112 -155.0000 -76.5000
-2.0474659428e-002 -1.3472872510e-001 -1.1934396913e+000
0 0 0
2 0 113 -13.1700 -86.8300 1 113 -154.0000 -77.1200
-1.8954628665e-002 -1.3517473014e-001 -1.1932222882e+000
0 0 0
2 0 114 -12.2000 -87.0000 1 114 -153.3800 -77.7500
-1.8641843920e-002 -1.3505032934e-001 -1.1935262073e+000
0 0 0
2 0 115 -12.0000 -86.8000 1 115 -153.3800 -77.7500
-1.8960644389e-002 -1.3521866767e-001 -1.1936031926e+000
0 0 0
2 0 116 -12.2000 -87.0000 1 116 -153.5700 -77.7100
-1.9114739215e-002 -1.3552108559e-001 -1.1931967534e+000
0 0 0
2 0 117 -12.3000 -87.3000 1 117 -153.5000 -77.8800
-1.9114739215e-002 -1.3552108559e-001 -1.1931967534e+000
0 0 0
2 0 118 -12.3000 -87.3000 1 118 -153.5000 -77.8800
