# Bundle file v0.3
4 119
6.0060777805e+002 1.8981119888e-002 1.3022361021e-003
9.9342142195e-001 -1.7588948705e-003 1.1450233490e-001
5.1920289272e-003 9.9954561756e-001 -2.9691770942e-002
-1.1439808234e-001 3.0090940744e-002 9.9297916093e-001
1.2836086836e-001 -4.1093405082e-002 1.6938676221e-001
6.1015764958e+002 6.9603605751e-002 5.0462713086e-003
5.6210513010e-001 3.6039363630e-001 7.4441537439e-001
-2.8963183375e-001 9.2884877000e-001 -2.3098346986e-001
-7.7469427750e-001 -8.5769396585e-002 6.2649212846e-001
7.0396761407e-001 -2.7921639521e-001 -2.9280380129e-001
5.2457893457e+002 -8.3213428125e-002 1.2609175095e-002
-6.6930350498e-001 -2.8098287182e-001 -6.8780916246e-001
3.9337715180e-001 6.5132266751e-001 -6.4887071071e-001
6.3030725417e-001 -7.0485985027e-001 -3.2540030242e-001
-6.3790055115e-001 -6.1807709492e-001 -1.0130685243e+000
5.4809744234e+002 -9.4152443915e-003 2.1015344042e-003
-9.8438835301e-001 1.7116956026e-001 -4.0994537322e-002
1.3286685308e-001 5.6990379354e-001 -8.1089830772e-001
-1.1543816441e-001 -8.0368566477e-001 -5.8374941751e-001
-1.1973927396e-001 -7.7716705006e-001 -1.2365232190e+000
-6.1083678426e-003 -9.3707390821e-002 -1.0801427374e+000
0 0 0
4 0 0 -0.8500 -68.2300 1 0 -87.7500 -73.6200 2 0 118.0000 17.0000 3 0 -88.3200 46.0000
-4.5929798323e-003 -9.5397432081e-002 -1.0812462897e+000
0 0 0
4 0 1 0.0000 -69.2700 1 1 -88.0000 -74.6700 2 1 118.5000 17.0000 3 1 -90.4500 46.5900
-3.2420103015e-003 -1.0031363869e-001 -1.0814524467e+000
0 0 0
4 0 2 0.8500 -72.4600 1 2 -88.6200 -77.7500 2 2 120.0000 15.0000 3 2 -93.3900 44.2600
2.8412613256e-003 -1.0823725016e-001 -1.0814316587e+000
0 0 0
4 0 3 5.0000 -77.8300 1 3 -88.0000 -83.7100 2 3 120.0000 13.0000 3 3 -101.8300 40.9700
1.2327995327e-002 -1.1723832659e-001 -1.0814019480e+000
0 0 0
4 0 4 11.5000 -83.7100 1 4 -86.0000 -89.2000 2 4 119.5000 11.0000 3 4 -114.9100 37.0300
1.9994173472e-002 -1.2473481652e-001 -1.0811700670e+000
0 0 0
4 0 5 16.2900 -88.5000 1 5 -84.3000 -95.3000 2 5 118.5000 9.5000 3 5 -125.4200 33.9200
3.0277561089e-002 -1.3254101283e-001 -1.0827368770e+000
0 0 0
4 0 6 22.7900 -93.0500 1 6 -82.3000 -100.7000 2 6 118.0000 9.7500 3 6 -139.4300 32.1700
4.1779290481e-002 -1.3705147209e-001 -1.0807441414e+000
0 0 0
4 0 7 30.2900 -96.5000 1 7 -78.2000 -105.0000 2 7 112.0000 10.0000 3 7 -153.0500 29.8400
5.6858313821e-002 -1.4064021174e-001 -1.0729127675e+000
0 0 0
4 0 8 41.3900 -99.3900 1 8 -69.2000 -110.0000 2 8 100.5000 9.0000 3 8 -169.0300 22.1700
7.0202855637e-002 -1.4335833670e-001 -1.0632326078e+000
0 0 0
4 0 9 50.6700 -101.5300 1 9 -60.8000 -114.0000 2 9 87.3300 6.6700 3 9 -183.1800 12.6100
8.0508261957e-002 -1.4127031114e-001 -1.0494764813e+000
0 0 0
4 0 10 59.8700 -102.5300 1 10 -50.2000 -117.0000 2 10 70.2000 2.4000 3 10 -189.7600 4.5800
8.8920319954e-002 -1.3640405045e-001 -1.0351319190e+000
0 0 0
4 0 11 67.8200 -100.8200 1 11 -40.0000 -118.0000 2 11 53.0000 -0.5000 3 11 -193.3000 -3.5300
9.2841865215e-002 -1.3190686108e-001 -1.0233995405e+000
0 0 0
4 0 12 72.4100 -99.2900 1 12 -32.6700 -118.1100 2 12 40.6700 -3.3300 3 12 -193.0000 -10.2600
9.3138262744e-002 -1.2707144020e-001 -1.0105123184e+000
0 0 0
4 0 13 74.5300 -97.4700 1 13 -25.8800 -118.1200 2 13 29.8000 -8.4000 3 13 -189.1900 -17.5500
9.0760081665e-002 -1.2112153787e-001 -9.9809172515e-001
0 0 0
4 0 14 75.0000 -95.0000 1 14 -19.8000 -117.0000 2 14 21.0000 -13.2500 3 14 -182.5600 -23.9100
8.4235420437e-002 -1.1467022098e-001 -9.8720737436e-001
0 0 0
4 0 15 72.8400 -92.1600 1 15 -16.2000 -115.0000 2 15 15.7500 -18.0000 3 15 -172.0300 -29.0900
7.7284246305e-002 -1.0622757755e-001 -9.7843024458e-001
0 0 0
4 0 16 69.0000 -87.0000 1 16 -12.2000 -111.0000 2 16 12.3300 -20.3300 3 16 -161.8100 -31.7700
6.8587229282e-002 -9.8514518561e-002 -9.7562980675e-001
0 0 0
4 0 17 63.2900 -81.6200 1 17 -12.8000 -106.0000 2 17 13.5000 -20.0000 3 17 -151.0000 -30.8300
5.9777918299e-002 -9.2601388320e-002 -9.7194448029e-001
0 0 0
4 0 18 57.9000 -78.0500 1 18 -13.0000 -102.7100 2 18 14.6700 -21.3300 3 18 -140.3100 -30.9200
5.0443086171e-002 -8.7528462861e-002 -9.6551550607e-001
0 0 0
4 0 19 51.0900 -75.0900 1 19 -12.0000 -100.0000 2 19 14.5000 -25.0000 3 19 -130.4800 -33.5900
3.8414668120e-002 -8.3291150292e-002 -9.5818467094e-001
0 0 0
4 0 20 43.1700 -73.0000 1 20 -12.0000 -98.0000 2 20 15.6700 -29.6700 3 20 -118.0000 -38.0000
2.3196355055e-002 -8.1228280567e-002 -9.5413371851e-001
0 0 0
4 0 21 32.2300 -71.8200 1 21 -15.7000 -95.3000 2 21 21.0000 -36.0000 3 21 -104.5800 -41.3100
1.9515840458e-003 -7.6773922001e-002 -9.5079805104e-001
0 0 0
4 0 22 16.7100 -69.0000 1 22 -20.3000 -91.3000 2 22 30.0000 -41.0000 3 22 -84.6700 -43.5900
-3.6303134081e-002 -6.0042490890e-002 -9.4046588172e-001
0 0 0
3 0 23 -11.7600 -57.9500 1 23 -27.8600 -76.7100 2 23 38.0000 -47.0000
-4.5947145275e-002 -5.6087488177e-002 -9.4091805887e-001
0 0 0
3 0 24 -19.4800 -54.6200 1 24 -31.0000 -73.0000 2 24 42.0000 -47.0000
-5.6366193270e-002 -5.5445165565e-002 -9.4567428620e-001
0 0 0
3 0 25 -28.0000 -53.8600 1 25 -38.0000 -70.0000 2 25 49.0000 -47.0000
-6.6578359127e-002 -5.6114401768e-002 -9.5594284939e-001
0 0 0
3 0 26 -36.6300 -53.5300 1 26 -47.1900 -66.9000 2 26 60.0000 -45.0000
-7.7254814779e-002 -5.8667617031e-002 -9.6914171787e-001
0 0 0
3 0 27 -45.2500 -54.5000 1 27 -60.0000 -64.0000 2 27 72.0000 -43.0000
-9.1425231394e-002 -6.4061611623e-002 -9.9579089510e-001
0 0 0
3 0 28 -56.5600 -56.3900 1 28 -81.4100 -59.7600 2 28 94.0000 -37.0000
-9.7922928918e-002 -6.6506944792e-002 -1.0084767384e+000
0 0 0
3 0 29 -61.6700 -57.0000 1 29 -90.6900 -57.8800 2 29 105.0000 -34.0000
-1.0251771060e-001 -6.8296552195e-002 -1.0218557843e+000
0 0 0
3 0 30 -65.0000 -57.0000 1 30 -99.7500 -55.5600 2 30 115.0000 -30.0000
-1.0772357551e-001 -7.2002682129e-002 -1.0398965399e+000
0 0 0
3 0 31 -68.3300 -58.0000 1 31 -112.4700 -53.3300 2 31 128.0000 -25.0000
-1.0750482200e-001 -8.2846566354e-002 -1.0749289025e+000
0 0 0
3 0 32 -68.4700 -62.6700 1 32 -130.7900 -53.6400 2 32 152.0000 -13.0000
-1.0359512652e-001 -9.0744964536e-002 -1.0896994216e+000
0 0 0
4 0 33 -65.5300 -66.6700 1 33 -136.8500 -56.2300 2 33 163.0000 -8.0000 3 33 12.3300 43.0600
-9.7824941967e-002 -9.9190475236e-002 -1.1025481210e+000
0 0 0
4 0 34 -61.8600 -70.7100 1 34 -141.4600 -60.1500 2 34 172.0000 -5.0000 3 34 5.3100 51.9100
-8.8901207355e-002 -1.0812366177e-001 -1.1124974950e+000
0 0 0
4 0 35 -56.1500 -75.4600 1 35 -143.3800 -65.6200 2 35 178.5000 -1.5000 3 35 -5.4600 58.0000
-8.0930667020e-002 -1.1503460234e-001 -1.1176866331e+000
0 0 0
4 0 36 -51.1700 -79.2800 1 36 -143.2000 -70.0000 2 36 182.0000 0.2500 3 36 -15.6200 60.3500
-7.2472843711e-002 -1.2252222210e-001 -1.1248100084e+000
0 0 0
4 0 37 -46.2000 -83.1300 1 37 -144.0000 -74.0000 2 37 187.0000 3.0000 3 37 -27.0700 64.2900
-6.3812780895e-002 -1.3004597364e-001 -1.1321350088e+000
0 0 0
4 0 38 -40.1400 -87.2900 1 38 -144.5000 -78.5000 2 38 192.0000 5.7500 3 38 -38.3400 69.2400
-5.3118074514e-002 -1.3712519279e-001 -1.1393271296e+000
0 0 0
4 0 39 -33.7700 -90.8500 1 39 -144.0000 -82.0000 2 39 196.5000 9.5000 3 39 -53.1700 74.2900
-4.1486996813e-002 -1.4340820546e-001 -1.1460665128e+000
0 0 0
4 0 40 -27.7100 -93.5000 1 40 -142.6400 -86.0900 2 40 199.7500 14.0000 3 40 -69.5000 79.9800
-2.9271001189e-002 -1.4859096061e-001 -1.1516452534e+000
0 0 0
4 0 41 -19.5400 -96.0800 1 41 -140.0000 -90.0000 2 41 202.0000 19.7500 3 41 -85.4400 84.7900
-1.4878675015e-002 -1.5278087870e-001 -1.1570172158e+000
0 0 0
4 0 42 -12.1500 -97.4600 1 42 -136.6700 -92.2500 2 42 202.3300 25.6700 3 42 -105.6600 90.8000
-4.1048714175e-004 -1.5557357886e-001 -1.1598696035e+000
0 0 0
4 0 43 -2.1700 -99.0000 1 43 -131.5500 -95.3600 2 43 200.5000 32.5000 3 43 -123.6700 94.4300
1.4924830097e-002 -1.5810265040e-001 -1.1602326468e+000
0 0 0
4 0 44 6.6200 -100.3800 1 44 -125.0000 -98.0000 2 44 196.0000 38.0000 3 44 -143.5000 95.5000
2.7780710999e-002 -1.5921848971e-001 -1.1579256731e+000
0 0 0
4 0 45 14.1400 -101.2900 1 45 -119.5500 -100.6400 2 45 188.5000 41.5000 3 45 -159.2700 94.3500
4.0626059834e-002 -1.6006659495e-001 -1.1544406358e+000
0 0 0
4 0 46 22.5000 -101.7100 1 46 -113.5000 -102.5000 2 46 180.5000 44.5000 3 46 -174.5100 91.3300
5.2528915391e-002 -1.5968259413e-001 -1.1491711434e+000
0 0 0
4 0 47 29.6000 -101.6000 1 47 -105.5000 -104.2000 2 47 171.0000 46.7500 3 47 -187.4700 86.9400
6.3815097853e-002 -1.5709894062e-001 -1.1420976829e+000
0 0 0
4 0 48 37.7100 -101.0000 1 48 -97.4500 -105.6400 2 48 158.2000 48.4000 3 48 -197.2700 82.7100
7.3429789706e-002 -1.5466573266e-001 -1.1346855020e+000
0 0 0
4 0 49 44.4000 -100.4000 1 49 -90.1800 -106.8200 2 49 146.0000 49.5000 3 49 -205.1100 77.3000
8.1604581170e-002 -1.5107866812e-001 -1.1246820552e+000
0 0 0
4 0 50 50.4000 -99.0700 1 50 -82.1800 -107.1800 2 50 131.8300 48.1700 3 50 -210.3000 69.9400
8.7452133525e-002 -1.4587963342e-001 -1.1143367697e+000
0 0 0
4 0 51 55.6000 -96.9300 1 51 -76.0000 -107.0000 2 51 117.4000 47.2000 3 51 -211.4900 62.7100
9.0380945284e-002 -1.3970356878e-001 -1.1032732208e+000
0 0 0
4 0 52 58.4000 -94.4000 1 52 -68.8000 -106.0000 2 52 104.0000 44.0000 3 52 -209.1900 56.1900
8.9064995443e-002 -1.3306728126e-001 -1.0930962782e+000
0 0 0
4 0 53 59.6200 -91.4400 1 53 -63.7100 -104.0000 2 53 94.6700 41.3300 3 53 -202.0300 48.8400
8.5110171583e-002 -1.2587047485e-001 -1.0826935056e+000
0 0 0
4 0 54 58.2900 -87.5000 1 54 -59.3800 -101.7500 2 54 86.0000 36.0000 3 54 -192.8900 43.1600
7.6703009231e-002 -1.1885680362e-001 -1.0718641958e+000
0 0 0
4 0 55 54.1300 -84.5300 1 55 -56.4400 -99.3300 2 55 80.0000 29.7500 3 55 -179.3200 36.0500
6.6627701214e-002 -1.1205691066e-001 -1.0609574617e+000
0 0 0
4 0 56 49.6000 -81.6000 1 56 -54.3300 -96.5600 2 56 75.5000 23.0000 3 56 -164.5000 28.5900
5.7443542023e-002 -1.0650546648e-001 -1.0526201563e+000
0 0 0
4 0 57 43.8700 -78.5300 1 57 -53.2000 -94.0000 2 57 72.5000 17.0000 3 57 -152.8100 23.5300
4.5893120128e-002 -1.0317871802e-001 -1.0471706136e+000
0 0 0
4 0 58 37.1700 -76.7200 1 58 -54.3000 -91.3000 2 58 74.3300 10.3300 3 58 -140.1000 19.5500
3.0096481436e-002 -9.8719910995e-002 -1.0424922877e+000
0 0 0
4 0 59 26.6100 -74.6100 1 59 -58.0000 -88.0000 2 59 77.5000 5.0000 3 59 -123.0000 15.7400
1.1498082280e-002 -9.5193258362e-002 -1.0391518935e+000
0 0 0
4 0 60 14.0000 -72.7300 1 60 -62.3300 -85.1100 2 60 84.0000 -1.0000 3 60 -103.6600 12.5600
-4.8766410801e-003 -9.2065304643e-002 -1.0373931918e+000
0 0 0
4 0 61 3.0000 -71.0000 1 61 -69.0000 -81.0000 2 61 89.0000 -6.0000 3 61 -87.3200 10.6800
-2.3483943728e-002 -8.8509305675e-002 -1.0393532999e+000
0 0 0
4 0 62 -9.8700 -68.5300 1 62 -76.8000 -76.0000 2 62 98.0000 -9.0000 3 62 -68.6100 11.7400
-4.8469496039e-002 -8.0952559539e-002 -1.0502479652e+000
0 0 0
4 0 63 -27.7300 -62.6700 1 63 -91.0000 -65.8300 2 63 113.0000 -7.0000 3 63 -42.7900 21.6900
-5.5146869913e-002 -7.6373499453e-002 -1.0604253974e+000
0 0 0
4 0 64 -32.7900 -58.9500 1 64 -97.3300 -59.7500 2 64 120.5000 -1.0000 3 64 -35.2600 31.4800
-5.8500799948e-002 -6.9090581331e-002 -1.0773290975e+000
0 0 0
4 0 65 -35.7300 -52.6700 1 65 -104.1800 -51.1800 2 65 130.0000 11.0000 3 65 -30.3200 48.7000
-5.9999343067e-002 -6.0037121544e-002 -1.0921524568e+000
0 0 0
4 0 66 -37.2000 -45.8000 1 66 -109.2000 -42.6000 2 66 136.0000 23.0000 3 66 -26.6400 66.0000
-5.8428875470e-002 -4.8995127129e-002 -1.1089497416e+000
0 0 0
3 0 67 -36.7100 -37.2900 1 67 -112.4400 -33.3300 3 67 -25.5900 87.0000
-5.5941250850e-002 -3.8801717012e-002 -1.1238022600e+000
0 0 0
3 0 68 -35.7700 -29.1500 1 68 -114.2500 -26.6700 3 68 -25.1500 105.8800
-5.2976074983e-002 -2.8237187260e-002 -1.1321670904e+000
0 0 0
3 0 69 -34.1300 -23.0000 1 69 -114.0000 -18.0000 3 69 -26.1100 118.0000
-4.9993952394e-002 -2.0159598963e-002 -1.1392437084e+000
0 0 0
3 0 70 -32.4000 -17.6000 1 70 -113.5600 -12.6700 3 70 -27.1500 128.1200
-4.6807886425e-002 -1.0370691630e-002 -1.1438440122e+000
0 0 0
3 0 71 -30.7100 -11.2900 1 71 -111.7000 -6.7000 3 71 -28.2500 136.3900
-4.2904567611e-002 -1.4338470248e-003 -1.1481914776e+000
0 0 0
3 0 72 -28.2300 -5.1500 1 72 -109.8800 -1.8800 3 72 -30.0000 144.0000
-3.8139260878e-002 4.6459052351e-003 -1.1521597161e+000
0 0 0
3 0 73 -25.7100 -1.5000 1 73 -107.6700 1.4400 3 73 -33.2700 150.4000
-3.0201886715e-002 5.0937477435e-003 -1.1554975797e+000
0 0 0
3 0 74 -20.4700 -1.3300 1 74 -105.5000 0.8800 3 74 -40.4300 154.4700
-1.7340758118e-002 2.7683677247e-003 -1.1584529341e+000
0 0 0
2 0 75 -13.2100 -2.3600 1 75 -101.6700 -2.5600
-1.2211404409e-003 2.1351594083e-003 -1.1607830821e+000
0 0 0
2 0 76 -3.5300 -2.6700 1 76 -96.0000 -5.3300
1.3940343036e-002 3.6618123836e-003 -1.1615095020e+000
0 0 0
2 0 77 5.6000 -1.6000 1 77 -89.8000 -7.0000
2.4595165339e-002 8.1980713847e-003 -1.1542210273e+000
0 0 0
2 0 78 12.6500 0.8800 1 78 -81.6700 -7.1100
2.5879730168e-002 1.5917518084e-002 -1.1474497414e+000
0 0 0
2 0 79 14.0000 5.5000 1 79 -76.8000 -4.0000
1.6107703311e-002 2.7690713818e-002 -1.1379441534e+000
0 0 0
2 0 80 8.7100 13.2900 1 80 -74.4300 2.2900
-2.3593927943e-002 4.9757943675e-002 -1.1199165785e+000
0 0 0
2 0 81 -15.0000 27.0000 1 81 -78.0000 20.0000
-3.3142883823e-002 4.7170089283e-002 -1.1165728728e+000
0 0 0
3 0 82 -20.5600 25.2500 1 82 -81.2000 20.0000 3 82 -29.2000 133.4400
-5.3219469689e-002 3.2703714310e-002 -1.1017567876e+000
0 0 0
3 0 83 -33.6000 15.6000 1 83 -86.3800 13.3800 3 83 -14.7700 114.4200
-6.5362424915e-002 2.5574166393e-002 -1.0863498594e+000
0 0 0
3 0 84 -41.1300 10.4700 1 84 -87.0000 9.8300 3 84 -6.0000 97.7600
-7.5102252742e-002 2.0097747726e-002 -1.0701672612e+000
0 0 0
3 0 85 -47.1000 7.0000 1 85 -85.6200 5.3800 3 85 1.3600 81.7600
-9.2182731415e-002 2.0596727764e-002 -9.6294200221e-001
0 0 0
4 0 86 -57.5500 5.8500 1 86 -42.2900 -8.5000 2 86 54.0000 -11.0000 3 86 11.0900 3.0900
-9.5024229430e-002 1.5359756524e-002 -9.5183507029e-001
0 0 0
3 0 87 -58.8400 1.4200 1 87 -38.7800 -12.8300 2 87 52.0000 -19.0000
-6.7670407638e-002 -9.5460004402e-002 -1.0564332697e+000
0 0 0
4 0 88 -40.5900 -72.2400 1 88 -105.6000 -71.6000 2 88 131.0000 -16.0000 3 88 -26.3600 15.3600
-5.1436955130e-002 -1.0711169822e-001 -1.0794694596e+000
0 0 0
4 0 89 -30.4000 -77.6000 1 89 -111.4500 -76.3600 2 89 142.5000 -6.0000 3 89 -45.7500 31.9400
-2.1598493941e-002 -1.2321323443e-001 -1.1141456539e+000
0 0 0
4 0 90 -12.8500 -84.2300 1 90 -115.8200 -82.8200 2 90 160.0000 15.0000 3 90 -83.3100 59.9000
-9.6078862692e-003 -1.2941334289e-001 -1.1255930534e+000
0 0 0
4 0 91 -6.0900 -86.6400 1 91 -116.1200 -85.8800 2 91 166.0000 23.0000 3 91 -99.3600 69.6700
3.5452298510e-003 -1.3498363303e-001 -1.1361641535e+000
0 0 0
4 0 92 1.8200 -88.8200 1 92 -116.0000 -88.2900 2 92 170.5000 31.0000 3 92 -117.1500 79.8500
1.2609162689e-002 -1.3896388737e-001 -1.1443344670e+000
0 0 0
4 0 93 6.4000 -90.4000 1 93 -115.8800 -90.1200 2 93 175.0000 39.0000 3 93 -129.8800 86.7700
2.1812846170e-002 -1.4304019192e-001 -1.1513203123e+000
0 0 0
4 0 94 11.3000 -91.7000 1 94 -115.7100 -92.0000 2 94 178.0000 44.2500 3 94 -143.4600 94.1800
2.8705911520e-002 -1.4610124821e-001 -1.1580209149e+000
0 0 0
4 0 95 14.3600 -92.5500 1 95 -116.0000 -93.0000 2 95 181.5000 49.5000 3 95 -154.2400 101.3800
3.3904363047e-002 -1.4858884744e-001 -1.1646235914e+000
0 0 0
4 0 96 17.6400 -93.4500 1 96 -116.4300 -93.7100 2 96 186.3300 55.6700 3 96 -162.0900 107.7700
3.9439412213e-002 -1.5092219832e-001 -1.1723436240e+000
0 0 0
4 0 97 19.8800 -93.8800 1 97 -117.3800 -93.7500 2 97 191.5000 62.5000 3 97 -171.3600 116.0200
4.1565955656e-002 -1.5278452637e-001 -1.1784113909e+000
0 0 0
4 0 98 20.8800 -94.1200 1 98 -119.8300 -93.8300 2 98 196.2000 66.4000 3 98 -176.0900 122.8000
4.0272776276e-002 -1.5427521567e-001 -1.1845003407e+000
0 0 0
4 0 99 19.3300 -94.1100 1 99 -122.0000 -93.5000 2 99 203.0000 69.0000 3 99 -176.4800 129.3900
3.3828695126e-002 -1.5464215710e-001 -1.1904258356e+000
0 0 0
4 0 100 15.3300 -94.1100 1 100 -127.7100 -92.0000 2 100 210.3300 69.6700 3 100 -169.8500 135.9100
2.5835205365e-002 -1.5551991662e-001 -1.1962061022e+000
0 0 0
4 0 101 9.8800 -93.8800 1 101 -133.7100 -90.0000 2 101 219.0000 69.2500 3 101 -161.8100 141.3600
1.7654249678e-002 -1.5397538938e-001 -1.2018033481e+000
0 0 0
4 0 102 5.1700 -92.8300 1 102 -138.4300 -87.7100 2 102 226.0000 70.0000 3 102 -151.2400 148.4300
9.5795733972e-003 -1.5268293959e-001 -1.2068112494e+000
0 0 0
4 0 103 -0.3300 -91.4400 1 103 -144.0000 -84.8800 2 103 232.3300 70.3300 3 103 -141.5100 154.1800
1.5358265900e-003 -1.5101595190e-001 -1.2114509188e+000
0 0 0
4 0 104 -5.2000 -90.0000 1 104 -148.0000 -82.2900 2 104 238.6700 70.6700 3 104 -130.8600 159.8000
-4.5729352992e-003 -1.4894194048e-001 -1.2146088687e+000
0 0 0
4 0 105 -8.8800 -88.5000 1 105 -152.0000 -79.7100 2 105 242.0000 71.0000 3 105 -122.5900 164.0400
-1.0476057917e-002 -1.4679376317e-001 -1.2183195919e+000
0 0 0
4 0 106 -12.1800 -87.1800 1 106 -155.1700 -77.1700 2 106 246.0000 72.0000 3 106 -114.1700 169.1000
-1.3074309904e-002 -1.4474817406e-001 -1.2203592319e+000
0 0 0
4 0 107 -14.0000 -86.0000 1 107 -156.6200 -75.7500 2 107 247.0000 73.2500 3 107 -110.0600 172.6200
-1.5187661713e-002 -1.4311927340e-001 -1.2221155458e+000
0 0 0
4 0 108 -15.2900 -85.0000 1 108 -158.0000 -74.2900 2 108 248.0000 74.2500 3 108 -106.8000 175.4800
-1.6347945157e-002 -1.4267307618e-001 -1.2221917570e+000
0 0 0
4 0 109 -16.0000 -84.8000 1 109 -158.0000 -73.7100 2 109 248.3300 73.6700 3 109 -105.1200 175.8000
-1.5859379071e-002 -1.4332292509e-001 -1.2211689978e+000
0 0 0
4 0 110 -15.5000 -85.5000 1 110 -158.0000 -74.2900 2 110 247.5000 73.0000 3 110 -105.9100 174.2000
-1.4322295580e-002 -1.4417415698e-001 -1.2185967314e+000
0 0 0
4 0 111 -14.2900 -86.0000 1 111 -156.0000 -75.7100 2 111 245.8000 71.6000 3 111 -107.7800 170.5600
-1.3517472762e-002 -1.4467567050e-001 -1.2161946461e+000
0 0 0
4 0 112 -13.8800 -86.1200 1 112 -155.0000 -76.5000 2 112 244.0000 70.0000 3 112 -108.9800 167.1800
-1.2265591297e-002 -1.4529975439e-001 -1.2145603493e+000
0 0 0
4 0 113 -13.1700 -86.8300 1 113 -154.0000 -77.1200 2 113 242.5000 69.0000 3 113 -110.7700 165.0500
-1.0989155175e-002 -1.4537629730e-001 -1.2133772539e+000
0 0 0
4 0 114 -12.2000 -87.0000 1 114 -153.3800 -77.7500 2 114 241.0000 69.0000 3 114 -112.2300 163.5500
-1.0863620056e-002 -1.4525893079e-001 -1.2134178207e+000
0 0 0
4 0 115 -12.0000 -86.8000 1 115 -153.3800 -77.7500 2 115 241.0000 69.2500 3 115 -112.3000 163.5600
-1.1359555323e-002 -1.4538011110e-001 -1.2131096869e+000
0 0 0
4 0 116 -12.2000 -87.0000 1 116 -153.5700 -77.7100 2 116 241.0000 68.7500 3 116 -111.6800 163.0200
-1.1527032060e-002 -1.4600944062e-001 -1.2130691690e+000
0 0 0
4 0 117 -12.3000 -87.3000 1 117 -153.5000 -77.8800 2 117 241.6700 68.3300 3 117 -111.7400 162.5300
-1.1518732998e-002 -1.4599803033e-001 -1.2131155826e+000
0 0 0
4 0 118 -12.3000 -87.3000 1 118 -153.5000 -77.8800 2 118 241.6700 68.3300 3 118 -111.7500 162.6400
