# Bundle file v0.3
4 119
7.3243576656e+002 -6.0805210624e-004 -9.5785925525e-006
9.9995420356e-001 -1.8541693789e-003 -9.3889742880e-003
1.8860506756e-003 9.9999248246e-001 3.3878952207e-003
9.3826219745e-003 -3.4054481484e-003 9.9995018342e-001
-1.0850834792e-002 2.5427075705e-003 3.8730596589e-002
7.8030025152e+002 7.7330259009e-004 1.9624911935e-005
4.7311074591e-001 3.2485642574e-001 8.1892278315e-001
-2.6912950733e-001 9.3839310677e-001 -2.1676643061e-001
-8.3888946256e-001 -1.1784175750e-001 5.3139231252e-001
7.9493447513e-001 -2.5581175022e-001 -5.9509581479e-001
0 0 0
0 0 0
0 0 0
0 0 0
0 0 0
0 0 0
0 0 0
0 0 0
0 0 0
0 0 0
-8.1098271947e-004 -9.6804160149e-002 -1.0915828345e+000
0 0 0
2 0 0 -0.8500 -68.2300 1 0 -87.7500 -73.6200
4.0231210884e-004 -9.8382495937e-002 -1.0922715088e+000
0 0 0
2 0 1 0.0000 -69.2700 1 1 -88.0000 -74.6700
1.6162106073e-003 -1.0298837645e-001 -1.0923425090e+000
0 0 0
2 0 2 0.8500 -72.4600 1 2 -88.6200 -77.7500
7.5807623035e-003 -1.1088747761e-001 -1.0920000251e+000
0 0 0
2 0 3 5.0000 -77.8300 1 3 -88.0000 -83.7100
1.6869654392e-002 -1.1858840729e-001 -1.0917713520e+000
0 0 0
2 0 4 11.5000 -83.7100 1 4 -86.0000 -89.2000
2.3744959831e-002 -1.2586735672e-001 -1.0900912057e+000
0 0 0
2 0 5 16.2900 -88.5000 1 5 -84.3000 -95.3000
3.3059539470e-002 -1.3258263096e-001 -1.0899564266e+000
0 0 0
2 0 6 22.7900 -93.0500 1 6 -82.3000 -100.7000
4.3722649239e-002 -1.3711600691e-001 -1.0876164898e+000
0 0 0
2 0 7 30.2900 -96.5000 1 7 -78.2000 -105.0000
5.9204950444e-002 -1.4017606570e-001 -1.0794330878e+000
0 0 0
2 0 8 41.3900 -99.3900 1 8 -69.2000 -110.0000
7.1846078737e-002 -1.4202951399e-001 -1.0707565922e+000
0 0 0
2 0 9 50.6700 -101.5300 1 9 -60.8000 -114.0000
8.3870889881e-002 -1.4149623140e-001 -1.0582265105e+000
0 0 0
2 0 10 59.8700 -102.5300 1 10 -50.2000 -117.0000
9.3939153727e-002 -1.3770228570e-001 -1.0463263179e+000
0 0 0
2 0 11 67.8200 -100.8200 1 11 -40.0000 -118.0000
9.9405039470e-002 -1.3427536721e-001 -1.0369502010e+000
0 0 0
2 0 12 72.4100 -99.2900 1 12 -32.6700 -118.1100
1.0133242890e-001 -1.3056931111e-001 -1.0264542704e+000
0 0 0
2 0 13 74.5300 -97.4700 1 13 -25.8800 -118.1200
1.0104726060e-001 -1.2587413371e-001 -1.0165214054e+000
0 0 0
2 0 14 75.0000 -95.0000 1 14 -19.8000 -117.0000
9.7541608822e-002 -1.2112870073e-001 -1.0094653173e+000
0 0 0
2 0 15 72.8400 -92.1600 1 15 -16.2000 -115.0000
9.1812026240e-002 -1.1330958187e-001 -1.0016273576e+000
0 0 0
2 0 16 69.0000 -87.0000 1 16 -12.2000 -111.0000
8.4295585003e-002 -1.0625690366e-001 -1.0010602506e+000
0 0 0
2 0 17 63.2900 -81.6200 1 17 -12.8000 -106.0000
7.7099742223e-002 -1.0145814234e-001 -9.9900910707e-001
0 0 0
2 0 18 57.9000 -78.0500 1 18 -13.0000 -102.7100
6.7857632489e-002 -9.7031436254e-002 -9.9338447216e-001
0 0 0
2 0 19 51.0900 -75.0900 1 19 -12.0000 -100.0000
5.7311006752e-002 -9.3962592450e-002 -9.8824351403e-001
0 0 0
2 0 20 43.1700 -73.0000 1 20 -12.0000 -98.0000
4.3106180436e-002 -9.2158559193e-002 -9.8720973793e-001
0 0 0
2 0 21 32.2300 -71.8200 1 21 -15.7000 -95.3000
2.3015027567e-002 -8.8515531247e-002 -9.8463646621e-001
0 0 0
2 0 22 16.7100 -69.0000 1 22 -20.3000 -91.3000
-1.3669776013e-002 -7.3408195956e-002 -9.8163580100e-001
0 0 0
2 0 23 -11.7600 -57.9500 1 23 -27.8600 -76.7100
-2.3599168226e-002 -6.9581313846e-002 -9.8229652233e-001
0 0 0
2 0 24 -19.4800 -54.6200 1 24 -31.0000 -73.0000
-3.4830910563e-002 -6.8953036270e-002 -9.8760201215e-001
0 0 0
2 0 25 -28.0000 -53.8600 1 25 -38.0000 -70.0000
-4.6511609995e-002 -6.9122988013e-002 -9.9594827832e-001
0 0 0
2 0 26 -36.6300 -53.5300 1 26 -47.1900 -66.9000
-5.8747792256e-002 -7.1249561001e-002 -1.0093346968e+000
0 0 0
2 0 27 -45.2500 -54.5000 1 27 -60.0000 -64.0000
-7.5859621840e-002 -7.5442074480e-002 -1.0335294038e+000
0 0 0
2 0 28 -56.5600 -56.3900 1 28 -81.4100 -59.7600
-8.3753967888e-002 -7.7094253748e-002 -1.0436498042e+000
0 0 0
2 0 29 -61.6700 -57.0000 1 29 -90.6900 -57.8800
-8.9470830369e-002 -7.8045904915e-002 -1.0553209674e+000
0 0 0
2 0 30 -65.0000 -57.0000 1 30 -99.7500 -55.5600
-9.5862288766e-002 -8.0777222195e-002 -1.0724656313e+000
0 0 0
2 0 31 -68.3300 -58.0000 1 31 -112.4700 -53.3300
-9.8954970608e-002 -8.9519696810e-002 -1.1003606872e+000
0 0 0
2 0 32 -68.4700 -62.6700 1 32 -130.7900 -53.6400
-9.5835695481e-002 -9.5988738348e-002 -1.1116638186e+000
0 0 0
2 0 33 -65.5300 -66.6700 1 33 -136.8500 -56.2300
-9.1324648044e-002 -1.0308231621e-001 -1.1210257071e+000
0 0 0
2 0 34 -61.8600 -70.7100 1 34 -141.4600 -60.1500
-8.3445394791e-002 -1.1110393425e-001 -1.1276898244e+000
0 0 0
2 0 35 -56.1500 -75.4600 1 35 -143.3800 -65.6200
-7.6284271792e-002 -1.1707667451e-001 -1.1306988619e+000
0 0 0
2 0 36 -51.1700 -79.2800 1 36 -143.2000 -70.0000
-6.9236347791e-002 -1.2320365720e-001 -1.1355239495e+000
0 0 0
2 0 37 -46.2000 -83.1300 1 37 -144.0000 -74.0000
-6.0517174896e-002 -1.2996374829e-001 -1.1409042416e+000
0 0 0
2 0 38 -40.1400 -87.2900 1 38 -144.5000 -78.5000
-5.1216800997e-002 -1.3537224569e-001 -1.1455342003e+000
0 0 0
2 0 39 -33.7700 -90.8500 1 39 -144.0000 -82.0000
-4.2162863152e-002 -1.4023896078e-001 -1.1481480181e+000
0 0 0
2 0 40 -27.7100 -93.5000 1 40 -142.6400 -86.0900
-2.9891701259e-002 -1.4474426900e-001 -1.1511201022e+000
0 0 0
2 0 41 -19.5400 -96.0800 1 41 -140.0000 -90.0000
-1.8723059001e-002 -1.4691930638e-001 -1.1528171758e+000
0 0 0
2 0 42 -12.1500 -97.4600 1 42 -136.6700 -92.2500
-3.5625147321e-003 -1.4943867959e-001 -1.1538226279e+000
0 0 0
2 0 43 -2.1700 -99.0000 1 43 -131.5500 -95.3600
9.7973986100e-003 -1.5079748857e-001 -1.1507536046e+000
0 0 0
2 0 44 6.6200 -100.3800 1 44 -125.0000 -98.0000
2.1187064323e-002 -1.5206134107e-001 -1.1480555495e+000
0 0 0
2 0 45 14.1400 -101.2900 1 45 -119.5500 -100.6400
3.3778705905e-002 -1.5228119765e-001 -1.1454816981e+000
0 0 0
2 0 46 22.5000 -101.7100 1 46 -113.5000 -102.5000
4.4252391857e-002 -1.5101405979e-001 -1.1376337721e+000
0 0 0
2 0 47 29.6000 -101.6000 1 47 -105.5000 -104.2000
5.6123088271e-002 -1.4928142795e-001 -1.1307994522e+000
0 0 0
2 0 48 37.7100 -101.0000 1 48 -97.4500 -105.6400
6.5726871646e-002 -1.4748801068e-001 -1.1237451822e+000
0 0 0
2 0 49 44.4000 -100.4000 1 49 -90.1800 -106.8200
7.4073153325e-002 -1.4420865961e-001 -1.1148518962e+000
0 0 0
2 0 50 50.4000 -99.0700 1 50 -82.1800 -107.1800
8.1321199779e-002 -1.4058627992e-001 -1.1088713207e+000
0 0 0
2 0 51 55.6000 -96.9300 1 51 -76.0000 -107.0000
8.4697931612e-002 -1.3548552315e-001 -1.0987504895e+000
0 0 0
2 0 52 58.4000 -94.4000 1 52 -68.8000 -106.0000
8.5949339210e-002 -1.3011080621e-001 -1.0916369671e+000
0 0 0
2 0 53 59.6200 -91.4400 1 53 -63.7100 -104.0000
8.3515648877e-002 -1.2392658895e-001 -1.0837041425e+000
0 0 0
2 0 54 58.2900 -87.5000 1 54 -59.3800 -101.7500
7.7078752872e-002 -1.1871459126e-001 -1.0756303217e+000
0 0 0
2 0 55 54.1300 -84.5300 1 55 -56.4400 -99.3300
7.0292653593e-002 -1.1365229432e-001 -1.0690297503e+000
0 0 0
2 0 56 49.6000 -81.6000 1 56 -54.3300 -96.5600
6.1965879045e-002 -1.0893477831e-001 -1.0630859676e+000
0 0 0
2 0 57 43.8700 -78.5300 1 57 -53.2000 -94.0000
5.2481530317e-002 -1.0581091105e-001 -1.0602303948e+000
0 0 0
2 0 58 37.1700 -76.7200 1 58 -54.3000 -91.3000
3.7736020254e-002 -1.0273011587e-001 -1.0586491992e+000
0 0 0
2 0 59 26.6100 -74.6100 1 59 -58.0000 -88.0000
2.0189037408e-002 -1.0018609548e-001 -1.0558344426e+000
0 0 0
2 0 60 14.0000 -72.7300 1 60 -62.3300 -85.1100
4.8979588884e-003 -9.7836522055e-002 -1.0589470811e+000
0 0 0
2 0 61 3.0000 -71.0000 1 61 -69.0000 -81.0000
-1.3098427039e-002 -9.4636107895e-002 -1.0623227983e+000
0 0 0
2 0 62 -9.8700 -68.5300 1 62 -76.8000 -76.0000
-3.8582441327e-002 -8.7406226874e-002 -1.0736642942e+000
0 0 0
2 0 63 -27.7300 -62.6700 1 63 -91.0000 -65.8300
-4.6211941666e-002 -8.2483391685e-002 -1.0822336426e+000
0 0 0
2 0 64 -32.7900 -58.9500 1 64 -97.3300 -59.7500
-5.1164820028e-002 -7.4247209041e-002 -1.0953330565e+000
0 0 0
2 0 65 -35.7300 -52.6700 1 65 -104.1800 -51.1800
-5.3987524143e-002 -6.4951413756e-002 -1.1071080376e+000
0 0 0
2 0 66 -37.2000 -45.8000 1 66 -109.2000 -42.6000
-5.3925888339e-002 -5.3366635067e-002 -1.1187258784e+000
0 0 0
2 0 67 -36.7100 -37.2900 1 67 -112.4400 -33.3300
-5.2888942913e-002 -4.3292794970e-002 -1.1272190168e+000
0 0 0
2 0 68 -35.7700 -29.1500 1 68 -114.2500 -26.6700
-5.0940821016e-002 -3.2604080598e-002 -1.1338196031e+000
0 0 0
2 0 69 -34.1300 -23.0000 1 69 -114.0000 -18.0000
-4.8585901878e-002 -2.4674153243e-002 -1.1384779610e+000
0 0 0
2 0 70 -32.4000 -17.6000 1 70 -113.5600 -12.6700
-4.6166065280e-002 -1.5211959897e-002 -1.1410630170e+000
0 0 0
2 0 71 -30.7100 -11.2900 1 71 -111.7000 -6.7000
-4.2503821446e-002 -6.6046051979e-003 -1.1440568944e+000
0 0 0
2 0 72 -28.2300 -5.1500 1 72 -109.8800 -1.8800
-3.8771139558e-002 -8.1576939602e-004 -1.1453277573e+000
0 0 0
2 0 73 -25.7100 -1.5000 1 73 -107.6700 1.4400
-3.0957355827e-002 -2.6635485727e-004 -1.1474693218e+000
0 0 0
2 0 74 -20.4700 -1.3300 1 74 -105.5000 0.8800
-1.9924905531e-002 -2.2330218023e-003 -1.1472832196e+000
0 0 0
2 0 75 -13.2100 -2.3600 1 75 -101.6700 -2.5600
-5.2758033238e-003 -2.6285324149e-003 -1.1468942613e+000
0 0 0
2 0 76 -3.5300 -2.6700 1 76 -96.0000 -5.3300
8.5478049295e-003 -1.0934886362e-003 -1.1453697623e+000
0 0 0
2 0 77 5.6000 -1.6000 1 77 -89.8000 -7.0000
1.9120375393e-002 2.9256704629e-003 -1.1385180507e+000
0 0 0
2 0 78 12.6500 0.8800 1 78 -81.6700 -7.1100
2.1101825892e-002 9.8504507563e-003 -1.1331142845e+000
0 0 0
2 0 79 14.0000 5.5000 1 79 -76.8000 -4.0000
1.3293706975e-002 2.0463997487e-002 -1.1269530505e+000
0 0 0
2 0 80 8.7100 13.2900 1 80 -74.4300 2.2900
-2.1640078824e-002 4.0709304187e-002 -1.1177281185e+000
0 0 0
2 0 81 -15.0000 27.0000 1 81 -78.0000 20.0000
-2.9822821791e-002 3.8219426414e-002 -1.1169812527e+000
0 0 0
2 0 82 -20.5600 25.2500 1 82 -81.2000 20.0000
-4.8527996758e-002 2.3986063307e-002 -1.1070070464e+000
0 0 0
2 0 83 -33.6000 15.6000 1 83 -86.3800 13.3800
-5.8963470672e-002 1.6890953878e-002 -1.0974767556e+000
0 0 0
2 0 84 -41.1300 10.4700 1 84 -87.0000 9.8300
-6.6710556166e-002 1.1031412932e-002 -1.0862115267e+000
0 0 0
2 0 85 -47.1000 7.0000 1 85 -85.6200 5.3800
-7.4193540035e-002 8.1806699007e-003 -1.0014496563e+000
0 0 0
2 0 86 -57.5500 5.8500 1 86 -42.2900 -8.5000
-7.5191206289e-002 2.9636280761e-003 -9.9283533749e-001
0 0 0
2 0 87 -58.8400 1.4200 1 87 -38.7800 -12.8300
-5.7227986533e-002 -1.0171217923e-001 -1.0805775904e+000
0 0 0
2 0 88 -40.5900 -72.2400 1 88 -105.6000 -71.6000
-4.3642344104e-002 -1.1116237900e-001 -1.0982655041e+000
0 0 0
2 0 89 -30.4000 -77.6000 1 89 -111.4500 -76.3600
-1.8903107559e-002 -1.2313551565e-001 -1.1213077205e+000
0 0 0
2 0 90 -12.8500 -84.2300 1 90 -115.8200 -82.8200
-9.0230011801e-003 -1.2768331455e-001 -1.1277206653e+000
0 0 0
2 0 91 -6.0900 -86.6400 1 91 -116.1200 -85.8800
2.6677030542e-003 -1.3165525058e-001 -1.1351272433e+000
0 0 0
2 0 92 1.8200 -88.8200 1 92 -116.0000 -88.2900
9.5119074297e-003 -1.3449711914e-001 -1.1390946710e+000
0 0 0
2 0 93 6.4000 -90.4000 1 93 -115.8800 -90.1200
1.6899716597e-002 -1.3720664616e-001 -1.1433884001e+000
0 0 0
2 0 94 11.3000 -91.7000 1 94 -115.7100 -92.0000
2.1546093271e-002 -1.3897597052e-001 -1.1469117468e+000
0 0 0
2 0 95 14.3600 -92.5500 1 95 -116.0000 -93.0000
2.6554969835e-002 -1.4067981837e-001 -1.1511256196e+000
0 0 0
2 0 96 17.6400 -93.4500 1 96 -116.4300 -93.7100
3.0020623473e-002 -1.4166704330e-001 -1.1555384153e+000
0 0 0
2 0 97 19.8800 -93.8800 1 97 -117.3800 -93.7500
3.1662965607e-002 -1.4298925735e-001 -1.1613847611e+000
0 0 0
2 0 98 20.8800 -94.1200 1 98 -119.8300 -93.8300
2.9336834963e-002 -1.4342720382e-001 -1.1638465239e+000
0 0 0
2 0 99 19.3300 -94.1100 1 99 -122.0000 -93.5000
2.3270382577e-002 -1.4416939720e-001 -1.1706789523e+000
0 0 0
2 0 100 15.3300 -94.1100 1 100 -127.7100 -92.0000
1.4867932348e-002 -1.4431279924e-001 -1.1764351203e+000
0 0 0
2 0 101 9.8800 -93.8800 1 101 -133.7100 -90.0000
7.5474423301e-003 -1.4320365270e-001 -1.1808335285e+000
0 0 0
2 0 102 5.1700 -92.8300 1 102 -138.4300 -87.7100
-1.0724152247e-003 -1.4168296010e-001 -1.1860526227e+000
0 0 0
2 0 103 -0.3300 -91.4400 1 103 -144.0000 -84.8800
-8.7418664149e-003 -1.3974460730e-001 -1.1888625821e+000
0 0 0
2 0 104 -5.2000 -90.0000 1 104 -148.0000 -82.2900
-1.4607598207e-002 -1.3790305800e-001 -1.1931551635e+000
0 0 0
2 0 105 -8.8800 -88.5000 1 105 -152.0000 -79.7100
-1.9897293527e-002 -1.3594126439e-001 -1.1962713438e+000
0 0 0
2 0 106 -12.1800 -87.1800 1 106 -155.1700 -77.1700
-2.2796993810e-002 -1.3439191584e-001 -1.1974942366e+000
0 0 0
2 0 107 -14.0000 -86.0000 1 107 -156.6200 -75.7500
-2.4890728885e-002 -1.3298094070e-001 -1.1992759874e+000
0 0 0
2 0 108 -15.2900 -85.0000 1 108 -158.0000 -74.2900
-2.6007827593e-002 -1.3233814503e-001 -1.1986523264e+000
0 0 0
2 0 109 -16.0000 -84.8000 1 109 -158.0000 -73.7100
-2.5232604982e-002 -1.3333031123e-001 -1.1989066881e+000
0 0 0
2 0 110 -15.5000 -85.5000 1 110 -158.0000 -74.2900
-2.3216939215e-002 -1.3409520654e-001 -1.1959617129e+000
0 0 0
2 0 111 -14.2900 -86.0000 1 111 -156.0000 -75.7100
-2.2503871393e-002 -1.3441388168e-001 -1.1942071908e+000
0 0 0
2 0 112 -13.8800 -86.1200 1 112 -155.0000 -76.5000
-2.1361811440e-002 -1.3508467691e-001 -1.1928380348e+000
0 0 0
2 0 113 -13.1700 -86.8300 1 113 -154.0000 -77.1200
-1.9818359751e-002 -1.3553378448e-001 -1.1926113523e+000
0 0 0
2 0 114 -12.2000 -87.0000 1 114 -153.3800 -77.7500
-1.9503334398e-002 -1.3540752283e-001 -1.1929114639e+000
0 0 0
2 0 115 -12.0000 -86.8000 1 115 -153.3800 -77.7500
-1.9828245511e-002 -1.3557778977e-001 -1.1929886711e+000
0 0 0
2 0 116 -12.2000 -87.0000 1 116 -153.5700 -77.7100
-1.9981557032e-002 -1.3588394010e-001 -1.1925854373e+000
0 0 0
2 0 117 -12.3000 -87.3000 1 117 -153.5000 -77.8800
-1.9981557032e-002 -1.3588394010e-001 -1.1925854373e+000
0 0 0
2 0 118 -12.3000 -87.3000 1 118 -153.5000 -77.8800
