# Bundle file v0.3
4 83
6.4175042507e+002 -5.5612726815e-002 -7.9066483936e-003
6.6037601848e-001 -3.0290247663e-001 -6.8713434194e-001
3.6896010363e-001 9.2785052355e-001 -5.4422861768e-002
6.5404277853e-001 -2.1758560524e-001 7.2448916365e-001
-3.6379297239e-001 -5.2026534023e-002 -1.7385266193e-001
5.9012748722e+002 -1.0222133219e-001 -1.0386776386e-002
9.9754861648e-001 6.5747129364e-002 2.3959815056e-002
-6.8344510569e-002 9.8891237180e-001 1.3183834335e-001
-1.5026164919e-002 -1.3315267884e-001 9.9098162369e-001
2.9216821167e-002 6.1256622839e-002 2.8613941608e-002
5.4283696120e+002 -2.0352531833e-002 -9.2009229455e-004
-9.9414625619e-001 -5.6807333988e-002 -9.1902927627e-002
4.3366273159e-002 5.6928440302e-001 -8.2099612352e-001
9.8957504282e-002 -8.2017571001e-001 -5.6348843560e-001
4.5821303993e-002 -4.5700204533e-001 -7.8553415688e-001
5.4264273357e+002 -7.4847170513e-002 -7.3276949393e-003
-7.3734267969e-001 3.1149608359e-001 5.9941301506e-001
-3.1208295139e-001 6.2988755483e-001 -7.1122844412e-001
-5.9910767327e-001 -7.1148566970e-001 -3.6723036046e-001
3.4342519489e-001 -3.3804329423e-001 -6.0599376324e-001
8.8052076152e-002 -9.1554012014e-002 -6.1735407732e-001
0 0 0
4 1 0 98.0000 -119.7500 2 0 30.9300 3.9300 0 0 172.4300 -83.7100 3 0 -175.1400 22.0900
7.8334998301e-002 -8.8673980478e-002 -5.9388098351e-001
0 0 0
4 1 1 93.3800 -117.6200 2 1 40.3300 -24.6200 0 1 145.9300 -87.0700 3 1 -143.2400 6.0800
7.6863743928e-002 -8.4605164979e-002 -5.7667320546e-001
0 0 0
4 1 2 95.4700 -113.8700 2 2 38.6000 -40.7500 0 2 132.4700 -86.4300 3 2 -122.0000 -7.0000
7.7885423238e-002 -8.3200374131e-002 -5.6322885158e-001
0 0 0
4 1 3 99.3800 -113.6200 2 3 34.3200 -53.8400 0 3 124.0000 -87.0000 3 3 -108.9100 -19.3200
8.1208693884e-002 -8.0956411228e-002 -5.5307400499e-001
0 0 0
4 1 4 105.2100 -111.6400 2 4 27.7900 -61.9500 0 4 120.0000 -85.2600 3 4 -100.5000 -28.7800
8.2446823372e-002 -7.9307990709e-002 -5.4944823777e-001
0 0 0
4 1 5 107.6800 -110.1600 2 5 25.5500 -64.1500 0 5 118.0900 -83.3100 3 5 -97.2100 -31.2100
8.3219014022e-002 -7.9559809204e-002 -5.5012871004e-001
0 0 0
4 1 6 108.2900 -110.5000 2 6 24.6700 -63.5300 0 6 119.3800 -83.0900 3 6 -98.7100 -31.2900
8.4183648820e-002 -7.9675233626e-002 -5.5322365983e-001
0 0 0
4 1 7 108.3800 -110.6200 2 7 23.7100 -60.5000 0 7 123.0000 -82.2600 3 7 -102.0000 -28.7300
8.5226794806e-002 -8.1863400815e-002 -5.6341198162e-001
0 0 0
4 1 8 107.2500 -112.3300 2 8 24.4000 -51.6000 0 8 131.9100 -82.7600 3 8 -113.7000 -21.6000
8.2287542543e-002 -9.0056977622e-002 -5.9638712189e-001
0 0 0
4 1 9 96.0000 -119.0000 2 9 35.1700 -22.8300 0 9 154.0000 -87.0000 3 9 -148.6700 5.6700
7.7039995741e-002 -8.5483614468e-002 -6.0291214294e-001
0 0 0
4 1 10 90.2900 -113.5000 2 10 43.6600 -10.9400 0 10 149.6200 -82.1900 3 10 -148.4500 18.5800
7.7504006544e-002 -8.4680282850e-002 -6.0276990118e-001
0 0 0
4 1 11 91.0400 -112.6000 2 11 42.8700 -10.5700 0 11 149.8100 -81.3100 3 11 -148.0000 19.1700
8.0237743303e-002 -8.5194122880e-002 -6.0354122421e-001
0 0 0
4 1 12 93.1700 -113.1700 2 12 38.8200 -9.8200 0 12 153.6200 -81.0600 3 12 -151.0000 18.1700
7.8920895612e-002 -8.4667981340e-002 -6.0358823028e-001
0 0 0
4 1 13 92.2100 -112.8400 2 13 40.7800 -9.3000 0 13 151.4300 -80.6400 3 13 -150.0000 19.2600
8.9808325314e-002 -5.9776145399e-002 -6.5194805097e-001
0 0 0
4 1 15 96.1200 -86.7800 2 15 29.3700 72.4900 0 15 178.6700 -43.8400 3 15 -187.8200 85.8000
9.2853200485e-002 -8.0122900787e-002 -6.3217151542e-001
0 0 0
4 1 20 101.1000 -106.8100 2 20 25.0000 30.8500 0 20 180.3100 -66.4300 3 20 -186.2700 46.4700
9.2287322256e-002 -8.0322907471e-002 -6.2304750200e-001
0 0 0
4 1 21 102.4300 -107.5300 2 21 24.0000 20.0000 0 21 174.1400 -68.8600 3 21 -176.5200 36.2600
9.1461141698e-002 -8.1029790628e-002 -6.1495363069e-001
0 0 0
4 1 22 102.8100 -108.1200 2 22 24.0000 8.2500 0 22 169.9900 -71.1100 3 22 -168.1500 28.2200
8.3148924479e-002 -7.9537979854e-002 -6.0579109415e-001
0 0 0
4 1 23 95.5900 -107.5300 2 23 33.7700 -1.4500 0 23 155.2300 -73.3500 3 23 -151.3500 23.4700
7.4326981414e-002 -7.7285901281e-002 -5.9222784157e-001
0 0 0
4 1 24 90.0000 -105.0000 2 24 43.8000 -16.9600 0 24 136.4400 -75.8400 3 24 -130.3600 16.3000
6.7451357537e-002 -7.3649959326e-002 -5.7460935366e-001
0 0 0
4 1 25 85.5200 -101.6100 2 25 49.1000 -32.6900 0 25 118.7900 -77.4900 3 25 -103.5200 3.9000
6.2358584365e-002 -6.9448178662e-002 -5.5397875034e-001
0 0 0
4 1 26 84.3200 -97.5500 2 26 51.2600 -50.9100 0 26 97.9100 -77.9100 3 26 -77.4700 -10.5800
6.4966245626e-002 -6.3992913335e-002 -5.3717070855e-001
0 0 0
4 1 27 91.1700 -91.1500 2 27 43.8100 -63.8600 0 27 85.9800 -73.9100 3 27 -62.2000 -21.9600
7.0109031699e-002 -5.7851872512e-002 -5.2490782978e-001
0 0 0
4 1 28 100.1200 -84.7700 2 28 34.4100 -70.0000 0 28 78.2800 -66.0900 3 28 -53.8500 -30.0000
7.6757125451e-002 -4.9739355426e-002 -5.1588070663e-001
0 0 0
4 1 29 111.0000 -75.2600 2 29 24.0800 -71.1500 0 29 73.8800 -55.0000 3 29 -48.6100 -33.4600
8.2654742264e-002 -4.0723746866e-002 -5.0949269503e-001
0 0 0
4 1 30 120.2500 -64.6400 2 30 15.0000 -69.2700 0 30 71.0000 -42.1400 3 30 -43.8500 -33.3200
9.1741791474e-002 -3.0617566465e-002 -5.0515606134e-001
0 0 0
4 1 31 133.7000 -51.5600 2 31 2.8400 -64.1900 0 31 71.9600 -27.2600 3 31 -43.4700 -31.7600
9.9034119058e-002 -1.9235552131e-002 -5.0324081063e-001
0 0 0
4 1 32 143.7000 -37.5600 2 32 -5.5400 -57.6900 0 32 72.8100 -8.7700 3 32 -43.7400 -27.0000
1.0524529216e-001 -9.4132563810e-003 -5.0248130488e-001
0 0 0
4 1 33 151.7600 -26.2400 2 33 -14.2700 -50.2700 0 33 73.7200 6.3800 3 33 -43.3100 -21.9100
1.1155696673e-001 -1.7581480565e-003 -5.0115183521e-001
0 0 0
4 1 34 159.5900 -17.8700 2 34 -21.2600 -46.2900 0 34 75.5300 20.8200 3 34 -44.5600 -19.6600
1.1530635890e-001 -4.6163148336e-004 -4.9812336626e-001
0 0 0
4 1 35 165.5300 -16.0500 2 35 -25.3100 -48.0900 0 35 76.4900 24.4000 3 35 -44.7300 -22.0900
1.1613063413e-001 -5.1580520027e-003 -4.9314532327e-001
0 0 0
4 1 36 168.4100 -21.8700 2 36 -26.3400 -54.9400 0 36 75.4100 18.7700 3 36 -43.2600 -30.0000
1.1338404630e-001 -1.2795320663e-002 -4.8748867193e-001
0 0 0
4 1 37 167.1200 -30.1800 2 37 -23.5700 -66.1400 0 37 71.1800 6.5300 3 37 -40.7300 -38.4200
1.0848246198e-001 -2.1534340586e-002 -4.8352612557e-001
0 0 0
4 1 38 161.4400 -41.4400 2 38 -18.4000 -75.5100 0 38 66.7600 -7.0800 3 38 -37.3100 -47.7100
1.0203958519e-001 -2.9519455122e-002 -4.8012343187e-001
0 0 0
4 1 39 155.0500 -50.1700 2 39 -10.7800 -85.1700 0 39 60.7300 -22.4700 3 39 -33.3100 -53.9100
9.4185640597e-002 -3.7677351394e-002 -4.7784552413e-001
0 0 0
4 1 40 145.4400 -60.2800 2 40 -1.5500 -93.7900 0 40 54.2700 -37.4100 3 40 -28.6900 -60.0900
8.6394431944e-002 -4.4641291422e-002 -4.7764219525e-001
0 0 0
4 1 41 135.0400 -68.8800 2 41 7.6200 -99.6200 0 41 49.3300 -50.5900 3 41 -24.6900 -63.9100
7.6777072344e-002 -5.0549064288e-002 -4.8076818545e-001
0 0 0
4 1 42 121.2100 -76.0200 2 42 19.6700 -101.9800 0 42 45.0000 -62.1400 3 42 -21.3100 -63.9100
6.4781076100e-002 -5.2601936794e-002 -4.8696397781e-001
0 0 0
4 1 43 102.1400 -77.6800 2 43 33.7100 -99.0700 0 43 40.0000 -68.0000 3 43 -16.3900 -57.6800
5.2216473055e-002 -5.1246480018e-002 -4.9623087615e-001
0 0 0
4 1 44 85.2400 -75.2400 2 44 50.5600 -90.0200 0 44 35.6100 -69.9600 3 44 -11.0000 -44.0000
4.1891396279e-002 -4.8046744112e-002 -5.0788929307e-001
0 0 0
4 1 45 69.2700 -70.2700 2 45 62.9300 -78.5900 0 45 35.0600 -68.2800 3 45 -8.9800 -26.0900
3.4919155405e-002 -4.2963126707e-002 -5.1817811628e-001
0 0 0
4 1 46 59.9800 -63.9100 2 46 73.1300 -64.3800 0 46 35.2500 -62.9200 3 46 -8.1700 -10.5000
4.3061146118e-002 -4.0229976395e-002 -5.6807013921e-001
0 0 0
4 1 51 62.4100 -63.5100 2 51 72.6700 -14.7400 0 51 77.6300 -49.4000 3 51 -57.0600 37.7500
5.0087255047e-002 -5.1962293852e-002 -5.6775054793e-001
0 0 0
4 1 52 69.1600 -75.8100 2 52 66.7400 -23.4000 0 52 88.8300 -60.1700 3 52 -69.7800 23.4500
5.2053656543e-002 -6.1705459302e-002 -5.6309503324e-001
0 0 0
4 1 53 71.7600 -87.4100 2 53 64.7400 -36.6000 0 53 91.1700 -71.3600 3 53 -72.5700 10.7400
4.9500723719e-002 -6.7291006577e-002 -5.5765150940e-001
0 0 0
4 1 54 69.1700 -94.0300 2 54 67.6500 -46.0700 0 54 86.9200 -79.7800 3 54 -68.3100 1.0500
4.3839832991e-002 -6.8946680866e-002 -5.5472200248e-001
0 0 0
4 1 55 63.2200 -95.6900 2 55 75.3300 -51.2600 0 55 80.6400 -83.3400 3 55 -61.4300 -0.9300
3.6985714810e-002 -6.6396956725e-002 -5.5374778401e-001
0 0 0
4 1 56 55.0500 -91.9200 2 56 82.6700 -50.6500 0 56 73.4300 -83.3500 3 56 -52.2300 3.7000
3.0814958448e-002 -6.0992445519e-002 -5.5632771414e-001
0 0 0
4 1 57 48.9200 -85.8200 2 57 90.0200 -43.9100 0 57 67.5200 -78.8700 3 57 -45.3800 14.5800
2.4117783797e-002 -4.1050056278e-002 -5.8539462357e-001
0 0 0
4 1 60 39.2400 -62.6500 2 60 101.0700 2.2600 0 60 75.0000 -55.0700 3 60 -54.5700 63.9600
2.5848452526e-002 -3.7699375747e-002 -5.9702560068e-001
0 0 0
4 1 61 40.5300 -59.4700 2 61 100.5600 16.2600 0 61 82.0500 -49.7300 3 61 -65.7100 79.4000
3.1001892838e-002 -3.7596209404e-002 -6.0746249839e-001
0 0 0
4 1 62 44.7300 -59.9100 2 62 96.6800 28.4900 0 62 92.8400 -46.5100 3 62 -80.4000 87.6000
3.7770438929e-002 -4.1254677354e-002 -6.1435359339e-001
0 0 0
4 1 63 51.5800 -65.0000 2 63 90.8900 34.5500 0 63 103.7100 -46.8600 3 63 -95.2200 88.5400
4.5452393691e-002 -4.8634121316e-002 -6.1890102993e-001
0 0 0
4 1 64 58.0000 -73.0000 2 64 83.1800 35.4000 0 64 117.0000 -51.9300 3 64 -110.2400 83.6300
5.3767047987e-002 -6.2691910424e-002 -6.2392937701e-001
0 0 0
4 1 65 64.6900 -87.1200 2 65 77.2900 31.6400 0 65 135.7800 -63.3000 3 65 -130.5400 73.2300
5.6770167754e-002 -7.5338104716e-002 -6.2562224395e-001
0 0 0
4 1 66 66.5600 -99.6600 2 66 76.1600 23.7600 0 66 144.6400 -76.1000 3 66 -144.0900 63.8100
4.9052732258e-002 -9.4027276471e-002 -6.2504338951e-001
0 0 0
4 1 68 57.3100 -120.0900 2 68 92.0600 7.6900 0 68 139.9500 -96.2600 3 68 -154.1200 50.5500
4.1840376523e-002 -9.6191198528e-002 -6.2138727898e-001
0 0 0
4 1 69 50.9400 -121.3900 2 69 102.8400 0.0400 0 69 131.7100 -101.4600 3 69 -145.9400 48.7900
3.6368352497e-002 -9.0689403534e-002 -6.1680370029e-001
0 0 0
4 1 70 45.9100 -115.2700 2 70 107.7500 -1.0900 0 70 123.0900 -98.6100 3 70 -130.9000 51.4400
5.4064213592e-002 -6.5979894660e-002 -5.9802773560e-001
0 0 0
4 1 74 68.1900 -91.3100 2 74 70.5700 -2.4100 0 74 119.0500 -70.2000 3 74 -109.0700 42.8300
6.4519365631e-002 -6.7836832764e-002 -5.8547157415e-001
0 0 0
4 1 75 80.8000 -94.3300 2 75 54.5400 -16.1900 0 75 120.0500 -69.7400 3 75 -108.4800 20.9700
7.3900465771e-002 -6.8727572064e-002 -5.6937671503e-001
0 0 0
4 1 76 94.3900 -96.7600 2 76 38.4300 -35.0000 0 76 118.2300 -70.3500 3 76 -102.1800 1.4000
8.1401589130e-002 -6.7128489735e-002 -5.5108899498e-001
0 0 0
4 1 77 107.5900 -95.8700 2 77 26.3000 -50.7700 0 77 112.9200 -69.0200 3 77 -90.4100 -19.1400
8.6517306904e-002 -6.3069937161e-002 -5.3690483687e-001
0 0 0
4 1 78 116.1900 -92.1400 2 78 16.3700 -61.8300 0 78 106.2300 -64.0600 3 78 -80.0800 -30.0900
9.0590187416e-002 -5.5162352955e-002 -5.2650400718e-001
0 0 0
4 1 79 124.6900 -82.0900 2 79 9.4100 -65.3600 0 79 99.3800 -55.1100 3 79 -70.6700 -33.5700
9.0752005036e-002 -4.3541889323e-002 -5.2189356932e-001
0 0 0
4 1 80 126.6000 -69.3600 2 80 7.0500 -60.1700 0 80 90.3900 -40.5300 3 80 -61.0600 -27.3000
8.9021982367e-002 -3.5944997810e-002 -5.2439322722e-001
0 0 0
4 1 81 123.7900 -59.2300 2 81 9.3700 -51.1700 0 81 87.1200 -31.4300 3 81 -58.8600 -20.0800
8.6473275094e-002 -3.5356946808e-002 -5.2923257742e-001
0 0 0
4 1 82 120.0500 -58.8200 2 82 12.5800 -47.1000 0 82 87.7700 -31.6600 3 82 -60.1700 -13.0300
8.6135929424e-002 -3.8419210011e-002 -5.2996076790e-001
0 0 0
4 1 83 119.0000 -62.3300 2 83 13.5400 -48.7700 0 83 89.5700 -35.1800 3 83 -62.0000 -15.2000
8.5027921686e-002 -4.1222621047e-002 -5.3436178993e-001
0 0 0
4 1 84 116.7000 -65.7000 2 84 15.7700 -46.8500 0 84 92.8800 -38.7200 3 84 -66.0000 -13.0000
8.2414632926e-002 -4.6611211118e-002 -5.4325389477e-001
0 0 0
4 1 85 111.0000 -72.0000 2 85 20.8200 -42.1800 0 85 99.6300 -45.1500 3 85 -73.4200 -9.0000
8.0279630403e-002 -5.6703797046e-002 -5.6497661974e-001
0 0 0
4 1 86 102.3300 -84.3300 2 86 27.2500 -29.6700 0 86 115.9100 -53.8300 3 86 -96.9400 4.5900
8.2757352871e-002 -6.4079961100e-002 -5.8799523443e-001
0 0 0
4 1 87 100.0000 -91.7100 2 87 29.3300 -9.0000 0 87 138.3200 -59.0000 3 87 -122.5700 18.4300
3.0249189170e-002 -3.6434491047e-002 -5.2913896783e-001
0 0 0
3 1 47 53.0000 -55.8500 2 47 79.3100 -49.8100 3 47 -9.9400 7.6000
2.8669142445e-002 -3.0683143184e-002 -5.4033067762e-001
0 0 0
3 1 48 50.3500 -49.5400 2 48 82.2100 -36.1600 3 48 -15.0600 24.8800
3.0969215681e-002 -2.7838868062e-002 -5.5174944087e-001
0 0 0
3 1 49 51.5800 -47.2700 2 49 81.3600 -22.0000 3 49 -25.1600 36.4400
3.5985367598e-002 -3.1947380649e-002 -5.6229431119e-001
0 0 0
3 1 50 56.0000 -52.8900 2 50 78.7000 -14.7700 3 50 -40.7600 41.6900
2.6984792765e-002 -5.4146348568e-002 -5.6283531119e-001
0 0 0
3 1 58 44.0000 -77.0000 2 58 95.1100 -31.2400 3 58 -44.1500 28.0000
2.4504365123e-002 -4.7047010260e-002 -5.7331671273e-001
0 0 0
3 1 59 40.4400 -68.6800 2 59 98.6700 -16.4300 3 59 -47.8000 47.3000
5.4193029806e-002 -8.6704739390e-002 -6.2609782665e-001
0 0 0
3 1 67 63.3100 -111.9100 2 67 82.8500 15.0800 3 67 -153.5700 55.6900
3.5220478967e-002 -8.2563908465e-002 -6.1388242107e-001
0 0 0
3 1 71 45.6200 -106.8400 2 71 106.0000 2.2500 3 71 -120.2100 55.8600
3.7656794226e-002 -7.3091806545e-002 -6.1084837097e-001
0 0 0
3 1 72 49.1000 -97.4800 2 72 98.7100 6.5100 3 72 -112.4100 59.2100
4.3339008735e-002 -6.6849551384e-002 -6.0697916651e-001
0 0 0
3 1 73 55.7100 -91.2900 2 73 88.1300 7.5000 3 73 -109.5000 56.5000
