# Bundle file v0.3
4 83
0 0 0
0 0 0
0 0 0
0 0 0
0 0 0
7.6800000000e+002 0.0000000000e+000 0.0000000000e+000
1.0000000000e+000 0.0000000000e+000 0.0000000000e+000
0.0000000000e+000 1.0000000000e+000 0.0000000000e+000
0.0000000000e+000 0.0000000000e+000 1.0000000000e+000
-0.0000000000e+000 -0.0000000000e+000 -0.0000000000e+000
7.6800000000e+002 0.0000000000e+000 0.0000000000e+000
-9.9863748025e-001 -3.0721129847e-002 -4.2182878185e-002
1.1208607110e-002 6.6320466965e-001 -7.4835414964e-001
5.0966166794e-002 -7.4780731364e-001 -6.6195669912e-001
6.8038000787e-002 -4.0504849695e-001 -9.1176013598e-001
0 0 0
0 0 0
0 0 0
0 0 0
0 0 0
8.0768559090e-002 -9.8221521253e-002 -6.2995807857e-001
0 0 0
2 1 0 98.0000 -119.7500 2 0 30.9300 3.9300
7.3335351577e-002 -9.2379080456e-002 -6.0318821680e-001
0 0 0
2 1 1 93.3800 -117.6200 2 1 40.3300 -24.6200
7.2585956243e-002 -8.6684880910e-002 -5.8463433551e-001
0 0 0
2 1 2 95.4700 -113.8700 2 2 38.6000 -40.7500
7.3965169289e-002 -8.4526589151e-002 -5.7134832486e-001
0 0 0
2 1 3 99.3800 -113.6200 2 3 34.3200 -53.8400
7.7017698966e-002 -8.1576754056e-002 -5.6116944877e-001
0 0 0
2 1 4 105.2100 -111.6400 2 4 27.7900 -61.9500
7.8176052867e-002 -7.9965555364e-002 -5.5749191997e-001
0 0 0
2 1 5 107.6800 -110.1600 2 5 25.5500 -64.1500
7.8785485265e-002 -8.0351246974e-002 -5.5845035222e-001
0 0 0
2 1 6 108.2900 -110.5000 2 6 24.6700 -63.5300
7.9496355979e-002 -8.0921655452e-002 -5.6176505487e-001
0 0 0
2 1 7 108.3800 -110.6200 2 7 23.7100 -60.5000
8.0006931123e-002 -8.3723747251e-002 -5.7240628935e-001
0 0 0
2 1 8 107.2500 -112.3300 2 8 24.4000 -51.6000
7.6308456761e-002 -9.3888110457e-002 -6.0600176142e-001
0 0 0
2 1 9 96.0000 -119.0000 2 9 35.1700 -22.8300
7.1976010963e-002 -9.0451604454e-002 -6.1204888023e-001
0 0 0
2 1 10 90.2900 -113.5000 2 10 43.6600 -10.9400
7.2398468940e-002 -8.9676359443e-002 -6.1161653887e-001
0 0 0
2 1 11 91.0400 -112.6000 2 11 42.8700 -10.5700
7.4629233884e-002 -9.0279426696e-002 -6.1272302611e-001
0 0 0
2 1 12 93.1700 -113.1700 2 12 38.8200 -9.8200
7.3639724913e-002 -9.0052622236e-002 -6.1291946115e-001
0 0 0
2 1 13 92.2100 -112.8400 2 13 40.7800 -9.3000
8.2329620417e-002 -7.4400655130e-002 -6.5843012136e-001
0 0 0
2 1 15 96.1200 -86.7800 2 15 29.3700 72.4900
8.4409753171e-002 -8.9199889773e-002 -6.4137736562e-001
0 0 0
2 1 20 101.1000 -106.8100 2 20 25.0000 30.8500
8.4419155990e-002 -8.8662210517e-002 -6.3324408195e-001
0 0 0
2 1 21 102.4300 -107.5300 2 21 24.0000 20.0000
8.3698782519e-002 -8.7851357238e-002 -6.2401815205e-001
0 0 0
2 1 22 102.8100 -108.1200 2 22 24.0000 8.2500
7.7245057227e-002 -8.6147231555e-002 -6.1537026176e-001
0 0 0
2 1 23 95.5900 -107.5300 2 23 33.7700 -1.4500
7.0273192015e-002 -8.1971359646e-002 -5.9956578016e-001
0 0 0
2 1 24 90.0000 -105.0000 2 24 43.8000 -16.9600
6.5094882057e-002 -7.6987858703e-002 -5.8202961952e-001
0 0 0
2 1 25 85.5200 -101.6100 2 25 49.1000 -32.6900
6.1589405859e-002 -7.1193083463e-002 -5.6052060909e-001
0 0 0
2 1 26 84.3200 -97.5500 2 26 51.2600 -50.9100
6.4291717800e-002 -6.4262909529e-002 -5.4146279987e-001
0 0 0
2 1 27 91.1700 -91.1500 2 27 43.8100 -63.8600
6.9122591777e-002 -5.8433372088e-002 -5.2939822475e-001
0 0 0
2 1 28 100.1200 -84.7700 2 28 34.4100 -70.0000
7.5186763369e-002 -5.0982811047e-002 -5.2026312067e-001
0 0 0
2 1 29 111.0000 -75.2600 2 29 24.0800 -71.1500
8.0580396182e-002 -4.3262394954e-002 -5.1391685330e-001
0 0 0
2 1 30 120.2500 -64.6400 2 30 15.0000 -69.2700
8.8685259335e-002 -3.4200533563e-002 -5.0942612529e-001
0 0 0
2 1 31 133.7000 -51.5600 2 31 2.8400 -64.1900
9.4504577198e-002 -2.4726150655e-002 -5.0612925623e-001
0 0 0
2 1 32 143.7000 -37.5600 2 32 -5.5400 -57.6900
1.0022808670e-001 -1.7327209877e-002 -5.0632480932e-001
0 0 0
2 1 33 151.7600 -26.2400 2 33 -14.2700 -50.2700
1.0514270103e-001 -1.1788700718e-002 -5.0485207331e-001
0 0 0
2 1 34 159.5900 -17.8700 2 34 -21.2600 -46.2900
1.0820776076e-001 -1.0501350922e-002 -5.0159577912e-001
0 0 0
2 1 35 165.5300 -16.0500 2 35 -25.3100 -48.0900
1.0913676153e-001 -1.4167038573e-002 -4.9803734905e-001
0 0 0
2 1 36 168.4100 -21.8700 2 36 -26.3400 -54.9400
1.0693629251e-001 -1.9310731474e-002 -4.9155934300e-001
0 0 0
2 1 37 167.1200 -30.1800 2 37 -23.5700 -66.1400
1.0295744027e-001 -2.6421069656e-002 -4.8922849272e-001
0 0 0
2 1 38 161.4400 -41.4400 2 38 -18.4000 -75.5100
9.7655529459e-002 -3.1618387526e-002 -4.8438870657e-001
0 0 0
2 1 39 155.0500 -50.1700 2 39 -10.7800 -85.1700
9.1060904445e-002 -3.7795641098e-002 -4.8193637328e-001
0 0 0
2 1 40 145.4400 -60.2800 2 40 -1.5500 -93.7900
8.4529093568e-002 -4.3187427796e-002 -4.8177786185e-001
0 0 0
2 1 41 135.0400 -68.8800 2 41 7.6200 -99.6200
7.6264734675e-002 -4.7966446748e-002 -4.8476368028e-001
0 0 0
2 1 42 121.2100 -76.0200 2 42 19.6700 -101.9800
6.5673379848e-002 -4.9563195338e-002 -4.8998290536e-001
0 0 0
2 1 43 102.1400 -77.6800 2 43 33.7100 -99.0700
5.5178988517e-002 -4.8878602632e-002 -4.9881007992e-001
0 0 0
2 1 44 85.2400 -75.2400 2 44 50.5600 -90.0200
4.6305832536e-002 -4.6434352541e-002 -5.0807754942e-001
0 0 0
2 1 45 69.2700 -70.2700 2 45 62.9300 -78.5900
4.0521817725e-002 -4.3204979443e-002 -5.1914959729e-001
0 0 0
2 1 46 59.9800 -63.9100 2 46 73.1300 -64.3800
4.6419747945e-002 -4.7077998649e-002 -5.6952051155e-001
0 0 0
2 1 51 62.4100 -63.5100 2 51 72.6700 -14.7400
5.1371152624e-002 -5.6310681735e-002 -5.7046042693e-001
0 0 0
2 1 52 69.1600 -75.8100 2 52 66.7400 -23.4000
5.3007778295e-002 -6.4489969324e-002 -5.6667811964e-001
0 0 0
2 1 53 71.7600 -87.4100 2 53 64.7400 -36.6000
5.0977768528e-002 -6.8842448484e-002 -5.6258841385e-001
0 0 0
2 1 54 69.1700 -94.0300 2 54 67.6500 -46.0700
4.5998227929e-002 -6.9623069565e-002 -5.5878896501e-001
0 0 0
2 1 55 63.2200 -95.6900 2 55 75.3300 -51.2600
4.0309657458e-002 -6.6491153991e-002 -5.5619103992e-001
0 0 0
2 1 56 55.0500 -91.9200 2 56 82.6700 -50.6500
3.5625194976e-002 -6.2369932331e-002 -5.5826128659e-001
0 0 0
2 1 57 48.9200 -85.8200 2 57 90.0200 -43.9100
3.0004498897e-002 -4.7694527267e-002 -5.8497323891e-001
0 0 0
2 1 60 39.2400 -62.6500 2 60 101.0700 2.2600
3.1486441146e-002 -4.6076477672e-002 -5.9523406307e-001
0 0 0
2 1 61 40.5300 -59.4700 2 61 100.5600 16.2600
3.5425762241e-002 -4.7252213728e-002 -6.0605490859e-001
0 0 0
2 1 62 44.7300 -59.9100 2 62 96.6800 28.4900
4.0934086097e-002 -5.2087451971e-002 -6.1470583684e-001
0 0 0
2 1 63 51.5800 -65.0000 2 63 90.8900 34.5500
4.6895334232e-002 -5.9009175331e-002 -6.2082539192e-001
0 0 0
2 1 64 58.0000 -73.0000 2 64 83.1800 35.4000
5.2617798113e-002 -7.1260135902e-002 -6.2785792674e-001
0 0 0
2 1 65 64.6900 -87.1200 2 65 77.2900 31.6400
5.4601840571e-002 -8.1861125233e-002 -6.3076905364e-001
0 0 0
2 1 66 66.5600 -99.6600 2 66 76.1600 23.7600
4.7820665561e-002 -9.9008718108e-002 -6.3381134593e-001
0 0 0
2 1 68 57.3100 -120.0900 2 68 92.0600 7.6900
4.1599538534e-002 -9.9405153408e-002 -6.2876148465e-001
0 0 0
2 1 69 50.9400 -121.3900 2 69 102.8400 0.0400
3.7217432025e-002 -9.3465894988e-002 -6.2271559154e-001
0 0 0
2 1 70 45.9100 -115.2700 2 70 107.7500 -1.0900
5.3606879837e-002 -7.1545203641e-002 -6.0193255956e-001
0 0 0
2 1 74 68.1900 -91.3100 2 74 70.5700 -2.4100
6.2382792992e-002 -7.2663438783e-002 -5.9168414332e-001
0 0 0
2 1 75 80.8000 -94.3300 2 75 54.5400 -16.1900
7.0891825043e-002 -7.2525764886e-002 -5.7567725465e-001
0 0 0
2 1 76 94.3900 -96.7600 2 76 38.4300 -35.0000
7.7695150217e-002 -6.9759845384e-002 -5.5894456308e-001
0 0 0
2 1 77 107.5900 -95.8700 2 77 26.3000 -50.7700
8.2424412362e-002 -6.5304670143e-002 -5.4428406697e-001
0 0 0
2 1 78 116.1900 -92.1400 2 78 16.3700 -61.8300
8.6212543878e-002 -5.6850707626e-002 -5.3200417420e-001
0 0 0
2 1 79 124.6900 -82.0900 2 79 9.4100 -65.3600
8.7013733362e-002 -4.7643869666e-002 -5.2748233757e-001
0 0 0
2 1 80 126.6000 -69.3600 2 80 7.0500 -60.1700
8.5310398497e-002 -4.0818608057e-002 -5.2927038955e-001
0 0 0
2 1 81 123.7900 -59.2300 2 81 9.3700 -51.1700
8.3336114821e-002 -4.0839789373e-002 -5.3325266678e-001
0 0 0
2 1 82 120.0500 -58.8200 2 82 12.5800 -47.1000
8.2797050406e-002 -4.3355563919e-002 -5.3418628329e-001
0 0 0
2 1 83 119.0000 -62.3300 2 83 13.5400 -48.7700
8.1771246602e-002 -4.6083124280e-002 -5.3874795526e-001
0 0 0
2 1 84 116.7000 -65.7000 2 84 15.7700 -46.8500
7.9199763471e-002 -5.1416695744e-002 -5.4847177303e-001
0 0 0
2 1 85 111.0000 -72.0000 2 85 20.8200 -42.1800
7.6602153716e-002 -6.2675924806e-002 -5.7075681252e-001
0 0 0
2 1 86 102.3300 -84.3300 2 86 27.2500 -29.6700
7.7787131534e-002 -7.1165847251e-002 -5.9596385841e-001
0 0 0
2 1 87 100.0000 -91.7100 2 87 29.3300 -9.0000
3.6601707206e-002 -3.8430173149e-002 -5.2871558920e-001
0 0 0
2 1 47 53.0000 -55.8500 2 47 79.3100 -49.8100
3.5332675692e-002 -3.4714914139e-002 -5.3828433210e-001
0 0 0
2 1 48 50.3500 -49.5400 2 48 82.2100 -36.1600
3.7146297314e-002 -3.3876504933e-002 -5.5080204324e-001
0 0 0
2 1 49 51.5800 -47.2700 2 49 81.3600 -22.0000
4.0901647361e-002 -3.8704794092e-002 -5.6187009658e-001
0 0 0
2 1 50 56.0000 -52.8900 2 50 78.7000 -14.7700
3.2345345782e-002 -5.6539013439e-002 -5.6399124566e-001
0 0 0
2 1 58 44.0000 -77.0000 2 58 95.1100 -31.2400
3.0274026283e-002 -5.1116515868e-002 -5.7197543192e-001
0 0 0
2 1 59 40.4400 -68.6800 2 59 98.6700 -16.4300
5.2238759474e-002 -9.2274833577e-002 -6.3328739734e-001
0 0 0
2 1 67 63.3100 -111.9100 2 67 82.8500 15.0800
3.6690553236e-002 -8.6084954115e-002 -6.1870538971e-001
0 0 0
2 1 71 45.6200 -106.8400 2 71 106.0000 2.2500
3.9309394543e-002 -7.8042357140e-002 -6.1485969972e-001
0 0 0
2 1 72 49.1000 -97.4800 2 72 98.7100 6.5100
4.4338037160e-002 -7.2599840548e-002 -6.1080937614e-001
0 0 0
2 1 73 55.7100 -91.2900 2 73 88.1300 7.5000
