# Bundle file v0.3
4 83
0 0 0
0 0 0
0 0 0
0 0 0
0 0 0
7.4963702146e+002 -2.5633181147e-003 -1.9166891223e-004
9.9999641548e-001 -1.4466834080e-003 -2.2530265868e-003
1.4325535923e-003 9.9997937663e-001 -6.2605187681e-003
2.2620371105e-003 6.2572687458e-003 9.9997786464e-001
-1.8132237549e-003 -3.4005304585e-003 1.6490727239e-002
7.9299482794e+002 -2.9251555099e-004 -1.0031940051e-005
-9.9854930402e-001 -3.1573547926e-002 -4.3616493555e-002
1.1289454010e-002 6.6926788652e-001 -7.4293542404e-001
5.2648225676e-002 -7.4235005701e-001 -6.6794053417e-001
6.6968569238e-002 -4.0126939712e-001 -9.2783474483e-001
0 0 0
0 0 0
0 0 0
0 0 0
0 0 0
8.0885450570e-002 -9.8881560814e-002 -6.3083746948e-001
0 0 0
2 1 0 98.0000 -119.7500 2 0 30.9300 3.9300
7.3400500351e-002 -9.2682047287e-002 -6.0360145224e-001
0 0 0
2 1 1 93.3800 -117.6200 2 1 40.3300 -24.6200
7.2600031184e-002 -8.6748469178e-002 -5.8470736748e-001
0 0 0
2 1 2 95.4700 -113.8700 2 2 38.6000 -40.7500
7.3934430829e-002 -8.4422180038e-002 -5.7119891329e-001
0 0 0
2 1 3 99.3800 -113.6200 2 3 34.3200 -53.8400
7.6941093098e-002 -8.1350063744e-002 -5.6084159269e-001
0 0 0
2 1 4 105.2100 -111.6400 2 4 27.7900 -61.9500
7.8081748058e-002 -7.9697578705e-002 -5.5709727446e-001
0 0 0
2 1 5 107.6800 -110.1600 2 5 25.5500 -64.1500
7.8691415532e-002 -8.0094834276e-002 -5.5807319387e-001
0 0 0
2 1 6 108.2900 -110.5000 2 6 24.6700 -63.5300
7.9409782901e-002 -8.0707240707e-002 -5.6144374760e-001
0 0 0
2 1 7 108.3800 -110.6200 2 7 23.7100 -60.5000
7.9952768795e-002 -8.3639260370e-002 -5.7226801696e-001
0 0 0
2 1 8 107.2500 -112.3300 2 8 24.4000 -51.6000
7.6372443303e-002 -9.4231329070e-002 -6.0647585525e-001
0 0 0
2 1 9 96.0000 -119.0000 2 9 35.1700 -22.8300
7.2067905877e-002 -9.0862164668e-002 -6.1256442283e-001
0 0 0
2 1 10 90.2900 -113.5000 2 10 43.6600 -10.9400
7.2487101971e-002 -9.0080557390e-002 -6.1211567626e-001
0 0 0
2 1 11 91.0400 -112.6000 2 11 42.8700 -10.5700
7.4713771992e-002 -9.0700011863e-002 -6.1324598970e-001
0 0 0
2 1 12 93.1700 -113.1700 2 12 38.8200 -9.8200
7.3727794726e-002 -9.0474428423e-002 -6.1344194028e-001
0 0 0
2 1 13 92.2100 -112.8400 2 13 40.7800 -9.3000
8.2476550162e-002 -7.5296751062e-002 -6.5925812672e-001
0 0 0
2 1 15 96.1200 -86.7800 2 15 29.3700 72.4900
8.4530770152e-002 -8.9965382883e-002 -6.4226151429e-001
0 0 0
2 1 20 101.1000 -106.8100 2 20 25.0000 30.8500
8.4519517722e-002 -8.9331131754e-002 -6.3401648832e-001
0 0 0
2 1 21 102.4300 -107.5300 2 21 24.0000 20.0000
8.3777819170e-002 -8.8409060685e-002 -6.2465891192e-001
0 0 0
2 1 22 102.8100 -108.1200 2 22 24.0000 8.2500
7.7323898856e-002 -8.6594876898e-002 -6.1587308370e-001
0 0 0
2 1 23 95.5900 -107.5300 2 23 33.7700 -1.4500
7.0334218118e-002 -8.2220413361e-002 -5.9980083001e-001
0 0 0
2 1 24 90.0000 -105.0000 2 24 43.8000 -16.9600
6.5131155461e-002 -7.7025830393e-002 -5.8196952382e-001
0 0 0
2 1 25 85.5200 -101.6100 2 25 49.1000 -32.6900
6.1587868579e-002 -7.0985420086e-002 -5.6011365771e-001
0 0 0
2 1 26 84.3200 -97.5500 2 26 51.2600 -50.9100
6.4226777431e-002 -6.3863335138e-002 -5.4075359107e-001
0 0 0
2 1 27 91.1700 -91.1500 2 27 43.8100 -63.8600
6.8993736084e-002 -5.7936563395e-002 -5.2850975384e-001
0 0 0
2 1 28 100.1200 -84.7700 2 28 34.4100 -70.0000
7.4988060419e-002 -5.0451229552e-002 -5.1925153280e-001
0 0 0
2 1 29 111.0000 -75.2600 2 29 24.0800 -71.1500
8.0318816665e-002 -4.2742975829e-002 -5.1283388505e-001
0 0 0
2 1 30 120.2500 -64.6400 2 30 15.0000 -69.2700
8.8338829804e-002 -3.3740588676e-002 -5.0830598312e-001
0 0 0
2 1 31 133.7000 -51.5600 2 31 2.8400 -64.1900
9.4089950713e-002 -2.4346666656e-002 -5.0498166361e-001
0 0 0
2 1 32 143.7000 -37.5600 2 32 -5.5400 -57.6900
9.9756429056e-002 -1.7040885931e-002 -5.0518236810e-001
0 0 0
2 1 33 151.7600 -26.2400 2 33 -14.2700 -50.2700
1.0461306882e-001 -1.1562238886e-002 -5.0370178754e-001
0 0 0
2 1 34 159.5900 -17.8700 2 34 -21.2600 -46.2900
1.0763224975e-001 -1.0272652977e-002 -5.0043479811e-001
0 0 0
2 1 35 165.5300 -16.0500 2 35 -25.3100 -48.0900
1.0853922111e-001 -1.3872941305e-002 -4.9686946324e-001
0 0 0
2 1 36 168.4100 -21.8700 2 36 -26.3400 -54.9400
1.0633264631e-001 -1.8904250760e-002 -4.9035837974e-001
0 0 0
2 1 37 167.1200 -30.1800 2 37 -23.5700 -66.1400
1.0238565663e-001 -2.5901992848e-002 -4.8799958782e-001
0 0 0
2 1 38 161.4400 -41.4400 2 38 -18.4000 -75.5100
9.7112799728e-002 -3.0979938743e-002 -4.8309054624e-001
0 0 0
2 1 39 155.0500 -50.1700 2 39 -10.7800 -85.1700
9.0570090902e-002 -3.7039158295e-002 -4.8056730092e-001
0 0 0
2 1 40 145.4400 -60.2800 2 40 -1.5500 -93.7900
8.4098449108e-002 -4.2343821907e-002 -4.8035495178e-001
0 0 0
2 1 41 135.0400 -68.8800 2 41 7.6200 -99.6200
7.5922787240e-002 -4.7075792090e-002 -4.8331987919e-001
0 0 0
2 1 42 121.2100 -76.0200 2 42 19.6700 -101.9800
6.5446201188e-002 -4.8696969349e-002 -4.8857865736e-001
0 0 0
2 1 43 102.1400 -77.6800 2 43 33.7100 -99.0700
5.5077567792e-002 -4.8110822200e-002 -4.9751597413e-001
0 0 0
2 1 44 85.2400 -75.2400 2 44 50.5600 -90.0200
4.6304326828e-002 -4.5789834570e-002 -5.0690482097e-001
0 0 0
2 1 45 69.2700 -70.2700 2 45 62.9300 -78.5900
4.0594150011e-002 -4.2704691665e-002 -5.1810739164e-001
0 0 0
2 1 46 59.9800 -63.9100 2 46 73.1300 -64.3800
4.6531000868e-002 -4.7051914169e-002 -5.6902509353e-001
0 0 0
2 1 51 62.4100 -63.5100 2 51 72.6700 -14.7400
5.1451821839e-002 -5.6262408230e-002 -5.7006014894e-001
0 0 0
2 1 52 69.1600 -75.8100 2 52 66.7400 -23.4000
5.3068019339e-002 -6.4372881748e-002 -5.6630264076e-001
0 0 0
2 1 53 71.7600 -87.4100 2 53 64.7400 -36.6000
5.1036837531e-002 -6.8661300450e-002 -5.6219267187e-001
0 0 0
2 1 54 69.1700 -94.0300 2 54 67.6500 -46.0700
4.6074829511e-002 -6.9392313371e-002 -5.5834993436e-001
0 0 0
2 1 55 63.2200 -95.6900 2 55 75.3300 -51.2600
4.0414329028e-002 -6.6239338609e-002 -5.5569559623e-001
0 0 0
2 1 56 55.0500 -91.9200 2 56 82.6700 -50.6500
3.5764612392e-002 -6.2157516525e-002 -5.5776740800e-001
0 0 0
2 1 57 48.9200 -85.8200 2 57 90.0200 -43.9100
3.0226967852e-002 -4.7795070401e-002 -5.8462709695e-001
0 0 0
2 1 60 39.2400 -62.6500 2 60 101.0700 2.2600
3.1715792094e-002 -4.6275808809e-002 -5.9496576077e-001
0 0 0
2 1 61 40.5300 -59.4700 2 61 100.5600 16.2600
3.5650098005e-002 -4.7551196552e-002 -6.0590370500e-001
0 0 0
2 1 62 44.7300 -59.9100 2 62 96.6800 28.4900
4.1144569682e-002 -5.2468689429e-002 -6.1470779365e-001
0 0 0
2 1 63 51.5800 -65.0000 2 63 90.8900 34.5500
4.7090288423e-002 -5.9454889767e-002 -6.2098985303e-001
0 0 0
2 1 64 58.0000 -73.0000 2 64 83.1800 35.4000
5.2805588980e-002 -7.1795999504e-002 -6.2828369595e-001
0 0 0
2 1 65 64.6900 -87.1200 2 65 77.2900 31.6400
5.4792640391e-002 -8.2452458775e-002 -6.3139168877e-001
0 0 0
2 1 66 66.5600 -99.6600 2 66 76.1600 23.7600
4.8045246421e-002 -9.9678734755e-002 -6.3473039196e-001
0 0 0
2 1 68 57.3100 -120.0900 2 68 92.0600 7.6900
4.1828571882e-002 -1.0000668905e-001 -6.2961158161e-001
0 0 0
2 1 69 50.9400 -121.3900 2 69 102.8400 0.0400
3.7445666843e-002 -9.3968326965e-002 -6.2338835603e-001
0 0 0
2 1 70 45.9100 -115.2700 2 70 107.7500 -1.0900
5.3737550532e-002 -7.1805926512e-002 -6.0206335839e-001
0 0 0
2 1 74 68.1900 -91.3100 2 74 70.5700 -2.4100
6.2453851466e-002 -7.2817695726e-002 -5.9170578944e-001
0 0 0
2 1 75 80.8000 -94.3300 2 75 54.5400 -16.1900
7.0884456554e-002 -7.2501505292e-002 -5.7549018345e-001
0 0 0
2 1 76 94.3900 -96.7600 2 76 38.4300 -35.0000
7.7605569480e-002 -6.9550322383e-002 -5.5850800961e-001
0 0 0
2 1 77 107.5900 -95.8700 2 77 26.3000 -50.7700
8.2259835122e-002 -6.4949604427e-002 -5.4362914641e-001
0 0 0
2 1 78 116.1900 -92.1400 2 78 16.3700 -61.8300
8.5978345729e-002 -5.6415261898e-002 -5.3116332996e-001
0 0 0
2 1 79 124.6900 -82.0900 2 79 9.4100 -65.3600
8.6753992029e-002 -4.7233326050e-002 -5.2656533998e-001
0 0 0
2 1 80 126.6000 -69.3600 2 80 7.0500 -60.1700
8.5067015010e-002 -4.0478761600e-002 -5.2834616244e-001
0 0 0
2 1 81 123.7900 -59.2300 2 81 9.3700 -51.1700
8.3120763768e-002 -4.0535338409e-002 -5.3236507500e-001
0 0 0
2 1 82 120.0500 -58.8200 2 82 12.5800 -47.1000
8.2589494362e-002 -4.3040163785e-002 -5.3331839195e-001
0 0 0
2 1 83 119.0000 -62.3300 2 83 13.5400 -48.7700
8.1586726878e-002 -4.5791369402e-002 -5.3793815040e-001
0 0 0
2 1 84 116.7000 -65.7000 2 84 15.7700 -46.8500
7.9064155918e-002 -5.1186472722e-002 -5.4779451387e-001
0 0 0
2 1 85 111.0000 -72.0000 2 85 20.8200 -42.1800
7.6549840198e-002 -6.2629810398e-002 -5.7042292157e-001
0 0 0
2 1 86 102.3300 -84.3300 2 86 27.2500 -29.6700
7.7801191728e-002 -7.1382541813e-002 -5.9602566665e-001
0 0 0
2 1 87 100.0000 -91.7100 2 87 29.3300 -9.0000
3.6724882869e-002 -3.8061329048e-002 -5.2775838721e-001
0 0 0
2 1 47 53.0000 -55.8500 2 47 79.3100 -49.8100
3.5482347048e-002 -3.4461483995e-002 -5.3739888338e-001
0 0 0
2 1 48 50.3500 -49.5400 2 48 82.2100 -36.1600
3.7299075196e-002 -3.3740195010e-002 -5.5002044041e-001
0 0 0
2 1 49 51.5800 -47.2700 2 49 81.3600 -22.0000
4.1040193070e-002 -3.8642252198e-002 -5.6122688750e-001
0 0 0
2 1 50 56.0000 -52.8900 2 50 78.7000 -14.7700
3.2518555103e-002 -5.6409042287e-002 -5.6351886953e-001
0 0 0
2 1 58 44.0000 -77.0000 2 58 95.1100 -31.2400
3.0475328813e-002 -5.1084248282e-002 -5.7153766972e-001
0 0 0
2 1 59 40.4400 -68.6800 2 59 98.6700 -16.4300
5.2446955790e-002 -9.2922242875e-002 -6.3410101733e-001
0 0 0
2 1 67 63.3100 -111.9100 2 67 82.8500 15.0800
3.6914159281e-002 -8.6522916865e-002 -6.1921989895e-001
0 0 0
2 1 71 45.6200 -106.8400 2 71 106.0000 2.2500
3.9519336913e-002 -7.8428988166e-002 -6.1521791898e-001
0 0 0
2 1 72 49.1000 -97.4800 2 72 98.7100 6.5100
4.4523149238e-002 -7.2945496886e-002 -6.1105150446e-001
0 0 0
2 1 73 55.7100 -91.2900 2 73 88.1300 7.5000
