# Bundle file v0.3
4 61
6.9120381976e+002 -2.8840624231e-002 -2.3278728593e-003
9.8952021495e-001 -4.8928746409e-003 -1.4431148249e-001
-3.0244426467e-004 9.9935329792e-001 -3.5956841637e-002
1.4439408828e-001 3.5623667846e-002 9.8887881035e-001
-1.4239797830e-001 -3.3739999447e-002 8.8639807996e-002
6.4550301801e+002 -5.8134751046e-002 -1.6114872937e-002
6.1810180226e-001 -3.9015191855e-001 -6.8244534029e-001
3.5073617304e-001 9.1381525273e-001 -2.0475795662e-001
7.0351567073e-001 -1.1279700495e-001 7.0167124547e-001
-7.5123555899e-001 -2.3459267078e-001 -2.0346022547e-001
5.1014828908e+002 -7.5073331445e-002 -9.1231670196e-003
-6.3150605881e-001 3.5807770557e-001 6.8773574464e-001
-4.7562333186e-001 5.2160461172e-001 -7.0831566072e-001
-6.1235818266e-001 -7.7440879760e-001 -1.5908636121e-001
6.3824943262e-001 -6.6741103707e-001 -7.9896091234e-001
5.1814052935e+002 1.6139559050e-003 -3.0804397287e-003
-9.9048516134e-001 -7.6530880372e-002 1.1437731207e-001
-1.3719692485e-001 4.8403585740e-001 -8.6422583424e-001
1.0777243618e-002 -8.7169508035e-001 -4.8993013575e-001
2.0022576515e-001 -7.7391382455e-001 -1.1121696987e+000
-8.3100797461e-003 -1.4495770189e-001 -9.5189710651e-001
0 0 0
4 0 0 -10.0000 -116.0000 1 0 -37.7500 -130.6700 2 0 -60.8500 -62.2300 3 0 110.5900 -20.4500
1.7164184398e-003 -1.4521383993e-001 -9.5080151327e-001
0 0 0
4 0 1 -2.3900 -116.6800 1 1 -33.7800 -129.8300 2 1 -65.2700 -67.0000 3 1 100.4800 -22.5500
8.5794960183e-003 -1.4371552207e-001 -9.4971362595e-001
0 0 0
4 0 2 3.3000 -115.8000 1 2 -31.7600 -127.4100 2 2 -67.5700 -69.6100 3 2 93.9400 -23.7400
1.7271950704e-002 -1.4140952584e-001 -9.4851025890e-001
0 0 0
4 0 3 9.6400 -114.5000 1 3 -29.2100 -125.0500 2 3 -70.1000 -71.8100 3 3 84.2900 -24.7400
2.6921389899e-002 -1.3779753172e-001 -9.4716547676e-001
0 0 0
4 0 4 18.0000 -111.7500 1 4 -26.7300 -121.0000 2 4 -72.6000 -74.3500 3 4 74.9700 -25.2100
4.1433502471e-002 -1.3096917657e-001 -9.4420290300e-001
0 0 0
4 0 5 28.2700 -107.2000 1 5 -23.8900 -114.5600 2 5 -75.0000 -77.0000 3 5 58.6900 -26.0900
4.9328703218e-002 -1.2284600855e-001 -9.3413951336e-001
0 0 0
4 0 6 34.7900 -102.2100 1 6 -28.4700 -110.0000 2 6 -69.0000 -81.1000 3 6 51.0000 -30.8100
4.8758626929e-002 -1.1943174448e-001 -9.2242235680e-001
0 0 0
4 0 7 33.0700 -101.0500 1 7 -35.0000 -110.6100 2 7 -58.8300 -86.7200 3 7 51.6800 -37.5500
4.7503549803e-002 -1.1567175580e-001 -9.0925792274e-001
0 0 0
4 0 8 31.0000 -99.9000 1 8 -45.9500 -111.4100 2 8 -50.2800 -91.2800 3 8 53.0000 -46.0000
4.5128922724e-002 -1.1663030823e-001 -8.9790637666e-001
0 0 0
4 0 9 27.8200 -102.4000 1 9 -53.4800 -115.7600 2 9 -42.5600 -97.6100 3 9 55.7200 -54.6200
3.8924290410e-002 -1.2645983648e-001 -8.9202554939e-001
0 0 0
4 0 10 22.5700 -111.2600 1 10 -56.5500 -125.6400 2 10 -39.7200 -104.4400 3 10 64.1800 -64.4200
2.8991806789e-002 -1.3973050033e-001 -8.8621404124e-001
0 0 0
4 0 11 12.6700 -124.1400 1 11 -60.6200 -139.5200 2 11 -35.4200 -113.1100 3 11 74.7600 -73.7900
2.1507707034e-002 -1.5242775891e-001 -8.8705565030e-001
0 0 0
4 0 12 6.4400 -134.8700 1 12 -59.5700 -150.0000 2 12 -36.7100 -118.3800 3 12 84.3600 -79.4500
1.6505901290e-002 -1.6607510499e-001 -8.9250781902e-001
0 0 0
4 0 13 2.8500 -145.5400 1 13 -54.9100 -158.7800 2 13 -43.5500 -122.1500 3 13 92.2000 -83.3300
1.5444832677e-002 -1.7619717031e-001 -8.9995788186e-001
0 0 0
4 0 14 2.8000 -151.6400 1 14 -47.0000 -165.0000 2 14 -51.5700 -124.0000 3 14 95.3900 -83.7400
1.9604688735e-002 -1.8104000697e-001 -9.0679428561e-001
0 0 0
4 0 15 7.6900 -154.6900 1 15 -39.5700 -165.6100 2 15 -60.3300 -123.8100 3 15 92.6100 -82.2600
2.8763807568e-002 -1.7956296993e-001 -9.1691982298e-001
0 0 0
4 0 16 16.0000 -151.9200 1 16 -30.0400 -160.6500 2 16 -71.0900 -119.3200 3 16 82.0300 -73.7400
3.8985356714e-002 -1.7554912422e-001 -9.3209055695e-001
0 0 0
4 0 17 26.7200 -145.0600 1 17 -17.5000 -150.9500 2 17 -85.0900 -109.9100 3 17 71.3400 -61.5700
4.8021871232e-002 -1.6770173991e-001 -9.4842548198e-001
0 0 0
4 0 18 35.3900 -135.3700 1 18 -7.6700 -140.1900 2 18 -97.3700 -97.5300 3 18 59.1600 -43.9700
5.3676146719e-002 -1.6123180518e-001 -9.6349694340e-001
0 0 0
4 0 19 40.3900 -127.6800 1 19 2.5000 -129.0500 2 19 -106.6500 -86.6000 3 19 51.6700 -28.6300
5.5656549736e-002 -1.5528035895e-001 -9.7952146570e-001
0 0 0
4 0 20 43.0200 -121.4000 1 20 9.0900 -120.9100 2 20 -115.0000 -73.0000 3 20 46.4800 -11.0000
5.5976730676e-002 -1.4796709652e-001 -9.9457477575e-001
0 0 0
4 0 21 44.0500 -113.1800 1 21 15.2500 -111.5000 2 21 -121.0900 -61.0900 3 21 44.2200 7.2200
5.1926756590e-002 -1.4322773386e-001 -1.0101380348e+000
0 0 0
4 0 22 41.6100 -106.8600 1 22 19.7900 -104.8400 2 22 -127.8400 -46.4200 3 22 46.4800 23.3000
4.5333365496e-002 -1.4131286676e-001 -1.0234376146e+000
0 0 0
4 0 23 38.0600 -103.7100 1 23 22.1200 -101.5900 2 23 -132.9500 -34.1000 3 23 52.2100 37.7100
3.4487185603e-002 -1.4394886261e-001 -1.0350323428e+000
0 0 0
4 0 24 30.1500 -104.1500 1 24 23.4400 -102.3900 2 24 -137.3600 -23.7300 3 24 63.0800 49.5200
2.2125447826e-002 -1.5024548862e-001 -1.0434997552e+000
0 0 0
4 0 25 22.7600 -107.0700 1 25 23.5900 -106.7100 2 25 -140.9100 -16.9100 3 25 78.1700 57.6700
9.3398607716e-003 -1.6040708914e-001 -1.0485865436e+000
0 0 0
4 0 26 13.1600 -113.7800 1 26 22.9000 -115.0000 2 26 -144.3100 -12.4200 3 26 93.6200 60.3800
-3.6673515455e-003 -1.7128915863e-001 -1.0498188352e+000
0 0 0
4 0 27 5.0000 -120.4400 1 27 20.8300 -123.2800 2 27 -145.8000 -11.9200 3 27 112.5100 58.7100
-1.8852361261e-002 -1.8343455865e-001 -1.0466335356e+000
0 0 0
4 0 28 -6.0000 -129.1200 1 28 15.8700 -134.5300 2 28 -143.5000 -13.5000 3 28 133.9100 52.0200
-2.9673344551e-002 -1.9285696087e-001 -1.0413688267e+000
0 0 0
4 0 29 -14.0000 -136.3600 1 29 10.7900 -144.3600 2 29 -139.6100 -17.9600 3 29 149.7800 44.3100
-3.9605047881e-002 -2.0114296943e-001 -1.0358419557e+000
0 0 0
4 0 30 -22.7600 -143.9100 1 30 6.5700 -152.0000 2 30 -135.0700 -22.2300 3 30 164.1500 35.9100
-4.9885386356e-002 -2.0779489592e-001 -1.0283598028e+000
0 0 0
4 0 31 -31.9100 -150.4100 1 31 -0.1500 -160.5400 2 31 -127.5500 -27.4100 3 31 178.0000 27.1300
-6.4029708381e-002 -2.1446090778e-001 -1.0208865319e+000
0 0 0
4 0 32 -41.5500 -154.8200 1 32 -7.5300 -166.6700 2 32 -118.3200 -30.4500 3 32 199.2700 16.0200
-8.0241828341e-002 -2.1559066279e-001 -1.0125957392e+000
0 0 0
4 0 33 -55.3800 -157.7600 1 33 -18.0000 -172.3600 2 33 -102.0900 -29.3800 3 33 217.4500 9.9700
-9.8876506875e-002 -2.1448230811e-001 -1.0045127543e+000
0 0 0
4 0 34 -70.6400 -158.0000 1 34 -28.1700 -175.0000 2 34 -82.2400 -25.5000 3 34 238.1200 4.7200
-1.1483917839e-001 -2.1165392979e-001 -9.9666810172e-001
0 0 0
4 0 35 -83.5100 -156.9000 1 35 -40.1800 -177.1800 2 35 -63.4800 -21.5800 3 35 254.0300 1.0300
-1.3090701738e-001 -2.0616702835e-001 -9.8699397737e-001
0 0 0
4 0 36 -97.3100 -154.0900 1 36 -51.0000 -177.8300 2 36 -39.8300 -17.0300 3 36 267.7200 -3.4100
-1.3878622461e-001 -1.9950947547e-001 -9.7437390367e-001
0 0 0
4 0 37 -105.4300 -151.2400 1 37 -63.0000 -177.5700 2 37 -19.9200 -18.8900 3 37 270.7800 -11.0700
-1.4064493442e-001 -1.9198851765e-001 -9.6005669537e-001
0 0 0
4 0 38 -110.0200 -148.3800 1 38 -72.7900 -176.3600 2 38 -2.3600 -25.8100 3 38 266.4700 -19.4000
-1.3308286391e-001 -1.8667203452e-001 -9.4335406944e-001
0 0 0
4 0 39 -109.0500 -147.9300 1 39 -79.7700 -176.8500 2 39 7.8000 -39.2300 3 39 252.5300 -33.6900
-1.1903955601e-001 -1.8700247133e-001 -9.2795973797e-001
0 0 0
4 0 40 -101.4300 -151.2800 1 40 -82.6200 -179.3800 2 40 9.9100 -60.8800 3 40 236.9000 -47.6900
-1.0413931520e-001 -1.8755568027e-001 -9.1548047990e-001
0 0 0
4 0 41 -93.2700 -154.9800 1 41 -83.5900 -182.1200 2 41 8.1800 -76.5700 3 41 219.7900 -61.9400
-9.3258488908e-002 -1.8904881464e-001 -9.0990876347e-001
0 0 0
4 0 42 -84.4700 -157.3100 1 42 -82.9000 -183.0000 2 42 4.1200 -88.2300 3 42 210.1000 -67.7400
-7.8907380182e-002 -1.8841318040e-001 -9.0535453641e-001
0 0 0
4 0 43 -73.9100 -158.8100 1 43 -79.8000 -183.1300 2 43 -1.9200 -95.5600 3 43 194.1700 -73.8300
-6.3088929530e-002 -1.9358955685e-001 -9.0687300292e-001
0 0 0
4 0 44 -61.1900 -162.9600 1 44 -71.3100 -184.1200 2 44 -16.3200 -105.0900 3 44 180.3400 -77.8600
-4.2151384340e-002 -2.0092974721e-001 -9.1316997500e-001
0 0 0
4 0 45 -42.5400 -167.7900 1 45 -56.9000 -185.1900 2 45 -37.7500 -113.5800 3 45 162.1100 -80.7900
-2.0905939098e-002 -2.0497905860e-001 -9.2070105678e-001
0 0 0
4 0 46 -24.8800 -170.6600 1 46 -42.4500 -184.1500 2 46 -58.0400 -118.2400 3 46 140.3600 -79.8900
-2.1647169092e-003 -2.0596892131e-001 -9.2943837515e-001
0 0 0
4 0 47 -7.2000 -169.1600 1 47 -28.7500 -179.5000 2 47 -75.7400 -119.4800 3 47 122.0300 -76.5400
1.7136086921e-002 -2.0047687280e-001 -9.3279111180e-001
0 0 0
4 0 48 7.8700 -165.3000 1 48 -20.2100 -173.0000 2 48 -85.8500 -119.4600 3 48 98.5000 -72.1100
3.4422456230e-002 -1.9234836449e-001 -9.3426603731e-001
0 0 0
4 0 49 24.7100 -157.5100 1 49 -13.0000 -163.0000 2 49 -92.0000 -118.8600 3 49 81.0000 -69.4500
5.3051208889e-002 -1.7732670141e-001 -9.2979730894e-001
0 0 0
4 0 50 37.2400 -148.0000 1 50 -11.8000 -151.8000 2 50 -90.7300 -117.0000 3 50 56.0700 -65.3600
6.5584964418e-002 -1.5896317587e-001 -9.2121872839e-001
0 0 0
4 0 51 47.8000 -134.5900 1 51 -16.4300 -137.7000 2 51 -83.3800 -114.9500 3 51 42.1200 -63.2300
7.4113837362e-002 -1.3977372783e-001 -9.0735634969e-001
0 0 0
4 0 52 53.9100 -121.7800 1 52 -25.8800 -126.0000 2 52 -69.6200 -113.4400 3 52 31.5500 -63.7900
7.6081717839e-002 -1.2166361513e-001 -8.8981656469e-001
0 0 0
4 0 53 54.6400 -108.9100 1 53 -42.4200 -116.0400 2 53 -54.4700 -114.0000 3 53 29.3600 -67.0300
7.1031045772e-002 -1.0743716179e-001 -8.6752931780e-001
0 0 0
4 0 54 49.2700 -100.0200 1 54 -62.0000 -112.0000 2 54 -32.3800 -116.5600 3 54 34.1700 -74.6000
6.2664550702e-002 -9.5169286296e-002 -8.4829150642e-001
0 0 0
4 0 55 39.7400 -91.3700 1 55 -83.6900 -108.9200 2 55 -15.3300 -117.7300 3 55 41.1900 -80.8100
5.3661136987e-002 -8.6193262112e-002 -8.3231298232e-001
0 0 0
4 0 56 28.8400 -84.8800 1 56 -101.1200 -107.6000 2 56 0.3800 -119.4400 3 56 47.9600 -85.8800
4.1342214527e-002 -8.5929899122e-002 -8.1839185857e-001
0 0 0
4 0 57 16.5700 -86.5300 1 57 -116.2300 -113.8200 2 57 14.7100 -123.2900 3 57 59.4500 -93.2300
3.0996969070e-002 -9.7874073855e-002 -8.1463166113e-001
0 0 0
4 0 58 5.7400 -98.6300 1 58 -119.4800 -127.0900 2 58 19.4400 -129.6200 3 58 68.6900 -99.9100
2.2931266143e-002 -1.1199156177e-001 -8.1620470286e-001
0 0 0
3 0 59 -1.1900 -111.4300 1 59 -117.0000 -139.0000 3 59 78.5000 -106.5000
2.0602114914e-002 -1.2664734737e-001 -8.2442264021e-001
0 0 0
4 0 60 -2.6000 -123.9200 1 60 -108.1000 -148.8000 2 60 11.0000 -139.0000 3 60 82.2600 -108.5200
