# Bundle file v0.3
4 61
7.6800000000e+002 0.0000000000e+000 0.0000000000e+000
1.0000000000e+000 0.0000000000e+000 0.0000000000e+000
0.0000000000e+000 1.0000000000e+000 0.0000000000e+000
0.0000000000e+000 0.0000000000e+000 1.0000000000e+000
-0.0000000000e+000 -0.0000000000e+000 -0.0000000000e+000
7.6800000000e+002 0.0000000000e+000 0.0000000000e+000
4.9961898096e-001 -3.5427288467e-001 -7.9048820172e-001
3.4838892013e-001 9.1766831770e-001 -1.9107595091e-001
7.9309900655e-001 -1.7993215910e-001 5.8190925747e-001
-8.5065301351e-001 -2.1937391321e-001 -4.7777038085e-001
0 0 0
0 0 0
0 0 0
0 0 0
0 0 0
0 0 0
0 0 0
0 0 0
0 0 0
0 0 0
-1.2426674161e-002 -1.4424238639e-001 -9.5605726995e-001
0 0 0
2 0 0 -10.0000 -116.0000 1 0 -37.7500 -130.6700
-2.9680210665e-003 -1.4527535711e-001 -9.5665863451e-001
0 0 0
2 0 1 -2.3900 -116.6800 1 1 -33.7800 -129.8300
4.1608860930e-003 -1.4385263653e-001 -9.5651133184e-001
0 0 0
2 0 2 3.3000 -115.8000 1 2 -31.7600 -127.4100
1.2046612298e-002 -1.4235398736e-001 -9.5668179649e-001
0 0 0
2 0 3 9.6400 -114.5000 1 3 -29.2100 -125.0500
2.2432819071e-002 -1.3893570079e-001 -9.5606023267e-001
0 0 0
2 0 4 18.0000 -111.7500 1 4 -26.7300 -121.0000
3.5208024818e-002 -1.3315852045e-001 -9.5559240230e-001
0 0 0
2 0 5 28.2700 -107.2000 1 5 -23.8900 -114.5600
4.2887996787e-002 -1.2606397926e-001 -9.4690900704e-001
0 0 0
2 0 6 34.7900 -102.2100 1 6 -28.4700 -110.0000
4.0404706632e-002 -1.2379147759e-001 -9.3912061775e-001
0 0 0
2 0 7 33.0700 -101.0500 1 7 -35.0000 -110.6100
3.7357550252e-002 -1.2038771104e-001 -9.2550318043e-001
0 0 0
2 0 8 31.0000 -99.9000 1 8 -45.9500 -111.4100
3.3156663733e-002 -1.2215504754e-001 -9.1561955896e-001
0 0 0
2 0 9 27.8200 -102.4000 1 9 -53.4800 -115.7600
2.6730325437e-002 -1.3204181326e-001 -9.1034014590e-001
0 0 0
2 0 10 22.5700 -111.2600 1 10 -56.5500 -125.6400
1.4925094755e-002 -1.4623088760e-001 -9.0467809429e-001
0 0 0
2 0 11 12.6700 -124.1400 1 11 -60.6200 -139.5200
7.6029148912e-003 -1.5881488139e-001 -9.0499616222e-001
0 0 0
2 0 12 6.4400 -134.8700 1 12 -59.5700 -150.0000
3.4516013538e-003 -1.7162489937e-001 -9.0913079271e-001
0 0 0
2 0 13 2.8500 -145.5400 1 13 -54.9100 -158.7800
3.3118669355e-003 -1.8136045140e-001 -9.1710662879e-001
0 0 0
2 0 14 2.8000 -151.6400 1 14 -47.0000 -165.0000
9.2620443930e-003 -1.8586940777e-001 -9.2347477733e-001
0 0 0
2 0 15 7.6900 -154.6900 1 15 -39.5700 -165.6100
1.9458603550e-002 -1.8441090427e-001 -9.3309504090e-001
0 0 0
2 0 16 16.0000 -151.9200 1 16 -30.0400 -160.6500
3.2973074243e-002 -1.7875727140e-001 -9.4720739024e-001
0 0 0
2 0 17 26.7200 -145.0600 1 17 -17.5000 -150.9500
4.4136536022e-002 -1.6984536993e-001 -9.5969365691e-001
0 0 0
2 0 18 35.3900 -135.3700 1 18 -7.6700 -140.1900
5.1285040558e-002 -1.6207502997e-001 -9.7508281915e-001
0 0 0
2 0 19 40.3900 -127.6800 1 19 2.5000 -129.0500
5.5274808671e-002 -1.5562825645e-001 -9.8615079586e-001
0 0 0
2 0 20 43.0200 -121.4000 1 20 9.0900 -120.9100
5.7313951615e-002 -1.4702469692e-001 -9.9882640190e-001
0 0 0
2 0 21 44.0500 -113.1800 1 21 15.2500 -111.5000
5.4778923057e-002 -1.4063682147e-001 -1.0109766053e+000
0 0 0
2 0 22 41.6100 -106.8600 1 22 19.7900 -104.8400
5.0529575620e-002 -1.3750687890e-001 -1.0192329227e+000
0 0 0
2 0 23 38.0600 -103.7100 1 23 22.1200 -101.5900
4.0424817556e-002 -1.3885978725e-001 -1.0277793260e+000
0 0 0
2 0 24 30.1500 -104.1500 1 24 23.4400 -102.3900
3.0643132093e-002 -1.4360748565e-001 -1.0324152631e+000
0 0 0
2 0 25 22.7600 -107.0700 1 25 23.5900 -106.7100
1.7784817948e-002 -1.5311332932e-001 -1.0354930433e+000
0 0 0
2 0 26 13.1600 -113.7800 1 26 22.9000 -115.0000
6.7641180013e-003 -1.6213652514e-001 -1.0350850864e+000
0 0 0
2 0 27 5.0000 -120.4400 1 27 20.8300 -123.2800
-8.0666673433e-003 -1.7342956863e-001 -1.0309877365e+000
0 0 0
2 0 28 -6.0000 -129.1200 1 28 15.8700 -134.5300
-1.8768614563e-002 -1.8267040344e-001 -1.0247287448e+000
0 0 0
2 0 29 -14.0000 -136.3600 1 29 10.7900 -144.3600
-3.0242335944e-002 -1.9118164801e-001 -1.0210605575e+000
0 0 0
2 0 30 -22.7600 -143.9100 1 30 6.5700 -152.0000
-4.2116180387e-002 -1.9854683457e-001 -1.0134720240e+000
0 0 0
2 0 31 -31.9100 -150.4100 1 31 -0.1500 -160.5400
-5.4444102012e-002 -2.0286495183e-001 -1.0063317119e+000
0 0 0
2 0 32 -41.5500 -154.8200 1 32 -7.5300 -166.6700
-7.1952784254e-002 -2.0502875228e-001 -9.9770639016e-001
0 0 0
2 0 33 -55.3800 -157.7600 1 33 -18.0000 -172.3600
-9.1208275296e-002 -2.0386766768e-001 -9.9182274822e-001
0 0 0
2 0 34 -70.6400 -158.0000 1 34 -28.1700 -175.0000
-1.0668322563e-001 -2.0048153389e-001 -9.8106102562e-001
0 0 0
2 0 35 -83.5100 -156.9000 1 35 -40.1800 -177.1800
-1.2336439476e-001 -1.9561291662e-001 -9.7336464376e-001
0 0 0
2 0 36 -97.3100 -154.0900 1 36 -51.0000 -177.8300
-1.3177057834e-001 -1.8922995841e-001 -9.5969013094e-001
0 0 0
2 0 37 -105.4300 -151.2400 1 37 -63.0000 -177.5700
-1.3573406707e-001 -1.8301533824e-001 -9.4753731535e-001
0 0 0
2 0 38 -110.0200 -148.3800 1 38 -72.7900 -176.3600
-1.3282213981e-001 -1.8014226585e-001 -9.3545027436e-001
0 0 0
2 0 39 -109.0500 -147.9300 1 39 -79.7700 -176.8500
-1.2212284268e-001 -1.8209253111e-001 -9.2472888104e-001
0 0 0
2 0 40 -101.4300 -151.2800 1 40 -82.6200 -179.3800
-1.1133738308e-001 -1.8503139996e-001 -9.1673812109e-001
0 0 0
2 0 41 -93.2700 -154.9800 1 41 -83.5900 -182.1200
-1.0028400119e-001 -1.8667304564e-001 -9.1188363383e-001
0 0 0
2 0 42 -84.4700 -157.3100 1 42 -82.9000 -183.0000
-8.7579383988e-002 -1.8818131604e-001 -9.1003874402e-001
0 0 0
2 0 43 -73.9100 -158.8100 1 43 -79.8000 -183.1300
-7.2803859034e-002 -1.9371652819e-001 -9.1407177639e-001
0 0 0
2 0 44 -61.1900 -162.9600 1 44 -71.3100 -184.1200
-5.1096727426e-002 -2.0149341912e-001 -9.2261958034e-001
0 0 0
2 0 45 -42.5400 -167.7900 1 45 -56.9000 -185.1900
-3.0174955858e-002 -2.0691392387e-001 -9.3208605705e-001
0 0 0
2 0 46 -24.8800 -170.6600 1 46 -42.4500 -184.1500
-8.8180656825e-003 -2.0731095591e-001 -9.4165189355e-001
0 0 0
2 0 47 -7.2000 -169.1600 1 47 -28.7500 -179.5000
9.7172553529e-003 -2.0341770201e-001 -9.4608516968e-001
0 0 0
2 0 48 7.8700 -165.3000 1 48 -20.2100 -173.0000
3.0527760799e-002 -1.9459447853e-001 -9.4881944157e-001
0 0 0
2 0 49 24.7100 -157.5100 1 49 -13.0000 -163.0000
4.5923209294e-002 -1.8231620166e-001 -9.4675318195e-001
0 0 0
2 0 50 37.2400 -148.0000 1 50 -11.8000 -151.8000
5.8523047564e-002 -1.6445705845e-001 -9.3979289030e-001
0 0 0
2 0 51 47.8000 -134.5900 1 51 -16.4300 -137.7000
6.5208312139e-002 -1.4723149267e-001 -9.2884944316e-001
0 0 0
2 0 52 53.9100 -121.7800 1 52 -25.8800 -126.0000
6.4889128752e-002 -1.2926361420e-001 -9.1193811024e-001
0 0 0
2 0 53 54.6400 -108.9100 1 53 -42.4200 -116.0400
5.7252777788e-002 -1.1636292657e-001 -8.9268084043e-001
0 0 0
2 0 54 49.2700 -100.0200 1 54 -62.0000 -112.0000
4.5166705512e-002 -1.0377418224e-001 -8.7271261947e-001
0 0 0
2 0 55 39.7400 -91.3700 1 55 -83.6900 -108.9200
3.2236263506e-002 -9.4636054515e-002 -8.5774862240e-001
0 0 0
2 0 56 28.8400 -84.8800 1 56 -101.1200 -107.6000
1.8206677786e-002 -9.4816484398e-002 -8.4281589614e-001
0 0 0
2 0 57 16.5700 -86.5300 1 57 -116.2300 -113.8200
6.2674757929e-003 -1.0769900117e-001 -8.3860585231e-001
0 0 0
2 0 58 5.7400 -98.6300 1 58 -119.4800 -127.0900
-1.3016449633e-003 -1.2188402618e-001 -8.4005149656e-001
0 0 0
2 0 59 -1.1900 -111.4300 1 59 -117.0000 -139.0000
-2.8639833605e-003 -1.3673787545e-001 -8.4771827293e-001
0 0 0
2 0 60 -2.6000 -123.9200 1 60 -108.1000 -148.8000
