# Bundle file v0.3
4 61
7.4587674033e+002 -1.0065995335e-003 -5.1837557195e-005
9.9999391117e-001 -1.5583078158e-004 3.4861633814e-003
1.4442287353e-004 9.9999463541e-001 3.2723513504e-003
-3.4866546126e-003 -3.2718279439e-003 9.9998856913e-001
3.5642863055e-003 2.6662537689e-003 2.4782540428e-002
7.8656143555e+002 -1.6034927206e-003 -2.0200346036e-004
4.9624064207e-001 -3.5540413805e-001 -7.9210676289e-001
3.4637023572e-001 9.1766148483e-001 -1.9474357258e-001
7.9609853974e-001 -1.7772253068e-001 5.7848233950e-001
-8.5204934019e-001 -2.2263497963e-001 -5.0439037261e-001
0 0 0
0 0 0
0 0 0
0 0 0
0 0 0
0 0 0
0 0 0
0 0 0
0 0 0
0 0 0
-1.2719023651e-002 -1.4416334421e-001 -9.5585322891e-001
0 0 0
2 0 0 -10.0000 -116.0000 1 0 -37.7500 -130.6700
-3.2381950160e-003 -1.4520937703e-001 -9.5646023385e-001
0 0 0
2 0 1 -2.3900 -116.6800 1 1 -33.7800 -129.8300
3.9064794961e-003 -1.4379428286e-001 -9.5632443356e-001
0 0 0
2 0 2 3.3000 -115.8000 1 2 -31.7600 -127.4100
1.1811127502e-002 -1.4230438617e-001 -9.5650682003e-001
0 0 0
2 0 3 9.6400 -114.5000 1 3 -29.2100 -125.0500
2.2220433616e-002 -1.3889549092e-001 -9.5590777675e-001
0 0 0
2 0 4 18.0000 -111.7500 1 4 -26.7300 -121.0000
3.5027453685e-002 -1.3312732955e-001 -9.5547028264e-001
0 0 0
2 0 5 28.2700 -107.2000 1 5 -23.8900 -114.5600
4.2691432020e-002 -1.2602917461e-001 -9.4684623666e-001
0 0 0
2 0 6 34.7900 -102.2100 1 6 -28.4700 -110.0000
4.0168268853e-002 -1.2374703758e-001 -9.3908693008e-001
0 0 0
2 0 7 33.0700 -101.0500 1 7 -35.0000 -110.6100
3.7055833774e-002 -1.2032802832e-001 -9.2551487296e-001
0 0 0
2 0 8 31.0000 -99.9000 1 8 -45.9500 -111.4100
3.2803596783e-002 -1.2208637742e-001 -9.1564699456e-001
0 0 0
2 0 9 27.8200 -102.4000 1 9 -53.4800 -115.7600
2.6341445437e-002 -1.3197200214e-001 -9.1034963263e-001
0 0 0
2 0 10 22.5700 -111.2600 1 10 -56.5500 -125.6400
1.4494522642e-002 -1.4615432278e-001 -9.0464981216e-001
0 0 0
2 0 11 12.6700 -124.1400 1 11 -60.6200 -139.5200
7.1634421613e-003 -1.5873805353e-001 -9.0492916236e-001
0 0 0
2 0 12 6.4400 -134.8700 1 12 -59.5700 -150.0000
3.0218669852e-003 -1.7155508952e-001 -9.0902206837e-001
0 0 0
2 0 13 2.8500 -145.5400 1 13 -54.9100 -158.7800
2.9074712862e-003 -1.8130488551e-001 -9.1696565059e-001
0 0 0
2 0 14 2.8000 -151.6400 1 14 -47.0000 -165.0000
8.8882231449e-003 -1.8583371625e-001 -9.2331981035e-001
0 0 0
2 0 15 7.6900 -154.6900 1 15 -39.5700 -165.6100
1.9138146103e-002 -1.8439948030e-001 -9.3293479396e-001
0 0 0
2 0 16 16.0000 -151.9200 1 16 -30.0400 -160.6500
3.2739751899e-002 -1.7877191423e-001 -9.4703331113e-001
0 0 0
2 0 17 26.7200 -145.0600 1 17 -17.5000 -150.9500
4.3987274019e-002 -1.6987371990e-001 -9.5950376718e-001
0 0 0
2 0 18 35.3900 -135.3700 1 18 -7.6700 -140.1900
5.1229667250e-002 -1.6210965762e-001 -9.7484053656e-001
0 0 0
2 0 19 40.3900 -127.6800 1 19 2.5000 -129.0500
5.5284807606e-002 -1.5566309481e-001 -9.8586333896e-001
0 0 0
2 0 20 43.0200 -121.4000 1 20 9.0900 -120.9100
5.7390227412e-002 -1.4705389831e-001 -9.9847858126e-001
0 0 0
2 0 21 44.0500 -113.1800 1 21 15.2500 -111.5000
5.4900100142e-002 -1.4065677903e-001 -1.0105566223e+000
0 0 0
2 0 22 41.6100 -106.8600 1 22 19.7900 -104.8400
5.0669659329e-002 -1.3751849394e-001 -1.0187574974e+000
0 0 0
2 0 23 38.0600 -103.7100 1 23 22.1200 -101.5900
4.0559710384e-002 -1.3886005086e-001 -1.0272343190e+000
0 0 0
2 0 24 30.1500 -104.1500 1 24 23.4400 -102.3900
3.0756999831e-002 -1.4360054584e-001 -1.0318230486e+000
0 0 0
2 0 25 22.7600 -107.0700 1 25 23.5900 -106.7100
1.7860072705e-002 -1.5309850308e-001 -1.0348554776e+000
0 0 0
2 0 26 13.1600 -113.7800 1 26 22.9000 -115.0000
6.7962915794e-003 -1.6211476683e-001 -1.0344291465e+000
0 0 0
2 0 27 5.0000 -120.4400 1 27 20.8300 -123.2800
-8.1019544318e-003 -1.7339654612e-001 -1.0303328241e+000
0 0 0
2 0 28 -6.0000 -129.1200 1 28 15.8700 -134.5300
-1.8860714508e-002 -1.8262957150e-001 -1.0240928660e+000
0 0 0
2 0 29 -14.0000 -136.3600 1 29 10.7900 -144.3600
-3.0379351078e-002 -1.9112743516e-001 -1.0204219498e+000
0 0 0
2 0 30 -22.7600 -143.9100 1 30 6.5700 -152.0000
-4.2308938899e-002 -1.9847808932e-001 -1.0128566092e+000
0 0 0
2 0 31 -31.9100 -150.4100 1 31 -0.1500 -160.5400
-5.4687318911e-002 -2.0277740377e-001 -1.0057389754e+000
0 0 0
2 0 32 -41.5500 -154.8200 1 32 -7.5300 -166.6700
-7.2256815252e-002 -2.0491181940e-001 -9.9714355706e-001
0 0 0
2 0 33 -55.3800 -157.7600 1 33 -18.0000 -172.3600
-9.1562952357e-002 -2.0371758504e-001 -9.9128060694e-001
0 0 0
2 0 34 -70.6400 -158.0000 1 34 -28.1700 -175.0000
-1.0708178830e-001 -2.0030247180e-001 -9.8056636067e-001
0 0 0
2 0 35 -83.5100 -156.9000 1 35 -40.1800 -177.1800
-1.2379760475e-001 -1.9540524657e-001 -9.7290690018e-001
0 0 0
2 0 36 -97.3100 -154.0900 1 36 -51.0000 -177.8300
-1.3222174947e-001 -1.8900167684e-001 -9.5928671683e-001
0 0 0
2 0 37 -105.4300 -151.2400 1 37 -63.0000 -177.5700
-1.3619153823e-001 -1.8277334709e-001 -9.4717667517e-001
0 0 0
2 0 38 -110.0200 -148.3800 1 38 -72.7900 -176.3600
-1.3327763349e-001 -1.7989434762e-001 -9.3512044135e-001
0 0 0
2 0 39 -109.0500 -147.9300 1 39 -79.7700 -176.8500
-1.2257325122e-001 -1.8184742362e-001 -9.2441407325e-001
0 0 0
2 0 40 -101.4300 -151.2800 1 40 -82.6200 -179.3800
-1.1178747454e-001 -1.8479137263e-001 -9.1643305876e-001
0 0 0
2 0 41 -93.2700 -154.9800 1 41 -83.5900 -182.1200
-1.0073660123e-001 -1.8644308426e-001 -9.1158854026e-001
0 0 0
2 0 42 -84.4700 -157.3100 1 42 -82.9000 -183.0000
-8.8035613120e-002 -1.8796850188e-001 -9.0975576252e-001
0 0 0
2 0 43 -73.9100 -158.8100 1 43 -79.8000 -183.1300
-7.3254145816e-002 -1.9353178051e-001 -9.1378652780e-001
0 0 0
2 0 44 -61.1900 -162.9600 1 44 -71.3100 -184.1200
-5.1525446809e-002 -2.0135682354e-001 -9.2233240114e-001
0 0 0
2 0 45 -42.5400 -167.7900 1 45 -56.9000 -185.1900
-3.0565168448e-002 -2.0682761812e-001 -9.3179685490e-001
0 0 0
2 0 46 -24.8800 -170.6600 1 46 -42.4500 -184.1500
-9.1541146567e-003 -2.0727410155e-001 -9.4137028263e-001
0 0 0
2 0 47 -7.2000 -169.1600 1 47 -28.7500 -179.5000
9.4275509056e-003 -2.0341630185e-001 -9.4582808634e-001
0 0 0
2 0 48 7.8700 -165.3000 1 48 -20.2100 -173.0000
3.0291315299e-002 -1.9462457292e-001 -9.4860763258e-001
0 0 0
2 0 49 24.7100 -157.5100 1 49 -13.0000 -163.0000
4.5715896468e-002 -1.8235730282e-001 -9.4660009126e-001
0 0 0
2 0 50 37.2400 -148.0000 1 50 -11.8000 -151.8000
5.8319044790e-002 -1.6449018517e-001 -9.3972166664e-001
0 0 0
2 0 51 47.8000 -134.5900 1 51 -16.4300 -137.7000
6.4972292434e-002 -1.4724232002e-001 -9.2885959018e-001
0 0 0
2 0 52 53.9100 -121.7800 1 52 -25.8800 -126.0000
6.4573817541e-002 -1.2923584670e-001 -9.1202717580e-001
0 0 0
2 0 53 54.6400 -108.9100 1 53 -42.4200 -116.0400
5.6831990627e-002 -1.1629439904e-001 -8.9281508215e-001
0 0 0
2 0 54 49.2700 -100.0200 1 54 -62.0000 -112.0000
4.4640511364e-002 -1.0366458480e-001 -8.7286452556e-001
0 0 0
2 0 55 39.7400 -91.3700 1 55 -83.6900 -108.9200
3.1639857358e-002 -9.4497703756e-002 -8.5789261493e-001
0 0 0
2 0 56 28.8400 -84.8800 1 56 -101.1200 -107.6000
1.7549796858e-002 -9.4656536272e-002 -8.4292104702e-001
0 0 0
2 0 57 16.5700 -86.5300 1 57 -116.2300 -113.8200
5.5978496471e-003 -1.0752838374e-001 -8.3865489199e-001
0 0 0
2 0 58 5.7400 -98.6300 1 58 -119.4800 -127.0900
-1.9636656186e-003 -1.2170857932e-001 -8.4005764276e-001
0 0 0
2 0 59 -1.1900 -111.4300 1 59 -117.0000 -139.0000
-3.5032965457e-003 -1.3657104734e-001 -8.4769923733e-001
0 0 0
2 0 60 -2.6000 -123.9200 1 60 -108.1000 -148.8000
