# Bundle file v0.3
4 79
7.6800000000e+002 0.0000000000e+000 0.0000000000e+000
1.0000000000e+000 0.0000000000e+000 0.0000000000e+000
0.0000000000e+000 1.0000000000e+000 0.0000000000e+000
0.0000000000e+000 0.0000000000e+000 1.0000000000e+000
-0.0000000000e+000 -0.0000000000e+000 -0.0000000000e+000
7.6800000000e+002 0.0000000000e+000 0.0000000000e+000
4.5816046246e-001 -3.9045458435e-001 -7.9852001114e-001
4.1158798451e-001 8.8943336307e-001 -1.9875518527e-001
7.8783521224e-001 -2.3759947438e-001 5.6820961636e-001
-8.8749363746e-001 -1.8829145010e-001 -4.2059644945e-001
0 0 0
0 0 0
0 0 0
0 0 0
0 0 0
0 0 0
0 0 0
0 0 0
0 0 0
0 0 0
-1.4246551020e-001 -7.6966427975e-002 -1.0384928292e+000
0 0 0
2 0 0 -105.3200 -56.7800 1 0 -64.9500 -75.9200
-1.4229241192e-001 -7.6626280917e-002 -1.0391838013e+000
0 0 0
2 0 1 -105.1600 -56.6300 1 1 -64.6100 -75.3900
-1.3574374300e-001 -7.5799944886e-002 -1.0405439824e+000
0 0 0
2 0 2 -100.1600 -55.8400 1 2 -62.2100 -73.2100
-1.2927123057e-001 -7.6870435177e-002 -1.0396579988e+000
0 0 0
2 0 3 -95.4700 -56.7000 1 3 -60.6700 -72.5000
-1.2301361643e-001 -7.8184096651e-002 -1.0376632867e+000
0 0 0
2 0 4 -91.0300 -57.8100 1 4 -59.7700 -72.1800
-1.1091778042e-001 -7.4422847267e-002 -1.0340019461e+000
0 0 0
2 0 5 -82.3900 -55.3000 1 5 -59.5600 -67.4000
-1.0076294384e-001 -6.8586322187e-002 -1.0271986210e+000
0 0 0
2 0 6 -75.3200 -51.2200 1 6 -62.3300 -62.3800
-9.4476178629e-002 -6.3984617634e-002 -1.0212761320e+000
0 0 0
2 0 7 -71.0500 -48.1300 1 7 -65.4100 -58.7400
-8.6912306575e-002 -5.5917375094e-002 -1.0137629907e+000
0 0 0
2 0 8 -65.8800 -42.4900 1 8 -70.1000 -52.6600
-8.2482339217e-002 -4.8733757885e-002 -1.0090164697e+000
0 0 0
2 0 9 -62.5300 -36.2500 1 9 -73.5500 -48.5900
-7.8346600957e-002 -4.0185542078e-002 -1.0042337105e+000
0 0 0
2 0 10 -59.9400 -30.8100 1 10 -77.8900 -41.6400
-7.4686066403e-002 -2.9126769233e-002 -9.9927014829e-001
0 0 0
2 0 11 -57.4300 -22.4800 1 11 -83.0000 -34.1000
-7.2318139561e-002 -2.0557923197e-002 -9.9228718012e-001
0 0 0
2 0 12 -56.0000 -16.0000 1 12 -89.1100 -28.8900
-7.0201862330e-002 -1.6631132159e-002 -9.8403033146e-001
0 0 0
2 0 13 -54.7900 -12.9800 1 13 -94.8900 -27.1100
-6.9344938613e-002 -2.2217805460e-002 -9.7504426247e-001
0 0 0
2 0 14 -54.6200 -17.5000 1 14 -99.0000 -32.1000
-6.8071279957e-002 -3.4716162358e-002 -9.7190716105e-001
0 0 0
2 0 15 -53.3200 -25.9000 1 15 -97.0000 -42.3900
-6.7490338435e-002 -5.3649412914e-002 -9.6866400407e-001
0 0 0
2 0 16 -53.4900 -42.4700 1 16 -94.1200 -54.1800
-6.8802720892e-002 -7.6537093078e-002 -9.6787242309e-001
0 0 0
2 0 17 -54.5800 -60.6800 1 17 -88.7000 -70.4900
-6.9961601707e-002 -9.5239466695e-002 -9.7167937791e-001
0 0 0
2 0 18 -55.2600 -75.1400 1 18 -81.3100 -83.1700
-7.1245830138e-002 -1.0278753284e-001 -9.8341348407e-001
0 0 0
2 0 19 -55.0000 -77.8600 1 19 -71.5300 -88.8100
-7.1571424797e-002 -1.1379439790e-001 -1.0041275567e+000
0 0 0
2 0 20 -54.6200 -86.5700 1 20 -55.6400 -90.3300
-7.3673493753e-002 -1.1250386147e-001 -1.0301427817e+000
0 0 0
2 0 21 -54.7800 -83.3200 1 21 -40.4300 -84.9300
-7.6760707054e-002 -1.0493973022e-001 -1.0525154385e+000
0 0 0
2 0 22 -56.1200 -76.9800 1 22 -30.1100 -75.3700
-8.3362067276e-002 -9.4161801718e-002 -1.0648528925e+000
0 0 0
2 0 23 -59.9800 -67.3900 1 23 -27.6500 -68.5800
-8.6392411613e-002 -8.1470682891e-002 -1.0728479293e+000
0 0 0
2 0 24 -61.7400 -57.9500 1 24 -27.3900 -59.5200
-8.8177662781e-002 -7.0413391671e-002 -1.0767918415e+000
0 0 0
2 0 25 -63.0800 -50.8800 1 25 -28.8300 -51.1200
-9.3104554551e-002 -6.2024987896e-002 -1.0828612161e+000
0 0 0
2 0 26 -66.1200 -44.2900 1 26 -29.0000 -46.3900
-1.0671464142e-001 -6.1718065423e-002 -1.0900029347e+000
0 0 0
2 0 27 -75.2400 -43.6600 1 27 -29.0400 -48.6000
-1.1922318303e-001 -7.5109647159e-002 -1.0895667201e+000
0 0 0
2 0 28 -83.6100 -51.4200 1 28 -29.1400 -61.9000
-1.3607025729e-001 -9.3058938288e-002 -1.0873477438e+000
0 0 0
2 0 29 -96.2900 -66.4100 1 29 -31.0400 -75.1200
-1.4269135710e-001 -1.1440451748e-001 -1.0804016395e+000
0 0 0
2 0 30 -101.5200 -81.6700 1 30 -31.2500 -91.5700
-1.4338358980e-001 -1.3071685238e-001 -1.0806756764e+000
0 0 0
2 0 31 -101.6400 -91.8500 1 31 -26.8000 -103.4400
-1.3756903327e-001 -1.4351635731e-001 -1.0851975813e+000
0 0 0
2 0 32 -97.2000 -100.9100 1 32 -19.2000 -109.0800
-1.2759965830e-001 -1.4741947508e-001 -1.0876462618e+000
0 0 0
2 0 33 -90.0000 -103.6800 1 33 -13.7700 -108.7700
-1.1918149075e-001 -1.4440501131e-001 -1.0926457393e+000
0 0 0
2 0 34 -83.7900 -101.5800 1 34 -9.2300 -103.5800
-1.0800747596e-001 -1.3426320548e-001 -1.0929322788e+000
0 0 0
2 0 35 -75.9500 -94.5600 1 35 -8.3300 -94.4400
-9.9578584954e-002 -1.1880783060e-001 -1.0924017878e+000
0 0 0
2 0 36 -69.6500 -82.1500 1 36 -9.9200 -84.3100
-9.6562605739e-002 -1.0083078871e-001 -1.0876075369e+000
0 0 0
2 0 37 -68.3400 -71.7700 1 37 -16.9200 -70.9200
-9.6845293198e-002 -8.4314635582e-002 -1.0788591752e+000
0 0 0
2 0 38 -69.0600 -60.4500 1 38 -26.4700 -62.0700
-9.6996469978e-002 -7.3520048431e-002 -1.0692700459e+000
0 0 0
2 0 39 -69.5100 -52.2500 1 39 -34.7900 -57.8600
-9.3204924061e-002 -6.1913976586e-002 -1.0522497367e+000
0 0 0
2 0 40 -68.1200 -45.5100 1 40 -46.9600 -51.4100
-8.8141776676e-002 -4.9809307203e-002 -1.0372682121e+000
0 0 0
2 0 41 -65.0000 -36.0000 1 41 -57.4800 -46.0400
-8.1523075922e-002 -3.9183734785e-002 -1.0138083446e+000
0 0 0
2 0 42 -61.5500 -29.0000 1 42 -72.8900 -41.0400
-7.6026069615e-002 -3.3931870511e-002 -9.8996785851e-001
0 0 0
2 0 43 -59.0000 -26.3900 1 43 -88.0000 -39.2600
-7.1477025948e-002 -3.6781771366e-002 -9.6844132294e-001
0 0 0
2 0 44 -56.5800 -28.8300 1 44 -99.8900 -44.0600
-7.0812914716e-002 -4.6716869681e-002 -9.5387718068e-001
0 0 0
2 0 45 -57.2900 -38.5400 1 45 -106.9400 -51.9100
-7.0530400019e-002 -6.0495788598e-002 -9.4771606978e-001
0 0 0
2 0 46 -57.0100 -48.5200 1 46 -106.9400 -64.0900
-7.0108543686e-002 -7.9193570969e-002 -9.5474613952e-001
0 0 0
2 0 47 -56.2000 -63.0000 1 47 -96.9200 -75.9200
-7.5510045984e-002 -9.5913792013e-002 -9.6920626108e-001
0 0 0
2 0 48 -60.1200 -77.0700 1 48 -84.5400 -84.2300
-8.7861841002e-002 -1.0674612030e-001 -9.8418337602e-001
0 0 0
2 0 49 -68.4300 -82.7900 1 49 -75.0700 -93.4100
-1.0284031603e-001 -1.0986404919e-001 -9.8568176543e-001
0 0 0
2 0 50 -79.9900 -85.0600 1 50 -77.5000 -98.7900
-1.1638897359e-001 -1.1098284096e-001 -9.7399150777e-001
0 0 0
2 0 51 -91.6800 -87.1400 1 51 -88.4100 -104.8300
-1.2268584107e-001 -1.0766657466e-001 -9.5815476634e-001
0 0 0
2 0 52 -98.2900 -86.1100 1 52 -101.1900 -107.0300
-1.2426803460e-001 -9.4095525761e-002 -9.3588845076e-001
0 0 0
2 0 53 -102.0000 -77.3100 1 53 -119.8300 -102.3400
-1.2331026117e-001 -6.9144727098e-002 -9.1446777533e-001
0 0 0
2 0 54 -103.5600 -58.0700 1 54 -140.5000 -89.3600
-1.2448489024e-001 -4.7126967991e-002 -9.0172523427e-001
0 0 0
2 0 55 -106.0900 -40.3700 1 55 -155.2400 -76.7100
-1.2271007291e-001 -1.7775655658e-002 -8.9037554606e-001
0 0 0
2 0 56 -105.9500 -15.6800 1 56 -170.2600 -58.1100
-1.1849283934e-001 -1.8058960647e-003 -8.8846361464e-001
0 0 0
2 0 57 -102.4800 -1.7300 1 57 -174.7200 -46.6200
-1.1254057082e-001 1.0673492884e-002 -8.9254696434e-001
0 0 0
2 0 58 -96.8800 9.0500 1 58 -173.7700 -35.8100
-1.0542936730e-001 1.5728463766e-002 -8.9949045671e-001
0 0 0
2 0 59 -90.0500 13.3300 1 59 -168.6900 -29.2300
-9.5784277296e-002 1.3408034498e-002 -9.0781250489e-001
0 0 0
2 0 60 -81.0500 11.2900 1 60 -160.1900 -26.6900
-8.7033864592e-002 2.5893859108e-003 -9.1555148213e-001
0 0 0
2 0 61 -73.0600 2.0100 1 61 -150.0600 -30.1100
-7.4671437971e-002 -1.5733040627e-002 -9.3104211523e-001
0 0 0
2 0 62 -61.6400 -13.1200 1 62 -131.5900 -36.5100
-6.2621708168e-002 -3.4445638992e-002 -9.5347827701e-001
0 0 0
2 0 63 -50.4600 -27.8100 1 63 -108.2000 -42.1700
-5.6040086560e-002 -4.7437501594e-002 -9.7256338631e-001
0 0 0
2 0 64 -44.2500 -37.4500 1 64 -90.1000 -46.0000
-5.2241701897e-002 -6.3417256724e-002 -9.9814088262e-001
0 0 0
2 0 65 -40.2300 -48.9100 1 65 -67.9200 -51.2500
-5.5740055951e-002 -7.9602065472e-002 -1.0194789290e+000
0 0 0
2 0 66 -42.0000 -60.0000 1 66 -50.8700 -59.4700
-6.4937700381e-002 -9.3959210996e-002 -1.0325827771e+000
0 0 0
2 0 67 -47.9100 -68.4700 1 67 -41.2700 -70.6500
-8.0285209604e-002 -1.0425971259e-001 -1.0404218476e+000
0 0 0
2 0 68 -59.2500 -76.9100 1 68 -38.5800 -78.5000
-9.9451182315e-002 -1.0925717167e-001 -1.0474288252e+000
0 0 0
2 0 69 -72.9200 -80.1100 1 69 -38.8300 -85.0000
-1.1566049435e-001 -1.0996410876e-001 -1.0502643610e+000
0 0 0
2 0 70 -84.5500 -80.3100 1 70 -41.7700 -88.7700
-1.3509692562e-001 -1.0656992713e-001 -1.0474580022e+000
0 0 0
2 0 71 -99.0000 -77.9300 1 71 -49.9300 -91.5900
-1.4413548417e-001 -1.0055764639e-001 -1.0437959315e+000
0 0 0
2 0 72 -106.0000 -73.7900 1 72 -56.1900 -90.4200
-1.4528099459e-001 -9.6278477121e-002 -1.0432608898e+000
0 0 0
2 0 73 -107.0000 -71.0700 1 73 -58.0000 -87.6200
-1.4026707592e-001 -9.1658549392e-002 -1.0451056209e+000
0 0 0
2 0 74 -103.0000 -67.0700 1 74 -56.6400 -83.7300
-1.3321205238e-001 -8.7457253025e-002 -1.0482527494e+000
0 0 0
2 0 75 -97.5100 -63.7500 1 75 -53.9100 -78.9100
-1.3063323552e-001 -8.5087658944e-002 -1.0512285039e+000
0 0 0
2 0 76 -95.4500 -62.2100 1 76 -52.1300 -75.8700
-1.2922444896e-001 -8.4319129720e-002 -1.0510862330e+000
0 0 0
2 0 77 -94.4100 -61.5700 1 77 -52.0000 -75.1700
-1.2868038786e-001 -8.4721891135e-002 -1.0505758131e+000
0 0 0
2 0 78 -94.0000 -61.6800 1 78 -52.0000 -75.6200
