# Bundle file v0.3
4 79
5.8414271652e+002 -1.1803703932e-002 -1.4617488218e-003
9.9765170836e-001 3.4705995662e-002 -5.9047122414e-002
-3.2585905763e-002 9.9880234515e-001 3.6497041960e-002
6.0243070521e-002 -3.4487232295e-002 9.9758779226e-001
-6.5736860236e-002 2.6921432465e-002 2.2685993400e-001
6.3703650245e+002 -8.2834737219e-002 -9.5710713383e-003
5.8525791304e-001 -3.8982527377e-001 -7.1099186434e-001
3.8905122494e-001 9.0432917072e-001 -1.7557874406e-001
7.1141571503e-001 -1.7385340642e-001 6.8092780342e-001
-7.8352172117e-001 -1.7331271643e-001 -1.3654010117e-001
5.7325869391e+002 2.1944522837e-002 3.1440835917e-003
-5.3866605284e-001 3.8077050800e-001 7.5156683253e-001
-4.7726871563e-001 5.9720830057e-001 -6.4463696668e-001
-6.9430069610e-001 -7.0594338723e-001 -1.3996598669e-001
6.4976335471e-001 -6.9298363420e-001 -9.7600367127e-001
5.5105520822e+002 -4.4123747666e-002 -3.3651884256e-003
-9.8313141394e-001 -2.7064712052e-002 1.8088704842e-001
-1.6760237322e-001 5.2926350140e-001 -8.3173889568e-001
-7.3226138890e-002 -8.4802573514e-001 -5.2487168444e-001
1.4859748404e-001 -7.9552829948e-001 -1.2349187558e+000
-1.4149804615e-001 -7.3465494167e-002 -1.0435075767e+000
0 0 0
4 0 0 -105.3200 -56.7800 1 0 -64.9500 -75.9200 2 0 -72.6700 2.6700 3 0 90.3800 51.3300
-1.4115838328e-001 -7.3232060743e-002 -1.0437401604e+000
0 0 0
4 0 1 -105.1600 -56.6300 1 1 -64.6100 -75.3900 2 1 -73.0000 3.0000 3 1 90.0800 51.1500
-1.3503979417e-001 -7.1755300243e-002 -1.0454785447e+000
0 0 0
4 0 2 -100.1600 -55.8400 1 2 -62.2100 -73.2100 2 2 -75.6700 2.3300 3 2 84.2300 52.4100
-1.2823375931e-001 -7.2556690719e-002 -1.0430332980e+000
0 0 0
4 0 3 -95.4700 -56.7000 1 3 -60.6700 -72.5000 2 3 -76.8400 -2.1900 3 3 78.9500 49.0500
-1.2017805077e-001 -7.3374151245e-002 -1.0392681226e+000
0 0 0
4 0 4 -91.0300 -57.8100 1 4 -59.7700 -72.1800 2 4 -77.9200 -7.0000 3 4 71.5200 44.0700
-1.0858628068e-001 -6.9477988284e-002 -1.0334392269e+000
0 0 0
4 0 5 -82.3900 -55.3000 1 5 -59.5600 -67.4000 2 5 -77.0000 -14.0000 3 5 63.2800 40.0600
-9.6468294188e-002 -6.2811522202e-002 -1.0240574666e+000
0 0 0
4 0 6 -75.3200 -51.2200 1 6 -62.3300 -62.3800 2 6 -73.0000 -19.9000 3 6 52.4900 34.1700
-8.8424166140e-002 -5.7621908093e-002 -1.0156558721e+000
0 0 0
4 0 7 -71.0500 -48.1300 1 7 -65.4100 -58.7400 2 7 -68.7400 -23.7400 3 7 45.3700 28.5400
-7.9996383668e-002 -4.9366717612e-002 -1.0059729315e+000
0 0 0
4 0 8 -65.8800 -42.4900 1 8 -70.1000 -52.6600 2 8 -63.1700 -27.7200 3 8 39.0500 23.8300
-7.5266562087e-002 -4.2052129951e-002 -9.9999350551e-001
0 0 0
4 0 9 -62.5300 -36.2500 1 9 -73.5500 -48.5900 2 9 -58.8100 -28.6700 3 9 35.5100 21.8500
-7.0857641437e-002 -3.3304660598e-002 -9.9423115430e-001
0 0 0
4 0 10 -59.9400 -30.8100 1 10 -77.8900 -41.6400 2 10 -53.9200 -28.8500 3 10 32.0000 21.0000
-6.6930866712e-002 -2.2223062612e-002 -9.8789559484e-001
0 0 0
4 0 11 -57.4300 -22.4800 1 11 -83.0000 -34.1000 2 11 -47.9200 -27.7300 3 11 29.0000 20.3200
-6.4170809308e-002 -1.4073110890e-002 -9.8090190699e-001
0 0 0
4 0 12 -56.0000 -16.0000 1 12 -89.1100 -28.8900 2 12 -43.4200 -27.9200 3 12 27.3100 18.0900
-6.0895826116e-002 -1.0277272243e-002 -9.6945631731e-001
0 0 0
4 0 13 -54.7900 -12.9800 1 13 -94.8900 -27.1100 2 13 -36.2400 -32.2000 3 13 26.0000 11.1100
-5.9337155045e-002 -1.5720507442e-002 -9.6063417129e-001
0 0 0
4 0 14 -54.6200 -17.5000 1 14 -99.0000 -32.1000 2 14 -33.4500 -40.5300 3 14 26.0600 4.7100
-5.6952873810e-002 -2.7967527476e-002 -9.5572685728e-001
0 0 0
4 0 15 -53.3200 -25.9000 1 15 -97.0000 -42.3900 2 15 -35.2300 -48.2300 3 15 25.3200 -4.9700
-5.4991810171e-002 -4.6903837988e-002 -9.5130093782e-001
0 0 0
4 0 16 -53.4900 -42.4700 1 16 -94.1200 -54.1800 2 16 -40.0900 -60.5800 3 16 25.7000 -16.4400
-5.5247948886e-002 -6.9243787001e-002 -9.5020533907e-001
0 0 0
4 0 17 -54.5800 -60.6800 1 17 -88.7000 -70.4900 2 17 -46.6800 -72.6100 3 17 27.1400 -27.0000
-5.6781996718e-002 -8.6311383377e-002 -9.5468614240e-001
0 0 0
4 0 18 -55.2600 -75.1400 1 18 -81.3100 -83.1700 2 18 -52.7800 -78.2000 3 18 28.0000 -31.1100
-5.6942081984e-002 -9.6126972614e-002 -9.6620891585e-001
0 0 0
4 0 19 -55.0000 -77.8600 1 19 -71.5300 -88.8100 2 19 -66.4700 -78.4500 3 19 28.1800 -30.4000
-6.1052170329e-002 -1.0593385570e-001 -9.9317720964e-001
0 0 0
4 0 20 -54.6200 -86.5700 1 20 -55.6400 -90.3300 2 20 -83.8000 -68.2800 3 20 27.8800 -14.0000
-6.4904041390e-002 -1.0483880387e-001 -1.0198402721e+000
0 0 0
4 0 21 -54.7800 -83.3200 1 21 -40.4300 -84.9300 2 21 -96.6000 -55.5100 3 21 27.9100 8.9100
-7.0624821780e-002 -9.8204873495e-002 -1.0453031992e+000
0 0 0
4 0 22 -56.1200 -76.9800 1 22 -30.1100 -75.3700 2 22 -109.1500 -33.8300 3 22 29.3400 28.9700
-7.9384669501e-002 -8.8001295472e-002 -1.0634111808e+000
0 0 0
4 0 23 -59.9800 -67.3900 1 23 -27.6500 -68.5800 2 23 -113.2900 -18.6600 3 23 33.8500 51.7900
-8.4354367784e-002 -7.5262930125e-002 -1.0743843395e+000
0 0 0
4 0 24 -61.7400 -57.9500 1 24 -27.3900 -59.5200 2 24 -113.3800 -4.5000 3 24 35.9400 66.3800
-8.7094714814e-002 -6.4378827810e-002 -1.0797867503e+000
0 0 0
4 0 25 -63.0800 -50.8800 1 25 -28.8300 -51.1200 2 25 -111.8500 4.5200 3 25 37.0400 75.0800
-9.5472164197e-002 -5.4762069837e-002 -1.0908022987e+000
0 0 0
4 0 26 -66.1200 -44.2900 1 26 -29.0000 -46.3900 2 26 -111.0500 19.1000 3 26 41.9800 89.0800
-1.0896580559e-001 -5.5386162917e-002 -1.1006163356e+000
0 0 0
4 0 27 -75.2400 -43.6600 1 27 -29.0400 -48.6000 2 27 -113.4300 29.2300 3 27 52.0600 99.2800
-1.2492910674e-001 -6.9842460054e-002 -1.1055381546e+000
0 0 0
4 0 28 -83.6100 -51.4200 1 28 -29.1400 -61.9000 2 28 -117.5300 31.9500 3 28 68.4400 101.4600
-1.3926924617e-001 -8.9060458248e-002 -1.1030541149e+000
0 0 0
4 0 29 -96.2900 -66.4100 1 29 -31.0400 -75.1200 2 29 -119.2800 27.4400 3 29 83.4100 95.4500
-1.4660291252e-001 -1.1191435530e-001 -1.0962946832e+000
0 0 0
4 0 30 -101.5200 -81.6700 1 30 -31.2500 -91.5700 2 30 -122.6700 14.8200 3 30 95.9100 82.2200
-1.4634894559e-001 -1.2877470894e-001 -1.0936170656e+000
0 0 0
4 0 31 -101.6400 -91.8500 1 31 -26.8000 -103.4400 2 31 -128.9400 5.5500 3 31 99.2500 71.3200
-1.3993900293e-001 -1.4230070973e-001 -1.0968973554e+000
0 0 0
4 0 32 -97.2000 -100.9100 1 32 -19.2000 -109.0800 2 32 -140.4300 -3.3300 3 32 95.4700 67.4000
-1.3168357085e-001 -1.4688782178e-001 -1.1007932215e+000
0 0 0
4 0 33 -90.0000 -103.6800 1 33 -13.7700 -108.7700 2 33 -149.1100 -7.6600 3 33 88.5000 67.3700
-1.2071876325e-001 -1.4288863204e-001 -1.1028383038e+000
0 0 0
4 0 34 -83.7900 -101.5800 1 34 -9.2300 -103.5800 2 34 -151.9300 -8.9500 3 34 75.5200 69.1100
-1.0934984475e-001 -1.3187859603e-001 -1.1020366249e+000
0 0 0
4 0 35 -75.9500 -94.5600 1 35 -8.3300 -94.4400 2 35 -149.7100 -8.4500 3 35 62.7200 71.1200
-9.9543344436e-002 -1.1554270819e-001 -1.1004370341e+000
0 0 0
4 0 36 -69.6500 -82.1500 1 36 -9.9200 -84.3100 2 36 -144.1600 -5.3300 3 36 50.7500 75.1900
-9.7865156342e-002 -9.5909734069e-002 -1.0963986879e+000
0 0 0
4 0 37 -68.3400 -71.7700 1 37 -16.9200 -70.9200 2 37 -132.4500 2.6600 3 37 47.4900 79.0800
-9.7681598097e-002 -7.8274986835e-002 -1.0867722886e+000
0 0 0
4 0 38 -69.0600 -60.4500 1 38 -26.4700 -62.0700 2 38 -117.9800 5.9300 3 38 46.3600 78.2600
-9.6105968307e-002 -6.7784578572e-002 -1.0732218418e+000
0 0 0
4 0 39 -69.5100 -52.2500 1 39 -34.7900 -57.8600 2 39 -106.1200 3.4300 3 39 46.0200 69.8400
-9.0842280798e-002 -5.5297693554e-002 -1.0529395736e+000
0 0 0
4 0 40 -68.1200 -45.5100 1 40 -46.9600 -51.4100 2 40 -89.8900 -2.8900 3 40 42.5500 57.9800
-8.4269350884e-002 -4.3169087161e-002 -1.0339016728e+000
0 0 0
4 0 41 -65.0000 -36.0000 1 41 -57.4800 -46.0400 2 41 -76.1200 -9.7000 3 41 38.9100 47.3500
-7.5622532328e-002 -3.2241185529e-002 -1.0060793003e+000
0 0 0
4 0 42 -61.5500 -29.0000 1 42 -72.8900 -41.0400 2 42 -58.5200 -21.4800 3 42 34.5600 30.7900
-6.7472178325e-002 -2.7361990614e-002 -9.8001264419e-001
0 0 0
4 0 43 -59.0000 -26.3900 1 43 -88.0000 -39.2600 2 43 -46.6400 -32.2400 3 43 30.2300 11.8900
-6.1776475955e-002 -2.9407401799e-002 -9.5745354941e-001
0 0 0
4 0 44 -56.5800 -28.8300 1 44 -99.8900 -44.0600 2 44 -35.3000 -47.3800 3 44 28.3500 -1.3700
-5.7454962955e-002 -4.0250549637e-002 -9.3525497643e-001
0 0 0
4 0 45 -57.2900 -38.5400 1 45 -106.9400 -51.9100 2 45 -27.5000 -63.5000 3 45 29.2900 -23.8200
-5.5807254823e-002 -5.3714204467e-002 -9.2919934157e-001
0 0 0
4 0 46 -57.0100 -48.5200 1 46 -106.9400 -64.0900 2 46 -29.2300 -75.1000 3 46 29.2400 -32.2700
-5.5677560440e-002 -7.0892838879e-002 -9.3558842075e-001
0 0 0
4 0 47 -56.2000 -63.0000 1 47 -96.9200 -75.9200 2 47 -36.7600 -79.7400 3 47 28.8600 -36.6100
-6.1803737970e-002 -8.8055404883e-002 -9.5375853786e-001
0 0 0
4 0 48 -60.1200 -77.0700 1 48 -84.5400 -84.2300 2 48 -52.6400 -78.6200 3 48 32.5600 -32.0700
-7.6379942471e-002 -9.9584766611e-002 -9.7065417787e-001
0 0 0
4 0 49 -68.4300 -82.7900 1 49 -75.0700 -93.4100 2 49 -60.5600 -73.3400 3 49 44.9400 -23.4200
-9.0000233285e-002 -1.0335651048e-001 -9.7442749944e-001
0 0 0
4 0 50 -79.9900 -85.0600 1 50 -77.5000 -98.7900 2 50 -59.6600 -67.9500 3 50 54.7300 -21.2700
-1.0314352360e-001 -1.0511178804e-001 -9.6470197245e-001
0 0 0
4 0 51 -91.6800 -87.1400 1 51 -88.4100 -104.8300 2 51 -49.4400 -69.8900 3 51 67.2400 -26.5500
-1.0829974205e-001 -1.0252323357e-001 -9.4695480753e-001
0 0 0
4 0 52 -98.2900 -86.1100 1 52 -101.1900 -107.0300 2 52 -35.7400 -75.2800 3 52 74.1900 -38.4200
-1.0750370504e-001 -8.8989300088e-002 -9.2264320149e-001
0 0 0
4 0 53 -102.0000 -77.3100 1 53 -119.8300 -102.3400 2 53 -16.2600 -80.6000 3 53 74.0000 -47.5000
-1.0519084980e-001 -6.4687168739e-002 -8.9952907681e-001
0 0 0
4 0 54 -103.5600 -58.0700 1 54 -140.5000 -89.3600 2 54 4.5400 -79.8500 3 54 71.8100 -50.1400
-1.0560763658e-001 -4.3562092642e-002 -8.8641171968e-001
0 0 0
4 0 55 -106.0900 -40.3700 1 55 -155.2400 -76.7100 2 55 18.4800 -74.6000 3 55 70.7500 -48.1700
-1.0287998801e-001 -1.6356349089e-002 -8.7468402541e-001
0 0 0
4 0 56 -105.9500 -15.6800 1 56 -170.2600 -58.1100 2 56 29.4400 -67.9500 3 56 67.5300 -43.3000
-9.9854616291e-002 -1.6259080432e-004 -8.7219886899e-001
0 0 0
4 0 57 -102.4800 -1.7300 1 57 -174.7200 -46.6200 2 57 35.5300 -60.8300 3 57 63.5000 -38.2200
-9.4968890061e-002 1.1976862500e-002 -8.7597262375e-001
0 0 0
4 0 58 -96.8800 9.0500 1 58 -173.7700 -35.8100 2 58 34.1800 -54.5800 3 58 59.0000 -32.0000
-8.9135974418e-002 1.7322200671e-002 -8.8316675463e-001
0 0 0
4 0 59 -90.0500 13.3300 1 59 -168.6900 -29.2300 2 59 28.8800 -50.4100 3 59 54.0300 -26.4800
-8.0673029804e-002 1.6159088496e-002 -8.9012752726e-001
0 0 0
4 0 60 -81.0500 11.2900 1 60 -160.1900 -26.6900 2 60 23.0800 -50.0300 3 60 47.2600 -23.7400
-7.1100152352e-002 5.8456298403e-003 -8.9838281682e-001
0 0 0
4 0 61 -73.0600 2.0100 1 61 -150.0600 -30.1100 2 61 10.0500 -54.4800 3 61 39.5300 -23.9500
-6.0990352262e-002 -1.1102572062e-002 -9.1419678675e-001
0 0 0
4 0 62 -61.6400 -13.1200 1 62 -131.5900 -36.5100 2 62 -7.6700 -58.4300 3 62 33.2200 -23.1700
-5.0897477674e-002 -2.7168226252e-002 -9.3454290200e-001
0 0 0
4 0 63 -50.4600 -27.8100 1 63 -108.2000 -42.1700 2 63 -23.8500 -59.4800 3 63 23.7600 -18.2000
-4.4748061031e-002 -4.0010970657e-002 -9.5792670037e-001
0 0 0
4 0 64 -44.2500 -37.4500 1 64 -90.1000 -46.0000 2 64 -46.3300 -57.3000 3 64 15.7800 -9.2900
-4.2718177136e-002 -5.4174135507e-002 -9.8252876573e-001
0 0 0
4 0 65 -40.2300 -48.9100 1 65 -67.9200 -51.2500 2 65 -62.2600 -53.8100 3 65 11.3100 1.7200
-4.6513486929e-002 -7.0714509298e-002 -1.0051903514e+000
0 0 0
4 0 66 -42.0000 -60.0000 1 66 -50.8700 -59.4700 2 66 -80.7400 -49.0000 3 66 11.7800 9.1800
-5.6948882589e-002 -8.5833241384e-002 -1.0225959446e+000
0 0 0
4 0 67 -47.9100 -68.4700 1 67 -41.2700 -70.6500 2 67 -94.0800 -44.9500 3 67 19.0000 16.9300
-7.3734852680e-002 -9.7258970149e-002 -1.0350975636e+000
0 0 0
4 0 68 -59.2500 -76.9100 1 68 -38.5800 -78.5000 2 68 -101.2500 -38.3600 3 68 32.7600 23.5800
-9.3510593900e-002 -1.0402536342e-001 -1.0446494762e+000
0 0 0
4 0 69 -72.9200 -80.1100 1 69 -38.8300 -85.0000 2 69 -103.3100 -31.5400 3 69 50.3800 32.1000
-1.1366198125e-001 -1.0671645937e-001 -1.0514804628e+000
0 0 0
4 0 70 -84.5500 -80.3100 1 70 -41.7700 -88.7700 2 70 -102.0700 -23.0500 3 70 70.6900 39.9500
-1.3192218760e-001 -1.0355781842e-001 -1.0510526744e+000
0 0 0
4 0 71 -99.0000 -77.9300 1 71 -49.9300 -91.5900 2 71 -93.9800 -12.3500 3 71 85.0000 43.0000
-1.4206566321e-001 -9.7969563732e-002 -1.0487151018e+000
0 0 0
4 0 72 -106.0000 -73.7900 1 72 -56.1900 -90.4200 2 72 -86.2800 -6.5300 3 72 94.0000 45.0000
-1.4340907568e-001 -9.3576515203e-002 -1.0481996321e+000
0 0 0
4 0 73 -107.0000 -71.0700 1 73 -58.0000 -87.6200 2 73 -83.4600 -4.0000 3 73 94.5700 46.7100
-1.3956623260e-001 -8.8569627044e-002 -1.0507634362e+000
0 0 0
4 0 74 -103.0000 -67.0700 1 74 -56.6400 -83.7300 2 74 -84.5500 -1.3500 3 74 90.4200 50.1100
-1.3324382666e-001 -8.3901534356e-002 -1.0540675979e+000
0 0 0
4 0 75 -97.5100 -63.7500 1 75 -53.9100 -78.9100 2 75 -87.1200 0.2000 3 75 84.0000 53.7500
-1.2984580769e-001 -8.1106134160e-002 -1.0561818457e+000
0 0 0
4 0 76 -95.4500 -62.2100 1 76 -52.1300 -75.8700 2 76 -88.2700 1.1800 3 76 79.8200 56.4000
-1.2873202684e-001 -8.0243983034e-002 -1.0567611198e+000
0 0 0
4 0 77 -94.4100 -61.5700 1 77 -52.0000 -75.1700 2 77 -88.9200 1.7200 3 77 78.5800 56.9200
-1.2833150476e-001 -8.0492249344e-002 -1.0562782002e+000
0 0 0
4 0 78 -94.0000 -61.6800 1 78 -52.0000 -75.6200 2 78 -88.7000 1.2300 3 78 78.3100 56.4400
