# Bundle file v0.3
4 79
7.7546939452e+002 -5.6766174900e-003 -3.1203170063e-004
9.9972435656e-001 -6.0285706899e-003 2.2690686290e-002
6.1691991302e-003 9.9996216454e-001 -6.1327380339e-003
-2.2652856133e-002 6.2710309470e-003 9.9972372298e-001
2.1647214049e-002 -5.7903810192e-003 -1.9101614309e-002
7.6097872598e+002 -1.2965066076e-003 -3.7908429523e-004
4.4024529538e-001 -3.8299961853e-001 -8.1209320407e-001
4.0574624024e-001 8.9170363264e-001 -2.0058569255e-001
8.0097070385e-001 -2.4119685681e-001 5.4796898438e-001
-9.0247086869e-001 -1.9063207239e-001 -4.2915326973e-001
0 0 0
0 0 0
0 0 0
0 0 0
0 0 0
0 0 0
0 0 0
0 0 0
0 0 0
0 0 0
-1.4170467369e-001 -7.6986377790e-002 -1.0369548798e+000
0 0 0
2 0 0 -105.3200 -56.7800 1 0 -64.9500 -75.9200
-1.4151223295e-001 -7.6647239179e-002 -1.0376266219e+000
0 0 0
2 0 1 -105.1600 -56.6300 1 1 -64.6100 -75.3900
-1.3491204217e-001 -7.5853372135e-002 -1.0390714811e+000
0 0 0
2 0 2 -100.1600 -55.8400 1 2 -62.2100 -73.2100
-1.2846243764e-001 -7.6951090740e-002 -1.0383572168e+000
0 0 0
2 0 3 -95.4700 -56.7000 1 3 -60.6700 -72.5000
-1.2225599764e-001 -7.8288741756e-002 -1.0365636697e+000
0 0 0
2 0 4 -91.0300 -57.8100 1 4 -59.7700 -72.1800
-1.1020094836e-001 -7.4563965342e-002 -1.0332073497e+000
0 0 0
2 0 5 -82.3900 -55.3000 1 5 -59.5600 -67.4000
-1.0014977144e-001 -6.8741789249e-002 -1.0267334613e+000
0 0 0
2 0 6 -75.3200 -51.2200 1 6 -62.3300 -62.3800
-9.3962569475e-002 -6.4138013805e-002 -1.0210520354e+000
0 0 0
2 0 7 -71.0500 -48.1300 1 7 -65.4100 -58.7400
-8.6507705638e-002 -5.6056498240e-002 -1.0138079650e+000
0 0 0
2 0 8 -65.8800 -42.4900 1 8 -70.1000 -52.6600
-8.2118892331e-002 -4.8864376701e-002 -1.0091893119e+000
0 0 0
2 0 9 -62.5300 -36.2500 1 9 -73.5500 -48.5900
-7.8044206188e-002 -4.0279804387e-002 -1.0045316516e+000
0 0 0
2 0 10 -59.9400 -30.8100 1 10 -77.8900 -41.6400
-7.4424798012e-002 -2.9180148313e-002 -9.9965104078e-001
0 0 0
2 0 11 -57.4300 -22.4800 1 11 -83.0000 -34.1000
-7.2170428783e-002 -2.0558299956e-002 -9.9280596861e-001
0 0 0
2 0 12 -56.0000 -16.0000 1 12 -89.1100 -28.8900
-7.0224804574e-002 -1.6582589529e-002 -9.8476196892e-001
0 0 0
2 0 13 -54.7900 -12.9800 1 13 -94.8900 -27.1100
-6.9617478595e-002 -2.2145853473e-002 -9.7608235488e-001
0 0 0
2 0 14 -54.6200 -17.5000 1 14 -99.0000 -32.1000
-6.8461517307e-002 -3.4704438419e-002 -9.7317156786e-001
0 0 0
2 0 15 -53.3200 -25.9000 1 15 -97.0000 -42.3900
-6.8078120373e-002 -5.3702926601e-002 -9.7023548475e-001
0 0 0
2 0 16 -53.4900 -42.4700 1 16 -94.1200 -54.1800
-6.9549704682e-002 -7.6702745983e-002 -9.6968206821e-001
0 0 0
2 0 17 -54.5800 -60.6800 1 17 -88.7000 -70.4900
-7.0727585974e-002 -9.5512399089e-002 -9.7357050522e-001
0 0 0
2 0 18 -55.2600 -75.1400 1 18 -81.3100 -83.1700
-7.1729402798e-002 -1.0313648438e-001 -9.8504164270e-001
0 0 0
2 0 19 -55.0000 -77.8600 1 19 -71.5300 -88.8100
-7.1627055582e-002 -1.1419256781e-001 -1.0053351029e+000
0 0 0
2 0 20 -54.6200 -86.5700 1 20 -55.6400 -90.3300
-7.3074463466e-002 -1.1290738057e-001 -1.0305504345e+000
0 0 0
2 0 21 -54.7800 -83.3200 1 21 -40.4300 -84.9300
-7.5586659049e-002 -1.0532246103e-001 -1.0521081429e+000
0 0 0
2 0 22 -56.1200 -76.9800 1 22 -30.1100 -75.3700
-8.1829646982e-002 -9.4529327859e-002 -1.0638035652e+000
0 0 0
2 0 23 -59.9800 -67.3900 1 23 -27.6500 -68.5800
-8.4597490158e-002 -8.1832729229e-002 -1.0713413788e+000
0 0 0
2 0 24 -61.7400 -57.9500 1 24 -27.3900 -59.5200
-8.6241241251e-002 -7.0766516014e-002 -1.0750098863e+000
0 0 0
2 0 25 -63.0800 -50.8800 1 25 -28.8300 -51.1200
-9.0971375011e-002 -6.2383288954e-002 -1.0806846027e+000
0 0 0
2 0 26 -66.1200 -44.2900 1 26 -29.0000 -46.3900
-1.0441672207e-001 -6.2044576160e-002 -1.0873267876e+000
0 0 0
2 0 27 -75.2400 -43.6600 1 27 -29.0400 -48.6000
-1.1700332186e-001 -7.5385785629e-002 -1.0868078464e+000
0 0 0
2 0 28 -83.6100 -51.4200 1 28 -29.1400 -61.9000
-1.3407575654e-001 -9.3220947769e-002 -1.0845839834e+000
0 0 0
2 0 29 -96.2900 -66.4100 1 29 -31.0400 -75.1200
-1.4103399919e-001 -1.1452390697e-001 -1.0779924108e+000
0 0 0
2 0 30 -101.5200 -81.6700 1 30 -31.2500 -91.5700
-1.4180470137e-001 -1.3085000023e-001 -1.0784157089e+000
0 0 0
2 0 31 -101.6400 -91.8500 1 31 -26.8000 -103.4400
-1.3595866396e-001 -1.4367813828e-001 -1.0830508609e+000
0 0 0
2 0 32 -97.2000 -100.9100 1 32 -19.2000 -109.0800
-1.2594023717e-001 -1.4762651656e-001 -1.0856478628e+000
0 0 0
2 0 33 -90.0000 -103.6800 1 33 -13.7700 -108.7700
-1.1735925616e-001 -1.4464213851e-001 -1.0905976423e+000
0 0 0
2 0 34 -83.7900 -101.5800 1 34 -9.2300 -103.5800
-1.0608673126e-001 -1.3454919999e-001 -1.0909555858e+000
0 0 0
2 0 35 -75.9500 -94.5600 1 35 -8.3300 -94.4400
-9.7518394335e-002 -1.1915064725e-001 -1.0903910277e+000
0 0 0
2 0 36 -69.6500 -82.1500 1 36 -9.9200 -84.3100
-9.4549493665e-002 -1.0116509751e-001 -1.0856453103e+000
0 0 0
2 0 37 -68.3400 -71.7700 1 37 -16.9200 -70.9200
-9.4960912386e-002 -8.4635903203e-002 -1.0770081883e+000
0 0 0
2 0 38 -69.0600 -60.4500 1 38 -26.4700 -62.0700
-9.5282953580e-002 -7.3826412894e-002 -1.0676067436e+000
0 0 0
2 0 39 -69.5100 -52.2500 1 39 -34.7900 -57.8600
-9.1868918363e-002 -6.2169097141e-002 -1.0510898595e+000
0 0 0
2 0 40 -68.1200 -45.5100 1 40 -46.9600 -51.4100
-8.7085384129e-002 -5.0030363214e-002 -1.0365200738e+000
0 0 0
2 0 41 -65.0000 -36.0000 1 41 -57.4800 -46.0400
-8.0979470374e-002 -3.9311921464e-002 -1.0137597969e+000
0 0 0
2 0 42 -61.5500 -29.0000 1 42 -72.8900 -41.0400
-7.6036136625e-002 -3.3950705635e-002 -9.9062470020e-001
0 0 0
2 0 43 -59.0000 -26.3900 1 43 -88.0000 -39.2600
-7.2008729231e-002 -3.6736283153e-002 -9.6975737774e-001
0 0 0
2 0 44 -56.5800 -28.8300 1 44 -99.8900 -44.0600
-7.1778643844e-002 -4.6650008686e-002 -9.5566730594e-001
0 0 0
2 0 45 -57.2900 -38.5400 1 45 -106.9400 -51.9100
-7.1708025125e-002 -6.0503416283e-002 -9.4978622903e-001
0 0 0
2 0 46 -57.0100 -48.5200 1 46 -106.9400 -64.0900
-7.1205976812e-002 -7.9342170460e-002 -9.5686192366e-001
0 0 0
2 0 47 -56.2000 -63.0000 1 47 -96.9200 -75.9200
-7.6416502025e-002 -9.6146437581e-002 -9.7107474724e-001
0 0 0
2 0 48 -60.1200 -77.0700 1 48 -84.5400 -84.2300
-8.8526245365e-002 -1.0701353003e-001 -9.8554995276e-001
0 0 0
2 0 49 -68.4300 -82.7900 1 49 -75.0700 -93.4100
-1.0359474583e-001 -1.1007477725e-001 -9.8675795682e-001
0 0 0
2 0 50 -79.9900 -85.0600 1 50 -77.5000 -98.7900
-1.1755615393e-001 -1.1111717643e-001 -9.7509745469e-001
0 0 0
2 0 51 -91.6800 -87.1400 1 51 -88.4100 -104.8300
-1.2430417225e-001 -1.0772924893e-001 -9.5945738556e-001
0 0 0
2 0 52 -98.2900 -86.1100 1 52 -101.1900 -107.0300
-1.2641586182e-001 -9.4023624304e-002 -9.3747409819e-001
0 0 0
2 0 53 -102.0000 -77.3100 1 53 -119.8300 -102.3400
-1.2585812067e-001 -6.8846607395e-002 -9.1619577201e-001
0 0 0
2 0 54 -103.5600 -58.0700 1 54 -140.5000 -89.3600
-1.2723266745e-001 -4.6613050133e-002 -9.0339664865e-001
0 0 0
2 0 55 -106.0900 -40.3700 1 55 -155.2400 -76.7100
-1.2554544754e-001 -1.6999396201e-002 -8.9193284136e-001
0 0 0
2 0 56 -105.9500 -15.6800 1 56 -170.2600 -58.1100
-1.2123937116e-001 -9.2216438182e-004 -8.8996301775e-001
0 0 0
2 0 57 -102.4800 -1.7300 1 57 -174.7200 -46.6200
-1.1505548729e-001 1.1594616354e-002 -8.9397605728e-001
0 0 0
2 0 58 -96.8800 9.0500 1 58 -173.7700 -35.8100
-1.0768216283e-001 1.6610533654e-002 -9.0091164809e-001
0 0 0
2 0 59 -90.0500 13.3300 1 59 -168.6900 -29.2300
-9.7769161597e-002 1.4184625857e-002 -9.0933583470e-001
0 0 0
2 0 60 -81.0500 11.2900 1 60 -160.1900 -26.6900
-8.8820929741e-002 3.2158438158e-003 -9.1725134840e-001
0 0 0
2 0 61 -73.0600 2.0100 1 61 -150.0600 -30.1100
-7.6065667269e-002 -1.5363409871e-002 -9.3290499288e-001
0 0 0
2 0 62 -61.6400 -13.1200 1 62 -131.5900 -36.5100
-6.3442161865e-002 -3.4354209950e-002 -9.5529683262e-001
0 0 0
2 0 63 -50.4600 -27.8100 1 63 -108.2000 -42.1700
-5.6391122112e-002 -4.7527724005e-002 -9.7418555027e-001
0 0 0
2 0 64 -44.2500 -37.4500 1 64 -90.1000 -46.0000
-5.2011339538e-002 -6.3685806917e-002 -9.9932761630e-001
0 0 0
2 0 65 -40.2300 -48.9100 1 65 -67.9200 -51.2500
-5.5098030810e-002 -7.9969819444e-002 -1.0201661318e+000
0 0 0
2 0 66 -42.0000 -60.0000 1 66 -50.8700 -59.4700
-6.4095190316e-002 -9.4366450605e-002 -1.0328574199e+000
0 0 0
2 0 67 -47.9100 -68.4700 1 67 -41.2700 -70.6500
-7.9430671931e-002 -1.0461558033e-001 -1.0403231079e+000
0 0 0
2 0 68 -59.2500 -76.9100 1 68 -38.5800 -78.5000
-9.8549664771e-002 -1.0954151568e-001 -1.0468317399e+000
0 0 0
2 0 69 -72.9200 -80.1100 1 69 -38.8300 -85.0000
-1.1474967064e-001 -1.1017825349e-001 -1.0492877415e+000
0 0 0
2 0 70 -84.5500 -80.3100 1 70 -41.7700 -88.7700
-1.3428614251e-001 -1.0668536199e-001 -1.0461507418e+000
0 0 0
2 0 71 -99.0000 -77.9300 1 71 -49.9300 -91.5900
-1.4339616577e-001 -1.0061592889e-001 -1.0423455383e+000
0 0 0
2 0 72 -106.0000 -73.7900 1 72 -56.1900 -90.4200
-1.4453432261e-001 -9.6320570743e-002 -1.0417569724e+000
0 0 0
2 0 73 -107.0000 -71.0700 1 73 -58.0000 -87.6200
-1.3942179249e-001 -9.1725157997e-002 -1.0435889305e+000
0 0 0
2 0 74 -103.0000 -67.0700 1 74 -56.6400 -83.7300
-1.3224077895e-001 -8.7557719845e-002 -1.0467338525e+000
0 0 0
2 0 75 -97.5100 -63.7500 1 75 -53.9100 -78.9100
-1.2956679163e-001 -8.5200425643e-002 -1.0496465620e+000
0 0 0
2 0 76 -95.4500 -62.2100 1 76 -52.1300 -75.8700
-1.2815299146e-001 -8.4437882850e-002 -1.0495267453e+000
0 0 0
2 0 77 -94.4100 -61.5700 1 77 -52.0000 -75.1700
-1.2762092740e-001 -8.4844314462e-002 -1.0490450499e+000
0 0 0
2 0 78 -94.0000 -61.6800 1 78 -52.0000 -75.6200
