# Bundle file v0.3
4 267
5.5746328844e+002 -9.3522480892e-002 -2.8060507657e-002
9.9585890284e-001 6.9599223403e-004 9.0909632252e-002
-1.3270669614e-003 9.9997544150e-001 6.8815183952e-003
-9.0902610164e-002 -6.9736645283e-003 9.9583536966e-001
8.9110627817e-002 1.3135405873e-002 2.7594544422e-001
5.8280539611e+002 -9.9513934990e-002 -7.9207603694e-003
6.4918160294e-001 3.8881037784e-001 6.5375051548e-001
-3.6932801945e-001 9.1249093712e-001 -1.7594630924e-001
-6.6495117148e-001 -1.2722727603e-001 7.3597089601e-001
7.7282673006e-001 -2.0762355372e-001 -7.0943970110e-002
5.4369464267e+002 -1.0885655734e-001 2.5206313861e-002
-6.5959348732e-001 -3.7244174614e-001 -6.5285800694e-001
4.3314362933e-001 5.2151444889e-001 -7.3512534711e-001
6.1426625160e-001 -7.6766517788e-001 -1.8266676439e-001
-6.5095731481e-001 -7.4236142799e-001 -9.1612053013e-001
5.3124017079e+002 -6.9685920247e-002 4.1136518299e-002
-9.9506614082e-001 8.6080567452e-002 -4.9330632428e-002
8.4489567285e-002 4.7457421311e-001 -8.7615114522e-001
-5.2008541688e-002 -8.7599626264e-001 -4.7950564066e-001
-1.3704645932e-001 -8.4232830253e-001 -1.1951769565e+000
4.3020839691e-002 -1.7691995442e-001 -1.0795900378e+000
0 0 0
2 0 0 23.3300 -118.6500 1 0 17.4400 -129.6100
4.2981509671e-002 -1.7884102296e-001 -1.0793752207e+000
0 0 0
2 0 1 23.3000 -119.8500 1 1 17.0000 -131.0000
4.1928296307e-002 -1.8173341309e-001 -1.0782894652e+000
0 0 0
2 0 2 22.6700 -122.0000 1 2 16.3000 -132.9000
4.1173143278e-002 -1.8554302779e-001 -1.0766450520e+000
0 0 0
2 0 3 22.3100 -125.0000 1 3 15.7600 -135.4100
4.0214730851e-002 -1.8892248919e-001 -1.0760545763e+000
0 0 0
2 0 4 21.7000 -127.4500 1 4 14.7500 -137.5000
3.6538333401e-002 -1.9270598825e-001 -1.0745323837e+000
0 0 0
2 0 5 19.2900 -130.3400 1 5 12.8900 -139.7200
3.0536383745e-002 -1.9791165573e-001 -1.0735824130e+000
0 0 0
2 0 6 15.2000 -134.1000 1 6 9.3700 -142.4700
2.4399555949e-002 -2.0305371290e-001 -1.0718680609e+000
0 0 0
2 0 7 11.0700 -138.0200 1 7 6.1200 -145.3100
1.5453024903e-002 -2.0837412473e-001 -1.0689049179e+000
0 0 0
2 0 8 5.0500 -142.3800 1 8 2.1000 -148.1900
6.0934397166e-003 -2.1179819812e-001 -1.0639776825e+000
0 0 0
4 0 9 -0.7700 -145.5100 1 9 -0.1300 -150.1300 2 9 115.8200 -67.0000 3 9 -115.2900 -10.2400
-4.0171857970e-003 -2.1336365804e-001 -1.0560415093e+000
0 0 0
4 0 10 -8.1900 -148.5500 1 10 -1.5300 -152.0000 2 10 116.0700 -76.5500 3 10 -105.0200 -19.0900
-1.3859243776e-002 -2.1275650686e-001 -1.0449129671e+000
0 0 0
4 0 11 -14.8000 -150.2200 1 11 -1.0000 -153.0000 2 11 113.3700 -86.6700 3 11 -94.4100 -30.0000
-2.1927389964e-002 -2.1137590670e-001 -1.0343225390e+000
0 0 0
4 0 12 -19.6900 -151.1700 1 12 0.2300 -153.8200 2 12 109.7400 -95.4800 3 12 -85.2600 -39.2800
-2.5573509387e-002 -2.1010397531e-001 -1.0237592918e+000
0 0 0
4 0 13 -22.3800 -152.7100 1 13 4.5200 -155.3800 2 13 104.3100 -102.4200 3 13 -81.0000 -47.8500
-2.9688754297e-002 -2.0982859419e-001 -1.0137202282e+000
0 0 0
4 0 14 -24.7500 -154.4200 1 14 7.0900 -157.2200 2 14 99.7700 -109.8100 3 14 -76.5300 -56.8500
-3.2592302718e-002 -2.1127081118e-001 -1.0093553458e+000
0 0 0
4 0 15 -27.0700 -156.7600 1 15 7.5700 -159.1400 2 15 99.0000 -114.0000 3 15 -73.8400 -61.5200
-3.5751925903e-002 -2.1292444831e-001 -1.0099602603e+000
0 0 0
4 0 16 -29.6600 -157.6400 1 16 5.4400 -159.6100 2 16 102.0000 -115.6200 3 16 -71.2700 -62.4000
-3.7538912265e-002 -2.1721854058e-001 -1.0099222624e+000
0 0 0
4 0 17 -30.8100 -160.9300 1 17 3.1900 -162.9000 2 17 104.6000 -118.5600 3 17 -70.0000 -65.0000
-3.9865899245e-002 -2.2267790219e-001 -1.0075891972e+000
0 0 0
4 0 18 -32.6500 -166.1700 1 18 1.7200 -166.4400 2 18 106.8300 -124.2900 3 18 -68.9100 -70.3000
-4.1485427457e-002 -2.3085812699e-001 -1.0077003782e+000
0 0 0
4 0 19 -34.0000 -172.0000 1 19 -1.8900 -172.9400 2 19 111.2000 -129.4400 3 19 -68.7700 -75.3600
-4.4934949102e-002 -2.3511874325e-001 -9.9917126879e-001
0 0 0
4 0 20 -36.3600 -177.3800 1 20 -0.8900 -177.5600 2 20 109.3800 -138.8800 3 20 -66.1600 -85.4900
-4.8989935979e-002 -2.3453482898e-001 -9.9082686223e-001
0 0 0
4 0 21 -39.5200 -178.8300 1 21 1.8400 -179.5800 2 21 106.0000 -144.3800 3 21 -61.7400 -92.5300
-5.2251976055e-002 -2.3087774367e-001 -9.8248978737e-001
0 0 0
4 0 22 -41.9800 -177.8400 1 22 5.1000 -179.0000 2 22 100.3900 -148.0400 3 22 -57.8800 -97.4000
-5.6911016558e-002 -2.2511976716e-001 -9.7391442426e-001
0 0 0
4 0 23 -45.2700 -175.4000 1 23 9.1900 -176.9000 2 23 94.9100 -150.7800 3 23 -51.9200 -100.8500
-6.2562791802e-002 -2.1918835178e-001 -9.6625844172e-001
0 0 0
4 0 24 -50.1700 -172.7600 1 24 12.5600 -173.8900 2 24 90.6200 -152.8800 3 24 -45.7000 -103.5600
-7.0516574213e-002 -2.1226478263e-001 -9.5386461235e-001
0 0 0
4 0 25 -56.0600 -170.4000 1 25 16.9000 -171.1900 2 25 83.7800 -157.6100 3 25 -36.7100 -109.4900
-7.7685652114e-002 -2.0764458767e-001 -9.4174358879e-001
0 0 0
4 0 26 -63.0200 -169.4900 1 26 21.7200 -170.8900 2 26 78.3000 -163.1000 3 26 -30.0000 -116.0000
-8.5036159676e-002 -2.0508995785e-001 -9.2784262472e-001
0 0 0
4 0 27 -68.9800 -170.9800 1 27 26.4500 -172.1500 2 27 72.6200 -171.0500 3 27 -22.7200 -125.0800
-8.6373064922e-002 -2.0632181878e-001 -9.1112856919e-001
0 0 0
4 0 28 -70.9400 -175.3100 1 28 35.0000 -179.0000 2 28 64.3200 -181.8400 3 28 -22.6500 -137.8900
-7.8457054904e-002 -2.1187650513e-001 -8.9643783398e-001
0 0 0
4 0 29 -63.8100 -185.8000 1 29 46.8500 -190.2700 2 29 53.4000 -192.3500 3 29 -29.6000 -148.6200
-6.1331546194e-002 -2.2006290957e-001 -8.8460948258e-001
0 0 0
4 0 30 -47.9800 -196.2300 1 30 61.2000 -203.4400 2 30 42.0000 -200.1400 3 30 -46.2400 -161.5500
-4.1951078515e-002 -2.2475060570e-001 -8.7518801080e-001
0 0 0
4 0 31 -29.6000 -203.1100 1 31 74.1300 -211.8700 2 31 27.0000 -205.6000 3 31 -64.6500 -169.8000
-2.2024825492e-002 -2.2871274604e-001 -8.6672737949e-001
0 0 0
4 0 32 -10.6400 -209.0000 1 32 88.0000 -220.0000 2 32 12.4300 -210.0000 3 32 -83.3100 -176.1000
-5.9740010304e-003 -2.3336595294e-001 -8.6048430341e-001
0 0 0
4 0 33 4.8300 -214.5800 1 33 98.8000 -228.5600 2 33 1.5700 -214.0000 3 33 -98.4000 -181.3800
8.9763762668e-003 -2.4135720396e-001 -8.6138751333e-001
0 0 0
4 0 34 17.7000 -220.7800 1 34 101.7900 -235.0000 2 34 -4.9100 -217.2200 3 34 -114.8800 -185.4900
2.0807290552e-002 -2.4744721392e-001 -8.6233428422e-001
0 0 0
4 0 35 28.7300 -226.2200 1 35 105.0000 -239.0000 2 35 -9.1200 -219.3300 3 35 -127.3600 -188.3800
2.0905709056e-002 -2.5199823540e-001 -8.7097550018e-001
0 0 0
4 0 36 28.1300 -227.6400 1 36 98.0000 -239.0000 2 36 -2.1800 -217.5500 3 36 -128.8400 -185.8700
1.8754863317e-002 -2.4982754700e-001 -8.6619491687e-001
0 0 0
4 0 37 26.6200 -227.3300 1 37 100.0000 -239.0000 2 37 -5.3200 -219.4100 3 37 -126.0000 -187.5900
-1.3742381818e-001 -1.5741348931e-001 -7.4868241877e-001
0 0 0
4 0 38 -138.9900 -179.8600 1 38 149.1500 -189.3500 2 38 -9.6700 -238.2200 3 38 18.5400 -207.4200
-1.5398160006e-001 -1.3869920957e-001 -7.3893487448e-001
0 0 0
4 0 39 -162.1800 -160.8200 1 39 157.1900 -170.3300 2 39 -10.8200 -233.8200 3 39 29.6200 -203.0000
-1.6993635093e-001 -1.2394667989e-001 -7.3010691948e-001
0 0 0
4 0 40 -184.7400 -144.8600 1 40 163.6600 -155.5500 2 40 -11.0000 -231.8000 3 40 41.1800 -199.2300
-1.8273984316e-001 -1.1690196634e-001 -7.1939759715e-001
0 0 0
4 0 41 -204.4500 -140.3200 1 41 171.1600 -148.2200 2 41 -11.3000 -233.7000 3 41 49.7600 -201.4700
-1.7491591400e-001 -1.6112840633e-001 -7.6154784852e-001
0 0 0
4 0 42 -181.0900 -178.9900 1 42 114.7400 -182.0000 2 42 15.0000 -238.7500 3 42 47.0600 -206.0900
-1.6873504769e-001 -1.5932032261e-001 -7.7013937686e-001
0 0 0
4 0 43 -171.9600 -174.1200 1 43 111.3000 -177.0300 2 43 15.6200 -233.3800 3 43 42.5400 -199.8800
-1.6279831693e-001 -1.5822677759e-001 -7.7781965922e-001
0 0 0
4 0 44 -162.9100 -169.9100 1 44 108.3500 -173.4800 2 44 16.2300 -229.1500 3 44 39.0000 -195.0000
-1.5607340091e-001 -1.5804859111e-001 -7.8292631578e-001
0 0 0
4 0 45 -154.2300 -167.9900 1 45 107.7500 -172.2100 2 45 15.4300 -226.0000 3 45 34.0000 -191.7600
-1.5216203907e-001 -1.5607840274e-001 -7.8643519156e-001
0 0 0
4 0 46 -149.3000 -164.6300 1 46 107.7500 -169.6100 2 46 14.6700 -222.7300 3 46 31.1400 -188.2100
-1.5077635659e-001 -1.5013770148e-001 -7.9456987633e-001
0 0 0
4 0 47 -146.4200 -156.3100 1 47 104.4300 -160.4700 2 47 16.3600 -214.7900 3 47 30.8600 -179.8900
-1.5409498629e-001 -1.4114002675e-001 -8.0435091926e-001
0 0 0
4 0 48 -148.4100 -144.1400 1 48 98.2500 -146.9400 2 48 20.1500 -205.4600 3 48 34.2600 -169.4800
-1.5565979837e-001 -1.3314221285e-001 -8.1419301651e-001
0 0 0
4 0 49 -148.0200 -132.7300 1 49 91.9300 -134.4300 2 49 23.0800 -197.6900 3 49 36.0000 -160.2400
-1.5802978949e-001 -1.2725861939e-001 -8.2270522274e-001
0 0 0
4 0 50 -149.1000 -124.6100 1 50 86.0000 -125.3200 2 50 26.2300 -190.8500 3 50 38.5200 -152.2200
-1.5804328916e-001 -1.2362739699e-001 -8.3247859888e-001
0 0 0
4 0 51 -147.3000 -118.8200 1 51 79.9200 -118.4400 2 51 30.0000 -184.5000 3 51 39.3200 -144.5900
-1.5451509490e-001 -1.2341837065e-001 -8.4265087145e-001
0 0 0
4 0 52 -142.0400 -116.4100 1 52 74.7900 -116.3100 2 52 33.6400 -178.7900 3 52 37.5700 -138.0000
-1.4739350638e-001 -1.2665398029e-001 -8.5417888551e-001
0 0 0
4 0 53 -133.6000 -117.2300 1 53 68.6300 -117.3300 2 53 36.4000 -174.4000 3 53 32.0000 -132.0000
-1.3719538638e-001 -1.3450957993e-001 -8.6428708318e-001
0 0 0
4 0 54 -121.6000 -122.8200 1 54 64.1900 -123.5800 2 54 39.0000 -171.8300 3 54 25.1100 -129.7100
-1.2413193729e-001 -1.4437637619e-001 -8.7162752657e-001
0 0 0
4 0 55 -108.8600 -130.4700 1 55 62.8300 -132.8800 2 55 40.1500 -171.4600 3 55 13.5700 -129.5300
-1.0767458858e-001 -1.5616029680e-001 -8.7625981355e-001
0 0 0
4 0 56 -91.4600 -141.0700 1 56 64.0000 -143.8600 2 56 38.1400 -173.2900 3 56 0.6800 -132.1800
-8.7968941108e-002 -1.6867671916e-001 -8.7567623748e-001
0 0 0
4 0 57 -73.1800 -152.0600 1 57 70.7600 -159.6000 2 57 32.6700 -177.0000 3 57 -16.7800 -137.6900
-6.6575963434e-002 -1.8229544442e-001 -8.7207469993e-001
0 0 0
4 0 58 -52.4800 -165.8200 1 58 78.5000 -174.0900 2 58 24.0000 -184.1400 3 58 -36.6200 -146.7200
-5.0949118098e-002 -1.9231028475e-001 -8.6537991203e-001
0 0 0
4 0 59 -38.1800 -176.2800 1 59 88.0400 -188.2600 2 59 16.0000 -190.6900 3 59 -51.5500 -155.4100
-3.5035051909e-002 -2.0013153944e-001 -8.5832456258e-001
0 0 0
4 0 60 -22.6400 -185.2000 1 60 97.6200 -199.0000 2 60 6.0000 -197.2700 3 60 -66.5000 -163.4000
-2.3170005959e-002 -2.0529861596e-001 -8.5516429183e-001
0 0 0
4 0 61 -11.2900 -190.9000 1 61 103.0000 -205.0000 2 61 -1.2900 -200.7100 3 61 -77.9300 -167.8900
-1.7348048127e-002 -2.0789071809e-001 -8.5328380886e-001
0 0 0
4 0 62 -5.6600 -193.5400 1 62 106.5900 -209.1200 2 62 -4.4400 -202.2500 3 62 -83.3400 -170.0300
-1.3512704994e-002 -2.0818927584e-001 -8.5181492601e-001
0 0 0
4 0 63 -2.0000 -194.2000 1 63 108.8000 -209.8000 2 63 -7.7500 -202.6700 3 63 -86.9200 -171.2000
-7.4639553614e-003 -2.1079747463e-001 -8.5550749498e-001
0 0 0
4 0 64 3.7100 -195.2700 1 64 108.2500 -211.3300 2 64 -8.2300 -201.1500 3 64 -92.5000 -170.0900
4.5136075308e-003 -2.1186521223e-001 -8.5914871355e-001
0 0 0
4 0 65 15.0600 -195.0200 1 65 110.6200 -211.6200 2 65 -13.0000 -197.8300 3 65 -102.9600 -167.3100
2.0236541881e-002 -2.1271981009e-001 -8.5893979746e-001
0 0 0
4 0 66 29.9600 -195.3400 1 66 117.5600 -214.2500 2 66 -22.2500 -195.3300 3 66 -116.5900 -166.4800
3.9852302068e-002 -2.1260659913e-001 -8.5822322642e-001
0 0 0
4 0 67 48.3700 -194.5900 1 67 125.5300 -216.0000 2 67 -35.7900 -192.0500 3 67 -133.4500 -165.2300
5.4111826340e-002 -2.0948345491e-001 -8.5508016306e-001
0 0 0
4 0 68 61.6500 -192.6700 1 68 134.3300 -216.0000 2 68 -48.5000 -188.7800 3 68 -144.7300 -163.2700
6.2864021544e-002 -2.0694142366e-001 -8.5198750978e-001
0 0 0
4 0 69 70.7600 -190.8000 1 69 141.0500 -215.5300 2 69 -56.2100 -187.1600 3 69 -151.3300 -163.0300
6.7576104791e-002 -2.0291155358e-001 -8.4475401504e-001
0 0 0
4 0 70 76.3000 -189.0000 1 70 148.3800 -215.4400 2 70 -65.5300 -188.0000 3 70 -153.7100 -164.1900
6.9101245118e-002 -1.9744046014e-001 -8.3661802701e-001
0 0 0
4 0 71 80.0000 -185.9000 1 71 155.5900 -214.1200 2 71 -72.8100 -188.9000 3 71 -152.5800 -165.8800
7.0689366355e-002 -1.9089818959e-001 -8.2649293879e-001
0 0 0
4 0 72 83.5800 -182.9400 1 72 165.2800 -212.8300 2 72 -81.4800 -189.7600 3 72 -151.4300 -167.5300
6.8769406062e-002 -1.8274947494e-001 -8.1526413981e-001
0 0 0
4 0 73 84.5100 -178.6300 1 73 175.4400 -210.1100 2 73 -87.7900 -190.8400 3 73 -147.1200 -169.3500
6.3724556546e-002 -1.7315496593e-001 -8.0104926701e-001
0 0 0
4 0 74 83.1800 -173.9200 1 74 186.8100 -206.9000 2 74 -94.2400 -193.4100 3 74 -139.5700 -171.7300
5.7260548491e-002 -1.6389038478e-001 -7.8847498804e-001
0 0 0
4 0 75 79.4400 -167.6200 1 75 196.4200 -203.5800 2 75 -98.5600 -195.6100 3 75 -132.1100 -174.2200
4.9818098487e-002 -1.5340438176e-001 -7.7351706722e-001
0 0 0
4 0 76 75.4400 -161.4800 1 76 208.3900 -199.4400 2 76 -103.5900 -198.1200 3 76 -123.1500 -176.7000
4.4004954470e-002 -1.4273699499e-001 -7.5767278552e-001
0 0 0
4 0 77 73.3200 -154.5800 1 77 221.4100 -195.5500 2 77 -110.6800 -200.8400 3 77 -115.2000 -179.4400
3.6500105656e-002 -1.3023495108e-001 -7.4183996204e-001
0 0 0
4 0 78 68.5800 -144.5100 1 78 235.7700 -190.1800 2 78 -115.7500 -202.4400 3 78 -107.2000 -181.4400
2.6457183931e-002 -1.1658474480e-001 -7.2397824421e-001
0 0 0
4 0 79 61.7200 -134.4500 1 79 252.6000 -182.9600 2 79 -119.5900 -204.1200 3 79 -96.5000 -183.3500
1.3538865205e-002 -1.0241365052e-001 -7.0698553406e-001
0 0 0
4 0 80 49.2500 -121.6400 1 80 268.5000 -174.5000 2 80 -121.6700 -206.0000 3 80 -85.9000 -184.9000
-1.0658213316e-003 -8.9826693315e-002 -6.9063034311e-001
0 0 0
4 0 81 34.5300 -109.8900 1 81 283.3300 -166.5000 2 81 -122.1500 -208.5400 3 81 -72.7000 -186.9500
-1.9273339979e-002 -7.5256155616e-002 -6.7295428398e-001
0 0 0
4 0 82 12.1900 -94.6600 1 82 300.6400 -155.7300 2 82 -121.3300 -210.4700 3 82 -59.9500 -188.8600
-3.9444421046e-002 -6.2336280079e-002 -6.5961992770e-001
0 0 0
4 0 83 -15.1900 -78.4200 1 83 313.0300 -145.0900 2 83 -117.6400 -211.9100 3 83 -45.2900 -189.4600
-5.7041240662e-002 -5.2129023562e-002 -6.5257782396e-001
0 0 0
4 0 84 -40.8700 -65.1500 1 84 319.0000 -132.0000 2 84 -113.0800 -212.3100 3 84 -33.2900 -189.4600
-1.9348217204e-001 4.7442906290e-003 -6.4389497470e-001
0 0 0
4 0 85 -253.6200 21.2900 1 85 309.7500 -25.0000 2 85 -60.0900 -203.3600 3 85 53.7600 -174.9400
-2.2819881720e-001 -2.9400395007e-002 -6.8173744783e-001
0 0 0
4 0 86 -283.8100 -28.5100 1 86 229.9100 -42.0200 2 86 -26.0000 -209.5000 3 86 76.8800 -176.6700
-2.3182638109e-001 -4.0315167224e-002 -6.9558580119e-001
0 0 0
4 0 87 -281.1900 -43.7600 1 87 206.0000 -49.0000 2 87 -17.5000 -209.5000 3 87 79.9200 -175.5600
-2.3110282108e-001 -4.9153969340e-002 -7.0788105427e-001
0 0 0
4 0 88 -273.3500 -55.2100 1 88 188.6100 -55.9200 2 88 -10.0000 -208.5000 3 88 81.1800 -173.7900
-2.2971307317e-001 -5.6924299200e-002 -7.1926938560e-001
0 0 0
4 0 89 -266.0300 -63.0500 1 89 172.0500 -62.8200 2 89 -5.2000 -208.0000 3 89 81.0400 -172.6900
-2.2829614467e-001 -6.3327774312e-002 -7.2901977708e-001
0 0 0
4 0 90 -259.5700 -69.9400 1 90 159.4200 -67.9200 2 90 0.0000 -206.8000 3 90 81.1200 -171.2000
-2.2492746950e-001 -7.0500811619e-002 -7.3843965794e-001
0 0 0
4 0 91 -251.1100 -77.4100 1 91 147.8200 -74.5800 2 91 3.4400 -206.3300 3 91 80.0000 -170.0000
-2.2245410678e-001 -7.6076045480e-002 -7.4707969939e-001
0 0 0
4 0 92 -244.2900 -82.7500 1 92 138.0800 -79.0000 2 92 8.0000 -205.2000 3 92 79.1200 -168.7600
-2.1952228137e-001 -8.0762195643e-002 -7.5587001677e-001
0 0 0
4 0 93 -237.2500 -87.0000 1 93 128.6500 -82.3900 2 93 10.8200 -203.8200 3 93 78.0800 -166.3100
-2.1652675173e-001 -8.3159144321e-002 -7.6234438652e-001
0 0 0
4 0 94 -231.0700 -88.7700 1 94 123.0600 -83.8100 2 94 12.8200 -201.8200 3 94 76.8500 -164.3700
-2.1448213165e-001 -8.3009633547e-002 -7.6689817589e-001
0 0 0
4 0 95 -227.1100 -87.9600 1 95 120.1900 -82.9100 2 95 14.0000 -199.5000 3 95 75.8500 -161.4600
-2.1260826842e-001 -8.2797911641e-002 -7.7144528460e-001
0 0 0
4 0 96 -223.2000 -86.5300 1 96 117.0000 -81.9000 2 96 15.2500 -197.6700 3 96 74.9100 -159.0400
-2.1057893212e-001 -8.3190305149e-002 -7.7604898679e-001
0 0 0
4 0 97 -219.4600 -86.5200 1 97 113.7400 -81.4800 2 97 16.1500 -195.4600 3 97 73.8200 -156.4500
-2.0937734857e-001 -8.3965140905e-002 -7.7959957350e-001
0 0 0
4 0 98 -216.7600 -86.6900 1 98 110.8100 -81.4100 2 98 17.5800 -194.2500 3 98 73.2200 -155.3500
-2.0782101589e-001 -8.1627520013e-002 -7.8141906585e-001
0 0 0
4 0 99 -214.3400 -83.4500 1 99 111.0800 -79.2000 2 99 17.0000 -192.0000 3 99 72.6200 -153.0500
-2.0446657026e-001 -7.7802036328e-002 -7.8259841972e-001
0 0 0
4 0 100 -210.3100 -79.1600 1 100 113.8100 -75.5800 2 100 15.5300 -189.3300 3 100 69.9100 -150.0500
-2.0021884743e-001 -7.2266673939e-002 -7.8376633645e-001
0 0 0
4 0 101 -205.4900 -73.1000 1 101 117.3700 -70.6700 2 101 12.2300 -184.8500 3 101 66.7500 -146.4600
-1.9149237710e-001 -6.6318073143e-002 -7.8689312947e-001
0 0 0
4 0 102 -194.6000 -65.7800 1 102 122.1900 -66.3000 2 102 9.0000 -180.1700 3 102 60.7300 -141.0000
-1.7847786370e-001 -5.9737577323e-002 -7.9014202198e-001
0 0 0
4 0 103 -178.6200 -57.4600 1 103 128.7200 -63.1200 2 103 2.7000 -173.7000 3 103 52.7700 -135.8800
-1.3027843501e-001 -4.1599259688e-002 -7.9972262513e-001
0 0 0
4 0 104 -124.2500 -37.0000 1 104 152.0000 -58.0000 2 104 -18.3800 -152.6200 3 104 19.0900 -118.7800
-1.1610143247e-001 -3.8602934673e-002 -8.0193455325e-001
0 0 0
4 0 105 -107.4000 -33.2500 1 105 158.0000 -59.0000 2 105 -24.0000 -148.5000 3 105 10.9100 -115.2200
-1.0376372128e-001 -3.6149287361e-002 -8.0455387044e-001
0 0 0
4 0 106 -94.5200 -30.6600 1 106 162.0000 -59.8600 2 106 -29.8600 -143.2900 3 106 2.0000 -112.0000
-9.4043627742e-002 -3.2042547413e-002 -8.0934569636e-001
0 0 0
4 0 107 -83.6500 -25.9300 1 107 164.0000 -57.8600 2 107 -32.6900 -137.4600 3 107 -4.3800 -107.0000
-8.5609059766e-002 -2.6447700231e-002 -8.1587098784e-001
0 0 0
4 0 108 -73.8000 -19.3300 1 108 164.0000 -54.0000 2 108 -34.9200 -130.3100 3 108 -9.0000 -101.0000
-8.0373074113e-002 -2.1524381078e-002 -8.2250397206e-001
0 0 0
4 0 109 -68.0000 -14.0000 1 109 162.5600 -49.6100 2 109 -35.5000 -124.2900 3 109 -12.2100 -94.8400
-7.5820816685e-002 -1.6848096912e-002 -8.2841468445e-001
0 0 0
4 0 110 -63.2200 -9.0000 1 110 161.4400 -45.8900 2 110 -36.1500 -118.5400 3 110 -14.8100 -89.1000
-7.2177480595e-002 -1.2349884244e-002 -8.3127115364e-001
0 0 0
4 0 111 -59.6300 -4.5700 1 111 162.3800 -42.5600 2 111 -37.7100 -114.5000 3 111 -17.0000 -85.0000
5.4569928408e-003 3.0196723861e-002 -8.6875627904e-001
0 0 0
4 0 112 15.6700 35.3700 1 112 176.8000 -23.2000 2 112 -68.4700 -60.6700 3 112 -63.3900 -43.2800
1.3486899711e-002 -9.7235383060e-004 -8.6466574298e-001
0 0 0
4 0 113 23.5300 5.3700 1 113 174.0000 -48.4500 2 113 -68.4100 -74.1200 3 113 -73.0500 -56.7500
1.5136687896e-002 -3.7489536256e-002 -8.6734163271e-001
0 0 0
4 0 114 24.7800 -26.9000 1 114 161.8600 -77.2400 2 114 -59.4400 -89.8900 3 114 -80.2400 -70.3500
1.5144338975e-002 -7.0206200039e-002 -8.7947694705e-001
0 0 0
4 0 115 22.8600 -57.7600 1 115 144.1900 -99.0500 2 115 -47.6300 -98.7900 3 115 -84.7900 -77.0500
9.8591213874e-003 -9.3943659788e-002 -8.9753142472e-001
0 0 0
4 0 116 15.6300 -78.8600 1 116 125.2300 -110.2300 2 116 -28.3300 -102.1900 3 116 -85.9400 -77.1200
1.4936974719e-004 -1.1115873660e-001 -9.1617439142e-001
0 0 0
4 0 117 5.2100 -91.0400 1 117 103.5000 -117.0000 2 117 -9.0900 -103.3200 3 117 -81.8300 -74.7200
-3.9674325425e-002 -1.4433357800e-001 -9.5302591343e-001
0 0 0
4 0 118 -30.0800 -113.9000 1 118 54.9000 -125.0000 2 118 43.4300 -111.1400 3 118 -54.4500 -68.9300
-5.6720269506e-002 -1.5371705700e-001 -9.5726339072e-001
0 0 0
4 0 119 -44.3400 -121.2300 1 119 41.4100 -127.7600 2 119 57.4100 -118.2400 3 119 -41.0000 -72.0600
-7.0024285893e-002 -1.6067192936e-001 -9.5767053865e-001
0 0 0
4 0 120 -56.4000 -127.3600 1 120 31.9400 -130.8800 2 120 65.6200 -124.5600 3 120 -30.6500 -76.3900
-1.0269806735e-001 -1.6178946958e-001 -9.4272737474e-001
0 0 0
4 0 121 -83.8400 -131.5700 1 121 23.4800 -129.7600 2 121 73.4100 -140.2400 3 121 -1.9200 -90.8900
-1.0460757502e-001 -1.6127094315e-001 -9.3226472944e-001
0 0 0
4 0 122 -86.1100 -133.3700 1 122 28.6700 -132.2500 2 122 68.0000 -146.2000 3 122 -0.5300 -97.4700
-1.0488807326e-001 -1.6457632141e-001 -9.3221627551e-001
0 0 0
4 0 123 -86.3000 -135.5600 1 123 27.1900 -134.9000 2 123 69.5600 -148.2500 3 123 -0.8500 -99.8800
-1.0493156055e-001 -1.6662402271e-001 -9.3192499647e-001
0 0 0
4 0 124 -86.3000 -137.5600 1 124 26.7200 -136.8300 2 124 70.0000 -149.2700 3 124 -0.7000 -101.1700
-1.1065968820e-001 -1.6867353108e-001 -9.3558335346e-001
0 0 0
4 0 125 -91.5000 -138.7700 1 125 21.1100 -136.2800 2 125 75.6000 -149.6000 3 125 4.0000 -100.1300
-1.1801866146e-001 -1.7204278332e-001 -9.4252536918e-001
0 0 0
4 0 126 -96.8100 -140.0500 1 126 11.7600 -135.4100 2 126 84.0000 -149.5000 3 126 11.0000 -98.0000
-1.2571609079e-001 -1.7739335506e-001 -9.4267791294e-001
0 0 0
4 0 127 -103.7500 -144.6400 1 127 5.0500 -138.5700 2 127 88.8000 -154.0000 3 127 17.3700 -101.3000
-1.3126994713e-001 -1.8435516064e-001 -9.4186056633e-001
0 0 0
4 0 128 -108.5100 -151.2000 1 128 0.3800 -143.0000 2 128 93.8500 -159.4600 3 128 22.0000 -106.5200
-1.3270088513e-001 -1.8982767260e-001 -9.4266536182e-001
0 0 0
4 0 129 -109.4200 -155.3300 1 129 -3.0000 -147.0000 2 129 97.0800 -162.3100 3 129 23.1600 -109.7800
-1.3307126741e-001 -1.9615224677e-001 -9.4888655213e-001
0 0 0
4 0 130 -109.2700 -158.9400 1 130 -8.9100 -150.6800 2 130 103.0700 -162.6000 3 130 23.7400 -109.0000
-1.3340023203e-001 -2.0019348439e-001 -9.5400970934e-001
0 0 0
4 0 131 -109.0200 -160.8800 1 131 -13.6700 -152.1900 2 131 107.6000 -162.4000 3 131 24.0700 -107.9300
-1.3223796509e-001 -2.0500880064e-001 -9.5785236211e-001
0 0 0
4 0 132 -107.6500 -163.9400 1 132 -16.8300 -155.0000 2 132 111.2100 -162.9500 3 132 23.0000 -108.0000
-1.3000970978e-001 -2.1116559800e-001 -9.6294452225e-001
0 0 0
4 0 133 -105.2500 -167.5200 1 133 -20.7100 -159.0000 2 133 115.4400 -163.2500 3 133 21.0000 -107.9000
-1.2745334173e-001 -2.1689375187e-001 -9.6907981598e-001
0 0 0
4 0 134 -102.6500 -170.8600 1 134 -24.3500 -161.9500 2 134 120.3100 -162.9400 3 134 18.6500 -106.3900
-1.2544354339e-001 -2.2174887356e-001 -9.7599205612e-001
0 0 0
4 0 135 -100.6900 -172.9800 1 135 -28.4700 -164.0000 2 135 125.6000 -161.6000 3 135 16.6900 -103.9100
-1.2087656710e-001 -2.2935022253e-001 -9.8448811477e-001
0 0 0
4 0 136 -96.3900 -176.7900 1 136 -33.0000 -168.0000 2 136 131.8900 -160.6700 3 136 12.0900 -101.5700
-1.1875042736e-001 -2.3864925211e-001 -9.9567192294e-001
0 0 0
4 0 137 -93.9300 -181.3600 1 137 -40.0000 -171.5000 2 137 142.6000 -159.4000 3 137 9.9500 -98.7500
-1.1806650995e-001 -2.4894436636e-001 -1.0082985287e+000
0 0 0
4 0 138 -92.6300 -186.0300 1 138 -49.9000 -176.0500 2 138 154.1500 -158.5400 3 138 9.2700 -94.4000
-1.1589760610e-001 -2.5981001169e-001 -1.0232059417e+000
0 0 0
4 0 139 -90.0300 -190.6400 1 139 -58.4700 -179.3300 2 139 168.7900 -155.6400 3 139 7.1400 -89.1000
-1.1276099454e-001 -2.6957585211e-001 -1.0397336851e+000
0 0 0
4 0 140 -87.0500 -193.4100 1 140 -68.3600 -181.9300 2 140 182.5600 -151.6200 3 140 3.3100 -80.0900
-1.0626805906e-001 -2.8234981005e-001 -1.0556311472e+000
0 0 0
4 0 141 -81.1400 -198.6700 1 141 -74.7100 -186.5000 2 141 198.4000 -148.4000 3 141 -4.3500 -73.5400
-9.5882535310e-002 -2.9846511766e-001 -1.0658808759e+000
0 0 0
4 0 142 -73.8300 -206.5000 1 142 -79.0000 -197.0000 2 142 210.4200 -149.8400 3 142 -19.1500 -73.9300
-8.2674978077e-002 -3.1639328645e-001 -1.0744906210e+000
0 0 0
4 0 143 -63.0000 -217.2600 1 143 -80.2800 -207.5600 2 143 222.9400 -153.7200 3 143 -38.3300 -76.9800
-6.5231996975e-002 -3.3316050564e-001 -1.0840725862e+000
0 0 0
4 0 144 -50.3700 -225.4900 1 144 -79.3700 -218.0000 2 144 234.9100 -154.9100 3 144 -65.4800 -77.9600
-4.7814413069e-002 -3.4567816528e-001 -1.0938899456e+000
0 0 0
4 0 145 -40.0300 -230.3500 1 145 -77.2800 -224.8300 2 145 245.0000 -152.8300 3 145 -94.7300 -75.0500
-2.2262364320e-002 -3.5715749189e-001 -1.1030012291e+000
0 0 0
3 0 146 -22.2100 -235.0300 1 146 -71.5900 -231.1200 2 146 251.1200 -147.6000
-2.2316317531e-003 -3.6493147113e-001 -1.1111680372e+000
0 0 0
4 0 147 -9.8300 -236.7700 1 147 -66.4000 -235.6000 2 147 256.3700 -142.3700 3 147 -171.5900 -63.9900
1.4351022999e-002 -3.7105787609e-001 -1.1198837339e+000
0 0 0
4 0 148 1.8500 -237.5500 1 148 -63.0000 -237.8300 2 148 263.3100 -134.0900 3 148 -201.2400 -56.6400
2.6973631451e-002 -3.7591490014e-001 -1.1280618830e+000
0 0 0
4 0 149 9.3100 -238.0000 1 149 -60.8000 -238.6000 2 149 270.3600 -126.7900 3 149 -225.7500 -48.4200
4.3086357310e-002 -3.7970053434e-001 -1.1346471379e+000
0 0 0
4 0 150 18.5000 -238.0000 1 150 -57.0000 -239.0000 2 150 273.3700 -118.1800 3 150 -255.6900 -40.7300
1.0733624659e-001 -3.2096978322e-001 -1.0329273767e+000
0 0 0
3 0 151 72.5000 -226.5000 1 151 28.6400 -238.0900 3 151 -271.6200 -99.2100
9.4390370978e-002 -3.0697248037e-001 -1.0179252728e+000
0 0 0
4 0 152 66.4200 -222.2600 1 152 33.7700 -233.1500 2 152 81.0400 -139.2200 3 152 -244.4600 -104.1900
8.2746726227e-002 -2.9468848905e-001 -1.0051093085e+000
0 0 0
4 0 153 59.7400 -217.3700 1 153 37.8500 -228.5400 2 153 71.0900 -143.2200 3 153 -222.6000 -107.6500
6.8452589289e-002 -2.8176970050e-001 -9.9383101311e-001
0 0 0
4 0 154 51.1200 -211.0000 1 154 40.8500 -223.5400 2 154 65.0000 -145.2900 3 154 -198.8500 -109.8900
5.9105021664e-002 -2.6995695460e-001 -9.8690298641e-001
0 0 0
4 0 155 44.0400 -204.0200 1 155 43.8500 -216.5400 2 155 59.9000 -144.0500 3 155 -183.7300 -108.6800
4.9910380539e-002 -2.5683555689e-001 -9.8259413375e-001
0 0 0
4 0 156 38.3300 -196.3500 1 156 45.4600 -207.8500 2 156 56.1000 -139.8100 3 156 -168.1300 -103.9200
4.3894394796e-002 -2.4323004834e-001 -9.7979217207e-001
0 0 0
4 0 157 33.8500 -185.9200 1 157 48.4000 -198.4000 2 157 52.1000 -133.9500 3 157 -157.4700 -98.3100
3.9083292932e-002 -2.3050554539e-001 -9.7898435838e-001
0 0 0
4 0 158 30.5900 -177.1100 1 158 50.2100 -190.2100 2 158 48.4500 -126.1500 3 158 -147.6500 -91.1200
3.5308663973e-002 -2.1691169672e-001 -9.7817843157e-001
0 0 0
4 0 159 27.5000 -166.0700 1 159 53.0000 -179.8300 2 159 44.9100 -119.0900 3 159 -140.4800 -84.3800
3.1456299282e-002 -2.0393291784e-001 -9.7816390906e-001
0 0 0
4 0 160 24.6600 -156.7500 1 160 55.0600 -171.3100 2 160 41.3000 -111.1500 3 160 -132.2400 -76.5500
2.7317694170e-002 -1.9244999804e-001 -9.7838809308e-001
0 0 0
4 0 161 21.5700 -147.1500 1 161 56.2900 -161.5000 2 161 39.8000 -106.2000 3 161 -126.0700 -70.4100
2.1284071438e-002 -1.8065020533e-001 -9.8025333306e-001
0 0 0
4 0 162 16.4300 -137.4300 1 162 56.1500 -153.4600 2 162 39.5000 -98.7800 3 162 -117.0800 -62.9200
1.3474668927e-002 -1.7292348675e-001 -9.8238647035e-001
0 0 0
4 0 163 10.0700 -131.3600 1 163 53.6000 -145.6000 2 163 42.2100 -95.1600 3 163 -108.5500 -58.2400
1.2776838083e-003 -1.6769044456e-001 -9.8509183495e-001
0 0 0
4 0 164 -0.1300 -126.6900 1 164 48.6700 -140.2700 2 164 48.5300 -93.7400 3 164 -96.4200 -54.2500
-6.0849212296e-002 -1.6558676521e-001 -9.8916676604e-001
0 0 0
4 0 165 -48.8400 -125.5600 1 165 17.6200 -127.4400 2 165 81.0000 -107.0000 3 165 -39.1900 -55.1400
-7.5393088671e-002 -1.6827186289e-001 -9.8743959216e-001
0 0 0
4 0 166 -60.5100 -128.2300 1 166 11.0000 -127.1000 2 166 88.3800 -113.4400 3 166 -26.3400 -58.9000
-8.5506771088e-002 -1.7085251935e-001 -9.8567468587e-001
0 0 0
4 0 167 -67.9600 -130.4300 1 167 5.4400 -128.1100 2 167 92.6900 -117.8800 3 167 -16.7200 -62.8800
-9.3233850942e-002 -1.6973601449e-001 -9.7986940209e-001
0 0 0
4 0 168 -74.9600 -130.9200 1 168 4.9000 -127.1900 2 168 92.3600 -122.7900 3 168 -10.2700 -66.9100
-1.0132298807e-001 -1.6493300531e-001 -9.6712414418e-001
0 0 0
4 0 169 -81.9000 -129.5300 1 169 9.2900 -125.6200 2 169 87.1000 -129.0000 3 169 -2.7300 -74.4000
-1.0589466466e-001 -1.5950524898e-001 -9.5360922412e-001
0 0 0
4 0 170 -86.1000 -127.2400 1 170 15.5900 -124.5900 2 170 79.2100 -134.3600 3 170 1.3900 -81.7400
-1.0771163649e-001 -1.5421554579e-001 -9.4184891364e-001
0 0 0
4 0 171 -88.1000 -125.2400 1 171 23.0900 -123.0900 2 171 71.6700 -138.0000 3 171 3.0000 -87.5000
-1.0805715126e-001 -1.5143013172e-001 -9.3229630530e-001
0 0 0
4 0 172 -89.1600 -124.8000 1 172 30.3300 -123.6200 2 172 66.4000 -141.6000 3 172 3.1100 -92.2900
-1.0761562850e-001 -1.4978006936e-001 -9.2329150624e-001
0 0 0
4 0 173 -89.3100 -125.0200 1 173 36.6100 -125.0000 2 173 60.9300 -145.4000 3 173 2.4500 -97.4100
-1.0617694026e-001 -1.5030747782e-001 -9.1369898002e-001
0 0 0
4 0 174 -88.4100 -127.0900 1 174 43.0000 -128.7100 2 174 55.3800 -150.3800 3 174 0.9700 -104.1000
-1.0082577645e-001 -1.4982285016e-001 -9.0598785311e-001
0 0 0
4 0 175 -84.3400 -128.2800 1 175 50.3500 -131.3000 2 175 48.2900 -153.0000 3 175 -4.3000 -108.7300
-9.2039532792e-002 -1.4756920948e-001 -9.0012930824e-001
0 0 0
4 0 176 -76.1500 -127.0300 1 176 59.0900 -132.9100 2 176 40.2300 -153.1500 3 176 -11.2800 -110.8800
-8.2313415220e-002 -1.4380942837e-001 -8.9492889699e-001
0 0 0
4 0 177 -67.5300 -124.9300 1 177 68.8300 -133.0000 2 177 31.7100 -151.5000 3 177 -19.1200 -111.5000
-7.4183395220e-002 -1.4004194174e-001 -8.8985533437e-001
0 0 0
4 0 178 -60.2600 -122.4300 1 178 78.0000 -133.0000 2 178 24.4700 -150.6700 3 178 -25.6100 -111.6400
-6.6503657341e-002 -1.3787555653e-001 -8.8643157238e-001
0 0 0
4 0 179 -53.1700 -120.9100 1 179 84.0900 -133.5700 2 179 17.7100 -149.5000 3 179 -31.7200 -112.4800
-6.2715799665e-002 -1.3602879959e-001 -8.8233529212e-001
0 0 0
4 0 180 -49.8300 -119.8900 1 180 89.5500 -133.8500 2 180 13.5600 -150.2500 3 180 -35.0000 -113.5000
-6.4079602536e-002 -1.3571304844e-001 -8.7840734459e-001
0 0 0
4 0 181 -51.1500 -120.3200 1 181 91.6700 -134.5800 2 181 12.1500 -152.5400 3 181 -33.9600 -115.7400
-6.7819415757e-002 -1.3591475727e-001 -8.7489511646e-001
0 0 0
4 0 182 -54.7000 -121.2600 1 182 92.1900 -135.1400 2 182 12.2900 -155.0000 3 182 -31.0000 -118.5000
-7.6740713937e-002 -1.3554792197e-001 -8.7095089249e-001
0 0 0
4 0 183 -63.4800 -121.7800 1 183 90.5200 -134.2400 2 183 14.4700 -158.6700 3 183 -24.2600 -121.4800
-8.7155762542e-002 -1.3135154302e-001 -8.6552401033e-001
0 0 0
4 0 184 -72.8900 -119.0900 1 184 90.8800 -130.5000 2 184 15.8300 -161.0000 3 184 -14.6900 -123.2300
-9.8459503048e-002 -1.2319150114e-001 -8.5850703186e-001
0 0 0
4 0 185 -84.8400 -112.8600 1 185 92.9100 -123.0900 2 185 15.3100 -162.0800 3 185 -6.1200 -124.0000
-1.5117630869e-001 -7.2474062365e-002 -8.6868016872e-001
0 0 0
4 0 186 -135.1300 -62.8300 1 186 76.9200 -63.2000 2 186 30.0000 -140.0000 3 186 37.9600 -96.2600
-1.7388296025e-001 -7.2323447162e-002 -9.0079038413e-001
0 0 0
4 0 187 -152.0600 -58.9800 1 187 41.1500 -49.3000 2 187 53.1800 -130.1800 3 187 56.7100 -77.9000
-1.8278320709e-001 -9.5816292700e-002 -8.9888029758e-001
0 0 0
4 0 188 -160.0900 -82.0900 1 188 29.1700 -66.4100 2 188 63.7300 -144.0900 3 188 63.5800 -91.1200
-1.8515249895e-001 -1.1688428009e-001 -8.9545534080e-001
0 0 0
4 0 189 -163.0900 -100.7400 1 189 21.6500 -87.4200 2 189 68.8200 -156.1800 3 189 65.9200 -103.6900
-1.8284389696e-001 -1.3468115392e-001 -8.8959663954e-001
0 0 0
4 0 190 -161.4800 -117.4400 1 190 19.7400 -105.3700 2 190 71.3800 -168.3800 3 190 63.1700 -117.6200
-1.7834428965e-001 -1.4718184385e-001 -8.8742917974e-001
0 0 0
4 0 191 -157.6900 -130.5600 1 191 19.1900 -118.2300 2 191 71.8500 -174.5400 3 191 59.6400 -125.4300
-1.7391697366e-001 -1.5017096822e-001 -8.8338494501e-001
0 0 0
4 0 192 -154.3900 -133.8200 1 192 23.0800 -123.6900 2 192 68.5600 -177.2500 3 192 55.4600 -129.3600
-1.6565538784e-001 -1.4645483168e-001 -8.7512458414e-001
0 0 0
4 0 193 -147.6400 -132.3600 1 193 36.3200 -125.0000 2 193 60.7900 -177.6400 3 193 48.8100 -131.4100
-1.5199093893e-001 -1.3584270089e-001 -8.5933475047e-001
0 0 0
4 0 194 -136.6700 -125.6500 1 194 59.5700 -123.1700 2 194 44.0000 -177.2700 3 194 37.0000 -134.1000
-1.3488504485e-001 -1.2430359543e-001 -8.4163149482e-001
0 0 0
4 0 195 -122.1200 -118.2100 1 195 86.5000 -121.7300 2 195 24.4700 -176.6700 3 195 22.8100 -136.8100
-1.1436725767e-001 -1.0804316707e-001 -8.1930402866e-001
0 0 0
4 0 196 -103.5900 -105.5900 1 196 120.2200 -118.5400 2 196 0.0000 -175.2700 3 196 6.8000 -139.2400
-9.7018378432e-002 -9.2779780586e-002 -7.9892640261e-001
0 0 0
4 0 197 -86.7000 -92.9300 1 197 150.4100 -114.5400 2 197 -21.5000 -173.7100 3 197 -5.7400 -141.4800
-7.5445969104e-002 -7.7382355061e-002 -7.7452279797e-001
0 0 0
4 0 198 -63.9500 -79.5500 1 198 185.8800 -112.8500 2 198 -46.6700 -173.5300 3 198 -20.6300 -144.6700
-4.9059992885e-002 -7.4188347375e-002 -7.5303607155e-001
0 0 0
4 0 199 -34.8500 -78.1200 1 199 214.0300 -122.0900 2 199 -73.4400 -178.3800 3 199 -41.0400 -152.7700
-1.4693915733e-002 -8.6062827264e-002 -7.3862211422e-001
0 0 0
4 0 200 8.0000 -94.0600 1 200 236.5200 -144.7200 2 200 -93.6200 -185.2500 3 200 -66.0300 -164.0900
1.2593685226e-002 -9.7001672587e-002 -7.2938491899e-001
0 0 0
4 0 201 43.8900 -109.5400 1 201 249.0000 -161.0000 2 201 -113.0500 -192.6300 3 201 -83.5200 -171.6200
3.3926882629e-002 -1.0117924674e-001 -7.2300405651e-001
0 0 0
4 0 202 71.1500 -115.5400 1 202 260.2000 -170.4400 2 202 -127.7100 -194.2900 3 202 -98.9200 -175.2000
5.4129127254e-002 -1.0388154300e-001 -7.2417017406e-001
0 0 0
4 0 203 93.6800 -117.6200 1 203 264.3500 -175.9500 2 203 -140.6200 -191.3800 3 203 -114.5000 -174.5000
7.4068102967e-002 -1.0800964533e-001 -7.3281739046e-001
0 0 0
3 0 204 115.0000 -119.9300 1 204 262.2100 -179.1600 3 204 -129.1200 -171.0000
9.2048751796e-002 -1.1352378338e-001 -7.4215240350e-001
0 0 0
3 0 205 133.0000 -123.5000 1 205 257.4500 -182.8500 3 205 -141.9100 -168.0400
1.0601678388e-001 -1.1996874708e-001 -7.4983695937e-001
0 0 0
3 0 206 144.7300 -128.4500 1 206 253.9100 -187.0500 3 206 -154.5900 -166.4800
1.1321763960e-001 -1.2848826874e-001 -7.5760844753e-001
0 0 0
3 0 207 150.0000 -136.2700 1 207 247.2100 -191.5400 3 207 -161.4600 -166.3300
1.1637579420e-001 -1.3692309871e-001 -7.6585869738e-001
0 0 0
3 0 208 149.9100 -142.8700 1 208 239.4000 -196.1500 3 208 -166.5900 -166.4800
1.1558446559e-001 -1.4480867929e-001 -7.7435441272e-001
0 0 0
3 0 209 145.7600 -149.1700 1 209 230.5500 -199.1500 3 209 -168.8000 -166.5600
1.1344295362e-001 -1.5121405758e-001 -7.8219746282e-001
0 0 0
3 0 210 140.0900 -154.3900 1 210 222.9100 -200.9100 3 210 -170.0900 -165.7000
1.1004812532e-001 -1.5865423216e-001 -7.9190108378e-001
0 0 0
3 0 211 133.5600 -159.1100 1 211 212.2800 -203.5600 3 211 -169.9500 -165.1000
1.0551535935e-001 -1.6480730369e-001 -8.0040189885e-001
0 0 0
3 0 212 126.0800 -163.0800 1 212 203.0000 -205.0000 3 212 -169.0400 -164.4300
9.7951262956e-002 -1.7069439434e-001 -8.1033369053e-001
0 0 0
4 0 213 116.4200 -166.2900 1 213 191.1000 -205.1900 2 213 -114.0000 -180.0000 3 213 -165.0000 -162.5000
8.4064607989e-002 -1.7731600117e-001 -8.2097411521e-001
0 0 0
4 0 214 97.9400 -170.7600 1 214 178.7100 -205.2900 2 214 -96.3800 -180.7100 3 214 -158.6100 -161.3900
6.9405697645e-002 -1.8344180539e-001 -8.3170038779e-001
0 0 0
4 0 215 81.7400 -174.0000 1 215 163.1000 -205.1900 2 215 -79.4100 -181.6400 3 215 -148.4000 -160.3000
4.9301792333e-002 -1.8691545787e-001 -8.4284234677e-001
0 0 0
4 0 216 58.9500 -174.6300 1 216 148.8500 -202.7000 2 216 -57.3200 -181.0900 3 216 -135.1400 -157.4600
2.7856565430e-002 -1.8812362516e-001 -8.5432703548e-001
0 0 0
4 0 217 38.5700 -173.2200 1 217 131.8200 -197.0600 2 217 -36.1000 -179.8100 3 217 -116.9300 -153.3900
8.0429124868e-003 -1.8553958067e-001 -8.5851146506e-001
0 0 0
4 0 218 17.5800 -170.0700 1 218 120.8900 -191.1100 2 218 -23.5900 -179.5900 3 218 -101.4700 -151.3300
-8.7306543817e-003 -1.8235442882e-001 -8.5889701827e-001
0 0 0
4 0 219 2.8000 -167.6400 1 219 115.0000 -187.0000 2 219 -13.7600 -180.5900 3 219 -85.5700 -149.9300
-2.2962144749e-002 -1.7771044900e-001 -8.5717398061e-001
0 0 0
4 0 220 -11.9100 -163.7800 1 220 111.2900 -182.7100 2 220 -8.5000 -180.7800 3 220 -73.7600 -149.4500
-3.5517862061e-002 -1.7020577376e-001 -8.5648447986e-001
0 0 0
4 0 221 -22.9000 -157.5700 1 221 108.3800 -174.5600 2 221 -4.1400 -178.7100 3 221 -61.1500 -146.7000
-4.3663607385e-002 -1.6177838638e-001 -8.5776178140e-001
0 0 0
4 0 222 -31.3600 -149.1600 1 222 106.2900 -165.5000 2 222 -1.6200 -174.5600 3 222 -54.1600 -142.1200
-4.8416987258e-002 -1.5433282358e-001 -8.6334676462e-001
0 0 0
4 0 223 -36.0000 -141.0000 1 223 102.7800 -156.8300 2 223 1.5900 -167.8800 3 223 -49.0400 -134.6900
-4.4951168191e-002 -1.5124512115e-001 -8.8031519568e-001
0 0 0
4 0 224 -33.1000 -133.9300 1 224 94.0000 -150.0000 2 224 7.8700 -156.1300 3 224 -51.2400 -122.1200
-4.4321097960e-002 -1.5653142756e-001 -8.9418314375e-001
0 0 0
4 0 225 -33.0600 -135.8700 1 225 84.1300 -150.1300 2 225 17.1200 -151.5000 3 225 -52.6400 -116.0000
-4.2443182431e-002 -1.6133224184e-001 -9.0643097249e-001
0 0 0
4 0 226 -31.6800 -137.6300 1 226 76.1400 -150.6800 2 226 24.6200 -147.1200 3 226 -54.7600 -110.2700
-4.1844817582e-002 -1.6704239144e-001 -9.2266968707e-001
0 0 0
4 0 227 -31.6600 -139.0800 1 227 64.4800 -150.3800 2 227 35.0900 -141.2200 3 227 -56.2300 -102.6200
-4.0279515568e-002 -1.7344147552e-001 -9.3491641211e-001
0 0 0
4 0 228 -30.4500 -142.2500 1 228 55.4700 -151.7400 2 228 42.8900 -137.7100 3 228 -58.4100 -97.5100
-3.8875981098e-002 -1.8051127105e-001 -9.4480419467e-001
0 0 0
4 0 229 -29.7200 -145.9300 1 229 48.7500 -154.5000 2 229 50.8900 -136.1900 3 229 -61.0500 -94.0800
-3.8978474575e-002 -1.8650140393e-001 -9.5198830312e-001
0 0 0
4 0 230 -30.1200 -149.1700 1 230 42.2100 -157.0000 2 230 56.9600 -135.4000 3 230 -62.1200 -92.6000
-3.8382776866e-002 -1.9325858153e-001 -9.5914084598e-001
0 0 0
4 0 231 -29.8400 -153.1200 1 231 36.2300 -160.1800 2 231 63.2800 -135.1200 3 231 -63.8500 -91.1000
-3.2269832565e-002 -2.0236965843e-001 -9.6895784447e-001
0 0 0
4 0 232 -25.6500 -157.9300 1 232 31.0900 -164.9100 2 232 69.8100 -133.5800 3 232 -71.8400 -88.4200
-2.1110577691e-002 -2.1289948683e-001 -9.7771213079e-001
0 0 0
4 0 233 -16.3900 -164.8200 1 233 29.0000 -171.0000 2 233 74.1900 -131.7000 3 233 -84.2800 -87.0700
-1.3872616584e-002 -2.2083134277e-001 -9.8630853593e-001
0 0 0
4 0 234 -11.0700 -168.8700 1 234 25.3200 -175.0900 2 234 79.1200 -129.5000 3 234 -93.4300 -84.4100
-8.4865577621e-003 -2.2501509479e-001 -9.8847839314e-001
0 0 0
4 0 235 -7.0600 -171.3700 1 235 25.5500 -178.1500 2 235 79.5700 -129.5300 3 235 -99.9300 -84.6400
1.4219631588e-002 -2.5930636411e-001 -1.0238358517e+000
0 0 0
4 0 236 7.3300 -187.6900 1 236 9.0000 -194.0000 2 236 108.3500 -122.5200 3 236 -135.9400 -74.3000
1.5157699049e-002 -2.6418467558e-001 -1.0310459572e+000
0 0 0
4 0 237 7.6100 -189.4100 1 237 4.8100 -195.1000 2 237 115.8200 -120.5800 3 237 -139.2200 -70.9600
1.4608282184e-002 -2.6641911467e-001 -1.0357486684e+000
0 0 0
4 0 238 6.5800 -190.1700 1 238 1.2100 -195.0500 2 238 120.2600 -119.0000 3 238 -140.0000 -68.0000
1.7102801166e-002 -2.7034890525e-001 -1.0427210000e+000
0 0 0
4 0 239 7.9100 -191.1300 1 239 -1.5300 -196.0000 2 239 126.5600 -115.6600 3 239 -144.7200 -64.0700
1.5697226816e-002 -2.7452451429e-001 -1.0513336710e+000
0 0 0
4 0 240 6.2900 -192.2400 1 240 -7.4100 -196.2400 2 240 135.9000 -112.6600 3 240 -145.4500 -58.6600
1.7655370980e-002 -2.7623806228e-001 -1.0555491419e+000
0 0 0
4 0 241 7.4800 -192.4800 1 241 -9.0000 -196.1700 2 241 139.0000 -110.1000 3 241 -148.7500 -55.5700
2.0059283196e-002 -2.7736580254e-001 -1.0613368449e+000
0 0 0
4 0 242 8.5200 -191.6400 1 242 -10.7500 -195.4400 2 242 142.7000 -106.3000 3 242 -152.7700 -50.0000
2.6744298218e-002 -2.7658386712e-001 -1.0674487036e+000
0 0 0
4 0 243 13.2700 -189.6400 1 243 -10.2500 -193.5600 2 243 143.5700 -98.4700 3 243 -160.6200 -43.1700
3.6967892589e-002 -2.7622952494e-001 -1.0771876905e+000
0 0 0
4 0 244 18.8000 -187.0400 1 244 -9.4700 -191.8700 2 244 145.3700 -86.6700 3 244 -173.6800 -32.1400
4.7637725202e-002 -2.7257637774e-001 -1.0876392575e+000
0 0 0
3 0 245 25.8200 -181.6000 1 245 -8.4700 -187.3300 2 245 145.6300 -72.6300
5.9272748695e-002 -2.7103240418e-001 -1.1001248879e+000
0 0 0
3 0 246 32.2300 -177.7500 1 246 -8.2500 -184.4200 2 246 148.0700 -56.5900
6.4022334472e-002 -2.6863287824e-001 -1.1064566140e+000
0 0 0
2 0 247 34.6700 -175.2800 1 247 -8.6200 -181.6200
6.3427226079e-002 -2.6347582987e-001 -1.1097682580e+000
0 0 0
2 0 248 33.9200 -170.8900 1 248 -9.0000 -178.0000
5.6840600923e-002 -2.5336305602e-001 -1.1130507774e+000
0 0 0
2 0 249 29.3100 -163.8100 1 249 -10.6200 -170.3800
5.3307468991e-002 -2.3841185744e-001 -1.1180681547e+000
0 0 0
2 0 250 26.6300 -153.7900 1 250 -10.3600 -159.2100
5.2208528261e-002 -2.2217716684e-001 -1.1211095316e+000
0 0 0
2 0 251 25.6800 -142.8200 1 251 -8.0000 -148.5700
5.5719429477e-002 -2.0533797002e-001 -1.1219050174e+000
0 0 0
2 0 252 27.8200 -130.8800 1 252 -2.7900 -139.6400
5.7132453080e-002 -1.9134030233e-001 -1.1140918403e+000
0 0 0
2 0 253 29.5900 -123.5600 1 253 4.6700 -132.4700
6.0295619283e-002 -1.8060951659e-001 -1.1005761409e+000
0 0 0
2 0 254 33.0000 -118.1000 1 254 14.4000 -129.6000
6.4142364829e-002 -1.7501646350e-001 -1.0868488261e+000
0 0 0
2 0 255 37.0000 -116.0000 1 255 23.3600 -129.9100
7.1343264370e-002 -1.7509234596e-001 -1.0784348882e+000
0 0 0
2 0 256 42.8300 -117.1200 1 256 30.0000 -132.8000
7.3100741704e-002 -1.7329036271e-001 -1.0726620689e+000
0 0 0
2 0 257 44.7400 -116.8700 1 257 33.8000 -133.0000
7.4805280189e-002 -1.7301795375e-001 -1.0697965432e+000
0 0 0
2 0 258 46.2400 -116.9400 1 258 35.8300 -133.8300
8.0991164200e-002 -1.7239288675e-001 -1.0682676162e+000
0 0 0
2 0 259 50.6700 -116.4700 1 259 39.1000 -134.8100
8.7673913430e-002 -1.7328553487e-001 -1.0675438404e+000
0 0 0
2 0 260 55.4200 -117.5300 1 260 41.9000 -135.9500
8.9626022686e-002 -1.7225206712e-001 -1.0640393754e+000
0 0 0
2 0 261 57.2200 -117.1500 1 261 44.5000 -136.5000
9.1582352007e-002 -1.7184558884e-001 -1.0637586395e+000
0 0 0
2 0 262 58.6200 -116.9500 1 262 45.5000 -136.5000
9.3155213069e-002 -1.7053469406e-001 -1.0634630467e+000
0 0 0
2 0 263 59.7300 -115.9000 1 263 46.5400 -136.1500
9.4936931313e-002 -1.6925770229e-001 -1.0650273627e+000
0 0 0
2 0 264 60.7300 -114.6500 1 264 46.8000 -135.4000
9.7884602612e-002 -1.6687875736e-001 -1.0618264147e+000
0 0 0
2 0 265 63.2300 -113.4500 1 265 50.0000 -135.0000
1.0879234380e-001 -1.6309805015e-001 -1.0383542276e+000
0 0 0
3 0 266 74.7300 -113.5400 1 266 65.2500 -139.4000 2 266 15.8900 -17.5200
