# Bundle file v0.3
4 267
7.6800000000e+002 0.0000000000e+000 0.0000000000e+000
1.0000000000e+000 0.0000000000e+000 0.0000000000e+000
0.0000000000e+000 1.0000000000e+000 0.0000000000e+000
0.0000000000e+000 0.0000000000e+000 1.0000000000e+000
-0.0000000000e+000 -0.0000000000e+000 -0.0000000000e+000
7.6800000000e+002 0.0000000000e+000 0.0000000000e+000
5.5504163810e-001 3.4925565622e-001 7.5494984375e-001
-3.3796081872e-001 9.2398430073e-001 -1.7898462788e-001
-7.6007319712e-001 -1.5579954624e-001 6.3088448738e-001
8.6491640106e-001 -2.1655056469e-001 -4.5279738528e-001
0 0 0
0 0 0
0 0 0
0 0 0
0 0 0
0 0 0
0 0 0
0 0 0
0 0 0
0 0 0
3.2199430043e-002 -1.6376825061e-001 -1.0598635406e+000
0 0 0
2 0 0 23.3300 -118.6500 1 0 17.4400 -129.6100
3.2182075471e-002 -1.6563148142e-001 -1.0597971050e+000
0 0 0
2 0 1 23.3000 -119.8500 1 1 17.0000 -131.0000
3.1297616622e-002 -1.6852736462e-001 -1.0591964594e+000
0 0 0
2 0 2 22.6700 -122.0000 1 2 16.3000 -132.9000
3.0752682202e-002 -1.7234410955e-001 -1.0581533274e+000
0 0 0
2 0 3 22.3100 -125.0000 1 3 15.7600 -135.4100
2.9905393367e-002 -1.7567627709e-001 -1.0579703706e+000
0 0 0
2 0 4 21.7000 -127.4500 1 4 14.7500 -137.5000
2.6571502410e-002 -1.7956658063e-001 -1.0573746186e+000
0 0 0
2 0 5 19.2900 -130.3400 1 5 12.8900 -139.7200
2.0954933233e-002 -1.8487418071e-001 -1.0576018797e+000
0 0 0
2 0 6 15.2000 -134.1000 1 6 9.3700 -142.4700
1.5261828548e-002 -1.9020511544e-001 -1.0572136040e+000
0 0 0
2 0 7 11.0700 -138.0200 1 7 6.1200 -145.3100
6.9599733961e-003 -1.9594029633e-001 -1.0561397599e+000
0 0 0
2 0 8 5.0500 -142.3800 1 8 2.1000 -148.1900
-1.0525398657e-003 -1.9950390074e-001 -1.0528296701e+000
0 0 0
2 0 9 -0.7700 -145.5100 1 9 -0.1300 -150.1300
-1.1167893757e-002 -2.0239131589e-001 -1.0466632923e+000
0 0 0
2 0 10 -8.1900 -148.5500 1 10 -1.5300 -152.0000
-2.0027648190e-002 -2.0310904123e-001 -1.0388210084e+000
0 0 0
2 0 11 -14.8000 -150.2200 1 11 -1.0000 -153.0000
-2.6447735282e-002 -2.0315139316e-001 -1.0318059112e+000
0 0 0
2 0 12 -19.6900 -151.1700 1 12 0.2300 -153.8200
-2.9789138204e-002 -2.0301769826e-001 -1.0217364166e+000
0 0 0
2 0 13 -22.3800 -152.7100 1 13 4.5200 -155.3800
-3.2711608332e-002 -2.0388413196e-001 -1.0146431355e+000
0 0 0
2 0 14 -24.7500 -154.4200 1 14 7.0900 -157.2200
-3.5652832534e-002 -2.0603266450e-001 -1.0107222804e+000
0 0 0
2 0 15 -27.0700 -156.7600 1 15 7.5700 -159.1400
-3.9074917680e-002 -2.0742560988e-001 -1.0113522249e+000
0 0 0
2 0 16 -29.6600 -157.6400 1 16 5.4400 -159.6100
-4.0584266878e-002 -2.1219136006e-001 -1.0119806959e+000
0 0 0
2 0 17 -30.8100 -160.9300 1 17 3.1900 -162.9000
-4.3018191830e-002 -2.1790885891e-001 -1.0103156267e+000
0 0 0
2 0 18 -32.6500 -166.1700 1 18 1.7200 -166.4400
-4.4751984833e-002 -2.2663443365e-001 -1.0112133850e+000
0 0 0
2 0 19 -34.0000 -172.0000 1 19 -1.8900 -172.9400
-4.7603614850e-002 -2.3186089967e-001 -1.0050006969e+000
0 0 0
2 0 20 -36.3600 -177.3800 1 20 -0.8900 -177.5600
-5.1311673402e-002 -2.3228480412e-001 -9.9726954344e-001
0 0 0
2 0 21 -39.5200 -178.8300 1 21 1.8400 -179.5800
-5.4140037443e-002 -2.2962822397e-001 -9.9078702819e-001
0 0 0
2 0 22 -41.9800 -177.8400 1 22 5.1000 -179.0000
-5.7935245541e-002 -2.2481776834e-001 -9.8326004915e-001
0 0 0
2 0 23 -45.2700 -175.4000 1 23 9.1900 -176.9000
-6.3747909708e-002 -2.1953674144e-001 -9.7587281863e-001
0 0 0
2 0 24 -50.1700 -172.7600 1 24 12.5600 -173.8900
-7.0556572781e-002 -2.1418047397e-001 -9.6631104178e-001
0 0 0
2 0 25 -56.0600 -170.4000 1 25 16.9000 -171.1900
-7.8306469517e-002 -2.1080420523e-001 -9.5447780456e-001
0 0 0
2 0 26 -63.0200 -169.4900 1 26 21.7200 -170.8900
-8.4693755567e-002 -2.0990135805e-001 -9.4292748385e-001
0 0 0
2 0 27 -68.9800 -170.9800 1 27 26.4500 -172.1500
-8.5585916143e-002 -2.1263275757e-001 -9.2747675351e-001
0 0 0
2 0 28 -70.9400 -175.3100 1 28 35.0000 -179.0000
-7.5766927913e-002 -2.2084950811e-001 -9.1210372166e-001
0 0 0
2 0 29 -63.8100 -185.8000 1 29 46.8500 -190.2700
-5.6126315976e-002 -2.2983971662e-001 -8.9867429051e-001
0 0 0
2 0 30 -47.9800 -196.2300 1 30 61.2000 -203.4400
-3.4326308226e-002 -2.3508825601e-001 -8.9005161304e-001
0 0 0
2 0 31 -29.6000 -203.1100 1 31 74.1300 -211.8700
-1.2219099283e-002 -2.3916132514e-001 -8.8015984885e-001
0 0 0
2 0 32 -10.6400 -209.0000 1 32 88.0000 -220.0000
5.5098708855e-003 -2.4397210846e-001 -8.7167100224e-001
0 0 0
2 0 33 4.8300 -214.5800 1 33 98.8000 -228.5600
2.0124601667e-002 -2.5110145067e-001 -8.7231154705e-001
0 0 0
2 0 34 17.7000 -220.7800 1 34 101.7900 -235.0000
3.2592701937e-002 -2.5629057830e-001 -8.7224833437e-001
0 0 0
2 0 35 28.7300 -226.2200 1 35 105.0000 -239.0000
3.2224116604e-002 -2.6025291539e-001 -8.8130774633e-001
0 0 0
2 0 36 28.1300 -227.6400 1 36 98.0000 -239.0000
3.0372362253e-002 -2.5893268422e-001 -8.7771584290e-001
0 0 0
2 0 37 26.6200 -227.3300 1 37 100.0000 -239.0000
-1.3719204706e-001 -1.7668526457e-001 -7.5767073159e-001
0 0 0
2 0 38 -138.9900 -179.8600 1 38 149.1500 -189.3500
-1.5769299421e-001 -1.5572225422e-001 -7.4645187467e-001
0 0 0
2 0 39 -162.1800 -160.8200 1 39 157.1900 -170.3300
-1.7703042909e-001 -1.3929310580e-001 -7.3616737485e-001
0 0 0
2 0 40 -184.7400 -144.8600 1 40 163.6600 -155.5500
-1.9275037394e-001 -1.3186765906e-001 -7.2386874172e-001
0 0 0
2 0 41 -204.4500 -140.3200 1 41 171.1600 -148.2200
-1.8259071235e-001 -1.8077532463e-001 -7.7447787395e-001
0 0 0
2 0 42 -181.0900 -178.9900 1 42 114.7400 -182.0000
-1.7544378588e-001 -1.7767483509e-001 -7.8357014501e-001
0 0 0
2 0 43 -171.9600 -174.1200 1 43 111.3000 -177.0300
-1.6798936042e-001 -1.7532938304e-001 -7.9199826469e-001
0 0 0
2 0 44 -162.9100 -169.9100 1 44 108.3500 -173.4800
-1.6010873425e-001 -1.7442805007e-001 -7.9728963249e-001
0 0 0
2 0 45 -154.2300 -167.9900 1 45 107.7500 -172.2100
-1.5563626428e-001 -1.7178236640e-001 -8.0067343378e-001
0 0 0
2 0 46 -149.3000 -164.6300 1 46 107.7500 -169.6100
-1.5418321791e-001 -1.6435862558e-001 -8.0859638885e-001
0 0 0
2 0 47 -146.4200 -156.3100 1 47 104.4300 -160.4700
-1.5823732263e-001 -1.5331219862e-001 -8.1865119729e-001
0 0 0
2 0 48 -148.4100 -144.1400 1 48 98.2500 -146.9400
-1.6000589525e-001 -1.4304875024e-001 -8.2993809642e-001
0 0 0
2 0 49 -148.0200 -132.7300 1 49 91.9300 -134.4300
-1.6290806830e-001 -1.3585060250e-001 -8.3894259917e-001
0 0 0
2 0 50 -149.1000 -124.6100 1 50 86.0000 -125.3200
-1.6289104017e-001 -1.3098163038e-001 -8.4902753607e-001
0 0 0
2 0 51 -147.3000 -118.8200 1 51 79.9200 -118.4400
-1.5881927911e-001 -1.3005429635e-001 -8.5865385539e-001
0 0 0
2 0 52 -142.0400 -116.4100 1 52 74.7900 -116.3100
-1.5141077028e-001 -1.3283892351e-001 -8.7037181048e-001
0 0 0
2 0 53 -133.6000 -117.2300 1 53 68.6300 -117.3300
-1.3944672985e-001 -1.4069426713e-001 -8.8060676037e-001
0 0 0
2 0 54 -121.6000 -122.8200 1 54 64.1900 -123.5800
-1.2569404202e-001 -1.5064579941e-001 -8.8676303263e-001
0 0 0
2 0 55 -108.8600 -130.4700 1 55 62.8300 -132.8800
-1.0634591043e-001 -1.6281884419e-001 -8.9199822143e-001
0 0 0
2 0 56 -91.4600 -141.0700 1 56 64.0000 -143.8600
-8.4731562725e-002 -1.7616687346e-001 -8.8932564066e-001
0 0 0
2 0 57 -73.1800 -152.0600 1 57 70.7600 -159.6000
-6.0668315685e-002 -1.9040181933e-001 -8.8641441774e-001
0 0 0
2 0 58 -52.4800 -165.8200 1 58 78.5000 -174.0900
-4.3618433143e-002 -2.0140052825e-001 -8.7740946832e-001
0 0 0
2 0 59 -38.1800 -176.2800 1 59 88.0400 -188.2600
-2.5644143676e-002 -2.0977441029e-001 -8.6990678449e-001
0 0 0
2 0 60 -22.6400 -185.2000 1 60 97.6200 -199.0000
-1.2776569479e-002 -2.1508643908e-001 -8.6692061687e-001
0 0 0
2 0 61 -11.2900 -190.9000 1 61 103.0000 -205.0000
-6.3592080726e-003 -2.1780255598e-001 -8.6389675538e-001
0 0 0
2 0 62 -5.6600 -193.5400 1 62 106.5900 -209.1200
-2.2578848105e-003 -2.1801841976e-001 -8.6275801493e-001
0 0 0
2 0 63 -2.0000 -194.2000 1 63 108.8000 -209.8000
4.1829046454e-003 -2.2020434568e-001 -8.6612291236e-001
0 0 0
2 0 64 3.7100 -195.2700 1 64 108.2500 -211.3300
1.7022645220e-002 -2.2043380484e-001 -8.6931735032e-001
0 0 0
2 0 65 15.0600 -195.0200 1 65 110.6200 -211.6200
3.3839274200e-002 -2.2062944080e-001 -8.6745605766e-001
0 0 0
2 0 66 29.9600 -195.3400 1 66 117.5600 -214.2500
5.4567666297e-002 -2.1962878237e-001 -8.6622234361e-001
0 0 0
2 0 67 48.3700 -194.5900 1 67 125.5300 -216.0000
6.9144615170e-002 -2.1611868151e-001 -8.6133102402e-001
0 0 0
2 0 68 61.6500 -192.6700 1 68 134.3300 -216.0000
7.8957192607e-002 -2.1282687013e-001 -8.5704893504e-001
0 0 0
2 0 69 70.7600 -190.8000 1 69 141.0500 -215.5300
8.4428993760e-002 -2.0915596150e-001 -8.4980360008e-001
0 0 0
2 0 70 76.3000 -189.0000 1 70 148.3800 -215.4400
8.7748568312e-002 -2.0400627528e-001 -8.4229293915e-001
0 0 0
2 0 71 80.0000 -185.9000 1 71 155.5900 -214.1200
9.0458319533e-002 -1.9799939733e-001 -8.3119997193e-001
0 0 0
2 0 72 83.5800 -182.9400 1 72 165.2800 -212.8300
9.0087793453e-002 -1.9022366451e-001 -8.1886860823e-001
0 0 0
2 0 73 84.5100 -178.6300 1 73 175.4400 -210.1100
8.7056151062e-002 -1.8154800662e-001 -8.0424934578e-001
0 0 0
2 0 74 83.1800 -173.9200 1 74 186.8100 -206.9000
8.1857500434e-002 -1.7258733402e-001 -7.9151394739e-001
0 0 0
2 0 75 79.4400 -167.6200 1 75 196.4200 -203.5800
7.6195615110e-002 -1.6278117909e-001 -7.7606718947e-001
0 0 0
2 0 76 75.4400 -161.4800 1 76 208.3900 -199.4400
7.2557950241e-002 -1.5267043687e-001 -7.6040568672e-001
0 0 0
2 0 77 73.3200 -154.5800 1 77 221.4100 -195.5500
6.6377248403e-002 -1.3991848056e-001 -7.4325878984e-001
0 0 0
2 0 78 68.5800 -144.5100 1 78 235.7700 -190.1800
5.8081206575e-002 -1.2614255378e-001 -7.2340176082e-001
0 0 0
2 0 79 61.7200 -134.4500 1 79 252.6000 -182.9600
4.5112708052e-002 -1.1111623636e-001 -7.0427118619e-001
0 0 0
2 0 80 49.2500 -121.6400 1 80 268.5000 -174.5000
3.0808927111e-002 -9.7806942004e-002 -6.8635351490e-001
0 0 0
2 0 81 34.5300 -109.8900 1 81 283.3300 -166.5000
1.0525057782e-002 -8.1746964385e-002 -6.6562590100e-001
0 0 0
2 0 82 12.1900 -94.6600 1 82 300.6400 -155.7300
-1.2743605726e-002 -6.7125309266e-002 -6.4994886770e-001
0 0 0
2 0 83 -15.1900 -78.4200 1 83 313.0300 -145.0900
-3.4098917760e-002 -5.4883671400e-002 -6.4200924928e-001
0 0 0
2 0 84 -40.8700 -65.1500 1 84 319.0000 -132.0000
-2.0704279078e-001 1.5252284172e-002 -6.2852750680e-001
0 0 0
2 0 85 -253.6200 21.2900 1 85 309.7500 -25.0000
-2.4981763596e-001 -2.6861912761e-002 -6.7699512731e-001
0 0 0
2 0 86 -283.8100 -28.5100 1 86 229.9100 -42.0200
-2.5411087747e-001 -4.0179731516e-002 -6.9437439353e-001
0 0 0
2 0 87 -281.1900 -43.7600 1 87 206.0000 -49.0000
-2.5236901867e-001 -5.0713621945e-002 -7.0891873344e-001
0 0 0
2 0 88 -273.3500 -55.2100 1 88 188.6100 -55.9200
-2.5046086456e-001 -5.9755725162e-002 -7.2325461031e-001
0 0 0
2 0 89 -266.0300 -63.0500 1 89 172.0500 -62.8200
-2.4829586158e-001 -6.7168412181e-002 -7.3477660374e-001
0 0 0
2 0 90 -259.5700 -69.9400 1 90 159.4200 -67.9200
-2.4392258603e-001 -7.5467336059e-002 -7.4615418789e-001
0 0 0
2 0 91 -251.1100 -77.4100 1 91 147.8200 -74.5800
-2.4049204263e-001 -8.1646729530e-002 -7.5615125179e-001
0 0 0
2 0 92 -244.2900 -82.7500 1 92 138.0800 -79.0000
-2.3678206158e-001 -8.6903143967e-002 -7.6652263674e-001
0 0 0
2 0 93 -237.2500 -87.0000 1 93 128.6500 -82.3900
-2.3286095727e-001 -8.9384967982e-002 -7.7391548253e-001
0 0 0
2 0 94 -231.0700 -88.7700 1 94 123.0600 -83.8100
-2.3028204644e-001 -8.9052781395e-002 -7.7865659505e-001
0 0 0
2 0 95 -227.1100 -87.9600 1 95 120.1900 -82.9100
-2.2777870756e-001 -8.8425654255e-002 -7.8381816414e-001
0 0 0
2 0 96 -223.2000 -86.5300 1 96 117.0000 -81.9000
-2.2540200744e-001 -8.8797967546e-002 -7.8875959133e-001
0 0 0
2 0 97 -219.4600 -86.5200 1 97 113.7400 -81.4800
-2.2378786505e-001 -8.9390954816e-002 -7.9284119010e-001
0 0 0
2 0 98 -216.7600 -86.6900 1 98 110.8100 -81.4100
-2.2172662829e-001 -8.6583612057e-002 -7.9460902400e-001
0 0 0
2 0 99 -214.3400 -83.4500 1 99 111.0800 -79.2000
-2.1777051416e-001 -8.1988654955e-002 -7.9525568857e-001
0 0 0
2 0 100 -210.3100 -79.1600 1 100 113.8100 -75.5800
-2.1298844939e-001 -7.5645915242e-002 -7.9595205092e-001
0 0 0
2 0 101 -205.4900 -73.1000 1 101 117.3700 -70.6700
-2.0230926474e-001 -6.8338886665e-002 -7.9839461309e-001
0 0 0
2 0 102 -194.6000 -65.7800 1 102 122.1900 -66.3000
-1.8631103308e-001 -6.0375832206e-002 -8.0138627374e-001
0 0 0
2 0 103 -178.6200 -57.4600 1 103 128.7200 -63.1200
-1.3047669143e-001 -3.9235954704e-002 -8.0689866711e-001
0 0 0
2 0 104 -124.2500 -37.0000 1 104 152.0000 -58.0000
-1.1298382408e-001 -3.5465615073e-002 -8.0853534450e-001
0 0 0
2 0 105 -107.4000 -33.2500 1 105 158.0000 -59.0000
-9.9626166784e-002 -3.2866530136e-002 -8.1026576954e-001
0 0 0
2 0 106 -94.5200 -30.6600 1 106 162.0000 -59.8600
-8.8588703087e-002 -2.8029974427e-002 -8.1426086373e-001
0 0 0
2 0 107 -83.6500 -25.9300 1 107 164.0000 -57.8600
-7.8729541401e-002 -2.1455393427e-002 -8.2085964765e-001
0 0 0
2 0 108 -73.8000 -19.3300 1 108 164.0000 -54.0000
-7.3115532028e-002 -1.5789824965e-002 -8.2730641092e-001
0 0 0
2 0 109 -68.0000 -14.0000 1 109 162.5600 -49.6100
-6.8381880197e-002 -1.0611692353e-002 -8.3271458334e-001
0 0 0
2 0 110 -63.2200 -9.0000 1 110 161.4400 -45.8900
-6.4670255960e-002 -5.7341945024e-003 -8.3485037075e-001
0 0 0
2 0 111 -59.6300 -4.5700 1 111 162.3800 -42.5600
1.7692568118e-002 3.9821093738e-002 -8.6632703494e-001
0 0 0
2 0 112 15.6700 35.3700 1 112 176.8000 -23.2000
2.6330146786e-002 6.5653659386e-003 -8.6275176524e-001
0 0 0
2 0 113 23.5300 5.3700 1 113 174.0000 -48.4500
2.8236202514e-002 -3.1828605566e-002 -8.6734342113e-001
0 0 0
2 0 114 24.7800 -26.9000 1 114 161.8600 -77.2400
2.6361362183e-002 -6.7205630956e-002 -8.8047335327e-001
0 0 0
2 0 115 22.8600 -57.7600 1 115 144.1900 -99.0500
1.8179882782e-002 -9.1588126769e-002 -8.9690417723e-001
0 0 0
2 0 116 15.6300 -78.8600 1 116 125.2300 -110.2300
6.2521991759e-003 -1.0898419004e-001 -9.1777774832e-001
0 0 0
2 0 117 5.2100 -91.0400 1 117 103.5000 -117.0000
-3.7487771817e-002 -1.4196266440e-001 -9.5716260554e-001
0 0 0
2 0 118 -30.0800 -113.9000 1 118 54.9000 -125.0000
-5.5647706049e-002 -1.5190758041e-001 -9.6347403216e-001
0 0 0
2 0 119 -44.3400 -121.2300 1 119 41.4100 -127.7600
-7.0907647361e-002 -1.5999163590e-001 -9.6538392558e-001
0 0 0
2 0 120 -56.4000 -127.3600 1 120 31.9400 -130.8800
-1.0432219487e-001 -1.6314386799e-001 -9.5509353575e-001
0 0 0
2 0 121 -83.8400 -131.5700 1 121 23.4800 -129.7600
-1.0604878433e-001 -1.6376100043e-001 -9.4538763281e-001
0 0 0
2 0 122 -86.1100 -133.3700 1 122 28.6700 -132.2500
-1.0630461506e-001 -1.6699411068e-001 -9.4603448041e-001
0 0 0
2 0 123 -86.3000 -135.5600 1 123 27.1900 -134.9000
-1.0627240451e-001 -1.6939549465e-001 -9.4573816659e-001
0 0 0
2 0 124 -86.3000 -137.5600 1 124 26.7200 -136.8300
-1.1309488282e-001 -1.7133296485e-001 -9.4909868573e-001
0 0 0
2 0 125 -91.5000 -138.7700 1 125 21.1100 -136.2800
-1.2069205236e-001 -1.7437074826e-001 -9.5727745994e-001
0 0 0
2 0 126 -96.8100 -140.0500 1 126 11.7600 -135.4100
-1.2952520494e-001 -1.8056475074e-001 -9.5879206522e-001
0 0 0
2 0 127 -103.7500 -144.6400 1 127 5.0500 -138.5700
-1.3551165504e-001 -1.8802802916e-001 -9.5856913978e-001
0 0 0
2 0 128 -108.5100 -151.2000 1 128 0.3800 -143.0000
-1.3687118916e-001 -1.9371501452e-001 -9.6029147808e-001
0 0 0
2 0 129 -109.4200 -155.3300 1 129 -3.0000 -147.0000
-1.3749210495e-001 -1.9994346007e-001 -9.6632753145e-001
0 0 0
2 0 130 -109.2700 -158.9400 1 130 -8.9100 -150.6800
-1.3796295315e-001 -2.0364341943e-001 -9.7192427895e-001
0 0 0
2 0 131 -109.0200 -160.8800 1 131 -13.6700 -152.1900
-1.3677949652e-001 -2.0827893859e-001 -9.7580253403e-001
0 0 0
2 0 132 -107.6500 -163.9400 1 132 -16.8300 -155.0000
-1.3442049061e-001 -2.1430706063e-001 -9.8107918575e-001
0 0 0
2 0 133 -105.2500 -167.5200 1 133 -20.7100 -159.0000
-1.3186099391e-001 -2.1959632297e-001 -9.8662101515e-001
0 0 0
2 0 134 -102.6500 -170.8600 1 134 -24.3500 -161.9500
-1.3014452284e-001 -2.2382839875e-001 -9.9281578481e-001
0 0 0
2 0 135 -100.6900 -172.9800 1 135 -28.4700 -164.0000
-1.2557785393e-001 -2.3069199129e-001 -1.0007916816e+000
0 0 0
2 0 136 -96.3900 -176.7900 1 136 -33.0000 -168.0000
-1.2361276619e-001 -2.3854803731e-001 -1.0106176061e+000
0 0 0
2 0 137 -93.9300 -181.3600 1 137 -40.0000 -171.5000
-1.2337619735e-001 -2.4822203981e-001 -1.0231915539e+000
0 0 0
2 0 138 -92.6300 -186.0300 1 138 -49.9000 -176.0500
-1.2143046093e-001 -2.5694928187e-001 -1.0357502271e+000
0 0 0
2 0 139 -90.0300 -190.6400 1 139 -58.4700 -179.3300
-1.1916054636e-001 -2.6502752388e-001 -1.0514638593e+000
0 0 0
2 0 140 -87.0500 -193.4100 1 140 -68.3600 -181.9300
-1.1245541396e-001 -2.7494424104e-001 -1.0641525763e+000
0 0 0
2 0 141 -81.1400 -198.6700 1 141 -74.7100 -186.5000
-1.0306614949e-001 -2.8952542103e-001 -1.0729156244e+000
0 0 0
2 0 142 -73.8300 -206.5000 1 142 -79.0000 -197.0000
-8.8623361634e-002 -3.0554257367e-001 -1.0803071101e+000
0 0 0
2 0 143 -63.0000 -217.2600 1 143 -80.2800 -207.5600
-7.1261171689e-002 -3.1962271590e-001 -1.0869769326e+000
0 0 0
2 0 144 -50.3700 -225.4900 1 144 -79.3700 -218.0000
-5.6821177389e-002 -3.2844098012e-001 -1.0913642197e+000
0 0 0
2 0 145 -40.0300 -230.3500 1 145 -77.2800 -224.8300
-3.1706226293e-002 -3.3712359708e-001 -1.0982766915e+000
0 0 0
2 0 146 -22.2100 -235.0300 1 146 -71.5900 -231.1200
-1.3983633130e-002 -3.4162594106e-001 -1.1012046770e+000
0 0 0
2 0 147 -9.8300 -236.7700 1 147 -66.4000 -235.6000
2.7961460069e-003 -3.4501928907e-001 -1.1073199920e+000
0 0 0
2 0 148 1.8500 -237.5500 1 148 -63.0000 -237.8300
1.3591402327e-002 -3.4675246562e-001 -1.1114027076e+000
0 0 0
2 0 149 9.3100 -238.0000 1 149 -60.8000 -238.6000
2.6958274828e-002 -3.4752895205e-001 -1.1148218285e+000
0 0 0
2 0 150 18.5000 -238.0000 1 150 -57.0000 -239.0000
9.6458938126e-002 -3.0271595038e-001 -1.0208245880e+000
0 0 0
2 0 151 72.5000 -226.5000 1 151 28.6400 -238.0900
8.7358226715e-002 -2.9299543801e-001 -1.0095385460e+000
0 0 0
2 0 152 66.4200 -222.2600 1 152 33.7700 -233.1500
7.7815464159e-002 -2.8369502576e-001 -9.9980488460e-001
0 0 0
2 0 153 59.7400 -217.3700 1 153 37.8500 -228.5400
6.6048633573e-002 -2.7361788401e-001 -9.9093670443e-001
0 0 0
2 0 154 51.1200 -211.0000 1 154 40.8500 -223.5400
5.6513107301e-002 -2.6252212245e-001 -9.8422202215e-001
0 0 0
2 0 155 44.0400 -204.0200 1 155 43.8500 -216.5400
4.9001278556e-002 -2.5111172795e-001 -9.8158059007e-001
0 0 0
2 0 156 38.3300 -196.3500 1 156 45.4600 -207.8500
4.3153935065e-002 -2.3715888390e-001 -9.7863597649e-001
0 0 0
2 0 157 33.8500 -185.9200 1 157 48.4000 -198.4000
3.8962303080e-002 -2.2569849134e-001 -9.7770189754e-001
0 0 0
2 0 158 30.5900 -177.1100 1 158 50.2100 -190.2100
3.4971223604e-002 -2.1120958602e-001 -9.7652366283e-001
0 0 0
2 0 159 27.5000 -166.0700 1 159 53.0000 -179.8300
3.1339251056e-002 -1.9924012463e-001 -9.7573829461e-001
0 0 0
2 0 160 24.6600 -156.7500 1 160 55.0600 -171.3100
2.7383966691e-002 -1.8669327505e-001 -9.7654947316e-001
0 0 0
2 0 161 21.5700 -147.1500 1 161 56.2900 -161.5000
2.0966478444e-002 -1.7541806014e-001 -9.7734003873e-001
0 0 0
2 0 162 16.4300 -137.4300 1 162 56.1500 -153.4600
1.2830756906e-002 -1.6746319115e-001 -9.8015236636e-001
0 0 0
2 0 163 10.0700 -131.3600 1 163 53.6000 -145.6000
-1.1790188035e-004 -1.6247135480e-001 -9.8240952696e-001
0 0 0
2 0 164 -0.1300 -126.6900 1 164 48.6700 -140.2700
-6.3215955439e-002 -1.6221162099e-001 -9.9361168481e-001
0 0 0
2 0 165 -48.8400 -125.5600 1 165 17.6200 -127.4400
-7.8297995643e-002 -1.6523224447e-001 -9.9291820201e-001
0 0 0
2 0 166 -60.5100 -128.2300 1 166 11.0000 -127.1000
-8.7958539676e-002 -1.6860559202e-001 -9.9377125656e-001
0 0 0
2 0 167 -67.9600 -130.4300 1 167 5.4400 -128.1100
-9.6562148423e-002 -1.6808580657e-001 -9.8874904399e-001
0 0 0
2 0 168 -74.9600 -130.9200 1 168 4.9000 -127.1900
-1.0430524980e-001 -1.6440402616e-001 -9.7756211459e-001
0 0 0
2 0 169 -81.9000 -129.5300 1 169 9.2900 -125.6200
-1.0832533936e-001 -1.6010545517e-001 -9.6626597022e-001
0 0 0
2 0 170 -86.1000 -127.2400 1 170 15.5900 -124.5900
-1.0963272512e-001 -1.5553092580e-001 -9.5541301999e-001
0 0 0
2 0 171 -88.1000 -125.2400 1 171 23.0900 -123.0900
-1.0974100802e-001 -1.5321227041e-001 -9.4491547492e-001
0 0 0
2 0 172 -89.1600 -124.8000 1 172 30.3300 -123.6200
-1.0889437437e-001 -1.5212366078e-001 -9.3612568264e-001
0 0 0
2 0 173 -89.3100 -125.0200 1 173 36.6100 -125.0000
-1.0672052152e-001 -1.5341149335e-001 -9.2705980238e-001
0 0 0
2 0 174 -88.4100 -127.0900 1 174 43.0000 -128.7100
-1.0100335401e-001 -1.5339920216e-001 -9.1952390911e-001
0 0 0
2 0 175 -84.3400 -128.2800 1 175 50.3500 -131.3000
-9.0586333842e-002 -1.5116249940e-001 -9.1364755875e-001
0 0 0
2 0 176 -76.1500 -127.0300 1 176 59.0900 -132.9100
-7.9796890317e-002 -1.4730373703e-001 -9.0714170918e-001
0 0 0
2 0 177 -67.5300 -124.9300 1 177 68.8300 -133.0000
-7.0678664637e-002 -1.4327643254e-001 -9.0037625966e-001
0 0 0
2 0 178 -60.2600 -122.4300 1 178 78.0000 -133.0000
-6.2125985888e-002 -1.4105895674e-001 -8.9705678952e-001
0 0 0
2 0 179 -53.1700 -120.9100 1 179 84.0900 -133.5700
-5.7907765108e-002 -1.3905338643e-001 -8.9209470314e-001
0 0 0
2 0 180 -49.8300 -119.8900 1 180 89.5500 -133.8500
-5.9174726570e-002 -1.3901619298e-001 -8.8822671596e-001
0 0 0
2 0 181 -51.1500 -120.3200 1 181 91.6700 -134.5800
-6.3054244359e-002 -1.3960447981e-001 -8.8505439307e-001
0 0 0
2 0 182 -54.7000 -121.2600 1 182 92.1900 -135.1400
-7.2921930719e-002 -1.3967539510e-001 -8.8196477544e-001
0 0 0
2 0 183 -63.4800 -121.7800 1 183 90.5200 -134.2400
-8.3281986194e-002 -1.3579466651e-001 -8.7718927324e-001
0 0 0
2 0 184 -72.8900 -119.0900 1 184 90.8800 -130.5000
-9.6200467814e-002 -1.2752676374e-001 -8.7038403822e-001
0 0 0
2 0 185 -84.8400 -112.8600 1 185 92.9100 -123.0900
-1.5517983169e-001 -7.1848795852e-002 -8.8168143848e-001
0 0 0
2 0 186 -135.1300 -62.8300 1 186 76.9200 -63.2000
-1.8148862360e-001 -7.0663835109e-002 -9.1685364010e-001
0 0 0
2 0 187 -152.0600 -58.9800 1 187 41.1500 -49.3000
-1.9140469496e-001 -9.6359121950e-002 -9.1695899381e-001
0 0 0
2 0 188 -160.0900 -82.0900 1 188 29.1700 -66.4100
-1.9427330052e-001 -1.2017221861e-001 -9.1495206192e-001
0 0 0
2 0 189 -163.0900 -100.7400 1 189 21.6500 -87.4200
-1.9149684308e-001 -1.3958831473e-001 -9.1094724227e-001
0 0 0
2 0 190 -161.4800 -117.4400 1 190 19.7400 -105.3700
-1.8668976260e-001 -1.5389635958e-001 -9.0885938434e-001
0 0 0
2 0 191 -157.6900 -130.5600 1 191 19.1900 -118.2300
-1.8189956949e-001 -1.5756366361e-001 -9.0478760987e-001
0 0 0
2 0 192 -154.3900 -133.8200 1 192 23.0800 -123.6900
-1.7191812861e-001 -1.5385015947e-001 -8.9412968999e-001
0 0 0
2 0 193 -147.6400 -132.3600 1 193 36.3200 -125.0000
-1.5596531690e-001 -1.4292233956e-001 -8.7612528230e-001
0 0 0
2 0 194 -136.6700 -125.6500 1 194 59.5700 -123.1700
-1.3613792517e-001 -1.3096861041e-001 -8.5555858801e-001
0 0 0
2 0 195 -122.1200 -118.2100 1 195 86.5000 -121.7300
-1.1197192053e-001 -1.1368897693e-001 -8.2974148901e-001
0 0 0
2 0 196 -103.5900 -105.5900 1 196 120.2200 -118.5400
-9.1079342874e-002 -9.7190143540e-002 -8.0631011107e-001
0 0 0
2 0 197 -86.7000 -92.9300 1 197 150.4100 -114.5400
-6.4808960026e-002 -8.0475346068e-002 -7.7809674465e-001
0 0 0
2 0 198 -63.9500 -79.5500 1 198 185.8800 -112.8500
-3.4223907573e-002 -7.7263668610e-002 -7.5554950102e-001
0 0 0
2 0 199 -34.8500 -78.1200 1 199 214.0300 -122.0900
7.7378111643e-003 -9.0754242977e-002 -7.3796588631e-001
0 0 0
2 0 200 8.0000 -94.0600 1 200 236.5200 -144.7200
4.1631184271e-002 -1.0349790058e-001 -7.2975836014e-001
0 0 0
2 0 201 43.8900 -109.5400 1 201 249.0000 -161.0000
6.6839834465e-002 -1.0818393019e-001 -7.2204657749e-001
0 0 0
2 0 202 71.1500 -115.5400 1 202 260.2000 -170.4400
8.8117866123e-002 -1.1072154293e-001 -7.2230585902e-001
0 0 0
2 0 203 93.6800 -117.6200 1 203 264.3500 -175.9500
1.0939317525e-001 -1.1415148468e-001 -7.3049691741e-001
0 0 0
2 0 204 115.0000 -119.9300 1 204 262.2100 -179.1600
1.2835122814e-001 -1.1935136621e-001 -7.4103620633e-001
0 0 0
2 0 205 133.0000 -123.5000 1 205 257.4500 -182.8500
1.4097419834e-001 -1.2532645462e-001 -7.4793803453e-001
0 0 0
2 0 206 144.7300 -128.4500 1 206 253.9100 -187.0500
1.4778182985e-001 -1.3414753444e-001 -7.5670537083e-001
0 0 0
2 0 207 150.0000 -136.2700 1 207 247.2100 -191.5400
1.4942576741e-001 -1.4263755766e-001 -7.6539069857e-001
0 0 0
2 0 208 149.9100 -142.8700 1 208 239.4000 -196.1500
1.4702144227e-001 -1.5059921715e-001 -7.7456882271e-001
0 0 0
2 0 209 145.7600 -149.1700 1 209 230.5500 -199.1500
1.4261299193e-001 -1.5697667069e-001 -7.8194258694e-001
0 0 0
2 0 210 140.0900 -154.3900 1 210 222.9100 -200.9100
1.3792027963e-001 -1.6450095366e-001 -7.9295694070e-001
0 0 0
2 0 211 133.5600 -159.1100 1 211 212.2800 -203.5600
1.3169496972e-001 -1.7057917285e-001 -8.0205740617e-001
0 0 0
2 0 212 126.0800 -163.0800 1 212 203.0000 -205.0000
1.2345449243e-001 -1.7651555106e-001 -8.1428686181e-001
0 0 0
2 0 213 116.4200 -166.2900 1 213 191.1000 -205.1900
1.0492728892e-001 -1.8284677200e-001 -8.2286770243e-001
0 0 0
2 0 214 97.9400 -170.7600 1 214 178.7100 -205.2900
8.9066314109e-002 -1.8965035454e-001 -8.3678166208e-001
0 0 0
2 0 215 81.7400 -174.0000 1 215 163.1000 -205.1900
6.4961136674e-002 -1.9264734133e-001 -8.4599552359e-001
0 0 0
2 0 216 58.9500 -174.6300 1 216 148.8500 -202.7000
4.3214965682e-002 -1.9400349488e-001 -8.6071466095e-001
0 0 0
2 0 217 38.5700 -173.2200 1 217 131.8200 -197.0600
1.9812279350e-002 -1.9164138683e-001 -8.6633285087e-001
0 0 0
2 0 218 17.5800 -170.0700 1 218 120.8900 -191.1100
3.1459364605e-003 -1.8917987766e-001 -8.6750447682e-001
0 0 0
2 0 219 2.8000 -167.6400 1 219 115.0000 -187.0000
-1.3394608031e-002 -1.8499724149e-001 -8.6587428557e-001
0 0 0
2 0 220 -11.9100 -163.7800 1 220 111.2900 -182.7100
-2.5866101333e-002 -1.7753291341e-001 -8.6658333227e-001
0 0 0
2 0 221 -22.9000 -157.5700 1 221 108.3800 -174.5600
-3.5491661535e-002 -1.6822515888e-001 -8.6816799586e-001
0 0 0
2 0 222 -31.3600 -149.1600 1 222 106.2900 -165.5000
-4.1002369396e-002 -1.5992765676e-001 -8.7361424609e-001
0 0 0
2 0 223 -36.0000 -141.0000 1 223 102.7800 -156.8300
-3.8355052701e-002 -1.5517392292e-001 -8.8989474736e-001
0 0 0
2 0 224 -33.1000 -133.9300 1 224 94.0000 -150.0000
-3.8873255066e-002 -1.5962849456e-001 -9.0280460216e-001
0 0 0
2 0 225 -33.0600 -135.8700 1 225 84.1300 -150.1300
-3.7718568896e-002 -1.6372244266e-001 -9.1412935561e-001
0 0 0
2 0 226 -31.6800 -137.6300 1 226 76.1400 -150.6800
-3.8344606549e-002 -1.6841893098e-001 -9.3010585293e-001
0 0 0
2 0 227 -31.6600 -139.0800 1 227 64.4800 -150.3800
-3.7404544065e-002 -1.7433856510e-001 -9.4266906235e-001
0 0 0
2 0 228 -30.4500 -142.2500 1 228 55.4700 -151.7400
-3.6829336982e-002 -1.8059061425e-001 -9.5126183979e-001
0 0 0
2 0 229 -29.7200 -145.9300 1 229 48.7500 -154.5000
-3.7601414959e-002 -1.8634398073e-001 -9.5897794393e-001
0 0 0
2 0 230 -30.1200 -149.1700 1 230 42.2100 -157.0000
-3.7515559449e-002 -1.9282793601e-001 -9.6610884950e-001
0 0 0
2 0 231 -29.8400 -153.1200 1 231 36.2300 -160.1800
-3.2501234393e-002 -2.0085327598e-001 -9.7451117042e-001
0 0 0
2 0 232 -25.6500 -157.9300 1 232 31.0900 -164.9100
-2.0977885143e-002 -2.1042266831e-001 -9.8175505249e-001
0 0 0
2 0 233 -16.3900 -164.8200 1 233 29.0000 -171.0000
-1.4277018348e-002 -2.1742954856e-001 -9.8952267883e-001
0 0 0
2 0 234 -11.0700 -168.8700 1 234 25.3200 -175.0900
-9.1079054119e-003 -2.2114413947e-001 -9.9097475296e-001
0 0 0
2 0 235 -7.0600 -171.3700 1 235 25.5500 -178.1500
9.7965368915e-003 -2.5009820586e-001 -1.0205099039e+000
0 0 0
2 0 236 7.3300 -187.6900 1 236 9.0000 -194.0000
1.0225849136e-002 -2.5387479792e-001 -1.0267550163e+000
0 0 0
2 0 237 7.6100 -189.4100 1 237 4.8100 -195.1000
8.8747017604e-003 -2.5588257906e-001 -1.0314969560e+000
0 0 0
2 0 238 6.5800 -190.1700 1 238 1.2100 -195.0500
1.0726519522e-002 -2.5861407948e-001 -1.0366382128e+000
0 0 0
2 0 239 7.9100 -191.1300 1 239 -1.5300 -196.0000
8.6022823514e-003 -2.6204869417e-001 -1.0444250608e+000
0 0 0
2 0 240 6.2900 -192.2400 1 240 -7.4100 -196.2400
1.0245848714e-002 -2.6316834962e-001 -1.0481460934e+000
0 0 0
2 0 241 7.4800 -192.4800 1 241 -9.0000 -196.1700
1.1725217772e-002 -2.6325552243e-001 -1.0525031441e+000
0 0 0
2 0 242 8.5200 -191.6400 1 242 -10.7500 -195.4400
1.8300953519e-002 -2.6148382758e-001 -1.0574083229e+000
0 0 0
2 0 243 13.2700 -189.6400 1 243 -10.2500 -193.5600
2.6062554987e-002 -2.5941061623e-001 -1.0627226131e+000
0 0 0
2 0 244 18.8000 -187.0400 1 244 -9.4700 -191.8700
3.6056523907e-002 -2.5385215112e-001 -1.0709306120e+000
0 0 0
2 0 245 25.8200 -181.6000 1 245 -8.4700 -187.3300
4.5350519182e-002 -2.5053011483e-001 -1.0790235835e+000
0 0 0
2 0 246 32.2300 -177.7500 1 246 -8.2500 -184.4200
4.8962381846e-002 -2.4775631182e-001 -1.0838466507e+000
0 0 0
2 0 247 34.6700 -175.2800 1 247 -8.6200 -181.6200
4.8055020714e-002 -2.4258888305e-001 -1.0862462623e+000
0 0 0
2 0 248 33.9200 -170.8900 1 248 -9.0000 -178.0000
4.1635697299e-002 -2.3305748616e-001 -1.0891027096e+000
0 0 0
2 0 249 29.3100 -163.8100 1 249 -10.6200 -170.3800
3.7874687190e-002 -2.1867141571e-001 -1.0926855048e+000
0 0 0
2 0 250 26.6300 -153.7900 1 250 -10.3600 -159.2100
3.6556203344e-002 -2.0317231864e-001 -1.0943361214e+000
0 0 0
2 0 251 25.6800 -142.8200 1 251 -8.0000 -148.5700
3.9700984211e-002 -1.8713113504e-001 -1.0936118358e+000
0 0 0
2 0 252 27.8200 -130.8800 1 252 -2.7900 -139.6400
4.1828178285e-002 -1.7451229803e-001 -1.0865438396e+000
0 0 0
2 0 253 29.5900 -123.5600 1 253 4.6700 -132.4700
4.6180546428e-002 -1.6524846523e-001 -1.0748551253e+000
0 0 0
2 0 254 33.0000 -118.1000 1 254 14.4000 -129.6000
5.1241479252e-002 -1.6077958297e-001 -1.0630770703e+000
0 0 0
2 0 255 37.0000 -116.0000 1 255 23.3600 -129.9100
5.8890724811e-002 -1.6121995343e-001 -1.0554093601e+000
0 0 0
2 0 256 42.8300 -117.1200 1 256 30.0000 -132.8000
6.1192038534e-002 -1.5984610652e-001 -1.0504134075e+000
0 0 0
2 0 257 44.7400 -116.8700 1 257 33.8000 -133.0000
6.3111162404e-002 -1.5973020270e-001 -1.0478602973e+000
0 0 0
2 0 258 46.2400 -116.9400 1 258 35.8300 -133.8300
6.9053316821e-002 -1.5904104698e-001 -1.0458432843e+000
0 0 0
2 0 259 50.6700 -116.4700 1 259 39.1000 -134.8100
7.5360738730e-002 -1.5973860689e-001 -1.0445114948e+000
0 0 0
2 0 260 55.4200 -117.5300 1 260 41.9000 -135.9500
7.7596436654e-002 -1.5892732058e-001 -1.0413643663e+000
0 0 0
2 0 261 57.2200 -117.1500 1 261 44.5000 -136.5000
7.9447571697e-002 -1.5849544281e-001 -1.0408827105e+000
0 0 0
2 0 262 58.6200 -116.9500 1 262 45.5000 -136.5000
8.0938451323e-002 -1.5720834063e-001 -1.0403834170e+000
0 0 0
2 0 263 59.7300 -115.9000 1 263 46.5400 -136.1500
8.2391094334e-002 -1.5582249903e-001 -1.0413795099e+000
0 0 0
2 0 264 60.7300 -114.6500 1 264 46.8000 -135.4000
8.5518309214e-002 -1.5366819109e-001 -1.0382903800e+000
0 0 0
2 0 265 63.2300 -113.4500 1 265 50.0000 -135.0000
9.9259284956e-002 -1.5134281977e-001 -1.0192826481e+000
0 0 0
2 0 266 74.7300 -113.5400 1 266 65.2500 -139.4000
