# Bundle file v0.3
4 267
7.1685300034e+002 -1.0638447449e-001 -1.6276847674e-002
9.9998383189e-001 -2.6282744314e-003 -5.0426312135e-003
2.6889268011e-003 9.9992367118e-001 1.2059082921e-002
5.0105517361e-003 -1.2072447215e-002 9.9991457155e-001
-5.5620853442e-003 9.3519901801e-003 5.6545767582e-002
7.7593742676e+002 -4.4064811519e-002 -1.5250104408e-002
5.4986872613e-001 3.5221331096e-001 7.5735735792e-001
-3.4180764242e-001 9.2222917656e-001 -1.8072321789e-001
-7.6211017550e-001 -1.5949648738e-001 6.2749418397e-001
8.6833218596e-001 -2.2047644980e-001 -4.7293457902e-001
0 0 0
0 0 0
0 0 0
0 0 0
0 0 0
0 0 0
0 0 0
0 0 0
0 0 0
0 0 0
3.2496322628e-002 -1.6296344252e-001 -1.0605719528e+000
0 0 0
2 0 0 23.3300 -118.6500 1 0 17.4400 -129.6100
3.2475442709e-002 -1.6485342245e-001 -1.0604906244e+000
0 0 0
2 0 1 23.3000 -119.8500 1 1 17.0000 -131.0000
3.1571757711e-002 -1.6779145143e-001 -1.0598635203e+000
0 0 0
2 0 2 22.6700 -122.0000 1 2 16.3000 -132.9000
3.1010604210e-002 -1.7166311412e-001 -1.0587847600e+000
0 0 0
2 0 3 22.3100 -125.0000 1 3 15.7600 -135.4100
3.0141892234e-002 -1.7504294585e-001 -1.0585718447e+000
0 0 0
2 0 4 21.7000 -127.4500 1 4 14.7500 -137.5000
2.6748234966e-002 -1.7899289878e-001 -1.0579373792e+000
0 0 0
2 0 5 19.2900 -130.3400 1 5 12.8900 -139.7200
2.1029789419e-002 -1.8438240252e-001 -1.0581114010e+000
0 0 0
2 0 6 15.2000 -134.1000 1 6 9.3700 -142.4700
1.5234281907e-002 -1.8979836690e-001 -1.0576667784e+000
0 0 0
2 0 7 11.0700 -138.0200 1 7 6.1200 -145.3100
6.7892661357e-003 -1.9563122213e-001 -1.0565260736e+000
0 0 0
2 0 8 5.0500 -142.3800 1 8 2.1000 -148.1900
-1.3453251622e-003 -1.9926702213e-001 -1.0531675272e+000
0 0 0
2 0 9 -0.7700 -145.5100 1 9 -0.1300 -150.1300
-1.1596887696e-002 -2.0222894742e-001 -1.0469565465e+000
0 0 0
2 0 10 -8.1900 -148.5500 1 10 -1.5300 -152.0000
-2.0551823948e-002 -2.0299268227e-001 -1.0390959351e+000
0 0 0
2 0 11 -14.8000 -150.2200 1 11 -1.0000 -153.0000
-2.7026746485e-002 -2.0306637390e-001 -1.0320758179e+000
0 0 0
2 0 12 -19.6900 -151.1700 1 12 0.2300 -153.8200
-3.0354621973e-002 -2.0295880209e-001 -1.0220073409e+000
0 0 0
2 0 13 -22.3800 -152.7100 1 13 4.5200 -155.3800
-3.3276816180e-002 -2.0386037207e-001 -1.0149055699e+000
0 0 0
2 0 14 -24.7500 -154.4200 1 14 7.0900 -157.2200
-3.6244424407e-002 -2.0605601259e-001 -1.0109612942e+000
0 0 0
2 0 15 -27.0700 -156.7600 1 15 7.5700 -159.1400
-3.9726923199e-002 -2.0747877572e-001 -1.0115751610e+000
0 0 0
2 0 16 -29.6600 -157.6400 1 16 5.4400 -159.6100
-4.1282291762e-002 -2.1232237753e-001 -1.0121557374e+000
0 0 0
2 0 17 -30.8100 -160.9300 1 17 3.1900 -162.9000
-4.3771773094e-002 -2.1813394984e-001 -1.0104223780e+000
0 0 0
2 0 18 -32.6500 -166.1700 1 18 1.7200 -166.4400
-4.5573871515e-002 -2.2700932885e-001 -1.0112316150e+000
0 0 0
2 0 19 -34.0000 -172.0000 1 19 -1.8900 -172.9400
-4.8452033859e-002 -2.3234063750e-001 -1.0049578845e+000
0 0 0
2 0 20 -36.3600 -177.3800 1 20 -0.8900 -177.5600
-5.2160147942e-002 -2.3280146293e-001 -9.9722558925e-001
0 0 0
2 0 21 -39.5200 -178.8300 1 21 1.8400 -179.5800
-5.4968220033e-002 -2.3012343900e-001 -9.9077452898e-001
0 0 0
2 0 22 -41.9800 -177.8400 1 22 5.1000 -179.0000
-5.8736735417e-002 -2.2526142150e-001 -9.8330155745e-001
0 0 0
2 0 23 -45.2700 -175.4000 1 23 9.1900 -176.9000
-6.4549600645e-002 -2.1992827381e-001 -9.7596950957e-001
0 0 0
2 0 24 -50.1700 -172.7600 1 24 12.5600 -173.8900
-7.1349112998e-002 -2.1452971219e-001 -9.6646476154e-001
0 0 0
2 0 25 -56.0600 -170.4000 1 25 16.9000 -171.1900
-7.9084978025e-002 -2.1115609723e-001 -9.5467263325e-001
0 0 0
2 0 26 -63.0200 -169.4900 1 26 21.7200 -170.8900
-8.5450713747e-002 -2.1028665319e-001 -9.4313105002e-001
0 0 0
2 0 27 -68.9800 -170.9800 1 27 26.4500 -172.1500
-8.6215238816e-002 -2.1309500481e-001 -9.2765003135e-001
0 0 0
2 0 28 -70.9400 -175.3100 1 28 35.0000 -179.0000
-7.6162278682e-002 -2.2141686446e-001 -9.1213538626e-001
0 0 0
2 0 29 -63.8100 -185.8000 1 29 46.8500 -190.2700
-5.6211129416e-002 -2.3048311583e-001 -8.9849400860e-001
0 0 0
2 0 30 -47.9800 -196.2300 1 30 61.2000 -203.4400
-3.4146363284e-002 -2.3573510765e-001 -8.8964906525e-001
0 0 0
2 0 31 -29.6000 -203.1100 1 31 74.1300 -211.8700
-1.1798528478e-002 -2.3980320957e-001 -8.7949490074e-001
0 0 0
2 0 32 -10.6400 -209.0000 1 32 88.0000 -220.0000
6.0999989270e-003 -2.4465242803e-001 -8.7075753626e-001
0 0 0
2 0 33 4.8300 -214.5800 1 33 98.8000 -228.5600
2.0795927462e-002 -2.5188400190e-001 -8.7120519740e-001
0 0 0
2 0 34 17.7000 -220.7800 1 34 101.7900 -235.0000
3.3332251748e-002 -2.5714710414e-001 -8.7095303512e-001
0 0 0
2 0 35 28.7300 -226.2200 1 35 105.0000 -239.0000
3.2924127443e-002 -2.6119307928e-001 -8.8006442700e-001
0 0 0
2 0 36 28.1300 -227.6400 1 36 98.0000 -239.0000
3.1072406818e-002 -2.5984708984e-001 -8.7646564734e-001
0 0 0
2 0 37 26.6200 -227.3300 1 37 100.0000 -239.0000
-1.3586635338e-001 -1.7704577175e-001 -7.5748713521e-001
0 0 0
2 0 38 -138.9900 -179.8600 1 38 149.1500 -189.3500
-1.5621834873e-001 -1.5597111755e-001 -7.4648453054e-001
0 0 0
2 0 39 -162.1800 -160.8200 1 39 157.1900 -170.3300
-1.7550592824e-001 -1.3948912930e-001 -7.3633846421e-001
0 0 0
2 0 40 -184.7400 -144.8600 1 40 163.6600 -155.5500
-1.9118673707e-001 -1.3211234578e-001 -7.2401899791e-001
0 0 0
2 0 41 -204.4500 -140.3200 1 41 171.1600 -148.2200
-1.8239966657e-001 -1.8159399315e-001 -7.7459821618e-001
0 0 0
2 0 42 -181.0900 -178.9900 1 42 114.7400 -182.0000
-1.7523392206e-001 -1.7837253102e-001 -7.8378509422e-001
0 0 0
2 0 43 -171.9600 -174.1200 1 43 111.3000 -177.0300
-1.6776025823e-001 -1.7592049049e-001 -7.9228602328e-001
0 0 0
2 0 44 -162.9100 -169.9100 1 44 108.3500 -173.4800
-1.5981857883e-001 -1.7493791089e-001 -7.9760482826e-001
0 0 0
2 0 45 -154.2300 -167.9900 1 45 107.7500 -172.2100
-1.5530353952e-001 -1.7221651963e-001 -8.0102746130e-001
0 0 0
2 0 46 -149.3000 -164.6300 1 46 107.7500 -169.6100
-1.5389815515e-001 -1.6467356184e-001 -8.0906866629e-001
0 0 0
2 0 47 -146.4200 -156.3100 1 47 104.4300 -160.4700
-1.5810483366e-001 -1.5349965601e-001 -8.1929242199e-001
0 0 0
2 0 48 -148.4100 -144.1400 1 48 98.2500 -146.9400
-1.6001990640e-001 -1.4310408396e-001 -8.3072298724e-001
0 0 0
2 0 49 -148.0200 -132.7300 1 49 91.9300 -134.4300
-1.6307521531e-001 -1.3582236806e-001 -8.3982183161e-001
0 0 0
2 0 50 -149.1000 -124.6100 1 50 86.0000 -125.3200
-1.6319068761e-001 -1.3087859513e-001 -8.4997167388e-001
0 0 0
2 0 51 -147.3000 -118.8200 1 51 79.9200 -118.4400
-1.5919050474e-001 -1.2989970895e-001 -8.5962055235e-001
0 0 0
2 0 52 -142.0400 -116.4100 1 52 74.7900 -116.3100
-1.5184433786e-001 -1.3265518990e-001 -8.7132808056e-001
0 0 0
2 0 53 -133.6000 -117.2300 1 53 68.6300 -117.3300
-1.3987268504e-001 -1.4052153307e-001 -8.8150084241e-001
0 0 0
2 0 54 -121.6000 -122.8200 1 54 64.1900 -123.5800
-1.2604860148e-001 -1.5051092104e-001 -8.8756171549e-001
0 0 0
2 0 55 -108.8600 -130.4700 1 55 62.8300 -132.8800
-1.0657005437e-001 -1.6272873602e-001 -8.9265332398e-001
0 0 0
2 0 56 -91.4600 -141.0700 1 56 64.0000 -143.8600
-8.4738480769e-002 -1.7614780147e-001 -8.8978049859e-001
0 0 0
2 0 57 -73.1800 -152.0600 1 57 70.7600 -159.6000
-6.0483024178e-002 -1.9046636861e-001 -8.8659610557e-001
0 0 0
2 0 58 -52.4800 -165.8200 1 58 78.5000 -174.0900
-4.3257637613e-002 -2.0155446656e-001 -8.7733730286e-001
0 0 0
2 0 59 -38.1800 -176.2800 1 59 88.0400 -188.2600
-2.5134534051e-002 -2.0998239383e-001 -8.6956561927e-001
0 0 0
2 0 60 -22.6400 -185.2000 1 60 97.6200 -199.0000
-1.2192465358e-002 -2.1532823247e-001 -8.6638954870e-001
0 0 0
2 0 61 -11.2900 -190.9000 1 61 103.0000 -205.0000
-5.7266782921e-003 -2.1806600708e-001 -8.6326401732e-001
0 0 0
2 0 62 -5.6600 -193.5400 1 62 106.5900 -209.1200
-1.6005263848e-003 -2.1827149243e-001 -8.6207050077e-001
0 0 0
2 0 63 -2.0000 -194.2000 1 63 108.8000 -209.8000
4.8495771158e-003 -2.2047653853e-001 -8.6539298884e-001
0 0 0
2 0 64 3.7100 -195.2700 1 64 108.2500 -211.3300
1.7735602709e-002 -2.2068100254e-001 -8.6849541813e-001
0 0 0
2 0 65 15.0600 -195.0200 1 65 110.6200 -211.6200
3.4642200629e-002 -2.2085152497e-001 -8.6645888872e-001
0 0 0
2 0 66 29.9600 -195.3400 1 66 117.5600 -214.2500
5.5470652246e-002 -2.1981812990e-001 -8.6501841619e-001
0 0 0
2 0 67 48.3700 -194.5900 1 67 125.5300 -216.0000
7.0111130253e-002 -2.1624822938e-001 -8.5993704008e-001
0 0 0
2 0 68 61.6500 -192.6700 1 68 134.3300 -216.0000
7.9956149628e-002 -2.1290696630e-001 -8.5551044159e-001
0 0 0
2 0 69 70.7600 -190.8000 1 69 141.0500 -215.5300
8.5433149291e-002 -2.0917760297e-001 -8.4812164827e-001
0 0 0
2 0 70 76.3000 -189.0000 1 70 148.3800 -215.4400
8.8738334744e-002 -2.0394793225e-001 -8.4048823777e-001
0 0 0
2 0 71 80.0000 -185.9000 1 71 155.5900 -214.1200
9.1408166329e-002 -1.9784461678e-001 -8.2920615068e-001
0 0 0
2 0 72 83.5800 -182.9400 1 72 165.2800 -212.8300
9.0975672859e-002 -1.8994898971e-001 -8.1669435657e-001
0 0 0
2 0 73 84.5100 -178.6300 1 73 175.4400 -210.1100
8.7871129830e-002 -1.8114391332e-001 -8.0187258919e-001
0 0 0
2 0 74 83.1800 -173.9200 1 74 186.8100 -206.9000
8.2631888296e-002 -1.7206408522e-001 -7.8900962451e-001
0 0 0
2 0 75 79.4400 -167.6200 1 75 196.4200 -203.5800
7.6927166823e-002 -1.6214035016e-001 -7.7335935899e-001
0 0 0
2 0 76 75.4400 -161.4800 1 76 208.3900 -199.4400
7.3247604426e-002 -1.5192642676e-001 -7.5744249482e-001
0 0 0
2 0 77 73.3200 -154.5800 1 77 221.4100 -195.5500
6.7061583090e-002 -1.3907458368e-001 -7.4004082641e-001
0 0 0
2 0 78 68.5800 -144.5100 1 78 235.7700 -190.1800
5.8800271007e-002 -1.2523512847e-001 -7.1984976941e-001
0 0 0
2 0 79 61.7200 -134.4500 1 79 252.6000 -182.9600
4.6012527004e-002 -1.1018792906e-001 -7.0047573646e-001
0 0 0
2 0 80 49.2500 -121.6400 1 80 268.5000 -174.5000
3.2001121128e-002 -9.6902404196e-002 -6.8234216221e-001
0 0 0
2 0 81 34.5300 -109.8900 1 81 283.3300 -166.5000
1.2262522715e-002 -8.0927887531e-002 -6.6141165749e-001
0 0 0
2 0 82 12.1900 -94.6600 1 82 300.6400 -155.7300
-1.0278669504e-002 -6.6407667613e-002 -6.4573569866e-001
0 0 0
2 0 83 -15.1900 -78.4200 1 83 313.0300 -145.0900
-3.0968650124e-002 -5.4300025846e-002 -6.3801832941e-001
0 0 0
2 0 84 -40.8700 -65.1500 1 84 319.0000 -132.0000
-2.0274073610e-001 1.5938161061e-002 -6.2725119636e-001
0 0 0
2 0 85 -253.6200 21.2900 1 85 309.7500 -25.0000
-2.4824937340e-001 -2.6362819251e-002 -6.7706369425e-001
0 0 0
2 0 86 -283.8100 -28.5100 1 86 229.9100 -42.0200
-2.5320414055e-001 -3.9831023438e-002 -6.9469534694e-001
0 0 0
2 0 87 -281.1900 -43.7600 1 87 206.0000 -49.0000
-2.5178896246e-001 -5.0461394441e-002 -7.0941106598e-001
0 0 0
2 0 88 -273.3500 -55.2100 1 88 188.6100 -55.9200
-2.5018395950e-001 -5.9570426438e-002 -7.2386375868e-001
0 0 0
2 0 89 -266.0300 -63.0500 1 89 172.0500 -62.8200
-2.4823678757e-001 -6.7040720484e-002 -7.3546666050e-001
0 0 0
2 0 90 -259.5700 -69.9400 1 90 159.4200 -67.9200
-2.4399884101e-001 -7.5392370203e-002 -7.4690961414e-001
0 0 0
2 0 91 -251.1100 -77.4100 1 91 147.8200 -74.5800
-2.4069947594e-001 -8.1607721391e-002 -7.5695450324e-001
0 0 0
2 0 92 -244.2900 -82.7500 1 92 138.0800 -79.0000
-2.3711463719e-001 -8.6885923374e-002 -7.6737094200e-001
0 0 0
2 0 93 -237.2500 -87.0000 1 93 128.6500 -82.3900
-2.3323409950e-001 -8.9358793576e-002 -7.7480460500e-001
0 0 0
2 0 94 -231.0700 -88.7700 1 94 123.0600 -83.8100
-2.3067000497e-001 -8.8996686109e-002 -7.7958234420e-001
0 0 0
2 0 95 -227.1100 -87.9600 1 95 120.1900 -82.9100
-2.2819169348e-001 -8.8334743304e-002 -7.8477929003e-001
0 0 0
2 0 96 -223.2000 -86.5300 1 96 117.0000 -81.9000
-2.2584478485e-001 -8.8687651650e-002 -7.8974922998e-001
0 0 0
2 0 97 -219.4600 -86.5200 1 97 113.7400 -81.4800
-2.2426705553e-001 -8.9269916430e-002 -7.9384853904e-001
0 0 0
2 0 98 -216.7600 -86.6900 1 98 110.8100 -81.4100
-2.2216701901e-001 -8.6411092041e-002 -7.9564701682e-001
0 0 0
2 0 99 -214.3400 -83.4500 1 99 111.0800 -79.2000
-2.1809101104e-001 -8.1737504213e-002 -7.9634235451e-001
0 0 0
2 0 100 -210.3100 -79.1600 1 100 113.8100 -75.5800
-2.1316777958e-001 -7.5293921199e-002 -7.9709489707e-001
0 0 0
2 0 101 -205.4900 -73.1000 1 101 117.3700 -70.6700
-2.0224246456e-001 -6.7845759037e-002 -7.9960520420e-001
0 0 0
2 0 102 -194.6000 -65.7800 1 102 122.1900 -66.3000
-1.8592594990e-001 -5.9720576481e-002 -8.0264107673e-001
0 0 0
2 0 103 -178.6200 -57.4600 1 103 128.7200 -63.1200
-1.2932855527e-001 -3.8229846185e-002 -8.0801952184e-001
0 0 0
2 0 104 -124.2500 -37.0000 1 104 152.0000 -58.0000
-1.1170982528e-001 -3.4403878160e-002 -8.0954070020e-001
0 0 0
2 0 105 -107.4000 -33.2500 1 105 158.0000 -59.0000
-9.8292230022e-002 -3.1769719667e-002 -8.1117278071e-001
0 0 0
2 0 106 -94.5200 -30.6600 1 106 162.0000 -59.8600
-8.7254044846e-002 -2.6882436554e-002 -8.1511512695e-001
0 0 0
2 0 107 -83.6500 -25.9300 1 107 164.0000 -57.8600
-7.7436587845e-002 -2.0237118156e-002 -8.2169885807e-001
0 0 0
2 0 108 -73.8000 -19.3300 1 108 164.0000 -54.0000
-7.1875652680e-002 -1.4508655046e-002 -8.2817530109e-001
0 0 0
2 0 109 -68.0000 -14.0000 1 109 162.5600 -49.6100
-6.7183005176e-002 -9.2723830838e-003 -8.3360481784e-001
0 0 0
2 0 110 -63.2200 -9.0000 1 110 161.4400 -45.8900
-6.3479664966e-002 -4.3559378584e-003 -8.3574162081e-001
0 0 0
2 0 111 -59.6300 -4.5700 1 111 162.3800 -42.5600
1.8919915113e-002 4.1634502781e-002 -8.6692748738e-001
0 0 0
2 0 112 15.6700 35.3700 1 112 176.8000 -23.2000
2.7505175794e-002 8.1199995162e-003 -8.6310204177e-001
0 0 0
2 0 113 23.5300 5.3700 1 113 174.0000 -48.4500
2.9323459478e-002 -3.0442140476e-002 -8.6753955055e-001
0 0 0
2 0 114 24.7800 -26.9000 1 114 161.8600 -77.2400
2.7351411895e-002 -6.5957556391e-002 -8.8070515349e-001
0 0 0
2 0 115 22.8600 -57.7600 1 115 144.1900 -99.0500
1.9048317234e-002 -9.0457864102e-002 -8.9727589717e-001
0 0 0
2 0 116 15.6300 -78.8600 1 116 125.2300 -110.2300
6.9483664240e-003 -1.0794797298e-001 -9.1832704701e-001
0 0 0
2 0 117 5.2100 -91.0400 1 117 103.5000 -117.0000
-3.7473532800e-002 -1.4125714290e-001 -9.5791832560e-001
0 0 0
2 0 118 -30.0800 -113.9000 1 118 54.9000 -125.0000
-5.5924207725e-002 -1.5135747835e-001 -9.6420815073e-001
0 0 0
2 0 119 -44.3400 -121.2300 1 119 41.4100 -127.7600
-7.1426808528e-002 -1.5958831557e-001 -9.6607123560e-001
0 0 0
2 0 120 -56.4000 -127.3600 1 120 31.9400 -130.8800
-1.0523403196e-001 -1.6293471341e-001 -9.5575985402e-001
0 0 0
2 0 121 -83.8400 -131.5700 1 121 23.4800 -129.7600
-1.0688590267e-001 -1.6358746155e-001 -9.4605914377e-001
0 0 0
2 0 122 -86.1100 -133.3700 1 122 28.6700 -132.2500
-1.0716941556e-001 -1.6686340226e-001 -9.4667500314e-001
0 0 0
2 0 123 -86.3000 -135.5600 1 123 27.1900 -134.9000
-1.0714684602e-001 -1.6929669041e-001 -9.4635590617e-001
0 0 0
2 0 124 -86.3000 -137.5600 1 124 26.7200 -136.8300
-1.1412587300e-001 -1.7128452706e-001 -9.4968508463e-001
0 0 0
2 0 125 -91.5000 -138.7700 1 125 21.1100 -136.2800
-1.2195979404e-001 -1.7438252108e-001 -9.5780022809e-001
0 0 0
2 0 126 -96.8100 -140.0500 1 126 11.7600 -135.4100
-1.3100685672e-001 -1.8070335296e-001 -9.5921791290e-001
0 0 0
2 0 127 -103.7500 -144.6400 1 127 5.0500 -138.5700
-1.3715488987e-001 -1.8830125249e-001 -9.5888776961e-001
0 0 0
2 0 128 -108.5100 -151.2000 1 128 0.3800 -143.0000
-1.3860014513e-001 -1.9407493768e-001 -9.6053321861e-001
0 0 0
2 0 129 -109.4200 -155.3300 1 129 -3.0000 -147.0000
-1.3934592843e-001 -2.0038724740e-001 -9.6647195470e-001
0 0 0
2 0 130 -109.2700 -158.9400 1 130 -8.9100 -150.6800
-1.3991589338e-001 -2.0413258262e-001 -9.7199956552e-001
0 0 0
2 0 131 -109.0200 -160.8800 1 131 -13.6700 -152.1900
-1.3878561927e-001 -2.0882303845e-001 -9.7581189607e-001
0 0 0
2 0 132 -107.6500 -163.9400 1 132 -16.8300 -155.0000
-1.3648014805e-001 -2.1492175316e-001 -9.8100711463e-001
0 0 0
2 0 133 -105.2500 -167.5200 1 133 -20.7100 -159.0000
-1.3396734138e-001 -2.2026662226e-001 -9.8647335037e-001
0 0 0
2 0 134 -102.6500 -170.8600 1 134 -24.3500 -161.9500
-1.3231202614e-001 -2.2454312308e-001 -9.9259807775e-001
0 0 0
2 0 135 -100.6900 -172.9800 1 135 -28.4700 -164.0000
-1.2778380964e-001 -2.3147686830e-001 -1.0004800838e+000
0 0 0
2 0 136 -96.3900 -176.7900 1 136 -33.0000 -168.0000
-1.2593604373e-001 -2.3942597370e-001 -1.0101675050e+000
0 0 0
2 0 137 -93.9300 -181.3600 1 137 -40.0000 -171.5000
-1.2588926047e-001 -2.4923495320e-001 -1.0225525215e+000
0 0 0
2 0 138 -92.6300 -186.0300 1 138 -49.9000 -176.0500
-1.2408864744e-001 -2.5806707245e-001 -1.0349359345e+000
0 0 0
2 0 139 -90.0300 -190.6400 1 139 -58.4700 -179.3300
-1.2197333559e-001 -2.6623886714e-001 -1.0504702690e+000
0 0 0
2 0 140 -87.0500 -193.4100 1 140 -68.3600 -181.9300
-1.1530658058e-001 -2.7626868247e-001 -1.0630047713e+000
0 0 0
2 0 141 -81.1400 -198.6700 1 141 -74.7100 -186.5000
-1.0588053143e-001 -2.9108835166e-001 -1.0716147968e+000
0 0 0
2 0 142 -73.8300 -206.5000 1 142 -79.0000 -197.0000
-9.1286552827e-002 -3.0735377218e-001 -1.0788641766e+000
0 0 0
2 0 143 -63.0000 -217.2600 1 143 -80.2800 -207.5600
-7.3666469541e-002 -3.2168498648e-001 -1.0854666780e+000
0 0 0
2 0 144 -50.3700 -225.4900 1 144 -79.3700 -218.0000
-5.8973636980e-002 -3.3067432244e-001 -1.0898465922e+000
0 0 0
2 0 145 -40.0300 -230.3500 1 145 -77.2800 -224.8300
-3.3370743992e-002 -3.3951185442e-001 -1.0968217403e+000
0 0 0
2 0 146 -22.2100 -235.0300 1 146 -71.5900 -231.1200
-1.5262213972e-002 -3.4413024071e-001 -1.0998394766e+000
0 0 0
2 0 147 -9.8300 -236.7700 1 147 -66.4000 -235.6000
1.8703848689e-003 -3.4760263456e-001 -1.1060336798e+000
0 0 0
2 0 148 1.8500 -237.5500 1 148 -63.0000 -237.8300
1.2894291304e-002 -3.4937383592e-001 -1.1101654758e+000
0 0 0
2 0 149 9.3100 -238.0000 1 149 -60.8000 -238.6000
2.6560523614e-002 -3.5017287433e-001 -1.1136634925e+000
0 0 0
2 0 150 18.5000 -238.0000 1 150 -57.0000 -239.0000
9.7882553407e-002 -3.0463262520e-001 -1.0201439320e+000
0 0 0
2 0 151 72.5000 -226.5000 1 151 28.6400 -238.0900
8.8578314059e-002 -2.9464866073e-001 -1.0088595500e+000
0 0 0
2 0 152 66.4200 -222.2600 1 152 33.7700 -233.1500
7.8858975988e-002 -2.8511891332e-001 -9.9916181374e-001
0 0 0
2 0 153 59.7400 -217.3700 1 153 37.8500 -228.5400
6.6911947978e-002 -2.7481657590e-001 -9.9037315631e-001
0 0 0
2 0 154 51.1200 -211.0000 1 154 40.8500 -223.5400
5.7236899597e-002 -2.6348062455e-001 -9.8374109275e-001
0 0 0
2 0 155 44.0400 -204.0200 1 155 43.8500 -216.5400
4.9616194156e-002 -2.5183338238e-001 -9.8119700121e-001
0 0 0
2 0 156 38.3300 -196.3500 1 156 45.4600 -207.8500
4.3712462114e-002 -2.3762677330e-001 -9.7838985203e-001
0 0 0
2 0 157 33.8500 -185.9200 1 157 48.4000 -198.4000
3.9484663984e-002 -2.2597049709e-001 -9.7757106400e-001
0 0 0
2 0 158 30.5900 -177.1100 1 158 50.2100 -190.2100
3.5469796609e-002 -2.1125016652e-001 -9.7652855994e-001
0 0 0
2 0 159 27.5000 -166.0700 1 159 53.0000 -179.8300
3.1820433821e-002 -1.9910433108e-001 -9.7585696542e-001
0 0 0
2 0 160 24.6600 -156.7500 1 160 55.0600 -171.3100
2.7839231541e-002 -1.8637970357e-001 -9.7678750316e-001
0 0 0
2 0 161 21.5700 -147.1500 1 161 56.2900 -161.5000
2.1381377072e-002 -1.7496313779e-001 -9.7770537444e-001
0 0 0
2 0 162 16.4300 -137.4300 1 162 56.1500 -153.4600
1.3160398553e-002 -1.6690934506e-001 -9.8061604472e-001
0 0 0
2 0 163 10.0700 -131.3600 1 163 53.6000 -145.6000
7.6360717535e-005 -1.6187375804e-001 -9.8296342941e-001
0 0 0
2 0 164 -0.1300 -126.6900 1 164 48.6700 -140.2700
-6.3884119397e-002 -1.6174972344e-001 -9.9426335477e-001
0 0 0
2 0 165 -48.8400 -125.5600 1 165 17.6200 -127.4400
-7.9194792728e-002 -1.6486280540e-001 -9.9353062225e-001
0 0 0
2 0 166 -60.5100 -128.2300 1 166 11.0000 -127.1000
-8.9027362137e-002 -1.6831679926e-001 -9.9433503295e-001
0 0 0
2 0 167 -67.9600 -130.4300 1 167 5.4400 -128.1100
-9.7719260292e-002 -1.6783507018e-001 -9.8931143633e-001
0 0 0
2 0 168 -74.9600 -130.9200 1 168 4.9000 -127.1900
-1.0545761704e-001 -1.6416293513e-001 -9.7817143489e-001
0 0 0
2 0 169 -81.9000 -129.5300 1 169 9.2900 -125.6200
-1.0940169475e-001 -1.5985282577e-001 -9.6693528970e-001
0 0 0
2 0 170 -86.1000 -127.2400 1 170 15.5900 -124.5900
-1.1059028687e-001 -1.5524848779e-001 -9.5614448670e-001
0 0 0
2 0 171 -88.1000 -125.2400 1 171 23.0900 -123.0900
-1.1057321412e-001 -1.5292318132e-001 -9.4568350931e-001
0 0 0
2 0 172 -89.1600 -124.8000 1 172 30.3300 -123.6200
-1.0960991773e-001 -1.5183530016e-001 -9.3691201966e-001
0 0 0
2 0 173 -89.3100 -125.0200 1 173 36.6100 -125.0000
-1.0730808185e-001 -1.5314722831e-001 -9.2783729884e-001
0 0 0
2 0 174 -88.4100 -127.0900 1 174 43.0000 -128.7100
-1.0142665718e-001 -1.5312294570e-001 -9.2029240835e-001
0 0 0
2 0 175 -84.3400 -128.2800 1 175 50.3500 -131.3000
-9.0800020038e-002 -1.5082499308e-001 -9.1440591578e-001
0 0 0
2 0 176 -76.1500 -127.0300 1 176 59.0900 -132.9100
-7.9801416516e-002 -1.4688860885e-001 -9.0788078019e-001
0 0 0
2 0 177 -67.5300 -124.9300 1 177 68.8300 -133.0000
-7.0505285738e-002 -1.4279286738e-001 -9.0108411222e-001
0 0 0
2 0 178 -60.2600 -122.4300 1 178 78.0000 -133.0000
-6.1834974613e-002 -1.4052649484e-001 -8.9772188722e-001
0 0 0
2 0 179 -53.1700 -120.9100 1 179 84.0900 -133.5700
-5.7528171967e-002 -1.3849332779e-001 -8.9272513044e-001
0 0 0
2 0 180 -49.8300 -119.8900 1 180 89.5500 -133.8500
-5.8767717904e-002 -1.3846541937e-001 -8.8884527214e-001
0 0 0
2 0 181 -51.1500 -120.3200 1 181 91.6700 -134.5800
-6.2648081449e-002 -1.3907733170e-001 -8.8567674350e-001
0 0 0
2 0 182 -54.7000 -121.2600 1 182 92.1900 -135.1400
-7.2563447250e-002 -1.3918860579e-001 -8.8263236768e-001
0 0 0
2 0 183 -63.4800 -121.7800 1 183 90.5200 -134.2400
-8.2944871198e-002 -1.3531362327e-001 -8.7792400684e-001
0 0 0
2 0 184 -72.8900 -119.0900 1 184 90.8800 -130.5000
-9.5869390856e-002 -1.2702248691e-001 -8.7122062902e-001
0 0 0
2 0 185 -84.8400 -112.8600 1 185 92.9100 -123.0900
-1.5558606274e-001 -7.0994925564e-002 -8.8307853701e-001
0 0 0
2 0 186 -135.1300 -62.8300 1 186 76.9200 -63.2000
-1.8290879211e-001 -6.9822641700e-002 -9.1813945665e-001
0 0 0
2 0 187 -152.0600 -58.9800 1 187 41.1500 -49.3000
-1.9315128905e-001 -9.5862113243e-002 -9.1802216550e-001
0 0 0
2 0 188 -160.0900 -82.0900 1 188 29.1700 -66.4100
-1.9617923280e-001 -1.1998573787e-001 -9.1579016418e-001
0 0 0
2 0 189 -163.0900 -100.7400 1 189 21.6500 -87.4200
-1.9339875905e-001 -1.3964011511e-001 -9.1163800292e-001
0 0 0
2 0 190 -161.4800 -117.4400 1 190 19.7400 -105.3700
-1.8854627953e-001 -1.5411001430e-001 -9.0944688360e-001
0 0 0
2 0 191 -157.6900 -130.5600 1 191 19.1900 -118.2300
-1.8361283981e-001 -1.5780702925e-001 -9.0537959951e-001
0 0 0
2 0 192 -154.3900 -133.8200 1 192 23.0800 -123.6900
-1.7322987987e-001 -1.5400447843e-001 -8.9483852836e-001
0 0 0
2 0 193 -147.6400 -132.3600 1 193 36.3200 -125.0000
-1.5662515668e-001 -1.4287641923e-001 -8.7699522569e-001
0 0 0
2 0 194 -136.6700 -125.6500 1 194 59.5700 -123.1700
-1.3610034908e-001 -1.3070845930e-001 -8.5647978179e-001
0 0 0
2 0 195 -122.1200 -118.2100 1 195 86.5000 -121.7300
-1.1118818141e-001 -1.1317541864e-001 -8.3054522938e-001
0 0 0
2 0 196 -103.5900 -105.5900 1 196 120.2200 -118.5400
-8.9761647870e-002 -9.6498524011e-002 -8.0683257611e-001
0 0 0
2 0 197 -86.7000 -92.9300 1 197 150.4100 -114.5400
-6.3044353682e-002 -7.9668269607e-002 -7.7802342337e-001
0 0 0
2 0 198 -63.9500 -79.5500 1 198 185.8800 -112.8500
-3.2357826902e-002 -7.6437780936e-002 -7.5463215486e-001
0 0 0
2 0 199 -34.8500 -78.1200 1 199 214.0300 -122.0900
9.2453252983e-003 -8.9915330762e-002 -7.3588340184e-001
0 0 0
2 0 200 8.0000 -94.0600 1 200 236.5200 -144.7200
4.2629749467e-002 -1.0264225268e-001 -7.2678075248e-001
0 0 0
2 0 201 43.8900 -109.5400 1 201 249.0000 -161.0000
6.7395266704e-002 -1.0731519629e-001 -7.1835118884e-001
0 0 0
2 0 202 71.1500 -115.5400 1 202 260.2000 -170.4400
8.8325069685e-002 -1.0986304160e-001 -7.1820551657e-001
0 0 0
2 0 203 93.6800 -117.6200 1 203 264.3500 -175.9500
1.0937157827e-001 -1.1334118952e-001 -7.2623485160e-001
0 0 0
2 0 204 115.0000 -119.9300 1 204 262.2100 -179.1600
1.2825467611e-001 -1.1860145386e-001 -7.3674022962e-001
0 0 0
2 0 205 133.0000 -123.5000 1 205 257.4500 -182.8500
1.4088778120e-001 -1.2462938617e-001 -7.4361649764e-001
0 0 0
2 0 206 144.7300 -128.4500 1 206 253.9100 -187.0500
1.4780921541e-001 -1.3350676891e-001 -7.5249124081e-001
0 0 0
2 0 207 150.0000 -136.2700 1 207 247.2100 -191.5400
1.4960995232e-001 -1.4204240384e-001 -7.6137244545e-001
0 0 0
2 0 208 149.9100 -142.8700 1 208 239.4000 -196.1500
1.4736403691e-001 -1.5004907891e-001 -7.7080136488e-001
0 0 0
2 0 209 145.7600 -149.1700 1 209 230.5500 -199.1500
1.4307108023e-001 -1.5646254397e-001 -7.7839463400e-001
0 0 0
2 0 210 140.0900 -154.3900 1 210 222.9100 -200.9100
1.3854074461e-001 -1.6404384114e-001 -7.8972718336e-001
0 0 0
2 0 211 133.5600 -159.1100 1 211 212.2800 -203.5600
1.3242681074e-001 -1.7016914730e-001 -7.9909981623e-001
0 0 0
2 0 212 126.0800 -163.0800 1 212 203.0000 -205.0000
1.2430070745e-001 -1.7615950558e-001 -8.1167914971e-001
0 0 0
2 0 213 116.4200 -166.2900 1 213 191.1000 -205.1900
1.0582279928e-001 -1.8252561279e-001 -8.2063068149e-001
0 0 0
2 0 214 97.9400 -170.7600 1 214 178.7100 -205.2900
9.0017445531e-002 -1.8940449422e-001 -8.3496432613e-001
0 0 0
2 0 215 81.7400 -174.0000 1 215 163.1000 -205.1900
6.5897032048e-002 -1.9243630402e-001 -8.4460139802e-001
0 0 0
2 0 216 58.9500 -174.6300 1 216 148.8500 -202.7000
4.4089302578e-002 -1.9383420659e-001 -8.5975530045e-001
0 0 0
2 0 217 38.5700 -173.2200 1 217 131.8200 -197.0600
2.0603005976e-002 -1.9147696888e-001 -8.6570017777e-001
0 0 0
2 0 218 17.5800 -170.0700 1 218 120.8900 -191.1100
3.8776648503e-003 -1.8901949812e-001 -8.6706691568e-001
0 0 0
2 0 219 2.8000 -167.6400 1 219 115.0000 -187.0000
-1.2704393452e-002 -1.8482839833e-001 -8.6561617285e-001
0 0 0
2 0 220 -11.9100 -163.7800 1 220 111.2900 -182.7100
-2.5215313236e-002 -1.7731200604e-001 -8.6649711675e-001
0 0 0
2 0 221 -22.9000 -157.5700 1 221 108.3800 -174.5600
-3.4867550159e-002 -1.6792770579e-001 -8.6825163343e-001
0 0 0
2 0 222 -31.3600 -149.1600 1 222 106.2900 -165.5000
-4.0423031272e-002 -1.5955347146e-001 -8.7384961770e-001
0 0 0
2 0 223 -36.0000 -141.0000 1 223 102.7800 -156.8300
-3.7876103529e-002 -1.5472481109e-001 -8.9026071943e-001
0 0 0
2 0 224 -33.1000 -133.9300 1 224 94.0000 -150.0000
-3.8518421394e-002 -1.5921625500e-001 -9.0321552060e-001
0 0 0
2 0 225 -33.0600 -135.8700 1 225 84.1300 -150.1300
-3.7459156247e-002 -1.6334022681e-001 -9.1455864914e-001
0 0 0
2 0 226 -31.6800 -137.6300 1 226 76.1400 -150.6800
-3.8231762911e-002 -1.6807364305e-001 -9.3056816706e-001
0 0 0
2 0 227 -31.6600 -139.0800 1 227 64.4800 -150.3800
-3.7401580617e-002 -1.7404553194e-001 -9.4311838290e-001
0 0 0
2 0 228 -30.4500 -142.2500 1 228 55.4700 -151.7400
-3.6908070414e-002 -1.8036407167e-001 -9.5167910679e-001
0 0 0
2 0 229 -29.7200 -145.9300 1 229 48.7500 -154.5000
-3.7767461742e-002 -1.8618561163e-001 -9.5936519375e-001
0 0 0
2 0 230 -30.1200 -149.1700 1 230 42.2100 -157.0000
-3.7758461848e-002 -1.9274826011e-001 -9.6645037627e-001
0 0 0
2 0 231 -29.8400 -153.1200 1 231 36.2300 -160.1800
-3.2772657776e-002 -2.0086193255e-001 -9.7478322532e-001
0 0 0
2 0 232 -25.6500 -157.9300 1 232 31.0900 -164.9100
-2.1191456009e-002 -2.1052855785e-001 -9.8192163145e-001
0 0 0
2 0 233 -16.3900 -164.8200 1 233 29.0000 -171.0000
-1.4474804314e-002 -2.1761679661e-001 -9.8962658875e-001
0 0 0
2 0 234 -11.0700 -168.8700 1 234 25.3200 -175.0900
-9.2562366692e-003 -2.2137868261e-001 -9.9104023631e-001
0 0 0
2 0 235 -7.0600 -171.3700 1 235 25.5500 -178.1500
9.6877590982e-003 -2.5075869873e-001 -1.0203369177e+000
0 0 0
2 0 236 7.3300 -187.6900 1 236 9.0000 -194.0000
1.0083350616e-002 -2.5459283113e-001 -1.0265520410e+000
0 0 0
2 0 237 7.6100 -189.4100 1 237 4.8100 -195.1000
8.6798439302e-003 -2.5662837270e-001 -1.0312750451e+000
0 0 0
2 0 238 6.5800 -190.1700 1 238 1.2100 -195.0500
1.0532083083e-002 -2.5940143543e-001 -1.0363984256e+000
0 0 0
2 0 239 7.9100 -191.1300 1 239 -1.5300 -196.0000
8.3242635105e-003 -2.6288725607e-001 -1.0441518000e+000
0 0 0
2 0 240 6.2900 -192.2400 1 240 -7.4100 -196.2400
9.9740181394e-003 -2.6401765117e-001 -1.0478647619e+000
0 0 0
2 0 241 7.4800 -192.4800 1 241 -9.0000 -196.1700
1.1459993726e-002 -2.6409744507e-001 -1.0522297251e+000
0 0 0
2 0 242 8.5200 -191.6400 1 242 -10.7500 -195.4400
1.8132531888e-002 -2.6227397135e-001 -1.0571701424e+000
0 0 0
2 0 243 13.2700 -189.6400 1 243 -10.2500 -193.5600
2.6018422634e-002 -2.6014880954e-001 -1.0625347785e+000
0 0 0
2 0 244 18.8000 -187.0400 1 244 -9.4700 -191.8700
3.6174824898e-002 -2.5446561293e-001 -1.0708376367e+000
0 0 0
2 0 245 25.8200 -181.6000 1 245 -8.4700 -187.3300
4.5621980218e-002 -2.5106685873e-001 -1.0790058735e+000
0 0 0
2 0 246 32.2300 -177.7500 1 246 -8.2500 -184.4200
4.9286745669e-002 -2.4822703855e-001 -1.0838693058e+000
0 0 0
2 0 247 34.6700 -175.2800 1 247 -8.6200 -181.6200
4.8368937400e-002 -2.4296348917e-001 -1.0863273369e+000
0 0 0
2 0 248 33.9200 -170.8900 1 248 -9.0000 -178.0000
4.1836075410e-002 -2.3325177363e-001 -1.0892553018e+000
0 0 0
2 0 249 29.3100 -163.8100 1 249 -10.6200 -170.3800
3.8016097028e-002 -2.1860376561e-001 -1.0929548230e+000
0 0 0
2 0 250 26.6300 -153.7900 1 250 -10.3600 -159.2100
3.6704254181e-002 -2.0284974195e-001 -1.0947452708e+000
0 0 0
2 0 251 25.6800 -142.8200 1 251 -8.0000 -148.5700
3.9957556231e-002 -1.8657159940e-001 -1.0941842894e+000
0 0 0
2 0 252 27.8200 -130.8800 1 252 -2.7900 -139.6400
4.2167084842e-002 -1.7377711851e-001 -1.0872195744e+000
0 0 0
2 0 253 29.5900 -123.5600 1 253 4.6700 -132.4700
4.6650464020e-002 -1.6441244094e-001 -1.0756023920e+000
0 0 0
2 0 254 33.0000 -118.1000 1 254 14.4000 -129.6000
5.1834575576e-002 -1.5991212823e-001 -1.0638425843e+000
0 0 0
2 0 255 37.0000 -116.0000 1 255 23.3600 -129.9100
5.9619166151e-002 -1.6037606727e-001 -1.0561554859e+000
0 0 0
2 0 256 42.8300 -117.1200 1 256 30.0000 -132.8000
6.1965683829e-002 -1.5899465327e-001 -1.0511523713e+000
0 0 0
2 0 257 44.7400 -116.8700 1 257 33.8000 -133.0000
6.3920042160e-002 -1.5888449617e-001 -1.0485917830e+000
0 0 0
2 0 258 46.2400 -116.9400 1 258 35.8300 -133.8300
6.9959765373e-002 -1.5819217721e-001 -1.0465751353e+000
0 0 0
2 0 259 50.6700 -116.4700 1 259 39.1000 -134.8100
7.6360193332e-002 -1.5890029084e-001 -1.0452303345e+000
0 0 0
2 0 260 55.4200 -117.5300 1 260 41.9000 -135.9500
7.8636075728e-002 -1.5808782056e-001 -1.0420750617e+000
0 0 0
2 0 261 57.2200 -117.1500 1 261 44.5000 -136.5000
8.0516197560e-002 -1.5765139704e-001 -1.0415939525e+000
0 0 0
2 0 262 58.6200 -116.9500 1 262 45.5000 -136.5000
8.2034648580e-002 -1.5634979804e-001 -1.0411034871e+000
0 0 0
2 0 263 59.7300 -115.9000 1 263 46.5400 -136.1500
8.3513396612e-002 -1.5494387968e-001 -1.0421170745e+000
0 0 0
2 0 264 60.7300 -114.6500 1 264 46.8000 -135.4000
8.6693347307e-002 -1.5276984585e-001 -1.0390269612e+000
0 0 0
2 0 265 63.2300 -113.4500 1 265 50.0000 -135.0000
1.0064512117e-001 -1.5047566764e-001 -1.0199047706e+000
0 0 0
2 0 266 74.7300 -113.5400 1 266 65.2500 -139.4000
