# Bundle file v0.3
4 158
5.7062849573e+002 -1.1254855600e-001 -1.1138151506e-002
9.8040060677e-001 -2.3331718488e-003 1.9700052426e-001
1.5396518692e-002 9.9777911502e-001 -6.4805746953e-002
-1.9641180581e-001 6.6568715888e-002 9.7825917251e-001
1.8716224363e-001 -5.6773264118e-002 2.4349872801e-001
5.6522061038e+002 2.8762007317e-002 1.0537348867e-002
4.9603768009e-001 3.4108467306e-001 7.9850351642e-001
-2.4722257685e-001 9.3703227736e-001 -2.4668098566e-001
-8.3236267181e-001 -7.5045033101e-002 5.4912714883e-001
6.8271620338e-001 -2.7084307447e-001 -2.0411911944e-001
5.4726209534e+002 -5.6938720568e-002 1.2601817668e-002
-4.7646822662e-001 -3.2195696351e-001 -8.1812086068e-001
5.2659478107e-001 6.4065352188e-001 -5.5880318669e-001
7.0404258790e-001 -6.9707013891e-001 -1.3571019073e-001
-7.7981133661e-001 -5.2296364044e-001 -7.1208518322e-001
5.4903152484e+002 -4.6481790555e-003 -3.4916025191e-002
-9.7501964585e-001 1.8011611437e-001 -1.2998028905e-001
2.1197240043e-001 5.7968390798e-001 -7.8678730816e-001
-6.6365590867e-002 -7.9468531645e-001 -6.0338284378e-001
-1.8035926845e-001 -7.0019296434e-001 -1.0836707311e+000
-2.4323089605e-002 -5.2644600578e-003 -9.9677490162e-001
0 0 0
4 0 0 -26.1200 1.7700 1 0 -98.5900 -18.2400 2 0 45.3800 16.5900 3 0 -32.6000 87.2000
-2.4754417678e-002 -7.1837325542e-003 -9.9586463144e-001
0 0 0
4 0 1 -26.1200 0.2300 1 1 -98.6800 -19.8400 2 1 45.7400 15.0000 3 1 -32.5000 85.0000
-2.4987891324e-002 -1.2318029896e-002 -9.9567358679e-001
0 0 0
4 0 2 -26.1500 -3.4600 1 2 -100.1000 -23.2000 2 2 47.7000 10.9100 3 2 -34.0000 82.2900
-2.4250563725e-002 -2.0688816727e-002 -9.9497414932e-001
0 0 0
4 0 3 -25.8500 -9.4600 1 3 -101.7900 -28.8400 2 3 50.6900 6.0900 3 3 -38.0000 76.2900
-2.2017307673e-002 -3.4022746098e-002 -9.9399830615e-001
0 0 0
4 0 4 -23.8100 -20.6700 1 4 -104.0000 -40.3800 2 4 52.8300 -0.4000 3 4 -43.3800 68.7500
-2.0302909833e-002 -4.5371080493e-002 -9.9176352301e-001
0 0 0
4 0 5 -22.2500 -29.6100 1 5 -105.0900 -49.2200 2 5 54.7600 -7.8800 3 5 -49.2000 60.0000
-1.3323220898e-002 -5.8114610548e-002 -9.8860138018e-001
0 0 0
4 0 6 -17.8500 -38.4100 1 6 -104.2500 -58.7000 2 6 54.5200 -15.3900 3 6 -64.0000 50.0000
-5.4955593210e-003 -6.7985398845e-002 -9.8630579854e-001
0 0 0
4 0 7 -10.3600 -47.4300 1 7 -100.8300 -69.0000 2 7 52.8100 -18.4800 3 7 -75.1800 44.1800
2.3864971845e-003 -7.4291186180e-002 -9.8458599305e-001
0 0 0
4 0 8 -3.7600 -52.3200 1 8 -97.3200 -74.9100 2 8 50.7400 -20.0000 3 8 -87.1200 40.5000
9.3085389810e-003 -7.9535003008e-002 -9.8366472236e-001
0 0 0
4 0 9 1.6200 -56.5000 1 9 -95.0000 -79.3900 2 9 48.9100 -20.6100 3 9 -97.8800 37.8800
1.8519027141e-002 -8.5876135459e-002 -9.8104252174e-001
0 0 0
4 0 10 9.5000 -61.5000 1 10 -91.9000 -84.1900 2 10 44.9500 -21.9200 3 10 -112.4400 32.6700
2.5808821324e-002 -9.2498421243e-002 -9.7866933627e-001
0 0 0
4 0 11 15.2200 -66.7000 1 11 -87.7200 -91.5600 2 11 42.4700 -23.9500 3 11 -124.0000 28.0000
3.2696965727e-002 -9.9185871868e-002 -9.7672350526e-001
0 0 0
4 0 12 20.9600 -71.8900 1 12 -85.2900 -97.2900 2 12 40.1800 -26.5800 3 12 -135.8200 23.1800
3.8388162673e-002 -1.0550847442e-001 -9.7720834722e-001
0 0 0
4 0 13 25.2200 -76.7000 1 13 -84.4700 -102.0000 2 13 40.5400 -28.0000 3 13 -146.1800 20.8200
4.2414730796e-002 -1.1108227274e-001 -9.7988003592e-001
0 0 0
4 0 14 28.0000 -80.3800 1 14 -85.6700 -106.0000 2 14 43.4200 -28.2100 3 14 -154.1800 20.8200
4.3508531739e-002 -1.1502131719e-001 -9.8319264963e-001
0 0 0
4 0 15 28.0900 -83.0900 1 15 -88.0500 -107.7900 2 15 47.6200 -28.6700 3 15 -158.0000 22.0000
4.1839163835e-002 -1.1896474299e-001 -9.8883335991e-001
0 0 0
4 0 16 26.6100 -85.0000 1 16 -91.7900 -109.0000 2 16 56.5200 -29.5700 3 16 -158.0000 25.0000
3.7468208467e-002 -1.2096032688e-001 -9.9547871724e-001
0 0 0
4 0 17 22.1300 -86.1300 1 17 -97.2200 -108.9100 2 17 65.9300 -29.2900 3 17 -153.3300 30.2500
2.9819401829e-002 -1.2091691002e-001 -1.0038344417e+000
0 0 0
4 0 18 14.4000 -84.8800 1 18 -107.1600 -105.7900 2 18 76.3100 -28.0600 3 18 -144.0000 37.5000
2.2029575518e-002 -1.1924056515e-001 -1.0116856056e+000
0 0 0
4 0 19 7.1900 -82.8100 1 19 -114.4200 -102.1600 2 19 86.2900 -26.1300 3 19 -132.6400 45.9100
1.0937803779e-002 -1.1544446766e-001 -1.0202089672e+000
0 0 0
4 0 20 -2.7100 -79.0000 1 20 -121.1600 -97.7900 2 20 97.7300 -23.9500 3 20 -114.8200 56.1800
9.7565066003e-005 -1.1120848765e-001 -1.0247446570e+000
0 0 0
4 0 21 -11.5200 -76.4100 1 21 -128.7800 -93.0900 2 21 102.8300 -23.8000 3 21 -97.4600 62.1500
-1.2606938544e-002 -1.1039549434e-001 -1.0313616952e+000
0 0 0
4 0 22 -21.0000 -74.6100 1 22 -139.7400 -88.0400 2 22 113.5500 -26.2100 3 22 -79.4600 66.1500
-2.5534977571e-002 -1.0961006306e-001 -1.0335483763e+000
0 0 0
4 0 23 -30.5000 -74.0000 1 23 -147.6200 -86.0000 2 23 119.7100 -30.7900 3 23 -60.3800 65.3800
-4.4596135906e-002 -1.1045390467e-001 -1.0287425387e+000
0 0 0
4 0 24 -44.5400 -76.1500 1 24 -154.4300 -85.9100 2 24 123.1300 -43.5800 3 24 -33.7700 52.8500
-5.7245959756e-002 -1.1210505519e-001 -1.0212982619e+000
0 0 0
3 0 25 -51.6200 -77.5200 1 25 -160.1000 -87.1000 2 25 121.4100 -56.3200
-7.5072693419e-002 -1.1312805842e-001 -1.0074333290e+000
0 0 0
3 0 26 -65.6400 -81.6100 1 26 -163.2900 -91.0000 2 26 115.6000 -71.2400
-8.7339011555e-002 -1.1459260267e-001 -9.9085730942e-001
0 0 0
3 0 27 -74.4600 -86.2900 1 27 -162.4200 -95.7100 2 27 106.3000 -85.8200
-1.0248415890e-001 -1.1572281579e-001 -9.6662972969e-001
0 0 0
3 0 28 -85.0700 -92.6100 1 28 -159.0000 -101.3900 2 28 92.1400 -105.4300
-1.1400734800e-001 -1.1616560302e-001 -9.4693125573e-001
0 0 0
3 0 29 -93.7500 -95.7900 1 29 -155.2300 -107.5800 3 29 43.9100 -62.3600
-1.2186370602e-001 -1.1548442185e-001 -9.3072782385e-001
0 0 0
3 0 30 -100.4500 -98.5900 1 30 -150.5700 -111.6400 3 30 50.0000 -79.2000
-1.2785747840e-001 -1.1207091609e-001 -9.1529959373e-001
0 0 0
3 0 31 -105.4600 -99.3600 1 31 -143.4700 -113.4700 3 31 54.6200 -91.2500
-1.3297010189e-001 -1.0696228005e-001 -9.0011335974e-001
0 0 0
3 0 32 -109.3900 -97.7400 1 32 -136.0000 -113.0000 3 32 57.8300 -101.8300
-1.3550842686e-001 -9.9150235251e-002 -8.8315990535e-001
0 0 0
3 0 33 -112.7200 -94.8800 1 33 -123.0000 -112.0000 3 33 57.7100 -108.4300
-1.3719538785e-001 -9.3134178033e-002 -8.6870049932e-001
0 0 0
3 0 34 -114.4100 -92.4400 1 34 -112.0900 -111.0600 3 34 57.0000 -115.0000
-1.3883685017e-001 -8.6867564421e-002 -8.5340626250e-001
0 0 0
3 0 35 -116.1900 -89.5800 1 35 -100.0000 -110.6400 3 35 56.2500 -121.3800
-1.4171232014e-001 -7.9757155044e-002 -8.3413947763e-001
0 0 0
3 0 36 -119.1100 -87.0000 1 36 -85.0300 -110.1700 3 36 56.2900 -130.0000
-1.4363236403e-001 -7.5828487664e-002 -8.2010098602e-001
0 0 0
3 0 37 -121.3100 -86.0900 1 37 -74.0900 -111.3100 3 37 55.8900 -136.8900
-1.4566525911e-001 -7.2146187786e-002 -8.0883376278e-001
0 0 0
3 0 38 -124.0000 -85.0000 1 38 -65.1500 -111.4700 3 38 55.8300 -141.8300
-1.4589834473e-001 -6.6837744228e-002 -7.9898593442e-001
0 0 0
3 0 39 -124.6900 -80.5600 1 39 -55.6300 -110.4300 3 39 54.4000 -144.2000
-1.4460093182e-001 -6.0003903876e-002 -7.8683241767e-001
0 0 0
4 0 40 -123.7100 -76.7400 1 40 -41.2300 -107.8000 2 40 -38.5300 -161.4700 3 40 51.8300 -145.8300
-1.4239078674e-001 -5.4273270904e-002 -7.7760964259e-001
0 0 0
4 0 41 -121.4700 -72.2400 1 41 -30.0500 -105.4300 2 41 -47.0000 -161.0000 3 41 48.5000 -146.5000
-1.4024615754e-001 -4.8484447519e-002 -7.6574500536e-001
0 0 0
4 0 42 -119.0000 -68.1500 1 42 -17.4200 -104.1800 2 42 -58.7200 -161.4100 3 42 45.5000 -148.5000
-1.3716264870e-001 -4.2744281428e-002 -7.5201826941e-001
0 0 0
4 0 43 -115.5300 -64.0500 1 43 -0.0500 -103.4300 2 43 -68.0600 -162.5800 3 43 40.5000 -152.0000
-1.3451982286e-001 -3.8886859638e-002 -7.4181395292e-001
0 0 0
4 0 44 -112.4000 -61.4000 1 44 12.0000 -103.3600 2 44 -76.6700 -163.5000 3 44 36.6700 -154.6700
-1.3075629083e-001 -3.4744571370e-002 -7.3223453396e-001
0 0 0
4 0 45 -108.0000 -58.2500 1 45 23.5900 -103.0600 2 45 -86.8200 -163.3900 3 45 32.1700 -156.1700
-1.2829631571e-001 -3.1554700048e-002 -7.2641792842e-001
0 0 0
4 0 46 -104.3000 -55.3300 1 46 32.5800 -102.4500 2 46 -90.8500 -163.3000 3 46 30.1700 -156.1700
-1.2432947386e-001 -2.5355352193e-002 -7.1955453758e-001
0 0 0
4 0 47 -99.1500 -48.7700 1 47 43.4800 -98.7800 2 47 -98.2600 -161.0000 3 47 26.5000 -154.5000
-1.2073399213e-001 -2.1895250036e-002 -7.1621589733e-001
0 0 0
4 0 48 -94.1700 -44.4300 1 48 49.4800 -96.7800 2 48 -102.7800 -159.3000 3 48 23.5000 -153.5000
-1.1619538549e-001 -1.8891049441e-002 -7.1388957742e-001
0 0 0
4 0 49 -88.9200 -40.9800 1 49 55.1700 -95.0000 2 49 -106.8900 -157.0000 3 49 18.6700 -151.3300
-1.1174356685e-001 -1.5942228044e-002 -7.1230572009e-001
0 0 0
4 0 50 -83.2100 -37.2300 1 50 59.3900 -93.0000 2 50 -111.3200 -154.1800 3 50 15.0000 -149.5000
-1.0582750865e-001 -1.5787247519e-002 -7.1075991204e-001
0 0 0
4 0 51 -74.4900 -36.8300 1 51 63.8800 -94.0000 2 51 -114.4500 -153.5200 3 51 10.5000 -149.5000
-1.0138127923e-001 -1.8751017787e-002 -7.1294006414e-001
0 0 0
4 0 52 -68.7800 -40.2000 1 52 62.7200 -96.8800 2 52 -114.9000 -153.4800 3 52 6.6700 -149.3300
-9.4048019253e-002 -2.0813901787e-002 -7.2229671590e-001
0 0 0
4 0 53 -60.4000 -41.4000 1 53 56.6800 -96.5000 2 53 -112.5300 -148.8800 3 53 1.5000 -143.5000
-8.7465255189e-002 -2.0721890554e-002 -7.3225651758e-001
0 0 0
4 0 54 -53.6100 -39.3200 1 54 50.6200 -93.4100 2 54 -109.3300 -143.0300 3 54 -3.5000 -136.5000
-8.1267639892e-002 -2.2075565652e-002 -7.4297905340e-001
0 0 0
4 0 55 -47.2400 -38.8500 1 55 43.2300 -91.8700 2 55 -105.4100 -137.5000 3 55 -7.6000 -130.2000
-7.7359354543e-002 -2.5193101701e-002 -7.5317064956e-001
0 0 0
4 0 56 -43.7200 -40.7200 1 56 35.0000 -91.7800 2 56 -100.1000 -133.8800 3 56 -10.2500 -126.0000
-7.5659866954e-002 -2.9272965107e-002 -7.6299391970e-001
0 0 0
3 0 57 -43.1600 -43.7800 1 57 27.0000 -92.7100 2 57 -92.5100 -131.8600
-7.7095646729e-002 -3.3487325160e-002 -7.7044061700e-001
0 0 0
3 0 58 -45.9100 -47.3800 1 58 18.0000 -94.0000 2 58 -86.9500 -131.9200
-7.8604115950e-002 -3.5920088655e-002 -7.7509922556e-001
0 0 0
4 0 59 -48.0000 -49.3700 1 59 12.7200 -94.8800 2 59 -82.5300 -131.7400 3 59 -8.5000 -120.5000
-8.1099666043e-002 -3.7208976086e-002 -7.7936107213e-001
0 0 0
4 0 60 -51.1700 -50.2800 1 60 7.6800 -94.2400 2 60 -78.0000 -131.2600 3 60 -5.8000 -119.6000
-8.4379380916e-002 -3.7664686171e-002 -7.8416220406e-001
0 0 0
4 0 61 -55.5500 -50.3300 1 61 2.8000 -93.0800 2 61 -72.5200 -130.4200 3 61 -2.1200 -117.0000
-8.6550111240e-002 -3.6994577709e-002 -7.8799029973e-001
0 0 0
4 0 62 -58.0800 -49.0000 1 62 -1.8100 -90.4200 2 62 -69.6100 -129.2600 3 62 0.6000 -114.8000
-8.8285958131e-002 -3.4441818003e-002 -7.9223934931e-001
0 0 0
4 0 63 -60.4500 -46.3900 1 63 -5.0000 -86.1000 2 63 -66.7400 -126.0000 3 63 3.6000 -110.2000
-8.8328898844e-002 -3.0261929448e-002 -7.9471270863e-001
0 0 0
4 0 64 -61.3100 -40.0900 1 64 -5.2800 -82.8800 2 64 -65.2600 -122.0000 3 64 4.2000 -105.6000
-8.7347236128e-002 -2.4815671445e-002 -7.9812312342e-001
0 0 0
4 0 65 -60.6900 -34.0900 1 65 -6.0000 -75.6200 2 65 -64.8000 -116.8000 3 65 4.1700 -99.8300
-8.6465887602e-002 -1.9926159848e-002 -8.0113694157e-001
0 0 0
4 0 66 -60.1700 -28.9700 1 66 -6.0000 -70.3800 2 66 -64.6400 -112.2700 3 66 5.0000 -93.2500
-8.4789920833e-002 -1.5972348262e-002 -8.0276457828e-001
0 0 0
4 0 67 -58.6400 -24.0000 1 67 -5.3600 -66.2700 2 67 -64.8200 -108.0300 3 67 3.8300 -90.1700
-5.1697204190e-002 -6.0632449375e-003 -8.7907164404e-001
0 0 0
4 0 68 -35.0000 -7.0000 1 68 -39.7000 -41.8500 2 68 -29.4100 -54.7900 3 68 -16.4000 -22.2000
-5.1765335847e-002 -8.3080260667e-003 -8.9115552421e-001
0 0 0
4 0 69 -35.8800 -7.7700 1 69 -49.8500 -40.4500 2 69 -21.0000 -50.5900 3 69 -15.3300 -14.6700
-6.3677295890e-002 -1.8328373951e-002 -9.2644679451e-001
0 0 0
4 0 70 -50.3100 -14.1200 1 70 -81.5600 -37.9200 2 70 12.4200 -44.5200 3 70 -0.8300 5.1700
-6.9856049522e-002 -2.3196398122e-002 -9.3308976728e-001
0 0 0
4 0 71 -56.1200 -18.0000 1 71 -90.4100 -39.0700 2 71 21.3800 -46.6200 3 71 5.8300 6.1700
-7.8186407856e-002 -2.9026777088e-002 -9.3877326733e-001
0 0 0
4 0 72 -63.4500 -21.7600 1 72 -99.1200 -40.8300 2 72 32.1400 -52.4500 3 72 14.4000 5.8000
-9.0218419133e-002 -3.2629186937e-002 -9.3903167805e-001
0 0 0
4 0 73 -71.8600 -25.5000 1 73 -107.4300 -41.6400 2 73 37.9600 -58.5800 3 73 28.7100 0.1400
-1.0215600569e-001 -3.7502558026e-002 -9.3901615684e-001
0 0 0
4 0 74 -84.3800 -30.4800 1 74 -116.5900 -44.0700 2 74 42.8200 -65.3900 3 74 40.0000 -5.7100
-1.1217441213e-001 -3.9919557562e-002 -9.3874724170e-001
0 0 0
3 0 75 -93.5700 -32.8200 1 75 -123.4300 -44.3600 2 75 46.9200 -71.2000
-1.2410381078e-001 -4.0928319149e-002 -9.3765693146e-001
0 0 0
3 0 76 -103.4100 -33.5500 1 76 -130.5200 -43.2200 2 76 51.1500 -77.6300
-1.3835103533e-001 -4.0490417867e-002 -9.3511136260e-001
0 0 0
3 0 77 -116.5200 -34.2600 1 77 -138.3600 -41.4600 2 77 53.3900 -82.5400
-1.4798541787e-001 -4.0260215506e-002 -9.3205002697e-001
0 0 0
3 0 78 -125.1800 -34.4300 1 78 -142.6800 -40.5000 2 78 54.6200 -87.1200
-1.5699227000e-001 -3.9959638598e-002 -9.2554114952e-001
0 0 0
3 0 79 -132.8900 -34.8900 1 79 -144.9300 -40.0000 2 79 53.0000 -93.5000
-1.6365581427e-001 -3.8814824205e-002 -9.1847783690e-001
0 0 0
3 0 80 -139.1100 -34.8900 1 80 -144.8800 -39.6000 2 80 49.7600 -98.0400
-1.6842208063e-001 -3.6238849532e-002 -9.0863819016e-001
0 0 0
3 0 81 -144.7300 -34.0900 1 81 -140.0600 -39.4200 2 81 44.4500 -101.4100
-1.6877359400e-001 -3.3809806298e-002 -8.9929873952e-001
0 0 0
3 0 82 -145.5500 -32.5900 1 82 -133.0000 -39.9200 2 82 37.8700 -104.1300
-1.6534249229e-001 -2.9302498088e-002 -8.8887275721e-001
0 0 0
3 0 83 -142.2600 -29.0000 1 83 -123.3300 -39.4400 2 83 26.9100 -104.9100
-1.1419171315e-001 -1.7928095066e-002 -8.6769093771e-001
0 0 0
4 0 84 -93.9500 -19.4300 1 84 -70.5900 -43.5500 2 84 -7.5000 -90.5000 3 84 40.2000 -53.6000
-1.0119649961e-001 -1.8460995927e-002 -8.6660521138e-001
0 0 0
4 0 85 -80.8100 -19.5600 1 85 -64.4300 -45.7700 2 85 -14.7200 -87.1200 3 85 26.5000 -52.5000
-8.9846261596e-002 -1.8683431505e-002 -8.6241653688e-001
0 0 0
4 0 86 -69.5300 -20.0500 1 86 -53.4000 -50.1700 2 86 -21.1100 -84.8900 3 86 15.5000 -52.5000
-8.0253730823e-002 -1.8334681379e-002 -8.5696730917e-001
0 0 0
4 0 87 -59.4200 -20.0800 1 87 -44.3200 -53.0000 2 87 -29.1000 -83.4800 3 87 5.6700 -54.3300
-7.1453223443e-002 -1.5973964709e-002 -8.5210572248e-001
0 0 0
4 0 88 -51.4300 -18.4300 1 88 -36.5300 -53.4700 2 88 -38.4300 -80.9600 3 88 -4.0000 -54.0000
-6.6469438192e-002 -1.0855530271e-002 -8.4954990921e-001
0 0 0
4 0 89 -45.0800 -13.5800 1 89 -29.4600 -50.6400 2 89 -42.4500 -77.4100 3 89 -7.0000 -51.2500
-6.3465876704e-002 -4.3231337140e-003 -8.4939856982e-001
0 0 0
4 0 90 -41.9200 -7.1100 1 90 -25.8100 -45.5800 2 90 -45.5500 -72.5900 3 90 -8.4000 -46.2000
-6.0740988274e-002 3.7690504664e-003 -8.5016389157e-001
0 0 0
4 0 91 -39.3600 0.0000 1 91 -21.9600 -37.4800 2 91 -47.5900 -66.2500 3 91 -9.6700 -40.3300
-5.7109172891e-002 1.1449688359e-002 -8.5226938980e-001
0 0 0
4 0 92 -36.6300 8.3900 1 92 -19.4100 -32.8100 2 92 -50.4300 -59.5300 3 92 -11.0000 -32.0000
-5.5535176799e-002 2.2273189532e-002 -8.5324522974e-001
0 0 0
4 0 93 -34.5800 19.8300 1 93 -16.7200 -23.1200 2 93 -52.4500 -52.5900 3 93 -10.6700 -25.3300
-5.3564122729e-002 3.0438383374e-002 -8.5375950984e-001
0 0 0
4 0 94 -33.0000 27.6100 1 94 -13.3800 -16.8800 2 94 -54.7100 -45.3900 3 94 -10.5000 -20.5000
-4.9623644672e-002 3.8942246754e-002 -8.5361191687e-001
0 0 0
4 0 95 -29.3100 35.9100 1 95 -9.0400 -10.6000 2 95 -58.7200 -38.8800 3 95 -12.5000 -15.0000
-4.5643096009e-002 4.3077242709e-002 -8.5258129994e-001
0 0 0
4 0 96 -24.1700 41.0300 1 96 -5.8700 -8.1300 2 96 -61.3200 -36.1000 3 96 -15.3300 -13.3300
-3.8550217976e-002 4.9247905801e-002 -8.4943357386e-001
0 0 0
4 0 97 -18.1000 46.3100 1 97 1.6000 -5.0000 2 97 -68.6600 -30.3800 3 97 -21.3300 -10.6700
-3.2694995134e-002 5.3808431411e-002 -8.4752151882e-001
0 0 0
4 0 98 -11.9200 51.0000 1 98 6.8300 -3.0000 2 98 -73.4700 -26.5300 3 98 -25.6700 -8.3300
-2.7436430630e-002 5.5551032521e-002 -8.4906451427e-001
0 0 0
4 0 99 -6.8200 52.6100 1 99 8.5500 -2.3600 2 99 -75.2900 -23.0000 3 99 -29.5000 -5.0000
-2.4157067571e-002 5.3150478987e-002 -8.5531977224e-001
0 0 0
4 0 100 -5.0000 50.0000 1 100 4.7400 -3.7800 2 100 -72.4500 -19.4100 3 100 -32.2000 -1.6000
-2.2580184281e-002 4.6677134417e-002 -8.6319285018e-001
0 0 0
4 0 101 -5.0000 44.0000 1 101 -1.8700 -7.8700 2 101 -66.4100 -18.9300 3 101 -34.5000 1.0000
-2.1002327433e-002 3.5994275627e-002 -8.7573773221e-001
0 0 0
4 0 102 -5.2900 35.3800 1 102 -13.2000 -14.9200 2 102 -55.7900 -18.9700 3 102 -37.3300 4.6700
-1.9994012795e-002 2.7741251792e-002 -8.8434835939e-001
0 0 0
4 0 103 -5.7700 26.6000 1 103 -19.0800 -18.6200 2 103 -47.1000 -18.8600 3 103 -39.3300 6.6700
-1.7673820638e-002 1.5391196246e-002 -8.9759177893e-001
0 0 0
4 0 104 -6.4100 15.0000 1 104 -31.4100 -25.5200 2 104 -37.9100 -18.6900 3 104 -43.3300 11.3300
-1.6944464245e-002 6.1612648064e-003 -9.0801826601e-001
0 0 0
4 0 105 -7.3600 7.3900 1 105 -40.2500 -30.5000 2 105 -28.0900 -18.6900 3 105 -45.5000 14.5000
-1.4932785668e-002 -4.1331845427e-003 -9.1895523356e-001
0 0 0
4 0 106 -8.1800 -2.8800 1 106 -48.3900 -35.4400 2 106 -19.0000 -18.4200 3 106 -49.2500 19.0000
-1.3657085955e-002 -1.4737071798e-002 -9.3041075027e-001
0 0 0
4 0 107 -8.2500 -9.6100 1 107 -58.1400 -42.0000 2 107 -7.0800 -18.2700 3 107 -52.5000 22.0000
-1.1169127646e-002 -2.3097344828e-002 -9.4020790884e-001
0 0 0
4 0 108 -7.7200 -15.9000 1 108 -65.1000 -46.3000 2 108 1.9100 -17.3100 3 108 -56.8600 26.2900
-7.2834681296e-003 -3.2098393583e-002 -9.5256852125e-001
0 0 0
4 0 109 -6.3600 -22.5400 1 109 -73.0000 -50.6100 2 109 12.5100 -14.7400 3 109 -62.8000 33.4000
-4.4018987861e-003 -3.6801008654e-002 -9.6139698094e-001
0 0 0
4 0 110 -5.4600 -25.3600 1 110 -78.0000 -52.4700 2 110 19.9400 -11.5300 3 110 -67.0000 39.5000
-7.8164043699e-004 -4.1505931013e-002 -9.6958919290e-001
0 0 0
4 0 111 -3.9200 -28.4400 1 111 -82.0000 -54.4700 2 111 26.6800 -8.1800 3 111 -72.1200 45.5000
3.1258616550e-003 -4.6688334565e-002 -9.7705538921e-001
0 0 0
4 0 112 -2.0000 -31.6200 1 112 -85.7000 -56.9000 2 112 33.0000 -5.6900 3 112 -78.1200 50.8800
6.6455010346e-003 -5.2794166034e-002 -9.8320838053e-001
0 0 0
4 0 113 -0.1300 -35.8700 1 113 -89.1000 -60.3000 2 113 38.9500 -3.9200 3 113 -84.0000 54.0000
1.0889436080e-002 -6.2434441957e-002 -9.9026963144e-001
0 0 0
4 0 114 2.0000 -42.3800 1 114 -93.4400 -66.1100 2 114 46.9200 -4.0300 3 114 -92.5000 56.5000
1.5401149073e-002 -7.1344970051e-002 -9.9391480841e-001
0 0 0
4 0 115 4.9100 -48.7800 1 115 -95.6700 -72.0000 2 115 51.7300 -5.3900 3 115 -101.5000 55.8800
2.1142965059e-002 -8.1858745837e-002 -9.9522126569e-001
0 0 0
4 0 116 8.8000 -56.5600 1 116 -96.3200 -79.8400 2 116 54.7300 -8.5800 3 116 -113.2000 52.0000
3.3354631257e-002 -9.4966707490e-002 -9.9343992908e-001
0 0 0
4 0 117 18.4800 -66.3800 1 117 -92.8600 -90.4300 2 117 53.5900 -12.1300 3 117 -134.8000 44.3000
4.3623656164e-002 -1.0266341399e-001 -9.9158047524e-001
0 0 0
4 0 118 26.4200 -72.0800 1 118 -89.0000 -97.0000 2 118 50.4100 -13.5100 3 118 -152.0000 40.0000
5.3814909949e-002 -1.0737249000e-001 -9.8845117623e-001
0 0 0
4 0 119 34.8000 -75.6700 1 119 -83.7100 -101.7100 2 119 44.8000 -13.2200 3 119 -167.5000 36.0000
6.3356538939e-002 -1.1060695214e-001 -9.8570494087e-001
0 0 0
4 0 120 42.5000 -78.5000 1 120 -79.0000 -105.0000 2 120 38.6700 -11.6900 3 120 -181.4200 33.2500
7.3469928510e-002 -1.1371563002e-001 -9.8258217128e-001
0 0 0
4 0 121 49.1100 -80.5200 1 121 -74.5900 -108.2400 2 121 30.9600 -9.7000 3 121 -196.8300 29.9200
8.1967972984e-002 -1.1629380146e-001 -9.8002111545e-001
0 0 0
4 0 122 57.4000 -83.0400 1 122 -69.4400 -111.6200 2 122 25.5800 -8.1700 3 122 -208.1400 27.9300
9.2207112627e-002 -1.2001860044e-001 -9.7819694762e-001
0 0 0
4 0 123 64.6200 -84.8500 1 123 -65.1900 -114.3100 2 123 19.6600 -6.2300 3 123 -224.2300 25.6200
1.0037634739e-001 -1.1974295632e-001 -9.7224147089e-001
0 0 0
4 0 124 72.3300 -86.5700 1 124 -59.6900 -117.3100 2 124 7.4200 -4.3700 3 124 -232.6700 22.5000
1.1271020616e-001 -1.2281244692e-001 -9.6560253412e-001
0 0 0
4 0 125 83.9000 -89.0300 1 125 -50.8300 -121.2800 2 125 -4.6600 -3.3600 3 125 -249.0000 15.8500
1.2261446988e-001 -1.2214755004e-001 -9.6024211426e-001
0 0 0
4 0 126 92.9200 -89.0800 1 126 -43.8700 -122.5300 2 126 -17.0200 -0.0600 3 126 -259.7000 13.5000
1.3553785091e-001 -1.2031368947e-001 -9.5386161795e-001
0 0 0
4 0 127 104.1900 -88.2300 1 127 -35.3300 -123.5300 2 127 -33.6800 5.8500 3 127 -272.8200 11.8200
1.4592481655e-001 -1.2016618163e-001 -9.5346309284e-001
0 0 0
4 0 128 109.7000 -87.7000 1 128 -32.1500 -123.4600 2 128 -43.0200 13.1900 3 128 -286.0000 14.5000
1.5482522706e-001 -1.2028468515e-001 -9.5431600552e-001
0 0 0
4 0 129 117.7400 -87.4800 1 129 -29.0000 -124.1700 2 129 -47.7000 20.7500 3 129 -296.2000 17.6000
1.5985303387e-001 -1.2275918996e-001 -9.5823206491e-001
0 0 0
4 0 130 119.8700 -88.1300 1 130 -29.6400 -124.7900 2 130 -46.2000 25.2700 3 130 -305.5000 21.5000
1.6098738349e-001 -1.2701337763e-001 -9.6401571221e-001
0 0 0
4 0 131 118.9100 -90.7800 1 131 -33.7100 -126.5000 2 131 -39.0600 27.5100 3 131 -311.6000 25.0000
1.6062734489e-001 -1.3185744665e-001 -9.7250024792e-001
0 0 0
4 0 132 116.0000 -93.1700 1 132 -39.6000 -127.6000 2 132 -27.1800 29.8200 3 132 -317.6000 31.0000
1.4157431503e-001 -1.4368150320e-001 -1.0161870083e+000
0 0 0
4 0 133 91.0400 -95.5000 1 133 -70.5000 -124.0000 2 133 44.1800 40.3000 3 133 -316.3800 68.7500
1.3409820086e-001 -1.4554104703e-001 -1.0243172072e+000
0 0 0
4 0 134 84.0000 -96.0000 1 134 -78.0000 -122.5700 2 134 59.2900 38.9300 3 134 -310.4300 75.9500
1.2102532506e-001 -1.4776321813e-001 -1.0335304879e+000
0 0 0
4 0 135 73.0000 -96.6100 1 135 -88.0000 -121.4300 2 135 79.0000 34.0000 3 135 -296.7100 82.6200
1.1417983464e-001 -1.4936001259e-001 -1.0372664000e+000
0 0 0
2 0 136 67.2200 -96.9100 1 136 -92.3300 -120.7500
9.9279810248e-002 -1.4857698568e-001 -1.0418293808e+000
0 0 0
4 0 137 56.3200 -96.2400 1 137 -101.0000 -118.9000 2 137 100.3100 22.6700 3 137 -268.1500 86.6300
8.6132118886e-002 -1.4641002619e-001 -1.0453741195e+000
0 0 0
3 0 138 45.8700 -94.1300 1 138 -106.5600 -116.3800 2 138 109.5000 17.2500
7.5691551188e-002 -1.4216196594e-001 -1.0463435150e+000
0 0 0
4 0 139 40.9100 -92.9100 1 139 -111.4400 -113.6200 2 139 112.5400 14.6700 3 139 -227.4400 90.3300
6.5270429552e-002 -1.3901602558e-001 -1.0464021264e+000
0 0 0
4 0 140 32.1400 -90.0000 1 140 -115.6000 -109.6000 2 140 114.8700 9.1100 3 140 -210.5600 89.2500
5.7288218463e-002 -1.3507827690e-001 -1.0443085032e+000
0 0 0
4 0 141 27.2300 -87.7700 1 141 -117.3500 -107.1200 2 141 113.7700 5.5500 3 141 -195.3300 86.4700
5.1300439288e-002 -1.2991756103e-001 -1.0411525429e+000
0 0 0
4 0 142 23.5700 -84.8600 1 142 -117.2700 -104.0000 2 142 109.8800 3.2300 3 142 -182.5400 84.1500
4.5382388327e-002 -1.1989249134e-001 -1.0359747540e+000
0 0 0
4 0 143 20.2900 -78.5000 1 143 -114.9400 -97.8900 2 143 101.7400 3.7100 3 143 -167.0000 82.1700
4.1285002326e-002 -1.1117018584e-001 -1.0321306530e+000
0 0 0
4 0 144 18.1900 -73.0500 1 144 -112.9000 -92.8100 2 144 94.8800 5.2000 3 144 -155.5000 82.0000
3.5943708248e-002 -1.0179387930e-001 -1.0282190407e+000
0 0 0
4 0 145 14.9100 -66.9100 1 145 -111.0000 -87.0000 2 145 88.4700 6.0500 3 145 -142.6400 81.9100
2.8797787863e-002 -9.0667709627e-002 -1.0238026262e+000
0 0 0
4 0 146 11.1700 -60.8800 1 146 -109.3700 -80.7400 2 146 81.3200 7.7800 3 146 -126.0000 82.0000
2.2402734415e-002 -8.0173434006e-002 -1.0214064801e+000
0 0 0
4 0 147 6.1200 -52.3300 1 147 -108.4500 -72.1500 2 147 77.5100 8.9400 3 147 -113.6700 83.4400
1.6540360826e-002 -7.1338559861e-002 -1.0188870933e+000
0 0 0
4 0 148 2.2100 -46.2100 1 148 -108.0000 -66.0000 2 148 73.4600 10.0000 3 148 -102.2200 84.3300
1.0428287887e-002 -6.2631113751e-002 -1.0170289019e+000
0 0 0
4 0 149 -2.0000 -40.1400 1 149 -107.5300 -60.0000 2 149 70.4700 11.3100 3 149 -90.6700 85.8900
2.1345810791e-003 -5.2149326581e-002 -1.0150329758e+000
0 0 0
4 0 150 -6.8000 -33.4400 1 150 -107.5000 -53.0000 2 150 67.2500 12.6900 3 150 -75.1200 88.1200
-5.5917498659e-003 -4.1489044160e-002 -1.0127843388e+000
0 0 0
4 0 151 -13.0900 -24.9100 1 151 -107.5300 -44.0000 2 151 64.5300 13.4700 3 151 -63.1700 89.1700
-1.1329657613e-002 -3.2878733714e-002 -1.0103979331e+000
0 0 0
4 0 152 -17.2700 -18.6500 1 152 -106.8400 -37.3700 2 152 61.4400 14.3400 3 152 -53.8300 89.8300
-1.6829885616e-002 -2.1928256940e-002 -1.0078901381e+000
0 0 0
4 0 153 -21.1200 -10.6700 1 153 -105.1000 -29.1900 2 153 57.3800 16.5900 3 153 -44.1700 91.8300
-2.0866114927e-002 -1.5506593027e-002 -1.0080907703e+000
0 0 0
4 0 154 -24.4000 -5.5200 1 154 -105.6700 -24.0000 2 154 56.6500 18.3900 3 154 -37.8000 94.4000
-2.2163024811e-002 -1.2116807112e-002 -1.0092542503e+000
0 0 0
4 0 155 -25.3900 -3.0000 1 155 -106.0000 -21.0000 2 155 56.7600 20.2100 3 155 -35.1700 97.1700
-2.2479011839e-002 -1.0884713974e-002 -1.0096656007e+000
0 0 0
4 0 156 -26.0000 -2.1400 1 156 -106.0000 -20.0000 2 156 56.7500 21.3100 3 156 -34.5000 98.0000
1.1023062503e-001 -1.4853824512e-001 -1.0384468703e+000
0 0 0
2 2 136 91.1800 28.3700 3 136 -283.4600 85.3300
