# Bundle file v0.3
4 157
7.6800000000e+002 0.0000000000e+000 0.0000000000e+000
1.0000000000e+000 0.0000000000e+000 0.0000000000e+000
0.0000000000e+000 1.0000000000e+000 0.0000000000e+000
0.0000000000e+000 0.0000000000e+000 1.0000000000e+000
-0.0000000000e+000 -0.0000000000e+000 -0.0000000000e+000
7.6800000000e+002 0.0000000000e+000 0.0000000000e+000
3.7027461295e-001 2.8758484173e-001 8.8328459163e-001
-2.3220961983e-001 9.4933739549e-001 -2.1174796809e-001
-8.9943059958e-001 -1.2670228230e-001 4.1829550343e-001
7.5546631348e-001 -2.4251457287e-001 -6.0865206082e-001
0 0 0
0 0 0
0 0 0
0 0 0
0 0 0
0 0 0
0 0 0
0 0 0
0 0 0
0 0 0
-3.3546428225e-002 2.3862475610e-003 -9.8610643610e-001
0 0 0
2 0 0 -26.1200 1.7700 1 0 -98.5900 -18.2400
-3.3524539725e-002 3.8490573521e-004 -9.8551837238e-001
0 0 0
2 0 1 -26.1200 0.2300 1 1 -98.6800 -19.8400
-3.3580964556e-002 -4.3182912723e-003 -9.8598019444e-001
0 0 0
2 0 2 -26.1500 -3.4600 1 2 -100.1000 -23.2000
-3.3202474078e-002 -1.1951320263e-002 -9.8605093553e-001
0 0 0
2 0 3 -25.8500 -9.4600 1 3 -101.7900 -28.8400
-3.0551211631e-002 -2.6604069397e-002 -9.8558940666e-001
0 0 0
2 0 4 -23.8100 -20.6700 1 4 -104.0000 -40.3800
-2.8519190091e-002 -3.7929665673e-002 -9.8435282831e-001
0 0 0
2 0 5 -22.2500 -29.6100 1 5 -105.0900 -49.2200
-2.2829889407e-002 -4.9140714848e-002 -9.8228776154e-001
0 0 0
2 0 6 -17.8500 -38.4100 1 6 -104.2500 -58.7000
-1.3197569460e-002 -6.0464641496e-002 -9.7846442653e-001
0 0 0
2 0 7 -10.3600 -47.4300 1 7 -100.8300 -69.0000
-4.7762901859e-003 -6.6482597109e-002 -9.7568570021e-001
0 0 0
2 0 8 -3.7600 -52.3200 1 8 -97.3200 -74.9100
2.0475267114e-003 -7.1452213144e-002 -9.7424087973e-001
0 0 0
2 0 9 1.6200 -56.5000 1 9 -95.0000 -79.3900
1.2011505038e-002 -7.7061588028e-002 -9.7320513281e-001
0 0 0
2 0 10 9.5000 -61.5000 1 10 -91.9000 -84.1900
1.9179670671e-002 -8.3968184891e-002 -9.6793411959e-001
0 0 0
2 0 11 15.2200 -66.7000 1 11 -87.7200 -91.5600
2.6356923109e-002 -9.0346874571e-002 -9.6579990293e-001
0 0 0
2 0 12 20.9600 -71.8900 1 12 -85.2900 -97.2900
3.1698672575e-002 -9.6243911491e-002 -9.6539139100e-001
0 0 0
2 0 13 25.2200 -76.7000 1 13 -84.4700 -102.0000
3.5271337260e-002 -1.0147135620e-001 -9.6733460002e-001
0 0 0
2 0 14 28.0000 -80.3800 1 14 -85.6700 -106.0000
3.5481213033e-002 -1.0495891545e-001 -9.7007844183e-001
0 0 0
2 0 15 28.0900 -83.0900 1 15 -88.0500 -107.7900
3.3750230992e-002 -1.0787220358e-001 -9.7404957830e-001
0 0 0
2 0 16 26.6100 -85.0000 1 16 -91.7900 -109.0000
2.8207952436e-002 -1.0978756801e-001 -9.7892809724e-001
0 0 0
2 0 17 22.1300 -86.1300 1 17 -97.2200 -108.9100
1.8552182071e-002 -1.0940544047e-001 -9.8940771657e-001
0 0 0
2 0 18 14.4000 -84.8800 1 18 -107.1600 -105.7900
9.3273661317e-003 -1.0742874170e-001 -9.9629849533e-001
0 0 0
2 0 19 7.1900 -82.8100 1 19 -114.4200 -102.1600
-3.5194525913e-003 -1.0352311552e-001 -1.0005298658e+000
0 0 0
2 0 20 -2.7100 -79.0000 1 20 -121.1600 -97.7900
-1.5092405058e-002 -1.0051441321e-001 -1.0066499031e+000
0 0 0
2 0 21 -11.5200 -76.4100 1 21 -128.7800 -93.0900
-2.7807281332e-002 -9.8627692898e-002 -1.0168270515e+000
0 0 0
2 0 22 -21.0000 -74.6100 1 22 -139.7400 -88.0400
-4.0543043776e-002 -9.8475417240e-002 -1.0209453167e+000
0 0 0
2 0 23 -30.5000 -74.0000 1 23 -147.6200 -86.0000
-5.9068322312e-002 -1.0062030356e-001 -1.0183795674e+000
0 0 0
2 0 24 -44.5400 -76.1500 1 24 -154.4300 -85.9100
-6.8524037948e-002 -1.0319826375e-001 -1.0195828179e+000
0 0 0
2 0 25 -51.6200 -77.5200 1 25 -160.1000 -87.1000
-8.6327027697e-002 -1.0783722841e-001 -1.0101425903e+000
0 0 0
2 0 26 -65.6400 -81.6100 1 26 -163.2900 -91.0000
-9.6907797078e-002 -1.1250044183e-001 -9.9956069148e-001
0 0 0
2 0 27 -74.4600 -86.2900 1 27 -162.4200 -95.7100
-1.0901639632e-001 -1.1771734425e-001 -9.8409548404e-001
0 0 0
2 0 28 -85.0700 -92.6100 1 28 -159.0000 -101.3900
-1.1844586511e-001 -1.2136234721e-001 -9.7032890055e-001
0 0 0
2 0 29 -93.7500 -95.7900 1 29 -155.2300 -107.5800
-1.2530759094e-001 -1.2342259682e-001 -9.5806867988e-001
0 0 0
2 0 30 -100.4500 -98.5900 1 30 -150.5700 -111.6400
-1.2980515668e-001 -1.2257598312e-001 -9.4530048377e-001
0 0 0
2 0 31 -105.4600 -99.3600 1 31 -143.4700 -113.4700
-1.3303450062e-001 -1.1915864147e-001 -9.3401452314e-001
0 0 0
2 0 32 -109.3900 -97.7400 1 32 -136.0000 -113.0000
-1.3462132415e-001 -1.1351133938e-001 -9.1723216951e-001
0 0 0
2 0 33 -112.7200 -94.8800 1 33 -123.0000 -112.0000
-1.3469014232e-001 -1.0887709388e-001 -9.0413795083e-001
0 0 0
2 0 34 -114.4100 -92.4400 1 34 -112.0900 -111.0600
-1.3460018694e-001 -1.0409032589e-001 -8.8971392411e-001
0 0 0
2 0 35 -116.1900 -89.5800 1 35 -100.0000 -110.6400
-1.3518240729e-001 -9.8784352591e-002 -8.7163607732e-001
0 0 0
2 0 36 -119.1100 -87.0000 1 36 -85.0300 -110.1700
-1.3554718918e-001 -9.6275840171e-002 -8.5814174259e-001
0 0 0
2 0 37 -121.3100 -86.0900 1 37 -74.0900 -111.3100
-1.3676124393e-001 -9.3636589138e-002 -8.4702656930e-001
0 0 0
2 0 38 -124.0000 -85.0000 1 38 -65.1500 -111.4700
-1.3587411081e-001 -8.8633576575e-002 -8.3698181967e-001
0 0 0
2 0 39 -124.6900 -80.5600 1 39 -55.6300 -110.4300
-1.3256547258e-001 -8.2243421714e-002 -8.2297669705e-001
0 0 0
2 0 40 -123.7100 -76.7400 1 40 -41.2300 -107.8000
-1.2858598253e-001 -7.6434370339e-002 -8.1298520580e-001
0 0 0
2 0 41 -121.4700 -72.2400 1 41 -30.0500 -105.4300
-1.2414299481e-001 -7.1161201204e-002 -8.0120358676e-001
0 0 0
2 0 42 -119.0000 -68.1500 1 42 -17.4200 -104.1800
-1.1804048496e-001 -6.5281201503e-002 -7.8465582695e-001
0 0 0
2 0 43 -115.5300 -64.0500 1 43 -0.0500 -103.4300
-1.1318426046e-001 -6.1589427314e-002 -7.7330522180e-001
0 0 0
2 0 44 -112.4000 -61.4000 1 44 12.0000 -103.3600
-1.0729536381e-001 -5.7668521346e-002 -7.6293931310e-001
0 0 0
2 0 45 -108.0000 -58.2500 1 45 23.5900 -103.0600
-1.0254843940e-001 -5.4228282604e-002 -7.5505579095e-001
0 0 0
2 0 46 -104.3000 -55.3300 1 46 32.5800 -102.4500
-9.6387630277e-002 -4.7157582535e-002 -7.4652175936e-001
0 0 0
2 0 47 -99.1500 -48.7700 1 47 43.4800 -98.7800
-9.1044079407e-002 -4.2909411371e-002 -7.4249018199e-001
0 0 0
2 0 48 -94.1700 -44.4300 1 48 49.4800 -96.7800
-8.5535132216e-002 -3.9293123655e-002 -7.3871396566e-001
0 0 0
2 0 49 -88.9200 -40.9800 1 49 55.1700 -95.0000
-7.9816873435e-002 -3.5657083372e-002 -7.3665780030e-001
0 0 0
2 0 50 -83.2100 -37.2300 1 50 59.3900 -93.0000
-7.1221743862e-002 -3.5111609819e-002 -7.3425228472e-001
0 0 0
2 0 51 -74.4900 -36.8300 1 51 63.8800 -94.0000
-6.5954479376e-002 -3.8398785054e-002 -7.3637292012e-001
0 0 0
2 0 52 -68.7800 -40.2000 1 52 62.7200 -96.8800
-5.8664725882e-002 -3.9872145166e-002 -7.4574195286e-001
0 0 0
2 0 53 -60.4000 -41.4000 1 53 56.6800 -96.5000
-5.2771325763e-002 -3.8310490530e-002 -7.5572504065e-001
0 0 0
2 0 54 -53.6100 -39.3200 1 54 50.6200 -93.4100
-4.7177980494e-002 -3.8569031649e-002 -7.6682015222e-001
0 0 0
2 0 55 -47.2400 -38.8500 1 55 43.2300 -91.8700
-4.4276305546e-002 -4.1006823600e-002 -7.7759189034e-001
0 0 0
2 0 56 -43.7200 -40.7200 1 56 35.0000 -91.7800
-4.4225720060e-002 -4.4620915257e-002 -7.8678317773e-001
0 0 0
2 0 57 -43.1600 -43.7800 1 57 27.0000 -92.7100
-4.7576753216e-002 -4.8942953577e-002 -7.9577711820e-001
0 0 0
2 0 58 -45.9100 -47.3800 1 58 18.0000 -94.0000
-5.0050724944e-002 -5.1487827340e-002 -8.0081689104e-001
0 0 0
2 0 59 -48.0000 -49.3700 1 59 12.7200 -94.8800
-5.3679939333e-002 -5.2629500140e-002 -8.0560401112e-001
0 0 0
2 0 60 -51.1700 -50.2800 1 60 7.6800 -94.2400
-5.8580219160e-002 -5.2983620611e-002 -8.0984538754e-001
0 0 0
2 0 61 -55.5500 -50.3300 1 61 2.8000 -93.0800
-6.1646185794e-002 -5.1768850968e-002 -8.1503107163e-001
0 0 0
2 0 62 -58.0800 -49.0000 1 62 -1.8100 -90.4200
-6.4509463266e-002 -4.8713350130e-002 -8.1915383079e-001
0 0 0
2 0 63 -60.4500 -46.3900 1 63 -5.0000 -86.1000
-6.5456493117e-002 -4.3546925504e-002 -8.2036420023e-001
0 0 0
2 0 64 -61.3100 -40.0900 1 64 -5.2800 -82.8800
-6.5112296154e-002 -3.6574029464e-002 -8.2396179659e-001
0 0 0
2 0 65 -60.6900 -34.0900 1 65 -6.0000 -75.6200
-6.4727188827e-002 -3.0962729401e-002 -8.2602880781e-001
0 0 0
2 0 66 -60.1700 -28.9700 1 66 -6.0000 -70.3800
-6.3178830111e-002 -2.5867280846e-002 -8.2745145010e-001
0 0 0
2 0 67 -58.6400 -24.0000 1 67 -5.3600 -66.2700
-4.0631729949e-002 -7.7896728704e-003 -8.9106850010e-001
0 0 0
2 0 68 -35.0000 -7.0000 1 68 -39.7000 -41.8500
-4.2245412024e-002 -9.1484667572e-003 -9.0424949887e-001
0 0 0
2 0 69 -35.8800 -7.7700 1 69 -49.8500 -40.4500
-6.1382010397e-002 -1.7444459356e-002 -9.3722989957e-001
0 0 0
2 0 70 -50.3100 -14.1200 1 70 -81.5600 -37.9200
-6.8990601568e-002 -2.2229528615e-002 -9.4421897769e-001
0 0 0
2 0 71 -56.1200 -18.0000 1 71 -90.4100 -39.0700
-7.8426647383e-002 -2.7312080007e-002 -9.4957391018e-001
0 0 0
2 0 72 -63.4500 -21.7600 1 72 -99.1200 -40.8300
-8.9234963886e-002 -3.1752812794e-002 -9.5374694454e-001
0 0 0
2 0 73 -71.8600 -25.5000 1 73 -107.4300 -41.6400
-1.0492924306e-001 -3.8051663173e-002 -9.5510547509e-001
0 0 0
2 0 74 -84.3800 -30.4800 1 74 -116.5900 -44.0700
-1.1654171607e-001 -4.0996086747e-002 -9.5659740685e-001
0 0 0
2 0 75 -93.5700 -32.8200 1 75 -123.4300 -44.3600
-1.2901207967e-001 -4.2195038443e-002 -9.5827186360e-001
0 0 0
2 0 76 -103.4100 -33.5500 1 76 -130.5200 -43.2200
-1.4537377671e-001 -4.3163812209e-002 -9.5832432385e-001
0 0 0
2 0 77 -116.5200 -34.2600 1 77 -138.3600 -41.4600
-1.5597233175e-001 -4.3576848261e-002 -9.5713430136e-001
0 0 0
2 0 78 -125.1800 -34.4300 1 78 -142.6800 -40.5000
-1.6504380575e-001 -4.4002656842e-002 -9.5402724174e-001
0 0 0
2 0 79 -132.8900 -34.8900 1 79 -144.9300 -40.0000
-1.7193758129e-001 -4.3774586394e-002 -9.4942456599e-001
0 0 0
2 0 80 -139.1100 -34.8900 1 80 -144.8800 -39.6000
-1.7711069385e-001 -4.2315398500e-002 -9.3999637602e-001
0 0 0
2 0 81 -144.7300 -34.0900 1 81 -140.0600 -39.4200
-1.7649442202e-001 -4.0438063577e-002 -9.3154441472e-001
0 0 0
2 0 82 -145.5500 -32.5900 1 82 -133.0000 -39.9200
-1.7098444916e-001 -3.6364204029e-002 -9.2353393929e-001
0 0 0
2 0 83 -142.2600 -29.0000 1 83 -123.3300 -39.4400
-1.0929787624e-001 -2.2924229247e-002 -8.9362541382e-001
0 0 0
2 0 84 -93.9500 -19.4300 1 84 -70.5900 -43.5500
-9.3998262438e-002 -2.2869834561e-002 -8.9340726074e-001
0 0 0
2 0 85 -80.8100 -19.5600 1 85 -64.4300 -45.7700
-8.0115450195e-002 -2.3426808448e-002 -8.8513955283e-001
0 0 0
2 0 86 -69.5300 -20.0500 1 86 -53.4000 -50.1700
-6.7974668371e-002 -2.3217577039e-002 -8.7875962736e-001
0 0 0
2 0 87 -59.4200 -20.0800 1 87 -44.3200 -53.0000
-5.8486021302e-002 -2.0995901106e-002 -8.7340105612e-001
0 0 0
2 0 88 -51.4300 -18.4300 1 88 -36.5300 -53.4700
-5.1024571295e-002 -1.5236883264e-002 -8.6912790685e-001
0 0 0
2 0 89 -45.0800 -13.5800 1 89 -29.4600 -50.6400
-4.7396055539e-002 -7.9327966190e-003 -8.6819042886e-001
0 0 0
2 0 90 -41.9200 -7.1100 1 90 -25.8100 -45.5800
-4.4579126428e-002 1.4323329995e-003 -8.6772644358e-001
0 0 0
2 0 91 -39.3600 0.0000 1 91 -21.9600 -37.4800
-4.1398724226e-002 9.5597099620e-003 -8.6784994071e-001
0 0 0
2 0 92 -36.6300 8.3900 1 92 -19.4100 -32.8100
-3.9129937728e-002 2.2327935360e-002 -8.6928111884e-001
0 0 0
2 0 93 -34.5800 19.8300 1 93 -16.7200 -23.1200
-3.7293668661e-002 3.1048644922e-002 -8.6828824110e-001
0 0 0
2 0 94 -33.0000 27.6100 1 94 -13.3800 -16.8800
-3.3077186569e-002 4.0384441175e-002 -8.6712704232e-001
0 0 0
2 0 95 -29.3100 35.9100 1 95 -9.0400 -10.6000
-2.7210699646e-002 4.5653681706e-002 -8.6672554298e-001
0 0 0
2 0 96 -24.1700 41.0300 1 96 -5.8700 -8.1300
-2.0294186108e-002 5.1876886454e-002 -8.6138980863e-001
0 0 0
2 0 97 -18.1000 46.3100 1 97 1.6000 -5.0000
-1.3312311410e-002 5.6896515648e-002 -8.5849115360e-001
0 0 0
2 0 98 -11.9200 51.0000 1 98 6.8300 -3.0000
-7.6285158037e-003 5.8846872974e-002 -8.5904601839e-001
0 0 0
2 0 99 -6.8200 52.6100 1 99 8.5500 -2.3600
-5.6254381796e-003 5.6256028876e-002 -8.6444601132e-001
0 0 0
2 0 100 -5.0000 50.0000 1 100 4.7400 -3.7800
-5.6387552305e-003 4.9587979543e-002 -8.7161170122e-001
0 0 0
2 0 101 -5.0000 44.0000 1 101 -1.8700 -7.8700
-5.9223352056e-003 3.8993871004e-002 -8.8383917383e-001
0 0 0
2 0 102 -5.2900 35.3800 1 102 -13.2000 -14.9200
-6.6660562719e-003 3.0604583782e-002 -8.8990676566e-001
0 0 0
2 0 103 -5.7700 26.6000 1 103 -19.0800 -18.6200
-7.5436528717e-003 1.7689266963e-002 -9.0337432851e-001
0 0 0
2 0 104 -6.4100 15.0000 1 104 -31.4100 -25.5200
-8.7399762514e-003 8.6861396082e-003 -9.1278950837e-001
0 0 0
2 0 105 -7.3600 7.3900 1 105 -40.2500 -30.5000
-9.9162261388e-003 -2.0038521013e-003 -9.2122112885e-001
0 0 0
2 0 106 -8.1800 -2.8800 1 106 -48.3900 -35.4400
-1.0007632204e-002 -1.1713864052e-002 -9.3194360020e-001
0 0 0
2 0 107 -8.2500 -9.6100 1 107 -58.1400 -42.0000
-9.4497257375e-003 -1.9464636720e-002 -9.4008785034e-001
0 0 0
2 0 108 -7.7200 -15.9000 1 108 -65.1000 -46.3000
-7.8788215418e-003 -2.7705147236e-002 -9.5015071429e-001
0 0 0
2 0 109 -6.3600 -22.5400 1 109 -73.0000 -50.6100
-6.8050784470e-003 -3.1577801864e-002 -9.5701504191e-001
0 0 0
2 0 110 -5.4600 -25.3600 1 110 -78.0000 -52.4700
-4.9209365794e-003 -3.5539069016e-002 -9.6287218091e-001
0 0 0
2 0 111 -3.9200 -28.4400 1 111 -82.0000 -54.4700
-2.5258146447e-003 -3.9797726065e-002 -9.6844332864e-001
0 0 0
2 0 112 -2.0000 -31.6200 1 112 -85.7000 -56.9000
-1.7140348096e-004 -4.5312675573e-002 -9.7314082228e-001
0 0 0
2 0 113 -0.1300 -35.8700 1 113 -89.1000 -60.3000
2.5485542788e-003 -5.4005211640e-002 -9.7835372711e-001
0 0 0
2 0 114 2.0000 -42.3800 1 114 -93.4400 -66.1100
6.2707316077e-003 -6.2277595970e-002 -9.8104897279e-001
0 0 0
2 0 115 4.9100 -48.7800 1 115 -95.6700 -72.0000
1.1245556007e-002 -7.2316817157e-002 -9.8128730273e-001
0 0 0
2 0 116 8.8000 -56.5600 1 116 -96.3200 -79.8400
2.3542772561e-002 -8.4565391153e-002 -9.7840035596e-001
0 0 0
2 0 117 18.4800 -66.3800 1 117 -92.8600 -90.4300
3.3553930967e-002 -9.1574731519e-002 -9.7535241654e-001
0 0 0
2 0 118 26.4200 -72.0800 1 118 -89.0000 -97.0000
4.4007641664e-002 -9.5743503770e-002 -9.7117898062e-001
0 0 0
2 0 119 34.8000 -75.6700 1 119 -83.7100 -101.7100
5.3555084158e-002 -9.8695609090e-002 -9.6784937877e-001
0 0 0
2 0 120 42.5000 -78.5000 1 120 -79.0000 -105.0000
6.1655151728e-002 -1.0108885401e-001 -9.6418592244e-001
0 0 0
2 0 121 49.1100 -80.5200 1 121 -74.5900 -108.2400
7.1770495648e-002 -1.0378347873e-001 -9.6028396474e-001
0 0 0
2 0 122 57.4000 -83.0400 1 122 -69.4400 -111.6200
8.0544112827e-002 -1.0578465438e-001 -9.5725173535e-001
0 0 0
2 0 123 64.6200 -84.8500 1 123 -65.1900 -114.3100
8.9692223026e-002 -1.0755724481e-001 -9.5232404532e-001
0 0 0
2 0 124 72.3300 -86.5700 1 124 -59.6900 -117.3100
1.0311547924e-001 -1.0961823512e-001 -9.4387372942e-001
0 0 0
2 0 125 83.9000 -89.0300 1 125 -50.8300 -121.2800
1.1346759388e-001 -1.0887783629e-001 -9.3782022851e-001
0 0 0
2 0 126 92.9200 -89.0800 1 126 -43.8700 -122.5300
1.2623732428e-001 -1.0703193867e-001 -9.3050291752e-001
0 0 0
2 0 127 104.1900 -88.2300 1 127 -35.3300 -123.5300
1.3264763758e-001 -1.0602877572e-001 -9.2865567318e-001
0 0 0
2 0 128 109.7000 -87.7000 1 128 -32.1500 -123.4600
1.4226306300e-001 -1.0581940247e-001 -9.2795105658e-001
0 0 0
2 0 129 117.7400 -87.4800 1 129 -29.0000 -124.1700
1.4515205426e-001 -1.0693100097e-001 -9.2996510685e-001
0 0 0
2 0 130 119.8700 -88.1300 1 130 -29.6400 -124.7900
1.4481014944e-001 -1.1088370302e-001 -9.3525982599e-001
0 0 0
2 0 131 118.9100 -90.7800 1 131 -33.7100 -126.5000
1.4238594140e-001 -1.1477599280e-001 -9.4267104912e-001
0 0 0
2 0 132 116.0000 -93.1700 1 132 -39.6000 -127.6000
1.1606684329e-001 -1.2221635950e-001 -9.7909654763e-001
0 0 0
2 0 133 91.0400 -95.5000 1 133 -70.5000 -124.0000
1.0796703023e-001 -1.2354335987e-001 -9.8711800561e-001
0 0 0
2 0 134 84.0000 -96.0000 1 134 -78.0000 -122.5700
9.4676858904e-002 -1.2554035987e-001 -9.9603672260e-001
0 0 0
2 0 135 73.0000 -96.6100 1 135 -88.0000 -121.4300
8.7445821837e-002 -1.2621233700e-001 -9.9907359316e-001
0 0 0
2 0 136 67.2200 -96.9100 1 136 -92.3300 -120.7500
7.3754283893e-002 -1.2642344168e-001 -1.0057058767e+000
0 0 0
2 0 137 56.3200 -96.2400 1 137 -101.0000 -118.9000
6.0195166578e-002 -1.2428054193e-001 -1.0077485457e+000
0 0 0
2 0 138 45.8700 -94.1300 1 138 -106.5600 -116.3800
5.3954585602e-002 -1.2287317700e-001 -1.0128288792e+000
0 0 0
2 0 139 40.9100 -92.9100 1 139 -111.4400 -113.6200
4.2447665332e-002 -1.1899115315e-001 -1.0142722203e+000
0 0 0
2 0 140 32.1400 -90.0000 1 140 -115.6000 -109.6000
3.5963591677e-002 -1.1610821151e-001 -1.0142559969e+000
0 0 0
2 0 141 27.2300 -87.7700 1 141 -117.3500 -107.1200
3.1080252481e-002 -1.1195823669e-001 -1.0126832739e+000
0 0 0
2 0 142 23.5700 -84.8600 1 142 -117.2700 -104.0000
2.6667380890e-002 -1.0311679889e-001 -1.0094340129e+000
0 0 0
2 0 143 20.2900 -78.5000 1 143 -114.9400 -97.8900
2.3851503216e-002 -9.5716925637e-002 -1.0071062737e+000
0 0 0
2 0 144 18.1900 -73.0500 1 144 -112.9000 -92.8100
1.9497713655e-002 -8.7427782786e-002 -1.0044175297e+000
0 0 0
2 0 145 14.9100 -66.9100 1 145 -111.0000 -87.0000
1.4560829713e-002 -7.9040862442e-002 -1.0019564444e+000
0 0 0
2 0 146 11.1700 -60.8800 1 146 -109.3700 -80.7400
7.9584803424e-003 -6.7760882345e-002 -1.0006687555e+000
0 0 0
2 0 147 6.1200 -52.3300 1 147 -108.4500 -72.1500
2.8611075628e-003 -5.9770369108e-002 -9.9982104158e-001
0 0 0
2 0 148 2.2100 -46.2100 1 148 -108.0000 -66.0000
-2.6124510495e-003 -5.1933493465e-002 -9.9863683839e-001
0 0 0
2 0 149 -2.0000 -40.1400 1 149 -107.5300 -60.0000
-8.8496241367e-003 -4.3206026892e-002 -9.9806591379e-001
0 0 0
2 0 150 -6.8000 -33.4400 1 150 -107.5000 -53.0000
-1.7010899304e-002 -3.2122412343e-002 -9.9730071456e-001
0 0 0
2 0 151 -13.0900 -24.9100 1 151 -107.5300 -44.0000
-2.2416779603e-002 -2.3875872596e-002 -9.9603684969e-001
0 0 0
2 0 152 -17.2700 -18.6500 1 152 -106.8400 -37.3700
-2.7369268120e-002 -1.3394779789e-002 -9.9423476863e-001
0 0 0
2 0 153 -21.1200 -10.6700 1 153 -105.1000 -29.1900
-3.1614133701e-002 -7.0471201045e-003 -9.9484027318e-001
0 0 0
2 0 154 -24.4000 -5.5200 1 154 -105.6700 -24.0000
-3.2941145171e-002 -3.6420569266e-003 -9.9586767368e-001
0 0 0
2 0 155 -25.3900 -3.0000 1 155 -106.0000 -21.0000
-3.3733955015e-002 -2.4871664142e-003 -9.9583229349e-001
0 0 0
2 0 156 -26.0000 -2.1400 1 156 -106.0000 -20.0000
