# Bundle file v0.3
4 157
7.0396427453e+002 -8.2937770509e-002 -4.0892037160e-003
9.9905452357e-001 3.5764910026e-003 4.3327446798e-002
-3.6668472587e-003 9.9999126479e-001 2.0061320554e-003
-4.3319893410e-002 -2.1631104343e-003 9.9905891107e-001
4.0809780007e-002 1.4642745431e-003 7.4048790008e-002
7.6004759562e+002 2.3715512422e-002 5.4756218588e-004
4.0162633157e-001 2.8887977818e-001 8.6904819403e-001
-2.3458473908e-001 9.4973737820e-001 -2.0728944169e-001
-8.8524928126e-001 -1.2061254581e-001 4.4920632655e-001
7.4235969162e-001 -2.3871578146e-001 -5.7309154353e-001
0 0 0
0 0 0
0 0 0
0 0 0
0 0 0
0 0 0
0 0 0
0 0 0
0 0 0
0 0 0
-3.1872709893e-002 2.7734164812e-003 -9.8800549722e-001
0 0 0
2 0 0 -26.1200 1.7700 1 0 -98.5900 -18.2400
-3.1867675593e-002 7.5523823230e-004 -9.8738714456e-001
0 0 0
2 0 1 -26.1200 0.2300 1 1 -98.6800 -19.8400
-3.1888464489e-002 -3.9836356413e-003 -9.8787933518e-001
0 0 0
2 0 2 -26.1500 -3.4600 1 2 -100.1000 -23.2000
-3.1475999740e-002 -1.1676854566e-002 -9.8797761700e-001
0 0 0
2 0 3 -25.8500 -9.4600 1 3 -101.7900 -28.8400
-2.8770787983e-002 -2.6451490191e-002 -9.8760303451e-001
0 0 0
2 0 4 -23.8100 -20.6700 1 4 -104.0000 -40.3800
-2.6731778959e-002 -3.7871326552e-002 -9.8638234611e-001
0 0 0
2 0 5 -22.2500 -29.6100 1 5 -105.0900 -49.2200
-2.1036572220e-002 -4.9185406790e-002 -9.8442251067e-001
0 0 0
2 0 6 -17.8500 -38.4100 1 6 -104.2500 -58.7000
-1.1429022492e-002 -6.0622637354e-002 -9.8075700139e-001
0 0 0
2 0 7 -10.3600 -47.4300 1 7 -100.8300 -69.0000
-3.0115237416e-003 -6.6712245618e-002 -9.7815113969e-001
0 0 0
2 0 8 -3.7600 -52.3200 1 8 -97.3200 -74.9100
3.8523939388e-003 -7.1747651314e-002 -9.7689537516e-001
0 0 0
2 0 9 1.6200 -56.5000 1 9 -95.0000 -79.3900
1.3932179895e-002 -7.7449754246e-002 -9.7620102687e-001
0 0 0
2 0 10 9.5000 -61.5000 1 10 -91.9000 -84.1900
2.0985049898e-002 -8.4423404995e-002 -9.7092945451e-001
0 0 0
2 0 11 15.2200 -66.7000 1 11 -87.7200 -91.5600
2.8203095191e-002 -9.0889543401e-002 -9.6897471373e-001
0 0 0
2 0 12 20.9600 -71.8900 1 12 -85.2900 -97.2900
3.3644826538e-002 -9.6877611885e-002 -9.6876910537e-001
0 0 0
2 0 13 25.2200 -76.7000 1 13 -84.4700 -102.0000
3.7407946979e-002 -1.0220812143e-001 -9.7098096818e-001
0 0 0
2 0 14 28.0000 -80.3800 1 14 -85.6700 -106.0000
3.7776311461e-002 -1.0576475883e-001 -9.7389149357e-001
0 0 0
2 0 15 28.0900 -83.0900 1 15 -88.0500 -107.7900
3.6224574883e-002 -1.0874295635e-001 -9.7802117707e-001
0 0 0
2 0 16 26.6100 -85.0000 1 16 -91.7900 -109.0000
3.0822743659e-002 -1.1069306238e-001 -9.8294893505e-001
0 0 0
2 0 17 22.1300 -86.1300 1 17 -97.2200 -108.9100
2.1490214048e-002 -1.1035002110e-001 -9.9364590751e-001
0 0 0
2 0 18 14.4000 -84.8800 1 18 -107.1600 -105.7900
1.2411417244e-002 -1.0835518430e-001 -1.0005674302e+000
0 0 0
2 0 19 7.1900 -82.8100 1 19 -114.4200 -102.1600
-4.8039309744e-004 -1.0435751154e-001 -1.0045301806e+000
0 0 0
2 0 20 -2.7100 -79.0000 1 20 -121.1600 -97.7900
-1.1977838635e-002 -1.0129532488e-001 -1.0105552791e+000
0 0 0
2 0 21 -11.5200 -76.4100 1 21 -128.7800 -93.0900
-2.4454816442e-002 -9.9400223121e-002 -1.0208556110e+000
0 0 0
2 0 22 -21.0000 -74.6100 1 22 -139.7400 -88.0400
-3.7201162232e-002 -9.9207372436e-002 -1.0247320740e+000
0 0 0
2 0 23 -30.5000 -74.0000 1 23 -147.6200 -86.0000
-5.6039944244e-002 -1.0124263421e-001 -1.0212935258e+000
0 0 0
2 0 24 -44.5400 -76.1500 1 24 -154.4300 -85.9100
-6.5537791992e-002 -1.0380651150e-001 -1.0222205138e+000
0 0 0
2 0 25 -51.6200 -77.5200 1 25 -160.1000 -87.1000
-8.3793706448e-002 -1.0829661149e-001 -1.0115747135e+000
0 0 0
2 0 26 -65.6400 -81.6100 1 26 -163.2900 -91.0000
-9.4759052538e-002 -1.1283013794e-001 -1.0000197806e+000
0 0 0
2 0 27 -74.4600 -86.2900 1 27 -162.4200 -95.7100
-1.0735584617e-001 -1.1784652070e-001 -9.8330710512e-001
0 0 0
2 0 28 -85.0700 -92.6100 1 28 -159.0000 -101.3900
-1.1716706779e-001 -1.2130235425e-001 -9.6855005948e-001
0 0 0
2 0 29 -93.7500 -95.7900 1 29 -155.2300 -107.5800
-1.2433929745e-001 -1.2318946185e-001 -9.5549154498e-001
0 0 0
2 0 30 -100.4500 -98.5900 1 30 -150.5700 -111.6400
-1.2915017550e-001 -1.2216684455e-001 -9.4201182257e-001
0 0 0
2 0 31 -105.4600 -99.3600 1 31 -143.4700 -113.4700
-1.3264656018e-001 -1.1859951367e-001 -9.3015277322e-001
0 0 0
2 0 32 -109.3900 -97.7400 1 32 -136.0000 -113.0000
-1.3464206827e-001 -1.1276063901e-001 -9.1265364337e-001
0 0 0
2 0 33 -112.7200 -94.8800 1 33 -123.0000 -112.0000
-1.3503550182e-001 -1.0799608148e-001 -8.9906586930e-001
0 0 0
2 0 34 -114.4100 -92.4400 1 34 -112.0900 -111.0600
-1.3530061261e-001 -1.0307712166e-001 -8.8413846349e-001
0 0 0
2 0 35 -116.1900 -89.5800 1 35 -100.0000 -110.6400
-1.3630638408e-001 -9.7618790066e-002 -8.6545715892e-001
0 0 0
2 0 36 -119.1100 -87.0000 1 36 -85.0300 -110.1700
-1.3698042184e-001 -9.4994760696e-002 -8.5155213709e-001
0 0 0
2 0 37 -121.3100 -86.0900 1 37 -74.0900 -111.3100
-1.3842292460e-001 -9.2269003108e-002 -8.4009935906e-001
0 0 0
2 0 38 -124.0000 -85.0000 1 38 -65.1500 -111.4700
-1.3778844648e-001 -8.7223871068e-002 -8.2982356315e-001
0 0 0
2 0 39 -124.6900 -80.5600 1 39 -55.6300 -110.4300
-1.3488345548e-001 -8.0805138877e-002 -8.1556037613e-001
0 0 0
2 0 40 -123.7100 -76.7400 1 40 -41.2300 -107.8000
-1.3124675382e-001 -7.5008253144e-002 -8.0544483010e-001
0 0 0
2 0 41 -121.4700 -72.2400 1 41 -30.0500 -105.4300
-1.2721278307e-001 -6.9738228982e-002 -7.9353223734e-001
0 0 0
2 0 42 -119.0000 -68.1500 1 42 -17.4200 -104.1800
-1.2169955073e-001 -6.3860026656e-002 -7.7683505382e-001
0 0 0
2 0 43 -115.5300 -64.0500 1 43 -0.0500 -103.4300
-1.1728533087e-001 -6.0176267143e-002 -7.6542514324e-001
0 0 0
2 0 44 -112.4000 -61.4000 1 44 12.0000 -103.3600
-1.1186676586e-001 -5.6285877420e-002 -7.5505874262e-001
0 0 0
2 0 45 -108.0000 -58.2500 1 45 23.5900 -103.0600
-1.0749979142e-001 -5.2886699126e-002 -7.4719381733e-001
0 0 0
2 0 46 -104.3000 -55.3300 1 46 32.5800 -102.4500
-1.0180855212e-001 -4.5954866784e-002 -7.3871463530e-001
0 0 0
2 0 47 -99.1500 -48.7700 1 47 43.4800 -98.7800
-9.6790308075e-002 -4.1804161186e-002 -7.3477138874e-001
0 0 0
2 0 48 -94.1700 -44.4300 1 48 49.4800 -96.7800
-9.1608478328e-002 -3.8277752790e-002 -7.3109331501e-001
0 0 0
2 0 49 -88.9200 -40.9800 1 49 55.1700 -95.0000
-8.6181318793e-002 -3.4740579321e-002 -7.2915701500e-001
0 0 0
2 0 50 -83.2100 -37.2300 1 50 59.3900 -93.0000
-7.7988997638e-002 -3.4218979300e-002 -7.2694333229e-001
0 0 0
2 0 51 -74.4900 -36.8300 1 51 63.8800 -94.0000
-7.2842941096e-002 -3.7439125442e-002 -7.2921225226e-001
0 0 0
2 0 52 -68.7800 -40.2000 1 52 62.7200 -96.8800
-6.5503127869e-002 -3.8931632450e-002 -7.3884761543e-001
0 0 0
2 0 53 -60.4000 -41.4000 1 53 56.6800 -96.5000
-5.9470371581e-002 -3.7460743355e-002 -7.4908934329e-001
0 0 0
2 0 54 -53.6100 -39.3200 1 54 50.6200 -93.4100
-5.3656929588e-002 -3.7768009394e-002 -7.6047675308e-001
0 0 0
2 0 55 -47.2400 -38.8500 1 55 43.2300 -91.8700
-5.0439451170e-002 -4.0206933407e-002 -7.7149294982e-001
0 0 0
2 0 56 -43.7200 -40.7200 1 56 35.0000 -91.7800
-5.0043306461e-002 -4.3794635677e-002 -7.8084718922e-001
0 0 0
2 0 57 -43.1600 -43.7800 1 57 27.0000 -92.7100
-5.2972726954e-002 -4.8076960305e-002 -7.8992368854e-001
0 0 0
2 0 58 -45.9100 -47.3800 1 58 18.0000 -94.0000
-5.5200182155e-002 -5.0599436061e-002 -7.9500029740e-001
0 0 0
2 0 59 -48.0000 -49.3700 1 59 12.7200 -94.8800
-5.8571561279e-002 -5.1739988396e-002 -7.9978988854e-001
0 0 0
2 0 60 -51.1700 -50.2800 1 60 7.6800 -94.2400
-6.3210624274e-002 -5.2098142965e-002 -8.0399095200e-001
0 0 0
2 0 61 -55.5500 -50.3300 1 61 2.8000 -93.0800
-6.6032212771e-002 -5.0921339366e-002 -8.0921020789e-001
0 0 0
2 0 62 -58.0800 -49.0000 1 62 -1.8100 -90.4200
-6.8698402073e-002 -4.7925053103e-002 -8.1334956109e-001
0 0 0
2 0 63 -60.4500 -46.3900 1 63 -5.0000 -86.1000
-6.9606561490e-002 -4.2825187643e-002 -8.1456173866e-001
0 0 0
2 0 64 -61.3100 -40.0900 1 64 -5.2800 -82.8800
-6.9167188154e-002 -3.5966332066e-002 -8.1825126643e-001
0 0 0
2 0 65 -60.6900 -34.0900 1 65 -6.0000 -75.6200
-6.8737863005e-002 -3.0438449461e-002 -8.2037682313e-001
0 0 0
2 0 66 -60.1700 -28.9700 1 66 -6.0000 -70.3800
-6.7192466083e-002 -2.5415902222e-002 -8.2187417837e-001
0 0 0
2 0 67 -58.6400 -24.0000 1 67 -5.3600 -66.2700
-4.2708108794e-002 -7.5601293614e-003 -8.8818414147e-001
0 0 0
2 0 68 -35.0000 -7.0000 1 68 -39.7000 -41.8500
-4.3800863357e-002 -8.9017367049e-003 -9.0183931867e-001
0 0 0
2 0 69 -35.8800 -7.7700 1 69 -49.8500 -40.4500
-6.1603052081e-002 -1.7151374757e-002 -9.3565580633e-001
0 0 0
2 0 70 -50.3100 -14.1200 1 70 -81.5600 -37.9200
-6.8925297152e-002 -2.1929416274e-002 -9.4273293828e-001
0 0 0
2 0 71 -56.1200 -18.0000 1 71 -90.4100 -39.0700
-7.8136066170e-002 -2.7002959397e-002 -9.4804553892e-001
0 0 0
2 0 72 -63.4500 -21.7600 1 72 -99.1200 -40.8300
-8.8755257794e-002 -3.1430641859e-002 -9.5208337434e-001
0 0 0
2 0 73 -71.8600 -25.5000 1 73 -107.4300 -41.6400
-1.0432164444e-001 -3.7698643386e-002 -9.5302871849e-001
0 0 0
2 0 74 -84.3800 -30.4800 1 74 -116.5900 -44.0700
-1.1582056290e-001 -4.0616172036e-002 -9.5424419374e-001
0 0 0
2 0 75 -93.5700 -32.8200 1 75 -123.4300 -44.3600
-1.2816796827e-001 -4.1781506615e-002 -9.5562948268e-001
0 0 0
2 0 76 -103.4100 -33.5500 1 76 -130.5200 -43.2200
-1.4441197045e-001 -4.2697916574e-002 -9.5521259939e-001
0 0 0
2 0 77 -116.5200 -34.2600 1 77 -138.3600 -41.4600
-1.5495467624e-001 -4.3071666913e-002 -9.5366885987e-001
0 0 0
2 0 78 -125.1800 -34.4300 1 78 -142.6800 -40.5000
-1.6401281061e-001 -4.3457914719e-002 -9.5017202034e-001
0 0 0
2 0 79 -132.8900 -34.8900 1 79 -144.9300 -40.0000
-1.7093440423e-001 -4.3193112398e-002 -9.4518140655e-001
0 0 0
2 0 80 -139.1100 -34.8900 1 80 -144.8800 -39.6000
-1.7623739640e-001 -4.1691588544e-002 -9.3521909036e-001
0 0 0
2 0 81 -144.7300 -34.0900 1 81 -140.0600 -39.4200
-1.7579487149e-001 -3.9796303417e-002 -9.2644071738e-001
0 0 0
2 0 82 -145.5500 -32.5900 1 82 -133.0000 -39.9200
-1.7052636290e-001 -3.5730463911e-002 -9.1825528609e-001
0 0 0
2 0 83 -142.2600 -29.0000 1 83 -123.3300 -39.4400
-1.1046637751e-001 -2.2485764206e-002 -8.8884198563e-001
0 0 0
2 0 84 -93.9500 -19.4300 1 84 -70.5900 -43.5500
-9.5386102092e-002 -2.2468170274e-002 -8.8903758559e-001
0 0 0
2 0 85 -80.8100 -19.5600 1 85 -64.4300 -45.7700
-8.1944959714e-002 -2.3043496723e-002 -8.8086137841e-001
0 0 0
2 0 86 -69.5300 -20.0500 1 86 -53.4000 -50.1700
-7.0173681205e-002 -2.2854540327e-002 -8.7460405474e-001
0 0 0
2 0 87 -59.4200 -20.0800 1 87 -44.3200 -53.0000
-6.0997743392e-002 -2.0662293099e-002 -8.6933490906e-001
0 0 0
2 0 88 -51.4300 -18.4300 1 88 -36.5300 -53.4700
-5.3801838656e-002 -1.4956368452e-002 -8.6513231058e-001
0 0 0
2 0 89 -45.0800 -13.5800 1 89 -29.4600 -50.6400
-5.0278655528e-002 -7.7119542863e-003 -8.6426558387e-001
0 0 0
2 0 90 -41.9200 -7.1100 1 90 -25.8100 -45.5800
-4.7534404307e-002 1.5763868438e-003 -8.6387122418e-001
0 0 0
2 0 91 -39.3600 0.0000 1 91 -21.9600 -37.4800
-4.4429936589e-002 9.6455278616e-003 -8.6408073392e-001
0 0 0
2 0 92 -36.6300 8.3900 1 92 -19.4100 -32.8100
-4.2183753565e-002 2.2327821678e-002 -8.6561809725e-001
0 0 0
2 0 93 -34.5800 19.8300 1 93 -16.7200 -23.1200
-4.0441248098e-002 3.0982779976e-002 -8.6463997105e-001
0 0 0
2 0 94 -33.0000 27.6100 1 94 -13.3800 -16.8800
-3.6349896161e-002 4.0249749822e-002 -8.6356277988e-001
0 0 0
2 0 95 -29.3100 35.9100 1 95 -9.0400 -10.6000
-3.0580097442e-002 4.5488645992e-002 -8.6332233584e-001
0 0 0
2 0 96 -24.1700 41.0300 1 96 -5.8700 -8.1300
-2.3955642476e-002 5.1639282057e-002 -8.5803092568e-001
0 0 0
2 0 97 -18.1000 46.3100 1 97 1.6000 -5.0000
-1.7168469947e-002 5.6615775515e-002 -8.5525871240e-001
0 0 0
2 0 98 -11.9200 51.0000 1 98 6.8300 -3.0000
-1.1502231688e-002 5.8574904444e-002 -8.5601978825e-001
0 0 0
2 0 99 -6.8200 52.6100 1 99 8.5500 -2.3600
-9.2628716753e-003 5.6055647667e-002 -8.6167122654e-001
0 0 0
2 0 100 -5.0000 50.0000 1 100 4.7400 -3.7800
-8.9401389495e-003 4.9483532896e-002 -8.6908939901e-001
0 0 0
2 0 101 -5.0000 44.0000 1 101 -1.8700 -7.8700
-8.6625457971e-003 3.9021857053e-002 -8.8175570091e-001
0 0 0
2 0 102 -5.2900 35.3800 1 102 -13.2000 -14.9200
-9.0849838831e-003 3.0695615965e-002 -8.8806064326e-001
0 0 0
2 0 103 -5.7700 26.6000 1 103 -19.0800 -18.6200
-9.3177886788e-003 1.7868729771e-002 -9.0206651534e-001
0 0 0
2 0 104 -6.4100 15.0000 1 104 -31.4100 -25.5200
-1.0069893363e-002 8.9018093961e-003 -9.1185609800e-001
0 0 0
2 0 105 -7.3600 7.3900 1 105 -40.2500 -30.5000
-1.0825551813e-002 -1.7749034728e-003 -9.2064655823e-001
0 0 0
2 0 106 -8.1800 -2.8800 1 106 -48.3900 -35.4400
-1.0425900465e-002 -1.1493250003e-002 -9.3187105357e-001
0 0 0
2 0 107 -8.2500 -9.6100 1 107 -58.1400 -42.0000
-9.4788356906e-003 -1.9269506839e-002 -9.4044181344e-001
0 0 0
2 0 108 -7.7200 -15.9000 1 108 -65.1000 -46.3000
-7.4218881655e-003 -2.7559135996e-002 -9.5108182908e-001
0 0 0
2 0 109 -6.3600 -22.5400 1 109 -73.0000 -50.6100
-6.0210746763e-003 -3.1467882578e-002 -9.5834994187e-001
0 0 0
2 0 110 -5.4600 -25.3600 1 110 -78.0000 -52.4700
-3.8421484554e-003 -3.5472036280e-002 -9.6459763252e-001
0 0 0
2 0 111 -3.9200 -28.4400 1 111 -82.0000 -54.4700
-1.1547797054e-003 -3.9783216223e-002 -9.7057145511e-001
0 0 0
2 0 112 -2.0000 -31.6200 1 112 -85.7000 -56.9000
1.4617513814e-003 -4.5364953918e-002 -9.7562935781e-001
0 0 0
2 0 113 -0.1300 -35.8700 1 113 -89.1000 -60.3000
4.4877616504e-003 -5.4165935208e-002 -9.8125513492e-001
0 0 0
2 0 114 2.0000 -42.3800 1 114 -93.4400 -66.1100
8.4193602058e-003 -6.2546790260e-002 -9.8426245405e-001
0 0 0
2 0 115 4.9100 -48.7800 1 115 -95.6700 -72.0000
1.3520233546e-002 -7.2713516975e-002 -9.8472373431e-001
0 0 0
2 0 116 8.8000 -56.5600 1 116 -96.3200 -79.8400
2.5939074534e-002 -8.5139228816e-002 -9.8218439943e-001
0 0 0
2 0 117 18.4800 -66.3800 1 117 -92.8600 -90.4300
3.6021800857e-002 -9.2264121520e-002 -9.7938682327e-001
0 0 0
2 0 118 26.4200 -72.0800 1 118 -89.0000 -97.0000
4.6502423835e-002 -9.6513452355e-002 -9.7542466343e-001
0 0 0
2 0 119 34.8000 -75.6700 1 119 -83.7100 -101.7100
5.6108745387e-002 -9.9535685835e-002 -9.7232228276e-001
0 0 0
2 0 120 42.5000 -78.5000 1 120 -79.0000 -105.0000
6.4225120196e-002 -1.0198411259e-001 -9.6881337115e-001
0 0 0
2 0 121 49.1100 -80.5200 1 121 -74.5900 -108.2400
7.4409405563e-002 -1.0475270541e-001 -9.6514984607e-001
0 0 0
2 0 122 57.4000 -83.0400 1 122 -69.4400 -111.6200
8.3276166219e-002 -1.0682194225e-001 -9.6235429245e-001
0 0 0
2 0 123 64.6200 -84.8500 1 123 -65.1900 -114.3100
9.2432743372e-002 -1.0864606529e-001 -9.5758056723e-001
0 0 0
2 0 124 72.3300 -86.5700 1 124 -59.6900 -117.3100
1.0581384183e-001 -1.1076474727e-001 -9.4930101730e-001
0 0 0
2 0 125 83.9000 -89.0300 1 125 -50.8300 -121.2800
1.1616505035e-001 -1.1004387488e-001 -9.4341839633e-001
0 0 0
2 0 126 92.9200 -89.0800 1 126 -43.8700 -122.5300
1.2896288809e-001 -1.0821519990e-001 -9.3633997844e-001
0 0 0
2 0 127 104.1900 -88.2300 1 127 -35.3300 -123.5300
1.3551455518e-001 -1.0723973883e-001 -9.3471926292e-001
0 0 0
2 0 128 109.7000 -87.7000 1 128 -32.1500 -123.4600
1.4551046007e-001 -1.0712034409e-001 -9.3448405869e-001
0 0 0
2 0 129 117.7400 -87.4800 1 129 -29.0000 -124.1700
1.4867564093e-001 -1.0830478819e-001 -9.3676850630e-001
0 0 0
2 0 130 119.8700 -88.1300 1 130 -29.6400 -124.7900
1.4869588820e-001 -1.1238436005e-001 -9.4235200000e-001
0 0 0
2 0 131 118.9100 -90.7800 1 131 -33.7100 -126.5000
1.4667128414e-001 -1.1640833822e-001 -9.5006839942e-001
0 0 0
2 0 132 116.0000 -93.1700 1 132 -39.6000 -127.6000
1.2152144206e-001 -1.2414421308e-001 -9.8734300513e-001
0 0 0
2 0 133 91.0400 -95.5000 1 133 -70.5000 -124.0000
1.1357151508e-001 -1.2550674584e-001 -9.9545702643e-001
0 0 0
2 0 134 84.0000 -96.0000 1 134 -78.0000 -122.5700
1.0028353848e-001 -1.2751446590e-001 -1.0042773086e+000
0 0 0
2 0 135 73.0000 -96.6100 1 135 -88.0000 -121.4300
9.2951828181e-002 -1.2816083882e-001 -1.0071455620e+000
0 0 0
2 0 136 67.2200 -96.9100 1 136 -92.3300 -120.7500
7.9139810568e-002 -1.2832168315e-001 -1.0135379028e+000
0 0 0
2 0 137 56.3200 -96.2400 1 137 -101.0000 -118.9000
6.5226440618e-002 -1.2603287022e-001 -1.0150571473e+000
0 0 0
2 0 138 45.8700 -94.1300 1 138 -106.5600 -116.3800
5.9054014688e-002 -1.2460084922e-001 -1.0201740401e+000
0 0 0
2 0 139 40.9100 -92.9100 1 139 -111.4400 -113.6200
4.7258844387e-002 -1.2056096350e-001 -1.0211676348e+000
0 0 0
2 0 140 32.1400 -90.0000 1 140 -115.6000 -109.6000
4.0580086674e-002 -1.1757290890e-001 -1.0208504219e+000
0 0 0
2 0 141 27.2300 -87.7700 1 141 -117.3500 -107.1200
3.5468930985e-002 -1.1329520428e-001 -1.0189490042e+000
0 0 0
2 0 142 23.5700 -84.8600 1 142 -117.2700 -104.0000
3.0745446624e-002 -1.0424467627e-001 -1.0152866334e+000
0 0 0
2 0 143 20.2900 -78.5000 1 143 -114.9400 -97.8900
2.7717479602e-002 -9.6690672815e-002 -1.0126818669e+000
0 0 0
2 0 144 18.1900 -73.0500 1 144 -112.9000 -92.8100
2.3101569786e-002 -8.8230516872e-002 -1.0096279298e+000
0 0 0
2 0 145 14.9100 -66.9100 1 145 -111.0000 -87.0000
1.7910501088e-002 -7.9680134884e-002 -1.0067937588e+000
0 0 0
2 0 146 11.1700 -60.8800 1 146 -109.3700 -80.7400
1.1078225695e-002 -6.8212929731e-002 -1.0051411470e+000
0 0 0
2 0 147 6.1200 -52.3300 1 147 -108.4500 -72.1500
5.8214803612e-003 -6.0097734500e-002 -1.0040244159e+000
0 0 0
2 0 148 2.2100 -46.2100 1 148 -108.0000 -66.0000
1.7430980401e-004 -5.2142954635e-002 -1.0025377875e+000
0 0 0
2 0 149 -2.0000 -40.1400 1 149 -107.5300 -60.0000
-6.2149055555e-003 -4.3295271947e-002 -1.0016735331e+000
0 0 0
2 0 150 -6.8000 -33.4400 1 150 -107.5000 -53.0000
-1.4562036002e-002 -3.2070165487e-002 -1.0005285378e+000
0 0 0
2 0 151 -13.0900 -24.9100 1 151 -107.5300 -44.0000
-2.0118217948e-002 -2.3727271687e-002 -9.9897025804e-001
0 0 0
2 0 152 -17.2700 -18.6500 1 152 -106.8400 -37.3700
-2.5239264495e-002 -1.3137734765e-002 -9.9686004606e-001
0 0 0
2 0 153 -21.1200 -10.6700 1 153 -105.1000 -29.1900
-2.9529241661e-002 -6.7267020717e-003 -9.9733026254e-001
0 0 0
2 0 154 -24.4000 -5.5200 1 154 -105.6700 -24.0000
-3.0838474134e-002 -3.2878441113e-003 -9.9836450780e-001
0 0 0
2 0 155 -25.3900 -3.0000 1 155 -106.0000 -21.0000
-3.1644625817e-002 -2.1216959730e-003 -9.9829578298e-001
0 0 0
2 0 156 -26.0000 -2.1400 1 156 -106.0000 -20.0000
