# Bundle file v0.3
4 78
7.6800000000e+002 0.0000000000e+000 0.0000000000e+000
1.0000000000e+000 0.0000000000e+000 0.0000000000e+000
0.0000000000e+000 1.0000000000e+000 0.0000000000e+000
0.0000000000e+000 0.0000000000e+000 1.0000000000e+000
-0.0000000000e+000 -0.0000000000e+000 -0.0000000000e+000
7.6800000000e+002 0.0000000000e+000 0.0000000000e+000
2.3326767747e-001 3.4025192455e-001 9.1094172069e-001
-3.7225509166e-001 8.9667126169e-001 -2.3959715189e-001
-8.9833865406e-001 -2.8321242258e-001 3.3582493402e-001
8.3588070145e-001 -1.9032009417e-001 -5.1486086926e-001
0 0 0
0 0 0
0 0 0
0 0 0
0 0 0
0 0 0
0 0 0
0 0 0
0 0 0
0 0 0
1.9174741884e-001 -5.9769592768e-002 -8.1091378201e-001
0 0 0
2 0 0 181.6300 -56.7300 1 0 99.0900 -98.4500
2.0296225499e-001 -6.6575375891e-002 -8.1655583769e-001
0 0 0
2 0 1 190.8800 -62.5600 1 1 94.1100 -104.8200
1.9905167512e-001 -6.6449376347e-002 -8.1657833682e-001
0 0 0
2 0 2 186.8600 -61.0100 1 2 93.4700 -105.6200
1.9874659034e-001 -6.4432762194e-002 -8.1437239702e-001
0 0 0
2 0 3 187.5400 -61.2300 1 3 96.0000 -102.2300
1.9521226520e-001 -6.1448159658e-002 -8.1273299075e-001
0 0 0
2 0 4 184.8700 -59.7400 1 4 97.8900 -98.1900
1.9275534083e-001 -6.0650053568e-002 -8.1349652077e-001
0 0 0
2 0 5 182.2800 -58.5200 1 5 97.1800 -97.3900
1.8161071306e-001 -6.3977178758e-002 -8.1590224762e-001
0 0 0
2 0 6 171.1000 -60.8500 1 6 93.2400 -97.7900
1.7011355026e-001 -6.8545299562e-002 -8.2051531050e-001
0 0 0
2 0 7 159.3800 -64.8000 1 7 87.2400 -97.7900
1.4970992502e-001 -7.5881786132e-002 -8.2353956799e-001
0 0 0
2 0 8 139.5600 -70.5400 1 8 80.4500 -99.4100
1.3522121181e-001 -8.3306290386e-002 -8.2226715372e-001
0 0 0
2 0 9 126.2200 -77.4800 1 9 77.7400 -102.6100
1.2061436063e-001 -9.1045890235e-002 -8.1788795942e-001
0 0 0
2 0 10 113.2200 -85.3300 1 10 77.4600 -106.6400
1.0858817558e-001 -9.3465691219e-002 -8.1176491966e-001
0 0 0
2 0 11 102.7300 -88.4100 1 11 80.4500 -107.4100
9.6250211900e-002 -9.0618601881e-002 -8.0391683443e-001
0 0 0
2 0 12 91.9500 -86.5700 1 12 86.4400 -104.2500
8.5763909326e-002 -8.1574358553e-002 -7.9745513691e-001
0 0 0
2 0 13 82.6300 -78.7000 1 13 93.3800 -95.6200
7.9594016204e-002 -7.0056435994e-002 -7.9101165793e-001
0 0 0
2 0 14 77.3200 -68.1800 1 14 101.5900 -85.8800
7.3981357615e-002 -5.5016883686e-002 -7.8421750628e-001
0 0 0
2 0 15 72.7300 -54.9000 1 15 111.4000 -72.3500
7.2879698217e-002 -3.9525771464e-002 -7.8028668051e-001
0 0 0
2 0 16 71.7600 -39.0000 1 16 118.8800 -60.8200
7.3355863467e-002 -2.4403638820e-002 -7.7594592563e-001
0 0 0
2 0 17 72.6400 -24.2700 1 17 126.9000 -49.2000
7.3911536104e-002 -1.4122015508e-002 -7.7547296381e-001
0 0 0
2 0 18 73.2100 -14.0200 1 18 130.1100 -40.9400
7.4703749624e-002 -8.1673997544e-003 -7.7992870745e-001
0 0 0
2 0 19 73.5700 -8.0700 1 19 127.8200 -35.1800
7.5782695851e-002 -9.6101580579e-003 -7.9231742267e-001
0 0 0
2 0 20 73.2700 -8.7300 1 20 116.5000 -34.5000
7.6996317201e-002 -1.6663351066e-002 -8.0328626951e-001
0 0 0
2 0 21 73.4700 -15.4700 1 21 105.2000 -38.0000
7.7948891494e-002 -2.7333086683e-002 -8.1335146742e-001
0 0 0
2 0 22 73.4700 -25.3700 1 22 93.7000 -44.7000
7.8312011354e-002 -3.6068163688e-002 -8.1962865810e-001
0 0 0
2 0 23 72.7900 -31.7900 1 23 85.6000 -52.2000
7.7050252788e-002 -5.2594399743e-002 -8.2275656177e-001
0 0 0
2 0 24 71.8100 -48.6900 1 24 78.4700 -63.1300
7.6662482298e-002 -6.5173788561e-002 -8.2331650505e-001
0 0 0
2 0 25 71.4200 -60.4500 1 25 74.3800 -73.3800
7.7973660397e-002 -7.8191782322e-002 -8.2252376137e-001
0 0 0
2 0 26 72.7800 -72.9100 1 26 71.5600 -84.6700
7.9728001884e-002 -8.9419890135e-002 -8.2166779788e-001
0 0 0
2 0 27 74.4700 -83.3700 1 27 69.2900 -95.0000
8.1126273943e-002 -9.8294614697e-002 -8.1951187129e-001
0 0 0
2 0 28 76.0000 -92.0000 1 28 68.8000 -103.4000
8.4748847611e-002 -1.0806377870e-001 -8.1721893379e-001
0 0 0
2 0 29 79.6700 -101.6700 1 29 68.5000 -113.0000
8.7883576720e-002 -1.1858060794e-001 -8.1437728059e-001
0 0 0
2 0 30 82.8100 -111.5000 1 30 68.2900 -124.0000
1.0302270253e-001 -1.4120653587e-001 -8.0836719118e-001
0 0 0
2 0 31 97.8900 -134.2200 1 31 69.1200 -147.8800
1.0335082751e-001 -1.4327001580e-001 -8.0974698881e-001
0 0 0
2 0 32 98.0000 -135.7600 1 32 67.3600 -149.5500
9.9427397907e-002 -1.4241873926e-001 -8.1625068473e-001
0 0 0
2 0 33 93.5500 -134.0000 1 33 61.4600 -146.1500
9.3286050740e-002 -1.3878840989e-001 -8.2316122917e-001
0 0 0
2 0 34 87.0600 -129.6200 1 34 55.6700 -139.7800
7.8506593436e-002 -1.2847129128e-001 -8.3804202812e-001
0 0 0
2 0 35 72.0000 -118.0000 1 35 43.5700 -123.6100
6.3046149787e-002 -1.1673905356e-001 -8.5204953719e-001
0 0 0
2 0 36 57.0000 -106.0000 1 36 32.4300 -105.7100
5.6452808451e-002 -1.0978510208e-001 -8.5490658040e-001
0 0 0
2 0 37 50.7800 -98.9100 1 37 30.8200 -97.8200
5.1352658724e-002 -1.0233693293e-001 -8.5736612827e-001
0 0 0
2 0 38 46.0000 -91.6700 1 38 30.0000 -89.7100
4.7896153341e-002 -9.6081939422e-002 -8.5885351114e-001
0 0 0
2 0 39 42.8300 -85.9200 1 39 30.0000 -83.0000
4.5427605144e-002 -8.9473948689e-002 -8.5896460580e-001
0 0 0
2 0 40 40.6400 -80.0900 1 40 31.5000 -76.5000
4.4342410052e-002 -8.4741428763e-002 -8.5688617987e-001
0 0 0
2 0 41 39.6700 -75.6700 1 41 34.5000 -73.0000
4.1585215813e-002 -8.2131145617e-002 -8.5093473782e-001
0 0 0
2 0 42 37.4600 -73.8500 1 42 40.0000 -71.5000
4.1516696796e-002 -8.0064820727e-002 -8.4539090702e-001
0 0 0
2 0 43 37.6700 -72.5600 1 43 45.5000 -71.0000
4.0454727614e-002 -7.7613684198e-002 -8.3866444393e-001
0 0 0
2 0 44 37.0000 -70.9000 1 44 52.0000 -70.2900
4.0341687156e-002 -7.3772623197e-002 -8.3202943915e-001
0 0 0
2 0 45 37.1500 -67.7700 1 45 59.0000 -68.7500
3.9712631573e-002 -6.0647572474e-002 -8.1577474688e-001
0 0 0
2 0 46 37.5000 -57.5000 1 46 77.5000 -60.5000
3.8449327228e-002 -5.3536500579e-002 -8.0718946404e-001
0 0 0
2 0 47 36.4400 -50.4400 1 47 87.0000 -57.0000
3.8839987590e-002 -3.7862479400e-002 -7.8697067763e-001
0 0 0
2 0 48 37.7500 -36.4400 1 48 110.0000 -48.5000
4.0755365306e-002 -2.5888651595e-002 -7.7428469909e-001
0 0 0
2 0 49 40.4000 -25.6000 1 49 125.3300 -41.3300
4.5387657725e-002 -1.1189900044e-002 -7.6251032878e-001
0 0 0
2 0 50 45.7600 -11.4100 1 50 140.6700 -32.6700
5.1332659802e-002 7.7081545310e-004 -7.5521937646e-001
0 0 0
2 0 51 52.2600 0.6100 1 51 151.0000 -26.0000
5.8816403472e-002 1.2298916120e-002 -7.4869700498e-001
0 0 0
2 0 52 60.3800 12.4800 1 52 160.4000 -20.2000
8.8089842657e-002 -4.4310442524e-002 -8.0739356055e-001
0 0 0
2 0 53 83.7500 -42.0000 1 53 95.3300 -62.6700
1.4224039095e-001 -9.4167933354e-002 -8.2486252625e-001
0 0 0
2 0 54 132.4000 -87.5200 1 54 73.6100 -112.0400
1.4577776321e-001 -9.3174273924e-002 -8.2372194800e-001
0 0 0
2 0 55 135.8200 -86.4400 1 55 75.2000 -112.5600
1.4729422841e-001 -9.2568934102e-002 -8.2323207661e-001
0 0 0
2 0 56 137.3900 -86.2600 1 56 76.0000 -112.1400
1.4575899105e-001 -9.2706983082e-002 -8.2308334837e-001
0 0 0
2 0 57 135.9500 -86.2600 1 57 75.8700 -112.1300
1.3839151374e-001 -9.2942991752e-002 -8.2414130433e-001
0 0 0
2 0 58 128.9300 -86.4600 1 58 74.0400 -110.4200
1.2762814726e-001 -9.2390300020e-002 -8.2318813720e-001
0 0 0
2 0 59 118.9700 -85.7500 1 59 73.5500 -108.2400
1.1501811392e-001 -8.8904970881e-002 -8.2104147477e-001
0 0 0
2 0 60 107.6200 -83.3000 1 60 74.7600 -102.5200
1.0065954596e-001 -8.1103973883e-002 -8.1667576916e-001
0 0 0
2 0 61 94.6600 -76.2700 1 61 78.7400 -94.0000
8.9955976910e-002 -7.1189156069e-002 -8.1083137167e-001
0 0 0
2 0 62 85.2300 -67.5300 1 62 85.1900 -84.4700
8.0823708434e-002 -5.8888536946e-002 -8.0334509088e-001
0 0 0
2 0 63 77.5400 -57.3100 1 63 94.2100 -72.6800
7.3607705690e-002 -4.5415227821e-002 -7.9631548846e-001
0 0 0
2 0 64 71.0300 -43.9400 1 64 103.1600 -62.0300
7.0553109865e-002 -3.0176399031e-002 -7.8566961939e-001
0 0 0
2 0 65 69.0000 -29.6100 1 65 116.4600 -50.9200
7.0713997311e-002 -1.8630421622e-002 -7.7760211395e-001
0 0 0
2 0 66 69.8500 -18.4300 1 66 126.7600 -43.2700
7.2273536837e-002 -6.6713405529e-003 -7.6757464176e-001
0 0 0
2 0 67 72.3700 -6.8500 1 67 139.0500 -35.9200
7.5604060121e-002 1.2329556949e-003 -7.5564969012e-001
0 0 0
2 0 68 76.9000 1.0700 1 68 152.0000 -33.1100
8.0685334733e-002 3.9983536993e-003 -7.4532506804e-001
0 0 0
2 0 69 83.1400 4.1200 1 69 162.1700 -34.9700
8.3237740765e-002 -1.1104596096e-003 -7.4677947287e-001
0 0 0
2 0 70 85.5700 -1.0400 1 70 159.6300 -39.7700
8.3020403401e-002 -1.0168569567e-002 -7.5339458361e-001
0 0 0
2 0 71 84.5400 -10.0800 1 71 151.3100 -45.9100
8.2857510178e-002 -2.6526602157e-002 -7.6558037133e-001
0 0 0
2 0 72 83.0000 -26.2100 1 72 136.1200 -56.7700
8.4934936436e-002 -4.2724687514e-002 -7.7577725379e-001
0 0 0
2 0 73 84.0000 -42.0000 1 73 122.9400 -68.3600
8.8836322890e-002 -5.8774344155e-002 -7.8537241930e-001
0 0 0
2 0 74 86.7800 -57.1300 1 74 110.4900 -80.5900
9.3148604679e-002 -7.0013692165e-002 -7.9244765116e-001
0 0 0
2 0 75 90.3500 -68.1500 1 75 101.7900 -88.6800
9.7843693497e-002 -7.7158487778e-002 -7.9848399073e-001
0 0 0
2 0 76 93.9600 -73.6100 1 76 94.9400 -95.2800
1.0437795120e-001 -8.1070131817e-002 -8.0318754456e-001
0 0 0
2 0 77 99.8200 -77.5800 1 77 90.6800 -98.1800
