# Bundle file v0.3
4 78
6.4354957384e+002 7.8793250397e-002 2.5615558217e-002
9.5636181980e-001 -7.7411324313e-002 2.8174377809e-001
6.4625491151e-002 9.9642524320e-001 5.4408460892e-002
-2.8494844362e-001 -3.3826344633e-002 9.5794580373e-001
2.3722949756e-001 3.1013033418e-002 6.4466695424e-002
6.0395114747e+002 -3.6142550665e-002 -6.3866026078e-003
4.1877648744e-001 3.5120639997e-001 8.3742481345e-001
-3.0625925506e-001 9.2277821949e-001 -2.3384958054e-001
-8.5488684763e-001 -1.5853839361e-001 4.9399803187e-001
7.6801934390e-001 -2.0057177677e-001 -2.5973427862e-001
5.6761056931e+002 -1.5364356867e-002 -4.7445767860e-004
-3.7011914932e-001 -3.5391731872e-001 -8.5892627554e-001
6.3656038146e-001 5.7678825291e-001 -5.1196307685e-001
6.7661118530e-001 -7.3624577609e-001 1.1809365904e-002
-6.3386764158e-001 -4.8639298519e-001 -7.2400948111e-001
4.6464914432e+002 -2.3050638920e-001 -1.0361903632e-001
-9.1585214200e-001 5.2614483326e-002 -3.9805347649e-001
3.6558683591e-001 5.1918032019e-001 -7.7252706136e-001
1.6601541919e-001 -8.5304367489e-001 -4.9472757081e-001
-3.0416728663e-001 -6.3031274755e-001 -9.4964831660e-001
2.2998353820e-001 -7.0805073500e-002 -8.3601458836e-001
0 0 0
4 0 0 181.6300 -56.7300 1 0 99.0900 -98.4500 2 0 26.0600 50.6400 3 0 -189.3400 63.4400
2.3314272464e-001 -7.7801153510e-002 -8.3497459425e-001
0 0 0
4 0 1 190.8800 -62.5600 1 1 94.1100 -104.8200 2 1 25.5700 48.5400 3 1 -190.4400 61.1600
2.3177396146e-001 -7.7540372845e-002 -8.3518480880e-001
0 0 0
4 0 2 186.8600 -61.0100 1 2 93.4700 -105.6200 2 2 25.4400 47.9800 3 2 -190.9800 60.4900
2.3115527924e-001 -7.5698797403e-002 -8.3473900446e-001
0 0 0
4 0 3 187.5400 -61.2300 1 3 96.0000 -102.2300 2 3 25.7300 48.0500 3 3 -189.5400 60.9000
2.2969672339e-001 -7.2586936103e-002 -8.3651805804e-001
0 0 0
4 0 4 184.8700 -59.7400 1 4 97.8900 -98.1900 2 4 27.8600 49.5800 3 4 -187.3600 63.3500
2.2815557657e-001 -7.1547001926e-002 -8.3761984768e-001
0 0 0
4 0 5 182.2800 -58.5200 1 5 97.1800 -97.3900 2 5 28.9000 49.6200 3 5 -186.0100 64.0500
2.1479360280e-001 -7.3770269257e-002 -8.3886164239e-001
0 0 0
4 0 6 171.1000 -60.8500 1 6 93.2400 -97.7900 2 6 35.4800 39.6300 3 6 -175.0800 59.1300
1.9740065431e-001 -7.8131763345e-002 -8.4105571417e-001
0 0 0
4 0 7 159.3800 -64.8000 1 7 87.2400 -97.7900 2 7 46.2200 24.7800 3 7 -160.0400 53.1500
1.7229000140e-001 -8.2701575270e-002 -8.4059066938e-001
0 0 0
4 0 8 139.5600 -70.5400 1 8 80.4500 -99.4100 2 8 54.8500 6.6200 3 8 -138.1500 40.3800
1.4966371170e-001 -8.8770103148e-002 -8.3469079809e-001
0 0 0
4 0 9 126.2200 -77.4800 1 9 77.7400 -102.6100 2 9 59.4500 -14.6600 3 9 -119.2500 24.0900
1.2686368621e-001 -9.5005776962e-002 -8.2507853376e-001
0 0 0
4 0 10 113.2200 -85.3300 1 10 77.4600 -106.6400 2 10 60.7100 -37.3400 3 10 -101.4400 4.5400
1.0616873136e-001 -9.5463718139e-002 -8.1321881103e-001
0 0 0
4 0 11 102.7300 -88.4100 1 11 80.4500 -107.4100 2 11 57.3100 -53.9100 3 11 -84.0900 -14.2000
8.9049518389e-002 -9.0524416877e-002 -8.0144802318e-001
0 0 0
4 0 12 91.9500 -86.5700 1 12 86.4400 -104.2500 2 12 50.1800 -67.0600 3 12 -71.5500 -25.2700
7.4120611638e-002 -7.9544477062e-002 -7.9143734380e-001
0 0 0
4 0 13 82.6300 -78.7000 1 13 93.3800 -95.6200 2 13 42.4700 -72.6700 3 13 -59.3100 -31.8800
6.5088161659e-002 -6.6652325872e-002 -7.8271777242e-001
0 0 0
4 0 14 77.3200 -68.1800 1 14 101.5900 -85.8800 2 14 33.6200 -73.4400 3 14 -52.2100 -33.9500
5.8045490127e-002 -5.0014460164e-002 -7.7490972405e-001
0 0 0
4 0 15 72.7300 -54.9000 1 15 111.4000 -72.3500 2 15 23.7900 -70.0500 3 15 -46.2900 -32.5000
5.6258326320e-002 -3.3831182510e-002 -7.6981648505e-001
0 0 0
4 0 16 71.7600 -39.0000 1 16 118.8800 -60.8200 2 16 14.7900 -63.6400 3 16 -44.2500 -28.6700
5.6579462371e-002 -1.8658147759e-002 -7.6589338651e-001
0 0 0
4 0 17 72.6400 -24.2700 1 17 126.9000 -49.2000 2 17 8.1000 -57.5000 3 17 -44.1200 -23.5000
5.9072600195e-002 -7.7644835042e-003 -7.6656186872e-001
0 0 0
4 0 18 73.2100 -14.0200 1 18 130.1100 -40.9400 2 18 4.3300 -50.0000 3 18 -44.7900 -16.9500
6.2221602061e-002 -1.7480144258e-003 -7.7199672419e-001
0 0 0
4 0 19 73.5700 -8.0700 1 19 127.8200 -35.1800 2 19 5.8800 -43.5000 3 19 -45.5000 -10.0000
6.7188482520e-002 -2.8052217747e-003 -7.8558313803e-001
0 0 0
4 0 20 73.2700 -8.7300 1 20 116.5000 -34.5000 2 20 13.2900 -36.5000 3 20 -45.1800 0.1800
7.3305015849e-002 -9.7979997544e-003 -8.0063530637e-001
0 0 0
4 0 21 73.4700 -15.4700 1 21 105.2000 -38.0000 2 21 25.3600 -29.9100 3 21 -46.1800 8.8200
7.7849039654e-002 -2.0898162874e-002 -8.1341680941e-001
0 0 0
4 0 22 73.4700 -25.3700 1 22 93.7000 -44.7000 2 22 37.1800 -27.8200 3 22 -47.3800 14.3800
7.8307509114e-002 -3.0657804219e-002 -8.1969769184e-001
0 0 0
4 0 23 72.7900 -31.7900 1 23 85.6000 -52.2000 2 23 45.6000 -30.2000 3 23 -47.0000 14.0000
7.7610377945e-002 -4.7687942296e-002 -8.2356303963e-001
0 0 0
4 0 24 71.8100 -48.6900 1 24 78.4700 -63.1300 2 24 54.2900 -37.5000 3 24 -47.3300 9.0000
7.5626732273e-002 -6.1410788702e-002 -8.2345240553e-001
0 0 0
4 0 25 71.4200 -60.4500 1 25 74.3800 -73.3800 2 25 60.2300 -47.1500 3 25 -47.6700 2.0000
7.5523418182e-002 -7.5059198921e-002 -8.2199472234e-001
0 0 0
4 0 26 72.7800 -72.9100 1 26 71.5600 -84.6700 2 26 64.0000 -54.8000 3 26 -49.5000 -6.5000
7.6181002836e-002 -8.6871367492e-002 -8.2071023957e-001
0 0 0
4 0 27 74.4700 -83.3700 1 27 69.2900 -95.0000 2 27 67.0000 -62.0000 3 27 -52.0000 -13.2000
7.5402469630e-002 -9.6690271029e-002 -8.1704109550e-001
0 0 0
4 0 28 76.0000 -92.0000 1 28 68.8000 -103.4000 2 28 68.5000 -70.5000 3 28 -54.2900 -22.0000
7.6844375706e-002 -1.0796492481e-001 -8.1348914382e-001
0 0 0
4 0 29 79.6700 -101.6700 1 29 68.5000 -113.0000 2 29 70.5000 -79.0000 3 29 -59.0000 -31.2500
7.9181311976e-002 -1.1891722401e-001 -8.1057409857e-001
0 0 0
4 0 30 82.8100 -111.5000 1 30 68.2900 -124.0000 2 30 71.5000 -86.0000 3 30 -64.0000 -38.8000
9.1740304024e-002 -1.4490009907e-001 -8.0350068960e-001
0 0 0
3 0 31 97.8900 -134.2200 1 31 69.1200 -147.8800 2 31 73.4000 -100.8000
9.2650570226e-002 -1.4731363808e-001 -8.0552954342e-001
0 0 0
3 0 32 98.0000 -135.7600 1 32 67.3600 -149.5500 2 32 76.2000 -101.0000
9.0654512591e-002 -1.4615585982e-001 -8.1298478936e-001
0 0 0
3 0 33 93.5500 -134.0000 1 33 61.4600 -146.1500 2 33 82.6000 -97.4000
8.7412669360e-002 -1.4193506678e-001 -8.2226553613e-001
0 0 0
4 0 34 87.0600 -129.6200 1 34 55.6700 -139.7800 2 34 90.0000 -91.0000 3 34 -72.8200 -41.8200
7.6506642023e-002 -1.2908958461e-001 -8.3965248806e-001
0 0 0
4 0 35 72.0000 -118.0000 1 35 43.5700 -123.6100 2 35 101.1200 -79.3300 3 35 -51.9200 -23.0000
6.4433249294e-002 -1.1507224236e-001 -8.5461119742e-001
0 0 0
4 0 36 57.0000 -106.0000 1 36 32.4300 -105.7100 2 36 109.5000 -70.0000 3 36 -32.0000 -6.8000
5.9509047885e-002 -1.0682289610e-001 -8.5803959456e-001
0 0 0
4 0 37 50.7800 -98.9100 1 37 30.8200 -97.8200 2 37 109.7500 -65.3300 3 37 -25.1300 -1.5300
5.5343183591e-002 -9.8133043618e-002 -8.6062973088e-001
0 0 0
4 0 38 46.0000 -91.6700 1 38 30.0000 -89.7100 2 38 108.7100 -61.0000 3 38 -19.1800 3.8200
5.2533045200e-002 -9.0943123517e-002 -8.6228160286e-001
0 0 0
4 0 39 42.8300 -85.9200 1 39 30.0000 -83.0000 2 39 107.4300 -57.2900 3 39 -15.1200 7.8800
5.0197408048e-002 -8.3382831896e-002 -8.6223379981e-001
0 0 0
4 0 40 40.6400 -80.0900 1 40 31.5000 -76.5000 2 40 104.4000 -54.2000 3 40 -12.1200 11.1200
4.7429203542e-002 -7.8191806139e-002 -8.5888174240e-001
0 0 0
4 0 41 39.6700 -75.6700 1 41 34.5000 -73.0000 2 41 100.3300 -54.3300 3 41 -10.0000 10.0000
4.3324892456e-002 -7.4788023095e-002 -8.5152438153e-001
0 0 0
4 0 42 37.4600 -73.8500 1 42 40.0000 -71.5000 2 42 94.2000 -57.6000 3 42 -9.2000 4.6000
4.0645588980e-002 -7.2622479618e-002 -8.4399939273e-001
0 0 0
4 0 43 37.6700 -72.5600 1 43 45.5000 -71.0000 2 43 88.5000 -61.0000 3 43 -9.3300 -1.3300
3.7241494415e-002 -6.9771507592e-002 -8.3492297618e-001
0 0 0
4 0 44 37.0000 -70.9000 1 44 52.0000 -70.2900 2 44 81.1700 -65.1700 3 44 -9.8800 -7.8800
3.4533711743e-002 -6.5668509591e-002 -8.2658712276e-001
0 0 0
4 0 45 37.1500 -67.7700 1 45 59.0000 -68.7500 2 45 74.2000 -67.6000 3 45 -10.0000 -13.0000
2.8005913529e-002 -5.1850214352e-002 -8.0648541382e-001
0 0 0
4 0 46 37.5000 -57.5000 1 46 77.5000 -60.5000 2 46 56.0000 -71.7500 3 46 -10.0000 -22.0000
2.3908121954e-002 -4.4362580153e-002 -7.9489649426e-001
0 0 0
4 0 47 36.4400 -50.4400 1 47 87.0000 -57.0000 2 47 45.3300 -74.6700 3 47 -10.6700 -27.3300
1.8632273264e-002 -2.8720611908e-002 -7.7138656487e-001
0 0 0
4 0 48 37.7500 -36.4400 1 48 110.0000 -48.5000 2 48 25.0000 -78.0000 3 48 -13.5000 -36.5000
1.7991818611e-002 -1.7119602397e-002 -7.5843911224e-001
0 0 0
4 0 49 40.4000 -25.6000 1 49 125.3300 -41.3300 2 49 13.5000 -77.0000 3 49 -16.5000 -39.0000
2.0712112138e-002 -3.0983812087e-003 -7.4662786683e-001
0 0 0
4 0 50 45.7600 -11.4100 1 50 140.6700 -32.6700 2 50 1.0000 -73.0000 3 50 -21.3300 -38.6700
2.5226587815e-002 8.1567418092e-003 -7.3935132129e-001
0 0 0
4 0 51 52.2600 0.6100 1 51 151.0000 -26.0000 2 51 -8.5000 -68.1200 3 51 -25.1200 -36.5000
3.2784370667e-002 1.8873883073e-002 -7.3327880495e-001
0 0 0
4 0 52 60.3800 12.4800 1 52 160.4000 -20.2000 2 52 -17.8300 -62.1700 3 52 -32.0000 -33.0000
8.4113826986e-002 -4.0593084281e-002 -8.0557455676e-001
0 0 0
4 0 53 83.7500 -42.0000 1 53 95.3300 -62.6700 2 53 36.6700 -38.6700 3 53 -57.3300 1.3300
1.5924963640e-001 -1.0202315706e-001 -8.3960183809e-001
0 0 0
4 0 54 132.4000 -87.5200 1 54 73.6100 -112.0400 2 54 66.9500 -13.9300 3 54 -131.2500 25.1500
1.6361500709e-001 -1.0132151882e-001 -8.3865620746e-001
0 0 0
4 0 55 135.8200 -86.4400 1 55 75.2000 -112.5600 2 55 64.2800 -11.0800 3 55 -135.6500 26.3300
1.6550443889e-001 -1.0106893365e-001 -8.3840692587e-001
0 0 0
4 0 56 137.3900 -86.2600 1 56 76.0000 -112.1400 2 56 63.5300 -10.0500 3 56 -137.6700 27.0000
1.6429252205e-001 -1.0096643094e-001 -8.3843667066e-001
0 0 0
4 0 57 135.9500 -86.2600 1 57 75.8700 -112.1300 2 57 63.7700 -10.6800 3 57 -136.6500 26.6700
1.5372493984e-001 -1.0008564353e-001 -8.3736452299e-001
0 0 0
4 0 58 128.9300 -86.4600 1 58 74.0400 -110.4200 2 58 65.6200 -17.6000 3 58 -125.9800 22.0800
1.3858642290e-001 -9.7608371229e-002 -8.3366463197e-001
0 0 0
4 0 59 118.9700 -85.7500 1 59 73.5500 -108.2400 2 59 65.7100 -27.2600 3 59 -111.0000 14.4800
1.2135263871e-001 -9.1894039145e-002 -8.2811193555e-001
0 0 0
4 0 60 107.6200 -83.3000 1 60 74.7600 -102.5200 2 60 63.5100 -36.9000 3 60 -94.3900 6.3900
1.0162145275e-001 -8.1311250725e-002 -8.1952025000e-001
0 0 0
4 0 61 94.6600 -76.2700 1 61 78.7400 -94.0000 2 61 57.6500 -45.9200 3 61 -75.9500 -2.1300
8.6370077205e-002 -6.9311250389e-002 -8.0993698376e-001
0 0 0
4 0 62 85.2300 -67.5300 1 62 85.1900 -84.4700 2 62 49.7300 -51.7300 3 62 -62.8900 -8.6300
7.2992586914e-002 -5.4869434932e-002 -7.9945593924e-001
0 0 0
4 0 63 77.5400 -57.3100 1 63 94.2100 -72.6800 2 63 39.9200 -54.8500 3 63 -51.5500 -13.2000
6.3075897943e-002 -4.0148697778e-002 -7.8995900306e-001
0 0 0
4 0 64 71.0300 -43.9400 1 64 103.1600 -62.0300 2 64 30.7800 -55.8900 3 64 -44.7800 -15.8900
5.6999072734e-002 -2.3994696105e-002 -7.7737442213e-001
0 0 0
4 0 65 69.0000 -29.6100 1 65 116.4600 -50.9200 2 65 18.0000 -55.1100 3 65 -41.7000 -18.4200
5.5206441463e-002 -1.2315175477e-002 -7.6827519170e-001
0 0 0
4 0 66 69.8500 -18.4300 1 66 126.7600 -43.2700 2 66 8.5100 -53.8600 3 66 -41.8200 -19.1200
5.4829103587e-002 -3.4316497708e-004 -7.5745581939e-001
0 0 0
4 0 67 72.3700 -6.8500 1 67 139.0500 -35.9200 2 67 -2.5800 -52.0800 3 67 -43.5000 -20.5000
5.4618258271e-002 7.0002780006e-003 -7.4318615248e-001
0 0 0
4 0 68 76.9000 1.0700 1 68 152.0000 -33.1100 2 68 -15.6700 -54.5600 3 68 -46.6900 -25.9100
5.7024902081e-002 8.7629759383e-003 -7.3297823011e-001
0 0 0
4 0 69 83.1400 4.1200 1 69 162.1700 -34.9700 2 69 -22.8900 -56.5100 3 69 -51.0300 -30.9100
5.9553825057e-002 3.2120218539e-003 -7.3429638495e-001
0 0 0
4 0 70 85.5700 -1.0400 1 70 159.6300 -39.7700 2 70 -21.3600 -58.0000 3 70 -53.1800 -32.0300
6.0722471201e-002 -5.8486314693e-003 -7.4144155355e-001
0 0 0
4 0 71 84.5400 -10.0800 1 71 151.3100 -45.9100 2 71 -14.0800 -59.0500 3 71 -53.1000 -31.8700
6.3239093014e-002 -2.2260560842e-002 -7.5456729538e-001
0 0 0
4 0 72 83.0000 -26.2100 1 72 136.1200 -56.7700 2 72 -1.0800 -61.4400 3 72 -53.2400 -30.5200
6.8155466456e-002 -3.8973862490e-002 -7.6638174339e-001
0 0 0
4 0 73 84.0000 -42.0000 1 73 122.9400 -68.3600 2 73 11.1500 -63.2300 3 73 -55.9300 -29.5700
7.4980588309e-002 -5.5923602856e-002 -7.7778153598e-001
0 0 0
4 0 74 86.7800 -57.1300 1 74 110.4900 -80.5900 2 74 23.0000 -64.3300 3 74 -60.5000 -28.5000
8.1941188922e-002 -6.7963491999e-002 -7.8676914268e-001
0 0 0
4 0 75 90.3500 -68.1500 1 75 101.7900 -88.6800 2 75 31.6700 -63.6400 3 75 -65.3100 -26.0900
9.0398540058e-002 -7.6522977545e-002 -7.9524603160e-001
0 0 0
4 0 76 93.9600 -73.6100 1 76 94.9400 -95.2800 2 76 39.4400 -60.6700 3 76 -72.6300 -21.9700
9.8620563785e-002 -8.1551175435e-002 -8.0159975303e-001
0 0 0
4 0 77 99.8200 -77.5800 1 77 90.6800 -98.1800 2 77 44.0000 -56.6100 3 77 -78.2900 -16.9300
