# Bundle file v0.3
4 78
7.9388190005e+002 5.9505489825e-005 4.2393545942e-004
9.9880197935e-001 5.0222841813e-003 4.8676305434e-002
-5.3695839816e-003 9.9996103576e-001 7.0067482362e-003
-4.8639218918e-002 -7.2597255171e-003 9.9879002937e-001
3.9571784154e-002 6.4720877243e-003 -2.1026573666e-002
7.3942160025e+002 9.7570255170e-003 6.6287208735e-004
2.7831393942e-001 3.4652012042e-001 8.9580419583e-001
-3.7778276987e-001 8.9697466514e-001 -2.2960102108e-001
-8.8307504206e-001 -2.7451822569e-001 3.8054988353e-001
8.2070260079e-001 -1.8225641737e-001 -4.5141745587e-001
0 0 0
0 0 0
0 0 0
0 0 0
0 0 0
0 0 0
0 0 0
0 0 0
0 0 0
0 0 0
1.9403780634e-001 -6.0077954685e-002 -8.1610557713e-001
0 0 0
2 0 0 181.6300 -56.7300 1 0 99.0900 -98.4500
2.0593471818e-001 -6.6918473228e-002 -8.2243080792e-001
0 0 0
2 0 1 190.8800 -62.5600 1 1 94.1100 -104.8200
2.0187738568e-001 -6.6779773196e-002 -8.2226139610e-001
0 0 0
2 0 2 186.8600 -61.0100 1 2 93.4700 -105.6200
2.0145848403e-001 -6.4764649199e-002 -8.1998483245e-001
0 0 0
2 0 3 187.5400 -61.2300 1 3 96.0000 -102.2300
1.9771753043e-001 -6.1761176310e-002 -8.1813759075e-001
0 0 0
2 0 4 184.8700 -59.7400 1 4 97.8900 -98.1900
1.9520753529e-001 -6.0944617148e-002 -8.1880692477e-001
0 0 0
2 0 5 182.2800 -58.5200 1 5 97.1800 -97.3900
1.8380987299e-001 -6.4245297079e-002 -8.2072472385e-001
0 0 0
2 0 6 171.1000 -60.8500 1 6 93.2400 -97.7900
1.7219524596e-001 -6.8765173983e-002 -8.2489848970e-001
0 0 0
2 0 7 159.3800 -64.8000 1 7 87.2400 -97.7900
1.5141693979e-001 -7.6028444994e-002 -8.2700600054e-001
0 0 0
2 0 8 139.5600 -70.5400 1 8 80.4500 -99.4100
1.3656767899e-001 -8.3416174062e-002 -8.2497885369e-001
0 0 0
2 0 9 126.2200 -77.4800 1 9 77.7400 -102.6100
1.2149889680e-001 -9.1121356505e-002 -8.1975825172e-001
0 0 0
2 0 10 113.2200 -85.3300 1 10 77.4600 -106.6400
1.0899131058e-001 -9.3515985611e-002 -8.1290223451e-001
0 0 0
2 0 11 102.7300 -88.4100 1 11 80.4500 -107.4100
9.6095563734e-002 -9.0659637105e-002 -8.0430417637e-001
0 0 0
2 0 12 91.9500 -86.5700 1 12 86.4400 -104.2500
8.5145640914e-002 -8.1635275170e-002 -7.9725762913e-001
0 0 0
2 0 13 82.6300 -78.7000 1 13 93.3800 -95.6200
7.8559509163e-002 -7.0189776927e-002 -7.9045087199e-001
0 0 0
2 0 14 77.3200 -68.1800 1 14 101.5900 -85.8800
7.2516090979e-002 -5.5265701539e-002 -7.8333959458e-001
0 0 0
2 0 15 72.7300 -54.9000 1 15 111.4000 -72.3500
7.1152681674e-002 -3.9889011329e-002 -7.7936786080e-001
0 0 0
2 0 16 71.7600 -39.0000 1 16 118.8800 -60.8200
7.1369393219e-002 -2.4891658451e-002 -7.7505055846e-001
0 0 0
2 0 17 72.6400 -24.2700 1 17 126.9000 -49.2000
7.1868653686e-002 -1.4663453685e-002 -7.7464494642e-001
0 0 0
2 0 18 73.2100 -14.0200 1 18 130.1100 -40.9400
7.2852538783e-002 -8.6760378899e-003 -7.7923161356e-001
0 0 0
2 0 19 73.5700 -8.0700 1 19 127.8200 -35.1800
7.4523264611e-002 -9.9482258169e-003 -7.9188739411e-001
0 0 0
2 0 20 73.2700 -8.7300 1 20 116.5000 -34.5000
7.6297225189e-002 -1.6834485834e-002 -8.0310707349e-001
0 0 0
2 0 21 73.4700 -15.4700 1 21 105.2000 -38.0000
7.7789392932e-002 -2.7348351783e-002 -8.1341225967e-001
0 0 0
2 0 22 73.4700 -25.3700 1 22 93.7000 -44.7000
7.8494185353e-002 -3.5982582166e-002 -8.1985251370e-001
0 0 0
2 0 23 72.7900 -31.7900 1 23 85.6000 -52.2000
7.7463866897e-002 -5.2440067851e-002 -8.2293183001e-001
0 0 0
2 0 24 71.8100 -48.6900 1 24 78.4700 -63.1300
7.7163586209e-002 -6.4985137738e-002 -8.2344273307e-001
0 0 0
2 0 25 71.4200 -60.4500 1 25 74.3800 -73.3800
7.8510866144e-002 -7.7989754972e-002 -8.2263699605e-001
0 0 0
2 0 26 72.7800 -72.9100 1 26 71.5600 -84.6700
8.0290147799e-002 -8.9210406823e-002 -8.2179470657e-001
0 0 0
2 0 27 74.4700 -83.3700 1 27 69.2900 -95.0000
8.1634058539e-002 -9.8091999957e-002 -8.1960736213e-001
0 0 0
2 0 28 76.0000 -92.0000 1 28 68.8000 -103.4000
8.5217204829e-002 -1.0788322009e-001 -8.1737710561e-001
0 0 0
2 0 29 79.6700 -101.6700 1 29 68.5000 -113.0000
8.8282045297e-002 -1.1841799591e-001 -8.1455788470e-001
0 0 0
2 0 30 82.8100 -111.5000 1 30 68.2900 -124.0000
1.0337201110e-001 -1.4117187396e-001 -8.0898567597e-001
0 0 0
2 0 31 97.8900 -134.2200 1 31 69.1200 -147.8800
1.0378114132e-001 -1.4322762450e-001 -8.1040862096e-001
0 0 0
2 0 32 98.0000 -135.7600 1 32 67.3600 -149.5500
1.0013837580e-001 -1.4230821461e-001 -8.1692259071e-001
0 0 0
2 0 33 93.5500 -134.0000 1 33 61.4600 -146.1500
9.4270110521e-002 -1.3859031775e-001 -8.2377721946e-001
0 0 0
2 0 34 87.0600 -129.6200 1 34 55.6700 -139.7800
8.0085564885e-002 -1.2807210156e-001 -8.3852002064e-001
0 0 0
2 0 35 72.0000 -118.0000 1 35 43.5700 -123.6100
6.5207080295e-002 -1.1613776148e-001 -8.5239494849e-001
0 0 0
2 0 36 57.0000 -106.0000 1 36 32.4300 -105.7100
5.8697825188e-002 -1.0911268313e-001 -8.5509226740e-001
0 0 0
2 0 37 50.7800 -98.9100 1 37 30.8200 -97.8200
5.3666468351e-002 -1.0161227473e-001 -8.5744624891e-001
0 0 0
2 0 38 46.0000 -91.6700 1 38 30.0000 -89.7100
5.0241690313e-002 -9.5327202195e-002 -8.5885882439e-001
0 0 0
2 0 39 42.8300 -85.9200 1 39 30.0000 -83.0000
4.7734202350e-002 -8.8710511251e-002 -8.5888291603e-001
0 0 0
2 0 40 40.6400 -80.0900 1 40 31.5000 -76.5000
4.6509781360e-002 -8.3993945675e-002 -8.5668648408e-001
0 0 0
2 0 41 39.6700 -75.6700 1 41 34.5000 -73.0000
4.3433898615e-002 -8.1424368988e-002 -8.5039046801e-001
0 0 0
2 0 42 37.4600 -73.8500 1 42 40.0000 -71.5000
4.3073704479e-002 -7.9416302844e-002 -8.4464281802e-001
0 0 0
2 0 43 37.6700 -72.5600 1 43 45.5000 -71.0000
4.1659334983e-002 -7.7031123724e-002 -8.3764059435e-001
0 0 0
2 0 44 37.0000 -70.9000 1 44 52.0000 -70.2900
4.1190824979e-002 -7.3269671350e-002 -8.3079352064e-001
0 0 0
2 0 45 37.1500 -67.7700 1 45 59.0000 -68.7500
3.9684640647e-002 -6.0381741090e-002 -8.1407339991e-001
0 0 0
2 0 46 37.5000 -57.5000 1 46 77.5000 -60.5000
3.7957111386e-002 -5.3400828449e-002 -8.0524805182e-001
0 0 0
2 0 47 36.4400 -50.4400 1 47 87.0000 -57.0000
3.7289377256e-002 -3.8081530446e-002 -7.8469106659e-001
0 0 0
2 0 48 37.7500 -36.4400 1 48 110.0000 -48.5000
3.8548196528e-002 -2.6366702183e-002 -7.7193937473e-001
0 0 0
2 0 49 40.4000 -25.6000 1 49 125.3300 -41.3300
4.2574954824e-002 -1.1941254042e-002 -7.6029242138e-001
0 0 0
2 0 50 45.7600 -11.4100 1 50 140.6700 -32.6700
4.8157847482e-002 -1.6185295427e-004 -7.5325072425e-001
0 0 0
2 0 51 52.2600 0.6100 1 51 151.0000 -26.0000
5.5345402588e-002 1.1218511192e-002 -7.4706468124e-001
0 0 0
2 0 52 60.3800 12.4800 1 52 160.4000 -20.2000
8.7819942429e-002 -4.4378421904e-002 -8.0768733959e-001
0 0 0
2 0 53 83.7500 -42.0000 1 53 95.3300 -62.6700
1.4390264965e-001 -9.4326782229e-002 -8.2794071094e-001
0 0 0
2 0 54 132.4000 -87.5200 1 54 73.6100 -112.0400
1.4745775062e-001 -9.3359177175e-002 -8.2693477636e-001
0 0 0
2 0 55 135.8200 -86.4400 1 55 75.2000 -112.5600
1.4898373460e-001 -9.2765420685e-002 -8.2650463713e-001
0 0 0
2 0 56 137.3900 -86.2600 1 56 76.0000 -112.1400
1.4740593348e-001 -9.2895585715e-002 -8.2627779269e-001
0 0 0
2 0 57 135.9500 -86.2600 1 57 75.8700 -112.1300
1.3993124776e-001 -9.3080492701e-002 -8.2702064320e-001
0 0 0
2 0 58 128.9300 -86.4600 1 58 74.0400 -110.4200
1.2890492349e-001 -9.2467691402e-002 -8.2553612769e-001
0 0 0
2 0 59 118.9700 -85.7500 1 59 73.5500 -108.2400
1.1596085025e-001 -8.8921395333e-002 -8.2275441516e-001
0 0 0
2 0 60 107.6200 -83.3000 1 60 74.7600 -102.5200
1.0114928500e-001 -8.1076044903e-002 -8.1763454433e-001
0 0 0
2 0 61 94.6600 -76.2700 1 61 78.7400 -94.0000
8.9991048717e-002 -7.1174508453e-002 -8.1118518627e-001
0 0 0
2 0 62 85.2300 -67.5300 1 62 85.1900 -84.4700
8.0354195875e-002 -5.8943347451e-002 -8.0314777800e-001
0 0 0
2 0 63 77.5400 -57.3100 1 63 94.2100 -72.6800
7.2676313633e-002 -4.5569299978e-002 -7.9570060649e-001
0 0 0
2 0 64 71.0300 -43.9400 1 64 103.1600 -62.0300
6.9025514027e-002 -3.0515855863e-002 -7.8478073118e-001
0 0 0
2 0 65 69.0000 -29.6100 1 65 116.4600 -50.9200
6.8761260606e-002 -1.9125063745e-002 -7.7664283715e-001
0 0 0
2 0 66 69.8500 -18.4300 1 66 126.7600 -43.2700
6.9824821429e-002 -7.3521714159e-003 -7.6660374065e-001
0 0 0
2 0 67 72.3700 -6.8500 1 67 139.0500 -35.9200
7.2615894733e-002 3.6487580631e-004 -7.5474095716e-001
0 0 0
2 0 68 76.9000 1.0700 1 68 152.0000 -33.1100
7.7278493820e-002 2.9991868766e-003 -7.4458070784e-001
0 0 0
2 0 69 83.1400 4.1200 1 69 162.1700 -34.9700
7.9938301705e-002 -2.0599201515e-003 -7.4613040611e-001
0 0 0
2 0 70 85.5700 -1.0400 1 70 159.6300 -39.7700
8.0040534458e-002 -1.0995768685e-002 -7.5274047881e-001
0 0 0
2 0 71 84.5400 -10.0800 1 71 151.3100 -45.9100
8.0483836546e-002 -2.7132842309e-002 -7.6496168788e-001
0 0 0
2 0 72 83.0000 -26.2100 1 72 136.1200 -56.7700
8.3115241741e-002 -4.3146379621e-002 -7.7531004895e-001
0 0 0
2 0 73 84.0000 -42.0000 1 73 122.9400 -68.3600
8.7572492768e-002 -5.9042378291e-002 -7.8516622566e-001
0 0 0
2 0 74 86.7800 -57.1300 1 74 110.4900 -80.5900
9.2318060570e-002 -7.0192924969e-002 -7.9252104323e-001
0 0 0
2 0 75 90.3500 -68.1500 1 75 101.7900 -88.6800
9.7386417799e-002 -7.7283523241e-002 -7.9887095241e-001
0 0 0
2 0 76 93.9600 -73.6100 1 76 94.9400 -95.2800
1.0425228519e-001 -8.1180475797e-002 -8.0396331004e-001
0 0 0
2 0 77 99.8200 -77.5800 1 77 90.6800 -98.1800
