# Bundle file v0.3
4 93
7.6800000000e+002 0.0000000000e+000 0.0000000000e+000
1.0000000000e+000 0.0000000000e+000 0.0000000000e+000
0.0000000000e+000 1.0000000000e+000 0.0000000000e+000
0.0000000000e+000 0.0000000000e+000 1.0000000000e+000
-0.0000000000e+000 -0.0000000000e+000 -0.0000000000e+000
7.6800000000e+002 0.0000000000e+000 0.0000000000e+000
1.5755271144e-001 -3.6369825077e-001 9.1809625068e-001
2.8091902410e-001 9.0780317506e-001 3.1141274421e-001
-9.4671096171e-001 2.0884678054e-001 2.4519660936e-001
6.4061685570e-001 2.8104711424e-001 -7.1457859174e-001
0 0 0
0 0 0
0 0 0
0 0 0
0 0 0
0 0 0
0 0 0
0 0 0
0 0 0
0 0 0
8.2276858447e-004 5.1417724870e-002 -8.5781557220e-001
0 0 0
2 0 0 0.8200 46.7700 1 0 -138.7000 50.3000
2.6401819115e-003 5.3692702159e-002 -8.6021015184e-001
0 0 0
2 0 1 2.4100 48.4100 1 1 -140.8000 52.0000
7.0363217211e-003 5.9897219381e-002 -8.6186860952e-001
0 0 0
2 0 2 6.3200 53.8400 1 2 -142.8800 57.1200
1.3323782520e-002 7.1154993701e-002 -8.6386476619e-001
0 0 0
2 0 3 11.9000 63.8100 1 3 -146.3300 66.2200
2.5240455782e-002 8.7850200061e-002 -8.6450357373e-001
0 0 0
2 0 4 22.5600 79.6100 1 4 -148.7500 79.6700
3.8365204452e-002 1.0556298863e-001 -8.6264846583e-001
0 0 0
2 0 5 34.1700 94.1700 1 5 -150.0000 97.0000
4.8344989978e-002 1.2204383673e-001 -8.6175838287e-001
0 0 0
2 0 6 43.1000 109.0000 1 6 -152.0000 111.0000
4.8852925092e-002 1.3522932682e-001 -8.6489123916e-001
0 0 0
2 0 7 43.3900 120.2600 1 7 -158.4300 120.2900
4.4409957427e-002 1.4741894815e-001 -8.7065223376e-001
0 0 0
2 0 8 39.1500 129.5400 1 8 -168.0000 128.2500
3.4256596043e-002 1.5562016340e-001 -8.7393169611e-001
0 0 0
2 0 9 30.1200 137.1200 1 9 -176.0000 131.7500
2.5118149483e-002 1.5899620189e-001 -8.8150789361e-001
0 0 0
2 0 10 21.8900 138.6700 1 10 -185.5000 131.5000
1.4414197887e-002 1.5955765891e-001 -8.8636691762e-001
0 0 0
2 0 11 12.5000 138.5000 1 11 -192.6700 129.3300
3.5206990550e-004 1.5682644672e-001 -8.9190263865e-001
0 0 0
2 0 12 0.3100 135.1900 1 12 -200.5000 124.1200
-1.3445572800e-002 1.5226461232e-001 -8.9726554112e-001
0 0 0
2 0 13 -11.5000 130.5000 1 13 -207.6200 117.2500
-2.5649896832e-002 1.4705823902e-001 -9.0124427103e-001
0 0 0
2 0 14 -21.8300 125.8300 1 14 -213.0000 110.0000
-3.7699830142e-002 1.4011952896e-001 -9.0428084740e-001
0 0 0
2 0 15 -32.0000 119.3100 1 15 -217.2000 102.0000
-5.0084360446e-002 1.3232650332e-001 -9.0480342149e-001
0 0 0
2 0 16 -42.5000 112.5000 1 16 -219.3800 93.7500
-6.1237312898e-002 1.2396699735e-001 -9.0363705305e-001
0 0 0
2 0 17 -52.0000 106.0000 1 17 -219.5000 85.0000
-7.0099849026e-002 1.1606265525e-001 -9.0131851277e-001
0 0 0
2 0 18 -59.7000 99.3000 1 18 -218.1700 77.8300
-7.9829076832e-002 1.0562601805e-001 -8.9924786015e-001
0 0 0
2 0 19 -68.1500 90.5400 1 19 -216.3300 68.0000
-8.7597134720e-002 9.4575302735e-002 -8.9577171920e-001
0 0 0
2 0 20 -75.0900 81.2200 1 20 -212.3800 58.3800
-9.6158756872e-002 7.9746164473e-002 -8.8973118611e-001
0 0 0
2 0 21 -83.0000 68.8600 1 21 -205.1500 45.9200
-1.0180711621e-001 6.4517971061e-002 -8.8090669612e-001
0 0 0
2 0 22 -88.9100 54.9100 1 22 -194.6700 35.5300
-1.0253935681e-001 5.0597764547e-002 -8.6927066635e-001
0 0 0
2 0 23 -90.6700 44.0800 1 23 -180.0000 26.2900
-1.0017730382e-001 3.6971669233e-002 -8.5418412859e-001
0 0 0
2 0 24 -90.1400 32.7100 1 24 -161.7500 19.6200
-9.5053413804e-002 2.7389393758e-002 -8.4095727731e-001
0 0 0
2 0 25 -86.9100 24.2700 1 25 -145.8200 16.8200
-8.2363836910e-002 2.0136255976e-002 -8.2718243926e-001
0 0 0
2 0 26 -76.5900 17.8600 1 26 -128.2000 17.9000
-6.5026948906e-002 1.7865521509e-002 -8.1538651056e-001
0 0 0
2 0 27 -61.3300 16.2500 1 27 -113.0000 23.2500
-4.8322962066e-002 1.9640044374e-002 -8.0758266764e-001
0 0 0
2 0 28 -46.0000 18.3500 1 28 -103.0000 30.4300
-3.4015047056e-002 2.7740479641e-002 -8.0734618321e-001
0 0 0
2 0 29 -32.3900 26.1400 1 29 -102.0000 40.0000
-1.9930135943e-002 3.5513473613e-002 -8.0919212232e-001
0 0 0
2 0 30 -18.9300 33.5900 1 30 -102.5500 48.3600
-1.3411744720e-002 4.3699769476e-002 -8.1618256184e-001
0 0 0
2 0 31 -12.6200 41.1200 1 31 -109.0000 54.0000
-1.1919768999e-002 5.0558817365e-002 -8.3023300152e-001
0 0 0
2 0 32 -11.0000 47.0000 1 32 -121.5000 55.5000
-1.9229946585e-002 5.1407463162e-002 -8.4766022640e-001
0 0 0
2 0 33 -17.3800 46.9500 1 33 -136.8500 49.7700
-2.9766341406e-002 4.9674030227e-002 -8.6322197626e-001
0 0 0
2 0 34 -26.4400 44.5600 1 34 -151.0000 42.0000
-4.0256810898e-002 4.5268454707e-002 -8.7834544541e-001
0 0 0
2 0 35 -35.1400 40.0700 1 35 -164.0000 32.0000
-4.5377449561e-002 3.7393991313e-002 -8.8822095796e-001
0 0 0
2 0 36 -39.1900 32.6900 1 36 -170.2900 22.0000
-4.5661697095e-002 2.6264027324e-002 -8.9847719363e-001
0 0 0
2 0 37 -38.9400 23.1200 1 37 -174.0000 10.0000
-4.4121160915e-002 1.6323216989e-002 -9.0392394140e-001
0 0 0
2 0 38 -37.3800 14.6200 1 38 -174.0000 1.0000
-4.1102116443e-002 3.9424448259e-003 -9.0782134273e-001
0 0 0
2 0 39 -34.6900 3.8800 1 39 -171.6200 -8.7500
-3.8551832759e-002 -3.5399006029e-003 -9.0888703848e-001
0 0 0
2 0 40 -32.5000 -2.5000 1 40 -169.0000 -14.1200
-3.8342210206e-002 -5.6932763819e-003 -9.0701622626e-001
0 0 0
2 0 41 -32.4000 -4.4000 1 41 -166.8300 -15.1700
-4.0798029408e-002 5.1270729527e-003 -8.9990872311e-001
0 0 0
2 0 42 -34.9200 3.6900 1 42 -166.5000 -4.5000
-4.5267128025e-002 2.3956610716e-002 -8.9297103484e-001
0 0 0
2 0 43 -38.7000 22.3000 1 43 -168.6000 8.8000
-4.5726475795e-002 5.0202668323e-002 -8.8255691221e-001
0 0 0
2 0 44 -39.7800 43.7800 1 44 -170.8000 34.0000
-4.6062268703e-002 6.8459509817e-002 -8.7690848219e-001
0 0 0
2 0 45 -40.3200 60.1600 1 45 -173.1800 50.1800
-4.6041163966e-002 8.8409304719e-002 -8.7257657110e-001
0 0 0
2 0 46 -40.5300 77.7400 1 46 -177.2000 68.0000
-4.3160560229e-002 1.0493458467e-001 -8.7017831688e-001
0 0 0
2 0 47 -38.1000 92.5200 1 47 -180.4500 82.8200
-3.4675982979e-002 1.2511438711e-001 -8.6973086789e-001
0 0 0
2 0 48 -30.6200 110.4800 1 48 -184.6000 100.8000
-1.4760680163e-002 1.4376531128e-001 -8.6568583876e-001
0 0 0
2 0 49 -13.0900 127.6400 1 49 -181.6000 119.8000
4.8669876350e-003 1.5271198643e-001 -8.5761528546e-001
0 0 0
2 0 50 4.3600 136.7900 1 50 -172.4300 131.7100
2.6147837611e-002 1.5662568372e-001 -8.5010920352e-001
0 0 0
2 0 51 23.6200 141.4400 1 51 -161.7500 139.2500
3.8772852569e-002 1.5434908925e-001 -8.3725707182e-001
0 0 0
2 0 52 35.5600 141.4400 1 52 -148.0000 142.5000
4.6912370472e-002 1.4867124873e-001 -8.2845426010e-001
0 0 0
2 0 53 43.4700 137.3700 1 53 -137.5700 141.7100
4.8576131653e-002 1.4008574467e-001 -8.1727924284e-001
0 0 0
2 0 54 45.6500 131.7000 1 54 -126.1200 137.8800
4.2896567511e-002 1.3071462189e-001 -8.1002268435e-001
0 0 0
2 0 55 40.6500 123.5300 1 55 -119.3300 132.6700
3.3879634496e-002 1.2051554051e-001 -8.0512525706e-001
0 0 0
2 0 56 32.3300 115.1700 1 56 -114.5000 124.5000
2.1311761853e-002 1.0902066957e-001 -8.0360122816e-001
0 0 0
2 0 57 20.3900 104.5200 1 57 -112.6700 114.3300
8.8833688455e-003 9.8289304038e-002 -8.0464505198e-001
0 0 0
2 0 58 8.5000 94.0900 1 58 -113.0000 104.0000
-6.5201618723e-003 8.5375047232e-002 -8.0923417921e-001
0 0 0
2 0 59 -6.1500 81.4600 1 59 -116.0000 90.0000
-2.2240505853e-002 7.1809381707e-002 -8.1688590183e-001
0 0 0
2 0 60 -20.8900 67.7100 1 60 -121.4000 74.6000
-3.4187280165e-002 6.2081172958e-002 -8.2473175512e-001
0 0 0
2 0 61 -31.8100 58.0500 1 61 -127.3000 62.3000
-4.6282014392e-002 5.2691076061e-002 -8.3493797433e-001
0 0 0
2 0 62 -42.5700 48.4800 1 62 -135.3800 49.6200
-5.4263866251e-002 4.7318617556e-002 -8.4683216061e-001
0 0 0
2 0 63 -49.1900 43.1000 1 63 -145.0000 40.0000
-6.2116997283e-002 4.5939678053e-002 -8.6307913730e-001
0 0 0
2 0 64 -55.2800 40.8300 1 64 -159.6200 32.7500
-6.6712279195e-002 4.7092368966e-002 -8.7401969787e-001
0 0 0
2 0 65 -58.6200 41.3800 1 65 -170.0000 29.5000
-6.9588595840e-002 5.0259224087e-002 -8.9046002743e-001
0 0 0
2 0 66 -60.0000 43.5000 1 66 -184.8000 26.6000
-7.1443715753e-002 5.3877608255e-002 -9.0139571179e-001
0 0 0
2 0 67 -60.8500 46.0800 1 67 -195.2000 26.0000
-7.2498265426e-002 5.8136573965e-002 -9.1400120618e-001
0 0 0
2 0 68 -60.9000 49.0000 1 68 -206.8300 25.6700
-7.1950055477e-002 6.0765911426e-002 -9.2758735890e-001
0 0 0
2 0 69 -59.5300 50.6700 1 69 -217.8800 23.8800
-6.9713461750e-002 6.1732438161e-002 -9.3839446740e-001
0 0 0
2 0 70 -57.0000 51.0000 1 70 -225.5000 22.0000
-6.6154212263e-002 6.0347214807e-002 -9.4835892005e-001
0 0 0
2 0 71 -53.5000 49.5000 1 71 -231.0000 18.7500
-6.1275297628e-002 5.8895091291e-002 -9.5502589932e-001
0 0 0
2 0 72 -49.1800 48.1800 1 72 -233.4400 16.6700
-5.4025648115e-002 6.5518582410e-002 -9.6063363044e-001
0 0 0
2 0 73 -43.1000 53.2000 1 73 -237.2000 22.0000
-4.4050581751e-002 8.1651766415e-002 -9.6512766448e-001
0 0 0
2 0 74 -34.8300 67.1700 1 74 -242.2000 34.4000
-3.2844981335e-002 1.0305568065e-001 -9.6655145415e-001
0 0 0
2 0 75 -26.0000 83.0000 1 75 -247.0000 54.0000
-2.3414869893e-002 1.2133870743e-001 -9.6879592955e-001
0 0 0
2 0 76 -18.5000 97.0000 1 76 -251.6700 69.6700
-1.3526047269e-002 1.4027210179e-001 -9.7080463432e-001
0 0 0
2 0 77 -10.6700 111.4400 1 77 -256.1700 85.8300
-4.7054478166e-003 1.5402988970e-001 -9.7119446925e-001
0 0 0
2 0 78 -3.7100 122.0000 1 78 -258.0000 98.0000
1.0072206358e-002 1.6650336179e-001 -9.6807392655e-001
0 0 0
2 0 79 8.0000 132.2900 1 79 -254.5000 110.5000
2.5645429836e-002 1.7490456135e-001 -9.5992536916e-001
0 0 0
2 0 80 20.5000 139.5000 1 80 -246.0000 121.7100
4.4793682383e-002 1.8119964788e-001 -9.5545340541e-001
0 0 0
2 0 81 36.0000 145.5000 1 81 -238.0000 129.5000
5.8216255023e-002 1.8356641824e-001 -9.4535864117e-001
0 0 0
2 0 82 47.2900 149.0000 1 82 -227.2000 135.4000
6.8953058370e-002 1.8489182908e-001 -9.3727343059e-001
0 0 0
2 0 83 56.5000 151.5000 1 83 -218.5000 139.5000
7.4565128961e-002 1.8516934210e-001 -9.2753959809e-001
0 0 0
2 0 84 61.7300 153.0000 1 84 -210.2500 143.2500
7.8431333016e-002 1.8600655628e-001 -9.1897304462e-001
0 0 0
2 0 85 65.5400 155.2300 1 85 -203.5000 146.5000
5.4173323248e-002 1.7595246909e-001 -8.7277324387e-001
0 0 0
2 0 86 47.6700 154.8300 1 86 -176.0000 150.0000
4.2258439742e-002 1.6502548239e-001 -8.6550781109e-001
0 0 0
2 0 87 37.5000 146.5000 1 87 -170.8000 142.6000
-1.3514525312e-002 6.8165951252e-002 -8.1621620423e-001
0 0 0
2 0 88 -12.7000 64.3000 1 88 -117.3300 73.3300
-1.5303585010e-002 6.7369263779e-002 -8.2054123844e-001
0 0 0
2 0 89 -14.3100 63.1900 1 89 -120.8300 71.1700
-1.5619700703e-002 7.0900040129e-002 -8.2487701253e-001
0 0 0
2 0 90 -14.5200 66.2400 1 90 -125.4000 72.6000
-1.5541674946e-002 7.5509633066e-002 -8.2681556312e-001
0 0 0
2 0 91 -14.4100 70.4100 1 91 -128.4300 75.7100
-1.5745406989e-002 7.8652138127e-002 -8.2966773725e-001
0 0 0
2 0 92 -14.5700 72.8600 1 92 -131.8000 77.6000
