# Bundle file v0.3
4 93
6.5488147751e+002 -5.3330743978e-002 -2.2934542916e-003
9.9218051974e-001 -1.8160521618e-002 1.2348283973e-001
2.0809354419e-002 9.9957947542e-001 -2.0195125219e-002
-1.2306415816e-001 2.2606808012e-002 9.9214119217e-001
1.0901760670e-001 -1.3736237478e-002 9.5730240111e-002
7.7560701554e+002 5.5945309248e-002 1.0062862175e-002
2.6232644084e-001 -3.8659624917e-001 8.8415393375e-001
2.9750215233e-001 9.0401153287e-001 3.0701077798e-001
-9.1797456816e-001 1.8250065360e-001 3.5215934411e-001
6.0919602164e-001 2.7943310403e-001 -6.5156318330e-001
0 0 0
0 0 0
0 0 0
0 0 0
0 0 0
0 0 0
0 0 0
0 0 0
0 0 0
0 0 0
-1.3423585751e-003 5.0127561939e-002 -8.5710790520e-001
0 0 0
2 0 0 0.8200 46.7700 1 0 -138.7000 50.3000
9.5183605725e-004 5.2472030551e-002 -8.6006460742e-001
0 0 0
2 0 1 2.4100 48.4100 1 1 -140.8000 52.0000
5.9528542791e-003 5.8855722529e-002 -8.6248219688e-001
0 0 0
2 0 2 6.3200 53.8400 1 2 -142.8800 57.1200
1.3120615316e-002 7.0459426377e-002 -8.6548355023e-001
0 0 0
2 0 3 11.9000 63.8100 1 3 -146.3300 66.2200
2.6265129057e-002 8.7736575429e-002 -8.6765989589e-001
0 0 0
2 0 4 22.5600 79.6100 1 4 -148.7500 79.6700
4.0390672728e-002 1.0615168214e-001 -8.6704407738e-001
0 0 0
2 0 5 34.1700 94.1700 1 5 -150.0000 97.0000
5.1355307934e-002 1.2332365350e-001 -8.6716795618e-001
0 0 0
2 0 6 43.1000 109.0000 1 6 -152.0000 111.0000
5.2610092589e-002 1.3704136976e-001 -8.7061637326e-001
0 0 0
2 0 7 43.3900 120.2600 1 7 -158.4300 120.2900
4.8872603877e-002 1.4971661282e-001 -8.7641109009e-001
0 0 0
2 0 8 39.1500 129.5400 1 8 -168.0000 128.2500
3.8463271340e-002 1.5801201157e-001 -8.7859829625e-001
0 0 0
2 0 9 30.1200 137.1200 1 9 -176.0000 131.7500
2.9820096431e-002 1.6152874163e-001 -8.8608391671e-001
0 0 0
2 0 10 21.8900 138.6700 1 10 -185.5000 131.5000
1.9051246548e-002 1.6199843635e-001 -8.9027093557e-001
0 0 0
2 0 11 12.5000 138.5000 1 11 -192.6700 129.3300
4.8002063027e-003 1.5902237386e-001 -8.9490308946e-001
0 0 0
2 0 12 0.3100 135.1900 1 12 -200.5000 124.1200
-9.1433123219e-003 1.5417929464e-001 -8.9946212544e-001
0 0 0
2 0 13 -11.5000 130.5000 1 13 -207.6200 117.2500
-2.1540513082e-002 1.4867805417e-001 -9.0266567202e-001
0 0 0
2 0 14 -21.8300 125.8300 1 14 -213.0000 110.0000
-3.3872117784e-002 1.4138345016e-001 -9.0484469738e-001
0 0 0
2 0 15 -32.0000 119.3100 1 15 -217.2000 102.0000
-4.6827449418e-002 1.3314757808e-001 -9.0408177662e-001
0 0 0
2 0 16 -42.5000 112.5000 1 16 -219.3800 93.7500
-5.8641600390e-002 1.2433914316e-001 -9.0153965829e-001
0 0 0
2 0 17 -52.0000 106.0000 1 17 -219.5000 85.0000
-6.8167876363e-002 1.1603720198e-001 -8.9792604491e-001
0 0 0
2 0 18 -59.7000 99.3000 1 18 -218.1700 77.8300
-7.8536813548e-002 1.0517420013e-001 -8.9456732605e-001
0 0 0
2 0 19 -68.1500 90.5400 1 19 -216.3300 68.0000
-8.7030308586e-002 9.3725591812e-002 -8.8981104738e-001
0 0 0
2 0 20 -75.0900 81.2200 1 20 -212.3800 58.3800
-9.6624197559e-002 7.8440699803e-002 -8.8206586885e-001
0 0 0
2 0 21 -83.0000 68.8600 1 21 -205.1500 45.9200
-1.0357748484e-001 6.2839478117e-002 -8.7140426727e-001
0 0 0
2 0 22 -88.9100 54.9100 1 22 -194.6700 35.5300
-1.0577611316e-001 4.8717760529e-002 -8.5813292821e-001
0 0 0
2 0 23 -90.6700 44.0800 1 23 -180.0000 26.2900
-1.0526297823e-001 3.5027094517e-002 -8.4131058422e-001
0 0 0
2 0 24 -90.1400 32.7100 1 24 -161.7500 19.6200
-1.0176902229e-001 2.5508516228e-002 -8.2694600923e-001
0 0 0
2 0 25 -86.9100 24.2700 1 25 -145.8200 16.8200
-9.0831120256e-002 1.8408627518e-002 -8.1282790047e-001
0 0 0
2 0 26 -76.5900 17.8600 1 26 -128.2000 17.9000
-7.4964715264e-002 1.6278540574e-002 -8.0151182560e-001
0 0 0
2 0 27 -61.3300 16.2500 1 27 -113.0000 23.2500
-5.9147266421e-002 1.8121081217e-002 -7.9464840731e-001
0 0 0
2 0 28 -46.0000 18.3500 1 28 -103.0000 30.4300
-4.4616043482e-002 2.6203481768e-002 -7.9591218043e-001
0 0 0
2 0 29 -32.3900 26.1400 1 29 -102.0000 40.0000
-2.9917044240e-002 3.3984392268e-002 -7.9953832560e-001
0 0 0
2 0 30 -18.9300 33.5900 1 30 -102.5500 48.3600
-2.2156554865e-002 4.2201996777e-002 -8.0804470514e-001
0 0 0
2 0 31 -12.6200 41.1200 1 31 -109.0000 54.0000
-1.8582034960e-002 4.9132469438e-002 -8.2396757738e-001
0 0 0
2 0 32 -11.0000 47.0000 1 32 -121.5000 55.5000
-2.3765401456e-002 4.9999672847e-002 -8.4284041030e-001
0 0 0
2 0 33 -17.3800 46.9500 1 33 -136.8500 49.7700
-3.2636435913e-002 4.8225549289e-002 -8.5936735373e-001
0 0 0
2 0 34 -26.4400 44.5600 1 34 -151.0000 42.0000
-4.1600293686e-002 4.3709720468e-002 -8.7557345926e-001
0 0 0
2 0 35 -35.1400 40.0700 1 35 -164.0000 32.0000
-4.5786847030e-002 3.5639201172e-002 -8.8648385085e-001
0 0 0
2 0 36 -39.1900 32.6900 1 36 -170.2900 22.0000
-4.4955599029e-002 2.4192663773e-002 -8.9854131945e-001
0 0 0
2 0 37 -38.9400 23.1200 1 37 -174.0000 10.0000
-4.2821630959e-002 1.3937523352e-002 -9.0521850830e-001
0 0 0
2 0 38 -37.3800 14.6200 1 38 -174.0000 1.0000
-3.9388217301e-002 1.1432995355e-003 -9.1028862120e-001
0 0 0
2 0 39 -34.6900 3.8800 1 39 -171.6200 -8.7500
-3.6706246114e-002 -6.5965733824e-003 -9.1194133691e-001
0 0 0
2 0 40 -32.5000 -2.5000 1 40 -169.0000 -14.1200
-3.6776877613e-002 -8.7881250846e-003 -9.0978762100e-001
0 0 0
2 0 41 -32.4000 -4.4000 1 41 -166.8300 -15.1700
-4.0161983176e-002 2.4779754006e-003 -9.0096264741e-001
0 0 0
2 0 42 -34.9200 3.6900 1 42 -166.5000 -4.5000
-4.5239192827e-002 2.1850020685e-002 -8.9225205243e-001
0 0 0
2 0 43 -38.7000 22.3000 1 43 -168.6000 8.8000
-4.6646049217e-002 4.8728149906e-002 -8.7970507350e-001
0 0 0
2 0 44 -39.7800 43.7800 1 44 -170.8000 34.0000
-4.7369197634e-002 6.7316402035e-002 -8.7290852737e-001
0 0 0
2 0 45 -40.3200 60.1600 1 45 -173.1800 50.1800
-4.7537750579e-002 8.7577265251e-002 -8.6764451703e-001
0 0 0
2 0 46 -40.5300 77.7400 1 46 -177.2000 68.0000
-4.4582145492e-002 1.0438150211e-001 -8.6499684201e-001
0 0 0
2 0 47 -38.1000 92.5200 1 47 -180.4500 82.8200
-3.5541548265e-002 1.2504331557e-001 -8.6520068974e-001
0 0 0
2 0 48 -30.6200 110.4800 1 48 -184.6000 100.8000
-1.5096232603e-002 1.4432543150e-001 -8.6267137815e-001
0 0 0
2 0 49 -13.0900 127.6400 1 49 -181.6000 119.8000
4.4934299398e-003 1.5363767731e-001 -8.5570983947e-001
0 0 0
2 0 50 4.3600 136.7900 1 50 -172.4300 131.7100
2.6017397353e-002 1.5792703996e-001 -8.4982875608e-001
0 0 0
2 0 51 23.6200 141.4400 1 51 -161.7500 139.2500
3.7500374997e-002 1.5548344868e-001 -8.3686505401e-001
0 0 0
2 0 52 35.5600 141.4400 1 52 -148.0000 142.5000
4.4774285059e-002 1.4961132900e-001 -8.2806556872e-001
0 0 0
2 0 53 43.4700 137.3700 1 53 -137.5700 141.7100
4.4644825569e-002 1.4053465303e-001 -8.1578253039e-001
0 0 0
2 0 54 45.6500 131.7000 1 54 -126.1200 137.8800
3.7272712744e-002 1.3065967345e-001 -8.0697567399e-001
0 0 0
2 0 55 40.6500 123.5300 1 55 -119.3300 132.6700
2.6777199826e-002 1.1999768918e-001 -8.0044706661e-001
0 0 0
2 0 56 32.3300 115.1700 1 56 -114.5000 124.5000
1.3143303177e-002 1.0812344754e-001 -7.9728835993e-001
0 0 0
2 0 57 20.3900 104.5200 1 57 -112.6700 114.3300
1.6715159801e-004 9.7146647661e-002 -7.9704273480e-001
0 0 0
2 0 58 8.5000 94.0900 1 58 -113.0000 104.0000
-1.5313394737e-002 8.4048263750e-002 -8.0046897666e-001
0 0 0
2 0 59 -6.1500 81.4600 1 59 -116.0000 90.0000
-3.0629802041e-002 7.0366958834e-002 -8.0733950091e-001
0 0 0
2 0 60 -20.8900 67.7100 1 60 -121.4000 74.6000
-4.1954986880e-002 6.0571854907e-002 -8.1488520851e-001
0 0 0
2 0 61 -31.8100 58.0500 1 61 -127.3000 62.3000
-5.3130291203e-002 5.1110528142e-002 -8.2511197305e-001
0 0 0
2 0 62 -42.5700 48.4800 1 62 -135.3800 49.6200
-5.9862200035e-002 4.5686998578e-002 -8.3775201079e-001
0 0 0
2 0 63 -49.1900 43.1000 1 63 -145.0000 40.0000
-6.5918208738e-002 4.4271954734e-002 -8.5539664242e-001
0 0 0
2 0 64 -55.2800 40.8300 1 64 -159.6200 32.7500
-6.9269435097e-002 4.5427516202e-002 -8.6742596577e-001
0 0 0
2 0 65 -58.6200 41.3800 1 65 -170.0000 29.5000
-7.0196282457e-002 4.8664296932e-002 -8.8607399171e-001
0 0 0
2 0 66 -60.0000 43.5000 1 66 -184.8000 26.6000
-7.0733353825e-002 5.2382639001e-002 -8.9855337332e-001
0 0 0
2 0 67 -60.8500 46.0800 1 67 -195.2000 26.0000
-7.0243021956e-002 5.6797909433e-002 -9.1314716845e-001
0 0 0
2 0 68 -60.9000 49.0000 1 68 -206.8300 25.6700
-6.7996358220e-002 5.9585839347e-002 -9.2920981038e-001
0 0 0
2 0 69 -59.5300 50.6700 1 69 -217.8800 23.8800
-6.4343785970e-002 6.0670270149e-002 -9.4229367378e-001
0 0 0
2 0 70 -57.0000 51.0000 1 70 -225.5000 22.0000
-5.9421139344e-002 5.9322159780e-002 -9.5463739011e-001
0 0 0
2 0 71 -53.5000 49.5000 1 71 -231.0000 18.7500
-5.3478828732e-002 5.7884730349e-002 -9.6326344676e-001
0 0 0
2 0 72 -49.1800 48.1800 1 72 -233.4400 16.6700
-4.4975301989e-002 6.4893614532e-002 -9.7087547204e-001
0 0 0
2 0 73 -43.1000 53.2000 1 73 -237.2000 22.0000
-3.3430283485e-002 8.1920707650e-002 -9.7749781683e-001
0 0 0
2 0 74 -34.8300 67.1700 1 74 -242.2000 34.4000
-2.0899009939e-002 1.0455736733e-001 -9.8042105056e-001
0 0 0
2 0 75 -26.0000 83.0000 1 75 -247.0000 54.0000
-1.0113152249e-002 1.2399187131e-001 -9.8418521470e-001
0 0 0
2 0 76 -18.5000 97.0000 1 76 -251.6700 69.6700
1.2176343770e-003 1.4419940535e-001 -9.8772874141e-001
0 0 0
2 0 77 -10.6700 111.4400 1 77 -256.1700 85.8300
1.1126511657e-002 1.5894035083e-001 -9.8924138071e-001
0 0 0
2 0 78 -3.7100 122.0000 1 78 -258.0000 98.0000
2.7084054585e-002 1.7239165413e-001 -9.8738783689e-001
0 0 0
2 0 79 8.0000 132.2900 1 79 -254.5000 110.5000
4.3168503203e-002 1.8140228220e-001 -9.7963886015e-001
0 0 0
2 0 80 20.5000 139.5000 1 80 -246.0000 121.7100
6.3938385796e-002 1.8849123792e-001 -9.7707761931e-001
0 0 0
2 0 81 36.0000 145.5000 1 81 -238.0000 129.5000
7.7388069749e-002 1.9100868640e-001 -9.6689704552e-001
0 0 0
2 0 82 47.2900 149.0000 1 82 -227.2000 135.4000
8.8174132217e-002 1.9243209610e-001 -9.5881286842e-001
0 0 0
2 0 83 56.5000 151.5000 1 83 -218.5000 139.5000
9.2836866808e-002 1.9249309887e-001 -9.4794006936e-001
0 0 0
2 0 84 61.7300 153.0000 1 84 -210.2500 143.2500
9.5710228693e-002 1.9312580332e-001 -9.3821751782e-001
0 0 0
2 0 85 65.5400 155.2300 1 85 -203.5000 146.5000
6.0337105113e-002 1.7961622462e-001 -8.7972277705e-001
0 0 0
2 0 86 47.6700 154.8300 1 86 -176.0000 150.0000
4.5944013489e-002 1.6762737712e-001 -8.6973513491e-001
0 0 0
2 0 87 37.5000 146.5000 1 87 -170.8000 142.6000
-2.1843130320e-002 6.6781070267e-002 -8.0770090979e-001
0 0 0
2 0 88 -12.7000 64.3000 1 88 -117.3300 73.3300
-2.3112230489e-002 6.6000864728e-002 -8.1235326719e-001
0 0 0
2 0 89 -14.3100 63.1900 1 89 -120.8300 71.1700
-2.2790588876e-002 6.9588210439e-002 -8.1714770981e-001
0 0 0
2 0 90 -14.5200 66.2400 1 90 -125.4000 72.6000
-2.2369859288e-002 7.4251172250e-002 -8.1927570642e-001
0 0 0
2 0 91 -14.4100 70.4100 1 91 -128.4300 75.7100
-2.2146672612e-002 7.7449313613e-002 -8.2241847419e-001
0 0 0
2 0 92 -14.5700 72.8600 1 92 -131.8000 77.6000
