# Bundle file v0.3
4 93
5.9301807139e+002 -7.4786259145e-002 -7.6737529688e-003
9.7972408711e-001 9.2466184635e-003 2.0013798538e-001
-8.1466647149e-003 9.9994685054e-001 -6.3188572503e-003
-2.0018577621e-001 4.5602795875e-003 9.7974734440e-001
1.8000701147e-001 -9.3868556154e-004 1.5575457987e-001
5.9413711161e+002 5.2353781870e-002 1.5200326247e-002
3.3855929864e-001 -3.9983894817e-001 8.5176664458e-001
3.1034394243e-001 9.0202107327e-001 3.0007435875e-001
-8.8829287890e-001 1.6274765407e-001 4.2947521744e-001
5.8148602255e-001 2.7652872895e-001 -3.7658353769e-001
5.4242230702e+002 -1.0909852012e-001 -1.2962307507e-002
-5.6935311609e-001 3.2400715398e-001 -7.5555039102e-001
-5.2341428726e-001 5.6583731615e-001 6.3707583187e-001
6.3393573262e-001 7.5818697946e-001 -1.5257126558e-001
-6.4211150772e-001 5.5724123582e-001 -7.5930585876e-001
5.4626325303e+002 1.2431433631e-002 -1.9306770554e-002
-9.7707368038e-001 -1.7620082223e-001 -1.1950018142e-001
-1.9846975632e-001 5.5069225012e-001 8.1076988195e-001
-7.7050496046e-002 8.1589908439e-001 -5.7303743783e-001
-1.5554774276e-001 6.4717969706e-001 -1.0763981402e+000
-8.4524173831e-003 4.9089030386e-002 -8.5523401774e-001
0 0 0
4 0 0 0.8200 46.7700 1 0 -138.7000 50.3000 2 0 22.3600 40.7900 3 0 -53.9000 -17.8100
-6.1341086495e-003 5.1516472007e-002 -8.5859687986e-001
0 0 0
4 0 1 2.4100 48.4100 1 1 -140.8000 52.0000 2 1 24.2300 39.1500 3 1 -56.3300 -19.8100
-1.5391577987e-004 5.8580484352e-002 -8.6247604914e-001
0 0 0
4 0 2 6.3200 53.8400 1 2 -142.8800 57.1200 2 2 26.6200 38.3800 3 2 -64.5200 -20.3000
6.4377689193e-003 7.0214903775e-002 -8.6644238828e-001
0 0 0
4 0 3 11.9000 63.8100 1 3 -146.3300 66.2200 2 3 30.0000 39.5000 3 3 -73.2900 -19.0000
1.8086245373e-002 8.7682847376e-002 -8.6891545621e-001
0 0 0
4 0 4 22.5600 79.6100 1 4 -148.7500 79.6700 2 4 31.7300 43.3300 3 4 -89.5000 -14.5000
3.3999017253e-002 1.0770345121e-001 -8.7037340001e-001
0 0 0
4 0 5 34.1700 94.1700 1 5 -150.0000 97.0000 2 5 31.8900 47.3300 3 5 -114.5800 -6.8300
4.5718503273e-002 1.2599955902e-001 -8.7199517854e-001
0 0 0
4 0 6 43.1000 109.0000 1 6 -152.0000 111.0000 2 6 33.7900 52.8400 3 6 -135.0400 0.3200
4.7020128158e-002 1.4100129173e-001 -8.7579634410e-001
0 0 0
4 0 7 43.3900 120.2600 1 7 -158.4300 120.2900 2 7 43.0000 61.0000 3 7 -143.8700 6.1300
4.2430359113e-002 1.5317902234e-001 -8.7936110747e-001
0 0 0
4 0 8 39.1500 129.5400 1 8 -168.0000 128.2500 2 8 53.3700 68.9500 3 8 -144.2400 12.5900
3.3396136489e-002 1.6129709956e-001 -8.8315942482e-001
0 0 0
4 0 9 30.1200 137.1200 1 9 -176.0000 131.7500 2 9 65.6200 76.6200 3 9 -137.8700 16.5300
2.3741371858e-002 1.6422911655e-001 -8.8757730378e-001
0 0 0
4 0 10 21.8900 138.6700 1 10 -185.5000 131.5000 2 10 75.6000 80.4000 3 10 -127.9300 17.0700
1.2050697579e-002 1.6385722758e-001 -8.9153370265e-001
0 0 0
4 0 11 12.5000 138.5000 1 11 -192.6700 129.3300 2 11 85.4700 82.8700 3 11 -113.0000 15.5000
-8.0297923710e-004 1.6034672022e-001 -8.9485415170e-001
0 0 0
4 0 12 0.3100 135.1900 1 12 -200.5000 124.1200 2 12 92.4700 84.0000 3 12 -96.8000 13.0800
-1.4897909866e-002 1.5457929542e-001 -8.9774205380e-001
0 0 0
4 0 13 -11.5000 130.5000 1 13 -207.6200 117.2500 2 13 98.7900 84.3700 3 13 -77.4100 9.5500
-2.7635786903e-002 1.4826856741e-001 -8.9986479659e-001
0 0 0
4 0 14 -21.8300 125.8300 1 14 -213.0000 110.0000 2 14 103.7100 84.0000 3 14 -59.4100 6.2400
-4.1330977642e-002 1.3948011199e-001 -9.0007641742e-001
0 0 0
4 0 15 -32.0000 119.3100 1 15 -217.2000 102.0000 2 15 105.7500 83.5800 3 15 -39.2000 2.9200
-5.3390077363e-002 1.3059121600e-001 -8.9714342632e-001
0 0 0
4 0 16 -42.5000 112.5000 1 16 -219.3800 93.7500 2 16 104.3000 84.7000 3 16 -23.7100 2.8300
-6.5365999489e-002 1.2090994495e-001 -8.9304054631e-001
0 0 0
4 0 17 -52.0000 106.0000 1 17 -219.5000 85.0000 2 17 102.1700 85.8300 3 17 -7.8300 3.0000
-7.4668543063e-002 1.1195776621e-001 -8.8881392428e-001
0 0 0
4 0 18 -59.7000 99.3000 1 18 -218.1700 77.8300 2 18 99.5000 85.8800 3 18 4.2400 3.4100
-8.5332481699e-002 1.0042436865e-001 -8.8330665889e-001
0 0 0
4 0 19 -68.1500 90.5400 1 19 -216.3300 68.0000 2 19 95.2000 86.0000 3 19 17.5900 3.5900
-9.4484890657e-002 8.7946590215e-002 -8.7660037133e-001
0 0 0
4 0 20 -75.0900 81.2200 1 20 -212.3800 58.3800 2 20 88.6200 85.3800 3 20 29.4100 3.4400
-1.0332112679e-001 7.2770922710e-002 -8.6798839170e-001
0 0 0
4 0 21 -83.0000 68.8600 1 21 -205.1500 45.9200 2 21 81.6000 84.4000 3 21 38.7100 4.0800
-1.1048977372e-001 5.6686809830e-002 -8.5492312471e-001
0 0 0
4 0 22 -88.9100 54.9100 1 22 -194.6700 35.5300 2 22 69.5000 84.5000 3 22 45.7900 7.0000
-1.1340144187e-001 4.2853638606e-002 -8.4078825838e-001
0 0 0
4 0 23 -90.6700 44.0800 1 23 -180.0000 26.2900 2 23 58.0000 85.1200 3 23 47.8600 11.2900
-1.1339367538e-001 2.9329195949e-002 -8.2372714331e-001
0 0 0
4 0 24 -90.1400 32.7100 1 24 -161.7500 19.6200 2 24 43.7100 86.0000 3 24 46.4200 16.9200
-1.1063872275e-001 1.9437744909e-002 -8.0810574928e-001
0 0 0
4 0 25 -86.9100 24.2700 1 25 -145.8200 16.8200 2 25 28.1800 87.1800 3 25 43.0000 21.8300
-1.0111724568e-001 1.3121862266e-002 -7.9522826358e-001
0 0 0
4 0 26 -76.5900 17.8600 1 26 -128.2000 17.9000 2 26 16.1800 86.8200 3 26 33.2100 26.3600
-8.6549625761e-002 1.1221774230e-002 -7.8450378859e-001
0 0 0
4 0 27 -61.3300 16.2500 1 27 -113.0000 23.2500 2 27 2.0000 86.0000 3 27 19.3300 30.1100
-7.1775039961e-002 1.3673513272e-002 -7.7908860296e-001
0 0 0
4 0 28 -46.0000 18.3500 1 28 -103.0000 30.4300 2 28 -6.5400 85.0000 3 28 5.0000 33.0000
-5.7604332982e-002 2.1762021475e-002 -7.8196617410e-001
0 0 0
4 0 29 -32.3900 26.1400 1 29 -102.0000 40.0000 2 29 -9.8300 83.0000 3 29 -8.1100 32.5600
-4.3357392027e-002 3.0122680291e-002 -7.8693492426e-001
0 0 0
4 0 30 -18.9300 33.5900 1 30 -102.5500 48.3600 2 30 -11.0800 80.3100 3 30 -21.8800 31.3100
-3.4023050628e-002 3.8915477426e-002 -7.9825659392e-001
0 0 0
4 0 31 -12.6200 41.1200 1 31 -109.0000 54.0000 2 31 -5.6000 76.4000 3 31 -32.0000 26.0000
-2.9978397922e-002 4.6167798686e-002 -8.1406842623e-001
0 0 0
4 0 32 -11.0000 47.0000 1 32 -121.5000 55.5000 2 32 4.0000 70.5000 3 32 -35.6800 17.8400
-3.3353686704e-002 4.7319432404e-002 -8.3441987748e-001
0 0 0
4 0 33 -17.3800 46.9500 1 33 -136.8500 49.7700 2 33 19.3300 61.5300 3 33 -31.0900 3.2200
-4.0051078441e-002 4.6288680275e-002 -8.5165994314e-001
0 0 0
4 0 34 -26.4400 44.5600 1 34 -151.0000 42.0000 2 34 34.4000 53.6000 3 34 -24.0900 -8.4300
-4.7890634970e-002 4.1537240955e-002 -8.6940718735e-001
0 0 0
4 0 35 -35.1400 40.0700 1 35 -164.0000 32.0000 2 35 47.7700 45.1500 3 35 -12.8800 -25.3300
-5.0600133062e-002 3.3912963164e-002 -8.8231078102e-001
0 0 0
4 0 36 -39.1900 32.6900 1 36 -170.2900 22.0000 2 36 56.1700 33.0000 3 36 -7.3700 -37.5300
-4.8849092402e-002 2.2562073049e-002 -8.9704672661e-001
0 0 0
4 0 37 -38.9400 23.1200 1 37 -174.0000 10.0000 2 37 60.1700 21.0000 3 37 -4.8000 -58.8000
-4.4741608431e-002 1.2240416961e-002 -9.0750501632e-001
0 0 0
4 0 38 -37.3800 14.6200 1 38 -174.0000 1.0000 2 38 62.0000 7.0000 3 38 -5.5000 -72.7800
-4.0844072634e-002 -2.3350812947e-004 -9.1410260337e-001
0 0 0
4 0 39 -34.6900 3.8800 1 39 -171.6200 -8.7500 2 39 60.3100 -2.9200 3 39 -6.4100 -85.5900
-3.6916868573e-002 -8.2553158760e-003 -9.1790234148e-001
0 0 0
3 0 40 -32.5000 -2.5000 1 40 -169.0000 -14.1200 2 40 58.1700 -11.0000
-3.8029440864e-002 -1.0194218329e-002 -9.1431245560e-001
0 0 0
3 0 41 -32.4000 -4.4000 1 41 -166.8300 -15.1700 2 41 56.0000 -9.0000
-4.2758527227e-002 9.2883780016e-004 -9.0327647270e-001
0 0 0
4 0 42 -34.9200 3.6900 1 42 -166.5000 -4.5000 2 42 54.8200 4.1800 3 42 -5.6900 -75.1900
-4.9804658524e-002 2.0504551361e-002 -8.8981461942e-001
0 0 0
4 0 43 -38.7000 22.3000 1 43 -168.6000 8.8000 2 43 55.3100 26.5400 3 43 -4.8800 -54.7600
-5.2436120487e-002 4.5902083895e-002 -8.7539626487e-001
0 0 0
4 0 44 -39.7800 43.7800 1 44 -170.8000 34.0000 2 44 55.1700 46.0000 3 44 -7.5900 -28.2300
-5.5499899205e-002 6.4753321634e-002 -8.6434859193e-001
0 0 0
4 0 45 -40.3200 60.1600 1 45 -173.1800 50.1800 2 45 56.6400 64.4500 3 45 -10.2100 -7.0000
-5.5987715793e-002 8.3454164583e-002 -8.5917401699e-001
0 0 0
4 0 46 -40.5300 77.7400 1 46 -177.2000 68.0000 2 46 58.9200 77.6900 3 46 -13.2000 7.4400
-5.3919093732e-002 1.0080784969e-001 -8.5466718873e-001
0 0 0
4 0 47 -38.1000 92.5200 1 47 -180.4500 82.8200 2 47 62.1400 90.7100 3 47 -20.8000 22.5600
-4.6081569822e-002 1.2089229714e-001 -8.5584159875e-001
0 0 0
4 0 48 -30.6200 110.4800 1 48 -184.6000 100.8000 2 48 66.6900 99.9200 3 48 -32.7700 32.0700
-2.6104326455e-002 1.4086146841e-001 -8.5527648815e-001
0 0 0
4 0 49 -13.0900 127.6400 1 49 -181.6000 119.8000 2 49 64.6000 105.4000 3 49 -60.5000 42.1200
-6.7771808731e-003 1.5105933622e-001 -8.4963975175e-001
0 0 0
4 0 50 4.3600 136.7900 1 50 -172.4300 131.7100 2 50 54.2700 108.6700 3 50 -86.2100 49.7500
1.3839167510e-002 1.5717717330e-001 -8.4390939077e-001
0 0 0
4 0 51 23.6200 141.4400 1 51 -161.7500 139.2500 2 51 41.3900 108.6100 3 51 -112.3900 55.4400
2.5645776942e-002 1.5436982297e-001 -8.3308390906e-001
0 0 0
4 0 52 35.5600 141.4400 1 52 -148.0000 142.5000 2 52 24.1600 108.4200 3 52 -123.9500 58.7900
3.1972677641e-002 1.4923719174e-001 -8.2302396188e-001
0 0 0
4 0 53 43.4700 137.3700 1 53 -137.5700 141.7100 2 53 10.6100 108.6100 3 53 -129.1900 63.1000
3.1220889443e-002 1.3971554102e-001 -8.1138224584e-001
0 0 0
4 0 54 45.6500 131.7000 1 54 -126.1200 137.8800 2 54 -1.0000 109.0000 3 54 -124.2400 65.9500
2.3078370041e-002 1.2877461370e-001 -8.0001869001e-001
0 0 0
4 0 55 40.6500 123.5300 1 55 -119.3300 132.6700 2 55 -9.3800 111.6200 3 55 -112.0000 69.0000
1.0643143663e-002 1.1674590698e-001 -7.9134282437e-001
0 0 0
4 0 56 32.3300 115.1700 1 56 -114.5000 124.5000 2 56 -12.1400 112.7100 3 56 -94.5000 70.1900
-9.9940607409e-004 1.0523137866e-001 -7.8756053417e-001
0 0 0
4 0 57 20.3900 104.5200 1 57 -112.6700 114.3300 2 57 -11.5600 111.7500 3 57 -81.7600 68.5900
-1.5210435207e-002 9.3064041183e-002 -7.8571276266e-001
0 0 0
4 0 58 8.5000 94.0900 1 58 -113.0000 104.0000 2 58 -8.4700 109.3300 3 58 -63.1700 64.7200
-3.0001842439e-002 7.9449868135e-002 -7.8812066475e-001
0 0 0
4 0 59 -6.1500 81.4600 1 59 -116.0000 90.0000 2 59 -3.0800 104.3100 3 59 -45.2000 57.2000
-4.4285771358e-002 6.5663579827e-002 -7.9332271133e-001
0 0 0
4 0 60 -20.8900 67.7100 1 60 -121.4000 74.6000 2 60 3.1300 98.4700 3 60 -28.4200 47.5800
-5.4319568611e-002 5.6056312972e-002 -8.0170706512e-001
0 0 0
4 0 61 -31.8100 58.0500 1 61 -127.3000 62.3000 2 61 11.6200 91.3800 3 61 -16.2100 37.9500
-6.4393306524e-002 4.6379641862e-002 -8.1024965661e-001
0 0 0
4 0 62 -42.5700 48.4800 1 62 -135.3800 49.6200 2 62 17.3600 85.9100 3 62 -4.0600 26.8800
-6.9930631741e-002 4.1663957256e-002 -8.2489694645e-001
0 0 0
4 0 63 -49.1900 43.1000 1 63 -145.0000 40.0000 2 63 29.8500 76.5400 3 63 3.7200 15.5600
-7.4315099859e-002 4.0252011340e-002 -8.4311994672e-001
0 0 0
4 0 64 -55.2800 40.8300 1 64 -159.6200 32.7500 2 64 41.8500 68.5400 3 64 10.3800 0.5600
-7.5707172799e-002 4.1658589459e-002 -8.5976109716e-001
0 0 0
4 0 65 -58.6200 41.3800 1 65 -170.0000 29.5000 2 65 55.1800 60.1800 3 65 14.0800 -11.6900
-7.6186812332e-002 4.5167953649e-002 -8.7712922906e-001
0 0 0
4 0 66 -60.0000 43.5000 1 66 -184.8000 26.6000 2 66 66.1200 54.1200 3 66 16.1400 -24.7100
-7.5743261382e-002 4.9134763561e-002 -8.9149134562e-001
0 0 0
4 0 67 -60.8500 46.0800 1 67 -195.2000 26.0000 2 67 76.8200 48.1800 3 67 17.2200 -35.1700
-7.4131191072e-002 5.4278494455e-002 -9.0921372767e-001
0 0 0
4 0 68 -60.9000 49.0000 1 68 -206.8300 25.6700 2 68 90.7900 40.3600 3 68 17.3900 -48.4800
-7.0865494933e-002 5.7677143256e-002 -9.2684760723e-001
0 0 0
4 0 69 -59.5300 50.6700 1 69 -217.8800 23.8800 2 69 101.9000 32.2000 3 69 15.5900 -64.8600
-6.5854276073e-002 5.9705707692e-002 -9.4418152772e-001
0 0 0
4 0 70 -57.0000 51.0000 1 70 -225.5000 22.0000 2 70 113.8300 20.1700 3 70 12.5600 -81.0000
-5.9889508059e-002 5.8829008292e-002 -9.5933699087e-001
0 0 0
4 0 71 -53.5000 49.5000 1 71 -231.0000 18.7500 2 71 120.6700 9.8300 3 71 8.2500 -99.5800
-5.2684179890e-002 5.8142619781e-002 -9.7177584659e-001
0 0 0
4 0 72 -49.1800 48.1800 1 72 -233.4400 16.6700 2 72 127.1500 -2.2300 3 72 2.1900 -113.6900
-4.3112680605e-002 6.5720499233e-002 -9.8307626018e-001
0 0 0
4 0 73 -43.1000 53.2000 1 73 -237.2000 22.0000 2 73 134.2500 -8.6700 3 73 -8.7500 -126.0500
-3.1095864653e-002 8.4594469299e-002 -9.9222528005e-001
0 0 0
4 0 74 -34.8300 67.1700 1 74 -242.2000 34.4000 2 74 146.0000 -10.0000 3 74 -26.9100 -130.9100
-1.8872801925e-002 1.0839546075e-001 -9.9772548113e-001
0 0 0
4 0 75 -26.0000 83.0000 1 75 -247.0000 54.0000 2 75 158.0000 -7.5000 3 75 -47.8800 -129.5900
-5.3899298200e-003 1.3045159160e-001 -1.0042587535e+000
0 0 0
4 0 76 -18.5000 97.0000 1 76 -251.6700 69.6700 2 76 170.3600 -5.9100 3 76 -74.3600 -130.5500
5.2680341851e-003 1.5096333823e-001 -1.0092577663e+000
0 0 0
4 0 77 -10.6700 111.4400 1 77 -256.1700 85.8300 2 77 182.0000 -3.6700 3 77 -96.5800 -130.1800
1.7222008610e-002 1.6838399266e-001 -1.0119825880e+000
0 0 0
4 0 78 -3.7100 122.0000 1 78 -258.0000 98.0000 2 78 191.1700 -1.2800 3 78 -123.6000 -127.4900
3.2313854131e-002 1.8294182326e-001 -1.0127982995e+000
0 0 0
4 0 79 8.0000 132.2900 1 79 -254.5000 110.5000 2 79 196.5600 -2.1100 3 79 -153.3800 -124.8900
5.2269897147e-002 1.9498972735e-001 -1.0103395440e+000
0 0 0
4 0 80 20.5000 139.5000 1 80 -246.0000 121.7100 2 80 195.1200 -4.5000 3 80 -192.1000 -120.0000
7.1194977203e-002 2.0341791052e-001 -1.0047168761e+000
0 0 0
4 0 81 36.0000 145.5000 1 81 -238.0000 129.5000 2 81 187.4100 -6.4500 3 81 -226.6000 -111.7700
8.6094368162e-002 2.0709769398e-001 -9.9779023544e-001
0 0 0
4 0 82 47.2900 149.0000 1 82 -227.2000 135.4000 2 82 176.5300 -8.5300 3 82 -250.5700 -103.7600
9.6987829328e-002 2.0869659263e-001 -9.8737938946e-001
0 0 0
4 0 83 56.5000 151.5000 1 83 -218.5000 139.5000 2 83 160.6100 -6.2600 3 83 -266.1200 -90.6000
1.0135617556e-001 2.0875648491e-001 -9.7693367691e-001
0 0 0
4 0 84 61.7300 153.0000 1 84 -210.2500 143.2500 2 84 147.3800 0.1600 3 84 -269.8000 -77.6000
1.0281644006e-001 2.0852773512e-001 -9.6283002212e-001
0 0 0
4 0 85 65.5400 155.2300 1 85 -203.5000 146.5000 2 85 130.6200 11.2800 3 85 -268.5500 -58.8400
5.5951314249e-002 1.8581713035e-001 -8.8603265561e-001
0 0 0
4 0 86 47.6700 154.8300 1 86 -176.0000 150.0000 2 86 67.4100 82.8800 3 86 -178.5000 26.5000
3.9603327569e-002 1.7125337292e-001 -8.7178737407e-001
0 0 0
4 0 87 37.5000 146.5000 1 87 -170.8000 142.6000 2 87 56.4500 90.1500 3 87 -150.2100 33.1800
-3.5002082683e-002 6.2614588306e-002 -7.9619988486e-001
0 0 0
4 0 88 -12.7000 64.3000 1 88 -117.3300 73.3300 2 88 -0.1100 91.3300 3 88 -36.0000 41.7100
-3.6099540869e-002 6.1873809137e-002 -8.0033747311e-001
0 0 0
4 0 89 -14.3100 63.1900 1 89 -120.8300 71.1700 2 89 2.5500 89.1800 3 89 -34.4000 38.4000
-3.5856835099e-002 6.5656477396e-002 -8.0557292683e-001
0 0 0
4 0 90 -14.5200 66.2400 1 90 -125.4000 72.6000 2 90 7.5300 88.6700 3 90 -34.8300 36.7200
-3.4955185450e-002 7.0095203136e-002 -8.0840667328e-001
0 0 0
4 0 91 -14.4100 70.4100 1 91 -128.4300 75.7100 2 91 10.0000 89.5000 3 91 -36.3800 36.5600
-3.4709677921e-002 7.3420359514e-002 -8.1153722883e-001
0 0 0
4 0 92 -14.5700 72.8600 1 92 -131.8000 77.6000 2 92 13.1200 89.8800 3 92 -37.1800 36.1800
