# Bundle file v0.3
4 74
7.6800000000e+002 0.0000000000e+000 0.0000000000e+000
1.0000000000e+000 0.0000000000e+000 0.0000000000e+000
0.0000000000e+000 1.0000000000e+000 0.0000000000e+000
0.0000000000e+000 0.0000000000e+000 1.0000000000e+000
-0.0000000000e+000 -0.0000000000e+000 -0.0000000000e+000
7.6800000000e+002 0.0000000000e+000 0.0000000000e+000
4.2755371953e-001 3.6129159926e-001 8.2865324305e-001
-3.4701283284e-001 9.1202909537e-001 -2.1859785689e-001
-8.3473343695e-001 -1.9409098252e-001 5.1531425338e-001
8.3096149966e-001 -2.2943477682e-001 -5.0681620856e-001
0 0 0
0 0 0
0 0 0
0 0 0
0 0 0
0 0 0
0 0 0
0 0 0
0 0 0
0 0 0
5.4702178046e-003 -1.4257432538e-001 -8.9665983100e-001
0 0 0
2 0 0 4.7200 -122.3800 1 0 31.5300 -134.0000
1.1312955697e-003 -1.4191096959e-001 -8.9495939451e-001
0 0 0
2 0 1 1.0000 -122.0000 1 1 31.5000 -133.2500
3.1872488818e-003 -1.4244223143e-001 -8.9561349994e-001
0 0 0
2 0 2 2.7600 -122.3500 1 2 31.5500 -133.8500
1.5020807453e-003 -1.4269178788e-001 -8.9681180072e-001
0 0 0
2 0 3 1.3000 -122.3000 1 3 30.0900 -133.5700
-9.0693669482e-004 -1.4235753181e-001 -8.9584337169e-001
0 0 0
2 0 4 -0.7500 -122.2500 1 4 30.1000 -133.0500
-4.7002199871e-003 -1.4158606627e-001 -8.9408912692e-001
0 0 0
2 0 5 -4.0000 -121.9000 1 5 30.3300 -132.1900
-1.0821772098e-002 -1.4022535500e-001 -8.9151900001e-001
0 0 0
2 0 6 -9.3100 -120.8900 1 6 30.5000 -130.9500
-1.9920672715e-002 -1.3724588445e-001 -8.8924381343e-001
0 0 0
2 0 7 -17.1900 -118.6400 1 7 30.0000 -127.6200
-2.8524011337e-002 -1.3233023938e-001 -8.8838206336e-001
0 0 0
2 0 8 -24.6600 -114.3900 1 8 29.2000 -122.5600
-3.9317221055e-002 -1.2396913967e-001 -8.8832586270e-001
0 0 0
2 0 9 -34.0000 -107.1200 1 9 28.1200 -114.0000
-4.7499366997e-002 -1.1429725921e-001 -8.8690899622e-001
0 0 0
2 0 10 -41.1500 -98.8500 1 10 29.2800 -105.1200
-5.3178747553e-002 -1.0103757011e-001 -8.8269196429e-001
0 0 0
2 0 11 -46.2900 -87.7800 1 11 34.4300 -94.3900
-5.5966545284e-002 -8.6417825713e-002 -8.7803503801e-001
0 0 0
2 0 12 -48.9800 -75.4300 1 12 41.3100 -83.2300
-5.6055166806e-002 -7.4398419699e-002 -8.7319621151e-001
0 0 0
2 0 13 -49.3300 -65.2800 1 13 48.4500 -74.7300
-5.4381593060e-002 -6.2801089864e-002 -8.6761133634e-001
0 0 0
2 0 14 -48.1400 -55.5800 1 14 56.6100 -67.0000
-5.2645582258e-002 -5.3587958978e-002 -8.6351184380e-001
0 0 0
2 0 15 -46.8400 -47.5700 1 15 62.9100 -61.0900
-5.1000101013e-002 -4.4174909158e-002 -8.5932547307e-001
0 0 0
2 0 16 -45.5900 -39.4300 1 16 69.3200 -54.9100
-4.9341576259e-002 -3.6454355852e-002 -8.5617537745e-001
0 0 0
2 0 17 -44.2600 -32.7000 1 17 74.4500 -49.8500
-4.8941315590e-002 -3.1002178227e-002 -8.5373525436e-001
0 0 0
2 0 18 -44.0200 -27.9200 1 18 78.0000 -46.1400
-4.9420157366e-002 -2.8074869689e-002 -8.5255869830e-001
0 0 0
2 0 19 -44.5500 -25.1400 1 19 79.5500 -44.1500
-5.0848802219e-002 -2.9883879423e-002 -8.5384612011e-001
0 0 0
2 0 20 -45.7800 -26.6700 1 20 77.6200 -45.0000
-5.2571595327e-002 -3.7242938529e-002 -8.5587265930e-001
0 0 0
2 0 21 -47.1800 -33.3900 1 21 73.4800 -49.7600
-5.3539213411e-002 -4.6445856981e-002 -8.5848770717e-001
0 0 0
2 0 22 -47.9000 -41.5300 1 22 68.5200 -56.2400
-5.6745635571e-002 -5.7869311523e-002 -8.6298313106e-001
0 0 0
2 0 23 -50.5000 -51.5000 1 23 60.7900 -63.5400
-6.0900639174e-002 -7.0123420817e-002 -8.6791691192e-001
0 0 0
2 0 24 -53.7800 -62.6500 1 24 52.2700 -70.6400
-6.3226751144e-002 -8.4161286108e-002 -8.7512528483e-001
0 0 0
2 0 25 -55.5200 -73.6700 1 25 41.7400 -80.5200
-6.3352893171e-002 -9.7246153952e-002 -8.7930814927e-001
0 0 0
2 0 26 -55.2100 -85.6800 1 26 34.8300 -89.1200
-6.1459521756e-002 -1.1560884482e-001 -8.8713108933e-001
0 0 0
2 0 27 -53.2500 -99.8000 1 27 23.9200 -103.4800
-5.8868533592e-002 -1.2876051518e-001 -8.9460921066e-001
0 0 0
2 0 28 -50.5500 -110.4500 1 28 15.4100 -112.5600
-5.5374734968e-002 -1.4180958125e-001 -9.0462669835e-001
0 0 0
2 0 29 -47.0200 -120.3300 1 29 5.4800 -121.1700
-4.7309557136e-002 -1.5416774966e-001 -9.1213120077e-001
0 0 0
2 0 30 -39.8400 -129.7600 1 30 -0.6900 -130.5800
-3.7371342636e-002 -1.6355635629e-001 -9.1814402362e-001
0 0 0
2 0 31 -31.2600 -136.8100 1 31 -4.1300 -138.1300
-2.4667531721e-002 -1.7151764980e-001 -9.2263568314e-001
0 0 0
2 0 32 -20.5000 -143.0500 1 32 -5.0000 -145.0000
-1.4201383010e-002 -1.7723940805e-001 -9.2377316263e-001
0 0 0
2 0 33 -11.8000 -147.4100 1 33 -3.7900 -151.0000
1.8301313185e-004 -1.8261584974e-001 -9.2244237235e-001
0 0 0
2 0 34 0.1600 -152.1100 1 34 0.5600 -157.6100
1.6961513415e-002 -1.8547596794e-001 -9.1650663790e-001
0 0 0
2 0 35 14.2300 -155.5800 1 35 9.4400 -163.6100
2.9748913042e-002 -1.8595330280e-001 -9.0997460109e-001
0 0 0
2 0 36 25.1200 -157.0600 1 36 17.8900 -167.4400
4.1561813728e-002 -1.8486989499e-001 -9.0212658038e-001
0 0 0
2 0 37 35.3800 -157.3600 1 37 27.2100 -170.3700
5.1300162276e-002 -1.8336487796e-001 -8.9266370992e-001
0 0 0
2 0 38 44.1300 -157.7000 1 38 37.0000 -173.0000
5.8686416204e-002 -1.8183365415e-001 -8.8370135151e-001
0 0 0
2 0 39 51.0000 -158.0000 1 39 45.7000 -175.1000
6.4036160154e-002 -1.7918893934e-001 -8.7437609048e-001
0 0 0
2 0 40 56.2600 -157.5300 1 40 54.3500 -176.0500
7.0185395305e-002 -1.7321679195e-001 -8.6376196306e-001
0 0 0
2 0 41 62.4300 -154.2600 1 41 65.0000 -175.0000
7.3453586381e-002 -1.6672042921e-001 -8.5509398977e-001
0 0 0
2 0 42 66.0000 -150.0000 1 42 73.6300 -172.7900
7.4595114490e-002 -1.6034017263e-001 -8.4973437600e-001
0 0 0
2 0 43 67.4500 -145.1900 1 43 79.3700 -169.5300
7.2673078985e-002 -1.5934275774e-001 -8.4940946684e-001
0 0 0
2 0 44 65.7400 -144.3600 1 44 79.3500 -168.6000
6.6741097429e-002 -1.6448666735e-001 -8.5455518926e-001
0 0 0
2 0 45 60.0000 -148.0000 1 45 72.7500 -170.5000
6.0538747852e-002 -1.7048595587e-001 -8.6233509113e-001
0 0 0
2 0 46 53.9400 -152.0600 1 46 64.0000 -172.1400
5.3939466558e-002 -1.7739032733e-001 -8.7293899350e-001
0 0 0
2 0 47 47.4900 -156.4000 1 47 52.9100 -173.6100
4.7094888896e-002 -1.8538055756e-001 -8.8505964989e-001
0 0 0
2 0 48 40.8800 -161.0000 1 48 40.3300 -175.8100
3.9731514301e-002 -1.9257921896e-001 -8.9460413550e-001
0 0 0
2 0 49 34.1200 -165.4400 1 49 29.5500 -177.8500
3.1868335354e-002 -1.9945758814e-001 -9.0657776086e-001
0 0 0
2 0 50 27.0000 -169.0000 1 50 17.0000 -179.0000
2.5697307299e-002 -2.0373936323e-001 -9.1650006097e-001
0 0 0
2 0 51 21.5300 -170.6900 1 51 7.0900 -178.9100
2.0216711947e-002 -2.0618773098e-001 -9.2841404827e-001
0 0 0
2 0 52 16.7100 -170.4200 1 52 -3.3900 -177.0000
1.6030378889e-002 -2.0726110441e-001 -9.4054186692e-001
0 0 0
2 0 53 13.0800 -169.1400 1 53 -13.1100 -174.0000
1.0237137085e-002 -2.0693395767e-001 -9.5429173035e-001
0 0 0
2 0 54 8.2300 -166.4500 1 54 -24.0000 -169.3500
5.3940797988e-003 -2.0296601625e-001 -9.6806607764e-001
0 0 0
2 0 55 4.2700 -160.9300 1 55 -33.4400 -162.1100
2.5594770153e-003 -1.9753283057e-001 -9.7897751552e-001
0 0 0
2 0 56 2.0000 -154.8900 1 56 -39.8200 -154.8200
7.9331921818e-004 -1.9088731784e-001 -9.8926655129e-001
0 0 0
2 0 57 0.6100 -148.1400 1 57 -45.0000 -147.0000
-3.9653806686e-004 -1.8588112435e-001 -9.9609413736e-001
0 0 0
2 0 58 -0.3100 -143.2800 1 58 -48.2400 -141.4100
-9.5860427471e-004 -1.8331029349e-001 -1.0021285850e+000
0 0 0
2 0 59 -0.7600 -140.2700 1 59 -51.4700 -138.1300
1.9603703064e-003 -1.8552168208e-001 -1.0026546191e+000
0 0 0
2 0 60 1.5000 -142.0900 1 60 -51.3100 -139.8800
9.7563212672e-003 -1.9189339370e-001 -9.9922765030e-001
0 0 0
2 0 61 7.5000 -147.5000 1 61 -48.1300 -146.5300
1.9073379369e-002 -1.9879547537e-001 -9.9378324698e-001
0 0 0
2 0 62 14.7400 -153.6300 1 62 -43.3300 -154.2700
3.2736748985e-002 -2.0692888246e-001 -9.8505152089e-001
0 0 0
2 0 63 25.5200 -161.3000 1 63 -35.3300 -164.2700
4.7301874289e-002 -2.1431397197e-001 -9.7702412357e-001
0 0 0
2 0 64 37.2000 -168.6500 1 64 -27.2900 -173.2900
6.0536956471e-002 -2.1837180493e-001 -9.6818811342e-001
0 0 0
2 0 65 48.0200 -173.2200 1 65 -18.4400 -180.2500
7.5377276042e-002 -2.1895999987e-001 -9.5606753821e-001
0 0 0
2 0 66 60.5500 -175.8900 1 66 -6.1500 -185.4600
8.5080166456e-002 -2.1706788729e-001 -9.4877399425e-001
0 0 0
2 0 67 68.8500 -175.4900 1 67 2.0000 -187.2700
1.0083411283e-001 -2.1293731709e-001 -9.4319355156e-001
0 0 0
2 0 68 82.0800 -173.1100 1 68 11.5000 -187.5000
1.1217461445e-001 -2.0799457700e-001 -9.3676249579e-001
0 0 0
2 0 69 91.9400 -170.2400 1 69 20.2300 -186.8500
1.4084365643e-001 -1.8672330925e-001 -8.9428258441e-001
0 0 0
2 0 70 120.9400 -160.2000 1 70 60.5000 -185.5000
1.3552594751e-001 -1.8581987244e-001 -8.8984265703e-001
0 0 0
2 0 71 116.9500 -160.1800 1 71 62.1500 -185.4600
1.2884020178e-001 -1.8328107135e-001 -8.8869089413e-001
0 0 0
2 0 72 111.3300 -158.2600 1 72 61.7700 -183.1500
1.1908088431e-001 -1.8270616680e-001 -8.9096650854e-001
0 0 0
2 0 73 102.6400 -157.4300 1 73 57.8300 -181.0000
