# Bundle file v0.3
4 74
7.6015622371e+002 -2.0264878591e-002 -1.9921501539e-003
9.9880399197e-001 6.8324787465e-003 4.8413870455e-002
-6.8779312333e-003 9.9997604852e-001 7.7230085897e-004
-4.8407434142e-002 -1.1043644527e-003 9.9882706246e-001
4.4816249302e-002 1.5127761035e-003 1.5349900968e-002
7.7305022796e+002 6.7086796821e-003 6.3809697038e-004
4.6605898594e-001 3.6170293795e-001 8.0744040418e-001
-3.4651810913e-001 9.1433241685e-001 -2.0957440575e-001
-8.1407261449e-001 -1.8211868707e-001 5.5146945714e-001
8.1123908887e-001 -2.2029599591e-001 -4.7533028848e-001
0 0 0
0 0 0
0 0 0
0 0 0
0 0 0
0 0 0
0 0 0
0 0 0
0 0 0
0 0 0
4.9855260839e-003 -1.4233601165e-001 -8.9600086852e-001
0 0 0
2 0 0 4.7200 -122.3800 1 0 31.5300 -134.0000
5.7719417397e-004 -1.4163038634e-001 -8.9403516121e-001
0 0 0
2 0 1 1.0000 -122.0000 1 1 31.5000 -133.2500
2.6594010208e-003 -1.4217935974e-001 -8.9480928273e-001
0 0 0
2 0 2 2.7600 -122.3500 1 2 31.5500 -133.8500
1.0450109863e-003 -1.4241954051e-001 -8.9598870694e-001
0 0 0
2 0 3 1.3000 -122.3000 1 3 30.0900 -133.5700
-1.4023354469e-003 -1.4206147690e-001 -8.9487090615e-001
0 0 0
2 0 4 -0.7500 -122.2500 1 4 30.1000 -133.0500
-5.2655831556e-003 -1.4125332761e-001 -8.9287357471e-001
0 0 0
2 0 5 -4.0000 -121.9000 1 5 30.3300 -132.1900
-1.1478613239e-002 -1.3983678382e-001 -8.8993051621e-001
0 0 0
2 0 6 -9.3100 -120.8900 1 6 30.5000 -130.9500
-2.0627138120e-002 -1.3679348925e-001 -8.8716811125e-001
0 0 0
2 0 7 -17.1900 -118.6400 1 7 30.0000 -127.6200
-2.9211571678e-002 -1.3184633594e-001 -8.8590255931e-001
0 0 0
2 0 8 -24.6600 -114.3900 1 8 29.2000 -122.5600
-3.9926175714e-002 -1.2347907681e-001 -8.8538335975e-001
0 0 0
2 0 9 -34.0000 -107.1200 1 9 28.1200 -114.0000
-4.8120845494e-002 -1.1383919767e-001 -8.8355173387e-001
0 0 0
2 0 10 -41.1500 -98.8500 1 10 29.2800 -105.1200
-5.3993927862e-002 -1.0067585434e-001 -8.7889067099e-001
0 0 0
2 0 11 -46.2900 -87.7800 1 11 34.4300 -94.3900
-5.7047427682e-002 -8.6209606169e-002 -8.7388517769e-001
0 0 0
2 0 12 -48.9800 -75.4300 1 12 41.3100 -83.2300
-5.7437756293e-002 -7.4346767244e-002 -8.6881185363e-001
0 0 0
2 0 13 -49.3300 -65.2800 1 13 48.4500 -74.7300
-5.6127627600e-002 -6.2925799627e-002 -8.6304261586e-001
0 0 0
2 0 14 -48.1400 -55.5800 1 14 56.6100 -67.0000
-5.4674107486e-002 -5.3863309244e-002 -8.5883605515e-001
0 0 0
2 0 15 -46.8400 -47.5700 1 15 62.9100 -61.0900
-5.3313900385e-002 -4.4611710545e-002 -8.5454130039e-001
0 0 0
2 0 16 -45.5900 -39.4300 1 16 69.3200 -54.9100
-5.1881842304e-002 -3.7029426579e-002 -8.5132963153e-001
0 0 0
2 0 17 -44.2600 -32.7000 1 17 74.4500 -49.8500
-5.1637243522e-002 -3.1675877463e-002 -8.4881050930e-001
0 0 0
2 0 18 -44.0200 -27.9200 1 18 78.0000 -46.1400
-5.2182971109e-002 -2.8799693811e-002 -8.4757111284e-001
0 0 0
2 0 19 -44.5500 -25.1400 1 19 79.5500 -44.1500
-5.3514974896e-002 -3.0568725326e-002 -8.4884774215e-001
0 0 0
2 0 20 -45.7800 -26.6700 1 20 77.6200 -45.0000
-5.5060807907e-002 -3.7794593615e-002 -8.5088918202e-001
0 0 0
2 0 21 -47.1800 -33.3900 1 21 73.4800 -49.7600
-5.5827775689e-002 -4.6839331668e-002 -8.5357970626e-001
0 0 0
2 0 22 -47.9000 -41.5300 1 22 68.5200 -56.2400
-5.8690693561e-002 -5.8062445338e-002 -8.5813930734e-001
0 0 0
2 0 23 -50.5000 -51.5000 1 23 60.7900 -63.5400
-6.2454076572e-002 -7.0109872885e-002 -8.6312376148e-001
0 0 0
2 0 24 -53.7800 -62.6500 1 24 52.2700 -70.6400
-6.4319600533e-002 -8.3935926242e-002 -8.7057771513e-001
0 0 0
2 0 25 -55.5200 -73.6700 1 25 41.7400 -80.5200
-6.4160669337e-002 -9.6858933218e-002 -8.7496029711e-001
0 0 0
2 0 26 -55.2100 -85.6800 1 26 34.8300 -89.1200
-6.1827503963e-002 -1.1503505265e-001 -8.8326417546e-001
0 0 0
2 0 27 -53.2500 -99.8000 1 27 23.9200 -103.4800
-5.8852405397e-002 -1.2810040693e-001 -8.9121615456e-001
0 0 0
2 0 28 -50.5500 -110.4500 1 28 15.4100 -112.5600
-5.4868488266e-002 -1.4111272402e-001 -9.0187716720e-001
0 0 0
2 0 29 -47.0200 -120.3300 1 29 5.4800 -121.1700
-4.6487170507e-002 -1.5349462482e-001 -9.1009489568e-001
0 0 0
2 0 30 -39.8400 -129.7600 1 30 -0.6900 -130.5800
-3.6321711064e-002 -1.6295795793e-001 -9.1682103042e-001
0 0 0
2 0 31 -31.2600 -136.8100 1 31 -4.1300 -138.1300
-2.3469580670e-002 -1.7103432394e-001 -9.2206293071e-001
0 0 0
2 0 32 -20.5000 -143.0500 1 32 -5.0000 -145.0000
-1.2981071410e-002 -1.7684339057e-001 -9.2370425309e-001
0 0 0
2 0 33 -11.8000 -147.4100 1 33 -3.7900 -151.0000
1.3071024749e-003 -1.8233432710e-001 -9.2292161845e-001
0 0 0
2 0 34 0.1600 -152.1100 1 34 0.5600 -157.6100
1.7771363881e-002 -1.8530745569e-001 -9.1742263452e-001
0 0 0
2 0 35 14.2300 -155.5800 1 35 9.4400 -163.6100
3.0233375205e-002 -1.8586271397e-001 -9.1115171330e-001
0 0 0
2 0 36 25.1200 -157.0600 1 36 17.8900 -167.4400
4.1661960458e-002 -1.8484392190e-001 -9.0348635348e-001
0 0 0
2 0 37 35.3800 -157.3600 1 37 27.2100 -170.3700
5.0933509251e-002 -1.8337196711e-001 -8.9406556649e-001
0 0 0
2 0 38 44.1300 -157.7000 1 38 37.0000 -173.0000
5.7874646135e-002 -1.8185560507e-001 -8.8508209524e-001
0 0 0
2 0 39 51.0000 -158.0000 1 39 45.7000 -175.1000
6.2740464247e-002 -1.7920604930e-001 -8.7564173775e-001
0 0 0
2 0 40 56.2600 -157.5300 1 40 54.3500 -176.0500
6.8323434977e-002 -1.7324720097e-001 -8.6492733396e-001
0 0 0
2 0 41 62.4300 -154.2600 1 41 65.0000 -175.0000
7.1105714310e-002 -1.6675609688e-001 -8.5611210510e-001
0 0 0
2 0 42 66.0000 -150.0000 1 42 73.6300 -172.7900
7.1922784857e-002 -1.6038546246e-001 -8.5062489995e-001
0 0 0
2 0 43 67.4500 -145.1900 1 43 79.3700 -169.5300
6.9958207383e-002 -1.5937020649e-001 -8.5018921514e-001
0 0 0
2 0 44 65.7400 -144.3600 1 44 79.3500 -168.6000
6.4291297242e-002 -1.6445496266e-001 -8.5521137516e-001
0 0 0
2 0 45 60.0000 -148.0000 1 45 72.7500 -170.5000
5.8505091137e-002 -1.7040762694e-001 -8.6295978597e-001
0 0 0
2 0 46 53.9400 -152.0600 1 46 64.0000 -172.1400
5.2482958788e-002 -1.7728446472e-001 -8.7364365968e-001
0 0 0
2 0 47 47.4900 -156.4000 1 47 52.9100 -173.6100
4.6311435854e-002 -1.8526558701e-001 -8.8593829525e-001
0 0 0
2 0 48 40.8800 -161.0000 1 48 40.3300 -175.8100
3.9479082501e-002 -1.9244139553e-001 -8.9556028658e-001
0 0 0
2 0 49 34.1200 -165.4400 1 49 29.5500 -177.8500
3.2277493528e-002 -1.9932779962e-001 -9.0773545877e-001
0 0 0
2 0 50 27.0000 -169.0000 1 50 17.0000 -179.0000
2.6647683102e-002 -2.0363362966e-001 -9.1787159405e-001
0 0 0
2 0 51 21.5300 -170.6900 1 51 7.0900 -178.9100
2.1801445543e-002 -2.0614630607e-001 -9.3015804264e-001
0 0 0
2 0 52 16.7100 -170.4200 1 52 -3.3900 -177.0000
1.8249471866e-002 -2.0730799454e-001 -9.4275703988e-001
0 0 0
2 0 53 13.0800 -169.1400 1 53 -13.1100 -174.0000
1.3160372141e-002 -2.0707246142e-001 -9.5703574179e-001
0 0 0
2 0 54 8.2300 -166.4500 1 54 -24.0000 -169.3500
8.9937782540e-003 -2.0320089470e-001 -9.7141012420e-001
0 0 0
2 0 55 4.2700 -160.9300 1 55 -33.4400 -162.1100
6.6763887702e-003 -1.9784371178e-001 -9.8285650513e-001
0 0 0
2 0 56 2.0000 -154.8900 1 56 -39.8200 -154.8200
5.3858533758e-003 -1.9126637181e-001 -9.9370113948e-001
0 0 0
2 0 57 0.6100 -148.1400 1 57 -45.0000 -147.0000
4.5059733404e-003 -1.8629748620e-001 -1.0009047526e+000
0 0 0
2 0 58 -0.3100 -143.2800 1 58 -48.2400 -141.4100
4.2336169421e-003 -1.8376827130e-001 -1.0073135049e+000
0 0 0
2 0 59 -0.7600 -140.2700 1 59 -51.4700 -138.1300
7.2039513181e-003 -1.8602379160e-001 -1.0080039877e+000
0 0 0
2 0 60 1.5000 -142.0900 1 60 -51.3100 -139.8800
1.4901075326e-002 -1.9246986533e-001 -1.0047012055e+000
0 0 0
2 0 61 7.5000 -147.5000 1 61 -48.1300 -146.5300
2.4033861318e-002 -1.9944594784e-001 -9.9932287607e-001
0 0 0
2 0 62 14.7400 -153.6300 1 62 -43.3300 -154.2700
3.7390150243e-002 -2.0767402516e-001 -9.9065706729e-001
0 0 0
2 0 63 25.5200 -161.3000 1 63 -35.3300 -164.2700
5.1710450484e-002 -2.1517519927e-001 -9.8281002660e-001
0 0 0
2 0 64 37.2000 -168.6500 1 64 -27.2900 -173.2900
6.4648621489e-002 -2.1931495939e-001 -9.7407131483e-001
0 0 0
2 0 65 48.0200 -173.2200 1 65 -18.4400 -180.2500
7.9028510783e-002 -2.1995720843e-001 -9.6195799793e-001
0 0 0
2 0 66 60.5500 -175.8900 1 66 -6.1500 -185.4600
8.8468841163e-002 -2.1810412649e-001 -9.5473476151e-001
0 0 0
2 0 67 68.8500 -175.4900 1 67 2.0000 -187.2700
1.0417719763e-001 -2.1410948189e-001 -9.4965340577e-001
0 0 0
2 0 68 82.0800 -173.1100 1 68 11.5000 -187.5000
1.1536210178e-001 -2.0923216219e-001 -9.4347288407e-001
0 0 0
2 0 69 91.9400 -170.2400 1 69 20.2300 -186.8500
1.4216657619e-001 -1.8788565534e-001 -9.0052674343e-001
0 0 0
2 0 70 120.9400 -160.2000 1 70 60.5000 -185.5000
1.3643194208e-001 -1.8687200617e-001 -8.9558929146e-001
0 0 0
2 0 71 116.9500 -160.1800 1 71 62.1500 -185.4600
1.2947793468e-001 -1.8422554653e-001 -8.9400451183e-001
0 0 0
2 0 72 111.3300 -158.2600 1 72 61.7700 -183.1500
1.1960075486e-001 -1.8353646628e-001 -8.9582543130e-001
0 0 0
2 0 73 102.6400 -157.4300 1 73 57.8300 -181.0000
