# Bundle file v0.3
4 74
6.6057128682e+002 -3.9170889544e-002 -3.4574354984e-003
9.7735435643e-001 1.5547778581e-002 2.1103726815e-001
-6.1033638675e-003 9.9895341422e-001 -4.5330179433e-002
-2.1152118314e-001 4.3015611109e-002 9.7642636501e-001
1.9681538652e-001 -3.8215177722e-002 1.3889966653e-001
6.6743988639e+002 -4.6194461561e-002 -8.8472314701e-003
5.7356926695e-001 4.0119411429e-001 7.1418595525e-001
-3.3294829925e-001 9.1076735180e-001 -2.4422993453e-001
-7.4844086342e-001 -9.7704214630e-002 6.5596506035e-001
7.2551669217e-001 -2.4849280307e-001 -2.1388949240e-001
5.2955330655e+002 -4.4191772003e-002 -4.9217509451e-003
-5.8834667494e-001 -3.6891220118e-001 -7.1954984393e-001
5.0739533353e-001 5.2443434917e-001 -6.8375330999e-001
6.2960159275e-001 -7.6738021947e-001 -1.2136487620e-001
-6.2599366717e-001 -5.9360785666e-001 -6.9532948808e-001
5.3307274096e+002 -1.9625634667e-002 -1.7429294100e-002
-9.8338342803e-001 6.5634505769e-002 -1.6926058348e-001
1.7984664363e-001 4.7929141628e-001 -8.5903138654e-001
2.4743044279e-002 -8.7519817752e-001 -4.8313138154e-001
-2.3601443436e-001 -7.1409107512e-001 -1.0119154528e+000
-2.8092541130e-003 -1.3752544748e-001 -8.8491763422e-001
0 0 0
4 0 0 4.7200 -122.3800 1 0 31.5300 -134.0000 2 0 69.0000 -67.9000 3 0 -106.1200 -23.2300
-7.2694686503e-003 -1.3636153108e-001 -8.8207289086e-001
0 0 0
4 0 1 1.0000 -122.0000 1 1 31.5000 -133.2500 2 1 68.4300 -71.1400 3 1 -101.2800 -26.3100
-5.0862354028e-003 -1.3714891038e-001 -8.8354952248e-001
0 0 0
4 0 2 2.7600 -122.3500 1 2 31.5500 -133.8500 2 2 69.0000 -69.5000 3 2 -103.6600 -24.9400
-6.5609128364e-003 -1.3733662011e-001 -8.8431511064e-001
0 0 0
4 0 3 1.3000 -122.3000 1 3 30.0900 -133.5700 2 3 70.4300 -69.6100 3 3 -102.0000 -24.8100
-8.7304591581e-003 -1.3716321612e-001 -8.8327168415e-001
0 0 0
4 0 4 -0.7500 -122.2500 1 4 30.1000 -133.0500 2 4 70.8900 -72.1900 3 4 -100.1600 -25.5800
-1.3469075297e-002 -1.3543391791e-001 -8.8008886370e-001
0 0 0
4 0 5 -4.0000 -121.9000 1 5 30.3300 -132.1900 2 5 69.8200 -74.5700 3 5 -94.0800 -28.9500
-2.0604041642e-002 -1.3326573469e-001 -8.7590566923e-001
0 0 0
4 0 6 -9.3100 -120.8900 1 6 30.5000 -130.9500 2 6 69.3900 -79.0000 3 6 -85.6800 -33.1300
-2.9232133935e-002 -1.2973657515e-001 -8.7218885186e-001
0 0 0
4 0 7 -17.1900 -118.6400 1 7 30.0000 -127.6200 2 7 69.2100 -83.2100 3 7 -76.4700 -36.0500
-3.9004140461e-002 -1.2402419773e-001 -8.6936235493e-001
0 0 0
4 0 8 -24.6600 -114.3900 1 8 29.2000 -122.5600 2 8 69.3000 -85.2200 3 8 -64.0000 -37.0000
-4.8913680744e-002 -1.1585425094e-001 -8.6769670237e-001
0 0 0
4 0 9 -34.0000 -107.1200 1 9 28.1200 -114.0000 2 9 69.3700 -85.2600 3 9 -53.0000 -36.0000
-5.6977814688e-002 -1.0603418663e-001 -8.6505040536e-001
0 0 0
4 0 10 -41.1500 -98.8500 1 10 29.2800 -105.1200 2 10 66.5600 -83.8900 3 10 -43.3100 -34.0900
-6.3885056551e-002 -9.3227830839e-002 -8.6027486710e-001
0 0 0
4 0 11 -46.2900 -87.7800 1 11 34.4300 -94.3900 2 11 61.4400 -82.1100 3 11 -34.6400 -32.0000
-6.7382387341e-002 -7.9398105822e-002 -8.5494200709e-001
0 0 0
4 0 12 -48.9800 -75.4300 1 12 41.3100 -83.2300 2 12 53.7200 -78.4400 3 12 -30.6400 -30.0000
-6.8703461883e-002 -6.8059673818e-002 -8.5005349374e-001
0 0 0
4 0 13 -49.3300 -65.2800 1 13 48.4500 -74.7300 2 13 46.6300 -75.2600 3 13 -28.5600 -28.3400
-6.8363805733e-002 -5.7136958618e-002 -8.4468714211e-001
0 0 0
4 0 14 -48.1400 -55.5800 1 14 56.6100 -67.0000 2 14 38.6500 -72.0000 3 14 -28.2600 -27.0000
-6.7701136176e-002 -4.8464549458e-002 -8.4013917512e-001
0 0 0
4 0 15 -46.8400 -47.5700 1 15 62.9100 -61.0900 2 15 31.6200 -69.4400 3 15 -28.5600 -26.3400
-6.7202692873e-002 -3.9912327249e-002 -8.3617274352e-001
0 0 0
4 0 16 -45.5900 -39.4300 1 16 69.3200 -54.9100 2 16 26.0000 -67.2700 3 16 -28.7300 -25.0000
-6.6495562030e-002 -3.2871255529e-002 -8.3304003696e-001
0 0 0
4 0 17 -44.2600 -32.7000 1 17 74.4500 -49.8500 2 17 21.2100 -64.9500 3 17 -29.0000 -24.1000
-6.6522784906e-002 -2.7849334159e-002 -8.3099619161e-001
0 0 0
4 0 18 -44.0200 -27.9200 1 18 78.0000 -46.1400 2 18 18.2900 -63.5000 3 18 -28.7200 -23.1200
-6.7180784574e-002 -2.5109687444e-002 -8.2983473159e-001
0 0 0
4 0 19 -44.5500 -25.1400 1 19 79.5500 -44.1500 2 19 16.8900 -62.8900 3 19 -27.9600 -22.8000
-6.8388296921e-002 -2.6797057691e-002 -8.3062009445e-001
0 0 0
4 0 20 -45.7800 -26.6700 1 20 77.6200 -45.0000 2 20 18.5300 -63.8700 3 20 -27.0000 -23.2900
-6.9309702378e-002 -3.3434684799e-002 -8.3263257337e-001
0 0 0
4 0 21 -47.1800 -33.3900 1 21 73.4800 -49.7600 2 21 22.5600 -66.7500 3 21 -26.6900 -24.7700
-6.9705255104e-002 -4.1777735571e-002 -8.3482004553e-001
0 0 0
4 0 22 -47.9000 -41.5300 1 22 68.5200 -56.2400 2 22 27.0000 -70.0000 3 22 -26.7800 -27.3000
-7.1588212915e-002 -5.2247277448e-002 -8.3915274297e-001
0 0 0
4 0 23 -50.5000 -51.5000 1 23 60.7900 -63.5400 2 23 34.6900 -73.8800 3 23 -25.5500 -29.4100
-7.3778895852e-002 -6.3231204308e-002 -8.4420499757e-001
0 0 0
4 0 24 -53.7800 -62.6500 1 24 52.2700 -70.6400 2 24 42.8300 -77.2800 3 24 -23.8100 -31.3100
-7.4918250892e-002 -7.6670630760e-002 -8.5061097292e-001
0 0 0
4 0 25 -55.5200 -73.6700 1 25 41.7400 -80.5200 2 25 53.3100 -82.3100 3 25 -23.3800 -33.4100
-7.4043714163e-002 -8.9685370411e-002 -8.5596230503e-001
0 0 0
4 0 26 -55.2100 -85.6800 1 26 34.8300 -89.1200 2 26 63.5500 -87.1000 3 26 -25.2400 -35.8800
-7.0562820969e-002 -1.0703858153e-001 -8.6399035706e-001
0 0 0
4 0 27 -53.2500 -99.8000 1 27 23.9200 -103.4800 2 27 74.3000 -91.1000 3 27 -29.3100 -38.0900
-6.6566946206e-002 -1.1949637717e-001 -8.7159440377e-001
0 0 0
4 0 28 -50.5500 -110.4500 1 28 15.4100 -112.5600 2 28 82.4700 -92.0000 3 28 -33.5900 -37.8700
-6.0999286282e-002 -1.3299536192e-001 -8.8333620279e-001
0 0 0
4 0 29 -47.0200 -120.3300 1 29 5.4800 -121.1700 2 29 95.0000 -91.0000 3 29 -39.8100 -33.9300
-5.1458795278e-002 -1.4609975789e-001 -8.9328405349e-001
0 0 0
4 0 30 -39.8400 -129.7600 1 30 -0.6900 -130.5800 2 30 104.9100 -88.9100 3 30 -51.2200 -30.5800
-4.0463363098e-002 -1.5667039185e-001 -9.0228492120e-001
0 0 0
4 0 31 -31.2600 -136.8100 1 31 -4.1300 -138.1300 2 31 112.9100 -84.7800 3 31 -64.6700 -26.2100
-2.6919463478e-002 -1.6585398470e-001 -9.0903493801e-001
0 0 0
4 0 32 -20.5000 -143.0500 1 32 -5.0000 -145.0000 2 32 116.8800 -80.6700 3 32 -82.4600 -21.9200
-1.4209525801e-002 -1.7296654436e-001 -9.1336839963e-001
0 0 0
4 0 33 -11.8000 -147.4100 1 33 -3.7900 -151.0000 2 33 118.3600 -76.5700 3 33 -100.6200 -19.2300
-1.5692069311e-003 -1.7856519851e-001 -9.1371960013e-001
0 0 0
4 0 34 0.1600 -152.1100 1 34 0.5600 -157.6100 2 34 115.6000 -74.3300 3 34 -117.0700 -19.0000
1.4387696649e-002 -1.8224538063e-001 -9.0983397621e-001
0 0 0
4 0 35 14.2300 -155.5800 1 35 9.4400 -163.6100 2 35 106.0000 -72.3400 3 35 -139.0500 -21.9300
2.5813992774e-002 -1.8306715909e-001 -9.0417058546e-001
0 0 0
4 0 36 25.1200 -157.0600 1 36 17.8900 -167.4400 2 36 95.0000 -71.9000 3 36 -154.2000 -25.9100
3.6195391246e-002 -1.8200631486e-001 -8.9699827333e-001
0 0 0
4 0 37 35.3800 -157.3600 1 37 27.2100 -170.3700 2 37 81.5700 -71.5300 3 37 -167.1100 -30.5100
4.4196666018e-002 -1.7958854593e-001 -8.8693998029e-001
0 0 0
4 0 38 44.1300 -157.7000 1 38 37.0000 -173.0000 2 38 65.0900 -73.9700 3 38 -176.2800 -37.0900
4.9167176131e-002 -1.7815782934e-001 -8.7799416035e-001
0 0 0
4 0 39 51.0000 -158.0000 1 39 45.7000 -175.1000 2 39 53.6800 -77.5500 3 39 -181.8800 -44.8500
5.2414051387e-002 -1.7426910683e-001 -8.6709369816e-001
0 0 0
4 0 40 56.2600 -157.5300 1 40 54.3500 -176.0500 2 40 38.4700 -82.2400 3 40 -184.2700 -51.7300
5.5385398805e-002 -1.6809059350e-001 -8.5620638777e-001
0 0 0
4 0 41 62.4300 -154.2600 1 41 65.0000 -175.0000 2 41 24.1800 -84.5800 3 41 -185.0500 -58.0800
5.6234157355e-002 -1.6093110211e-001 -8.4703652777e-001
0 0 0
4 0 42 66.0000 -150.0000 1 42 73.6300 -172.7900 2 42 12.0000 -85.6600 3 42 -182.8500 -61.9200
5.5460893023e-002 -1.5455761264e-001 -8.4103958509e-001
0 0 0
4 0 43 67.4500 -145.1900 1 43 79.3700 -169.5300 2 43 4.7000 -86.3000 3 43 -179.5600 -63.3900
5.3195687465e-002 -1.5312127991e-001 -8.4025117498e-001
0 0 0
4 0 44 65.7400 -144.3600 1 44 79.3500 -168.6000 2 44 4.7800 -86.7000 3 44 -176.2100 -63.5500
4.8887304501e-002 -1.5808546065e-001 -8.4487768314e-001
0 0 0
4 0 45 60.0000 -148.0000 1 45 72.7500 -170.5000 2 45 13.7300 -88.9100 3 45 -173.4900 -63.4600
4.4110955309e-002 -1.6484175162e-001 -8.5327553178e-001
0 0 0
4 0 46 53.9400 -152.0600 1 46 64.0000 -172.1400 2 46 28.6700 -89.8500 3 46 -170.5100 -61.4900
4.0953623119e-002 -1.7180612686e-001 -8.6346193326e-001
0 0 0
4 0 47 47.4900 -156.4000 1 47 52.9100 -173.6100 2 47 42.2500 -88.5000 3 47 -169.7600 -57.1000
3.7525257560e-002 -1.7955149434e-001 -8.7508046042e-001
0 0 0
4 0 48 40.8800 -161.0000 1 48 40.3300 -175.8100 2 48 57.8100 -86.6900 3 48 -168.5800 -51.2900
3.2709813523e-002 -1.8808136772e-001 -8.8690183277e-001
0 0 0
4 0 49 34.1200 -165.4400 1 49 29.5500 -177.8500 2 49 77.7500 -86.5000 3 49 -165.8800 -46.1200
2.7774395369e-002 -1.9606010990e-001 -8.9884334579e-001
0 0 0
4 0 50 27.0000 -169.0000 1 50 17.0000 -179.0000 2 50 96.8300 -85.5700 3 50 -163.0800 -40.7700
2.4200521772e-002 -2.0121356348e-001 -9.0986579227e-001
0 0 0
4 0 51 21.5300 -170.6900 1 51 7.0900 -178.9100 2 51 112.7400 -82.0000 3 51 -160.2600 -33.4700
2.1888697388e-002 -2.0507138547e-001 -9.2364933928e-001
0 0 0
4 0 52 16.7100 -170.4200 1 52 -3.3900 -177.0000 2 52 129.8200 -74.5800 3 52 -158.4100 -21.1500
2.0839593692e-002 -2.0742825257e-001 -9.3841265629e-001
0 0 0
4 0 53 13.0800 -169.1400 1 53 -13.1100 -174.0000 2 53 145.8100 -65.3100 3 53 -157.3500 -4.3100
1.8796669402e-002 -2.0922891021e-001 -9.5458178317e-001
0 0 0
4 0 54 8.2300 -166.4500 1 54 -24.0000 -169.3500 2 54 164.2600 -53.0000 3 54 -154.8700 12.7200
1.7242094707e-002 -2.0764910421e-001 -9.6963558426e-001
0 0 0
4 0 55 4.2700 -160.9300 1 55 -33.4400 -162.1100 2 55 178.5800 -39.9200 3 55 -151.9400 32.0600
1.7611356030e-002 -2.0365803668e-001 -9.8650694309e-001
0 0 0
4 0 56 2.0000 -154.8900 1 56 -39.8200 -154.8200 2 56 191.7500 -21.5000 3 56 -148.9500 57.4900
1.8601675348e-002 -1.9853410859e-001 -1.0009921369e+000
0 0 0
3 0 57 0.6100 -148.1400 1 57 -45.0000 -147.0000 2 57 201.0000 -5.0000
1.8679621067e-002 -1.9458363233e-001 -1.0095877332e+000
0 0 0
3 0 58 -0.3100 -143.2800 1 58 -48.2400 -141.4100 2 58 206.0800 5.0000
2.0732507893e-002 -1.9308982749e-001 -1.0192957617e+000
0 0 0
3 0 59 -0.7600 -140.2700 1 59 -51.4700 -138.1300 2 59 213.2700 16.0900
2.4432925867e-002 -1.9574313941e-001 -1.0210569727e+000
0 0 0
3 0 60 1.5000 -142.0900 1 60 -51.3100 -139.8800 2 60 215.6700 18.5700
3.1967765159e-002 -2.0256385234e-001 -1.0179017171e+000
0 0 0
3 0 61 7.5000 -147.5000 1 61 -48.1300 -146.5300 2 61 215.4200 16.4500
4.0306375670e-002 -2.0940976977e-001 -1.0115191740e+000
0 0 0
3 0 62 14.7400 -153.6300 1 62 -43.3300 -154.2700 2 62 211.3200 11.8200
5.1559885399e-002 -2.1690329475e-001 -1.0032901380e+000
0 0 0
4 0 63 25.5200 -161.3000 1 63 -35.3300 -164.2700 2 63 204.3100 6.4600 3 63 -206.2900 84.8900
6.4439239290e-002 -2.2439470962e-001 -9.9207854274e-001
0 0 0
4 0 64 37.2000 -168.6500 1 64 -27.2900 -173.2900 2 64 192.6700 -0.7800 3 64 -231.4400 67.4200
7.7702423761e-002 -2.2935797660e-001 -9.8235410289e-001
0 0 0
4 0 65 48.0200 -173.2200 1 65 -18.4400 -180.2500 2 65 179.5500 -4.2100 3 65 -255.7500 53.0400
9.0759902603e-002 -2.2961438052e-001 -9.7305471492e-001
0 0 0
4 0 66 60.5500 -175.8900 1 66 -6.1500 -185.4600 2 66 162.0700 -4.2700 3 66 -274.3100 44.3000
1.0321502272e-001 -2.2903788445e-001 -9.6829142061e-001
0 0 0
4 0 67 68.8500 -175.4900 1 67 2.0000 -187.2700 2 67 148.0000 1.0000 3 67 -293.1600 41.0600
1.1609967849e-001 -2.2475852160e-001 -9.6269663247e-001
0 0 0
4 0 68 82.0800 -173.1100 1 68 11.5000 -187.5000 2 68 129.6400 9.0700 3 68 -307.1700 39.5000
1.2744640553e-001 -2.1866263802e-001 -9.5659531059e-001
0 0 0
4 0 69 91.9400 -170.2400 1 69 20.2300 -186.8500 2 69 108.5100 17.5400 3 69 -317.2400 38.0000
1.4643559059e-001 -1.9398884756e-001 -9.0978349793e-001
0 0 0
4 0 70 120.9400 -160.2000 1 70 60.5000 -185.5000 2 70 21.4400 1.0000 3 70 -316.1200 1.8400
1.3886394269e-001 -1.9211548751e-001 -9.0244119666e-001
0 0 0
4 0 71 116.9500 -160.1800 1 71 62.1500 -185.4600 2 71 18.8400 -10.2900 3 71 -304.2300 -8.2600
1.2938196119e-001 -1.8785068657e-001 -8.9893372422e-001
0 0 0
4 0 72 111.3300 -158.2600 1 72 61.7700 -183.1500 2 72 20.6000 -16.9100 3 72 -288.1300 -11.6400
1.1992450493e-001 -1.8722918033e-001 -9.0037561210e-001
0 0 0
4 0 73 102.6400 -157.4300 1 73 57.8300 -181.0000 2 73 29.4600 -22.0000 3 73 -276.4600 -11.8000
