# Bundle file v0.3
4 195
5.3712492583e+002 -3.5695278657e-003 5.8681715049e-003
9.8116173875e-001 -3.5559649107e-002 1.8988721329e-001
3.3953832236e-002 9.9935486458e-001 1.1704354420e-002
-1.9018091306e-001 -5.0364661499e-003 9.8173614292e-001
1.7460873220e-001 4.6763054275e-003 2.4163778058e-001
5.3918902559e+002 -1.9833888816e-002 2.4404605547e-002
4.8551352954e-001 2.8367733306e-001 8.2692429118e-001
-2.4095880025e-001 9.5267384816e-001 -1.8534129494e-001
-8.4036627087e-001 -1.0926897882e-001 5.3089059235e-001
7.3219417263e-001 -2.3459251807e-001 -2.4644667650e-001
5.6042968996e+002 -4.4567705225e-002 3.3123991885e-001
-4.7514474301e-001 -2.8272139185e-001 -8.3325031520e-001
5.5669112701e-001 6.3676930145e-001 -5.3349774679e-001
6.8141944667e-001 -7.1735170685e-001 -1.4516909584e-001
-8.3127509805e-001 -5.5986659243e-001 -8.3433100559e-001
5.5056577698e+002 2.6101272713e-002 -8.8069582852e-002
-9.6958868128e-001 2.1958586519e-001 -1.0807329428e-001
2.2303885347e-001 6.1100559354e-001 -7.5955634057e-001
-1.0075444889e-001 -7.6056177426e-001 -6.4140028731e-001
-1.5948520839e-001 -7.1530119672e-001 -1.2218492791e+000
1.1760091177e-001 -1.2424796093e-001 -9.3556975323e-001
0 0 0
4 0 0 90.0000 -97.2400 1 0 -12.7100 -135.0000 2 0 -76.6400 -79.2600 3 0 -204.2900 -55.1200
1.1029379853e-001 -1.3187637220e-001 -9.4195745780e-001
0 0 0
4 0 1 83.1000 -102.7200 1 1 -19.7900 -138.5000 2 1 -65.2500 -85.3800 3 1 -202.0200 -57.5700
9.9926352476e-002 -1.3000468063e-001 -9.3670118858e-001
0 0 0
4 0 2 76.8100 -103.0700 1 2 -20.0000 -138.0000 2 2 -64.0000 -91.0600 3 2 -190.2000 -62.8900
9.7802418427e-002 -1.2467348421e-001 -9.3104094238e-001
0 0 0
4 0 3 76.0000 -99.0000 1 3 -17.3100 -135.7300 2 3 -69.1600 -91.4100 3 3 -185.4100 -63.4600
9.5228436772e-002 -1.2339191036e-001 -9.3106991916e-001
0 0 0
4 0 4 74.3200 -98.3700 1 4 -17.6800 -135.1000 2 4 -67.6500 -91.1900 3 4 -182.0300 -63.2700
9.9510826519e-002 -1.2457263022e-001 -9.3478093008e-001
0 0 0
4 0 5 76.8300 -98.4300 1 5 -18.8400 -135.1600 2 5 -66.9100 -88.4500 3 5 -187.0500 -60.3200
9.6386134465e-002 -1.2882292001e-001 -9.3663207536e-001
0 0 0
4 0 6 73.7900 -100.8900 1 6 -21.5000 -137.5000 2 6 -62.5000 -92.5000 3 6 -186.7900 -63.0000
1.0128259510e-001 -1.3398645650e-001 -9.4229773158e-001
0 0 0
4 0 7 75.9800 -104.2600 1 7 -23.6500 -139.6500 2 7 -59.4100 -91.0000 3 7 -194.7300 -61.5000
1.1070280712e-001 -1.4003412658e-001 -9.5158973461e-001
0 0 0
4 0 8 80.9000 -107.6200 1 8 -26.3000 -141.7400 2 8 -55.4000 -86.1200 3 8 -208.1200 -56.6000
1.1749637815e-001 -1.4378780420e-001 -9.5854194712e-001
0 0 0
4 0 9 84.0000 -109.0000 1 9 -28.7800 -142.9100 2 9 -52.6700 -81.9100 3 9 -218.0300 -52.4400
1.2898831016e-001 -1.5171725274e-001 -9.7368778501e-001
0 0 0
4 0 10 88.1100 -111.7300 1 10 -33.2200 -144.9100 2 10 -43.2700 -73.8400 3 10 -237.1600 -43.9400
1.3410517410e-001 -1.5748659419e-001 -9.8509452982e-001
0 0 0
4 0 11 89.9200 -114.0300 1 11 -38.4300 -146.1700 2 11 -33.5700 -68.5300 3 11 -247.8400 -38.6000
1.4174845747e-001 -1.6874323917e-001 -1.0056518393e+000
0 0 0
4 0 12 89.5800 -118.8500 1 12 -47.5000 -148.5000 2 12 -15.2400 -62.0000 3 12 -268.4000 -27.1700
1.4624974479e-001 -1.7913720877e-001 -1.0243991676e+000
0 0 0
4 0 13 88.3200 -123.0500 1 13 -56.3600 -151.0900 2 13 4.5800 -56.4700 3 13 -285.6800 -17.3600
1.4801220786e-001 -1.8743749116e-001 -1.0409091397e+000
0 0 0
4 0 14 85.7200 -126.1700 1 14 -65.0000 -152.5000 2 14 23.6700 -51.9700 3 14 -299.0000 -8.0000
1.4860138858e-001 -1.9586086516e-001 -1.0610967328e+000
0 0 0
4 0 15 82.0900 -128.2200 1 15 -76.3800 -153.3800 2 15 48.0800 -45.8000 3 15 -313.2900 5.3900
1.4495646696e-001 -2.0065100045e-001 -1.0751526192e+000
0 0 0
4 0 16 76.8500 -130.6200 1 16 -84.5000 -154.2900 2 16 67.1000 -42.8300 3 16 -317.5800 16.0000
1.2276852222e-001 -2.1540403993e-001 -1.1100294333e+000
0 0 0
4 0 17 57.6300 -135.3700 1 17 -109.0000 -155.0000 2 17 124.6300 -46.8400 3 17 -315.4400 36.0000
7.9642526723e-002 -2.2715255791e-001 -1.1453526889e+000
0 0 0
3 0 18 25.2100 -139.2100 1 18 -142.5000 -154.5000 2 18 186.3800 -61.3100
6.3817556791e-002 -2.2753276488e-001 -1.1532282581e+000
0 0 0
4 0 19 15.6500 -139.6500 1 19 -154.2700 -153.3100 2 19 199.5000 -65.5000 3 19 -256.2100 62.5100
5.0850915936e-002 -2.2711333933e-001 -1.1578992746e+000
0 0 0
4 0 20 7.3200 -139.2400 1 20 -162.3200 -152.2400 2 20 207.6400 -69.6900 3 20 -236.4000 65.0000
1.7182802872e-002 -2.2129422544e-001 -1.1570826092e+000
0 0 0
4 0 21 -12.5000 -137.7900 1 21 -176.9200 -148.9200 2 21 211.4300 -83.5300 3 21 -175.7200 56.9000
5.8381963141e-003 -2.1677346925e-001 -1.1502116471e+000
0 0 0
4 0 22 -18.8200 -136.6100 1 22 -178.5600 -147.2600 2 22 204.6500 -89.3500 3 22 -152.6600 47.0200
-1.1033623676e-003 -2.1348432172e-001 -1.1442568603e+000
0 0 0
4 0 23 -22.4800 -135.9000 1 23 -178.7000 -146.4700 2 23 198.5800 -93.3800 3 23 -138.4200 39.4200
-1.1003818572e-002 -2.0830868988e-001 -1.1356215228e+000
0 0 0
4 0 24 -27.5800 -134.5500 1 24 -179.0700 -144.8100 2 24 189.8900 -98.3700 3 24 -118.6400 29.0500
-1.9666478804e-002 -2.0357468294e-001 -1.1283199347e+000
0 0 0
4 0 25 -31.6300 -133.3700 1 25 -179.2800 -143.3800 2 25 182.8000 -102.2000 3 25 -101.7300 21.0000
-3.1496268784e-002 -1.9703379579e-001 -1.1194538172e+000
0 0 0
4 0 26 -39.2800 -130.5900 1 26 -180.1600 -140.6200 2 26 174.4100 -106.9800 3 26 -80.6100 11.8700
-4.4027504877e-002 -1.8928525481e-001 -1.1084329679e+000
0 0 0
4 0 27 -46.4800 -128.1000 1 27 -179.8400 -137.3800 2 27 164.3600 -111.7700 3 27 -58.6600 1.6500
-5.3629337023e-002 -1.8345646453e-001 -1.0991605831e+000
0 0 0
4 0 28 -52.0900 -125.9700 1 28 -179.3700 -135.6300 2 28 156.2700 -115.7300 3 28 -42.8600 -6.6700
-6.8123261111e-002 -1.7389516731e-001 -1.0838295155e+000
0 0 0
4 0 29 -60.7200 -122.4100 1 29 -177.4100 -131.9300 2 29 143.9200 -120.9500 3 29 -20.3000 -19.8500
-7.7613205516e-002 -1.6614211705e-001 -1.0718557456e+000
0 0 0
4 0 30 -67.4800 -119.2000 1 30 -175.4000 -129.0400 2 30 133.2900 -124.9600 3 30 -6.8700 -27.6500
-9.0326057720e-002 -1.5556061079e-001 -1.0543350099e+000
0 0 0
4 0 31 -74.9100 -115.2200 1 31 -172.0000 -125.0000 2 31 118.7600 -129.6400 3 31 10.5400 -39.2800
-9.8472512983e-002 -1.4864754760e-001 -1.0435007445e+000
0 0 0
4 0 32 -80.3700 -112.6300 1 32 -169.1600 -121.6200 2 32 110.6300 -132.3700 3 32 20.9400 -45.8200
-1.1004704874e-001 -1.3913521570e-001 -1.0282947450e+000
0 0 0
4 0 33 -89.3100 -108.0900 1 33 -165.6900 -117.6900 2 33 99.5200 -136.3900 3 33 34.1800 -54.3900
-1.2294906552e-001 -1.3003509548e-001 -1.0131100527e+000
0 0 0
4 0 34 -97.7600 -104.2400 1 34 -163.1100 -113.8900 2 34 89.2000 -140.5000 3 34 49.1700 -63.2100
-1.3577456297e-001 -1.2003933705e-001 -9.9957426968e-001
0 0 0
4 0 35 -108.8400 -99.2100 1 35 -161.2300 -108.4300 2 35 80.1700 -143.7200 3 35 62.0600 -68.9700
-1.5004983541e-001 -1.1078047389e-001 -9.8629755980e-001
0 0 0
4 0 36 -119.5000 -94.0500 1 36 -159.4500 -103.9000 2 36 73.2600 -146.4200 3 36 77.5100 -76.0900
-1.6591499898e-001 -1.0013850820e-001 -9.7064640206e-001
0 0 0
4 0 37 -132.8100 -89.0700 1 37 -158.0000 -96.4100 2 37 64.4500 -150.9300 3 37 92.1400 -83.3300
-1.8411454928e-001 -9.1063918026e-002 -9.5550853353e-001
0 0 0
4 0 38 -150.3200 -84.3400 1 38 -158.3000 -91.3500 2 38 57.8500 -155.8900 3 38 107.6900 -91.0600
-2.0339403492e-001 -7.9967804878e-002 -9.3513625289e-001
0 0 0
4 0 39 -167.6000 -78.4000 1 39 -155.5700 -84.6700 2 39 47.5900 -161.5600 3 39 124.1900 -101.1600
-2.1700812007e-001 -7.0662987998e-002 -9.1860393267e-001
0 0 0
4 0 40 -181.9600 -72.9300 1 40 -151.5000 -78.6400 2 40 39.4600 -165.3600 3 40 133.8200 -107.9200
-2.2821062902e-001 -6.0511248333e-002 -9.0368489864e-001
0 0 0
4 0 41 -195.3200 -66.5800 1 41 -146.2800 -70.7000 2 41 32.0000 -167.5000 3 41 140.2000 -112.0200
-2.4293934315e-001 -4.7026010233e-002 -8.8509329108e-001
0 0 0
4 0 42 -212.3800 -56.7500 1 42 -139.2400 -59.7600 2 42 23.0000 -169.2900 3 42 150.0600 -116.9800
-2.5470395781e-001 -3.6653301979e-002 -8.6942611563e-001
0 0 0
4 0 43 -227.8900 -47.5400 1 43 -133.7600 -52.5900 2 43 14.7100 -171.0000 3 43 156.5300 -120.7300
-2.6536546679e-001 -2.6995753648e-002 -8.5342524609e-001
0 0 0
4 0 44 -242.9700 -40.4400 1 44 -125.1800 -43.4400 2 44 8.9100 -173.2200 3 44 161.6700 -125.5800
-2.7581813627e-001 -1.7705597435e-002 -8.3461011093e-001
0 0 0
3 0 45 -259.1500 -32.5000 1 45 -115.2200 -35.7800 2 45 -0.8800 -176.6700
-2.8686178587e-001 -5.8419480238e-003 -8.1276027110e-001
0 0 0
3 0 46 -279.0300 -21.6900 1 46 -100.4500 -25.1300 2 46 -11.0000 -179.0000
-2.9537937533e-001 4.6071883806e-003 -7.9217260785e-001
0 0 0
3 0 47 -297.1300 -11.0100 1 47 -84.1400 -15.6700 2 47 -20.6400 -181.3600
-3.0367447644e-001 1.5593606951e-002 -7.6992875675e-001
0 0 0
3 0 48 -317.2100 2.1100 1 48 -65.2200 -5.4600 2 48 -32.2900 -184.6200
-8.4109664625e-002 3.9760468264e-002 -5.6063863568e-001
0 0 0
3 0 57 -28.7600 64.3500 1 57 268.7600 -81.5900 2 57 -226.5000 -191.5000
-7.6737038273e-002 3.4575014378e-002 -5.6505734121e-001
0 0 0
3 0 58 -16.2800 54.0800 1 58 262.7600 -86.5900 2 58 -227.7800 -191.6700
-6.5539884862e-002 2.6747206183e-002 -5.7335004621e-001
0 0 0
3 0 59 1.0900 39.0000 1 59 252.1300 -93.4400 2 59 -229.3100 -190.9600
-5.8290224165e-002 1.8948222253e-002 -5.8473811354e-001
0 0 0
3 0 60 9.7900 24.3900 1 60 238.1700 -98.5000 2 60 -226.8800 -190.0000
-5.7435367378e-002 1.4507566031e-002 -5.9416583472e-001
0 0 0
3 0 61 8.4600 16.4100 1 61 226.9800 -100.3500 2 61 -221.2800 -189.3100
-6.0388491151e-002 1.0050433956e-002 -6.0953702951e-001
0 0 0
3 0 62 -0.3800 8.2800 1 62 209.4800 -100.2900 2 62 -209.6100 -186.8400
-6.5971544188e-002 7.4345253866e-003 -6.2176623970e-001
0 0 0
3 0 63 -12.3300 3.4700 1 63 194.3200 -98.4200 2 63 -201.0000 -185.5000
-7.0939558389e-002 5.4148661920e-003 -6.3093467092e-001
0 0 0
3 0 64 -21.9600 0.0400 1 64 182.8900 -97.3700 2 64 -194.0000 -184.5000
-7.4799592201e-002 4.5995138473e-003 -6.3523473624e-001
0 0 0
3 0 65 -28.2000 -1.3900 1 65 177.7500 -96.6200 2 65 -188.8100 -184.4700
-8.1872212885e-002 4.5952002243e-003 -6.3823734325e-001
0 0 0
3 0 66 -39.1500 -1.8000 1 66 173.0000 -95.2500 2 66 -183.8800 -184.7500
-8.5530562372e-002 5.9762578928e-003 -6.3635566152e-001
0 0 0
3 0 67 -44.2000 -0.4300 1 67 174.6500 -93.3500 2 67 -183.2300 -185.4500
-8.8136010372e-002 9.7705391557e-003 -6.3135861284e-001
0 0 0
3 0 68 -47.6600 5.2200 1 68 180.0800 -90.8400 2 68 -185.4500 -185.2300
-8.5536136796e-002 1.3717473570e-002 -6.2570914415e-001
0 0 0
3 0 69 -43.3200 11.5600 1 69 187.5300 -89.0800 2 69 -190.4500 -183.7100
-7.7306706600e-002 1.5806432798e-002 -6.1994942311e-001
0 0 0
4 0 70 -32.8500 14.7600 1 70 195.6200 -89.7600 2 70 -200.7000 -180.6000 3 70 -13.0000 -166.8500
-5.9126331994e-002 1.6141920966e-002 -6.1830068841e-001
0 0 0
4 0 71 -5.8400 16.6000 1 71 200.5000 -92.1600 2 71 -211.7800 -176.8800 3 71 -25.3800 -164.2400
1.9349183246e-002 4.6793347235e-004 -6.3157955690e-001
0 0 0
3 0 74 103.1100 -2.8700 1 74 197.2000 -108.5200 2 74 -245.3100 -164.5000
3.8106261379e-002 -8.2809730193e-003 -6.4355016370e-001
0 0 0
3 0 75 121.7100 -12.9200 1 75 187.1200 -114.8800 2 75 -249.2400 -161.1600
5.4695604047e-002 -1.5840782368e-002 -6.5630921022e-001
0 0 0
3 0 76 135.3300 -22.7600 1 76 178.2400 -118.0000 2 76 -251.6700 -155.3900
7.0234495969e-002 -2.5922847582e-002 -6.7422457450e-001
0 0 0
3 0 77 144.3400 -33.4500 1 77 164.0000 -122.4100 2 77 -250.0000 -150.5000
8.4503314466e-002 -3.9561151546e-002 -6.9997390827e-001
0 0 0
3 0 78 146.6500 -46.3100 1 78 142.9200 -127.5400 2 78 -242.9700 -144.8500
9.2054146297e-002 -4.8118406370e-002 -7.1695715141e-001
0 0 0
3 0 79 146.1800 -54.7800 1 79 131.0000 -130.0000 2 79 -235.7200 -140.0900
1.0005947674e-001 -6.0275326401e-002 -7.4094840025e-001
0 0 0
3 0 80 142.8800 -65.0000 1 80 113.0900 -133.5400 2 80 -224.0500 -135.0800
1.0653010024e-001 -7.0703201602e-002 -7.6255275707e-001
0 0 0
3 0 81 139.2700 -72.8800 1 81 97.6200 -136.3800 2 81 -212.7100 -130.0900
1.1436515667e-001 -8.2934613722e-002 -7.8844010791e-001
0 0 0
4 0 82 135.5700 -81.0000 1 82 79.9100 -139.3000 2 82 -198.3500 -123.9800 3 82 -168.9000 -117.5400
1.1893061566e-001 -9.3434441213e-002 -8.0964522165e-001
0 0 0
4 0 83 131.2200 -87.8300 1 83 65.6900 -141.5500 2 83 -184.5700 -120.0400 3 83 -178.4200 -112.0600
1.2396266127e-001 -1.0518495949e-001 -8.3484047041e-001
0 0 0
4 0 84 126.5600 -94.0400 1 84 49.3700 -144.3700 2 84 -166.8700 -114.5600 3 84 -189.7100 -104.9800
1.2725844654e-001 -1.1608151316e-001 -8.5677266847e-001
0 0 0
4 0 85 121.2400 -100.7600 1 85 35.3500 -146.6500 2 85 -150.6700 -110.2500 3 85 -199.6000 -98.6400
1.3050626148e-001 -1.2665044341e-001 -8.7882217899e-001
0 0 0
4 0 86 116.4200 -106.3700 1 86 21.6700 -148.7800 2 86 -133.3700 -105.4800 3 86 -210.0900 -91.8300
1.3376289071e-001 -1.3974846613e-001 -9.0632333717e-001
0 0 0
4 0 87 110.4700 -112.4300 1 87 5.2200 -151.0900 2 87 -109.7300 -99.9500 3 87 -223.7400 -82.7500
1.3655879902e-001 -1.5106741090e-001 -9.2829479948e-001
0 0 0
4 0 88 106.1100 -117.6300 1 88 -7.6700 -153.8800 2 88 -89.9600 -95.6100 3 88 -236.1500 -75.3900
1.3914754645e-001 -1.6380229780e-001 -9.5249567148e-001
0 0 0
4 0 89 101.4800 -123.2100 1 89 -21.5000 -156.5000 2 89 -66.3900 -91.3900 3 89 -250.8400 -66.8300
1.3770532919e-001 -1.7442695262e-001 -9.7814993961e-001
0 0 0
4 0 90 93.0000 -127.2400 1 90 -38.1200 -157.7200 2 90 -39.5000 -86.5000 3 90 -261.8600 -54.8900
1.3153602310e-001 -1.8192178527e-001 -1.0001161763e+000
0 0 0
4 0 91 84.6900 -129.3100 1 91 -50.6900 -157.5000 2 91 -10.3900 -82.6100 3 91 -265.0400 -45.3000
1.2327251638e-001 -1.8737917807e-001 -1.0193328086e+000
0 0 0
4 0 92 73.6800 -130.5900 1 92 -63.5000 -157.0000 2 92 15.0000 -79.8700 3 92 -264.6500 -35.3300
1.1138277395e-001 -1.9161352259e-001 -1.0376978859e+000
0 0 0
4 0 93 62.5800 -131.5800 1 93 -78.5900 -155.9300 2 93 40.6000 -79.1100 3 93 -258.2400 -24.8300
9.5302589691e-002 -1.9717699425e-001 -1.0558037502e+000
0 0 0
4 0 94 50.1900 -132.7200 1 94 -94.5000 -155.0000 2 94 69.4900 -81.5800 3 94 -246.9700 -17.4900
7.7428306897e-002 -2.0012305457e-001 -1.0687777057e+000
0 0 0
4 0 95 36.3000 -133.7300 1 95 -106.3900 -154.1900 2 95 92.3600 -85.9200 3 95 -229.2200 -12.2000
5.6156610041e-002 -2.0273218490e-001 -1.0827163178e+000
0 0 0
4 0 96 18.9000 -134.5200 1 96 -123.9000 -152.4500 2 96 114.5000 -90.5000 3 96 -206.6700 -6.6600
2.6238289798e-002 -2.0485666955e-001 -1.0983815173e+000
0 0 0
4 0 97 -0.6500 -135.4500 1 97 -141.1700 -150.8000 2 97 143.3000 -98.5800 3 97 -167.9700 -0.5400
4.0462689383e-003 -2.0579419400e-001 -1.1069018592e+000
0 0 0
4 0 98 -15.3000 -135.9100 1 98 -157.8400 -149.3800 2 98 158.0000 -104.5000 3 98 -137.7400 0.5200
-2.2730613267e-002 -2.0528879141e-001 -1.1114481453e+000
0 0 0
4 0 99 -32.7900 -136.4500 1 99 -173.4100 -147.7200 2 99 169.5400 -113.7300 3 99 -98.1300 -2.8500
-4.6319159254e-002 -2.0393370700e-001 -1.1104000244e+000
0 0 0
4 0 100 -49.8100 -137.1700 1 100 -184.9700 -147.3400 2 100 173.9800 -122.8100 3 100 -62.6500 -10.8600
-6.7619972006e-002 -2.0201951597e-001 -1.1060302951e+000
0 0 0
4 0 101 -60.7600 -137.7600 1 101 -195.9100 -146.6900 2 101 174.4000 -131.7000 3 101 -29.5200 -21.9200
-8.5261913540e-002 -1.9902348474e-001 -1.0999769214e+000
0 0 0
4 0 102 -73.7100 -137.5000 1 102 -202.3400 -145.7200 2 102 172.1600 -139.7700 3 102 -3.4400 -31.4700
-1.1020079045e-001 -1.9010063898e-001 -1.0868098163e+000
0 0 0
4 0 103 -88.3200 -135.4400 1 103 -208.1600 -142.6200 2 103 163.9500 -146.8400 3 103 34.7200 -45.8900
-1.2846406047e-001 -1.8034974157e-001 -1.0724775642e+000
0 0 0
4 0 104 -100.8600 -131.8900 1 104 -209.6000 -138.5100 2 104 153.6500 -151.1200 3 104 59.9300 -57.7500
-1.4193303784e-001 -1.6900417273e-001 -1.0532195530e+000
0 0 0
4 0 105 -110.5000 -128.0000 1 105 -206.5000 -134.5000 2 105 136.9700 -156.1100 3 105 75.4500 -68.8400
-1.5179140969e-001 -1.5759699674e-001 -1.0320085480e+000
0 0 0
4 0 106 -118.1600 -123.5900 1 106 -199.1400 -130.3900 2 106 119.6800 -160.0600 3 106 84.4300 -80.0800
-1.6082225027e-001 -1.3880240960e-001 -9.9783742305e-001
0 0 0
4 0 107 -126.4900 -115.1400 1 107 -181.5900 -123.5400 2 107 91.7200 -163.4100 3 107 89.0600 -93.7600
-1.6455189481e-001 -1.2806166252e-001 -9.7976855102e-001
0 0 0
4 0 108 -130.7600 -110.0000 1 108 -170.6000 -119.1800 2 108 77.0700 -164.8100 3 108 90.1000 -98.4900
-1.6783853704e-001 -1.1655849551e-001 -9.5815127072e-001
0 0 0
4 0 109 -134.4600 -104.0800 1 109 -156.7000 -114.7700 2 109 60.4500 -166.5900 3 109 90.0700 -105.1800
-1.7088066922e-001 -1.0458739011e-001 -9.3555612831e-001
0 0 0
4 0 110 -139.0000 -96.7600 1 110 -141.6300 -110.1100 2 110 44.0000 -168.0000 3 110 88.7200 -112.1200
-1.7465931009e-001 -8.9765839889e-002 -9.0482212678e-001
0 0 0
4 0 111 -144.4100 -89.0200 1 111 -118.6400 -104.3300 2 111 23.2900 -171.0000 3 111 87.9800 -120.8700
-1.7857354225e-001 -7.7165199664e-002 -8.7811300462e-001
0 0 0
4 0 112 -150.2700 -80.3800 1 112 -100.6700 -99.8800 2 112 4.2900 -173.3800 3 112 86.9600 -128.9200
-1.8087264694e-001 -6.2497610198e-002 -8.4722818897e-001
0 0 0
4 0 113 -155.5000 -71.5000 1 113 -74.9000 -93.8500 2 113 -16.8300 -176.0000 3 113 85.1700 -135.1500
-1.8209054027e-001 -5.1721154040e-002 -8.2310304314e-001
0 0 0
4 0 114 -159.5000 -63.5000 1 114 -53.7600 -89.8400 2 114 -32.4800 -178.1100 3 114 82.9000 -140.6200
-1.8044326014e-001 -3.7802447861e-002 -7.9157368476e-001
0 0 0
4 0 115 -161.5900 -50.9000 1 115 -22.9500 -85.4300 2 115 -53.1100 -180.5200 3 115 77.4200 -146.8500
-1.6843543602e-001 -2.0422497353e-002 -7.4962573732e-001
0 0 0
4 0 116 -152.7400 -35.2000 1 116 27.4400 -80.4600 2 116 -81.2200 -181.0900 3 116 64.1800 -152.3300
-1.5702630639e-001 -1.0334316594e-002 -7.2541757289e-001
0 0 0
4 0 117 -141.9600 -23.8700 1 117 58.1300 -77.8000 2 117 -99.8900 -180.4800 3 117 52.2600 -155.0000
-1.3027940935e-001 4.6126843629e-003 -6.8631538344e-001
0 0 0
4 0 119 -110.3200 -4.6400 1 119 109.8600 -76.3800 2 119 -136.0700 -178.5900 3 119 30.5000 -157.2900
-1.2070030639e-001 6.5545396146e-003 -6.7150540534e-001
0 0 0
3 0 120 -97.5400 -1.3800 1 120 128.4000 -79.6000 2 120 -148.5000 -180.5000
-1.2183667298e-001 1.9329400315e-003 -6.5686579912e-001
0 0 0
3 0 121 -97.9200 -6.3000 1 121 142.2400 -89.3400 2 121 -153.7100 -190.4500
-1.4105254282e-001 -8.9656502073e-003 -6.5057228863e-001
0 0 0
3 0 122 -125.4800 -23.2900 1 122 140.7800 -101.0000 2 122 -147.1000 -203.4800
-1.6429721999e-001 -1.5011205227e-002 -6.4944661477e-001
0 0 0
3 0 123 -160.9100 -34.5500 1 123 132.7600 -106.0000 2 123 -138.3700 -210.6300
-1.8316190240e-001 -1.6357387379e-002 -6.5591396156e-001
0 0 0
3 0 124 -188.2900 -37.6900 1 124 118.5800 -102.8400 2 124 -126.3700 -213.6300
-2.2135120513e-001 -1.1919164256e-002 -6.6702310871e-001
0 0 0
4 0 125 -244.2600 -32.8800 1 125 92.0000 -91.0000 2 125 -105.1800 -212.6100 3 125 90.7600 -190.8200
-2.4036952161e-001 -9.1735525010e-003 -6.8696256907e-001
0 0 0
4 0 126 -265.5200 -28.6900 1 126 59.1000 -76.8700 2 126 -89.6400 -209.3900 3 126 107.2200 -185.7600
-2.5267553845e-001 -6.1996609231e-003 -7.0496495214e-001
0 0 0
4 0 127 -275.8700 -24.6200 1 127 33.2000 -65.4300 2 127 -76.5000 -204.5000 3 127 121.0800 -177.8900
-2.5769020372e-001 -4.2950241762e-003 -7.2521545105e-001
0 0 0
4 0 128 -274.8800 -21.5000 1 128 8.2700 -55.4700 2 128 -64.5900 -198.5600 3 128 128.1400 -169.1800
-2.5443310481e-001 4.2173649857e-003 -7.4396278344e-001
0 0 0
4 0 129 -263.7800 -10.2500 1 129 -6.5100 -39.7900 2 129 -56.6500 -186.3900 3 129 129.1500 -156.6200
-2.4917308692e-001 1.8804176899e-002 -7.5064148071e-001
0 0 0
4 0 130 -255.7100 6.9400 1 130 -4.6900 -22.0400 2 130 -57.2100 -175.6300 3 130 126.8500 -142.0800
-2.4575986255e-001 3.8968150156e-002 -7.5107632977e-001
0 0 0
4 0 131 -251.9100 31.0300 1 131 3.8600 0.9500 2 131 -60.8900 -164.2800 3 131 125.1400 -129.3200
-2.4112820649e-001 6.6985016152e-002 -7.4357330024e-001
0 0 0
4 0 132 -248.4400 63.8200 1 132 24.4400 32.9500 2 132 -68.8800 -151.4100 3 132 121.8200 -117.5800
-2.3622794396e-001 9.1876811901e-002 -7.3416738644e-001
0 0 0
4 0 133 -246.1600 98.3500 1 133 44.0000 55.6700 2 133 -78.6500 -140.4700 3 133 118.3800 -107.8400
7.5657779019e-002 1.1465972387e-001 -7.4188283547e-001
0 0 0
4 0 141 110.4100 122.3800 1 141 140.8000 -6.3300 2 141 -208.6600 -35.9000 3 141 -84.0900 -42.7000
8.4775057608e-002 1.0368559460e-001 -7.5233010203e-001
0 0 0
4 0 142 116.4900 106.7600 1 142 133.8400 -12.6200 2 142 -207.0300 -33.9200 3 142 -91.1100 -40.8900
9.0659542618e-002 9.3578901258e-002 -7.6224420930e-001
0 0 0
4 0 143 118.1700 94.5100 1 143 126.3900 -19.2600 2 143 -204.0000 -33.0000 3 143 -97.8900 -39.7900
9.6703316210e-002 8.2277099243e-002 -7.7208753273e-001
0 0 0
4 0 144 120.3400 81.2400 1 144 118.8200 -26.4300 2 144 -201.2400 -32.5700 3 144 -104.5500 -39.0800
1.4266886935e-001 1.9655076169e-002 -8.7302262430e-001
0 0 0
4 0 145 123.7500 15.9000 1 145 55.6800 -57.7600 2 145 -158.5000 -2.0000 3 145 -158.8200 -6.3400
1.4435886929e-001 1.5858637811e-002 -8.8135205724e-001
0 0 0
4 0 146 122.2000 12.0400 1 146 50.8100 -58.8100 2 146 -153.5000 1.0000 3 146 -161.7100 -2.9300
1.4445805866e-001 9.5508275555e-003 -8.9207189642e-001
0 0 0
4 0 147 118.5200 6.7200 1 147 43.0700 -61.1900 2 147 -145.9300 2.8100 3 147 -164.7600 0.4000
1.4273582266e-001 1.2375010959e-003 -9.0317812229e-001
0 0 0
4 0 148 113.8800 -0.2800 1 148 35.3700 -64.3700 2 148 -135.8100 2.3800 3 148 -167.3700 3.1100
1.4132426064e-001 -2.1301991477e-003 -9.0758888991e-001
0 0 0
4 0 149 112.0300 -2.7900 1 149 31.6500 -65.6500 2 149 -131.2400 1.5900 3 149 -167.7500 4.0000
1.3960247535e-001 -5.2793797075e-003 -9.1278427274e-001
0 0 0
4 0 150 109.1500 -5.4500 1 150 28.2100 -66.5000 2 150 -125.7500 1.5600 3 150 -168.0700 5.2700
1.3878854347e-001 -5.2252652219e-003 -9.1563640447e-001
0 0 0
4 0 151 107.4500 -5.5400 1 151 26.5000 -65.7900 2 151 -123.3300 2.4300 3 151 -167.7500 7.2000
1.3749765912e-001 -4.7355811649e-003 -9.1805485810e-001
0 0 0
4 0 152 106.4400 -5.4500 1 152 25.0000 -64.8900 2 152 -120.5000 3.2900 3 152 -166.2800 8.7800
1.3347410338e-001 -2.9620633412e-003 -9.1897959693e-001
0 0 0
4 0 153 102.6600 -3.9100 1 153 23.6300 -63.3700 2 153 -117.8800 2.6900 3 153 -162.7700 9.4500
1.2748526227e-001 -1.1569921057e-003 -9.2135776632e-001
0 0 0
4 0 154 97.5700 -2.6400 1 154 21.0700 -61.3800 2 154 -112.8000 1.8900 3 154 -157.3800 10.7300
1.1805880804e-001 -1.1335737120e-004 -9.2869949791e-001
0 0 0
4 0 155 89.6400 -1.9800 1 155 14.3700 -58.6300 2 155 -101.8000 1.1100 3 155 -149.3500 14.2000
1.0849478350e-001 -6.3128600223e-005 -9.3661164158e-001
0 0 0
4 0 156 79.7100 -2.1700 1 156 7.5000 -56.5000 2 156 -91.1900 0.0700 3 156 -142.3600 17.9100
9.7656700919e-002 2.1962453975e-004 -9.4519990418e-001
0 0 0
4 0 157 69.5000 -2.5000 1 157 -2.5000 -53.5000 2 157 -81.0500 -0.9300 3 157 -133.5800 21.7100
8.0736940150e-002 4.6058170183e-004 -9.5574043815e-001
0 0 0
4 0 158 54.2900 -3.1000 1 158 -11.1200 -50.9400 2 158 -64.0000 -3.7600 3 158 -119.3800 26.4300
-2.9789030045e-002 -1.7396159563e-003 -1.0142086010e+000
0 0 0
4 0 159 -33.5700 -6.6700 1 159 -85.2600 -28.8000 2 159 23.9100 -29.3000 3 159 -20.9300 45.6000
-5.1939935843e-002 1.1474841541e-003 -1.0226096452e+000
0 0 0
4 0 160 -50.2000 -5.1100 1 160 -99.0300 -22.3800 2 160 36.4200 -33.4200 3 160 1.3900 49.2300
-7.2170544295e-002 4.6430021252e-003 -1.0287319579e+000
0 0 0
4 0 161 -65.2800 -3.0700 1 161 -111.0300 -16.0800 2 161 46.0600 -37.2200 3 161 22.1200 51.9300
-8.8111396627e-002 6.0702601677e-003 -1.0336170687e+000
0 0 0
4 0 162 -77.0000 -2.5000 1 162 -121.2400 -11.7600 2 162 53.7900 -40.5000 3 162 38.4400 53.1800
-1.0361764624e-001 7.6180988310e-003 -1.0390352995e+000
0 0 0
4 0 163 -88.5100 -1.9100 1 163 -131.8700 -7.1300 2 163 61.3500 -43.3500 3 163 54.5000 55.1400
-1.6243258265e-001 1.1816499243e-002 -1.0036727911e+000
0 0 0
4 0 164 -132.7600 -0.1000 1 164 -145.0000 1.6700 2 164 55.2200 -74.7000 3 164 104.6100 17.2300
-1.6493105677e-001 1.2893132765e-002 -9.9721977403e-001
0 0 0
4 0 165 -135.0000 0.5000 1 165 -141.8800 2.1200 2 165 52.3200 -77.3200 3 165 105.8500 12.5800
-1.7171777184e-001 1.5681711055e-002 -9.8765383389e-001
0 0 0
4 0 166 -140.9300 2.5600 1 166 -139.8800 4.1200 2 166 47.6300 -81.3700 3 166 110.3000 5.8800
-1.8081246613e-001 1.9826317616e-002 -9.7682714902e-001
0 0 0
4 0 167 -148.9800 5.8300 1 167 -137.9400 7.7000 2 167 43.0700 -85.5900 3 167 116.5500 -1.5700
-1.9056554215e-001 2.7364394217e-002 -9.6482746157e-001
0 0 0
4 0 168 -158.7600 12.4700 1 168 -134.8000 13.8000 2 168 37.4800 -88.8900 3 168 122.4500 -7.4300
-1.9914980332e-001 3.8377392577e-002 -9.5073676725e-001
0 0 0
4 0 169 -166.0200 19.9300 1 169 -127.9200 24.7600 2 169 29.0800 -90.8000 3 169 128.6100 -12.6100
-2.1014104153e-001 5.5865225952e-002 -9.3251070376e-001
0 0 0
4 0 170 -179.0500 36.1100 1 170 -118.2500 39.6200 2 170 18.9600 -91.6000 3 170 133.5000 -16.5000
-2.2150681509e-001 7.2479153755e-002 -9.1364482518e-001
0 0 0
4 0 171 -191.6700 52.1100 1 171 -107.1700 55.7000 2 171 10.5000 -93.0000 3 171 139.3700 -22.1000
-2.3070368324e-001 9.0991843852e-002 -8.9073850723e-001
0 0 0
4 0 172 -204.7100 70.7000 1 172 -90.7900 73.2100 2 172 -1.9100 -94.0900 3 172 141.8900 -27.2000
-2.3691240445e-001 1.0346523616e-001 -8.6988130444e-001
0 0 0
4 0 173 -214.1000 85.1300 1 173 -76.0000 85.5000 2 173 -14.0000 -96.0000 3 173 143.0000 -34.5000
-2.4262194934e-001 1.1932093359e-001 -8.4565998338e-001
0 0 0
4 0 174 -225.7900 104.7900 1 174 -54.2500 100.8900 2 174 -24.8300 -98.0000 3 174 142.1000 -40.2900
-2.4875174376e-001 1.3843434489e-001 -8.1335849462e-001
0 0 0
4 0 175 -240.6300 131.6700 1 175 -23.9200 120.3500 2 175 -40.9100 -100.7800 3 175 140.8200 -48.4100
1.0935489237e-001 -3.0480355607e-002 -1.0763638113e+000
0 0 0
2 0 187 50.5300 -22.3600 1 187 -67.4100 -53.7200
1.1283888596e-001 -2.3250228742e-002 -1.0571808775e+000
0 0 0
2 0 188 56.1200 -17.8800 1 188 -56.1600 -52.6200
1.1104504487e-001 -1.3136094972e-002 -1.0317958715e+000
0 0 0
2 0 189 59.7300 -11.3300 1 189 -43.0900 -50.3000
1.0310838365e-001 -3.8312547452e-003 -1.0120313217e+000
0 0 0
2 0 190 58.3200 -5.4200 1 190 -34.4500 -46.5800
8.4722724062e-002 7.2864803863e-003 -9.9447965095e-001
0 0 0
4 0 191 49.6700 2.3000 1 191 -29.3300 -40.5000 2 191 -38.8300 19.5900 3 191 -121.9800 58.4300
-5.3684418112e-002 3.3377645229e-002 -1.0163478554e+000
0 0 0
3 0 192 -51.4200 17.2000 1 192 -89.3900 -1.8600 3 192 10.3200 61.4200
-6.3717670574e-002 3.9499358523e-002 -1.0303342193e+000
0 0 0
3 0 193 -60.6900 21.3600 1 193 -100.9400 6.5700 3 193 20.7600 72.8500
-6.4754516876e-002 4.8295623457e-002 -1.0425198313e+000
0 0 0
3 0 194 -62.4100 27.0000 1 194 -105.9100 14.4500 3 194 24.6900 86.5700
-6.0309045007e-002 5.6798766743e-002 -1.0473223234e+000
0 0 0
3 0 195 -60.0000 33.0000 1 195 -104.5700 19.7700 3 195 22.5500 95.2300
-2.1784182334e-001 6.9305969794e-002 -5.5711202464e-001
0 0 0
4 0 49 -299.7800 122.4500 1 49 271.0300 -19.5600 2 49 -168.5700 -200.9100 3 49 78.1300 -183.7400
-2.0032169354e-001 6.6955450318e-002 -5.5604993429e-001
0 0 0
4 0 50 -261.3900 117.5200 1 50 274.0000 -27.5000 2 50 -175.5600 -199.8000 3 50 68.4600 -183.0900
-1.8082686599e-001 6.4426170594e-002 -5.5389509850e-001
0 0 0
4 0 51 -220.8500 113.5200 1 51 277.6600 -37.1300 2 51 -184.4400 -198.2000 3 51 55.0900 -182.0300
-1.6689653609e-001 6.3095291799e-002 -5.5241423722e-001
0 0 0
4 0 52 -192.0200 111.5000 1 52 280.3000 -42.9900 2 52 -191.1900 -196.6200 3 52 46.4500 -180.9000
-1.4388541922e-001 6.1460736424e-002 -5.5054909889e-001
0 0 0
4 0 53 -144.7500 109.1800 1 53 283.5700 -51.0000 2 53 -202.4100 -193.5500 3 53 32.5000 -179.2900
-1.2392803439e-001 5.8392578922e-002 -5.5003093242e-001
0 0 0
4 0 54 -104.5000 102.7400 1 54 284.1900 -57.7100 2 54 -213.4100 -191.5500 3 54 20.5000 -178.2900
-1.0988161770e-001 5.4176324031e-002 -5.5115049176e-001
0 0 0
4 0 55 -75.8200 93.6300 1 55 282.9200 -63.8300 2 55 -218.5200 -191.2200 3 55 13.1500 -178.1200
-2.3021868601e-001 1.1116879128e-001 -7.2327639681e-001
0 0 0
4 0 134 -243.0400 127.4700 1 134 63.7200 71.3900 2 134 -87.5000 -134.5000 3 134 112.3700 -100.6300
-2.2007102638e-001 1.3023403240e-001 -7.0728740204e-001
0 0 0
4 0 135 -235.6100 154.8900 1 135 92.4700 87.7600 2 135 -100.8400 -127.1600 3 135 103.5500 -95.4100
-2.0478173770e-001 1.4566611051e-001 -6.9635493361e-001
0 0 0
4 0 136 -217.1600 179.7800 1 136 115.6000 96.4000 2 136 -110.8800 -120.4100 3 136 94.3900 -90.7400
-1.8319570777e-001 1.5809035494e-001 -6.9378881894e-001
0 0 0
4 0 137 -189.2800 196.2000 1 137 129.0000 99.5000 2 137 -121.7900 -109.3700 3 137 79.9100 -82.4500
-1.5930158585e-001 1.6137829193e-001 -6.9741242756e-001
0 0 0
4 0 138 -154.9600 198.2700 1 138 133.5000 92.8100 2 138 -128.0000 -102.0000 3 138 67.4200 -76.4200
-1.3896703850e-001 1.6114596760e-001 -7.0127641169e-001
0 0 0
4 0 139 -128.9300 194.9100 1 139 135.2000 84.7500 2 139 -134.7800 -94.9100 3 139 53.5000 -71.5000
-1.1079346335e-001 1.5877173837e-001 -7.0536340370e-001
0 0 0
4 0 140 -91.7100 188.7400 1 140 138.5000 72.5000 2 140 -143.6800 -86.6000 3 140 38.4400 -67.3200
-2.5194281797e-001 1.6188062781e-001 -7.7593817174e-001
0 0 0
4 0 176 -256.1700 168.7900 1 176 17.2500 143.9000 2 176 -60.0000 -102.0000 3 176 136.9400 -55.1900
4.3446425479e-002 2.0073595080e-001 -7.0742981502e-001
0 0 0
4 0 177 86.4800 232.3800 1 177 177.4500 58.7600 2 177 -211.7100 -20.5000 3 177 -50.4200 -26.5800
5.8614640830e-002 1.9034841649e-001 -7.2936364360e-001
0 0 0
4 0 178 95.5200 209.7700 1 178 161.0300 49.1500 2 178 -206.3900 -10.4800 3 178 -58.5000 -20.5000
8.5942544462e-002 1.5446399632e-001 -8.3985582542e-001
0 0 0
3 0 179 84.7500 136.5400 2 179 -157.0000 25.1700 3 179 -80.5000 24.0000
7.5096033245e-002 1.4591059545e-001 -8.8537153081e-001
0 0 0
3 0 180 63.6900 119.8700 2 180 -124.1800 34.6500 3 180 -74.6200 44.2400
-3.2166387379e-002 1.4535485420e-002 -6.1930276719e-001
0 0 0
3 1 72 202.7100 -95.4700 2 72 -223.4100 -173.0900 3 72 -37.3800 -162.2400
-9.2568795427e-003 9.3118455956e-003 -6.2286701753e-001
0 0 0
3 1 73 203.2900 -100.5300 2 73 -231.2300 -170.4300 3 73 -55.6300 -159.7900
-1.4504680487e-001 3.5935183380e-004 -7.0086277812e-001
0 0 0
3 1 118 89.7500 -75.8600 2 118 -119.8300 -179.3700 3 118 41.7400 -156.0000
4.8470496996e-003 1.1784605544e-001 -9.8597950037e-001
0 0 0
3 1 181 -32.4300 41.4300 2 181 -32.0900 31.9700 3 181 -26.4300 85.6800
-1.3308138271e-002 1.0928101026e-001 -1.0053044479e+000
0 0 0
3 1 182 -50.1400 42.3000 2 182 -10.5600 27.6800 3 182 -12.8900 92.6300
-3.7799199771e-002 9.8766462435e-002 -1.0254793933e+000
0 0 0
3 1 183 -72.7600 41.7600 2 183 11.5300 20.6900 3 183 8.0000 99.6500
-4.6690673265e-002 9.0171998731e-002 -1.0362526266e+000
0 0 0
3 1 184 -85.5900 39.1800 2 184 21.5800 17.7600 3 184 15.0000 102.5000
-5.5227594607e-002 7.9299111443e-002 -1.0531644633e+000
0 0 0
3 1 185 -99.0800 35.5400 2 185 38.2200 15.9200 3 185 22.8400 109.8200
-5.5337221465e-002 6.9719411401e-002 -1.0739348704e+000
0 0 0
3 1 186 -111.7700 31.4300 2 186 53.2600 20.0000 3 186 24.0000 123.0000
