# Bundle file v0.3
4 167
6.2599333158e+002 -8.3825475331e-003 1.7849638754e-003
9.9801320446e-001 -4.2233724056e-003 6.2863398366e-002
4.4252745336e-003 9.9998548709e-001 -3.0728740540e-003
-6.2849508144e-002 3.3449566774e-003 9.9801740996e-001
5.9362000746e-002 -5.0959062249e-003 1.5747682219e-001
6.7608779717e+002 -5.9040627461e-002 -8.7136010748e-003
4.6144995703e-001 3.0060642352e-001 8.3468539899e-001
-2.5062288513e-001 9.4669239822e-001 -2.0238990240e-001
-8.5103002685e-001 -1.1579845111e-001 5.1219001563e-001
7.4378158781e-001 -2.4702760871e-001 -4.3671754588e-001
0 0 0
0 0 0
0 0 0
0 0 0
0 0 0
0 0 0
0 0 0
0 0 0
0 0 0
0 0 0
1.1114385211e-001 -1.1938327653e-001 -9.3203653609e-001
0 0 0
2 0 0 90.0000 -97.2400 1 0 -12.7100 -135.0000
1.0348256890e-001 -1.2701420100e-001 -9.3740135937e-001
0 0 0
2 0 1 83.1000 -102.7200 1 1 -19.7900 -138.5000
9.4685715236e-002 -1.2614934979e-001 -9.3299041195e-001
0 0 0
2 0 2 76.8100 -103.0700 1 2 -20.0000 -138.0000
9.2949317775e-002 -1.2091101159e-001 -9.2900401095e-001
0 0 0
2 0 3 76.0000 -99.0000 1 3 -17.3100 -135.7300
9.0794316912e-002 -1.2004966651e-001 -9.2870555985e-001
0 0 0
2 0 4 74.3200 -98.3700 1 4 -17.6800 -135.1000
9.4681031498e-002 -1.2092656533e-001 -9.3269590078e-001
0 0 0
2 0 5 76.8300 -98.4300 1 5 -18.8400 -135.1600
9.1051044112e-002 -1.2453267118e-001 -9.3380888884e-001
0 0 0
2 0 6 73.7900 -100.8900 1 6 -21.5000 -137.5000
9.4582940847e-002 -1.2923683994e-001 -9.3807799433e-001
0 0 0
2 0 7 75.9800 -104.2600 1 7 -23.6500 -139.6500
1.0224543368e-001 -1.3459864552e-001 -9.4554197706e-001
0 0 0
2 0 8 80.9000 -107.6200 1 8 -26.3000 -141.7400
1.0749084068e-001 -1.3778421238e-001 -9.5199613173e-001
0 0 0
2 0 9 84.0000 -109.0000 1 9 -28.7800 -142.9100
1.1495945015e-001 -1.4349704743e-001 -9.6257453879e-001
0 0 0
2 0 10 88.1100 -111.7300 1 10 -33.2200 -144.9100
1.1953954766e-001 -1.4855863072e-001 -9.7324506788e-001
0 0 0
2 0 11 89.9200 -114.0300 1 11 -38.4300 -146.1700
1.2229946266e-001 -1.5759178686e-001 -9.8884448595e-001
0 0 0
2 0 12 89.5800 -118.8500 1 12 -47.5000 -148.5000
1.2355854565e-001 -1.6624423870e-001 -1.0033858183e+000
0 0 0
2 0 13 88.3200 -123.0500 1 13 -56.3600 -151.0900
1.2270407749e-001 -1.7316812978e-001 -1.0170211092e+000
0 0 0
2 0 14 85.7200 -126.1700 1 14 -65.0000 -152.5000
1.2126005930e-001 -1.8029923229e-001 -1.0357097842e+000
0 0 0
2 0 15 82.0900 -128.2200 1 15 -76.3800 -153.3800
1.1566651086e-001 -1.8563048992e-001 -1.0458932396e+000
0 0 0
2 0 16 76.8500 -130.6200 1 16 -84.5000 -154.2900
9.2176642857e-002 -1.9761537962e-001 -1.0730931945e+000
0 0 0
2 0 17 57.6300 -135.3700 1 17 -109.0000 -155.0000
4.7044691916e-002 -2.0851721238e-001 -1.1000932796e+000
0 0 0
2 0 18 25.2100 -139.2100 1 18 -142.5000 -154.5000
3.3555175079e-002 -2.1137545566e-001 -1.1114056041e+000
0 0 0
2 0 19 15.6500 -139.6500 1 19 -154.2700 -153.3100
2.1197978883e-002 -2.1196559966e-001 -1.1166144856e+000
0 0 0
2 0 20 7.3200 -139.2400 1 20 -162.3200 -152.2400
-9.0735969924e-003 -2.0979696621e-001 -1.1193122781e+000
0 0 0
2 0 21 -12.5000 -137.7900 1 21 -176.9200 -148.9200
-1.8907327875e-002 -2.0659365797e-001 -1.1146055720e+000
0 0 0
2 0 22 -18.8200 -136.6100 1 22 -178.5600 -147.2600
-2.4594552667e-002 -2.0443439227e-001 -1.1103123055e+000
0 0 0
2 0 23 -22.4800 -135.9000 1 23 -178.7000 -146.4700
-3.2412872328e-002 -2.0094664974e-001 -1.1050255418e+000
0 0 0
2 0 24 -27.5800 -134.5500 1 24 -179.0700 -144.8100
-3.8554596255e-002 -1.9802530787e-001 -1.1007834679e+000
0 0 0
2 0 25 -31.6300 -133.3700 1 25 -179.2800 -143.3800
-4.9993990935e-002 -1.9242563058e-001 -1.0938368478e+000
0 0 0
2 0 26 -39.2800 -130.5900 1 26 -180.1600 -140.6200
-6.0565528779e-002 -1.8639358890e-001 -1.0856524186e+000
0 0 0
2 0 27 -46.4800 -128.1000 1 27 -179.8400 -137.3800
-6.8653888404e-002 -1.8205486220e-001 -1.0787097068e+000
0 0 0
2 0 28 -52.0900 -125.9700 1 28 -179.3700 -135.6300
-8.0784105381e-002 -1.7418339023e-001 -1.0666730904e+000
0 0 0
2 0 29 -60.7200 -122.4100 1 29 -177.4100 -131.9300
-9.0018336593e-002 -1.6772837790e-001 -1.0567837263e+000
0 0 0
2 0 30 -67.4800 -119.2000 1 30 -175.4000 -129.0400
-9.9837310819e-002 -1.5952873993e-001 -1.0447342988e+000
0 0 0
2 0 31 -74.9100 -115.2200 1 31 -172.0000 -125.0000
-1.0685411536e-001 -1.5347795047e-001 -1.0356977322e+000
0 0 0
2 0 32 -80.3700 -112.6300 1 32 -169.1600 -121.6200
-1.1811527017e-001 -1.4508681395e-001 -1.0225070935e+000
0 0 0
2 0 33 -89.3100 -108.0900 1 33 -165.6900 -117.6900
-1.2852965200e-001 -1.3787329059e-001 -1.0114166290e+000
0 0 0
2 0 34 -97.7600 -104.2400 1 34 -163.1100 -113.8900
-1.4201297956e-001 -1.2897008897e-001 -9.9959886160e-001
0 0 0
2 0 35 -108.8400 -99.2100 1 35 -161.2300 -108.4300
-1.5457857813e-001 -1.2094314814e-001 -9.8838596472e-001
0 0 0
2 0 36 -119.5000 -94.0500 1 36 -159.4500 -103.9000
-1.7002054383e-001 -1.1127969072e-001 -9.7630449604e-001
0 0 0
2 0 37 -132.8100 -89.0700 1 37 -158.0000 -96.4100
-1.8976324798e-001 -1.0347034770e-001 -9.6194844258e-001
0 0 0
2 0 38 -150.3200 -84.3400 1 38 -158.3000 -91.3500
-2.0792051649e-001 -9.3690906936e-002 -9.4537502462e-001
0 0 0
2 0 39 -167.6000 -78.4000 1 39 -155.5700 -84.6700
-2.2199814212e-001 -8.4953312742e-002 -9.3034368823e-001
0 0 0
2 0 40 -181.9600 -72.9300 1 40 -151.5000 -78.6400
-2.3441804726e-001 -7.4939552276e-002 -9.1617157600e-001
0 0 0
2 0 41 -195.3200 -66.5800 1 41 -146.2800 -70.7000
-2.4956627605e-001 -6.1420186057e-002 -8.9887922268e-001
0 0 0
2 0 42 -212.3800 -56.7500 1 42 -139.2400 -59.7600
-2.6269987906e-001 -5.1267824473e-002 -8.8407523774e-001
0 0 0
2 0 43 -227.8900 -47.5400 1 43 -133.7600 -52.5900
-2.7423613877e-001 -4.0983168580e-002 -8.6771588201e-001
0 0 0
2 0 44 -242.9700 -40.4400 1 44 -125.1800 -43.4400
-2.8556893776e-001 -3.1313012334e-002 -8.4985177764e-001
0 0 0
2 0 45 -259.1500 -32.5000 1 45 -115.2200 -35.7800
-2.9804489547e-001 -1.8646902219e-002 -8.2740487500e-001
0 0 0
2 0 46 -279.0300 -21.6900 1 46 -100.4500 -25.1300
-3.0773999719e-001 -7.1524928315e-003 -8.0594471614e-001
0 0 0
2 0 47 -297.1300 -11.0100 1 47 -84.1400 -15.6700
-3.1738945337e-001 5.3013861151e-003 -7.8303291403e-001
0 0 0
2 0 48 -317.2100 2.1100 1 48 -65.2200 -5.4600
-4.2492675298e-002 4.3543744394e-002 -5.5178333131e-001
0 0 0
2 0 57 -28.7600 64.3500 1 57 268.7600 -81.5900
-3.4529068092e-002 3.7668787655e-002 -5.5741534452e-001
0 0 0
2 0 58 -16.2800 54.0800 1 58 262.7600 -86.5900
-2.2874760001e-002 2.8787946299e-002 -5.6778587914e-001
0 0 0
2 0 59 1.0900 39.0000 1 59 252.1300 -93.4400
-1.6163859160e-002 1.9884674523e-002 -5.8146166062e-001
0 0 0
2 0 60 9.7900 24.3900 1 60 238.1700 -98.5000
-1.6257128967e-002 1.4758547078e-002 -5.9225742014e-001
0 0 0
2 0 61 8.4600 16.4100 1 61 226.9800 -100.3500
-2.1346028772e-002 9.3549389350e-003 -6.0917619962e-001
0 0 0
2 0 62 -0.3800 8.2800 1 62 209.4800 -100.2900
-2.9323688043e-002 6.1011766020e-003 -6.2362261082e-001
0 0 0
2 0 63 -12.3300 3.4700 1 63 194.3200 -98.4200
-3.6160002782e-002 3.5241086894e-003 -6.3417825580e-001
0 0 0
2 0 64 -21.9600 0.0400 1 64 182.8900 -97.3700
-4.0800317030e-002 2.4700601943e-003 -6.3858426188e-001
0 0 0
2 0 65 -28.2000 -1.3900 1 65 177.7500 -96.6200
-4.9130065724e-002 2.1256256380e-003 -6.4174859249e-001
0 0 0
2 0 66 -39.1500 -1.8000 1 66 173.0000 -95.2500
-5.2994585204e-002 3.5832770712e-003 -6.3956269900e-001
0 0 0
2 0 67 -44.2000 -0.4300 1 67 174.6500 -93.3500
-5.5529928118e-002 7.7631518527e-003 -6.3404415544e-001
0 0 0
2 0 68 -47.6600 5.2200 1 68 180.0800 -90.8400
-5.2196200891e-002 1.2256143374e-002 -6.2777775599e-001
0 0 0
2 0 69 -43.3200 11.5600 1 69 187.5300 -89.0800
-4.4473649479e-002 1.4451365907e-002 -6.2119770820e-001
0 0 0
2 0 70 -32.8500 14.7600 1 70 195.6200 -89.7600
-2.4646592199e-002 1.5434701222e-002 -6.2009547074e-001
0 0 0
2 0 71 -5.8400 16.6000 1 71 200.5000 -92.1600
6.0490556475e-002 8.5267845276e-004 -6.3820292422e-001
0 0 0
2 0 74 103.1100 -2.8700 1 74 197.2000 -108.5200
7.8725800673e-002 -7.9139418643e-003 -6.5223159120e-001
0 0 0
2 0 75 121.7100 -12.9200 1 75 187.1200 -114.8800
9.3436285442e-002 -1.5781470874e-002 -6.6544537993e-001
0 0 0
2 0 76 135.3300 -22.7600 1 76 178.2400 -118.0000
1.0675626413e-001 -2.5869038575e-002 -6.8503203027e-001
0 0 0
2 0 77 144.3400 -33.4500 1 77 164.0000 -122.4100
1.1723093681e-001 -3.9488089200e-002 -7.1319643467e-001
0 0 0
2 0 78 146.6500 -46.3100 1 78 142.9200 -127.5400
1.2158697887e-001 -4.8222112616e-002 -7.2923210088e-001
0 0 0
2 0 79 146.1800 -54.7800 1 79 131.0000 -130.0000
1.2554430996e-001 -6.0267310713e-002 -7.5324642476e-001
0 0 0
2 0 80 142.8800 -65.0000 1 80 113.0900 -133.5400
1.2808501838e-001 -7.0487372170e-002 -7.7432838212e-001
0 0 0
2 0 81 139.2700 -72.8800 1 81 97.6200 -136.3800
1.3140344540e-001 -8.2065377997e-002 -7.9937790593e-001
0 0 0
2 0 82 135.5700 -81.0000 1 82 79.9100 -139.3000
1.3227745884e-001 -9.1855261458e-002 -8.1925389999e-001
0 0 0
2 0 83 131.2200 -87.8300 1 83 65.6900 -141.5500
1.3348499153e-001 -1.0257532268e-001 -8.4268007288e-001
0 0 0
2 0 84 126.5600 -94.0400 1 84 49.3700 -144.3700
1.3255546006e-001 -1.1288119544e-001 -8.6223934428e-001
0 0 0
2 0 85 121.2400 -100.7600 1 85 35.3500 -146.6500
1.3190654165e-001 -1.2258153801e-001 -8.8186832116e-001
0 0 0
2 0 86 116.4200 -106.3700 1 86 21.6700 -148.7800
1.3061464318e-001 -1.3399164862e-001 -9.0580183213e-001
0 0 0
2 0 87 110.4700 -112.4300 1 87 5.2200 -151.0900
1.2964459592e-001 -1.4407700711e-001 -9.2449962818e-001
0 0 0
2 0 88 106.1100 -117.6300 1 88 -7.6700 -153.8800
1.2845250860e-001 -1.5500109896e-001 -9.4491846203e-001
0 0 0
2 0 89 101.4800 -123.2100 1 89 -21.5000 -156.5000
1.2253664358e-001 -1.6492174452e-001 -9.6837470534e-001
0 0 0
2 0 90 93.0000 -127.2400 1 90 -38.1200 -157.7200
1.1485790096e-001 -1.7077055674e-001 -9.8494646951e-001
0 0 0
2 0 91 84.6900 -129.3100 1 91 -50.6900 -157.5000
1.0266107114e-001 -1.7537680467e-001 -9.9937163682e-001
0 0 0
2 0 92 73.6800 -130.5900 1 92 -63.5000 -157.0000
9.0528118890e-002 -1.8050156559e-001 -1.0179052306e+000
0 0 0
2 0 93 62.5800 -131.5800 1 93 -78.5900 -155.9300
7.5864249470e-002 -1.8580659586e-001 -1.0359908608e+000
0 0 0
2 0 94 50.1900 -132.7200 1 94 -94.5000 -155.0000
5.7117794154e-002 -1.8844494634e-001 -1.0438218789e+000
0 0 0
2 0 95 36.3000 -133.7300 1 95 -106.3900 -154.1900
3.3610203330e-002 -1.9205360966e-001 -1.0578505379e+000
0 0 0
2 0 96 18.9000 -134.5200 1 96 -123.9000 -152.4500
5.9820175414e-003 -1.9472630425e-001 -1.0673142414e+000
0 0 0
2 0 97 -0.6500 -135.4500 1 97 -141.1700 -150.8000
-1.4822683971e-002 -1.9806485580e-001 -1.0802072569e+000
0 0 0
2 0 98 -15.3000 -135.9100 1 98 -157.8400 -149.3800
-4.0454070800e-002 -1.9959702961e-001 -1.0863727778e+000
0 0 0
2 0 99 -32.7900 -136.4500 1 99 -173.4100 -147.7200
-6.5508409192e-002 -1.9999453651e-001 -1.0844337444e+000
0 0 0
2 0 100 -49.8100 -137.1700 1 100 -184.9700 -147.3400
-8.1723754778e-002 -2.0161565920e-001 -1.0887720134e+000
0 0 0
2 0 101 -60.7600 -137.7600 1 101 -195.9100 -146.6900
-1.0042979450e-001 -1.9963330929e-001 -1.0828198465e+000
0 0 0
2 0 102 -73.7100 -137.5000 1 102 -202.3400 -145.7200
-1.2105973035e-001 -1.9440279803e-001 -1.0747040668e+000
0 0 0
2 0 103 -88.3200 -135.4400 1 103 -208.1600 -142.6200
-1.3795500837e-001 -1.8652944438e-001 -1.0631171378e+000
0 0 0
2 0 104 -100.8600 -131.8900 1 104 -209.6000 -138.5100
-1.4997456708e-001 -1.7775945563e-001 -1.0487482459e+000
0 0 0
2 0 105 -110.5000 -128.0000 1 105 -206.5000 -134.5000
-1.5843290558e-001 -1.6782643864e-001 -1.0313123418e+000
0 0 0
2 0 106 -118.1600 -123.5900 1 106 -199.1400 -130.3900
-1.6561864386e-001 -1.5059442630e-001 -1.0015483573e+000
0 0 0
2 0 107 -126.4900 -115.1400 1 107 -181.5900 -123.5400
-1.6875973167e-001 -1.4053385127e-001 -9.8470576354e-001
0 0 0
2 0 108 -130.7600 -110.0000 1 108 -170.6000 -119.1800
-1.7056418651e-001 -1.2950847333e-001 -9.6531666521e-001
0 0 0
2 0 109 -134.4600 -104.0800 1 109 -156.7000 -114.7700
-1.7294073577e-001 -1.1748928446e-001 -9.4454564821e-001
0 0 0
2 0 110 -139.0000 -96.7600 1 110 -141.6300 -110.1100
-1.7455945300e-001 -1.0276349104e-001 -9.1470455395e-001
0 0 0
2 0 111 -144.4100 -89.0200 1 111 -118.6400 -104.3300
-1.7727916102e-001 -9.0323712163e-002 -8.9130613720e-001
0 0 0
2 0 112 -150.2700 -80.3800 1 112 -100.6700 -99.8800
-1.7765397887e-001 -7.5683614158e-002 -8.6108949044e-001
0 0 0
2 0 113 -155.5000 -71.5000 1 113 -74.9000 -93.8500
-1.7744975295e-001 -6.4416843625e-002 -8.3725153645e-001
0 0 0
2 0 114 -159.5000 -63.5000 1 114 -53.7600 -89.8400
-1.7344404737e-001 -4.9238464461e-002 -8.0556583998e-001
0 0 0
2 0 115 -161.5900 -50.9000 1 115 -22.9500 -85.4300
-1.5642565030e-001 -2.9812182813e-002 -7.6032733944e-001
0 0 0
2 0 116 -152.7400 -35.2000 1 116 27.4400 -80.4600
-1.4218681475e-001 -1.8004844331e-002 -7.3490102082e-001
0 0 0
2 0 117 -141.9600 -23.8700 1 117 58.1300 -77.8000
-1.0911723172e-001 -3.0025732207e-004 -6.9426916963e-001
0 0 0
2 0 119 -110.3200 -4.6400 1 119 109.8600 -76.3800
-9.6919320504e-002 2.4615609034e-003 -6.7829238447e-001
0 0 0
2 0 120 -97.5400 -1.3800 1 120 128.4000 -79.6000
-9.5659957962e-002 -2.0795001081e-003 -6.6160362908e-001
0 0 0
2 0 121 -97.9200 -6.3000 1 121 142.2400 -89.3400
-1.1625956889e-001 -1.4982608142e-002 -6.5324718218e-001
0 0 0
2 0 122 -125.4800 -23.2900 1 122 140.7800 -101.0000
-1.4312466836e-001 -2.3165765883e-002 -6.5105925669e-001
0 0 0
2 0 123 -160.9100 -34.5500 1 123 132.7600 -106.0000
-1.6555440345e-001 -2.5390893384e-002 -6.5776169499e-001
0 0 0
2 0 124 -188.2900 -37.6900 1 124 118.5800 -102.8400
-2.1175388399e-001 -2.2495887574e-002 -6.6837784828e-001
0 0 0
2 0 125 -244.2600 -32.8800 1 125 92.0000 -91.0000
-2.3643136407e-001 -1.9932630499e-002 -6.9155718199e-001
0 0 0
2 0 126 -265.5200 -28.6900 1 126 59.1000 -76.8700
-2.5198018732e-001 -1.7335618982e-002 -7.1106664523e-001
0 0 0
2 0 127 -275.8700 -24.6200 1 127 33.2000 -65.4300
-2.5934286923e-001 -1.5441281765e-002 -7.3344448983e-001
0 0 0
2 0 128 -274.8800 -21.5000 1 128 8.2700 -55.4700
-2.5678605002e-001 -5.6824945757e-003 -7.5402293371e-001
0 0 0
2 0 129 -263.7800 -10.2500 1 129 -6.5100 -39.7900
-2.5169027053e-001 1.0453377156e-002 -7.6084093760e-001
0 0 0
2 0 130 -255.7100 6.9400 1 130 -4.6900 -22.0400
-2.4833205700e-001 3.3146822819e-002 -7.6157056740e-001
0 0 0
2 0 131 -251.9100 31.0300 1 131 3.8600 0.9500
-2.4284296419e-001 6.5293199687e-002 -7.5429923448e-001
0 0 0
2 0 132 -248.4400 63.8200 1 132 24.4400 32.9500
-2.3727413251e-001 9.3559839980e-002 -7.4466602151e-001
0 0 0
2 0 133 -246.1600 98.3500 1 133 44.0000 55.6700
9.5223370121e-002 1.1858898111e-001 -7.5533682517e-001
0 0 0
2 0 141 110.4100 122.3800 1 141 140.8000 -6.3300
1.0354839628e-001 1.0666730713e-001 -7.6566113185e-001
0 0 0
2 0 142 116.4900 106.7600 1 142 133.8400 -12.6200
1.0750359528e-001 9.5989538302e-002 -7.7478889645e-001
0 0 0
2 0 143 118.1700 94.5100 1 143 126.3900 -19.2600
1.1206907396e-001 8.4130031643e-002 -7.8422399994e-001
0 0 0
2 0 144 120.3400 81.2400 1 144 118.8200 -26.4300
1.3954077603e-001 2.0029241254e-002 -8.7596581698e-001
0 0 0
2 0 145 123.7500 15.9000 1 145 55.6800 -57.7600
1.3954661580e-001 1.6003828250e-002 -8.8310770979e-001
0 0 0
2 0 146 122.2000 12.0400 1 146 50.8100 -58.8100
1.3778661391e-001 9.6503841092e-003 -8.9336901776e-001
0 0 0
2 0 147 118.5200 6.7200 1 147 43.0700 -61.1900
1.3440112663e-001 1.4728878299e-003 -9.0240433968e-001
0 0 0
2 0 148 113.8800 -0.2800 1 148 35.3700 -64.3700
1.3331908145e-001 -1.7318729158e-003 -9.0719626452e-001
0 0 0
2 0 149 112.0300 -2.7900 1 149 31.6500 -65.6500
1.3066716328e-001 -4.7947528174e-003 -9.1093754916e-001
0 0 0
2 0 150 109.1500 -5.4500 1 150 28.2100 -66.5000
1.2911140563e-001 -4.7783834028e-003 -9.1323290016e-001
0 0 0
2 0 151 107.4500 -5.5400 1 151 26.5000 -65.7900
1.2844352913e-001 -4.4750879728e-003 -9.1573837486e-001
0 0 0
2 0 152 106.4400 -5.4500 1 152 25.0000 -64.8900
1.2392959828e-001 -2.7674102353e-003 -9.1637515046e-001
0 0 0
2 0 153 102.6600 -3.9100 1 153 23.6300 -63.3700
1.1809304706e-001 -1.2168406953e-003 -9.1843103451e-001
0 0 0
2 0 154 97.5700 -2.6400 1 154 21.0700 -61.3800
1.0989310850e-001 -4.2725147274e-004 -9.2621980003e-001
0 0 0
2 0 155 89.6400 -1.9800 1 155 14.3700 -58.6300
9.8638718631e-002 -6.9011204937e-004 -9.3220553231e-001
0 0 0
2 0 156 79.7100 -2.1700 1 156 7.5000 -56.5000
8.7836396753e-002 -1.0983594851e-003 -9.4377604118e-001
0 0 0
2 0 157 69.5000 -2.5000 1 157 -2.5000 -53.5000
6.9142238777e-002 -1.8340265667e-003 -9.4808729479e-001
0 0 0
2 0 158 54.2900 -3.1000 1 158 -11.1200 -50.9400
-4.1526206875e-002 -6.3925390845e-003 -1.0043591360e+000
0 0 0
2 0 159 -33.5700 -6.6700 1 159 -85.2600 -28.8000
-6.3964829529e-002 -4.3180787364e-003 -1.0125007086e+000
0 0 0
2 0 160 -50.2000 -5.1100 1 160 -99.0300 -22.3800
-8.4551513952e-002 -1.6573407852e-003 -1.0184619457e+000
0 0 0
2 0 161 -65.2800 -3.0700 1 161 -111.0300 -16.0800
-1.0074642338e-001 -8.3602434933e-004 -1.0235336282e+000
0 0 0
2 0 162 -77.0000 -2.5000 1 162 -121.2400 -11.7600
-1.1684695767e-001 1.0457776644e-004 -1.0290621900e+000
0 0 0
2 0 163 -88.5100 -1.9100 1 163 -131.8700 -7.1300
-1.7332494109e-001 2.6644781109e-003 -1.0032309580e+000
0 0 0
2 0 164 -132.7600 -0.1000 1 164 -145.0000 1.6700
-1.7533713076e-001 3.7871029039e-003 -9.9691154533e-001
0 0 0
2 0 165 -135.0000 0.5000 1 165 -141.8800 2.1200
-1.8180108708e-001 6.3444980508e-003 -9.8906586369e-001
0 0 0
2 0 166 -140.9300 2.5600 1 166 -139.8800 4.1200
-1.9060552420e-001 1.0397134437e-002 -9.8001283103e-001
0 0 0
2 0 167 -148.9800 5.8300 1 167 -137.9400 7.7000
-2.0093436771e-001 1.7881201207e-002 -9.6914886840e-001
0 0 0
2 0 168 -158.7600 12.4700 1 168 -134.8000 13.8000
-2.0800859767e-001 2.9287640825e-002 -9.5826411625e-001
0 0 0
2 0 169 -166.0200 19.9300 1 169 -127.9200 24.7600
-2.2016710866e-001 4.7313823592e-002 -9.4107773779e-001
0 0 0
2 0 170 -179.0500 36.1100 1 170 -118.2500 39.6200
-2.3119021904e-001 6.5371112329e-002 -9.2383982390e-001
0 0 0
2 0 171 -191.6700 52.1100 1 171 -107.1700 55.7000
-2.4080284118e-001 8.5266715538e-002 -9.0196508995e-001
0 0 0
2 0 172 -204.7100 70.7000 1 172 -90.7900 73.2100
-2.4648425539e-001 9.9558108770e-002 -8.8377603436e-001
0 0 0
2 0 173 -214.1000 85.1300 1 173 -76.0000 85.5000
-2.5215606655e-001 1.1765368151e-001 -8.5893789415e-001
0 0 0
2 0 174 -225.7900 104.7900 1 174 -54.2500 100.8900
-2.5781720368e-001 1.4023544760e-001 -8.2670383145e-001
0 0 0
2 0 175 -240.6300 131.6700 1 175 -23.9200 120.3500
7.8644109091e-002 -2.9929775068e-002 -1.0479327841e+000
0 0 0
2 0 187 50.5300 -22.3600 1 187 -67.4100 -53.7200
8.4359921694e-002 -2.3125979433e-002 -1.0326056689e+000
0 0 0
2 0 188 56.1200 -17.8800 1 188 -56.1600 -52.6200
8.6298300156e-002 -1.3708031506e-002 -1.0124270192e+000
0 0 0
2 0 189 59.7300 -11.3300 1 189 -43.0900 -50.3000
8.1911942134e-002 -5.1213976969e-003 -9.9680654908e-001
0 0 0
2 0 190 58.3200 -5.4200 1 190 -34.4500 -46.5800
6.8224220049e-002 5.1964759314e-003 -9.8276373974e-001
0 0 0
2 0 191 49.6700 2.3000 1 191 -29.3300 -40.5000
-6.5363425717e-002 2.5608549619e-002 -1.0069104098e+000
0 0 0
2 0 192 -51.4200 17.2000 1 192 -89.3900 -1.8600
-7.8194869940e-002 3.1471492577e-002 -1.0196920427e+000
0 0 0
2 0 193 -60.6900 21.3600 1 193 -100.9400 6.5700
-8.0874650252e-002 3.9660383803e-002 -1.0298395565e+000
0 0 0
2 0 194 -62.4100 27.0000 1 194 -105.9100 14.4500
-7.7605678782e-002 4.7771371477e-002 -1.0333281032e+000
0 0 0
2 0 195 -60.0000 33.0000 1 195 -104.5700 19.7700
