# Bundle file v0.3
4 167
7.6800000000e+002 0.0000000000e+000 0.0000000000e+000
1.0000000000e+000 0.0000000000e+000 0.0000000000e+000
0.0000000000e+000 1.0000000000e+000 0.0000000000e+000
0.0000000000e+000 0.0000000000e+000 1.0000000000e+000
-0.0000000000e+000 -0.0000000000e+000 -0.0000000000e+000
7.6800000000e+002 0.0000000000e+000 0.0000000000e+000
4.1117257171e-001 2.9445387302e-001 8.6268999817e-001
-2.3583698807e-001 9.4853165213e-001 -2.1134952086e-001
-8.8052145421e-001 -1.1655308478e-001 4.5945331330e-001
7.7123756488e-001 -2.5120097013e-001 -5.8488519483e-001
0 0 0
0 0 0
0 0 0
0 0 0
0 0 0
0 0 0
0 0 0
0 0 0
0 0 0
0 0 0
1.0859937563e-001 -1.1725507143e-001 -9.2671473911e-001
0 0 0
2 0 0 90.0000 -97.2400 1 0 -12.7100 -135.0000
1.0084868524e-001 -1.2459472904e-001 -9.3202913065e-001
0 0 0
2 0 1 83.1000 -102.7200 1 1 -19.7900 -138.5000
9.2875518795e-002 -1.2409776552e-001 -9.2861679664e-001
0 0 0
2 0 2 76.8100 -103.0700 1 2 -20.0000 -138.0000
9.1544492266e-002 -1.1919954704e-001 -9.2508067908e-001
0 0 0
2 0 3 76.0000 -99.0000 1 3 -17.3100 -135.7300
8.9506389392e-002 -1.1841793672e-001 -9.2493104186e-001
0 0 0
2 0 4 74.3200 -98.3700 1 4 -17.6800 -135.1000
9.2864562508e-002 -1.1905353530e-001 -9.2828376676e-001
0 0 0
2 0 5 76.8300 -98.4300 1 5 -18.8400 -135.1600
8.9306990747e-002 -1.2257862021e-001 -9.2951153884e-001
0 0 0
2 0 6 73.7900 -100.8900 1 6 -21.5000 -137.5000
9.2319971531e-002 -1.2690307696e-001 -9.3317293362e-001
0 0 0
2 0 7 75.9800 -104.2600 1 7 -23.6500 -139.6500
9.8957776580e-002 -1.3163988673e-001 -9.3942605581e-001
0 0 0
2 0 8 80.9000 -107.6200 1 8 -26.3000 -141.7400
1.0334213602e-001 -1.3434864099e-001 -9.4485911235e-001
0 0 0
2 0 9 84.0000 -109.0000 1 9 -28.7800 -142.9100
1.0942094929e-001 -1.3925692154e-001 -9.5379426346e-001
0 0 0
2 0 10 88.1100 -111.7300 1 10 -33.2200 -144.9100
1.1273753045e-001 -1.4357193430e-001 -9.6293712621e-001
0 0 0
2 0 11 89.9200 -114.0300 1 11 -38.4300 -146.1700
1.1389503975e-001 -1.5147850129e-001 -9.7650329524e-001
0 0 0
2 0 12 89.5800 -118.8500 1 12 -47.5000 -148.5000
1.1374181084e-001 -1.5904032451e-001 -9.8913811818e-001
0 0 0
2 0 13 88.3200 -123.0500 1 13 -56.3600 -151.0900
1.1172218361e-001 -1.6501317332e-001 -1.0010546902e+000
0 0 0
2 0 14 85.7200 -126.1700 1 14 -65.0000 -152.5000
1.0871143650e-001 -1.7092940755e-001 -1.0172615748e+000
0 0 0
2 0 15 82.0900 -128.2200 1 15 -76.3800 -153.3800
1.0268698713e-001 -1.7561861440e-001 -1.0264244759e+000
0 0 0
2 0 16 76.8500 -130.6200 1 16 -84.5000 -154.2900
7.8875118891e-002 -1.8620194918e-001 -1.0514070964e+000
0 0 0
2 0 17 57.6300 -135.3700 1 17 -109.0000 -155.0000
3.5350664846e-002 -1.9631676811e-001 -1.0777339757e+000
0 0 0
2 0 18 25.2100 -139.2100 1 18 -142.5000 -154.5000
2.2152000209e-002 -1.9879143367e-001 -1.0883071571e+000
0 0 0
2 0 19 15.6500 -139.6500 1 19 -154.2700 -153.3100
1.0391718934e-002 -1.9942214762e-001 -1.0936310525e+000
0 0 0
2 0 20 7.3200 -139.2400 1 20 -162.3200 -152.2400
-1.7903615751e-002 -1.9809585002e-001 -1.0982219173e+000
0 0 0
2 0 21 -12.5000 -137.7900 1 21 -176.9200 -148.9200
-2.6855137339e-002 -1.9560352557e-001 -1.0949991204e+000
0 0 0
2 0 22 -18.8200 -136.6100 1 22 -178.5600 -147.2600
-3.1977297600e-002 -1.9394617668e-001 -1.0917946031e+000
0 0 0
2 0 23 -22.4800 -135.9000 1 23 -178.7000 -146.4700
-3.9081445473e-002 -1.9113991762e-001 -1.0878897814e+000
0 0 0
2 0 24 -27.5800 -134.5500 1 24 -179.0700 -144.8100
-4.4683935437e-002 -1.8875927646e-001 -1.0847306907e+000
0 0 0
2 0 25 -31.6300 -133.3700 1 25 -179.2800 -143.3800
-5.5229587922e-002 -1.8410360841e-001 -1.0796114168e+000
0 0 0
2 0 26 -39.2800 -130.5900 1 26 -180.1600 -140.6200
-6.4960099880e-002 -1.7904658683e-001 -1.0733453023e+000
0 0 0
2 0 27 -46.4800 -128.1000 1 27 -179.8400 -137.3800
-7.2437398920e-002 -1.7544489360e-001 -1.0679147594e+000
0 0 0
2 0 28 -52.0900 -125.9700 1 28 -179.3700 -135.6300
-8.3674157656e-002 -1.6877826508e-001 -1.0583082194e+000
0 0 0
2 0 29 -60.7200 -122.4100 1 29 -177.4100 -131.9300
-9.2286732027e-002 -1.6325003031e-001 -1.0502884213e+000
0 0 0
2 0 30 -67.4800 -119.2000 1 30 -175.4000 -129.0400
-1.0147487640e-001 -1.5610821232e-001 -1.0403474250e+000
0 0 0
2 0 31 -74.9100 -115.2200 1 31 -172.0000 -125.0000
-1.0807672246e-001 -1.5079997177e-001 -1.0328255837e+000
0 0 0
2 0 32 -80.3700 -112.6300 1 32 -169.1600 -121.6200
-1.1882051591e-001 -1.4343782127e-001 -1.0217920159e+000
0 0 0
2 0 33 -89.3100 -108.0900 1 33 -165.6900 -117.6900
-1.2888015519e-001 -1.3705726944e-001 -1.0124926195e+000
0 0 0
2 0 34 -97.7600 -104.2400 1 34 -163.1100 -113.8900
-1.4209051959e-001 -1.2905367574e-001 -1.0026268631e+000
0 0 0
2 0 35 -108.8400 -99.2100 1 35 -161.2300 -108.4300
-1.5453207474e-001 -1.2180182758e-001 -9.9314596993e-001
0 0 0
2 0 36 -119.5000 -94.0500 1 36 -159.4500 -103.9000
-1.6998947276e-001 -1.1293977858e-001 -9.8295753955e-001
0 0 0
2 0 37 -132.8100 -89.0700 1 37 -158.0000 -96.4100
-1.9001204013e-001 -1.0596535366e-001 -9.7075835253e-001
0 0 0
2 0 38 -150.3200 -84.3400 1 38 -158.3000 -91.3500
-2.0868699703e-001 -9.6982844192e-002 -9.5623291411e-001
0 0 0
2 0 39 -167.6000 -78.4000 1 39 -155.5700 -84.6700
-2.2338038547e-001 -8.8841856622e-002 -9.4276951918e-001
0 0 0
2 0 40 -181.9600 -72.9300 1 40 -151.5000 -78.6400
-2.3652245703e-001 -7.9284112688e-002 -9.2988288108e-001
0 0 0
2 0 41 -195.3200 -66.5800 1 41 -146.2800 -70.7000
-2.5278175125e-001 -6.6186833691e-002 -9.1394399389e-001
0 0 0
2 0 42 -212.3800 -56.7500 1 42 -139.2400 -59.7600
-2.6707405710e-001 -5.6327506257e-002 -9.0013017459e-001
0 0 0
2 0 43 -227.8900 -47.5400 1 43 -133.7600 -52.5900
-2.7987836724e-001 -4.6218292278e-002 -8.8461189070e-001
0 0 0
2 0 44 -242.9700 -40.4400 1 44 -125.1800 -43.4400
-2.9270285428e-001 -3.6677901509e-002 -8.6743053587e-001
0 0 0
2 0 45 -259.1500 -32.5000 1 45 -115.2200 -35.7800
-3.0718180035e-001 -2.4002318158e-002 -8.4550543261e-001
0 0 0
2 0 46 -279.0300 -21.6900 1 46 -100.4500 -25.1300
-3.1884108545e-001 -1.2367755592e-002 -8.2421711674e-001
0 0 0
2 0 47 -297.1300 -11.0100 1 47 -84.1400 -15.6700
-3.3077170362e-001 3.7320025859e-004 -8.0119312227e-001
0 0 0
2 0 48 -317.2100 2.1100 1 48 -65.2200 -5.4600
-2.0846009172e-002 4.5344052940e-002 -5.6152530680e-001
0 0 0
2 0 57 -28.7600 64.3500 1 57 268.7600 -81.5900
-1.1894823909e-002 3.8610851336e-002 -5.6743998826e-001
0 0 0
2 0 58 -16.2800 54.0800 1 58 262.7600 -86.5900
8.9754956545e-004 2.8497657335e-002 -5.7824380391e-001
0 0 0
2 0 59 1.0900 39.0000 1 59 252.1300 -93.4400
7.5804103490e-003 1.8443756993e-002 -5.9237374253e-001
0 0 0
2 0 60 9.7900 24.3900 1 60 238.1700 -98.5000
6.6631447388e-003 1.2685672117e-002 -6.0347592192e-001
0 0 0
2 0 61 8.4600 16.4100 1 61 226.9800 -100.3500
-3.0421919820e-004 6.6505171470e-003 -6.2081897561e-001
0 0 0
2 0 62 -0.3800 8.2800 1 62 209.4800 -100.2900
-1.0215662071e-002 3.0406165130e-003 -6.3560127671e-001
0 0 0
2 0 63 -12.3300 3.4700 1 63 194.3200 -98.4200
-1.8493687447e-002 2.0058305910e-004 -6.4639437209e-001
0 0 0
2 0 64 -21.9600 0.0400 1 64 182.8900 -97.3700
-2.3914451413e-002 -9.6432206912e-004 -6.5091208861e-001
0 0 0
2 0 65 -28.2000 -1.3900 1 65 177.7500 -96.6200
-3.3357997882e-002 -1.3913173938e-003 -6.5419951996e-001
0 0 0
2 0 66 -39.1500 -1.8000 1 66 173.0000 -95.2500
-3.7560015774e-002 1.7556864363e-004 -6.5200643949e-001
0 0 0
2 0 67 -44.2000 -0.4300 1 67 174.6500 -93.3500
-4.0133496593e-002 4.6861509572e-003 -6.4638763474e-001
0 0 0
2 0 68 -47.6600 5.2200 1 68 180.0800 -90.8400
-3.6094801771e-002 9.5984623559e-003 -6.3995229547e-001
0 0 0
2 0 69 -43.3200 11.5600 1 69 187.5300 -89.0800
-2.7075293590e-002 1.2062586060e-002 -6.3317992615e-001
0 0 0
2 0 70 -32.8500 14.7600 1 70 195.6200 -89.7600
-4.7744554251e-003 1.3247013950e-002 -6.3192448032e-001
0 0 0
2 0 71 -5.8400 16.6000 1 71 200.5000 -92.1600
8.7168129122e-002 -2.0391168078e-003 -6.4942803668e-001
0 0 0
2 0 74 103.1100 -2.8700 1 74 197.2000 -108.5200
1.0510237474e-001 -1.1255944322e-002 -6.6317240239e-001
0 0 0
2 0 75 121.7100 -12.9200 1 75 187.1200 -114.8800
1.1909631697e-001 -1.9362627420e-002 -6.7604705338e-001
0 0 0
2 0 76 135.3300 -22.7600 1 76 178.2400 -118.0000
1.3060660653e-001 -2.9638423340e-002 -6.9505864071e-001
0 0 0
2 0 77 144.3400 -33.4500 1 77 164.0000 -122.4100
1.3790431975e-001 -4.3270788267e-002 -7.2224438083e-001
0 0 0
2 0 78 146.6500 -46.3100 1 78 142.9200 -127.5400
1.4038345048e-001 -5.1905933617e-002 -7.3764275568e-001
0 0 0
2 0 79 146.1800 -54.7800 1 79 131.0000 -130.0000
1.4148219782e-001 -6.3641058844e-002 -7.6056447558e-001
0 0 0
2 0 80 142.8800 -65.0000 1 80 113.0900 -133.5400
1.4153403034e-001 -7.3443985654e-002 -7.8053704183e-001
0 0 0
2 0 81 139.2700 -72.8800 1 81 97.6200 -136.3800
1.4192772843e-001 -8.4352112881e-002 -8.0404202348e-001
0 0 0
2 0 82 135.5700 -81.0000 1 82 79.9100 -139.3000
1.4054903914e-001 -9.3518027813e-002 -8.2262049003e-001
0 0 0
2 0 83 131.2200 -87.8300 1 83 65.6900 -141.5500
1.3913333567e-001 -1.0338258792e-001 -8.4429838697e-001
0 0 0
2 0 84 126.5600 -94.0400 1 84 49.3700 -144.3700
1.3614181942e-001 -1.1288810586e-001 -8.6239312636e-001
0 0 0
2 0 85 121.2400 -100.7600 1 85 35.3500 -146.6500
1.3345941579e-001 -1.2170070072e-001 -8.8039718306e-001
0 0 0
2 0 86 116.4200 -106.3700 1 86 21.6700 -148.7800
1.2977483482e-001 -1.3193599019e-001 -9.0220046411e-001
0 0 0
2 0 87 110.4700 -112.4300 1 87 5.2200 -151.0900
1.2698403492e-001 -1.4097992983e-001 -9.1910044953e-001
0 0 0
2 0 88 106.1100 -117.6300 1 88 -7.6700 -153.8800
1.2386539295e-001 -1.5068107358e-001 -9.3744730744e-001
0 0 0
2 0 89 101.4800 -123.2100 1 89 -21.5000 -156.5000
1.1607311547e-001 -1.5931778441e-001 -9.5861629289e-001
0 0 0
2 0 90 93.0000 -127.2400 1 90 -38.1200 -157.7200
1.0736596514e-001 -1.6435937271e-001 -9.7370934838e-001
0 0 0
2 0 91 84.6900 -129.3100 1 91 -50.6900 -157.5000
9.4693220892e-002 -1.6840883233e-001 -9.8715239861e-001
0 0 0
2 0 92 73.6800 -130.5900 1 92 -63.5000 -157.0000
8.1804807479e-002 -1.7274453506e-001 -1.0041239126e+000
0 0 0
2 0 93 62.5800 -131.5800 1 93 -78.5900 -155.9300
6.6691313037e-002 -1.7731484881e-001 -1.0208181762e+000
0 0 0
2 0 94 50.1900 -132.7200 1 94 -94.5000 -155.0000
4.8614482526e-002 -1.7994235774e-001 -1.0289284561e+000
0 0 0
2 0 95 36.3000 -133.7300 1 95 -106.3900 -154.1900
2.5644030061e-002 -1.8331337714e-001 -1.0427146046e+000
0 0 0
2 0 96 18.9000 -134.5200 1 96 -123.9000 -152.4500
-9.0182940022e-004 -1.8611624620e-001 -1.0528657280e+000
0 0 0
2 0 97 -0.6500 -135.4500 1 97 -141.1700 -150.8000
-2.1242062741e-002 -1.8918585148e-001 -1.0654375005e+000
0 0 0
2 0 98 -15.3000 -135.9100 1 98 -157.8400 -149.3800
-4.5805747903e-002 -1.9099372424e-001 -1.0725862326e+000
0 0 0
2 0 99 -32.7900 -136.4500 1 99 -173.4100 -147.7200
-6.9586408507e-002 -1.9210081896e-001 -1.0727107992e+000
0 0 0
2 0 100 -49.8100 -137.1700 1 100 -184.9700 -147.3400
-8.5267371236e-002 -1.9382248478e-001 -1.0775830034e+000
0 0 0
2 0 101 -60.7600 -137.7600 1 101 -195.9100 -146.6900
-1.0306707440e-001 -1.9269700548e-001 -1.0737441261e+000
0 0 0
2 0 102 -73.7100 -137.5000 1 102 -202.3400 -145.7200
-1.2283680897e-001 -1.8860654117e-001 -1.0680893019e+000
0 0 0
2 0 103 -88.3200 -135.4400 1 103 -208.1600 -142.6200
-1.3908841444e-001 -1.8202083216e-001 -1.0590637371e+000
0 0 0
2 0 104 -100.8600 -131.8900 1 104 -209.6000 -138.5100
-1.5066742170e-001 -1.7452877808e-001 -1.0471726685e+000
0 0 0
2 0 105 -110.5000 -128.0000 1 105 -206.5000 -134.5000
-1.5880578193e-001 -1.6589818082e-001 -1.0322091091e+000
0 0 0
2 0 106 -118.1600 -123.5900 1 106 -199.1400 -130.3900
-1.6566418647e-001 -1.5054191562e-001 -1.0058709036e+000
0 0 0
2 0 107 -126.4900 -115.1400 1 107 -181.5900 -123.5400
-1.6867769399e-001 -1.4141468453e-001 -9.9072939797e-001
0 0 0
2 0 108 -130.7600 -110.0000 1 108 -170.6000 -119.1800
-1.7035501030e-001 -1.3131965935e-001 -9.7303699329e-001
0 0 0
2 0 109 -134.4600 -104.0800 1 109 -156.7000 -114.7700
-1.7264701169e-001 -1.2019118764e-001 -9.5390581142e-001
0 0 0
2 0 110 -139.0000 -96.7600 1 110 -141.6300 -110.1100
-1.7413426585e-001 -1.0649263731e-001 -9.2604983628e-001
0 0 0
2 0 111 -144.4100 -89.0200 1 111 -118.6400 -104.3300
-1.7687276063e-001 -9.4731406618e-002 -9.0396895291e-001
0 0 0
2 0 112 -150.2700 -80.3800 1 112 -100.6700 -99.8800
-1.7718457643e-001 -8.0709549117e-002 -8.7502587368e-001
0 0 0
2 0 113 -155.5000 -71.5000 1 113 -74.9000 -93.8500
-1.7694273161e-001 -6.9780177854e-002 -8.5190760185e-001
0 0 0
2 0 114 -159.5000 -63.5000 1 114 -53.7600 -89.8400
-1.7266845710e-001 -5.4803243137e-002 -8.2071919132e-001
0 0 0
2 0 115 -161.5900 -50.9000 1 115 -22.9500 -85.4300
-1.5422844802e-001 -3.5178447306e-002 -7.7540134027e-001
0 0 0
2 0 116 -152.7400 -35.2000 1 116 27.4400 -80.4600
-1.3858024695e-001 -2.2969465453e-002 -7.4962034309e-001
0 0 0
2 0 117 -141.9600 -23.8700 1 117 58.1300 -77.8000
-1.0171377352e-001 -4.2546907312e-003 -7.0807649834e-001
0 0 0
2 0 119 -110.3200 -4.6400 1 119 109.8600 -76.3800
-8.7853607621e-002 -1.2727157388e-003 -6.9174812688e-001
0 0 0
2 0 120 -97.5400 -1.3800 1 120 128.4000 -79.6000
-8.5996571044e-002 -6.2408737410e-003 -6.7483324915e-001
0 0 0
2 0 121 -97.9200 -6.3000 1 121 142.2400 -89.3400
-1.0889690731e-001 -2.0411648420e-002 -6.6656717406e-001
0 0 0
2 0 122 -125.4800 -23.2900 1 122 140.7800 -101.0000
-1.3925242851e-001 -2.9539212599e-002 -6.6455245726e-001
0 0 0
2 0 123 -160.9100 -34.5500 1 123 132.7600 -106.0000
-1.6469601824e-001 -3.2041341262e-002 -6.7159428141e-001
0 0 0
2 0 124 -188.2900 -37.6900 1 124 118.5800 -102.8400
-2.1715110625e-001 -2.9230857071e-002 -6.8276444334e-001
0 0 0
2 0 125 -244.2600 -32.8800 1 125 92.0000 -91.0000
-2.4437572255e-001 -2.6393476282e-002 -7.0683966834e-001
0 0 0
2 0 126 -265.5200 -28.6900 1 126 59.1000 -76.8700
-2.6114597327e-001 -2.3530955195e-002 -7.2704573568e-001
0 0 0
2 0 127 -275.8700 -24.6200 1 127 33.2000 -65.4300
-2.6843800590e-001 -2.1336009264e-002 -7.5005859271e-001
0 0 0
2 0 128 -274.8800 -21.5000 1 128 8.2700 -55.4700
-2.6474206279e-001 -1.0812030772e-002 -7.7090584713e-001
0 0 0
2 0 129 -263.7800 -10.2500 1 129 -6.5100 -39.7900
-2.5884106033e-001 6.2480465168e-003 -7.7759496205e-001
0 0 0
2 0 130 -255.7100 6.9400 1 130 -4.6900 -22.0400
-2.5508454383e-001 3.0120883452e-002 -7.7807961077e-001
0 0 0
2 0 131 -251.9100 31.0300 1 131 3.8600 0.9500
-2.4919033184e-001 6.4065910566e-002 -7.7029799118e-001
0 0 0
2 0 132 -248.4400 63.8200 1 132 24.4400 32.9500
-2.4316314147e-001 9.3970606876e-002 -7.6024088244e-001
0 0 0
2 0 133 -246.1600 98.3500 1 133 44.0000 55.6700
1.0998677938e-001 1.1862167114e-001 -7.6240805673e-001
0 0 0
2 0 141 110.4100 122.3800 1 141 140.8000 -6.3300
1.1724884781e-001 1.0605460259e-001 -7.7197640647e-001
0 0 0
2 0 142 116.4900 106.7600 1 142 133.8400 -12.6200
1.2023756410e-001 9.4904280159e-002 -7.8056676872e-001
0 0 0
2 0 143 118.1700 94.5100 1 143 126.3900 -19.2600
1.2378493390e-001 8.2633258529e-002 -7.8938535855e-001
0 0 0
2 0 144 120.3400 81.2400 1 144 118.8200 -26.4300
1.4076804636e-001 1.7683693460e-002 -8.7344507055e-001
0 0 0
2 0 145 123.7500 15.9000 1 145 55.6800 -57.7600
1.4001635234e-001 1.3734962478e-002 -8.7994667124e-001
0 0 0
2 0 146 122.2000 12.0400 1 146 50.8100 -58.8100
1.3726476226e-001 7.5259311253e-003 -8.8935966407e-001
0 0 0
2 0 147 118.5200 6.7200 1 147 43.0700 -61.1900
1.3312530063e-001 -4.2824860244e-004 -8.9774878808e-001
0 0 0
2 0 148 113.8800 -0.2800 1 148 35.3700 -64.3700
1.3161206903e-001 -3.5324001608e-003 -9.0214016520e-001
0 0 0
2 0 149 112.0300 -2.7900 1 149 31.6500 -65.6500
1.2872078636e-001 -6.5029848787e-003 -9.0567369840e-001
0 0 0
2 0 150 109.1500 -5.4500 1 150 28.2100 -66.5000
1.2700863709e-001 -6.4865595802e-003 -9.0782044739e-001
0 0 0
2 0 151 107.4500 -5.5400 1 151 26.5000 -65.7900
1.2611901011e-001 -6.1865617928e-003 -9.1010150843e-001
0 0 0
2 0 152 106.4400 -5.4500 1 152 25.0000 -64.8900
1.2175888218e-001 -4.5548452321e-003 -9.1091442634e-001
0 0 0
2 0 153 102.6600 -3.9100 1 153 23.6300 -63.3700
1.1599761428e-001 -3.0760840025e-003 -9.1307752330e-001
0 0 0
2 0 154 97.5700 -2.6400 1 154 21.0700 -61.3800
1.0743913090e-001 -2.3304082490e-003 -9.2051744761e-001
0 0 0
2 0 155 89.6400 -1.9800 1 155 14.3700 -58.6300
9.6164255050e-002 -2.6232179450e-003 -9.2653261568e-001
0 0 0
2 0 156 79.7100 -2.1700 1 156 7.5000 -56.5000
8.4838841242e-002 -3.0373855567e-003 -9.3750919597e-001
0 0 0
2 0 157 69.5000 -2.5000 1 157 -2.5000 -53.5000
6.6626305179e-002 -3.8274851386e-003 -9.4249276304e-001
0 0 0
2 0 158 54.2900 -3.1000 1 158 -11.1200 -50.9400
-4.3697776787e-002 -8.5770903892e-003 -9.9955377288e-001
0 0 0
2 0 159 -33.5700 -6.6700 1 159 -85.2600 -28.8000
-6.5904141223e-002 -6.6494282112e-003 -1.0081979960e+000
0 0 0
2 0 160 -50.2000 -5.1100 1 160 -99.0300 -22.3800
-8.6250229177e-002 -4.1508931326e-003 -1.0147803969e+000
0 0 0
2 0 161 -65.2800 -3.0700 1 161 -111.0300 -16.0800
-1.0229040366e-001 -3.4113653803e-003 -1.0203060380e+000
0 0 0
2 0 162 -77.0000 -2.5000 1 162 -121.2400 -11.7600
-1.1826950686e-001 -2.5521998106e-003 -1.0262228777e+000
0 0 0
2 0 163 -88.5100 -1.9100 1 163 -131.8700 -7.1300
-1.7397410186e-001 -4.1830062594e-004 -1.0065344759e+000
0 0 0
2 0 164 -132.7600 -0.1000 1 164 -145.0000 1.6700
-1.7594406716e-001 6.5164469320e-004 -1.0009262487e+000
0 0 0
2 0 165 -135.0000 0.5000 1 165 -141.8800 2.1200
-1.8241342901e-001 3.1109907197e-003 -9.9414437837e-001
0 0 0
2 0 166 -140.9300 2.5600 1 166 -139.8800 4.1200
-1.9129939011e-001 7.0457024663e-003 -9.8632924727e-001
0 0 0
2 0 167 -148.9800 5.8300 1 167 -137.9400 7.7000
-2.0181351170e-001 1.4391847070e-002 -9.7683720657e-001
0 0 0
2 0 168 -158.7600 12.4700 1 168 -134.8000 13.8000
-2.0909547800e-001 2.5716399110e-002 -9.6701515003e-001
0 0 0
2 0 169 -166.0200 19.9300 1 169 -127.9200 24.7600
-2.2171728086e-001 4.3728897299e-002 -9.5143901947e-001
0 0 0
2 0 170 -179.0500 36.1100 1 170 -118.2500 39.6200
-2.3332017729e-001 6.1957980214e-002 -9.3556653660e-001
0 0 0
2 0 171 -191.6700 52.1100 1 171 -107.1700 55.7000
-2.4365337682e-001 8.2292476113e-002 -9.1502190533e-001
0 0 0
2 0 172 -204.7100 70.7000 1 172 -90.7900 73.2100
-2.4992091379e-001 9.7092630383e-002 -8.9768670057e-001
0 0 0
2 0 173 -214.1000 85.1300 1 173 -76.0000 85.5000
-2.5638322513e-001 1.1607604354e-001 -8.7369927357e-001
0 0 0
2 0 174 -225.7900 104.7900 1 174 -54.2500 100.8900
-2.6310520968e-001 1.4014569095e-001 -8.4210204699e-001
0 0 0
2 0 175 -240.6300 131.6700 1 175 -23.9200 120.3500
6.7727463999e-002 -2.9917255100e-002 -1.0294214918e+000
0 0 0
2 0 187 50.5300 -22.3600 1 187 -67.4100 -53.7200
7.4223013719e-002 -2.3594757927e-002 -1.0157761928e+000
0 0 0
2 0 188 56.1200 -17.8800 1 188 -56.1600 -52.6200
7.7630528950e-002 -1.4807931467e-002 -9.9810414071e-001
0 0 0
2 0 189 59.7300 -11.3300 1 189 -43.0900 -50.3000
7.4765284710e-002 -6.7431285141e-003 -9.8472157862e-001
0 0 0
2 0 190 58.3200 -5.4200 1 190 -34.4500 -46.5800
6.2935487967e-002 3.0196091194e-003 -9.7321438559e-001
0 0 0
2 0 191 49.6700 2.3000 1 191 -29.3300 -40.5000
-6.7141179066e-002 2.2292679693e-002 -1.0030065518e+000
0 0 0
2 0 192 -51.4200 17.2000 1 192 -89.3900 -1.8600
-8.0189284138e-002 2.7901622801e-002 -1.0150921611e+000
0 0 0
2 0 193 -60.6900 21.3600 1 193 -100.9400 6.5700
-8.3202207031e-002 3.5752457169e-002 -1.0241267223e+000
0 0 0
2 0 194 -62.4100 27.0000 1 194 -105.9100 14.4500
-8.0173655817e-002 4.3539238037e-002 -1.0268877655e+000
0 0 0
2 0 195 -60.0000 33.0000 1 195 -104.5700 19.7700
