# Bundle file v0.3
4 105
7.6800000000e+002 0.0000000000e+000 0.0000000000e+000
1.0000000000e+000 0.0000000000e+000 0.0000000000e+000
0.0000000000e+000 1.0000000000e+000 0.0000000000e+000
0.0000000000e+000 0.0000000000e+000 1.0000000000e+000
-0.0000000000e+000 -0.0000000000e+000 -0.0000000000e+000
7.6800000000e+002 0.0000000000e+000 0.0000000000e+000
4.1530540504e-001 3.7440587969e-001 -8.2906070815e-001
-4.0042728737e-001 8.9357089158e-001 2.0295085427e-001
8.1681050928e-001 2.4769194370e-001 5.2102715184e-001
-8.7895760223e-001 1.8532670979e-001 -4.3941727790e-001
0 0 0
0 0 0
0 0 0
0 0 0
0 0 0
0 0 0
0 0 0
0 0 0
0 0 0
0 0 0
-1.8604307261e-001 7.7599605299e-002 -9.9658719297e-001
0 0 0
2 0 0 -143.4600 60.1500 1 0 -71.0900 88.9100
-1.7137199678e-001 8.8347545594e-002 -9.8654397413e-001
0 0 0
2 0 1 -133.4500 68.9400 1 1 -71.0900 94.9100
-1.5637761043e-001 1.0127393702e-001 -9.7119574378e-001
0 0 0
2 0 2 -123.7100 80.2900 1 2 -73.9000 103.3400
-1.4663666957e-001 1.0812743061e-001 -9.5856795791e-001
0 0 0
2 0 3 -117.5300 86.8200 1 3 -77.9300 108.5500
-1.3624334438e-001 1.1125430939e-001 -9.4656106579e-001
0 0 0
2 0 4 -110.5500 90.3000 1 4 -82.4700 111.1900
-1.2526608628e-001 1.0847050087e-001 -9.3369171162e-001
0 0 0
2 0 5 -103.0000 89.0700 1 5 -89.1600 109.7800
-1.1554841646e-001 1.0227388941e-001 -9.2093619538e-001
0 0 0
2 0 6 -96.3500 85.2500 1 6 -97.2400 105.7900
-1.0989123207e-001 9.5489697669e-002 -9.1104884297e-001
0 0 0
2 0 7 -92.6200 80.4300 1 7 -104.6100 101.7400
-1.0602558945e-001 8.8164975144e-002 -9.0350499541e-001
0 0 0
2 0 8 -89.9500 74.2600 1 8 -110.8900 97.8000
-1.0168315818e-001 7.6332875623e-002 -8.9202052059e-001
0 0 0
2 0 9 -87.5300 65.6600 1 9 -121.3900 89.8600
-9.9443276160e-002 6.3545676823e-002 -8.8227425010e-001
0 0 0
2 0 10 -86.5400 55.2300 1 10 -131.3600 82.0000
-9.8156939731e-002 4.9213343324e-002 -8.7269431907e-001
0 0 0
2 0 11 -86.3900 43.3400 1 11 -141.9200 73.0000
-9.8140238369e-002 3.5305705204e-002 -8.6703919665e-001
0 0 0
2 0 12 -86.9000 31.1700 1 12 -149.7100 64.1100
-9.7818312409e-002 2.0592377231e-002 -8.6249897310e-001
0 0 0
2 0 13 -87.0900 18.3000 1 13 -156.8500 54.1200
-9.9242017502e-002 4.5865825492e-003 -8.5705471403e-001
0 0 0
2 0 14 -88.9300 4.1100 1 14 -165.3100 43.9100
-1.0113949633e-001 -6.7645021678e-003 -8.5131846079e-001
0 0 0
2 0 15 -91.0300 -6.7600 1 15 -172.6900 38.0900
-1.0385572913e-001 -1.7745020569e-002 -8.4180730385e-001
0 0 0
2 0 16 -94.7300 -16.2500 1 16 -183.2600 32.0000
-1.0905461761e-001 -2.3952945921e-002 -8.2935989698e-001
0 0 0
2 0 17 -100.9600 -22.2600 1 17 -195.1500 31.3000
-1.1383556041e-001 -1.9322850085e-002 -8.1693317369e-001
0 0 0
2 0 18 -106.8000 -18.8300 1 18 -204.1700 38.9700
-1.1644762314e-001 -7.6230051727e-003 -8.0943306998e-001
0 0 0
2 0 19 -110.5100 -7.1600 1 19 -207.7000 48.7000
-1.1666609073e-001 6.7394450110e-003 -8.0541347652e-001
0 0 0
2 0 20 -111.2600 6.4700 1 20 -207.3100 60.0900
-1.1381259078e-001 2.4951243045e-002 -8.0788083703e-001
0 0 0
2 0 21 -108.2500 23.9100 1 21 -200.4100 72.1300
-1.1032473598e-001 4.1390293762e-002 -8.1426346271e-001
0 0 0
2 0 22 -104.1300 39.3000 1 22 -190.6900 82.0900
-1.0680298206e-001 5.4174492241e-002 -8.2397338255e-001
0 0 0
2 0 23 -99.4100 49.9900 1 23 -179.0800 89.6300
-1.0098001095e-001 6.3126901842e-002 -8.3276818212e-001
0 0 0
2 0 24 -93.1700 58.3800 1 24 -169.0000 92.2500
-9.3883578898e-002 7.1988480549e-002 -8.4926494437e-001
0 0 0
2 0 25 -84.9000 65.1000 1 25 -152.5800 93.7900
-8.6836246622e-002 7.7527082774e-002 -8.6824300201e-001
0 0 0
2 0 26 -76.8300 68.6500 1 26 -135.2700 92.0300
-8.0655592382e-002 7.9230298683e-002 -8.8492359456e-001
0 0 0
2 0 27 -70.0300 68.8800 1 27 -121.0000 88.1500
-7.5428917724e-002 7.8493739816e-002 -9.0652996859e-001
0 0 0
2 0 28 -63.9000 66.4900 1 28 -104.1200 81.8800
-7.1621343057e-002 7.6075829737e-002 -9.2550885720e-001
0 0 0
2 0 29 -59.4300 63.1200 1 29 -90.2100 75.2300
-6.8063581053e-002 7.2290549081e-002 -9.4356551538e-001
0 0 0
2 0 30 -55.3800 58.7700 1 30 -77.5900 68.0000
-6.4849740481e-002 6.8982741533e-002 -9.6003397071e-001
0 0 0
2 0 31 -52.0000 55.6200 1 31 -66.3200 61.0300
-6.0875062648e-002 6.6242045286e-002 -9.6939731752e-001
0 0 0
2 0 32 -48.1600 52.2400 1 32 -59.4500 56.9200
-4.8559675663e-002 6.1410435979e-002 -9.9970082953e-001
0 0 0
2 0 35 -37.9300 49.3300 1 35 -37.3100 42.0900
-5.7818736372e-003 7.8767683252e-002 -9.9529071780e-001
0 0 0
2 0 39 -4.4300 60.6700 1 39 -21.7300 45.7300
4.5500294297e-004 8.2786274400e-002 -9.8852724231e-001
0 0 0
2 0 40 0.3500 64.3300 1 40 -23.2200 48.1100
6.3052036855e-003 8.5498530439e-002 -9.7763348866e-001
0 0 0
2 0 41 5.0000 67.0000 1 41 -28.1200 50.7700
1.0077041326e-002 8.3386914690e-002 -9.6278793555e-001
0 0 0
2 0 42 8.0800 66.3700 1 42 -38.1500 51.0000
1.1799405276e-002 7.8721733074e-002 -9.4631933394e-001
0 0 0
2 0 43 9.6300 63.7000 1 43 -51.0000 50.2500
1.0294421981e-002 7.1756098272e-002 -9.2671144954e-001
0 0 0
2 0 44 8.5800 59.3000 1 44 -68.1200 49.2300
6.9256861128e-003 6.3367970738e-002 -9.1014119376e-001
0 0 0
2 0 45 5.8800 53.3500 1 45 -84.1500 47.0000
8.4206352771e-004 5.2558967711e-002 -8.9063731226e-001
0 0 0
2 0 46 0.7900 45.1100 1 46 -104.0000 44.4100
-7.6274228569e-003 4.3679902682e-002 -8.6996293916e-001
0 0 0
2 0 47 -6.7700 38.6800 1 47 -125.0000 43.8500
-2.1076794444e-002 3.3806914355e-002 -8.5461932406e-001
0 0 0
2 0 48 -18.8600 30.1200 1 48 -143.0700 43.7100
-3.7521890199e-002 2.3531973571e-002 -8.3635495907e-001
0 0 0
2 0 49 -34.4400 21.5600 1 49 -164.1200 44.1200
-5.1209911253e-002 1.5253884996e-002 -8.2431018222e-001
0 0 0
2 0 50 -47.7300 14.2700 1 50 -178.7800 44.1100
-6.0621647489e-002 8.1319871952e-003 -8.2020701485e-001
0 0 0
2 0 51 -56.5800 7.0400 1 51 -185.5800 43.0000
-6.9397047244e-002 -7.9840473798e-003 -8.1420778693e-001
0 0 0
2 0 52 -65.3800 -7.7700 1 52 -196.2400 34.2000
-7.9254834364e-002 -3.0379518777e-002 -8.1099437296e-001
0 0 0
2 0 53 -74.9600 -29.0400 1 53 -206.1700 21.1400
-8.9147637273e-002 -5.1042966796e-002 -8.0699550406e-001
0 0 0
2 0 54 -84.7100 -48.9400 1 54 -216.0300 9.8900
-9.8488216422e-002 -7.1415197775e-002 -8.0238581291e-001
0 0 0
2 0 55 -94.1100 -68.7800 1 55 -226.0000 -1.0000
-9.4142735822e-002 -3.7161706250e-002 -7.7371389138e-001
0 0 0
2 0 56 -93.4500 -36.8800 1 56 -240.2600 27.1100
-8.8749858091e-002 -1.0418038597e-002 -7.7308446283e-001
0 0 0
2 0 57 -88.1400 -10.4300 1 57 -233.3900 45.8600
-8.0206542405e-002 2.4736968820e-002 -7.8296616682e-001
0 0 0
2 0 58 -78.7500 24.5200 1 58 -215.0900 68.0000
-7.3560549389e-002 6.1274952009e-002 -8.0436619563e-001
0 0 0
2 0 59 -70.3100 58.7800 1 59 -186.8200 90.0400
-7.1563057221e-002 8.5436681509e-002 -8.2059429262e-001
0 0 0
2 0 60 -67.3500 81.4200 1 60 -167.0400 103.4900
-7.1212613417e-002 1.0946797167e-001 -8.4473257749e-001
0 0 0
2 0 61 -65.0000 100.5900 1 61 -141.2000 117.0900
-7.3772585210e-002 1.2784613248e-001 -8.6909718470e-001
0 0 0
2 0 62 -65.1900 112.9700 1 62 -117.7600 127.3800
-7.7674201858e-002 1.4138154856e-001 -8.9382834020e-001
0 0 0
2 0 63 -66.7200 121.3900 1 63 -96.4400 132.8400
-8.6195316794e-002 1.4914541791e-001 -9.1329476495e-001
0 0 0
2 0 64 -72.5200 125.5900 1 64 -82.3800 135.6200
-9.9935142222e-002 1.5368674339e-001 -9.3149339173e-001
0 0 0
2 0 65 -82.3600 126.5500 1 65 -71.8800 137.8800
-1.1588919560e-001 1.5361410349e-001 -9.4759508948e-001
0 0 0
2 0 66 -93.8800 124.2900 1 66 -65.1200 137.3200
-1.2751005625e-001 1.5068990076e-001 -9.6043496811e-001
0 0 0
2 0 67 -101.9300 120.3500 1 67 -60.4300 134.5200
-1.4055422046e-001 1.4589781489e-001 -9.7248325509e-001
0 0 0
2 0 68 -111.0000 115.2200 1 68 -57.3000 130.8600
-1.5432610741e-001 1.4284708613e-001 -9.8064625425e-001
0 0 0
2 0 69 -120.8700 111.9100 1 69 -56.4800 129.6100
-1.7494588456e-001 1.4083397668e-001 -9.8441719264e-001
0 0 0
2 0 70 -136.5000 109.9400 1 70 -59.9400 131.3400
-1.9449739422e-001 1.4068979216e-001 -9.8127298472e-001
0 0 0
2 0 71 -152.2200 110.0900 1 71 -66.8300 135.6400
-2.1453068553e-001 1.4233822004e-001 -9.6889511672e-001
0 0 0
2 0 72 -170.0900 113.0200 1 72 -79.0000 142.7100
-2.2441027702e-001 1.4493890073e-001 -9.5514902695e-001
0 0 0
2 0 73 -180.4400 116.5400 1 73 -89.2400 149.3200
-2.2619542205e-001 1.4775374046e-001 -9.4579129886e-001
0 0 0
2 0 74 -183.7300 120.2500 1 74 -94.9100 153.2200
-2.2085654107e-001 1.5079688321e-001 -9.4382899919e-001
0 0 0
2 0 75 -179.7600 122.9400 1 75 -94.2100 154.8400
-2.0672195863e-001 1.5502697788e-001 -9.5073178142e-001
0 0 0
2 0 76 -167.0300 125.4300 1 76 -85.5000 153.8300
-1.9369601680e-001 1.5741129639e-001 -9.6235633173e-001
0 0 0
2 0 77 -154.6200 125.8300 1 77 -74.3700 150.6300
-1.8575395818e-001 1.5500974660e-001 -9.7349512201e-001
0 0 0
2 0 78 -146.5600 122.3700 1 78 -65.9300 145.2900
-1.8386579137e-001 1.5119692180e-001 -9.8205124177e-001
0 0 0
2 0 79 -143.8000 118.2900 1 79 -61.0300 140.5400
-1.8689901073e-001 1.4785991438e-001 -9.8854752234e-001
0 0 0
2 0 80 -145.2500 115.1000 1 80 -58.6100 137.2500
-1.9436081610e-001 1.4241298481e-001 -9.9361911149e-001
0 0 0
2 0 81 -150.2200 110.0400 1 81 -58.6900 134.1900
-2.0288582518e-001 1.3600131281e-001 -9.9531299786e-001
0 0 0
2 0 82 -156.6200 105.2600 1 82 -61.4300 130.7600
-2.1649341793e-001 1.2848320059e-001 -9.9435272898e-001
0 0 0
2 0 83 -167.2100 99.2300 1 83 -67.1400 128.8900
-2.3878059636e-001 1.2317892027e-001 -9.8922713349e-001
0 0 0
2 0 84 -185.7300 97.2100 1 84 -77.0000 128.7100
-2.5824722979e-001 1.2187057152e-001 -9.9019404225e-001
0 0 0
2 0 85 -200.1500 93.8500 1 85 -80.7800 133.7400
-2.8004995419e-001 1.2078455409e-001 -9.5533507680e-001
0 0 0
2 0 87 -225.3800 98.2500 1 87 -107.0000 141.6000
-2.8121005639e-001 1.2541822688e-001 -9.4240387616e-001
0 0 0
2 0 88 -229.2800 102.7400 1 88 -114.0000 148.1400
-2.7979660465e-001 1.3555262666e-001 -9.3279305088e-001
0 0 0
2 0 89 -230.4500 112.0200 1 89 -117.3200 156.5900
-2.6726104152e-001 1.4980851677e-001 -9.2999045477e-001
0 0 0
2 0 90 -220.7600 123.9800 1 90 -113.2000 164.7000
-2.5371836307e-001 1.6053537409e-001 -9.2980556649e-001
0 0 0
2 0 91 -209.6100 132.8300 1 91 -107.9500 169.7900
-2.3831683215e-001 1.6889260320e-001 -9.3321234155e-001
0 0 0
2 0 92 -196.1500 139.1200 1 92 -100.4300 172.3800
-2.2025433891e-001 1.7386086311e-001 -9.3736925379e-001
0 0 0
2 0 93 -180.4600 142.4600 1 93 -92.4800 172.1300
-2.0264183854e-001 1.7507376794e-001 -9.4571849182e-001
0 0 0
2 0 94 -164.5400 142.0600 1 94 -82.6700 168.3800
-1.8644764762e-001 1.7434462169e-001 -9.5603068463e-001
0 0 0
2 0 95 -149.7900 140.1200 1 95 -72.2900 162.6400
-1.6777567150e-001 1.7101114282e-001 -9.6847160578e-001
0 0 0
2 0 96 -133.0500 135.6300 1 96 -60.4000 154.3400
-1.5350744766e-001 1.6543120775e-001 -9.7767478602e-001
0 0 0
2 0 97 -120.6100 130.0700 1 97 -52.2100 145.7100
-1.3907316412e-001 1.5619281465e-001 -9.8933189656e-001
0 0 0
2 0 98 -107.9600 121.2500 1 98 -43.2700 134.0900
-1.2901090762e-001 1.4545399942e-001 -9.9920041952e-001
0 0 0
2 0 99 -99.3100 112.4700 1 99 -37.1600 121.7800
-1.2095673028e-001 1.3301513697e-001 -1.0053153976e+000
0 0 0
2 0 100 -92.4000 101.6000 1 100 -34.2700 110.9100
-1.1635660401e-001 1.2056611651e-001 -1.0103835792e+000
0 0 0
2 0 101 -88.4500 91.6700 1 101 -33.1300 100.2300
-1.1508150295e-001 9.4618422974e-002 -1.0191719675e+000
0 0 0
2 0 103 -86.7200 71.3000 1 103 -34.2100 80.5000
-1.2387482877e-001 8.5968838271e-002 -1.0241372904e+000
0 0 0
2 0 104 -92.9600 64.7200 1 104 -35.8900 75.5200
-1.3850795724e-001 7.7218325128e-002 -1.0277564725e+000
0 0 0
2 0 105 -103.5700 57.9600 1 105 -39.9200 72.4400
-1.4654707984e-001 7.1638392646e-002 -1.0265058412e+000
0 0 0
2 0 106 -109.7500 54.0000 1 106 -44.2900 70.7100
-1.5859958447e-001 6.7765380461e-002 -1.0251534988e+000
0 0 0
2 0 107 -118.9000 51.0800 1 107 -49.2200 71.3000
-1.7138255084e-001 6.4537203249e-002 -1.0213229886e+000
0 0 0
2 0 108 -129.0000 49.0000 1 108 -55.6300 72.6300
-1.8573953866e-001 6.0737286604e-002 -1.0199921981e+000
0 0 0
2 0 109 -139.9400 46.0600 1 109 -60.8900 73.8100
-2.0336365013e-001 5.6219607754e-002 -1.0081885456e+000
0 0 0
2 0 110 -154.9800 43.0700 1 110 -73.2900 77.0000
-2.1965713915e-001 4.6157406418e-002 -1.0003326290e+000
0 0 0
2 0 111 -168.6900 35.6200 1 111 -84.1200 75.6700
