# Bundle file v0.3
4 105
7.4462334202e+002 -3.2711114503e-002 -2.7306330623e-003
9.9933342623e-001 2.4564017883e-003 3.6423471830e-002
-2.5808465228e-003 9.9999099118e-001 3.3699846008e-003
-3.6414865661e-002 -3.4617416481e-003 9.9933076301e-001
3.3071953677e-002 3.3523438071e-003 2.0172961437e-002
7.9477777195e+002 6.6029732919e-003 -1.1167733428e-004
3.8696459163e-001 3.6665478117e-001 -8.4606304509e-001
-3.9520732099e-001 8.9494579706e-001 2.0708257714e-001
8.3310838326e-001 2.5423668454e-001 4.9121698869e-001
-8.9813398698e-001 1.8981492701e-001 -5.0473183177e-001
0 0 0
0 0 0
0 0 0
0 0 0
0 0 0
0 0 0
0 0 0
0 0 0
0 0 0
0 0 0
-1.8350058678e-001 7.7500081168e-002 -9.9292977992e-001
0 0 0
2 0 0 -143.4600 60.1500 1 0 -71.0900 88.9100
-1.6933595967e-001 8.8310537635e-002 -9.8373841701e-001
0 0 0
2 0 1 -133.4500 68.9400 1 1 -71.0900 94.9100
-1.5502442267e-001 1.0131792020e-001 -9.6940301748e-001
0 0 0
2 0 2 -123.7100 80.2900 1 2 -73.9000 103.3400
-1.4579940429e-001 1.0823146250e-001 -9.5746589207e-001
0 0 0
2 0 3 -117.5300 86.8200 1 3 -77.9300 108.5500
-1.3587061848e-001 1.1141892369e-001 -9.4609185668e-001
0 0 0
2 0 4 -110.5500 90.3000 1 4 -82.4700 111.1900
-1.2534854494e-001 1.0866708774e-001 -9.3380996850e-001
0 0 0
2 0 5 -103.0000 89.0700 1 5 -89.1600 109.7800
-1.1605589381e-001 1.0246295639e-001 -9.2154122369e-001
0 0 0
2 0 6 -96.3500 85.2500 1 6 -97.2400 105.7900
-1.1071392100e-001 9.5638299156e-002 -9.1193870740e-001
0 0 0
2 0 7 -92.6200 80.4300 1 7 -104.6100 101.7400
-1.0707406585e-001 8.8259215838e-002 -9.0456680479e-001
0 0 0
2 0 8 -89.9500 74.2600 1 8 -110.8900 97.8000
-1.0308025271e-001 7.6318514920e-002 -8.9327391385e-001
0 0 0
2 0 9 -87.5300 65.6600 1 9 -121.3900 89.8600
-1.0111986652e-001 6.3403730490e-002 -8.8360307096e-001
0 0 0
2 0 10 -86.5400 55.2300 1 10 -131.3600 82.0000
-1.0009938320e-001 4.8924358728e-002 -8.7403795173e-001
0 0 0
2 0 11 -86.3900 43.3400 1 11 -141.9200 73.0000
-1.0021294769e-001 3.4887835751e-002 -8.6830889878e-001
0 0 0
2 0 12 -86.9000 31.1700 1 12 -149.7100 64.1100
-9.9980106206e-002 2.0050701868e-002 -8.6368260317e-001
0 0 0
2 0 13 -87.0900 18.3000 1 13 -156.8500 54.1200
-1.0151466832e-001 3.9090689966e-003 -8.5809353665e-001
0 0 0
2 0 14 -88.9300 4.1100 1 14 -165.3100 43.9100
-1.0354358665e-001 -7.5474125322e-003 -8.5223024447e-001
0 0 0
2 0 15 -91.0300 -6.7600 1 15 -172.6900 38.0900
-1.0652007281e-001 -1.8646875535e-002 -8.4260817769e-001
0 0 0
2 0 16 -94.7300 -16.2500 1 16 -183.2600 32.0000
-1.1207457372e-001 -2.4960023217e-002 -8.3000813149e-001
0 0 0
2 0 17 -100.9600 -22.2600 1 17 -195.1500 31.3000
-1.1724748431e-001 -2.0378755015e-002 -8.1750600228e-001
0 0 0
2 0 18 -106.8000 -18.8300 1 18 -204.1700 38.9700
-1.2015017711e-001 -8.6582951391e-003 -8.1005582839e-001
0 0 0
2 0 19 -110.5100 -7.1600 1 19 -207.7000 48.7000
-1.2057105010e-001 5.7577183761e-003 -8.0616395134e-001
0 0 0
2 0 20 -111.2600 6.4700 1 20 -207.3100 60.0900
-1.1775347920e-001 2.4096273919e-002 -8.0889002690e-001
0 0 0
2 0 21 -108.2500 23.9100 1 21 -200.4100 72.1300
-1.1416315796e-001 4.0691216868e-002 -8.1553040204e-001
0 0 0
2 0 22 -104.1300 39.3000 1 22 -190.6900 82.0900
-1.1039541009e-001 5.3632655390e-002 -8.2544685316e-001
0 0 0
2 0 23 -99.4100 49.9900 1 23 -179.0800 89.6300
-1.0433847908e-001 6.2731168468e-002 -8.3447119490e-001
0 0 0
2 0 24 -93.1700 58.3800 1 24 -169.0000 92.2500
-9.6724799832e-002 7.1785333426e-002 -8.5116759114e-001
0 0 0
2 0 25 -84.9000 65.1000 1 25 -152.5800 93.7900
-8.9037494312e-002 7.7499918492e-002 -8.7023761945e-001
0 0 0
2 0 26 -76.8300 68.6500 1 26 -135.2700 92.0300
-8.2264191995e-002 7.9326917390e-002 -8.8691433079e-001
0 0 0
2 0 27 -70.0300 68.8800 1 27 -121.0000 88.1500
-7.6254009350e-002 7.8706315058e-002 -9.0833228174e-001
0 0 0
2 0 28 -63.9000 66.4900 1 28 -104.1200 81.8800
-7.1750445681e-002 7.6370455542e-002 -9.2703749586e-001
0 0 0
2 0 29 -59.4300 63.1200 1 29 -90.2100 75.2300
-6.7523790007e-002 7.2654063487e-002 -9.4475763956e-001
0 0 0
2 0 30 -55.3800 58.7700 1 30 -77.5900 68.0000
-6.3703390174e-002 6.9410697915e-002 -9.6087149119e-001
0 0 0
2 0 31 -52.0000 55.6200 1 31 -66.3200 61.0300
-5.9363146629e-002 6.6720758035e-002 -9.7005605700e-001
0 0 0
2 0 32 -48.1600 52.2400 1 32 -59.4500 56.9200
-4.5899493439e-002 6.2054466756e-002 -9.9971901732e-001
0 0 0
2 0 35 -37.9300 49.3300 1 35 -37.3100 42.0900
-2.8465782534e-003 7.9788758630e-002 -9.9666688648e-001
0 0 0
2 0 39 -4.4300 60.6700 1 39 -21.7300 45.7300
3.2369724399e-003 8.3853050291e-002 -9.9031843281e-001
0 0 0
2 0 40 0.3500 64.3300 1 40 -23.2200 48.1100
8.7935137266e-003 8.6589246042e-002 -9.7994292987e-001
0 0 0
2 0 41 5.0000 67.0000 1 41 -28.1200 50.7700
1.2108153471e-002 8.4427752564e-002 -9.6562585721e-001
0 0 0
2 0 42 8.0800 66.3700 1 42 -38.1500 51.0000
1.3287276229e-002 7.9658966528e-002 -9.4961732818e-001
0 0 0
2 0 43 9.6300 63.7000 1 43 -51.0000 50.2500
1.1078418712e-002 7.2516015941e-002 -9.3038912259e-001
0 0 0
2 0 44 8.5800 59.3000 1 44 -68.1200 49.2300
7.0848824163e-003 6.3924779734e-002 -9.1400468624e-001
0 0 0
2 0 45 5.8800 53.3500 1 45 -84.1500 47.0000
2.4193765632e-004 5.2842914236e-002 -8.9458030843e-001
0 0 0
2 0 46 0.7900 45.1100 1 46 -104.0000 44.4100
-9.0550465090e-003 4.3688958170e-002 -8.7387374055e-001
0 0 0
2 0 47 -6.7700 38.6800 1 47 -125.0000 43.8500
-2.3173035719e-002 3.3548480503e-002 -8.5821288363e-001
0 0 0
2 0 48 -18.8600 30.1200 1 48 -143.0700 43.7100
-4.0371906215e-002 2.2991163170e-002 -8.3950898829e-001
0 0 0
2 0 49 -34.4400 21.5600 1 49 -164.1200 44.1200
-5.4530235765e-002 1.4521682448e-002 -8.2704005544e-001
0 0 0
2 0 50 -47.7300 14.2700 1 50 -178.7800 44.1100
-6.4087142646e-002 7.2909215386e-003 -8.2259987291e-001
0 0 0
2 0 51 -56.5800 7.0400 1 51 -185.5800 43.0000
-7.3017627243e-002 -9.0051670324e-003 -8.1621089835e-001
0 0 0
2 0 52 -65.3800 -7.7700 1 52 -196.2400 34.2000
-8.2886369832e-002 -3.1579349683e-002 -8.1250993931e-001
0 0 0
2 0 53 -74.9600 -29.0400 1 53 -206.1700 21.1400
-9.2800751183e-002 -5.2373920279e-002 -8.0803830588e-001
0 0 0
2 0 54 -84.7100 -48.9400 1 54 -216.0300 9.8900
-1.0216486486e-001 -7.2844226566e-002 -8.0297752571e-001
0 0 0
2 0 55 -94.1100 -68.7800 1 55 -226.0000 -1.0000
-9.8897416651e-002 -3.8588979301e-002 -7.7464788447e-001
0 0 0
2 0 56 -93.4500 -36.8800 1 56 -240.2600 27.1100
-9.3685511343e-002 -1.1695272534e-002 -7.7440083398e-001
0 0 0
2 0 57 -88.1400 -10.4300 1 57 -233.3900 45.8600
-8.5029026997e-002 2.3793589203e-002 -7.8490329218e-001
0 0 0
2 0 58 -78.7500 24.5200 1 58 -215.0900 68.0000
-7.7847824726e-002 6.0828109090e-002 -8.0689744329e-001
0 0 0
2 0 59 -70.3100 58.7800 1 59 -186.8200 90.0400
-7.5410122169e-002 8.5356872092e-002 -8.2340509153e-001
0 0 0
2 0 60 -67.3500 81.4200 1 60 -167.0400 103.4900
-7.4318890941e-002 1.0977723439e-001 -8.4767896776e-001
0 0 0
2 0 61 -65.0000 100.5900 1 61 -141.2000 117.0900
-7.6099532905e-002 1.2843442197e-001 -8.7193646261e-001
0 0 0
2 0 62 -65.1900 112.9700 1 62 -117.7600 127.3800
-7.9192666030e-002 1.4214748677e-001 -8.9635765028e-001
0 0 0
2 0 63 -66.7200 121.3900 1 63 -96.4400 132.8400
-8.7092050967e-002 1.4994318734e-001 -9.1532078757e-001
0 0 0
2 0 64 -72.5200 125.5900 1 64 -82.3800 135.6200
-1.0025198350e-001 1.5441768570e-001 -9.3280675974e-001
0 0 0
2 0 65 -82.3600 126.5500 1 65 -71.8800 137.8800
-1.1566687377e-001 1.5420676278e-001 -9.4808432897e-001
0 0 0
2 0 66 -93.8800 124.2900 1 66 -65.1200 137.3200
-1.2682256835e-001 1.5116301662e-001 -9.6023846702e-001
0 0 0
2 0 67 -101.9300 120.3500 1 67 -60.4300 134.5200
-1.3940338378e-001 1.4623489924e-001 -9.7153689313e-001
0 0 0
2 0 68 -111.0000 115.2200 1 68 -57.3000 130.8600
-1.5283853591e-001 1.4305809563e-001 -9.7903773625e-001
0 0 0
2 0 69 -120.8700 111.9100 1 69 -56.4800 129.6100
-1.7323548705e-001 1.4087017506e-001 -9.8207807984e-001
0 0 0
2 0 70 -136.5000 109.9400 1 70 -59.9400 131.3400
-1.9278873089e-001 1.4056570869e-001 -9.7845266191e-001
0 0 0
2 0 71 -152.2200 110.0900 1 71 -66.8300 135.6400
-2.1312569914e-001 1.4204579004e-001 -9.6584568588e-001
0 0 0
2 0 72 -170.0900 113.0200 1 72 -79.0000 142.7100
-2.2342247678e-001 1.4456050295e-001 -9.5219460928e-001
0 0 0
2 0 73 -180.4400 116.5400 1 73 -89.2400 149.3200
-2.2554139090e-001 1.4735725503e-001 -9.4303825077e-001
0 0 0
2 0 74 -183.7300 120.2500 1 74 -94.9100 153.2200
-2.2034583178e-001 1.5045209829e-001 -9.4131462072e-001
0 0 0
2 0 75 -179.7600 122.9400 1 75 -94.2100 154.8400
-2.0611859407e-001 1.5482254029e-001 -9.4851717498e-001
0 0 0
2 0 76 -167.0300 125.4300 1 76 -85.5000 153.8300
-1.9278341206e-001 1.5733345131e-001 -9.6025370949e-001
0 0 0
2 0 77 -154.6200 125.8300 1 77 -74.3700 150.6300
-1.8446870031e-001 1.5499502930e-001 -9.7129743148e-001
0 0 0
2 0 78 -146.5600 122.3700 1 78 -65.9300 145.2900
-1.8225567582e-001 1.5118744810e-001 -9.7962281179e-001
0 0 0
2 0 79 -143.8000 118.2900 1 79 -61.0300 140.5400
-1.8501534767e-001 1.4781578847e-001 -9.8579916818e-001
0 0 0
2 0 80 -145.2500 115.1000 1 80 -58.6100 137.2500
-1.9221289952e-001 1.4229944245e-001 -9.9044291821e-001
0 0 0
2 0 81 -150.2200 110.0400 1 81 -58.6900 134.1900
-2.0057831370e-001 1.3580981816e-001 -9.9176538519e-001
0 0 0
2 0 82 -156.6200 105.2600 1 82 -61.4300 130.7600
-2.1406048228e-001 1.2818344542e-001 -9.9035811074e-001
0 0 0
2 0 83 -167.2100 99.2300 1 83 -67.1400 128.8900
-2.3627366223e-001 1.2270228967e-001 -9.8465134206e-001
0 0 0
2 0 84 -185.7300 97.2100 1 84 -77.0000 128.7100
-2.5545639071e-001 1.2126805669e-001 -9.8500555721e-001
0 0 0
2 0 85 -200.1500 93.8500 1 85 -80.7800 133.7400
-2.7816698331e-001 1.1996812745e-001 -9.5041500005e-001
0 0 0
2 0 87 -225.3800 98.2500 1 87 -107.0000 141.6000
-2.7979032595e-001 1.2456714477e-001 -9.3781918345e-001
0 0 0
2 0 88 -229.2800 102.7400 1 88 -114.0000 148.1400
-2.7881456680e-001 1.3469274937e-001 -9.2858174157e-001
0 0 0
2 0 89 -230.4500 112.0200 1 89 -117.3200 156.5900
-2.6668550694e-001 1.4905643643e-001 -9.2638015405e-001
0 0 0
2 0 90 -220.7600 123.9800 1 90 -113.2000 164.7000
-2.5342168335e-001 1.5992079296e-001 -9.2672544707e-001
0 0 0
2 0 91 -209.6100 132.8300 1 91 -107.9500 169.7900
-2.3815037125e-001 1.6844507994e-001 -9.3061152958e-001
0 0 0
2 0 92 -196.1500 139.1200 1 92 -100.4300 172.3800
-2.2015590126e-001 1.7360341289e-001 -9.3526740101e-001
0 0 0
2 0 93 -180.4600 142.4600 1 93 -92.4800 172.1300
-2.0239106575e-001 1.7498972340e-001 -9.4395636475e-001
0 0 0
2 0 94 -164.5400 142.0600 1 94 -82.6700 168.3800
-1.8591631693e-001 1.7440691251e-001 -9.5447630156e-001
0 0 0
2 0 95 -149.7900 140.1200 1 95 -72.2900 162.6400
-1.6684707861e-001 1.7122672122e-001 -9.6709362793e-001
0 0 0
2 0 96 -133.0500 135.6300 1 96 -60.4000 154.3400
-1.5224583942e-001 1.6574563215e-001 -9.7638831729e-001
0 0 0
2 0 97 -120.6100 130.0700 1 97 -52.2100 145.7100
-1.3735294331e-001 1.5658978533e-001 -9.8801512866e-001
0 0 0
2 0 98 -107.9600 121.2500 1 98 -43.2700 134.0900
-1.2688446716e-001 1.4588651946e-001 -9.9774568500e-001
0 0 0
2 0 99 -99.3100 112.4700 1 99 -37.1600 121.7800
-1.1855000389e-001 1.3347512610e-001 -1.0037714562e+000
0 0 0
2 0 100 -92.4000 101.6000 1 100 -34.2700 110.9100
-1.1371662267e-001 1.2102546348e-001 -1.0086812589e+000
0 0 0
2 0 101 -88.4500 91.6700 1 101 -33.1300 100.2300
-1.1203787171e-001 9.5037446296e-002 -1.0169615179e+000
0 0 0
2 0 103 -86.7200 71.3000 1 103 -34.2100 80.5000
-1.2062431442e-001 8.6327296078e-002 -1.0214223896e+000
0 0 0
2 0 104 -92.9600 64.7200 1 104 -35.8900 75.5200
-1.3507383645e-001 7.7490326965e-002 -1.0244140207e+000
0 0 0
2 0 105 -103.5700 57.9600 1 105 -39.9200 72.4400
-1.4311609173e-001 7.1857561991e-002 -1.0229295333e+000
0 0 0
2 0 106 -109.7500 54.0000 1 106 -44.2900 70.7100
-1.5515309515e-001 6.7914234846e-002 -1.0212415208e+000
0 0 0
2 0 107 -118.9000 51.0800 1 107 -49.2200 71.3000
-1.6799269622e-001 6.4605219317e-002 -1.0171449512e+000
0 0 0
2 0 108 -129.0000 49.0000 1 108 -55.6300 72.6300
-1.8228153050e-001 6.0732114702e-002 -1.0153982686e+000
0 0 0
2 0 109 -139.9400 46.0600 1 109 -60.8900 73.8100
-2.0015645266e-001 5.6092909900e-002 -1.0034241390e+000
0 0 0
2 0 110 -154.9800 43.0700 1 110 -73.2900 77.0000
-2.1650867629e-001 4.5949837320e-002 -9.9522611885e-001
0 0 0
2 0 111 -168.6900 35.6200 1 111 -84.1200 75.6700
