# Bundle file v0.3
4 112
5.5029336874e+002 -1.2476843967e-001 -3.1824546595e-002
9.9329439770e-001 -4.3126589594e-002 -1.0726759424e-001
4.1822351282e-002 9.9902157752e-001 -1.4379798046e-002
1.0778279286e-001 9.7971898313e-003 9.9412619150e-001
-1.0697920791e-001 -1.9903799972e-003 2.5173110834e-001
5.4395404454e+002 -1.0742867427e-001 -3.2692054594e-002
5.4128623189e-001 4.0303780724e-001 -7.3794968737e-001
-3.7800839466e-001 9.0058795925e-001 2.1459492356e-001
7.5107847042e-001 1.6279389911e-001 6.3982753745e-001
-7.8300957825e-001 2.0707324307e-001 -6.2407647997e-002
5.4551329086e+002 -9.0309873141e-002 -6.8572983747e-003
-4.8674485643e-001 -4.0460135455e-001 7.7419454185e-001
5.3593723022e-001 5.6155118373e-001 6.3042172656e-001
-6.8981934592e-001 7.2177421119e-001 -5.6491221001e-002
6.4864456703e-001 6.6262556275e-001 -8.3816874079e-001
5.4172094910e+002 -1.0749758329e-001 -5.8087277075e-003
-9.6779764349e-001 3.6994561582e-002 2.4899623222e-001
2.3443459263e-001 4.9276603187e-001 8.3798690898e-001
-9.1695926991e-002 8.6937508606e-001 -4.8557060941e-001
2.0691222074e-001 7.7997548097e-001 -1.1520609892e+000
-2.0477622346e-001 8.1772836324e-002 -1.0149960936e+000
0 0 0
2 0 0 -143.4600 60.1500 1 0 -71.0900 88.9100
-1.8361606258e-001 9.1584851752e-002 -9.9892220897e-001
0 0 0
2 0 1 -133.4500 68.9400 1 1 -71.0900 94.9100
-1.6240373580e-001 1.0308410226e-001 -9.7766017434e-001
0 0 0
4 0 2 -123.7100 80.2900 1 2 -73.9000 103.3400 2 2 -65.2700 13.8000 3 2 117.0200 -23.3400
-1.4653459896e-001 1.0878808681e-001 -9.5865793543e-001
0 0 0
4 0 3 -117.5300 86.8200 1 3 -77.9300 108.5500 2 3 -59.7800 37.2200 3 3 106.7000 -3.8700
-1.3304033246e-001 1.0997940134e-001 -9.4348282424e-001
0 0 0
4 0 4 -110.5500 90.3000 1 4 -82.4700 111.1900 2 4 -54.3100 51.9000 3 4 97.0800 11.2100
-1.1881428950e-001 1.0540897760e-001 -9.2830325447e-001
0 0 0
4 0 5 -103.0000 89.0700 1 5 -89.1600 109.7800 2 5 -47.7100 63.2600 3 5 86.0000 23.4800
-1.0518199286e-001 9.7359049763e-002 -9.1248890809e-001
0 0 0
4 0 6 -96.3500 85.2500 1 6 -97.2400 105.7900 2 6 -39.0800 72.4200 3 6 74.9500 33.8300
-9.6711899280e-002 8.9495981662e-002 -9.0004592418e-001
0 0 0
4 0 7 -92.6200 80.4300 1 7 -104.6100 101.7400 2 7 -31.0800 77.5800 3 7 68.4500 40.8200
-9.1028955908e-002 8.1097917770e-002 -8.9006858291e-001
0 0 0
4 0 8 -89.9500 74.2600 1 8 -110.8900 97.8000 2 8 -22.6900 80.0900 3 8 64.0500 44.7400
-8.5702600706e-002 6.8625704570e-002 -8.7879463013e-001
0 0 0
4 0 9 -87.5300 65.6600 1 9 -121.3900 89.8600 2 9 -13.5800 81.0000 3 9 60.2600 47.0000
-8.2472076379e-002 5.5956784631e-002 -8.6902720688e-001
0 0 0
4 0 10 -86.5400 55.2300 1 10 -131.3600 82.0000 2 10 -5.4400 80.3400 3 10 58.4100 48.4400
-8.0200817294e-002 4.1615643248e-002 -8.5949920293e-001
0 0 0
4 0 11 -86.3900 43.3400 1 11 -141.9200 73.0000 2 11 3.8200 78.5800 3 11 56.6900 48.0900
-8.0026895600e-002 2.7768796330e-002 -8.5426153767e-001
0 0 0
4 0 12 -86.9000 31.1700 1 12 -149.7100 64.1100 2 12 11.2700 74.0900 3 12 55.8300 45.0300
-8.0280826240e-002 1.2980576655e-002 -8.5023192279e-001
0 0 0
4 0 13 -87.0900 18.3000 1 13 -156.8500 54.1200 2 13 18.7400 68.0000 3 13 55.1800 41.2100
-8.1047269023e-002 -2.1469166862e-003 -8.4505995839e-001
0 0 0
4 0 14 -88.9300 4.1100 1 14 -165.3100 43.9100 2 14 25.3800 63.4100 3 14 55.2600 38.0000
-8.2652952698e-002 -1.3149737806e-002 -8.3925078126e-001
0 0 0
4 0 15 -91.0300 -6.7600 1 15 -172.6900 38.0900 2 15 32.6100 60.2600 3 15 56.3100 36.8100
-8.4669706613e-002 -2.3756585950e-002 -8.2995049927e-001
0 0 0
4 0 16 -94.7300 -16.2500 1 16 -183.2600 32.0000 2 16 41.6300 58.6300 3 16 58.1200 37.6400
-8.7902875799e-002 -2.9346053987e-002 -8.1786457169e-001
0 0 0
4 0 17 -100.9600 -22.2600 1 17 -195.1500 31.3000 2 17 50.5000 60.5000 3 17 61.2200 41.4800
-9.0517484455e-002 -2.4548888379e-002 -8.0517198364e-001
0 0 0
4 0 18 -106.8000 -18.8300 1 18 -204.1700 38.9700 2 18 57.4700 67.4700 3 18 65.3300 49.9400
-9.0801052600e-002 -1.3147351921e-002 -7.9687860573e-001
0 0 0
4 0 19 -110.5100 -7.1600 1 19 -207.7000 48.7000 2 19 59.6400 76.5400 3 19 67.2700 59.0000
-8.8874099373e-002 1.0350424361e-003 -7.9127614538e-001
0 0 0
4 0 20 -111.2600 6.4700 1 20 -207.3100 60.0900 2 20 58.1900 87.3100 3 20 68.5500 68.7600
-8.5938525189e-002 1.7769504390e-002 -7.9337328817e-001
0 0 0
4 0 21 -108.2500 23.9100 1 21 -200.4100 72.1300 2 21 52.3000 95.0900 3 21 67.4300 75.1400
-8.2682083272e-002 3.3233981233e-002 -7.9888254587e-001
0 0 0
4 0 22 -104.1300 39.3000 1 22 -190.6900 82.0900 2 22 43.9000 101.6300 3 22 65.9300 79.5700
-7.9507724917e-002 4.5720203150e-002 -8.0742218316e-001
0 0 0
4 0 23 -99.4100 49.9900 1 23 -179.0800 89.6300 2 23 33.7500 105.7500 3 23 63.8300 81.4000
-7.4991233301e-002 5.4081538766e-002 -8.1682509970e-001
0 0 0
4 0 24 -93.1700 58.3800 1 24 -169.0000 92.2500 2 24 23.3700 106.8600 3 24 59.7600 80.5000
-7.0358882220e-002 6.2134871233e-002 -8.3262436411e-001
0 0 0
4 0 25 -84.9000 65.1000 1 25 -152.5800 93.7900 2 25 11.1500 105.3000 3 25 54.3400 75.0600
-6.6159226473e-002 6.7997035627e-002 -8.5150300786e-001
0 0 0
4 0 26 -76.8300 68.6500 1 26 -135.2700 92.0300 2 26 -4.0800 100.5800 3 26 49.3600 68.0000
-6.3085195574e-002 7.0204827592e-002 -8.7055314560e-001
0 0 0
4 0 27 -70.0300 68.8800 1 27 -121.0000 88.1500 2 27 -18.9700 92.7100 3 27 44.1800 58.3400
-6.0878053861e-002 6.9749809919e-002 -8.9215918576e-001
0 0 0
4 0 28 -63.9000 66.4900 1 28 -104.1200 81.8800 2 28 -31.4700 83.6900 3 28 38.7100 43.7900
-6.1040351535e-002 6.7703622749e-002 -9.1573879585e-001
0 0 0
4 0 29 -59.4300 63.1200 1 29 -90.2100 75.2300 2 29 -45.7300 70.6100 3 29 33.9500 26.4900
-6.0423396033e-002 6.4259584239e-002 -9.3522087681e-001
0 0 0
4 0 30 -55.3800 58.7700 1 30 -77.5900 68.0000 2 30 -55.7200 60.7200 3 30 29.9200 10.7300
-5.9647841729e-002 6.1603667400e-002 -9.5366821780e-001
0 0 0
4 0 31 -52.0000 55.6200 1 31 -66.3200 61.0300 2 31 -66.7400 50.0000 3 31 25.7500 -2.2300
-5.8789750097e-002 5.8999786402e-002 -9.6795048238e-001
0 0 0
4 0 32 -48.1600 52.2400 1 32 -59.4500 56.9200 2 32 -75.9100 41.0900 3 32 22.0800 -13.1400
-4.3628853207e-002 5.4309296551e-002 -9.9582059779e-001
0 0 0
4 0 35 -37.9300 49.3300 1 35 -37.3100 42.0900 2 35 -93.8000 32.7000 3 35 0.3400 -33.2400
-2.4899427616e-003 6.8388316693e-002 -9.8863410600e-001
0 0 0
3 0 39 -4.4300 60.6700 1 39 -21.7300 45.7300 2 39 -106.2500 56.3900
6.0084818985e-003 7.1888572332e-002 -9.7784300771e-001
0 0 0
3 0 40 0.3500 64.3300 1 40 -23.2200 48.1100 2 40 -103.4000 66.4700
1.2890713203e-002 7.3572026392e-002 -9.6514862661e-001
0 0 0
3 0 41 5.0000 67.0000 1 41 -28.1200 50.7700 2 41 -98.6100 74.9300
1.8548906674e-002 7.0627632768e-002 -9.4747638898e-001
0 0 0
3 0 42 8.0800 66.3700 1 42 -38.1500 51.0000 2 42 -88.9000 83.4800
2.2284353036e-002 6.4993762624e-002 -9.2739118006e-001
0 0 0
3 0 43 9.6300 63.7000 1 43 -51.0000 50.2500 2 43 -75.2900 91.0400
2.2244863971e-002 5.7894800660e-002 -9.0799374226e-001
0 0 0
3 0 44 8.5800 59.3000 1 44 -68.1200 49.2300 2 44 -63.1000 96.0600
2.0451660842e-002 4.9253477240e-002 -8.8970666773e-001
0 0 0
3 0 45 5.8800 53.3500 1 45 -84.1500 47.0000 2 45 -48.2600 99.3900
1.6232421346e-002 3.9143369048e-002 -8.7107245357e-001
0 0 0
3 0 46 0.7900 45.1100 1 46 -104.0000 44.4100 2 46 -34.7200 101.5900
9.1010731519e-003 3.0432581971e-002 -8.5170353858e-001
0 0 0
4 0 47 -6.7700 38.6800 1 47 -125.0000 43.8500 2 47 -19.0400 103.2900 3 47 -9.6100 62.7400
-1.7577589907e-003 2.2170757029e-002 -8.3589509236e-001
0 0 0
4 0 48 -18.8600 30.1200 1 48 -143.0700 43.7100 2 48 -4.8300 103.5700 3 48 1.5500 67.4100
-1.5243846618e-002 1.3005255952e-002 -8.1880856365e-001
0 0 0
4 0 49 -34.4400 21.5600 1 49 -164.1200 44.1200 2 49 12.0000 102.7400 3 49 12.7200 70.3100
-2.7490555612e-002 5.5713509822e-003 -8.0728577302e-001
0 0 0
4 0 50 -47.7300 14.2700 1 50 -178.7800 44.1100 2 50 25.6700 100.2200 3 50 22.8300 71.5700
-3.6760248461e-002 -6.7749324225e-004 -8.0377435105e-001
0 0 0
4 0 51 -56.5800 7.0400 1 51 -185.5800 43.0000 2 51 32.7300 96.0900 3 51 30.1800 69.4300
-4.5234746774e-002 -1.5216344131e-002 -7.9967468386e-001
0 0 0
4 0 52 -65.3800 -7.7700 1 52 -196.2400 34.2000 2 52 40.3900 89.2600 3 52 36.1800 63.4300
-5.4807374801e-002 -3.5833168576e-002 -7.9709361201e-001
0 0 0
4 0 53 -74.9600 -29.0400 1 53 -206.1700 21.1400 2 53 50.2600 77.3900 3 53 41.0300 55.7900
-6.6597215584e-002 -5.5880373090e-002 -7.9521409098e-001
0 0 0
4 0 54 -84.7100 -48.9400 1 54 -216.0300 9.8900 2 54 61.5500 64.5900 3 54 48.1100 46.7500
-7.5378678876e-002 -7.4607189147e-002 -7.9131324093e-001
0 0 0
4 0 55 -94.1100 -68.7800 1 55 -226.0000 -1.0000 2 55 70.0000 55.5400 3 55 52.7200 40.8800
-6.3899203041e-002 -4.0873085358e-002 -7.6006083288e-001
0 0 0
4 0 56 -93.4500 -36.8800 1 56 -240.2600 27.1100 2 56 75.0000 87.0000 3 56 52.0000 73.0000
-5.6291230554e-002 -1.5741576704e-002 -7.5825217673e-001
0 0 0
4 0 57 -88.1400 -10.4300 1 57 -233.3900 45.8600 2 57 66.3700 103.6300 3 57 48.8800 84.6700
-4.7872324845e-002 1.6435430527e-002 -7.6689525822e-001
0 0 0
4 0 58 -78.7500 24.5200 1 58 -215.0900 68.0000 2 58 50.2300 118.6300 3 58 44.3600 95.4300
-4.3962950991e-002 4.9394887212e-002 -7.8618370957e-001
0 0 0
4 0 59 -70.3100 58.7800 1 59 -186.8200 90.0400 2 59 31.9100 127.3100 3 59 40.8400 100.7100
-4.3442823241e-002 7.2521768242e-002 -8.0277378092e-001
0 0 0
4 0 60 -67.3500 81.4200 1 60 -167.0400 103.4900 2 60 13.9200 132.5800 3 60 39.5900 102.4400
-4.5644017257e-002 9.6220306967e-002 -8.2640581649e-001
0 0 0
4 0 61 -65.0000 100.5900 1 61 -141.2000 117.0900 2 61 -6.6800 134.1800 3 61 39.1500 100.3300
-5.0367265532e-002 1.1566672229e-001 -8.4999325219e-001
0 0 0
4 0 62 -65.1900 112.9700 1 62 -117.7600 127.3800 2 62 -26.0800 132.9500 3 62 40.5700 95.9500
-5.7959569342e-002 1.3083104899e-001 -8.7555434010e-001
0 0 0
2 0 63 -66.7200 121.3900 1 63 -96.4400 132.8400
-6.9636035652e-002 1.4092407149e-001 -8.9738693955e-001
0 0 0
3 0 64 -72.5200 125.5900 1 64 -82.3800 135.6200 2 64 -59.0000 118.0000
-8.7043126366e-002 1.4844002045e-001 -9.1879883048e-001
0 0 0
2 0 65 -82.3600 126.5500 1 65 -71.8800 137.8800
-1.0671342043e-001 1.5132329944e-001 -9.3784327153e-001
0 0 0
3 0 66 -93.8800 124.2900 1 66 -65.1200 137.3200 2 66 -77.7500 89.6100
-1.2366971342e-001 1.5075826042e-001 -9.5707506275e-001
0 0 0
4 0 67 -101.9300 120.3500 1 67 -60.4300 134.5200 2 67 -85.6000 70.8800 3 67 92.7400 23.0500
-1.3968028298e-001 1.4866149879e-001 -9.7214645321e-001
0 0 0
4 0 68 -111.0000 115.2200 1 68 -57.3000 130.8600 2 68 -90.4400 54.4700 3 68 105.4700 6.2400
-1.6008617959e-001 1.4789265699e-001 -9.8671457286e-001
0 0 0
4 0 69 -120.8700 111.9100 1 69 -56.4800 129.6100 2 69 -93.5600 36.0000 3 69 123.8000 -11.6600
-1.8249918765e-001 1.4824805909e-001 -9.9261743966e-001
0 0 0
4 0 70 -136.5000 109.9400 1 70 -59.9400 131.3400 2 70 -90.5000 21.9500 3 70 144.6600 -22.1000
-2.0686111682e-001 1.5112853157e-001 -9.9159583791e-001
0 0 0
4 0 71 -152.2200 110.0900 1 71 -66.8300 135.6400 2 71 -82.0200 12.3800 3 71 171.3800 -25.6400
-2.2542226087e-001 1.5234218259e-001 -9.8039490577e-001
0 0 0
4 0 72 -170.0900 113.0200 1 72 -79.0000 142.7100 2 72 -66.0000 10.0000 3 72 188.8300 -21.3200
-2.3669251305e-001 1.5656848323e-001 -9.6390396919e-001
0 0 0
4 0 73 -180.4400 116.5400 1 73 -89.2400 149.3200 2 73 -49.4500 17.4500 3 73 204.8100 -6.3700
-2.3519851012e-001 1.5866952273e-001 -9.5130707228e-001
0 0 0
4 0 74 -183.7300 120.2500 1 74 -94.9100 153.2200 2 74 -40.8200 27.2200 3 74 204.6400 6.6700
-2.2724716451e-001 1.6108022310e-001 -9.4735913265e-001
0 0 0
4 0 75 -179.7600 122.9400 1 75 -94.2100 154.8400 2 75 -42.2900 36.5100 3 75 198.0500 12.2700
-2.1218634415e-001 1.6356701932e-001 -9.5339951872e-001
0 0 0
4 0 76 -167.0300 125.4300 1 76 -85.5000 153.8300 2 76 -54.3200 41.6400 3 76 183.4100 11.6100
-1.9964761679e-001 1.6566546186e-001 -9.6604134689e-001
0 0 0
4 0 77 -154.6200 125.8300 1 77 -74.3700 150.6300 2 77 -70.8400 41.2400 3 77 170.5200 4.7500
-1.9341392278e-001 1.6385067899e-001 -9.8007940529e-001
0 0 0
4 0 78 -146.5600 122.3700 1 78 -65.9300 145.2900 2 78 -84.4100 33.6500 3 78 162.2000 -6.0700
-1.9372707140e-001 1.6080846446e-001 -9.9041432541e-001
0 0 0
4 0 79 -143.8000 118.2900 1 79 -61.0300 140.5400 2 79 -91.0000 25.3500 3 79 160.9300 -16.6900
-2.0034228639e-001 1.5815223729e-001 -1.0006342007e+000
0 0 0
4 0 80 -145.2500 115.1000 1 80 -58.6100 137.2500 2 80 -95.1700 13.4000 3 80 165.7100 -28.8100
-2.1009245555e-001 1.5415625233e-001 -1.0081593721e+000
0 0 0
4 0 81 -150.2200 110.0400 1 81 -58.6900 134.1900 2 81 -95.8700 1.3100 3 81 173.6600 -39.9100
-2.2261114059e-001 1.4779947211e-001 -1.0136829729e+000
0 0 0
3 0 82 -156.6200 105.2600 1 82 -61.4300 130.7600 2 82 -91.7700 -13.5500
-2.3779598718e-001 1.4166763353e-001 -1.0139493661e+000
0 0 0
3 0 83 -167.2100 99.2300 1 83 -67.1400 128.8900 2 83 -83.3200 -25.5300
-2.6209904082e-001 1.3830169844e-001 -1.0088929700e+000
0 0 0
3 0 84 -185.7300 97.2100 1 84 -77.0000 128.7100 2 84 -67.5000 -38.5000
-2.7875413224e-001 1.3433755122e-001 -1.0023353742e+000
0 0 0
4 0 85 -200.1500 93.8500 1 85 -80.7800 133.7400 2 85 -49.6600 -47.7700 3 85 232.5700 -60.4800
-3.0714647694e-001 1.3633807471e-001 -9.7143386787e-001
0 0 0
2 0 87 -225.3800 98.2500 1 87 -107.0000 141.6000
-3.0383769575e-001 1.4046249810e-001 -9.5447082219e-001
0 0 0
2 0 88 -229.2800 102.7400 1 88 -114.0000 148.1400
-2.9983252103e-001 1.5135431866e-001 -9.4191248046e-001
0 0 0
3 0 89 -230.4500 112.0200 1 89 -117.3200 156.5900 3 89 264.6100 -4.4200
-2.8279581545e-001 1.6494648347e-001 -9.3660544389e-001
0 0 0
4 0 90 -220.7600 123.9800 1 90 -113.2000 164.7000 2 90 -6.2400 15.5600 3 90 254.4300 10.1000
-2.6205500847e-001 1.7475570308e-001 -9.3264240651e-001
0 0 0
4 0 91 -209.6100 132.8300 1 91 -107.9500 169.7900 2 91 -19.5300 37.2400 3 91 238.0000 23.6300
-2.4286114643e-001 1.8131003139e-001 -9.3309601591e-001
0 0 0
4 0 92 -196.1500 139.1200 1 92 -100.4300 172.3800 2 92 -32.5500 51.5700 3 92 221.4900 31.5900
-2.2312859941e-001 1.8368702312e-001 -9.3669399672e-001
0 0 0
4 0 93 -180.4600 142.4600 1 93 -92.4800 172.1300 2 93 -45.6500 60.0700 3 93 202.1700 34.4600
-2.0583033502e-001 1.8456118013e-001 -9.4507185619e-001
0 0 0
4 0 94 -164.5400 142.0600 1 94 -82.6700 168.3800 2 94 -60.9400 64.2100 3 94 185.5700 32.2200
-1.8793000709e-001 1.8181079241e-001 -9.5578352128e-001
0 0 0
4 0 95 -149.7900 140.1200 1 95 -72.2900 162.6400 2 95 -75.6600 63.7700 3 95 164.4100 25.1600
-1.7084173264e-001 1.7836459765e-001 -9.6882070429e-001
0 0 0
4 0 96 -133.0500 135.6300 1 96 -60.4000 154.3400 2 96 -91.1600 61.2200 3 96 145.7100 17.2000
-1.5557770362e-001 1.7132129386e-001 -9.8058582708e-001
0 0 0
4 0 97 -120.6100 130.0700 1 97 -52.2100 145.7100 2 97 -102.7300 56.0500 3 97 125.1900 6.4200
-1.4211173366e-001 1.6067691752e-001 -9.9253964238e-001
0 0 0
4 0 98 -107.9600 121.2500 1 98 -43.2700 134.0900 2 98 -110.0000 49.1100 3 98 107.5200 -6.8100
-1.3340705232e-001 1.4952630015e-001 -1.0038902068e+000
0 0 0
4 0 99 -99.3100 112.4700 1 99 -37.1600 121.7800 2 99 -115.8500 39.3200 3 99 94.8400 -19.1900
-1.2757333166e-001 1.3656479766e-001 -1.0124827481e+000
0 0 0
4 0 100 -92.4000 101.6000 1 100 -34.2700 110.9100 2 100 -117.5900 30.0000 3 100 85.7800 -31.2900
-1.2439890908e-001 1.2267466062e-001 -1.0205882557e+000
0 0 0
4 0 101 -88.4500 91.6700 1 101 -33.1300 100.2300 2 101 -117.0900 18.8800 3 101 78.1500 -44.0000
-1.2595452143e-001 9.5408800996e-002 -1.0322877309e+000
0 0 0
3 0 103 -86.7200 71.3000 1 103 -34.2100 80.5000 3 103 73.5800 -65.3800
-1.3719313379e-001 8.6982087491e-002 -1.0409492569e+000
0 0 0
2 0 104 -92.9600 64.7200 1 104 -35.8900 75.5200
-1.5593101722e-001 7.8890420987e-002 -1.0488556629e+000
0 0 0
2 0 105 -103.5700 57.9600 1 105 -39.9200 72.4400
-1.6560535664e-001 7.3371932294e-002 -1.0489665328e+000
0 0 0
2 0 106 -109.7500 54.0000 1 106 -44.2900 70.7100
-1.8005294486e-001 7.0032064100e-002 -1.0494763976e+000
0 0 0
2 0 107 -118.9000 51.0800 1 107 -49.2200 71.3000
-1.9481013581e-001 6.7332403128e-002 -1.0467128437e+000
0 0 0
2 0 108 -129.0000 49.0000 1 108 -55.6300 72.6300
-2.1241763156e-001 6.4215036633e-002 -1.0476547567e+000
0 0 0
2 0 109 -139.9400 46.0600 1 109 -60.8900 73.8100
-2.3122333515e-001 6.0109225429e-002 -1.0349772514e+000
0 0 0
2 0 110 -154.9800 43.0700 1 110 -73.2900 77.0000
-2.5015679533e-001 4.9836328264e-002 -1.0278930280e+000
0 0 0
2 0 111 -168.6900 35.6200 1 111 -84.1200 75.6700
-5.6031075093e-002 5.6157465514e-002 -9.8003300584e-001
0 0 0
3 1 33 -52.1500 51.7700 2 33 -82.6100 35.7400 3 33 16.2800 -23.5400
-4.9530137784e-002 5.3581703309e-002 -9.8952115902e-001
0 0 0
3 1 34 -44.8100 46.4700 2 34 -89.1000 32.5200 3 34 8.7700 -30.3300
-3.2429163019e-002 5.4293665721e-002 -9.9760783673e-001
0 0 0
3 1 36 -32.1600 40.9500 2 36 -98.1000 35.3400 3 36 -6.9800 -32.2100
-2.3398699899e-002 5.8622596938e-002 -9.9867849159e-001
0 0 0
3 1 37 -26.6700 41.2200 2 37 -103.0000 40.5000 3 37 -14.5000 -29.5000
-1.3152675659e-002 6.3449708850e-002 -9.9459628214e-001
0 0 0
3 1 38 -24.0000 42.8900 2 38 -105.5500 48.5900 3 38 -22.2600 -22.5300
-2.9185179719e-001 1.3449972863e-001 -9.9414746173e-001
0 0 0
3 1 86 -88.5900 137.1900 2 86 -35.3100 -50.8200 3 86 247.1900 -56.1300
-1.2313574224e-001 1.0811166997e-001 -1.0277138292e+000
0 0 0
3 1 102 -32.8100 88.9300 2 102 -115.4200 8.1600 3 102 73.0900 -55.8700
