# Bundle file v0.3
4 282
7.6800000000e+002 0.0000000000e+000 0.0000000000e+000
1.0000000000e+000 0.0000000000e+000 0.0000000000e+000
0.0000000000e+000 1.0000000000e+000 0.0000000000e+000
0.0000000000e+000 0.0000000000e+000 1.0000000000e+000
-0.0000000000e+000 -0.0000000000e+000 -0.0000000000e+000
7.6800000000e+002 0.0000000000e+000 0.0000000000e+000
5.4554351196e-001 2.8159124574e-001 7.8935964356e-001
-2.5378910630e-001 9.5314796210e-001 -1.6462093386e-001
-7.9873234946e-001 -1.1052299609e-001 5.9144847726e-001
8.0863694041e-001 -2.3922137398e-001 -5.3747505323e-001
0 0 0
0 0 0
0 0 0
0 0 0
0 0 0
0 0 0
0 0 0
0 0 0
0 0 0
0 0 0
-1.7725306581e-002 -2.7923607450e-002 -1.1837243895e+000
0 0 0
2 0 0 -11.5000 -18.1200 1 0 -90.1700 -41.8300
-1.8514317849e-002 -2.7660146269e-002 -1.1845557102e+000
0 0 0
2 0 1 -12.0000 -18.0000 1 1 -90.8000 -41.4000
-1.8728284857e-002 -2.7132969708e-002 -1.1851459413e+000
0 0 0
2 0 2 -12.1200 -17.8800 1 2 -91.0000 -40.7500
-2.1816858402e-002 -2.9052413004e-002 -1.1851797588e+000
0 0 0
2 0 3 -14.1100 -19.3300 1 3 -92.5700 -41.2900
-2.1628149921e-002 -3.7296595229e-002 -1.1850219647e+000
0 0 0
2 0 4 -14.0000 -24.5000 1 4 -94.0000 -46.5000
-1.8601158709e-002 -4.8439719791e-002 -1.1873063964e+000
0 0 0
2 0 5 -12.0000 -32.0000 1 5 -95.8000 -53.0000
-1.4376846758e-002 -5.8086994434e-002 -1.1866456538e+000
0 0 0
2 0 6 -9.3000 -37.7000 1 6 -95.7100 -60.0000
-1.0506287713e-002 -6.4998924090e-002 -1.1870011770e+000
0 0 0
2 0 7 -6.8000 -42.0000 1 7 -95.6200 -64.7500
-3.3571367357e-003 -7.2859893796e-002 -1.1892619413e+000
0 0 0
2 0 8 -2.1700 -47.0000 1 8 -95.2000 -70.0000
3.5586610219e-003 -8.0829265502e-002 -1.1917329067e+000
0 0 0
2 0 9 2.2900 -52.0000 1 9 -95.0000 -75.2500
1.3002590136e-002 -8.8054482135e-002 -1.1916447979e+000
0 0 0
2 0 10 8.3800 -56.7500 1 10 -92.5000 -80.5000
2.4674288491e-002 -9.6462367983e-002 -1.1934204022e+000
0 0 0
2 0 11 15.8800 -62.1200 1 11 -90.2000 -86.4000
3.3021607838e-002 -1.0284272669e-001 -1.1962063642e+000
0 0 0
2 0 12 21.2000 -66.0000 1 12 -89.3300 -90.6700
4.0555543010e-002 -1.0833342985e-001 -1.1983102737e+000
0 0 0
2 0 13 26.0000 -69.7100 1 13 -88.2500 -94.0000
4.4914536110e-002 -1.1261825477e-001 -1.2031550618e+000
0 0 0
2 0 14 28.6700 -71.8900 1 14 -89.5000 -96.5000
4.5464456927e-002 -1.1336033683e-001 -1.2091607079e+000
0 0 0
2 0 15 28.8800 -72.1200 1 15 -92.0000 -96.0000
4.2529996255e-002 -1.1153598594e-001 -1.2158445172e+000
0 0 0
2 0 16 26.8600 -70.2900 1 16 -95.7500 -94.0000
3.7950176993e-002 -1.0778505269e-001 -1.2233116577e+000
0 0 0
2 0 17 23.8300 -67.8300 1 17 -100.0000 -90.0000
2.8189445920e-002 -1.0216780075e-001 -1.2322598835e+000
0 0 0
2 0 18 17.5700 -63.7100 1 18 -106.6700 -84.6700
1.7726737403e-002 -9.6620595173e-002 -1.2378481090e+000
0 0 0
2 0 19 11.0000 -60.0000 1 19 -112.2000 -79.6000
6.7544977665e-003 -9.1238150939e-002 -1.2408812392e+000
0 0 0
2 0 20 4.1700 -56.1700 1 20 -117.0000 -75.2500
-6.2490003290e-003 -8.3335113604e-002 -1.2448315230e+000
0 0 0
2 0 21 -3.8600 -51.2900 1 21 -122.5000 -68.5000
-1.6318123843e-002 -7.5856249717e-002 -1.2510516891e+000
0 0 0
2 0 22 -10.0000 -47.0000 1 22 -127.8000 -61.6000
-2.7874725566e-002 -6.8274603412e-002 -1.2506040926e+000
0 0 0
2 0 23 -17.1200 -41.8800 1 23 -131.1400 -56.2900
-3.9570177432e-002 -6.0697754775e-002 -1.2490508599e+000
0 0 0
2 0 24 -24.3300 -37.3300 1 24 -134.0000 -50.5000
-5.1078447078e-002 -5.3805057791e-002 -1.2443008997e+000
0 0 0
2 0 25 -31.5700 -32.2900 1 25 -135.8000 -46.4000
-6.0799470125e-002 -4.6014605963e-002 -1.2430828382e+000
0 0 0
2 0 26 -37.5700 -28.2900 1 26 -137.8300 -39.8300
-7.0703456492e-002 -3.7886048145e-002 -1.2369400981e+000
0 0 0
2 0 27 -43.8800 -23.8800 1 27 -137.8300 -33.8300
-7.6994143038e-002 -3.3011980338e-002 -1.2313339614e+000
0 0 0
2 0 28 -48.0000 -21.0000 1 28 -137.2000 -30.6000
-8.6453055664e-002 -2.6304046767e-002 -1.2219115059e+000
0 0 0
2 0 29 -54.3300 -16.6700 1 29 -136.0000 -26.5000
-9.2162582990e-002 -2.1590538196e-002 -1.2138752953e+000
0 0 0
2 0 30 -58.2900 -14.0000 1 30 -134.0000 -23.5000
-9.6547931823e-002 -1.7501417821e-002 -1.2048250278e+000
0 0 0
2 0 31 -61.5000 -11.8800 1 31 -131.0000 -21.0000
-9.9935879321e-002 -1.4973743759e-002 -1.1966807495e+000
0 0 0
2 0 32 -64.1200 -9.8800 1 32 -128.4300 -20.2900
-1.0209408773e-001 -1.2272779086e-002 -1.1836536173e+000
0 0 0
2 0 33 -66.2200 -8.3300 1 33 -122.8600 -19.7100
-1.0401792284e-001 -9.7048952355e-003 -1.1747739517e+000
0 0 0
2 0 34 -68.0000 -6.3600 1 34 -119.1700 -19.1700
-1.0426243787e-001 -6.4197353186e-003 -1.1646023705e+000
0 0 0
2 0 35 -68.7500 -4.3300 1 35 -113.8300 -18.1700
-1.0363997458e-001 -3.3624157621e-003 -1.1566321390e+000
0 0 0
2 0 36 -68.8200 -2.1800 1 36 -109.2000 -17.4000
-1.0186105114e-001 -3.3996032566e-004 -1.1487632565e+000
0 0 0
2 0 37 -68.0900 -0.3600 1 37 -104.0000 -16.5000
-9.8061542251e-002 1.8825125880e-003 -1.1407733633e+000
0 0 0
2 0 38 -66.0000 1.0000 1 38 -98.0000 -16.5000
-9.4374639324e-002 2.3210047609e-003 -1.1324086139e+000
0 0 0
2 0 39 -64.0000 1.5000 1 39 -92.2900 -18.0000
-8.7867902444e-002 7.9035095629e-004 -1.1246602347e+000
0 0 0
2 0 40 -60.0000 0.5000 1 40 -86.0000 -21.0000
-8.0097995883e-002 -2.5319285327e-003 -1.1117875384e+000
0 0 0
2 0 41 -55.3300 -1.7500 1 41 -77.0000 -26.0000
-6.9322486319e-002 -7.0708992444e-003 -1.1035425423e+000
0 0 0
2 0 42 -48.2300 -5.1500 1 42 -69.2000 -31.4000
-5.9409406933e-002 -1.3043923503e-002 -1.0958841281e+000
0 0 0
2 0 43 -41.6200 -9.3800 1 43 -62.4300 -37.7100
-4.8119138826e-002 -2.0567793225e-002 -1.0909948221e+000
0 0 0
2 0 44 -33.8600 -14.7100 1 44 -56.8300 -44.8300
-3.5994113607e-002 -2.7518421327e-002 -1.0886987759e+000
0 0 0
2 0 45 -25.3800 -19.6200 1 45 -52.1400 -51.2900
-2.4492753230e-002 -3.4049325857e-002 -1.0864624673e+000
0 0 0
2 0 46 -17.3300 -23.7500 1 46 -47.8300 -57.8300
-1.3192449218e-002 -3.9216798834e-002 -1.0858637101e+000
0 0 0
2 0 47 -9.3300 -27.7500 1 47 -44.0000 -62.2900
-3.0497895185e-003 -4.4198994355e-002 -1.0857063593e+000
0 0 0
2 0 48 -2.1700 -31.0000 1 48 -41.0000 -67.0000
7.1015217240e-003 -4.8971921867e-002 -1.0862687257e+000
0 0 0
2 0 49 5.0000 -34.1700 1 49 -38.3300 -71.3300
1.7631051394e-002 -5.4300969463e-002 -1.0902202287e+000
0 0 0
2 0 50 12.4200 -38.2500 1 50 -37.1700 -74.8300
2.5660725822e-002 -5.8671999601e-002 -1.0939280906e+000
0 0 0
2 0 51 18.0000 -40.8300 1 51 -36.8600 -78.2900
3.3615311025e-002 -6.2998551541e-002 -1.0984913936e+000
0 0 0
2 0 52 23.5000 -44.0000 1 52 -36.8300 -80.8300
4.1471854500e-002 -6.7858029376e-002 -1.1013423593e+000
0 0 0
2 0 53 28.9200 -47.3300 1 53 -36.1700 -84.1700
4.5988327524e-002 -7.1988355194e-002 -1.1069921086e+000
0 0 0
2 0 54 31.9000 -49.8000 1 54 -38.0000 -86.5000
5.1501302652e-002 -7.6586068282e-002 -1.1116763180e+000
0 0 0
2 0 55 35.5800 -52.9200 1 55 -39.0000 -89.0000
5.5857585010e-002 -8.0642598627e-002 -1.1155378292e+000
0 0 0
2 0 56 38.4500 -55.3600 1 56 -40.0000 -91.5000
6.1452549861e-002 -8.3657289738e-002 -1.1186818694e+000
0 0 0
2 0 57 42.1800 -57.1800 1 57 -40.0000 -93.5000
6.7621304274e-002 -8.6657187665e-002 -1.1245814188e+000
0 0 0
2 0 58 46.1800 -59.1800 1 58 -41.0000 -94.7500
7.3273208804e-002 -8.9520929489e-002 -1.1301158166e+000
0 0 0
2 0 59 49.8000 -61.0000 1 59 -42.0000 -96.0000
7.6902068804e-002 -9.3280685771e-002 -1.1357318005e+000
0 0 0
2 0 60 52.0000 -63.0000 1 60 -44.0000 -98.0000
8.1284501828e-002 -9.7947607576e-002 -1.1391484523e+000
0 0 0
2 0 61 54.8000 -66.0000 1 61 -44.8000 -100.6000
8.3322463049e-002 -1.0080837711e-001 -1.1428578330e+000
0 0 0
2 0 62 56.0000 -68.0000 1 62 -46.2000 -101.6000
8.5124031084e-002 -1.0355625147e-001 -1.1503856096e+000
0 0 0
2 0 63 56.8300 -69.1700 1 63 -49.5000 -102.5000
8.4303069981e-002 -1.0484286800e-001 -1.1586422163e+000
0 0 0
2 0 64 55.8800 -69.5000 1 64 -53.7500 -102.0000
8.1659112503e-002 -1.0567926251e-001 -1.1668128258e+000
0 0 0
2 0 65 53.7500 -69.6200 1 65 -58.5000 -101.0000
7.6815995192e-002 -1.0626568301e-001 -1.1740945840e+000
0 0 0
2 0 66 50.2500 -69.6200 1 66 -63.6000 -99.8000
7.0699375591e-002 -1.0618519829e-001 -1.1834378565e+000
0 0 0
2 0 67 45.8800 -68.8800 1 67 -70.0000 -98.0000
6.3744816757e-002 -1.0479144124e-001 -1.1884883647e+000
0 0 0
2 0 68 41.2000 -68.0000 1 68 -74.5000 -95.5000
5.5897472194e-002 -1.0371855494e-001 -1.1963887136e+000
0 0 0
2 0 69 35.8800 -66.5000 1 69 -80.8000 -93.4000
4.6925661781e-002 -1.0232731764e-001 -1.2093827189e+000
0 0 0
2 0 70 29.8000 -65.0000 1 70 -89.6000 -89.8000
4.0449106120e-002 -1.0083734768e-001 -1.2148413305e+000
0 0 0
2 0 71 25.5700 -63.7100 1 71 -94.2000 -87.6000
3.1559202606e-002 -9.6020234741e-002 -1.2183745985e+000
0 0 0
2 0 72 19.8800 -60.1200 1 72 -98.4000 -83.8000
2.6256693498e-002 -9.1703482602e-002 -1.2282908145e+000
0 0 0
2 0 73 16.4300 -57.7100 1 73 -103.8000 -78.6000
1.9270285135e-002 -8.6252147932e-002 -1.2332938851e+000
0 0 0
2 0 74 12.0000 -53.7100 1 74 -107.8000 -74.4000
9.9025349209e-003 -7.8643481073e-002 -1.2380268481e+000
0 0 0
2 0 75 6.1400 -48.7100 1 75 -112.2000 -68.4000
1.4356850409e-003 -7.1692722072e-002 -1.2432662065e+000
0 0 0
2 0 76 0.8800 -44.1200 1 76 -116.6000 -62.8000
-8.9264071724e-003 -6.2372425479e-002 -1.2488373432e+000
0 0 0
2 0 77 -5.5000 -38.1200 1 77 -121.5000 -55.5000
-1.7297655598e-002 -5.3844678159e-002 -1.2549298620e+000
0 0 0
2 0 78 -10.5700 -33.2900 1 78 -125.8300 -48.1700
-2.6695595750e-002 -4.5844868067e-002 -1.2584881618e+000
0 0 0
2 0 79 -16.2900 -28.0000 1 79 -129.8300 -42.1700
-3.4953393482e-002 -3.9869485674e-002 -1.2585196012e+000
0 0 0
2 0 80 -21.3300 -24.3300 1 80 -132.2000 -37.6000
-4.3366022314e-002 -3.5366219720e-002 -1.2608980792e+000
0 0 0
2 0 81 -26.4000 -21.8000 1 81 -135.8600 -33.2900
-4.9256065393e-002 -3.4745623481e-002 -1.2597669594e+000
0 0 0
2 0 82 -30.0000 -21.7100 1 82 -137.7100 -32.0000
-5.7219106551e-002 -3.6611023529e-002 -1.2544354711e+000
0 0 0
2 0 83 -35.0000 -23.0000 1 83 -139.2000 -32.6000
-6.3827083806e-002 -4.0807015425e-002 -1.2499483336e+000
0 0 0
2 0 84 -39.2000 -25.4000 1 84 -141.0000 -35.0000
-7.2883311185e-002 -4.7036801695e-002 -1.2428212265e+000
0 0 0
2 0 85 -45.0000 -29.8300 1 85 -143.0000 -38.0000
-8.1679226545e-002 -5.4862050943e-002 -1.2333380424e+000
0 0 0
2 0 86 -50.8300 -34.8300 1 86 -144.3300 -42.8900
-8.8098956588e-002 -6.1760594089e-002 -1.2262408856e+000
0 0 0
2 0 87 -55.1700 -38.8300 1 87 -145.5700 -47.7100
-9.3851654826e-002 -6.6676755889e-002 -1.2190794077e+000
0 0 0
2 0 88 -59.1200 -42.1200 1 88 -146.0000 -51.0000
-9.9160806809e-002 -7.0807053317e-002 -1.2118469577e+000
0 0 0
2 0 89 -62.8300 -45.1700 1 89 -146.0000 -53.7100
-1.0369725817e-001 -7.4670838006e-002 -1.2064161329e+000
0 0 0
2 0 90 -66.0000 -47.8600 1 90 -146.4300 -56.2900
-1.0628658295e-001 -7.9691218800e-002 -1.2004029835e+000
0 0 0
2 0 91 -68.0000 -51.0000 1 91 -146.0000 -60.2900
-1.0742898526e-001 -8.6989788070e-002 -1.1937103108e+000
0 0 0
2 0 92 -69.1200 -55.8800 1 92 -145.0000 -65.8800
-1.0834729914e-001 -9.1457530980e-002 -1.1886600639e+000
0 0 0
2 0 93 -70.0000 -59.2000 1 93 -144.0000 -69.2000
-1.0922039952e-001 -9.7321260808e-002 -1.1815667845e+000
0 0 0
2 0 94 -71.0000 -63.0000 1 94 -142.4300 -74.2900
-1.0942670247e-001 -1.0194645060e-001 -1.1743941897e+000
0 0 0
2 0 95 -71.5600 -66.6700 1 95 -140.1200 -78.1200
-1.0858369149e-001 -1.0490320893e-001 -1.1664183211e+000
0 0 0
2 0 96 -71.5000 -68.8800 1 96 -136.6700 -81.5600
-1.0726778872e-001 -1.0598852048e-001 -1.1572072608e+000
0 0 0
2 0 97 -71.2000 -70.0000 1 97 -132.0000 -84.0000
-1.0776014654e-001 -1.0364310525e-001 -1.1495564582e+000
0 0 0
2 0 98 -72.0000 -69.0000 1 98 -128.1200 -83.5000
-1.0961441629e-001 -9.9673904547e-002 -1.1405353281e+000
0 0 0
2 0 99 -73.8200 -66.8200 1 99 -123.8800 -82.1200
-1.1190421214e-001 -9.5516984114e-002 -1.1308542819e+000
0 0 0
2 0 100 -76.0000 -64.8000 1 100 -119.3800 -80.3800
-1.1530674273e-001 -9.0613468736e-002 -1.1182361789e+000
0 0 0
2 0 101 -79.2000 -62.0000 1 101 -113.8200 -78.8200
-1.2001253579e-001 -8.4475514032e-002 -1.1066315529e+000
0 0 0
2 0 102 -83.3000 -58.3000 1 102 -109.0000 -76.0000
-1.2505387855e-001 -7.6276251882e-002 -1.0937954520e+000
0 0 0
2 0 103 -87.8200 -53.1800 1 103 -103.1800 -71.8200
-1.2832646420e-001 -6.6971138383e-002 -1.0828553124e+000
0 0 0
2 0 104 -91.0000 -47.8300 1 104 -97.0000 -66.0000
-1.3117810734e-001 -5.8133968654e-002 -1.0701769451e+000
0 0 0
2 0 105 -94.1500 -41.4600 1 105 -90.0000 -62.0000
-1.3042460030e-001 -5.1805981313e-002 -1.0544639007e+000
0 0 0
2 0 106 -95.0000 -37.5700 1 106 -80.0000 -60.0000
-1.2454282663e-001 -4.6796245495e-002 -1.0398916520e+000
0 0 0
2 0 107 -92.0000 -34.1400 1 107 -68.5000 -59.8000
-1.1239649454e-001 -4.3142792906e-002 -1.0238207695e+000
0 0 0
2 0 108 -84.3300 -32.0000 1 108 -53.5500 -61.3600
-9.9536349058e-002 -4.1776057456e-002 -1.0110884228e+000
0 0 0
2 0 109 -75.6200 -31.4400 1 109 -40.6400 -64.0900
-8.4808732938e-002 -4.2825136385e-002 -1.0065133622e+000
0 0 0
2 0 110 -64.7100 -32.7100 1 110 -32.0000 -67.2000
-7.3504489985e-002 -4.7336670408e-002 -1.0044160672e+000
0 0 0
2 0 111 -56.2100 -36.0500 1 111 -27.1100 -72.3300
-5.8589558860e-002 -5.7503201090e-002 -1.0121198265e+000
0 0 0
2 0 112 -44.4700 -43.3500 1 112 -27.3300 -80.1100
-4.3878671316e-002 -6.8226121527e-002 -1.0215243719e+000
0 0 0
2 0 113 -33.0000 -51.0000 1 113 -28.6200 -87.6200
-3.5430656933e-002 -7.9223959435e-002 -1.0324637350e+000
0 0 0
2 0 114 -26.3600 -58.7900 1 114 -33.2000 -94.0000
-3.0486529739e-002 -9.2010314132e-002 -1.0501162136e+000
0 0 0
2 0 115 -22.2900 -67.5000 1 115 -42.8800 -99.7500
-2.7250423056e-002 -1.0070789776e-001 -1.0690131058e+000
0 0 0
2 0 116 -19.5800 -72.2500 1 116 -53.0000 -103.0000
-2.4268320875e-002 -1.0519939768e-001 -1.0853061432e+000
0 0 0
2 0 117 -17.1800 -74.1800 1 117 -60.8600 -103.7100
-2.3155907544e-002 -1.0651263672e-001 -1.1049950279e+000
0 0 0
2 0 118 -16.1000 -73.8000 1 118 -70.3300 -101.4400
-2.1028374026e-002 -1.0439481748e-001 -1.1243320606e+000
0 0 0
2 0 119 -14.3600 -71.4500 1 119 -78.2900 -96.8600
-2.0921819519e-002 -1.0057887410e-001 -1.1379577158e+000
0 0 0
2 0 120 -14.1200 -67.8800 1 120 -84.0000 -92.5000
-2.1521133245e-002 -9.3839336265e-002 -1.1511377885e+000
0 0 0
2 0 121 -14.3600 -62.5500 1 121 -89.1400 -86.2900
-2.1120813363e-002 -8.4544892183e-002 -1.1607983423e+000
0 0 0
2 0 122 -14.0000 -55.2000 1 122 -91.8300 -79.8300
-2.0906008691e-002 -7.4435257529e-002 -1.1672853239e+000
0 0 0
2 0 123 -13.7800 -48.3300 1 123 -92.8000 -72.6000
-2.2556006125e-002 -6.4284640779e-002 -1.1710154158e+000
0 0 0
2 0 124 -14.8000 -42.0000 1 124 -93.1700 -65.1700
-2.5785110144e-002 -5.6383851120e-002 -1.1732504362e+000
0 0 0
2 0 125 -16.8800 -36.8800 1 125 -94.0000 -59.5000
-2.8990569463e-002 -5.1664679739e-002 -1.1714567002e+000
0 0 0
2 0 126 -19.0000 -34.0000 1 126 -93.5700 -56.2900
-3.0131488167e-002 -4.7865124050e-002 -1.1692611503e+000
0 0 0
2 0 127 -19.7800 -31.6700 1 127 -92.2900 -54.0000
-3.0151386059e-002 -4.6967478767e-002 -1.1684712150e+000
0 0 0
2 0 128 -19.8200 -30.8200 1 128 -91.8300 -53.8300
-3.0373965782e-002 -4.6863561847e-002 -1.1665120112e+000
0 0 0
2 0 129 -20.0000 -30.8000 1 129 -91.0000 -54.0000
-3.0358276407e-002 -4.6652486148e-002 -1.1655858773e+000
0 0 0
2 0 130 -20.0000 -30.8000 1 130 -90.5000 -53.8800
-3.0330929677e-002 -4.6614025037e-002 -1.1645420950e+000
0 0 0
2 0 131 -20.0000 -30.8000 1 131 -90.0000 -54.0000
-3.1645930731e-002 -4.6048260201e-002 -1.1631575013e+000
0 0 0
2 0 132 -20.9000 -30.3000 1 132 -89.8300 -53.8300
-3.2057266997e-002 -4.5369894145e-002 -1.1613289047e+000
0 0 0
2 0 133 -21.2000 -30.0000 1 133 -89.0000 -53.5000
-3.3256359026e-002 -4.3685837091e-002 -1.1607026921e+000
0 0 0
2 0 134 -22.0000 -29.0000 1 134 -88.8600 -52.2900
-3.3983750693e-002 -4.2773922349e-002 -1.1595437225e+000
0 0 0
2 0 135 -22.5000 -28.5000 1 135 -88.4300 -51.7100
-3.4984521272e-002 -4.1678620241e-002 -1.1586238232e+000
0 0 0
2 0 136 -23.1800 -27.8200 1 136 -88.2000 -51.0000
-3.5845358763e-002 -4.1010080551e-002 -1.1587584123e+000
0 0 0
2 0 137 -23.7500 -27.3300 1 137 -88.5000 -50.5000
-3.5028860587e-002 -4.1975424471e-002 -1.1591054851e+000
0 0 0
2 0 138 -23.2000 -28.0000 1 138 -88.5000 -51.1200
-3.3472778824e-002 -4.3599071636e-002 -1.1592443727e+000
0 0 0
2 0 139 -22.1700 -29.0000 1 139 -88.2500 -52.3800
-3.3189310914e-002 -4.5538676515e-002 -1.1581895254e+000
0 0 0
2 0 140 -22.0000 -30.3600 1 140 -88.0000 -53.7100
-3.2918151716e-002 -4.6766778612e-002 -1.1581885790e+000
0 0 0
2 0 141 -21.8200 -31.1800 1 141 -88.1200 -54.5000
-3.2925107506e-002 -4.6861735614e-002 -1.1585690011e+000
0 0 0
2 0 142 -21.8200 -31.1800 1 142 -88.3300 -54.5600
-3.3227417653e-002 -4.6282449195e-002 -1.1595643378e+000
0 0 0
2 0 143 -22.0000 -30.8000 1 143 -88.8000 -54.0000
-3.3600388541e-002 -4.6227754672e-002 -1.1596414201e+000
0 0 0
2 0 144 -22.2500 -30.6700 1 144 -89.0000 -54.0000
-3.3511993267e-002 -4.6394007506e-002 -1.1601082614e+000
0 0 0
2 0 145 -22.1800 -30.8200 1 145 -89.2000 -54.0000
-3.3511993267e-002 -4.6394007506e-002 -1.1601082614e+000
0 0 0
2 0 146 -22.1800 -30.8200 1 146 -89.2000 -54.0000
-3.3511993267e-002 -4.6394007506e-002 -1.1601082614e+000
0 0 0
2 0 147 -22.1800 -30.8200 1 147 -89.2000 -54.0000
-3.3247242536e-002 -4.6492505958e-002 -1.1605459728e+000
0 0 0
2 0 148 -22.0000 -30.8000 1 148 -89.3300 -54.1100
-3.3247242536e-002 -4.6492505958e-002 -1.1605459728e+000
0 0 0
2 0 149 -22.0000 -30.8000 1 149 -89.3300 -54.1100
-3.3503983687e-002 -4.6643766760e-002 -1.1603030836e+000
0 0 0
2 0 150 -22.1700 -31.0000 1 150 -89.3300 -54.1100
-3.3253794621e-002 -4.6646651996e-002 -1.1605255960e+000
0 0 0
2 0 151 -22.0000 -31.0000 1 151 -89.3300 -54.1100
-3.3262857442e-002 -4.6989258506e-002 -1.1608861531e+000
0 0 0
2 0 152 -22.0000 -31.2000 1 152 -89.5700 -54.2900
-3.3253794621e-002 -4.6646651996e-002 -1.1605255960e+000
0 0 0
2 0 153 -22.0000 -31.0000 1 153 -89.3300 -54.1100
-3.3262857442e-002 -4.6989258506e-002 -1.1608861531e+000
0 0 0
2 0 154 -22.0000 -31.2000 1 154 -89.5700 -54.2900
-3.3262857442e-002 -4.6989258506e-002 -1.1608861531e+000
0 0 0
2 0 155 -22.0000 -31.2000 1 155 -89.5700 -54.2900
-3.3262857442e-002 -4.6989258506e-002 -1.1608861531e+000
0 0 0
2 0 156 -22.0000 -31.2000 1 156 -89.5700 -54.2900
-3.3262857442e-002 -4.6989258506e-002 -1.1608861531e+000
0 0 0
2 0 157 -22.0000 -31.2000 1 157 -89.5700 -54.2900
-3.3262857442e-002 -4.6989258506e-002 -1.1608861531e+000
0 0 0
2 0 158 -22.0000 -31.2000 1 158 -89.5700 -54.2900
-3.3429009893e-002 -4.7087493534e-002 -1.1607288165e+000
0 0 0
2 0 159 -22.1100 -31.3300 1 159 -89.5700 -54.2900
-3.3433193502e-002 -4.7196703650e-002 -1.1610365757e+000
0 0 0
2 0 160 -22.1100 -31.3300 1 160 -89.7500 -54.3800
-3.3433193502e-002 -4.7196703650e-002 -1.1610365757e+000
0 0 0
2 0 161 -22.1100 -31.3300 1 161 -89.7500 -54.3800
-3.3420411509e-002 -4.7305546976e-002 -1.1607919799e+000
0 0 0
2 0 162 -22.1100 -31.3300 1 162 -89.6700 -54.5600
-3.3420411509e-002 -4.7305546976e-002 -1.1607919799e+000
0 0 0
2 0 163 -22.1100 -31.3300 1 163 -89.6700 -54.5600
-3.3420411509e-002 -4.7305546976e-002 -1.1607919799e+000
0 0 0
2 0 164 -22.1100 -31.3300 1 164 -89.6700 -54.5600
-3.3254248514e-002 -4.7207339507e-002 -1.1609493377e+000
0 0 0
2 0 165 -22.0000 -31.2000 1 165 -89.6700 -54.5600
-3.3126946227e-002 -4.7332239146e-002 -1.1610509230e+000
0 0 0
2 0 166 -21.9100 -31.3600 1 166 -89.6700 -54.5600
-3.3126946227e-002 -4.7332239146e-002 -1.1610509230e+000
0 0 0
2 0 167 -21.9100 -31.3600 1 167 -89.6700 -54.5600
-3.3126946227e-002 -4.7332239146e-002 -1.1610509230e+000
0 0 0
2 0 168 -21.9100 -31.3600 1 168 -89.6700 -54.5600
-3.3126946227e-002 -4.7332239146e-002 -1.1610509230e+000
0 0 0
2 0 169 -21.9100 -31.3600 1 169 -89.6700 -54.5600
-3.3115170058e-002 -4.7455701729e-002 -1.1608600207e+000
0 0 0
2 0 170 -21.9100 -31.3600 1 170 -89.6200 -54.7500
-3.3245124172e-002 -4.7485948793e-002 -1.1603760673e+000
0 0 0
2 0 171 -22.0000 -31.5000 1 171 -89.4300 -54.7100
-3.2871552786e-002 -4.7359438362e-002 -1.1607206868e+000
0 0 0
2 0 172 -21.7500 -31.3300 1 172 -89.4300 -54.7100
-3.2874010096e-002 -4.7548123785e-002 -1.1611019064e+000
0 0 0
2 0 173 -21.7500 -31.3300 1 173 -89.6700 -54.8900
-3.2638613442e-002 -4.7742736257e-002 -1.1604735742e+000
0 0 0
2 0 174 -21.6000 -31.6000 1 174 -89.2900 -55.0000
-3.2866475842e-002 -4.7498514734e-002 -1.1607742877e+000
0 0 0
2 0 175 -21.7500 -31.3300 1 175 -89.5000 -54.8800
-3.3025544537e-002 -4.7646512628e-002 -1.1609575797e+000
0 0 0
2 0 176 -21.8500 -31.4600 1 176 -89.6700 -54.8900
-3.2638613442e-002 -4.7742736257e-002 -1.1604735742e+000
0 0 0
2 0 177 -21.6000 -31.6000 1 177 -89.2900 -55.0000
-3.2661831557e-002 -4.7759040815e-002 -1.1612708869e+000
0 0 0
2 0 178 -21.6000 -31.6000 1 178 -89.6700 -54.8900
-3.2661831557e-002 -4.7759040815e-002 -1.1612708869e+000
0 0 0
2 0 179 -21.6000 -31.6000 1 179 -89.6700 -54.8900
-3.2770830754e-002 -4.7896502595e-002 -1.1611607002e+000
0 0 0
2 0 180 -21.6700 -31.7800 1 180 -89.6700 -54.8900
-3.2757419047e-002 -4.7932655862e-002 -1.1607742412e+000
0 0 0
2 0 181 -21.6700 -31.7800 1 181 -89.5000 -55.0000
-3.2757419047e-002 -4.7932655862e-002 -1.1607742412e+000
0 0 0
2 0 182 -21.6700 -31.7800 1 182 -89.5000 -55.0000
-3.2507629086e-002 -4.7951250961e-002 -1.1609948767e+000
0 0 0
2 0 183 -21.5000 -31.8000 1 183 -89.5000 -55.0000
-3.2307369321e-002 -4.8159969189e-002 -1.1614459375e+000
0 0 0
2 0 184 -21.3600 -31.9100 1 184 -89.6700 -55.1100
-3.2510165268e-002 -4.8072479954e-002 -1.1612736518e+000
0 0 0
2 0 185 -21.5000 -31.8000 1 185 -89.6700 -55.1100
-3.2507629086e-002 -4.7951250961e-002 -1.1609948767e+000
0 0 0
2 0 186 -21.5000 -31.8000 1 186 -89.5000 -55.0000
-3.2626405427e-002 -4.8032431254e-002 -1.1611739328e+000
0 0 0
2 0 187 -21.5800 -31.7500 1 187 -89.6700 -55.1100
-3.2720039537e-002 -4.8154636278e-002 -1.1610788813e+000
0 0 0
2 0 188 -21.6400 -31.9100 1 188 -89.6700 -55.1100
-3.2307369321e-002 -4.8159969189e-002 -1.1614459375e+000
0 0 0
2 0 189 -21.3600 -31.9100 1 189 -89.6700 -55.1100
-3.2307369321e-002 -4.8159969189e-002 -1.1614459375e+000
0 0 0
2 0 190 -21.3600 -31.9100 1 190 -89.6700 -55.1100
-3.2307369321e-002 -4.8159969189e-002 -1.1614459375e+000
0 0 0
2 0 191 -21.3600 -31.9100 1 191 -89.6700 -55.1100
-3.2307369321e-002 -4.8159969189e-002 -1.1614459375e+000
0 0 0
2 0 192 -21.3600 -31.9100 1 192 -89.6700 -55.1100
-3.2717385374e-002 -4.8257940807e-002 -1.1607229968e+000
0 0 0
2 0 193 -21.6400 -32.0900 1 193 -89.5000 -55.1200
-3.3244435816e-002 -4.8181715543e-002 -1.1602610385e+000
0 0 0
2 0 194 -22.0000 -32.0000 1 194 -89.5000 -55.1200
-3.2698753302e-002 -4.8529614527e-002 -1.1605368870e+000
0 0 0
2 0 195 -21.6400 -32.0900 1 195 -89.5000 -55.5000
-3.2489628124e-002 -4.8462984779e-002 -1.1607293948e+000
0 0 0
2 0 196 -21.5000 -32.0000 1 196 -89.5000 -55.5000
-3.2489628124e-002 -4.8462984779e-002 -1.1607293948e+000
0 0 0
2 0 197 -21.5000 -32.0000 1 197 -89.5000 -55.5000
-3.2489628124e-002 -4.8462984779e-002 -1.1607293948e+000
0 0 0
2 0 198 -21.5000 -32.0000 1 198 -89.5000 -55.5000
-3.2709683808e-002 -4.8529378947e-002 -1.1608987485e+000
0 0 0
2 0 199 -21.6400 -32.0900 1 199 -89.6700 -55.4400
-3.3253067560e-002 -4.8217118311e-002 -1.1605981489e+000
0 0 0
2 0 200 -22.0000 -32.0000 1 200 -89.6700 -55.1100
-3.3253067560e-002 -4.8217118311e-002 -1.1605981489e+000
0 0 0
2 0 201 -22.0000 -32.0000 1 201 -89.6700 -55.1100
-3.3405471589e-002 -4.8015033692e-002 -1.1607956103e+000
0 0 0
2 0 202 -22.1000 -31.8000 1 202 -89.8000 -55.0000
-3.3637006375e-002 -4.7464062486e-002 -1.1611997027e+000
0 0 0
2 0 203 -22.2500 -31.3300 1 203 -90.0000 -54.6700
-3.3638610076e-002 -4.7113992034e-002 -1.1654099446e+000
0 0 0
2 0 204 -22.1700 -31.0000 1 204 -91.8800 -53.8800
-3.3910906839e-002 -4.6861735374e-002 -1.1737843983e+000
0 0 0
2 0 205 -22.1800 -30.8200 1 205 -95.7500 -52.3800
-3.3816274212e-002 -5.0316775296e-002 -1.1803401786e+000
0 0 0
2 0 206 -22.0000 -32.8000 1 206 -99.3800 -53.7500
-2.5883357794e-002 -5.7439516282e-002 -1.1884541279e+000
0 0 0
2 0 207 -16.7000 -37.7000 1 207 -101.0000 -57.5000
-1.5613598618e-002 -6.6158741951e-002 -1.1964308084e+000
0 0 0
2 0 208 -10.0000 -43.0000 1 208 -102.0000 -63.0000
-9.3895509463e-003 -7.3090673662e-002 -1.2000643248e+000
0 0 0
2 0 209 -6.0000 -47.0000 1 209 -102.4300 -67.7100
-3.1703917476e-004 -8.0112048896e-002 -1.2074229715e+000
0 0 0
2 0 210 -0.2000 -51.0000 1 210 -103.3300 -72.1100
6.6527636635e-003 -8.4571199718e-002 -1.2112172014e+000
0 0 0
2 0 211 4.2200 -53.6700 1 211 -103.0000 -75.0000
1.5810287579e-002 -8.7864618919e-002 -1.2165104088e+000
0 0 0
2 0 212 10.0000 -56.0000 1 212 -102.1400 -76.7100
2.3237221008e-002 -9.1856942289e-002 -1.2168970862e+000
0 0 0
2 0 213 14.6700 -58.1100 1 213 -100.1700 -80.1700
3.1759901522e-002 -9.8416491012e-002 -1.2196336279e+000
0 0 0
2 0 214 20.0000 -62.0000 1 214 -99.2000 -84.6000
4.0094232087e-002 -1.0445177621e-001 -1.2224727822e+000
0 0 0
2 0 215 25.2000 -66.0000 1 215 -98.1700 -88.1700
4.8174811625e-002 -1.0890957704e-001 -1.2230745803e+000
0 0 0
2 0 216 30.2500 -68.3800 1 216 -96.1700 -91.8300
6.0299500752e-002 -1.1181233762e-001 -1.2281284233e+000
0 0 0
2 0 217 37.7100 -70.0000 1 217 -94.1700 -93.8300
7.0605424289e-002 -1.1330075316e-001 -1.2268657082e+000
0 0 0
2 0 218 44.2000 -71.0000 1 218 -90.0000 -95.8000
8.3583488685e-002 -1.1271499500e-001 -1.2266737154e+000
0 0 0
2 0 219 52.3300 -70.5600 1 219 -85.0000 -96.7500
9.5857120518e-002 -1.1023568860e-001 -1.2269711426e+000
0 0 0
2 0 220 60.0000 -69.0000 1 220 -80.2000 -96.4000
1.1128480714e-001 -1.0457022989e-001 -1.2253712642e+000
0 0 0
2 0 221 69.7500 -65.6200 1 221 -73.0000 -94.7500
1.2362974682e-001 -9.9567378017e-002 -1.2218128184e+000
0 0 0
2 0 222 77.7100 -62.5700 1 222 -66.3300 -93.6700
1.3541994759e-001 -9.5790105251e-002 -1.2164134503e+000
0 0 0
2 0 223 85.5000 -60.5000 1 223 -59.3300 -93.3300
1.4541520293e-001 -9.5028623462e-002 -1.2162167351e+000
0 0 0
2 0 224 91.8300 -60.1700 1 224 -55.6700 -93.6700
1.4994762667e-001 -9.7800899290e-002 -1.2148336968e+000
0 0 0
2 0 225 94.8000 -62.0000 1 225 -54.0000 -95.7500
1.5163112033e-001 -1.0338802176e-001 -1.2153858800e+000
0 0 0
2 0 226 95.8300 -65.8300 1 226 -54.5000 -98.5000
1.5238677108e-001 -1.1021934240e-001 -1.2191909436e+000
0 0 0
2 0 227 96.0000 -69.7100 1 227 -57.0000 -102.0000
1.5111928659e-001 -1.1647786876e-001 -1.2218992180e+000
0 0 0
2 0 228 95.0000 -73.8800 1 228 -59.5000 -104.5000
1.4835277558e-001 -1.2266297574e-001 -1.2290498545e+000
0 0 0
2 0 229 92.7100 -77.0000 1 229 -64.5000 -107.0000
1.4534124886e-001 -1.2641464054e-001 -1.2334836213e+000
0 0 0
2 0 230 90.5000 -79.0000 1 230 -68.0000 -108.2500
1.4236435535e-001 -1.3102314423e-001 -1.2426125667e+000
0 0 0
2 0 231 88.0000 -81.5000 1 231 -73.5000 -109.0000
1.3672594196e-001 -1.3631903534e-001 -1.2500533152e+000
0 0 0
2 0 232 84.0000 -83.7100 1 232 -79.5000 -111.0000
1.3086283480e-001 -1.3987256944e-001 -1.2563469312e+000
0 0 0
2 0 233 80.0000 -85.7100 1 233 -84.6700 -111.3300
1.2613570152e-001 -1.4321001409e-001 -1.2661891086e+000
0 0 0
2 0 234 76.5000 -86.5000 1 234 -91.0000 -112.0000
1.1563017416e-001 -1.4551242894e-001 -1.2717008967e+000
0 0 0
2 0 235 69.8300 -87.8300 1 235 -97.3300 -111.3300
1.0846709325e-001 -1.4613095204e-001 -1.2815536485e+000
0 0 0
2 0 236 65.0000 -87.5000 1 236 -104.0000 -109.7500
9.7600350624e-002 -1.4558715433e-001 -1.2857684968e+000
0 0 0
2 0 237 58.2900 -86.5700 1 237 -109.6700 -108.3300
8.8332899754e-002 -1.4386870392e-001 -1.2951127044e+000
0 0 0
2 0 238 52.3800 -85.2500 1 238 -116.5000 -105.0000
7.6039698361e-002 -1.4087536380e-001 -1.2975109909e+000
0 0 0
2 0 239 45.0000 -83.0000 1 239 -121.6700 -102.3300
6.4530896337e-002 -1.3711924470e-001 -1.3040057934e+000
0 0 0
2 0 240 38.0000 -80.5000 1 240 -128.0000 -98.2500
5.0784100088e-002 -1.3322444807e-001 -1.3073889172e+000
0 0 0
2 0 241 29.8300 -78.1700 1 241 -134.0000 -94.2500
3.8589995540e-002 -1.3021533983e-001 -1.3070689105e+000
0 0 0
2 0 242 22.6700 -76.3300 1 242 -138.2000 -91.6000
2.5131552367e-002 -1.2679505753e-001 -1.3039435790e+000
0 0 0
2 0 243 14.8000 -74.6000 1 243 -141.7500 -88.7500
1.3874717424e-002 -1.2275652516e-001 -1.3036101195e+000
0 0 0
2 0 244 8.1700 -72.1700 1 244 -145.5000 -85.5000
2.4662469361e-004 -1.1682118953e-001 -1.3021786353e+000
0 0 0
2 0 245 0.1400 -68.7100 1 245 -149.5000 -81.0000
-1.5516827548e-002 -1.0949441330e-001 -1.2964616681e+000
0 0 0
2 0 246 -9.2000 -64.6000 1 246 -152.5000 -76.0000
-2.9644899186e-002 -1.0139024640e-001 -1.2953653072e+000
0 0 0
2 0 247 -17.5700 -60.2900 1 247 -156.5000 -69.5000
-4.6297717896e-002 -9.1122886551e-002 -1.2896427967e+000
0 0 0
2 0 248 -27.5700 -54.2900 1 248 -159.5000 -62.5000
-5.9547471509e-002 -8.1607040842e-002 -1.2820901587e+000
0 0 0
2 0 249 -35.6700 -48.8900 1 249 -160.4300 -56.2900
-7.4572371114e-002 -7.0849669840e-002 -1.2724144448e+000
0 0 0
2 0 250 -45.0000 -43.0000 1 250 -161.0000 -49.0000
-8.8807474750e-002 -6.1547913912e-002 -1.2600127498e+000
0 0 0
2 0 251 -54.1400 -37.2900 1 251 -160.5000 -43.5000
-9.8579817210e-002 -5.3536823074e-002 -1.2495622573e+000
0 0 0
2 0 252 -60.5700 -33.2900 1 252 -158.8000 -38.0000
-1.0657294577e-001 -4.8003117866e-002 -1.2375608372e+000
0 0 0
2 0 253 -66.1200 -30.1200 1 253 -156.2000 -35.0000
-1.1458599466e-001 -4.3028998443e-002 -1.2238520766e+000
0 0 0
2 0 254 -71.8800 -27.5000 1 254 -152.8600 -32.2900
-1.2017381687e-001 -3.8641690839e-002 -1.2121375070e+000
0 0 0
2 0 255 -76.1200 -24.8800 1 255 -149.3800 -30.2500
-1.2507517267e-001 -3.4564077959e-002 -1.2005746799e+000
0 0 0
2 0 256 -80.0000 -22.2900 1 256 -145.6700 -28.5600
-1.3019792345e-001 -2.9043839872e-002 -1.1854894083e+000
0 0 0
2 0 257 -84.3300 -19.1100 1 257 -140.0000 -26.0000
-1.3447093432e-001 -2.3063108231e-002 -1.1705974698e+000
0 0 0
2 0 258 -88.2500 -14.6700 1 258 -134.0000 -24.0000
-1.3722058983e-001 -1.3070241440e-002 -1.1474194204e+000
0 0 0
2 0 259 -91.8300 -9.0000 1 259 -122.0000 -19.2000
-1.3803382859e-001 -5.2750181991e-003 -1.1288026545e+000
0 0 0
2 0 260 -93.9000 -3.8000 1 260 -111.6700 -16.2200
-1.3564597984e-001 4.5227360126e-003 -1.1107507393e+000
0 0 0
2 0 261 -93.7700 2.8500 1 261 -99.5000 -12.2000
-1.3066233224e-001 1.6201422208e-002 -1.0967743678e+000
0 0 0
2 0 262 -91.5600 12.2500 1 262 -88.0000 -8.0000
-1.2443906166e-001 3.0519253353e-002 -1.0822972562e+000
0 0 0
2 0 263 -88.2900 21.5000 1 263 -74.5000 -0.1200
-1.1668553691e-001 4.6175804084e-002 -1.0745104375e+000
0 0 0
2 0 264 -83.4100 33.1200 1 264 -63.8800 7.8800
-1.0665294601e-001 6.3480413909e-002 -1.0723650244e+000
0 0 0
2 0 265 -76.3800 45.4400 1 265 -54.8800 17.5000
-9.7927425153e-002 7.6249790314e-002 -1.0743703815e+000
0 0 0
2 0 266 -70.0600 55.1200 1 266 -49.8800 23.8800
-9.2934568711e-002 8.2621815870e-002 -1.0741760823e+000
0 0 0
2 0 267 -66.4700 59.3300 1 267 -46.3300 27.4400
-9.2697089628e-002 8.1161625840e-002 -1.0731623141e+000
0 0 0
2 0 268 -66.3300 58.0000 1 268 -45.8900 26.6700
-9.4065800149e-002 7.2161179114e-002 -1.0713237057e+000
0 0 0
2 0 269 -67.4700 52.1300 1 269 -47.4400 20.3300
-9.6987608498e-002 5.5802619886e-002 -1.0708822224e+000
0 0 0
2 0 270 -69.5900 40.4100 1 270 -51.7100 10.0000
-9.9699834820e-002 3.3029769227e-002 -1.0692521138e+000
0 0 0
2 0 271 -71.6100 23.7200 1 271 -56.5000 -4.5000
-1.0056218497e-001 1.0166169665e-002 -1.0698698269e+000
0 0 0
2 0 272 -72.2000 7.4700 1 272 -61.9000 -19.8000
-9.9367100801e-002 -1.5937104721e-002 -1.0702631868e+000
0 0 0
2 0 273 -71.3300 -11.0000 1 273 -67.0000 -37.8000
-9.6967057153e-002 -3.4083340032e-002 -1.0707568251e+000
0 0 0
2 0 274 -69.5600 -24.2500 1 274 -69.8800 -50.1200
-9.3923601917e-002 -5.0626570731e-002 -1.0692887389e+000
0 0 0
2 0 275 -67.4700 -36.1300 1 275 -71.2000 -62.0000
-9.0468056901e-002 -6.3594893102e-002 -1.0689964553e+000
0 0 0
2 0 276 -65.0000 -45.5700 1 276 -72.1800 -71.1800
-8.5688450888e-002 -7.6520637473e-002 -1.0693007682e+000
0 0 0
2 0 277 -61.5300 -55.3300 1 277 -72.8000 -80.0000
-8.1623457252e-002 -8.8070713104e-002 -1.0719794647e+000
0 0 0
2 0 278 -58.4700 -63.3300 1 278 -74.8000 -88.0000
-7.9175365414e-002 -9.6384081003e-002 -1.0763775086e+000
0 0 0
2 0 279 -56.5000 -68.5000 1 279 -77.7800 -93.6700
-7.5555658301e-002 -1.0263306022e-001 -1.0815953780e+000
0 0 0
2 0 280 -53.6400 -73.2100 1 280 -80.0000 -96.8000
-7.2045520810e-002 -1.0616354317e-001 -1.0905138582e+000
0 0 0
2 0 281 -50.7500 -74.3300 1 281 -83.8200 -98.8200
