# Bundle file v0.3
4 282
6.8520538214e+002 2.2027970524e-003 8.2723927801e-005
9.9946947665e-001 7.2312795814e-004 -3.2561362419e-002
-3.8178190877e-004 9.9994492486e-001 1.0488159642e-002
3.2567153379e-002 -1.0470164089e-002 9.9941470681e-001
-3.9322379053e-002 9.6392414833e-003 8.1958159365e-002
7.7628987822e+002 3.3569416855e-003 2.2297890377e-004
5.2612877185e-001 2.8078317507e-001 8.0271372483e-001
-2.5042479073e-001 9.5321975865e-001 -1.6929121626e-001
-8.1269670826e-001 -1.1195043686e-001 5.7183140878e-001
8.1870831935e-001 -2.4783252140e-001 -6.1506798023e-001
0 0 0
0 0 0
0 0 0
0 0 0
0 0 0
0 0 0
0 0 0
0 0 0
0 0 0
0 0 0
-1.7667321812e-002 -2.6593607684e-002 -1.1833713924e+000
0 0 0
2 0 0 -11.5000 -18.1200 1 0 -90.1700 -41.8300
-1.8518154663e-002 -2.6317490180e-002 -1.1842026075e+000
0 0 0
2 0 1 -12.0000 -18.0000 1 1 -90.8000 -41.4000
-1.8759049551e-002 -2.5766379979e-002 -1.1847927235e+000
0 0 0
2 0 2 -12.1200 -17.8800 1 2 -91.0000 -40.7500
-2.1983732058e-002 -2.7762576401e-002 -1.1848833372e+000
0 0 0
2 0 3 -14.1100 -19.3300 1 3 -92.5700 -41.2900
-2.1778026107e-002 -3.6320602911e-002 -1.1847300742e+000
0 0 0
2 0 4 -14.0000 -24.5000 1 4 -94.0000 -46.5000
-1.8681201373e-002 -4.7864717563e-002 -1.1869478236e+000
0 0 0
2 0 5 -12.0000 -32.0000 1 5 -95.8000 -53.0000
-1.4246884669e-002 -5.7871160294e-002 -1.1862292244e+000
0 0 0
2 0 6 -9.3000 -37.7000 1 6 -95.7100 -60.0000
-1.0215175415e-002 -6.5030954432e-002 -1.1865203654e+000
0 0 0
2 0 7 -6.8000 -42.0000 1 7 -95.6200 -64.7500
-2.8246966709e-003 -7.3154182493e-002 -1.1886325454e+000
0 0 0
2 0 8 -2.1700 -47.0000 1 8 -95.2000 -70.0000
4.3115614707e-003 -8.1386403839e-002 -1.1909524518e+000
0 0 0
2 0 9 2.2900 -52.0000 1 9 -95.0000 -75.2500
1.4158307696e-002 -8.8847649622e-002 -1.1907067034e+000
0 0 0
2 0 10 8.3800 -56.7500 1 10 -92.5000 -80.5000
2.6255633478e-002 -9.7514106019e-002 -1.1922472050e+000
0 0 0
2 0 11 15.8800 -62.1200 1 11 -90.2000 -86.4000
3.4853031308e-002 -1.0408219179e-001 -1.1948381176e+000
0 0 0
2 0 12 21.2000 -66.0000 1 12 -89.3300 -90.6700
4.2622059662e-002 -1.0972997734e-001 -1.1967695743e+000
0 0 0
2 0 13 26.0000 -69.7100 1 13 -88.2500 -94.0000
4.7005422585e-002 -1.1412911411e-001 -1.2014640325e+000
0 0 0
2 0 14 28.6700 -71.8900 1 14 -89.5000 -96.5000
4.7399126026e-002 -1.1486622605e-001 -1.2073738755e+000
0 0 0
2 0 15 28.8800 -72.1200 1 15 -92.0000 -96.0000
4.4148768946e-002 -1.1295772055e-001 -1.2140105775e+000
0 0 0
2 0 16 26.8600 -70.2900 1 16 -95.7500 -94.0000
3.9162147136e-002 -1.0905069498e-001 -1.2214355569e+000
0 0 0
2 0 17 23.8300 -67.8300 1 17 -100.0000 -90.0000
2.8725263579e-002 -1.0322118870e-001 -1.2303786400e+000
0 0 0
2 0 18 17.5700 -63.7100 1 18 -106.6700 -84.6700
1.7643618224e-002 -9.7478300516e-002 -1.2360066429e+000
0 0 0
2 0 19 11.0000 -60.0000 1 19 -112.2000 -79.6000
6.0929590053e-003 -9.1921397437e-002 -1.2391136472e+000
0 0 0
2 0 20 4.1700 -56.1700 1 20 -117.0000 -75.2500
-7.6219093702e-003 -8.3745048730e-002 -1.2431229371e+000
0 0 0
2 0 21 -3.8600 -51.2900 1 21 -122.5000 -68.5000
-1.8354159457e-002 -7.5980990469e-002 -1.2492955444e+000
0 0 0
2 0 22 -10.0000 -47.0000 1 22 -127.8000 -61.6000
-3.0446556625e-002 -6.8158941410e-002 -1.2489482628e+000
0 0 0
2 0 23 -17.1200 -41.8800 1 23 -131.1400 -56.2900
-4.2654421065e-002 -6.0338672015e-002 -1.2475240217e+000
0 0 0
2 0 24 -24.3300 -37.3300 1 24 -134.0000 -50.5000
-5.4576225409e-002 -5.3253339563e-002 -1.2429596599e+000
0 0 0
2 0 25 -31.5700 -32.2900 1 25 -135.8000 -46.4000
-6.4734727534e-002 -4.5191289292e-002 -1.2418488572e+000
0 0 0
2 0 26 -37.5700 -28.2900 1 26 -137.8300 -39.8300
-7.4927656768e-002 -3.6802333127e-002 -1.2359485126e+000
0 0 0
2 0 27 -43.8800 -23.8800 1 27 -137.8300 -33.8300
-8.1347941584e-002 -3.1782651331e-002 -1.2305388540e+000
0 0 0
2 0 28 -48.0000 -21.0000 1 28 -137.2000 -30.6000
-9.0971931438e-002 -2.4884544152e-002 -1.2214291076e+000
0 0 0
2 0 29 -54.3300 -16.6700 1 29 -136.0000 -26.5000
-9.6698156638e-002 -2.0033136581e-002 -1.2136598679e+000
0 0 0
2 0 30 -58.2900 -14.0000 1 30 -134.0000 -23.5000
-1.0099435935e-001 -1.5826706866e-002 -1.2049024678e+000
0 0 0
2 0 31 -61.5000 -11.8800 1 31 -131.0000 -21.0000
-1.0427779161e-001 -1.3245055392e-002 -1.1969881642e+000
0 0 0
2 0 32 -64.1200 -9.8800 1 32 -128.4300 -20.2900
-1.0608978236e-001 -1.0491239795e-002 -1.1843253976e+000
0 0 0
2 0 33 -66.2200 -8.3300 1 33 -122.8600 -19.7100
-1.0780258630e-001 -7.8631526959e-003 -1.1756723948e+000
0 0 0
2 0 34 -68.0000 -6.3600 1 34 -119.1700 -19.1700
-1.0769905508e-001 -4.4854475571e-003 -1.1657487149e+000
0 0 0
2 0 35 -68.7500 -4.3300 1 35 -113.8300 -18.1700
-1.0676330843e-001 -1.3363263844e-003 -1.1579455846e+000
0 0 0
2 0 36 -68.8200 -2.1800 1 36 -109.2000 -17.4000
-1.0461239040e-001 1.7822863323e-003 -1.1502310256e+000
0 0 0
2 0 37 -68.0900 -0.3600 1 37 -104.0000 -16.5000
-1.0033458052e-001 4.0707448267e-003 -1.1423597123e+000
0 0 0
2 0 38 -66.0000 1.0000 1 38 -98.0000 -16.5000
-9.6163468848e-002 4.4989710631e-003 -1.1340968083e+000
0 0 0
2 0 39 -64.0000 1.5000 1 39 -92.2900 -18.0000
-8.9055404543e-002 2.8849176655e-003 -1.1263886617e+000
0 0 0
2 0 40 -60.0000 0.5000 1 40 -86.0000 -21.0000
-8.0441859752e-002 -6.1320370538e-004 -1.1135913915e+000
0 0 0
2 0 41 -55.3300 -1.7500 1 41 -77.0000 -26.0000
-6.8858260944e-002 -5.3554318718e-003 -1.1052706012e+000
0 0 0
2 0 42 -48.2300 -5.1500 1 42 -69.2000 -31.4000
-5.8215040608e-002 -1.1587435615e-002 -1.0975060801e+000
0 0 0
2 0 43 -41.6200 -9.3800 1 43 -62.4300 -37.7100
-4.6249089194e-002 -1.9414614094e-002 -1.0924264704e+000
0 0 0
2 0 44 -33.8600 -14.7100 1 44 -56.8300 -44.8300
-3.3525394299e-002 -2.6628152250e-002 -1.0898755456e+000
0 0 0
2 0 45 -25.3800 -19.6200 1 45 -52.1400 -51.2900
-2.1478024813e-002 -3.3399526014e-002 -1.0873675946e+000
0 0 0
2 0 46 -17.3300 -23.7500 1 46 -47.8300 -57.8300
-9.7079157184e-003 -3.8745043207e-002 -1.0864993380e+000
0 0 0
2 0 47 -9.3300 -27.7500 1 47 -44.0000 -62.2900
8.2488621145e-004 -4.3892313099e-002 -1.0860754861e+000
0 0 0
2 0 48 -2.1700 -31.0000 1 48 -41.0000 -67.0000
1.1330605925e-002 -4.8815130441e-002 -1.0863632369e+000
0 0 0
2 0 49 5.0000 -34.1700 1 49 -38.3300 -71.3300
2.2114800072e-002 -5.4297206833e-002 -1.0900287226e+000
0 0 0
2 0 50 12.4200 -38.2500 1 50 -37.1700 -74.8300
3.0306322102e-002 -5.8787111811e-002 -1.0935025400e+000
0 0 0
2 0 51 18.0000 -40.8300 1 51 -36.8600 -78.2900
3.8395524027e-002 -6.3227845096e-002 -1.0978422573e+000
0 0 0
2 0 52 23.5000 -44.0000 1 52 -36.8300 -80.8300
4.6428634009e-002 -6.8223935533e-002 -1.1004705366e+000
0 0 0
2 0 53 28.9200 -47.3300 1 53 -36.1700 -84.1700
5.0927421848e-002 -7.2461758539e-002 -1.1059848000e+000
0 0 0
2 0 54 31.9000 -49.8000 1 54 -38.0000 -86.5000
5.6485292766e-002 -7.7183780780e-002 -1.1105099961e+000
0 0 0
2 0 55 35.5800 -52.9200 1 55 -39.0000 -89.0000
6.0870392758e-002 -8.1350454637e-002 -1.1142429369e+000
0 0 0
2 0 56 38.4500 -55.3600 1 56 -40.0000 -91.5000
6.6553073352e-002 -8.4436261946e-002 -1.1172231998e+000
0 0 0
2 0 57 42.1800 -57.1800 1 57 -40.0000 -93.5000
7.2752230141e-002 -8.7494245361e-002 -1.1229385260e+000
0 0 0
2 0 58 46.1800 -59.1800 1 58 -41.0000 -94.7500
7.8428284176e-002 -9.0413445187e-002 -1.1283024889e+000
0 0 0
2 0 59 49.8000 -61.0000 1 59 -42.0000 -96.0000
8.2015606453e-002 -9.4265504696e-002 -1.1338043300e+000
0 0 0
2 0 60 52.0000 -63.0000 1 60 -44.0000 -98.0000
8.6440081051e-002 -9.9060391136e-002 -1.1370926032e+000
0 0 0
2 0 61 54.8000 -66.0000 1 61 -44.8000 -100.6000
8.8442705669e-002 -1.0199661093e-001 -1.1407368774e+000
0 0 0
2 0 62 56.0000 -68.0000 1 62 -46.2000 -101.6000
9.0099267562e-002 -1.0480225081e-001 -1.1481916578e+000
0 0 0
2 0 63 56.8300 -69.1700 1 63 -49.5000 -102.5000
8.9034238293e-002 -1.0610606400e-001 -1.1564368851e+000
0 0 0
2 0 64 55.8800 -69.5000 1 64 -53.7500 -102.0000
8.6088106887e-002 -1.0695180727e-001 -1.1646343441e+000
0 0 0
2 0 65 53.7500 -69.6200 1 65 -58.5000 -101.0000
8.0888781091e-002 -1.0755067441e-001 -1.1719919118e+000
0 0 0
2 0 66 50.2500 -69.6200 1 66 -63.6000 -99.8000
7.4305220995e-002 -1.0745508278e-001 -1.1814078940e+000
0 0 0
2 0 67 45.8800 -68.8800 1 67 -70.0000 -98.0000
6.6964530619e-002 -1.0601822622e-001 -1.1865702325e+000
0 0 0
2 0 68 41.2000 -68.0000 1 68 -74.5000 -95.5000
5.8601927901e-002 -1.0490441636e-001 -1.1945538271e+000
0 0 0
2 0 69 35.8800 -66.5000 1 69 -80.8000 -93.4000
4.8908333437e-002 -1.0343633065e-001 -1.2075580779e+000
0 0 0
2 0 70 29.8000 -65.0000 1 70 -89.6000 -89.8000
4.2013482283e-002 -1.0189012334e-001 -1.2130547991e+000
0 0 0
2 0 71 25.5700 -63.7100 1 71 -94.2000 -87.6000
3.2654230233e-002 -9.6915684618e-002 -1.2166813962e+000
0 0 0
2 0 72 19.8800 -60.1200 1 72 -98.4000 -83.8000
2.6832159092e-002 -9.2405074905e-002 -1.2265118061e+000
0 0 0
2 0 73 16.4300 -57.7100 1 73 -103.8000 -78.6000
1.9390977994e-002 -8.6755957201e-002 -1.2315167484e+000
0 0 0
2 0 74 12.0000 -53.7100 1 74 -107.8000 -74.4000
9.4656797442e-003 -7.8874870245e-002 -1.2362752771e+000
0 0 0
2 0 75 6.1400 -48.7100 1 75 -112.2000 -68.4000
4.5399459994e-004 -7.1668433402e-002 -1.2414977294e+000
0 0 0
2 0 76 0.8800 -44.1200 1 76 -116.6000 -62.8000
-1.0561117700e-002 -6.2007274947e-002 -1.2470420122e+000
0 0 0
2 0 77 -5.5000 -38.1200 1 77 -121.5000 -55.5000
-1.9515747760e-002 -5.3150636587e-002 -1.2530666875e+000
0 0 0
2 0 78 -10.5700 -33.2900 1 78 -125.8300 -48.1700
-2.9479467103e-002 -4.4866503772e-002 -1.2565912233e+000
0 0 0
2 0 79 -16.2900 -28.0000 1 79 -129.8300 -42.1700
-3.8137646341e-002 -3.8690271027e-002 -1.2566739873e+000
0 0 0
2 0 80 -21.3300 -24.3300 1 80 -132.2000 -37.6000
-4.7036993214e-002 -3.4025473657e-002 -1.2590391268e+000
0 0 0
2 0 81 -26.4000 -21.8000 1 81 -135.8600 -33.2900
-5.3176931835e-002 -3.3395805033e-002 -1.2579816160e+000
0 0 0
2 0 82 -30.0000 -21.7100 1 82 -137.7100 -32.0000
-6.1355849626e-002 -3.5370061417e-002 -1.2528549920e+000
0 0 0
2 0 83 -35.0000 -23.0000 1 83 -139.2000 -32.6000
-6.8142747555e-002 -3.9759548060e-002 -1.2485332524e+000
0 0 0
2 0 84 -39.2000 -25.4000 1 84 -141.0000 -35.0000
-7.7405049427e-002 -4.6266550803e-002 -1.2416859871e+000
0 0 0
2 0 85 -45.0000 -29.8300 1 85 -143.0000 -38.0000
-8.6316643426e-002 -5.4448776347e-002 -1.2325403705e+000
0 0 0
2 0 86 -50.8300 -34.8300 1 86 -144.3300 -42.8900
-9.2815237828e-002 -6.1660717313e-002 -1.2256876969e+000
0 0 0
2 0 87 -55.1700 -38.8300 1 87 -145.5700 -47.7100
-9.8607967103e-002 -6.6810388438e-002 -1.2187782890e+000
0 0 0
2 0 88 -59.1200 -42.1200 1 88 -146.0000 -51.0000
-1.0393032564e-001 -7.1143109806e-002 -1.2118001020e+000
0 0 0
2 0 89 -62.8300 -45.1700 1 89 -146.0000 -53.7100
-1.0850368369e-001 -7.5191260973e-002 -1.2065621565e+000
0 0 0
2 0 90 -66.0000 -47.8600 1 90 -146.4300 -56.2900
-1.1100881347e-001 -8.0443408875e-002 -1.2007433091e+000
0 0 0
2 0 91 -68.0000 -51.0000 1 91 -146.0000 -60.2900
-1.1196245587e-001 -8.8059934487e-002 -1.1942593814e+000
0 0 0
2 0 92 -69.1200 -55.8800 1 92 -145.0000 -65.8800
-1.1274009016e-001 -9.2726741286e-002 -1.1893658828e+000
0 0 0
2 0 93 -70.0000 -59.2000 1 93 -144.0000 -69.2000
-1.1339647149e-001 -9.8860773975e-002 -1.1824798836e+000
0 0 0
2 0 94 -71.0000 -63.0000 1 94 -142.4300 -74.2900
-1.1334637301e-001 -1.0370357003e-001 -1.1755084132e+000
0 0 0
2 0 95 -71.5600 -66.6700 1 95 -140.1200 -78.1200
-1.1216795394e-001 -1.0682039816e-001 -1.1677326764e+000
0 0 0
2 0 96 -71.5000 -68.8800 1 96 -136.6700 -81.5600
-1.1044935289e-001 -1.0799896779e-001 -1.1587340613e+000
0 0 0
2 0 97 -71.2000 -70.0000 1 97 -132.0000 -84.0000
-1.1068992356e-001 -1.0560717590e-001 -1.1512635876e+000
0 0 0
2 0 98 -72.0000 -69.0000 1 98 -128.1200 -83.5000
-1.1231164656e-001 -1.0153908254e-001 -1.1424596390e+000
0 0 0
2 0 99 -73.8200 -66.8200 1 99 -123.8800 -82.1200
-1.1436237493e-001 -9.7277104701e-002 -1.1330083340e+000
0 0 0
2 0 100 -76.0000 -64.8000 1 100 -119.3800 -80.3800
-1.1747051771e-001 -9.2256664182e-002 -1.1206815828e+000
0 0 0
2 0 101 -79.2000 -62.0000 1 101 -113.8200 -78.8200
-1.2198184678e-001 -8.5946446842e-002 -1.1093536834e+000
0 0 0
2 0 102 -83.3000 -58.3000 1 102 -109.0000 -76.0000
-1.2679638673e-001 -7.7493702194e-002 -1.0968068456e+000
0 0 0
2 0 103 -87.8200 -53.1800 1 103 -103.1800 -71.8200
-1.2981962081e-001 -6.7869667182e-002 -1.0860897226e+000
0 0 0
2 0 104 -91.0000 -47.8300 1 104 -97.0000 -66.0000
-1.3233300674e-001 -5.8735084377e-002 -1.0736261578e+000
0 0 0
2 0 105 -94.1500 -41.4600 1 105 -90.0000 -62.0000
-1.3092377233e-001 -5.2213724558e-002 -1.0580947119e+000
0 0 0
2 0 106 -95.0000 -37.5700 1 106 -80.0000 -60.0000
-1.2417508256e-001 -4.7046333250e-002 -1.0435409840e+000
0 0 0
2 0 107 -92.0000 -34.1400 1 107 -68.5000 -59.8000
-1.1080688946e-001 -4.3286433016e-002 -1.0273057896e+000
0 0 0
2 0 108 -84.3300 -32.0000 1 108 -53.5500 -61.3600
-9.6851658959e-002 -4.1893493867e-002 -1.0143000411e+000
0 0 0
2 0 109 -75.6200 -31.4400 1 109 -40.6400 -64.0900
-8.1304399367e-002 -4.2978200802e-002 -1.0093367459e+000
0 0 0
2 0 110 -64.7100 -32.7100 1 110 -32.0000 -67.2000
-6.9446892950e-002 -4.7651440207e-002 -1.0069210234e+000
0 0 0
2 0 111 -56.2100 -36.0500 1 111 -27.1100 -72.3300
-5.4223262168e-002 -5.8142981427e-002 -1.0142086255e+000
0 0 0
2 0 112 -44.4700 -43.3500 1 112 -27.3300 -80.1100
-3.9286408474e-002 -6.9193768147e-002 -1.0232049222e+000
0 0 0
2 0 113 -33.0000 -51.0000 1 113 -28.6200 -87.6200
-3.0903737128e-002 -8.0536383233e-002 -1.0339232585e+000
0 0 0
2 0 114 -26.3600 -58.7900 1 114 -33.2000 -94.0000
-2.6382467534e-002 -9.3719705523e-002 -1.0514447430e+000
0 0 0
2 0 115 -22.2900 -67.5000 1 115 -42.8800 -99.7500
-2.3673034777e-002 -1.0265613038e-001 -1.0702128731e+000
0 0 0
2 0 116 -19.5800 -72.2500 1 116 -53.0000 -103.0000
-2.1131498809e-002 -1.0723840366e-001 -1.0863541891e+000
0 0 0
2 0 117 -17.1800 -74.1800 1 117 -60.8600 -103.7100
-2.0643723589e-002 -1.0851512214e-001 -1.1058756446e+000
0 0 0
2 0 118 -16.1000 -73.8000 1 118 -70.3300 -101.4400
-1.9082579054e-002 -1.0622489711e-001 -1.1249757303e+000
0 0 0
2 0 119 -14.3600 -71.4500 1 119 -78.2900 -96.8600
-1.9432346126e-002 -1.0220351204e-001 -1.1384372152e+000
0 0 0
2 0 120 -14.1200 -67.8800 1 120 -84.0000 -92.5000
-2.0503431792e-002 -9.5151937161e-002 -1.1514466616e+000
0 0 0
2 0 121 -14.3600 -62.5500 1 121 -89.1400 -86.2900
-2.0419435948e-002 -8.5464644979e-002 -1.1609408835e+000
0 0 0
2 0 122 -14.0000 -55.2000 1 122 -91.8300 -79.8300
-2.0418660869e-002 -7.4944391404e-002 -1.1673093118e+000
0 0 0
2 0 123 -13.7800 -48.3300 1 123 -92.8000 -72.6000
-2.2269426053e-002 -6.4396815575e-002 -1.1710010360e+000
0 0 0
2 0 124 -14.8000 -42.0000 1 124 -93.1700 -65.1700
-2.5720714580e-002 -5.6194877213e-002 -1.1732451057e+000
0 0 0
2 0 125 -16.8800 -36.8800 1 125 -94.0000 -59.5000
-2.9011757671e-002 -5.1311994076e-002 -1.1715316426e+000
0 0 0
2 0 126 -19.0000 -34.0000 1 126 -93.5700 -56.2900
-3.0132479753e-002 -4.7380307730e-002 -1.1693892271e+000
0 0 0
2 0 127 -19.7800 -31.6700 1 127 -92.2900 -54.0000
-3.0129817733e-002 -4.6453822789e-002 -1.1686048631e+000
0 0 0
2 0 128 -19.8200 -30.8200 1 128 -91.8300 -53.8300
-3.0296861317e-002 -4.6355395586e-002 -1.1666815898e+000
0 0 0
2 0 129 -20.0000 -30.8000 1 129 -91.0000 -54.0000
-3.0248690180e-002 -4.6139850421e-002 -1.1657728204e+000
0 0 0
2 0 130 -20.0000 -30.8000 1 130 -90.5000 -53.8800
-3.0185197879e-002 -4.6104641750e-002 -1.1647454369e+000
0 0 0
2 0 131 -20.0000 -30.8000 1 131 -90.0000 -54.0000
-3.1514170188e-002 -4.5527377918e-002 -1.1634008612e+000
0 0 0
2 0 132 -20.9000 -30.3000 1 132 -89.8300 -53.8300
-3.1882153730e-002 -4.4831830433e-002 -1.1616101048e+000
0 0 0
2 0 133 -21.2000 -30.0000 1 133 -89.0000 -53.5000
-3.3114301370e-002 -4.3088425259e-002 -1.1610144357e+000
0 0 0
2 0 134 -22.0000 -29.0000 1 134 -88.8600 -52.2900
-3.3835297446e-002 -4.2148082594e-002 -1.1598870120e+000
0 0 0
2 0 135 -22.5000 -28.5000 1 135 -88.4300 -51.7100
-3.4850527908e-002 -4.1017036134e-002 -1.1589979736e+000
0 0 0
2 0 136 -23.1800 -27.8200 1 136 -88.2000 -51.0000
-3.5755419998e-002 -4.0324309521e-002 -1.1591430815e+000
0 0 0
2 0 137 -23.7500 -27.3300 1 137 -88.5000 -50.5000
-3.4912910594e-002 -4.1323131302e-002 -1.1594730176e+000
0 0 0
2 0 138 -23.2000 -28.0000 1 138 -88.5000 -51.1200
-3.3291156963e-002 -4.3005313020e-002 -1.1595834430e+000
0 0 0
2 0 139 -22.1700 -29.0000 1 139 -88.2500 -52.3800
-3.2957476198e-002 -4.5022939748e-002 -1.1585442496e+000
0 0 0
2 0 140 -22.0000 -30.3600 1 140 -88.0000 -53.7100
-3.2673128469e-002 -4.6297306876e-002 -1.1585404746e+000
0 0 0
2 0 141 -21.8200 -31.1800 1 141 -88.1200 -54.5000
-3.2693555162e-002 -4.6394422404e-002 -1.1589139388e+000
0 0 0
2 0 142 -21.8200 -31.1800 1 142 -88.3300 -54.5600
-3.3043126284e-002 -4.5789000508e-002 -1.1598987027e+000
0 0 0
2 0 143 -22.0000 -30.8000 1 143 -88.8000 -54.0000
-3.3436123426e-002 -4.5733137337e-002 -1.1599787175e+000
0 0 0
2 0 144 -22.2500 -30.6700 1 144 -89.0000 -54.0000
-3.3358957867e-002 -4.5903152470e-002 -1.1604380918e+000
0 0 0
2 0 145 -22.1800 -30.8200 1 145 -89.2000 -54.0000
-3.3358957867e-002 -4.5903152470e-002 -1.1604380918e+000
0 0 0
2 0 146 -22.1800 -30.8200 1 146 -89.2000 -54.0000
-3.3358957867e-002 -4.5903152470e-002 -1.1604380918e+000
0 0 0
2 0 147 -22.1800 -30.8200 1 147 -89.2000 -54.0000
-3.3097639989e-002 -4.6003211092e-002 -1.1608626481e+000
0 0 0
2 0 148 -22.0000 -30.8000 1 148 -89.3300 -54.1100
-3.3097639989e-002 -4.6003211092e-002 -1.1608626481e+000
0 0 0
2 0 149 -22.0000 -30.8000 1 149 -89.3300 -54.1100
-3.3356787265e-002 -4.6161435456e-002 -1.1606304964e+000
0 0 0
2 0 150 -22.1700 -31.0000 1 150 -89.3300 -54.1100
-3.3102887390e-002 -4.6162849356e-002 -1.1608452577e+000
0 0 0
2 0 151 -22.0000 -31.0000 1 151 -89.3300 -54.1100
-3.3124349930e-002 -4.6516985424e-002 -1.1612002814e+000
0 0 0
2 0 152 -22.0000 -31.2000 1 152 -89.5700 -54.2900
-3.3102887390e-002 -4.6162849356e-002 -1.1608452577e+000
0 0 0
2 0 153 -22.0000 -31.0000 1 153 -89.3300 -54.1100
-3.3124349930e-002 -4.6516985424e-002 -1.1612002814e+000
0 0 0
2 0 154 -22.0000 -31.2000 1 154 -89.5700 -54.2900
-3.3124349930e-002 -4.6516985424e-002 -1.1612002814e+000
0 0 0
2 0 155 -22.0000 -31.2000 1 155 -89.5700 -54.2900
-3.3124349930e-002 -4.6516985424e-002 -1.1612002814e+000
0 0 0
2 0 156 -22.0000 -31.2000 1 156 -89.5700 -54.2900
-3.3124349930e-002 -4.6516985424e-002 -1.1612002814e+000
0 0 0
2 0 157 -22.0000 -31.2000 1 157 -89.5700 -54.2900
-3.3124349930e-002 -4.6516985424e-002 -1.1612002814e+000
0 0 0
2 0 158 -22.0000 -31.2000 1 158 -89.5700 -54.2900
-3.3292056523e-002 -4.6619740309e-002 -1.1610498918e+000
0 0 0
2 0 159 -22.1100 -31.3300 1 159 -89.5700 -54.2900
-3.3307215488e-002 -4.6732045584e-002 -1.1613514248e+000
0 0 0
2 0 160 -22.1100 -31.3300 1 160 -89.7500 -54.3800
-3.3307215488e-002 -4.6732045584e-002 -1.1613514248e+000
0 0 0
2 0 161 -22.1100 -31.3300 1 161 -89.7500 -54.3800
-3.3286155467e-002 -4.6846529714e-002 -1.1611088377e+000
0 0 0
2 0 162 -22.1100 -31.3300 1 162 -89.6700 -54.5600
-3.3286155467e-002 -4.6846529714e-002 -1.1611088377e+000
0 0 0
2 0 163 -22.1100 -31.3300 1 163 -89.6700 -54.5600
-3.3286155467e-002 -4.6846529714e-002 -1.1611088377e+000
0 0 0
2 0 164 -22.1100 -31.3300 1 164 -89.6700 -54.5600
-3.3118439164e-002 -4.6743804171e-002 -1.1612592461e+000
0 0 0
2 0 165 -22.0000 -31.2000 1 165 -89.6700 -54.5600
-3.2988128277e-002 -4.6872315103e-002 -1.1613590954e+000
0 0 0
2 0 166 -21.9100 -31.3600 1 166 -89.6700 -54.5600
-3.2988128277e-002 -4.6872315103e-002 -1.1613590954e+000
0 0 0
2 0 167 -21.9100 -31.3600 1 167 -89.6700 -54.5600
-3.2988128277e-002 -4.6872315103e-002 -1.1613590954e+000
0 0 0
2 0 168 -21.9100 -31.3600 1 168 -89.6700 -54.5600
-3.2988128277e-002 -4.6872315103e-002 -1.1613590954e+000
0 0 0
2 0 169 -21.9100 -31.3600 1 169 -89.6700 -54.5600
-3.2969983990e-002 -4.7001771966e-002 -1.1611691861e+000
0 0 0
2 0 170 -21.9100 -31.3600 1 170 -89.6200 -54.7500
-3.3088559528e-002 -4.7035124744e-002 -1.1606977634e+000
0 0 0
2 0 171 -22.0000 -31.5000 1 171 -89.4300 -54.7100
-3.2710643534e-002 -4.6901784744e-002 -1.1610284624e+000
0 0 0
2 0 172 -21.7500 -31.3300 1 172 -89.4300 -54.7100
-3.2726799403e-002 -4.7096514598e-002 -1.1614012083e+000
0 0 0
2 0 173 -21.7500 -31.3300 1 173 -89.6700 -54.8900
-3.2458593018e-002 -4.7300259774e-002 -1.1607820728e+000
0 0 0
2 0 174 -21.6000 -31.6000 1 174 -89.2900 -55.0000
-3.2707748926e-002 -4.7046366527e-002 -1.1610791934e+000
0 0 0
2 0 175 -21.7500 -31.3300 1 175 -89.5000 -54.8800
-3.2879668568e-002 -4.7199335565e-002 -1.1612633740e+000
0 0 0
2 0 176 -21.8500 -31.4600 1 176 -89.6700 -54.8900
-3.2458593018e-002 -4.7300259774e-002 -1.1607820728e+000
0 0 0
2 0 177 -21.6000 -31.6000 1 177 -89.2900 -55.0000
-3.2509585627e-002 -4.7313544603e-002 -1.1615673276e+000
0 0 0
2 0 178 -21.6000 -31.6000 1 178 -89.6700 -54.8900
-3.2509585627e-002 -4.7313544603e-002 -1.1615673276e+000
0 0 0
2 0 179 -21.6000 -31.6000 1 179 -89.6700 -54.8900
-3.2618939868e-002 -4.7456552090e-002 -1.1614629890e+000
0 0 0
2 0 180 -21.6700 -31.7800 1 180 -89.6700 -54.8900
-3.2592162536e-002 -4.7495994834e-002 -1.1610817276e+000
0 0 0
2 0 181 -21.6700 -31.7800 1 181 -89.5000 -55.0000
-3.2592162536e-002 -4.7495994834e-002 -1.1610817276e+000
0 0 0
2 0 182 -21.6700 -31.7800 1 182 -89.5000 -55.0000
-3.2338533613e-002 -4.7513669036e-002 -1.1612948926e+000
0 0 0
2 0 183 -21.5000 -31.8000 1 183 -89.5000 -55.0000
-3.2144470137e-002 -4.7727915733e-002 -1.1617352338e+000
0 0 0
2 0 184 -21.3600 -31.9100 1 184 -89.6700 -55.1100
-3.2351039385e-002 -4.7638618128e-002 -1.1615677341e+000
0 0 0
2 0 185 -21.5000 -31.8000 1 185 -89.6700 -55.1100
-3.2338533613e-002 -4.7513669036e-002 -1.1612948926e+000
0 0 0
2 0 186 -21.5000 -31.8000 1 186 -89.5000 -55.0000
-3.2469350996e-002 -4.7597888985e-002 -1.1614709360e+000
0 0 0
2 0 187 -21.5800 -31.7500 1 187 -89.6700 -55.1100
-3.2563252147e-002 -4.7725004893e-002 -1.1613809758e+000
0 0 0
2 0 188 -21.6400 -31.9100 1 188 -89.6700 -55.1100
-3.2144470137e-002 -4.7727915733e-002 -1.1617352338e+000
0 0 0
2 0 189 -21.3600 -31.9100 1 189 -89.6700 -55.1100
-3.2144470137e-002 -4.7727915733e-002 -1.1617352338e+000
0 0 0
2 0 190 -21.3600 -31.9100 1 190 -89.6700 -55.1100
-3.2144470137e-002 -4.7727915733e-002 -1.1617352338e+000
0 0 0
2 0 191 -21.3600 -31.9100 1 191 -89.6700 -55.1100
-3.2144470137e-002 -4.7727915733e-002 -1.1617352338e+000
0 0 0
2 0 192 -21.3600 -31.9100 1 192 -89.6700 -55.1100
-3.2547603917e-002 -4.7833355357e-002 -1.1610332502e+000
0 0 0
2 0 193 -21.6400 -32.0900 1 193 -89.5000 -55.1200
-3.3083087548e-002 -4.7757767209e-002 -1.1605864067e+000
0 0 0
2 0 194 -22.0000 -32.0000 1 194 -89.5000 -55.1200
-3.2523109393e-002 -4.8117121132e-002 -1.1608458933e+000
0 0 0
2 0 195 -21.6400 -32.0900 1 195 -89.5000 -55.5000
-3.2311519711e-002 -4.8046811447e-002 -1.1610306927e+000
0 0 0
2 0 196 -21.5000 -32.0000 1 196 -89.5000 -55.5000
-3.2311519711e-002 -4.8046811447e-002 -1.1610306927e+000
0 0 0
2 0 197 -21.5000 -32.0000 1 197 -89.5000 -55.5000
-3.2311519711e-002 -4.8046811447e-002 -1.1610306927e+000
0 0 0
2 0 198 -21.5000 -32.0000 1 198 -89.5000 -55.5000
-3.2546630826e-002 -4.8115197903e-002 -1.1612024004e+000
0 0 0
2 0 199 -21.6400 -32.0900 1 199 -89.6700 -55.4400
-3.3103545832e-002 -4.7793068325e-002 -1.1609180004e+000
0 0 0
2 0 200 -22.0000 -32.0000 1 200 -89.6700 -55.1100
-3.3103545832e-002 -4.7793068325e-002 -1.1609180004e+000
0 0 0
2 0 201 -22.0000 -32.0000 1 201 -89.6700 -55.1100
-3.3270063061e-002 -4.7583020537e-002 -1.1611132031e+000
0 0 0
2 0 202 -22.1000 -31.8000 1 202 -89.8000 -55.0000
-3.3526783415e-002 -4.7010189209e-002 -1.1615117303e+000
0 0 0
2 0 203 -22.2500 -31.3300 1 203 -90.0000 -54.6700
-3.3670431875e-002 -4.6627521496e-002 -1.1656528457e+000
0 0 0
2 0 204 -22.1700 -31.0000 1 204 -91.8800 -53.8800
-3.4235007655e-002 -4.6326735557e-002 -1.1738924470e+000
0 0 0
2 0 205 -22.1800 -30.8200 1 205 -95.7500 -52.3800
-3.4353947512e-002 -4.9883254833e-002 -1.1803302066e+000
0 0 0
2 0 206 -22.0000 -32.8000 1 206 -99.3800 -53.7500
-2.6322373344e-002 -5.7215062224e-002 -1.1881933915e+000
0 0 0
2 0 207 -16.7000 -37.7000 1 207 -101.0000 -57.5000
-1.5849399659e-002 -6.6197779716e-002 -1.1958734904e+000
0 0 0
2 0 208 -10.0000 -43.0000 1 208 -102.0000 -63.0000
-9.4659884435e-003 -7.3355698688e-002 -1.1993457904e+000
0 0 0
2 0 209 -6.0000 -47.0000 1 209 -102.4300 -67.7100
-2.3033267565e-004 -8.0576464765e-002 -1.2064320874e+000
0 0 0
2 0 210 -0.2000 -51.0000 1 210 -103.3300 -72.1100
6.9225577190e-003 -8.5160297689e-002 -1.2100519141e+000
0 0 0
2 0 211 4.2200 -53.6700 1 211 -103.0000 -75.0000
1.6309322377e-002 -8.8516699553e-002 -1.2151117745e+000
0 0 0
2 0 212 10.0000 -56.0000 1 212 -102.1400 -76.7100
2.4035494006e-002 -9.2632122008e-002 -1.2153700858e+000
0 0 0
2 0 213 14.6700 -58.1100 1 213 -100.1700 -80.1700
3.2828007363e-002 -9.9387784529e-002 -1.2179201455e+000
0 0 0
2 0 214 20.0000 -62.0000 1 214 -99.2000 -84.6000
4.1418464669e-002 -1.0559410799e-001 -1.2205731204e+000
0 0 0
2 0 215 25.2000 -66.0000 1 215 -98.1700 -88.1700
4.9802253361e-002 -1.1018170428e-001 -1.2210228297e+000
0 0 0
2 0 216 30.2500 -68.3800 1 216 -96.1700 -91.8300
6.2252975400e-002 -1.1311758511e-001 -1.2257771653e+000
0 0 0
2 0 217 37.7100 -70.0000 1 217 -94.1700 -93.8300
7.2986850814e-002 -1.1462539899e-001 -1.2243373244e+000
0 0 0
2 0 218 44.2000 -71.0000 1 218 -90.0000 -95.8000
8.6447577137e-002 -1.1397053819e-001 -1.2238870698e+000
0 0 0
2 0 219 52.3300 -70.5600 1 219 -85.0000 -96.7500
9.9149677190e-002 -1.1135619261e-001 -1.2239208210e+000
0 0 0
2 0 220 60.0000 -69.0000 1 220 -80.2000 -96.4000
1.1514706902e-001 -1.0544311395e-001 -1.2219928453e+000
0 0 0
2 0 221 69.7500 -65.6200 1 221 -73.0000 -94.7500
1.2798359028e-001 -1.0023811632e-001 -1.2181735870e+000
0 0 0
2 0 222 77.7100 -62.5700 1 222 -66.3300 -93.6700
1.4026936079e-001 -9.6309945916e-002 -1.2125192782e+000
0 0 0
2 0 223 85.5000 -60.5000 1 223 -59.3300 -93.3300
1.5056296415e-001 -9.5483803925e-002 -1.2120632870e+000
0 0 0
2 0 224 91.8300 -60.1700 1 224 -55.6700 -93.6700
1.5525272289e-001 -9.8333826847e-002 -1.2105674084e+000
0 0 0
2 0 225 94.8000 -62.0000 1 225 -54.0000 -95.7500
1.5696744543e-001 -1.0409298951e-001 -1.2110732169e+000
0 0 0
2 0 226 95.8300 -65.8300 1 226 -54.5000 -98.5000
1.5765149477e-001 -1.1112933609e-001 -1.2148380164e+000
0 0 0
2 0 227 96.0000 -69.7100 1 227 -57.0000 -102.0000
1.5628318224e-001 -1.1758555684e-001 -1.2175634571e+000
0 0 0
2 0 228 95.0000 -73.8800 1 228 -59.5000 -104.5000
1.5326754413e-001 -1.2395928910e-001 -1.2247397757e+000
0 0 0
2 0 229 92.7100 -77.0000 1 229 -64.5000 -107.0000
1.5006124221e-001 -1.2783114472e-001 -1.2292161396e+000
0 0 0
2 0 230 90.5000 -79.0000 1 230 -68.0000 -108.2500
1.4677563876e-001 -1.3256766882e-001 -1.2383355213e+000
0 0 0
2 0 231 88.0000 -81.5000 1 231 -73.5000 -109.0000
1.4077617592e-001 -1.3803782033e-001 -1.2458370282e+000
0 0 0
2 0 232 84.0000 -83.7100 1 232 -79.5000 -111.0000
1.3456612014e-001 -1.4170794703e-001 -1.2521852323e+000
0 0 0
2 0 233 80.0000 -85.7100 1 233 -84.6700 -111.3300
1.2942977194e-001 -1.4513939259e-001 -1.2620050968e+000
0 0 0
2 0 234 76.5000 -86.5000 1 234 -91.0000 -112.0000
1.1841690108e-001 -1.4753724438e-001 -1.2676389073e+000
0 0 0
2 0 235 69.8300 -87.8300 1 235 -97.3300 -111.3300
1.1073419668e-001 -1.4815955214e-001 -1.2774610463e+000
0 0 0
2 0 236 65.0000 -87.5000 1 236 -104.0000 -109.7500
9.9347725528e-002 -1.4762412381e-001 -1.2817861137e+000
0 0 0
2 0 237 58.2900 -86.5700 1 237 -109.6700 -108.3300
8.9464185255e-002 -1.4582974173e-001 -1.2910838466e+000
0 0 0
2 0 238 52.3800 -85.2500 1 238 -116.5000 -105.0000
7.6612831734e-002 -1.4277033735e-001 -1.2936034730e+000
0 0 0
2 0 239 45.0000 -83.0000 1 239 -121.6700 -102.3300
6.4443288528e-002 -1.3888650458e-001 -1.3000887681e+000
0 0 0
2 0 240 38.0000 -80.5000 1 240 -128.0000 -98.2500
5.0014524932e-002 -1.3487932146e-001 -1.3035339037e+000
0 0 0
2 0 241 29.8300 -78.1700 1 241 -134.0000 -94.2500
3.7299441321e-002 -1.3180602777e-001 -1.3033369219e+000
0 0 0
2 0 242 22.6700 -76.3300 1 242 -138.2000 -91.6000
2.3338989301e-002 -1.2832295361e-001 -1.3004103764e+000
0 0 0
2 0 243 14.8000 -74.6000 1 243 -141.7500 -88.7500
1.1581645695e-002 -1.2417783215e-001 -1.3001696535e+000
0 0 0
2 0 244 8.1700 -72.1700 1 244 -145.5000 -85.5000
-2.6326502853e-003 -1.1808039059e-001 -1.2988664279e+000
0 0 0
2 0 245 0.1400 -68.7100 1 245 -149.5000 -81.0000
-1.8960027222e-002 -1.1057200271e-001 -1.2934077796e+000
0 0 0
2 0 246 -9.2000 -64.6000 1 246 -152.5000 -76.0000
-3.3733011138e-002 -1.0221552547e-001 -1.2924075543e+000
0 0 0
2 0 247 -17.5700 -60.2900 1 247 -156.5000 -69.5000
-5.1021618418e-002 -9.1658934388e-002 -1.2869208980e+000
0 0 0
2 0 248 -27.5700 -54.2900 1 248 -159.5000 -62.5000
-6.4688767410e-002 -8.1876873741e-002 -1.2796496975e+000
0 0 0
2 0 249 -35.6700 -48.8900 1 249 -160.4300 -56.2900
-8.0156748696e-002 -7.0814952735e-002 -1.2703303814e+000
0 0 0
2 0 250 -45.0000 -43.0000 1 250 -161.0000 -49.0000
-9.4713995452e-002 -6.1277912048e-002 -1.2583607904e+000
0 0 0
2 0 251 -54.1400 -37.2900 1 251 -160.5000 -43.5000
-1.0463960284e-001 -5.3036256297e-002 -1.2482905561e+000
0 0 0
2 0 252 -60.5700 -33.2900 1 252 -158.8000 -38.0000
-1.1264338618e-001 -4.7372282764e-002 -1.2367037508e+000
0 0 0
2 0 253 -66.1200 -30.1200 1 253 -156.2000 -35.0000
-1.2060538800e-001 -4.2289069943e-002 -1.2234678076e+000
0 0 0
2 0 254 -71.8800 -27.5000 1 254 -152.8600 -32.2900
-1.2608315809e-001 -3.7800402208e-002 -1.2121405123e+000
0 0 0
2 0 255 -76.1200 -24.8800 1 255 -149.3800 -30.2500
-1.3084142702e-001 -3.3629073521e-002 -1.2009473661e+000
0 0 0
2 0 256 -80.0000 -22.2900 1 256 -145.6700 -28.5600
-1.3570300288e-001 -2.7966311211e-002 -1.1863366366e+000
0 0 0
2 0 257 -84.3300 -19.1100 1 257 -140.0000 -26.0000
-1.3967791846e-001 -2.1826302304e-002 -1.1718644900e+000
0 0 0
2 0 258 -88.2500 -14.6700 1 258 -134.0000 -24.0000
-1.4173132726e-001 -1.1519976203e-002 -1.1493266917e+000
0 0 0
2 0 259 -91.8300 -9.0000 1 259 -122.0000 -19.2000
-1.4190417986e-001 -3.4776814957e-003 -1.1311472529e+000
0 0 0
2 0 260 -93.9000 -3.8000 1 260 -111.6700 -16.2200
-1.3872228124e-001 6.6623242081e-003 -1.1134351448e+000
0 0 0
2 0 261 -93.7700 2.8500 1 261 -99.5000 -12.2000
-1.3297444952e-001 1.8774227865e-002 -1.0995771534e+000
0 0 0
2 0 262 -91.5600 12.2500 1 262 -88.0000 -8.0000
-1.2589210930e-001 3.3646649865e-002 -1.0852511290e+000
0 0 0
2 0 263 -88.2900 21.5000 1 263 -74.5000 -0.1200
-1.1747986350e-001 4.9926118143e-002 -1.0773887612e+000
0 0 0
2 0 264 -83.4100 33.1200 1 264 -63.8800 7.8800
-1.0690060229e-001 6.7936163455e-002 -1.0750504959e+000
0 0 0
2 0 265 -76.3800 45.4400 1 265 -54.8800 17.5000
-9.7857249650e-002 8.1226637020e-002 -1.0767921496e+000
0 0 0
2 0 266 -70.0600 55.1200 1 266 -49.8800 23.8800
-9.2625377356e-002 8.7855747862e-002 -1.0765099031e+000
0 0 0
2 0 267 -66.4700 59.3300 1 267 -46.3300 27.4400
-9.2332883373e-002 8.6333669186e-002 -1.0755290220e+000
0 0 0
2 0 268 -66.3300 58.0000 1 268 -45.8900 26.6700
-9.3689261437e-002 7.6954100387e-002 -1.0737257233e+000
0 0 0
2 0 269 -67.4700 52.1300 1 269 -47.4400 20.3300
-9.6706630178e-002 5.9924215190e-002 -1.0733858426e+000
0 0 0
2 0 270 -69.5900 40.4100 1 270 -51.7100 10.0000
-9.9444658948e-002 3.6211962943e-002 -1.0718998174e+000
0 0 0
2 0 271 -71.6100 23.7200 1 271 -56.5000 -4.5000
-1.0033457203e-001 1.2412978506e-002 -1.0725698549e+000
0 0 0
2 0 272 -72.2000 7.4700 1 272 -61.9000 -19.8000
-9.9055278884e-002 -1.4752771114e-002 -1.0729838034e+000
0 0 0
2 0 273 -71.3300 -11.0000 1 273 -67.0000 -37.8000
-9.6528327273e-002 -3.3629747423e-002 -1.0734700005e+000
0 0 0
2 0 274 -69.5600 -24.2500 1 274 -69.8800 -50.1200
-9.3258768327e-002 -5.0840963856e-002 -1.0719896353e+000
0 0 0
2 0 275 -67.4700 -36.1300 1 275 -71.2000 -62.0000
-8.9610148707e-002 -6.4323012008e-002 -1.0716567478e+000
0 0 0
2 0 276 -65.0000 -45.5700 1 276 -72.1800 -71.1800
-8.4600390374e-002 -7.7750847231e-002 -1.0718862007e+000
0 0 0
2 0 277 -61.5300 -55.3300 1 277 -72.8000 -80.0000
-8.0436064883e-002 -8.9733394992e-002 -1.0744716854e+000
0 0 0
2 0 278 -58.4700 -63.3300 1 278 -74.8000 -88.0000
-7.8033273614e-002 -9.8344977556e-002 -1.0787883383e+000
0 0 0
2 0 279 -56.5000 -68.5000 1 279 -77.7800 -93.6700
-7.4434693615e-002 -1.0480295016e-001 -1.0838862303e+000
0 0 0
2 0 280 -53.6400 -73.2100 1 280 -80.0000 -96.8000
-7.1096200862e-002 -1.0841532769e-001 -1.0926391164e+000
0 0 0
2 0 281 -50.7500 -74.3300 1 281 -83.8200 -98.8200
