# Bundle file v0.3
4 282
6.0110230161e+002 1.9449491488e-002 5.7024960539e-004
9.9583231228e-001 -9.4900074878e-003 9.0708023723e-002
1.2512042864e-002 9.9938342728e-001 -3.2805701711e-002
-9.0340769276e-002 3.3803920472e-002 9.9533704863e-001
1.0731349058e-001 -4.0363807246e-002 2.2907355740e-001
5.9143975995e+002 3.7856686806e-002 5.8290240558e-003
5.7876847958e-001 3.1220013396e-001 7.5336453553e-001
-2.6407580443e-001 9.4578931336e-001 -1.8906756529e-001
-7.7155104599e-001 -8.9518998447e-002 6.2983754442e-001
7.6520151087e-001 -2.7097651036e-001 -2.3259481252e-001
5.2448184457e+002 -6.4302057341e-002 3.1876032451e-003
-5.5458183197e-001 -2.9762650428e-001 -7.7708265687e-001
4.7225487992e-001 6.5631692400e-001 -5.8840753195e-001
6.8513817587e-001 -6.9330120382e-001 -2.2342587303e-001
-8.9093830986e-001 -6.6543978529e-001 -9.5005718959e-001
5.3582370125e+002 -1.9577134740e-002 7.3887982798e-002
-9.8096359038e-001 1.9354127008e-001 -1.5881156240e-002
1.3100172931e-001 5.9917201596e-001 -7.8983000843e-001
-1.4334915858e-001 -7.7687493979e-001 -6.1312017310e-001
-9.4719187842e-002 -8.4934167345e-001 -1.3229227016e+000
-1.8356956144e-002 -2.7176560266e-002 -1.1852907610e+000
0 0 0
4 0 0 -11.5000 -18.1200 1 0 -90.1700 -41.8300 2 0 37.6000 4.4000 3 0 -59.0000 63.6100
-1.9060095830e-002 -2.6817127043e-002 -1.1857767715e+000
0 0 0
4 0 1 -12.0000 -18.0000 1 1 -90.8000 -41.4000 2 1 37.8500 4.5400 3 1 -58.3200 64.1600
-1.9376389045e-002 -2.6314911093e-002 -1.1863978692e+000
0 0 0
4 0 2 -12.1200 -17.8800 1 2 -91.0000 -40.7500 2 2 38.2300 4.8500 3 2 -57.8900 64.9400
-2.1979238023e-002 -2.8169759634e-002 -1.1870925473e+000
0 0 0
4 0 3 -14.1100 -19.3300 1 3 -92.5700 -41.2900 2 3 40.1500 3.4600 3 3 -56.1200 64.3300
-2.2350018946e-002 -3.6439103795e-002 -1.1861690076e+000
0 0 0
4 0 4 -14.0000 -24.5000 1 4 -94.0000 -46.5000 2 4 42.0000 -1.2700 3 4 -57.6700 59.6200
-1.9783898672e-002 -4.8073395711e-002 -1.1866300512e+000
0 0 0
4 0 5 -12.0000 -32.0000 1 5 -95.8000 -53.0000 2 5 44.4000 -6.4000 3 5 -63.2900 54.5000
-1.5455431573e-002 -5.7910963023e-002 -1.1867446217e+000
0 0 0
4 0 6 -9.3000 -37.7000 1 6 -95.7100 -60.0000 2 6 45.5900 -10.1200 3 6 -70.0000 50.3800
-1.1381830738e-002 -6.5214006059e-002 -1.1871616194e+000
0 0 0
4 0 7 -6.8000 -42.0000 1 7 -95.6200 -64.7500 2 7 46.4000 -12.4000 3 7 -76.1300 47.3500
-3.5713745719e-003 -7.3849949835e-002 -1.1893170353e+000
0 0 0
4 0 8 -2.1700 -47.0000 1 8 -95.2000 -70.0000 2 8 47.2100 -13.0500 3 8 -86.7200 45.1200
3.2923487054e-003 -8.1908186632e-002 -1.1920180694e+000
0 0 0
4 0 9 2.2900 -52.0000 1 9 -95.0000 -75.2500 2 9 48.4000 -13.6000 3 9 -95.8700 44.1300
1.3183075893e-002 -8.9624939306e-002 -1.1935566356e+000
0 0 0
4 0 10 8.3800 -56.7500 1 10 -92.5000 -80.5000 2 10 47.8500 -13.4600 3 10 -108.1700 42.5700
2.4968894546e-002 -9.8570090800e-002 -1.1953166031e+000
0 0 0
4 0 11 15.8800 -62.1200 1 11 -90.2000 -86.4000 2 11 46.7100 -13.2900 3 11 -123.1200 40.7200
3.4090846653e-002 -1.0579534002e-001 -1.1983931476e+000
0 0 0
4 0 12 21.2000 -66.0000 1 12 -89.3300 -90.6700 2 12 47.2000 -12.2000 3 12 -135.5800 40.1900
4.2677741140e-002 -1.1250742151e-001 -1.2031228694e+000
0 0 0
4 0 13 26.0000 -69.7100 1 13 -88.2500 -94.0000 2 13 49.3700 -10.4700 3 13 -147.7600 41.6800
4.8238346834e-002 -1.1716189340e-001 -1.2085423031e+000
0 0 0
4 0 14 28.6700 -71.8900 1 14 -89.5000 -96.5000 2 14 51.9000 -8.0500 3 14 -156.4200 44.7700
4.9619518865e-002 -1.1872759430e-001 -1.2158280195e+000
0 0 0
4 0 15 28.8800 -72.1200 1 15 -92.0000 -96.0000 2 15 57.5300 -4.0000 3 15 -159.8700 50.1300
4.7920475630e-002 -1.1764682436e-001 -1.2252989210e+000
0 0 0
4 0 16 26.8600 -70.2900 1 16 -95.7500 -94.0000 2 16 65.1000 1.0000 3 16 -159.4100 59.4400
4.3608896736e-002 -1.1449278296e-001 -1.2338059302e+000
0 0 0
4 0 17 23.8300 -67.8300 1 17 -100.0000 -90.0000 2 17 72.4100 5.5900 3 17 -155.0400 68.6000
3.4353444763e-002 -1.0867510833e-001 -1.2423998639e+000
0 0 0
4 0 18 17.5700 -63.7100 1 18 -106.6700 -84.6700 2 18 79.8200 9.1800 3 18 -144.4500 79.4100
2.4109295253e-002 -1.0345633326e-001 -1.2499167052e+000
0 0 0
4 0 19 11.0000 -60.0000 1 19 -112.2000 -79.6000 2 19 88.1000 12.0500 3 19 -132.5500 87.9300
1.2053275749e-002 -9.6635045436e-002 -1.2554053787e+000
0 0 0
4 0 20 4.1700 -56.1700 1 20 -117.0000 -75.2500 2 20 94.3300 14.0000 3 20 -116.7200 96.0000
1.7407922330e-004 -8.9147370300e-002 -1.2593938419e+000
0 0 0
4 0 21 -3.8600 -51.2900 1 21 -122.5000 -68.5000 2 21 98.7900 14.9500 3 21 -102.4800 102.1100
-1.1574684200e-002 -8.0876485984e-002 -1.2621963293e+000
0 0 0
4 0 22 -10.0000 -47.0000 1 22 -127.8000 -61.6000 2 22 101.5600 15.7500 3 22 -87.1300 107.7700
-2.3633509132e-002 -7.2470740549e-002 -1.2626172476e+000
0 0 0
4 0 23 -17.1200 -41.8800 1 23 -131.1400 -56.2900 2 23 103.2100 15.6400 3 23 -71.2900 111.0000
-3.4871485570e-002 -6.4555785604e-002 -1.2608119688e+000
0 0 0
4 0 24 -24.3300 -37.3300 1 24 -134.0000 -50.5000 2 24 103.0000 14.1700 3 24 -57.3900 111.7400
-4.6655073336e-002 -5.6371302572e-002 -1.2568746119e+000
0 0 0
4 0 25 -31.5700 -32.2900 1 25 -135.8000 -46.4000 2 25 101.6000 12.4000 3 25 -42.2600 110.5200
-5.8256529450e-002 -4.7675998848e-002 -1.2511867023e+000
0 0 0
4 0 26 -37.5700 -28.2900 1 26 -137.8300 -39.8300 2 26 98.6700 9.7500 3 26 -27.7600 107.6800
-6.8013111760e-002 -3.9554674667e-002 -1.2433265609e+000
0 0 0
4 0 27 -43.8800 -23.8800 1 27 -137.8300 -33.8300 2 27 94.5400 5.8500 3 27 -16.7100 103.0000
-7.6306097942e-002 -3.3615066424e-002 -1.2347824945e+000
0 0 0
4 0 28 -48.0000 -21.0000 1 28 -137.2000 -30.6000 2 28 90.0000 2.0000 3 28 -6.5200 97.1700
-8.5740984156e-002 -2.6130585684e-002 -1.2235644652e+000
0 0 0
4 0 29 -54.3300 -16.6700 1 29 -136.0000 -26.5000 2 29 84.0000 -2.5000 3 29 3.7000 89.5500
-9.1306201700e-002 -2.0798779806e-002 -1.2147380278e+000
0 0 0
4 0 30 -58.2900 -14.0000 1 30 -134.0000 -23.5000 2 30 78.8000 -6.0000 3 30 9.5500 84.1500
-9.7406229749e-002 -1.5976901994e-002 -1.2024655514e+000
0 0 0
4 0 31 -61.5000 -11.8800 1 31 -131.0000 -21.0000 2 31 72.5500 -10.3600 3 31 16.3000 74.9000
-1.0159862177e-001 -1.2933554707e-002 -1.1907963154e+000
0 0 0
4 0 32 -64.1200 -9.8800 1 32 -128.4300 -20.2900 2 32 66.3000 -14.7000 3 32 20.2000 65.8000
-1.0381215907e-001 -9.4903671611e-003 -1.1787410249e+000
0 0 0
4 0 33 -66.2200 -8.3300 1 33 -122.8600 -19.7100 2 33 59.1100 -19.8900 3 33 22.3300 58.8300
-1.0678427829e-001 -6.6707720598e-003 -1.1663274246e+000
0 0 0
4 0 34 -68.0000 -6.3600 1 34 -119.1700 -19.1700 2 34 52.8800 -23.5000 3 34 24.9000 49.0000
-1.0728270573e-001 -2.8234101810e-003 -1.1558400386e+000
0 0 0
4 0 35 -68.7500 -4.3300 1 35 -113.8300 -18.1700 2 35 46.2900 -26.0000 3 35 25.5000 43.0000
-1.0716604813e-001 6.0379664664e-004 -1.1464661691e+000
0 0 0
4 0 36 -68.8200 -2.1800 1 36 -109.2000 -17.4000 2 36 40.1200 -28.1200 3 36 25.4700 37.7400
-1.0558015076e-001 3.5997350205e-003 -1.1383628861e+000
0 0 0
4 0 37 -68.0900 -0.3600 1 37 -104.0000 -16.5000 2 37 35.0000 -29.2900 3 37 23.8900 33.0600
-1.0269781055e-001 6.3996692416e-003 -1.1298625837e+000
0 0 0
4 0 38 -66.0000 1.0000 1 38 -98.0000 -16.5000 2 38 28.5000 -30.5000 3 38 22.0000 29.0000
-9.9139392466e-002 6.9427215198e-003 -1.1206691073e+000
0 0 0
4 0 39 -64.0000 1.5000 1 39 -92.2900 -18.0000 2 39 22.3000 -32.7000 3 39 18.3000 22.9000
-9.3930906633e-002 5.8363417363e-003 -1.1097640483e+000
0 0 0
4 0 40 -60.0000 0.5000 1 40 -86.0000 -21.0000 2 40 14.0000 -36.2900 3 40 13.5900 15.5900
-8.6349997439e-002 2.6593554640e-003 -1.0977592240e+000
0 0 0
4 0 41 -55.3300 -1.7500 1 41 -77.0000 -26.0000 2 41 6.2900 -40.0000 3 41 6.0500 6.3000
-7.7550425898e-002 -1.3747407475e-003 -1.0870836505e+000
0 0 0
4 0 42 -48.2300 -5.1500 1 42 -69.2000 -31.4000 2 42 -2.5000 -44.1200 3 42 -1.3900 -1.3900
-6.7697896659e-002 -7.5763664618e-003 -1.0792163431e+000
0 0 0
4 0 43 -41.6200 -9.3800 1 43 -62.4300 -37.7100 2 43 -8.8800 -47.5000 3 43 -11.4200 -9.1100
-5.7484348988e-002 -1.4421425365e-002 -1.0750689016e+000
0 0 0
4 0 44 -33.8600 -14.7100 1 44 -56.8300 -44.8300 2 44 -13.8200 -49.1800 3 44 -20.1000 -13.9500
-4.6184104029e-002 -2.1526339350e-002 -1.0728138513e+000
0 0 0
4 0 45 -25.3800 -19.6200 1 45 -52.1400 -51.2900 2 45 -18.0000 -50.8000 3 45 -30.5900 -17.7600
-3.4938542959e-002 -2.7712037676e-002 -1.0717888517e+000
0 0 0
4 0 46 -17.3300 -23.7500 1 46 -47.8300 -57.8300 2 46 -22.1700 -51.0000 3 46 -40.6500 -20.0000
-2.2764198699e-002 -3.3241852242e-002 -1.0716049898e+000
0 0 0
4 0 47 -9.3300 -27.7500 1 47 -44.0000 -62.2900 2 47 -26.7500 -50.3300 3 47 -52.5600 -21.8900
-1.2282909480e-002 -3.8721653289e-002 -1.0725887892e+000
0 0 0
4 0 48 -2.1700 -31.0000 1 48 -41.0000 -67.0000 2 48 -29.4600 -49.8500 3 48 -62.7900 -23.0500
-2.7326952236e-003 -4.3271269997e-002 -1.0736277110e+000
0 0 0
4 0 49 5.0000 -34.1700 1 49 -38.3300 -71.3300 2 49 -32.3600 -48.7900 3 49 -71.1200 -23.4100
7.8688152733e-003 -4.9046804670e-002 -1.0776771350e+000
0 0 0
4 0 50 12.4200 -38.2500 1 50 -37.1700 -74.8300 2 50 -33.8300 -47.0000 3 50 -81.5300 -22.6500
1.6451994523e-002 -5.3797913000e-002 -1.0821820801e+000
0 0 0
4 0 51 18.0000 -40.8300 1 51 -36.8600 -78.2900 2 51 -34.2500 -44.6700 3 51 -90.2400 -21.4100
2.4775680449e-002 -5.8735075786e-002 -1.0869877398e+000
0 0 0
4 0 52 23.5000 -44.0000 1 52 -36.8300 -80.8300 2 52 -34.3600 -42.7900 3 52 -99.0500 -19.9000
3.2426272707e-002 -6.3601806186e-002 -1.0905655883e+000
0 0 0
4 0 53 28.9200 -47.3300 1 53 -36.1700 -84.1700 2 53 -34.7800 -41.1700 3 53 -106.6800 -19.0900
3.7510611945e-002 -6.8435412183e-002 -1.0961646540e+000
0 0 0
4 0 54 31.9000 -49.8000 1 54 -38.0000 -86.5000 2 54 -32.7900 -39.6400 3 54 -113.2100 -17.6300
4.3043613192e-002 -7.3263398515e-002 -1.1015672644e+000
0 0 0
4 0 55 35.5800 -52.9200 1 55 -39.0000 -89.0000 2 55 -30.9300 -37.8600 3 55 -119.6300 -15.8400
4.9513278840e-002 -7.7933991888e-002 -1.1073744743e+000
0 0 0
4 0 56 38.4500 -55.3600 1 56 -40.0000 -91.5000 2 56 -29.7600 -35.4100 3 56 -127.8800 -13.5900
5.6296654893e-002 -8.1705046518e-002 -1.1121299207e+000
0 0 0
4 0 57 42.1800 -57.1800 1 57 -40.0000 -93.5000 2 57 -29.2100 -33.0500 3 57 -135.8900 -11.4400
6.1912633451e-002 -8.5101422942e-002 -1.1171433673e+000
0 0 0
4 0 58 46.1800 -59.1800 1 58 -41.0000 -94.7500 2 58 -28.1100 -31.0600 3 58 -142.3300 -8.6700
6.8039444911e-002 -8.8570189719e-002 -1.1242403659e+000
0 0 0
4 0 59 49.8000 -61.0000 1 59 -42.0000 -96.0000 2 59 -25.3300 -27.0000 3 59 -149.7000 -4.9000
7.2595920625e-002 -9.2596277166e-002 -1.1298191208e+000
0 0 0
4 0 60 52.0000 -63.0000 1 60 -44.0000 -98.0000 2 60 -23.3900 -24.6100 3 60 -156.1100 -2.5600
7.7588842935e-002 -9.7657237804e-002 -1.1347791912e+000
0 0 0
4 0 61 54.8000 -66.0000 1 61 -44.8000 -100.6000 2 61 -21.1900 -23.1000 3 61 -163.1700 -1.0000
8.0981847379e-002 -1.0147396084e-001 -1.1402184743e+000
0 0 0
4 0 62 56.0000 -68.0000 1 62 -46.2000 -101.6000 2 62 -18.0000 -21.1100 3 62 -169.0000 1.0000
8.3638707745e-002 -1.0456018164e-001 -1.1475947689e+000
0 0 0
4 0 63 56.8300 -69.1700 1 63 -49.5000 -102.5000 2 63 -13.9000 -18.1900 3 63 -174.0000 5.5300
8.2845493837e-002 -1.0651755727e-001 -1.1549576075e+000
0 0 0
4 0 64 55.8800 -69.5000 1 64 -53.7500 -102.0000 2 64 -7.3800 -15.0500 3 64 -175.3900 9.0000
8.1585695767e-002 -1.0846071665e-001 -1.1669839842e+000
0 0 0
4 0 65 53.7500 -69.6200 1 65 -58.5000 -101.0000 2 65 2.9100 -10.9100 3 65 -177.2900 18.0000
7.8571973399e-002 -1.0934533263e-001 -1.1765542027e+000
0 0 0
4 0 66 50.2500 -69.6200 1 66 -63.6000 -99.8000 2 66 11.2900 -7.6200 3 66 -176.7500 25.4200
7.3334560512e-002 -1.1011045310e-001 -1.1868120028e+000
0 0 0
4 0 67 45.8800 -68.8800 1 67 -70.0000 -98.0000 2 67 22.0000 -4.1400 3 67 -174.1300 32.1300
6.7583149242e-002 -1.0894771016e-001 -1.1951795623e+000
0 0 0
4 0 68 41.2000 -68.0000 1 68 -74.5000 -95.5000 2 68 30.4700 -2.0000 3 68 -169.5800 40.1900
6.0148539347e-002 -1.0817540214e-001 -1.2036837301e+000
0 0 0
4 0 69 35.8800 -66.5000 1 69 -80.8000 -93.4000 2 69 40.0000 0.0000 3 69 -163.5000 47.0000
5.1711777961e-002 -1.0767545766e-001 -1.2145367885e+000
0 0 0
4 0 70 29.8000 -65.0000 1 70 -89.6000 -89.8000 2 70 51.5000 2.9500 3 70 -157.2900 55.0000
4.4233524854e-002 -1.0566368618e-001 -1.2239331281e+000
0 0 0
4 0 71 25.5700 -63.7100 1 71 -94.2000 -87.6000 2 71 61.6700 6.0000 3 71 -149.3200 64.5000
3.8089326059e-002 -1.0193746573e-001 -1.2314449720e+000
0 0 0
4 0 72 19.8800 -60.1200 1 72 -98.4000 -83.8000 2 72 68.6100 9.3900 3 72 -143.4600 72.6400
3.1767526162e-002 -9.6998485890e-002 -1.2398390267e+000
0 0 0
4 0 73 16.4300 -57.7100 1 73 -103.8000 -78.6000 2 73 75.0000 13.6500 3 73 -135.7800 83.0000
2.5645113005e-002 -9.1782818466e-002 -1.2459081350e+000
0 0 0
4 0 74 12.0000 -53.7100 1 74 -107.8000 -74.4000 2 74 80.0000 17.2700 3 74 -128.4500 90.5900
1.6700740296e-002 -8.4094966368e-002 -1.2524038331e+000
0 0 0
4 0 75 6.1400 -48.7100 1 75 -112.2000 -68.4000 2 75 85.5000 21.0000 3 75 -117.0300 99.7900
8.2058397567e-003 -7.6927387520e-002 -1.2588218877e+000
0 0 0
4 0 76 0.8800 -44.1200 1 76 -116.6000 -62.8000 2 76 91.0000 25.0000 3 76 -106.0700 108.2900
-1.9238534995e-003 -6.7244291369e-002 -1.2649396319e+000
0 0 0
4 0 77 -5.5000 -38.1200 1 77 -121.5000 -55.5000 2 77 95.2900 28.7100 3 77 -92.8200 117.9700
-1.0658854426e-002 -5.8826108495e-002 -1.2701921903e+000
0 0 0
4 0 78 -10.5700 -33.2900 1 78 -125.8300 -48.1700 2 78 99.3100 32.1200 3 78 -81.5200 125.6200
-1.9595732621e-002 -5.0706189475e-002 -1.2744317365e+000
0 0 0
4 0 79 -16.2900 -28.0000 1 79 -129.8300 -42.1700 2 79 102.4000 34.4000 3 79 -70.2600 132.5200
-2.7846013648e-002 -4.3704823108e-002 -1.2774288651e+000
0 0 0
3 0 80 -21.3300 -24.3300 1 80 -132.2000 -37.6000 2 80 104.5000 35.7100
-3.7297693628e-002 -3.8724084566e-002 -1.2771194071e+000
0 0 0
3 0 81 -26.4000 -21.8000 1 81 -135.8600 -33.2900 2 81 105.4300 34.0000
-4.4661780417e-002 -3.7875273253e-002 -1.2732720167e+000
0 0 0
4 0 82 -30.0000 -21.7100 1 82 -137.7100 -32.0000 2 82 105.4300 30.0000 3 82 -39.9600 134.6100
-5.2443577342e-002 -3.9572996347e-002 -1.2674651760e+000
0 0 0
4 0 83 -35.0000 -23.0000 1 83 -139.2000 -32.6000 2 83 104.5000 22.5000 3 83 -32.6700 128.0400
-6.0067098116e-002 -4.3368507274e-002 -1.2603650969e+000
0 0 0
4 0 84 -39.2000 -25.4000 1 84 -141.0000 -35.0000 2 84 103.7100 14.5000 3 84 -25.5700 118.6100
-7.0060382510e-002 -4.9404816616e-002 -1.2498301882e+000
0 0 0
4 0 85 -45.0000 -29.8300 1 85 -143.0000 -38.0000 2 85 102.3800 2.6200 3 85 -16.8800 104.6700
-7.8959896592e-002 -5.5956442057e-002 -1.2388807238e+000
0 0 0
4 0 86 -50.8300 -34.8300 1 86 -144.3300 -42.8900 2 86 100.0000 -8.5000 3 86 -9.0700 90.5900
-8.7477918709e-002 -6.2290779911e-002 -1.2266567295e+000
0 0 0
4 0 87 -55.1700 -38.8300 1 87 -145.5700 -47.7100 2 87 97.7700 -19.1500 3 87 -1.4200 74.1200
-9.4734049533e-002 -6.6714060848e-002 -1.2154223608e+000
0 0 0
4 0 88 -59.1200 -42.1200 1 88 -146.0000 -51.0000 2 88 94.6700 -29.0800 3 88 5.0000 60.7100
-9.9813658480e-002 -7.0340370877e-002 -1.2077132989e+000
0 0 0
4 0 89 -62.8300 -45.1700 1 89 -146.0000 -53.7100 2 89 92.6200 -36.3800 3 89 9.1100 51.7100
-1.0494869706e-001 -7.3549523839e-002 -1.2004361224e+000
0 0 0
4 0 90 -66.0000 -47.8600 1 90 -146.4300 -56.2900 2 90 91.0000 -42.1700 3 90 13.7400 42.5200
-1.0791079314e-001 -7.8132848871e-002 -1.1927619462e+000
0 0 0
4 0 91 -68.0000 -51.0000 1 91 -146.0000 -60.2900 2 91 88.5000 -49.5000 3 91 15.5600 33.4000
-1.0959686489e-001 -8.4459719179e-002 -1.1846359618e+000
0 0 0
4 0 92 -69.1200 -55.8800 1 92 -145.0000 -65.8800 2 92 86.0000 -56.0000 3 92 16.1900 22.3000
-1.1152179526e-001 -8.9241849488e-002 -1.1765445480e+000
0 0 0
4 0 93 -70.0000 -59.2000 1 93 -144.0000 -69.2000 2 93 83.8300 -63.0000 3 93 16.7100 11.8100
-1.1262582580e-001 -9.3880944147e-002 -1.1684771182e+000
0 0 0
4 0 94 -71.0000 -63.0000 1 94 -142.4300 -74.2900 2 94 80.0000 -69.5000 3 94 16.9200 2.9200
-1.1302000688e-001 -9.7978259522e-002 -1.1596636886e+000
0 0 0
4 0 95 -71.5600 -66.6700 1 95 -140.1200 -78.1200 2 95 76.1700 -75.0000 3 95 16.0700 -7.4100
-1.1271344122e-001 -9.9982730442e-002 -1.1504482220e+000
0 0 0
4 0 96 -71.5000 -68.8800 1 96 -136.6700 -81.5600 2 96 70.6700 -80.2500 3 96 15.2000 -15.4400
-1.1198427195e-001 -1.0051097092e-001 -1.1405680045e+000
0 0 0
4 0 97 -71.2000 -70.0000 1 97 -132.0000 -84.0000 2 97 65.0000 -84.0000 3 97 14.1200 -23.7700
-1.1279744954e-001 -9.7418132251e-002 -1.1317006194e+000
0 0 0
4 0 98 -72.0000 -69.0000 1 98 -128.1200 -83.5000 2 98 58.8200 -86.1800 3 98 15.1200 -28.5000
-1.1488612634e-001 -9.3137229257e-002 -1.1222370926e+000
0 0 0
4 0 99 -73.8200 -66.8200 1 99 -123.8800 -82.1200 2 99 53.1800 -88.1800 3 99 17.3700 -33.3300
-1.1823911798e-001 -8.8070759808e-002 -1.1106624092e+000
0 0 0
4 0 100 -76.0000 -64.8000 1 100 -119.3800 -80.3800 2 100 46.1800 -90.8200 3 100 21.2900 -39.0000
-1.2190656498e-001 -8.2270361139e-002 -1.0972269941e+000
0 0 0
4 0 101 -79.2000 -62.0000 1 101 -113.8200 -78.8200 2 101 38.2000 -94.1000 3 101 25.0000 -45.0000
-1.2736036430e-001 -7.5438679955e-002 -1.0845006742e+000
0 0 0
4 0 102 -83.3000 -58.3000 1 102 -109.0000 -76.0000 2 102 31.6700 -96.2200 3 102 30.6800 -50.5900
-1.3176879376e-001 -6.6410893434e-002 -1.0720808051e+000
0 0 0
4 0 103 -87.8200 -53.1800 1 103 -103.1800 -71.8200 2 103 24.0000 -97.2000 3 103 34.9100 -53.3200
-1.3602532524e-001 -5.7280039047e-002 -1.0610671640e+000
0 0 0
4 0 104 -91.0000 -47.8300 1 104 -97.0000 -66.0000 2 104 18.7000 -97.7000 3 104 39.4500 -55.9000
-1.3877691145e-001 -4.7428589253e-002 -1.0465554550e+000
0 0 0
4 0 105 -94.1500 -41.4600 1 105 -90.0000 -62.0000 2 105 8.5000 -98.5000 3 105 42.0000 -59.0000
-1.3858793018e-001 -4.0551910060e-002 -1.0307905143e+000
0 0 0
4 0 106 -95.0000 -37.5700 1 106 -80.0000 -60.0000 2 106 -1.0000 -100.3300 3 106 41.7300 -64.6700
-1.3398718644e-001 -3.5054723271e-002 -1.0133980461e+000
0 0 0
4 0 107 -92.0000 -34.1400 1 107 -68.5000 -59.8000 2 107 -13.8000 -103.0000 3 107 37.5300 -71.3300
-1.2343322406e-001 -3.1427830003e-002 -9.9871268871e-001
0 0 0
4 0 108 -84.3300 -32.0000 1 108 -53.5500 -61.3600 2 108 -24.8000 -104.0000 3 108 28.7100 -76.7100
-1.1208219177e-001 -2.9352654413e-002 -9.8738611207e-001
0 0 0
4 0 109 -75.6200 -31.4400 1 109 -40.6400 -64.0900 2 109 -35.3600 -104.0900 3 109 20.2200 -79.9400
-9.8837635517e-002 -3.0791794355e-002 -9.8225890415e-001
0 0 0
4 0 110 -64.7100 -32.7100 1 110 -32.0000 -67.2000 2 110 -42.8000 -104.0000 3 110 9.2500 -82.5600
-8.8063060607e-002 -3.4911808127e-002 -9.8130204502e-001
0 0 0
4 0 111 -56.2100 -36.0500 1 111 -27.1100 -72.3300 2 111 -47.2000 -104.0000 3 111 0.4000 -83.6000
-7.3845030288e-002 -4.5343462602e-002 -9.8950266043e-001
0 0 0
4 0 112 -44.4700 -43.3500 1 112 -27.3300 -80.1100 2 112 -46.9200 -103.1700 3 112 -12.1200 -83.5900
-5.8535765204e-002 -5.6942779552e-002 -9.9977276820e-001
0 0 0
4 0 113 -33.0000 -51.0000 1 113 -28.6200 -87.6200 2 113 -46.0000 -102.5000 3 113 -27.2200 -82.8300
-4.9790078533e-002 -6.8312864493e-002 -1.0116814509e+000
0 0 0
4 0 114 -26.3600 -58.7900 1 114 -33.2000 -94.0000 2 114 -41.2000 -102.0000 3 114 -36.4000 -81.6000
-4.4160646069e-002 -8.1353159819e-002 -1.0297552349e+000
0 0 0
4 0 115 -22.2900 -67.5000 1 115 -42.8800 -99.7500 2 115 -31.5400 -100.6200 3 115 -43.5600 -77.7500
-3.9311434061e-002 -9.1450253281e-002 -1.0501320744e+000
0 0 0
3 0 116 -19.5800 -72.2500 1 116 -53.0000 -103.0000 2 116 -19.6900 -96.9200
-3.5332867155e-002 -9.7387324777e-002 -1.0675694152e+000
0 0 0
3 0 117 -17.1800 -74.1800 1 117 -60.8600 -103.7100 2 117 -9.6000 -92.4000
-3.2179352017e-002 -1.0028134385e-001 -1.0900181112e+000
0 0 0
3 0 118 -16.1000 -73.8000 1 118 -70.3300 -101.4400 2 118 3.3800 -83.3800
-2.8584153623e-002 -9.9820888796e-002 -1.1111741620e+000
0 0 0
4 0 119 -14.3600 -71.4500 1 119 -78.2900 -96.8600 2 119 15.0700 -71.8600 3 119 -65.3000 -34.6000
-2.7286441780e-002 -9.6725140151e-002 -1.1270195837e+000
0 0 0
4 0 120 -14.1200 -67.8800 1 120 -84.0000 -92.5000 2 120 23.1900 -63.3100 3 120 -66.3200 -19.8400
-2.6996707295e-002 -9.1962462845e-002 -1.1394752469e+000
0 0 0
4 0 121 -14.3600 -62.5500 1 121 -89.1400 -86.2900 2 121 30.1500 -54.5400 3 121 -66.7300 -9.0000
-2.4867972664e-002 -8.3202466947e-002 -1.1530886758e+000
0 0 0
4 0 122 -14.0000 -55.2000 1 122 -91.8300 -79.8300 2 122 35.4700 -42.3300 3 122 -66.9100 7.2200
-2.3638301608e-002 -7.2904712257e-002 -1.1631512079e+000
0 0 0
4 0 123 -13.7800 -48.3300 1 123 -92.8000 -72.6000 2 123 38.2700 -31.3300 3 123 -65.2300 21.7300
-2.4821198958e-002 -6.3275615485e-002 -1.1674691090e+000
0 0 0
4 0 124 -14.8000 -42.0000 1 124 -93.1700 -65.1700 2 124 38.9400 -24.7600 3 124 -62.0000 30.1400
-2.8149006982e-002 -5.5225694957e-002 -1.1688612102e+000
0 0 0
4 0 125 -16.8800 -36.8800 1 125 -94.0000 -59.5000 2 125 38.5600 -21.2500 3 125 -56.8800 35.3300
-3.1450094819e-002 -5.0118356724e-002 -1.1675564519e+000
0 0 0
4 0 126 -19.0000 -34.0000 1 126 -93.5700 -56.2900 2 126 37.6000 -20.4000 3 126 -52.3000 36.9000
-3.2694101031e-002 -4.6294957490e-002 -1.1661002407e+000
0 0 0
4 0 127 -19.7800 -31.6700 1 127 -92.2900 -54.0000 2 127 36.5000 -19.5000 3 127 -50.0900 37.5700
-3.2343197790e-002 -4.5237148522e-002 -1.1647701861e+000
0 0 0
4 0 128 -19.8200 -30.8200 1 128 -91.8300 -53.8300 2 128 35.0000 -19.1100 3 128 -50.3000 36.9000
-3.3367182600e-002 -4.5096700644e-002 -1.1624465730e+000
0 0 0
4 0 129 -20.0000 -30.8000 1 129 -91.0000 -54.0000 2 129 34.2900 -20.5000 3 129 -49.0000 35.0000
-3.3726901133e-002 -4.4779992828e-002 -1.1610288941e+000
0 0 0
4 0 130 -20.0000 -30.8000 1 130 -90.5000 -53.8800 2 130 33.4400 -21.2500 3 130 -48.4500 34.1500
-3.3607624172e-002 -4.4615073179e-002 -1.1597700309e+000
0 0 0
4 0 131 -20.0000 -30.8000 1 131 -90.0000 -54.0000 2 131 32.5000 -21.5000 3 131 -48.5200 33.1700
-3.4691533825e-002 -4.3989177254e-002 -1.1581016438e+000
0 0 0
4 0 132 -20.9000 -30.3000 1 132 -89.8300 -53.8300 2 132 31.6000 -22.4000 3 132 -47.5500 32.1500
-3.5463139491e-002 -4.2961376322e-002 -1.1563178638e+000
0 0 0
4 0 133 -21.2000 -30.0000 1 133 -89.0000 -53.5000 2 133 30.5600 -22.7500 3 133 -46.2500 31.3000
-3.6716358640e-002 -4.1534841076e-002 -1.1552790267e+000
0 0 0
4 0 134 -22.0000 -29.0000 1 134 -88.8600 -52.2900 2 134 30.2300 -23.1500 3 134 -45.0000 31.0000
-3.7438348552e-002 -4.0474501199e-002 -1.1544489530e+000
0 0 0
4 0 135 -22.5000 -28.5000 1 135 -88.4300 -51.7100 2 135 29.7700 -23.1500 3 135 -44.0000 30.8900
-3.8369509128e-002 -3.9330221525e-002 -1.1537410851e+000
0 0 0
4 0 136 -23.1800 -27.8200 1 136 -88.2000 -51.0000 2 136 29.4400 -23.2500 3 136 -42.9100 30.9100
-3.9271651279e-002 -3.8714684181e-002 -1.1536309899e+000
0 0 0
4 0 137 -23.7500 -27.3300 1 137 -88.5000 -50.5000 2 137 29.6400 -23.2100 3 137 -42.0000 30.8900
-3.8739644463e-002 -3.9608515702e-002 -1.1534868970e+000
0 0 0
4 0 138 -23.2000 -28.0000 1 138 -88.5000 -51.1200 2 138 29.5000 -23.5000 3 138 -42.5500 30.3600
-3.7514713060e-002 -4.1222338467e-002 -1.1532046625e+000
0 0 0
4 0 139 -22.1700 -29.0000 1 139 -88.2500 -52.3800 2 139 29.2000 -24.2000 3 139 -43.9100 29.5700
-3.6826823403e-002 -4.3094346775e-002 -1.1531297560e+000
0 0 0
4 0 140 -22.0000 -30.3600 1 140 -88.0000 -53.7100 2 140 29.4100 -24.8800 3 140 -45.0000 28.7100
-3.6379978459e-002 -4.4453832784e-002 -1.1529674879e+000
0 0 0
4 0 141 -21.8200 -31.1800 1 141 -88.1200 -54.5000 2 141 29.5000 -25.5000 3 141 -45.9000 27.8100
-3.6385023785e-002 -4.4610948213e-002 -1.1531276137e+000
0 0 0
4 0 142 -21.8200 -31.1800 1 142 -88.3300 -54.5600 2 142 29.6000 -25.6000 3 142 -46.0000 27.8600
-3.6943533795e-002 -4.4019933204e-002 -1.1535474604e+000
0 0 0
4 0 143 -22.0000 -30.8000 1 143 -88.8000 -54.0000 2 143 29.8600 -25.2900 3 143 -45.2900 28.3800
-3.7139238282e-002 -4.3829413216e-002 -1.1541537078e+000
0 0 0
4 0 144 -22.2500 -30.6700 1 144 -89.0000 -54.0000 2 144 30.2000 -24.8700 3 144 -45.0000 29.0000
-3.7148199161e-002 -4.3992174387e-002 -1.1543656529e+000
0 0 0
4 0 145 -22.1800 -30.8200 1 145 -89.2000 -54.0000 2 145 30.3600 -24.7900 3 145 -45.0000 29.0000
-3.7150904725e-002 -4.4029914773e-002 -1.1545610373e+000
0 0 0
4 0 146 -22.1800 -30.8200 1 146 -89.2000 -54.0000 2 146 30.5600 -24.7500 3 146 -45.0000 29.1400
-3.7090682967e-002 -4.4043108478e-002 -1.1546224360e+000
0 0 0
4 0 147 -22.1800 -30.8200 1 147 -89.2000 -54.0000 2 147 30.5600 -24.7500 3 147 -45.0900 29.2200
-3.7049227170e-002 -4.4144091720e-002 -1.1546167894e+000
0 0 0
4 0 148 -22.0000 -30.8000 1 148 -89.3300 -54.1100 2 148 30.5600 -24.7500 3 148 -45.0900 29.0900
-3.7153752493e-002 -4.4171474903e-002 -1.1544501831e+000
0 0 0
4 0 149 -22.0000 -30.8000 1 149 -89.3300 -54.1100 2 149 30.5000 -25.0000 3 149 -45.0000 29.0000
-3.7209735705e-002 -4.4259000820e-002 -1.1544711998e+000
0 0 0
4 0 150 -22.1700 -31.0000 1 150 -89.3300 -54.1100 2 150 30.5000 -25.0000 3 150 -45.0000 29.0000
-3.6977940645e-002 -4.4348249357e-002 -1.1546205747e+000
0 0 0
4 0 151 -22.0000 -31.0000 1 151 -89.3300 -54.1100 2 151 30.5900 -24.8800 3 151 -45.2700 29.0000
-3.7029192300e-002 -4.4639614189e-002 -1.1547649805e+000
0 0 0
4 0 152 -22.0000 -31.2000 1 152 -89.5700 -54.2900 2 152 30.6700 -25.0000 3 152 -45.2700 29.0000
-3.6880574378e-002 -4.4467578790e-002 -1.1548476746e+000
0 0 0
4 0 153 -22.0000 -31.0000 1 153 -89.3300 -54.1100 2 153 30.7900 -24.9500 3 153 -45.4800 29.1700
-3.6933762540e-002 -4.4627587562e-002 -1.1548357126e+000
0 0 0
4 0 154 -22.0000 -31.2000 1 154 -89.5700 -54.2900 2 154 30.6500 -24.8800 3 154 -45.3800 29.0500
-3.6933762540e-002 -4.4627587562e-002 -1.1548357126e+000
0 0 0
4 0 155 -22.0000 -31.2000 1 155 -89.5700 -54.2900 2 155 30.6500 -24.8800 3 155 -45.3800 29.0500
-3.6810403696e-002 -4.4736804712e-002 -1.1549469311e+000
0 0 0
4 0 156 -22.0000 -31.2000 1 156 -89.5700 -54.2900 2 156 30.7800 -24.8300 3 156 -45.6200 29.0000
-3.6686821670e-002 -4.4714272682e-002 -1.1552985782e+000
0 0 0
4 0 157 -22.0000 -31.2000 1 157 -89.5700 -54.2900 2 157 30.8800 -24.7600 3 157 -45.7400 29.4800
-3.6798406206e-002 -4.4829036975e-002 -1.1552751995e+000
0 0 0
4 0 158 -22.0000 -31.2000 1 158 -89.5700 -54.2900 2 158 31.1200 -24.8200 3 158 -45.6700 29.2400
-3.6618061781e-002 -4.4841921428e-002 -1.1552459330e+000
0 0 0
4 0 159 -22.1100 -31.3300 1 159 -89.5700 -54.2900 2 159 30.8300 -24.7800 3 159 -45.9500 29.3300
-3.6704003683e-002 -4.4881844559e-002 -1.1553246865e+000
0 0 0
4 0 160 -22.1100 -31.3300 1 160 -89.7500 -54.3800 2 160 30.8300 -24.7800 3 160 -45.8300 29.3900
-3.6689851152e-002 -4.5035457073e-002 -1.1554697766e+000
0 0 0
4 0 161 -22.1100 -31.3300 1 161 -89.7500 -54.3800 2 161 31.1200 -24.8200 3 161 -45.9500 29.3300
-3.6664741829e-002 -4.4967624464e-002 -1.1552499317e+000
0 0 0
4 0 162 -22.1100 -31.3300 1 162 -89.6700 -54.5600 2 162 30.8300 -24.7800 3 162 -45.8600 29.2700
-3.6707909165e-002 -4.4973569815e-002 -1.1551710254e+000
0 0 0
4 0 163 -22.1100 -31.3300 1 163 -89.6700 -54.5600 2 163 30.8300 -24.7800 3 163 -45.8100 29.1400
-3.6617505350e-002 -4.5017313089e-002 -1.1553672890e+000
0 0 0
4 0 164 -22.1100 -31.3300 1 164 -89.6700 -54.5600 2 164 30.9400 -24.7600 3 164 -45.9500 29.3300
-3.6577989456e-002 -4.5008975276e-002 -1.1552491488e+000
0 0 0
4 0 165 -22.0000 -31.2000 1 165 -89.6700 -54.5600 2 165 30.9400 -24.7600 3 165 -46.0000 29.1100
-3.6569853409e-002 -4.5143916512e-002 -1.1552766791e+000
0 0 0
4 0 166 -21.9100 -31.3600 1 166 -89.6700 -54.5600 2 166 31.0000 -24.8900 3 166 -46.0000 29.1100
-3.6417644187e-002 -4.5135875621e-002 -1.1551991843e+000
0 0 0
4 0 167 -21.9100 -31.3600 1 167 -89.6700 -54.5600 2 167 30.8300 -24.7800 3 167 -46.2100 29.0000
-3.6417644187e-002 -4.5135875621e-002 -1.1551991843e+000
0 0 0
4 0 168 -21.9100 -31.3600 1 168 -89.6700 -54.5600 2 168 30.8300 -24.7800 3 168 -46.2100 29.0000
-3.6428369864e-002 -4.5169182781e-002 -1.1552656563e+000
0 0 0
4 0 169 -21.9100 -31.3600 1 169 -89.6700 -54.5600 2 169 30.9400 -24.7600 3 169 -46.2100 29.0000
-3.6440965029e-002 -4.5283024472e-002 -1.1551732281e+000
0 0 0
4 0 170 -21.9100 -31.3600 1 170 -89.6200 -54.7500 2 170 30.9000 -25.0000 3 170 -46.2100 29.0000
-3.6517302360e-002 -4.5255165339e-002 -1.1549126981e+000
0 0 0
4 0 171 -22.0000 -31.5000 1 171 -89.4300 -54.7100 2 171 30.7900 -25.0500 3 171 -46.1000 28.8000
-3.6303992737e-002 -4.5228641136e-002 -1.1549960166e+000
0 0 0
4 0 172 -21.7500 -31.3300 1 172 -89.4300 -54.7100 2 172 30.7900 -25.0500 3 172 -46.3000 28.9000
-3.6334569662e-002 -4.5392209752e-002 -1.1551720064e+000
0 0 0
4 0 173 -21.7500 -31.3300 1 173 -89.6700 -54.8900 2 173 30.9000 -25.0000 3 173 -46.3000 28.9000
-3.6172660163e-002 -4.5460071013e-002 -1.1550104768e+000
0 0 0
4 0 174 -21.6000 -31.6000 1 174 -89.2900 -55.0000 2 174 30.7900 -25.0500 3 174 -46.3000 28.9000
-3.6298282202e-002 -4.5319797988e-002 -1.1550332191e+000
0 0 0
4 0 175 -21.7500 -31.3300 1 175 -89.5000 -54.8800 2 175 30.7900 -25.0500 3 175 -46.3000 28.9000
-3.6362228394e-002 -4.5423489587e-002 -1.1551117977e+000
0 0 0
4 0 176 -21.8500 -31.4600 1 176 -89.6700 -54.8900 2 176 30.7900 -25.0500 3 176 -46.3000 28.9000
-3.6172660163e-002 -4.5460071013e-002 -1.1550104768e+000
0 0 0
4 0 177 -21.6000 -31.6000 1 177 -89.2900 -55.0000 2 177 30.7900 -25.0500 3 177 -46.3000 28.9000
-3.6206294683e-002 -4.5539471889e-002 -1.1552898465e+000
0 0 0
4 0 178 -21.6000 -31.6000 1 178 -89.6700 -54.8900 2 178 30.9000 -25.0000 3 178 -46.3800 29.0000
-3.6189182515e-002 -4.5526994948e-002 -1.1553412632e+000
0 0 0
4 0 179 -21.6000 -31.6000 1 179 -89.6700 -54.8900 2 179 30.9400 -24.8900 3 179 -46.3800 29.0000
-3.6207336900e-002 -4.5610401746e-002 -1.1553645157e+000
0 0 0
4 0 180 -21.6700 -31.7800 1 180 -89.6700 -54.8900 2 180 30.9400 -24.8900 3 180 -46.3800 29.0000
-3.6190127941e-002 -4.5639624662e-002 -1.1552350586e+000
0 0 0
4 0 181 -21.6700 -31.7800 1 181 -89.5000 -55.0000 2 181 30.8900 -25.0600 3 181 -46.3800 29.0000
-3.6174587074e-002 -4.5602593251e-002 -1.1551820828e+000
0 0 0
4 0 182 -21.6700 -31.7800 1 182 -89.5000 -55.0000 2 182 30.7900 -25.0500 3 182 -46.3800 29.0000
-3.6125924107e-002 -4.5682891910e-002 -1.1553239601e+000
0 0 0
4 0 183 -21.5000 -31.8000 1 183 -89.5000 -55.0000 2 183 31.0000 -25.0000 3 183 -46.3800 29.0000
-3.5956155955e-002 -4.5910521580e-002 -1.1554440891e+000
0 0 0
4 0 184 -21.3600 -31.9100 1 184 -89.6700 -55.1100 2 184 31.0000 -25.0000 3 184 -46.6200 28.9500
-3.6146377651e-002 -4.5772531833e-002 -1.1553946444e+000
0 0 0
4 0 185 -21.5000 -31.8000 1 185 -89.6700 -55.1100 2 185 31.0000 -25.0000 3 185 -46.3800 29.0000
-3.6131007952e-002 -4.5647392100e-002 -1.1551564890e+000
0 0 0
4 0 186 -21.5000 -31.8000 1 186 -89.5000 -55.0000 2 186 30.7800 -25.1700 3 186 -46.3800 29.0000
-3.6160506060e-002 -4.5713257113e-002 -1.1551862558e+000
0 0 0
4 0 187 -21.5800 -31.7500 1 187 -89.6700 -55.1100 2 187 30.7900 -25.0500 3 187 -46.4100 28.8600
-3.6255780415e-002 -4.5805427901e-002 -1.1551000230e+000
0 0 0
4 0 188 -21.6400 -31.9100 1 188 -89.6700 -55.1100 2 188 30.7800 -25.1700 3 188 -46.3300 28.7600
-3.6029347576e-002 -4.5840655586e-002 -1.1552507023e+000
0 0 0
4 0 189 -21.3600 -31.9100 1 189 -89.6700 -55.1100 2 189 30.7800 -25.1700 3 189 -46.5000 28.9500
-3.6031583127e-002 -4.5865074143e-002 -1.1551922975e+000
0 0 0
4 0 190 -21.3600 -31.9100 1 190 -89.6700 -55.1100 2 190 30.7800 -25.1700 3 190 -46.5200 28.8300
-3.5964552171e-002 -4.5901005985e-002 -1.1552130604e+000
0 0 0
4 0 191 -21.3600 -31.9100 1 191 -89.6700 -55.1100 2 191 30.7800 -25.1700 3 191 -46.6400 28.8200
-3.6046667331e-002 -4.5869560371e-002 -1.1551215466e+000
0 0 0
4 0 192 -21.3600 -31.9100 1 192 -89.6700 -55.1100 2 192 30.7100 -25.2900 3 192 -46.5200 28.8300
-3.6213156374e-002 -4.5945977273e-002 -1.1548212917e+000
0 0 0
4 0 193 -21.6400 -32.0900 1 193 -89.5000 -55.1200 2 193 30.7100 -25.2900 3 193 -46.4300 28.3900
-3.6471774878e-002 -4.5836370220e-002 -1.1547163796e+000
0 0 0
4 0 194 -22.0000 -32.0000 1 194 -89.5000 -55.1200 2 194 30.7100 -25.2900 3 194 -46.2400 28.3300
-3.6176599310e-002 -4.6101148828e-002 -1.1547717176e+000
0 0 0
4 0 195 -21.6400 -32.0900 1 195 -89.5000 -55.5000 2 195 30.6200 -25.3800 3 195 -46.4300 28.3900
-3.6055873138e-002 -4.6114224106e-002 -1.1548498665e+000
0 0 0
4 0 196 -21.5000 -32.0000 1 196 -89.5000 -55.5000 2 196 30.7100 -25.2900 3 196 -46.5500 28.3600
-3.6120613816e-002 -4.6075195384e-002 -1.1548395280e+000
0 0 0
4 0 197 -21.5000 -32.0000 1 197 -89.5000 -55.5000 2 197 30.7100 -25.2900 3 197 -46.4300 28.3900
-3.6055873138e-002 -4.6114224106e-002 -1.1548498665e+000
0 0 0
4 0 198 -21.5000 -32.0000 1 198 -89.5000 -55.5000 2 198 30.7100 -25.2900 3 198 -46.5500 28.3600
-3.6227490106e-002 -4.6166088594e-002 -1.1549558812e+000
0 0 0
4 0 199 -21.6400 -32.0900 1 199 -89.6700 -55.4400 2 199 30.8100 -25.3100 3 199 -46.4300 28.3900
-3.6524825894e-002 -4.5952595528e-002 -1.1549764664e+000
0 0 0
4 0 200 -22.0000 -32.0000 1 200 -89.6700 -55.1100 2 200 30.9300 -25.4000 3 200 -46.2600 28.5200
-3.6547375507e-002 -4.6051821249e-002 -1.1549258387e+000
0 0 0
4 0 201 -22.0000 -32.0000 1 201 -89.6700 -55.1100 2 201 31.0000 -25.5700 3 201 -46.3200 28.4100
-3.6864205058e-002 -4.5812790832e-002 -1.1548538722e+000
0 0 0
4 0 202 -22.1000 -31.8000 1 202 -89.8000 -55.0000 2 202 31.0000 -25.5700 3 202 -45.9100 28.4300
-3.7353890366e-002 -4.5219246480e-002 -1.1556851619e+000
0 0 0
4 0 203 -22.2500 -31.3300 1 203 -90.0000 -54.6700 2 203 31.7700 -24.8500 3 203 -45.0900 29.2200
-3.7146909940e-002 -4.4957359080e-002 -1.1601880187e+000
0 0 0
4 0 204 -22.1700 -31.0000 1 204 -91.8800 -53.8800 2 204 34.1400 -22.7100 3 204 -45.2700 33.0000
-3.6940678431e-002 -4.5327215328e-002 -1.1688252628e+000
0 0 0
4 0 205 -22.1800 -30.8200 1 205 -95.7500 -52.3800 2 205 39.2900 -19.2900 3 205 -46.0000 39.6200
-3.6002076712e-002 -4.9285960254e-002 -1.1776074347e+000
0 0 0
4 0 206 -22.0000 -32.8000 1 206 -99.3800 -53.7500 2 206 45.7300 -16.6700 3 206 -48.0800 44.4400
-2.7339925689e-002 -5.7320182556e-002 -1.1875814805e+000
0 0 0
4 0 207 -16.7000 -37.7000 1 207 -101.0000 -57.5000 2 207 51.1100 -13.1100 3 207 -58.6900 49.2300
-1.6314323751e-002 -6.6866800265e-002 -1.1963013566e+000
0 0 0
4 0 208 -10.0000 -43.0000 1 208 -102.0000 -63.0000 2 208 54.7100 -10.7100 3 208 -72.5400 53.3600
-9.2500254870e-003 -7.4589723195e-002 -1.2027067887e+000
0 0 0
4 0 209 -6.0000 -47.0000 1 209 -102.4300 -67.7100 2 209 58.9000 -9.0000 3 209 -82.1100 55.5200
6.5616319863e-004 -8.2214743131e-002 -1.2109833267e+000
0 0 0
4 0 210 -0.2000 -51.0000 1 210 -103.3300 -72.1100 2 210 62.5600 -5.2500 3 210 -95.0000 60.0000
8.5064941249e-003 -8.7306385601e-002 -1.2160089428e+000
0 0 0
4 0 211 4.2200 -53.6700 1 211 -103.0000 -75.0000 2 211 64.3800 -2.5600 3 211 -105.1900 62.8100
1.8252075125e-002 -9.1564815410e-002 -1.2217371360e+000
0 0 0
4 0 212 10.0000 -56.0000 1 212 -102.1400 -76.7100 2 212 65.8900 1.8900 3 212 -117.3200 66.6800
2.7658449673e-002 -9.6641971867e-002 -1.2256755583e+000
0 0 0
4 0 213 14.6700 -58.1100 1 213 -100.1700 -80.1700 2 213 66.6100 4.6100 3 213 -129.6800 69.0000
3.5890421817e-002 -1.0332577139e-001 -1.2285624508e+000
0 0 0
4 0 214 20.0000 -62.0000 1 214 -99.2000 -84.6000 2 214 67.5300 6.0000 3 214 -140.8100 69.1900
4.4779153369e-002 -1.1041329145e-001 -1.2316876815e+000
0 0 0
4 0 215 25.2000 -66.0000 1 215 -98.1700 -88.1700 2 215 68.5800 7.1100 3 215 -153.7400 69.3900
5.4251484106e-002 -1.1528154787e-001 -1.2344469716e+000
0 0 0
4 0 216 30.2500 -68.3800 1 216 -96.1700 -91.8300 2 216 68.2000 10.2000 3 216 -166.2600 70.6100
6.6321409363e-002 -1.1932301095e-001 -1.2378589677e+000
0 0 0
4 0 217 37.7100 -70.0000 1 217 -94.1700 -93.8300 2 217 66.9100 14.9100 3 217 -181.6200 73.0300
7.8408744931e-002 -1.2064229821e-001 -1.2401272818e+000
0 0 0
4 0 218 44.2000 -71.0000 1 218 -90.0000 -95.8000 2 218 63.6800 21.9500 3 218 -195.0000 76.0000
9.2643053457e-002 -1.2157334833e-001 -1.2420378481e+000
0 0 0
4 0 219 52.3300 -70.5600 1 219 -85.0000 -96.7500 2 219 59.0900 28.7800 3 219 -211.0300 79.4200
1.0629261614e-001 -1.1852656364e-001 -1.2432541984e+000
0 0 0
4 0 220 60.0000 -69.0000 1 220 -80.2000 -96.4000 2 220 52.1500 39.4600 3 220 -223.3400 83.4700
1.2246488945e-001 -1.1290632765e-001 -1.2419694751e+000
0 0 0
4 0 221 69.7500 -65.6200 1 221 -73.0000 -94.7500 2 221 40.8200 50.6100 3 221 -236.1200 87.2400
1.3635503107e-001 -1.0818213556e-001 -1.2384885281e+000
0 0 0
4 0 222 77.7100 -62.5700 1 222 -66.3300 -93.6700 2 222 28.7200 58.8800 3 222 -246.5900 87.8800
1.4848414720e-001 -1.0396382766e-001 -1.2345034331e+000
0 0 0
4 0 223 85.5000 -60.5000 1 223 -59.3300 -93.3300 2 223 17.6400 65.9600 3 223 -254.5100 87.7300
1.5817106944e-001 -1.0382383315e-001 -1.2328752779e+000
0 0 0
4 0 224 91.8300 -60.1700 1 224 -55.6700 -93.6700 2 224 10.9300 70.4100 3 224 -263.4900 87.2600
1.6372064952e-001 -1.0618316679e-001 -1.2328980865e+000
0 0 0
4 0 225 94.8000 -62.0000 1 225 -54.0000 -95.7500 2 225 8.2600 72.5200 3 225 -270.0900 87.1100
1.6741463234e-001 -1.1323278692e-001 -1.2358796582e+000
0 0 0
4 0 226 95.8300 -65.8300 1 226 -54.5000 -98.5000 2 226 11.0700 72.4100 3 226 -279.5500 86.6800
1.6823673192e-001 -1.2084410882e-001 -1.2400580415e+000
0 0 0
4 0 227 96.0000 -69.7100 1 227 -57.0000 -102.0000 2 227 17.0000 71.1200 3 227 -286.6900 86.8400
1.6842830102e-001 -1.2810082977e-001 -1.2447800184e+000
0 0 0
4 0 228 95.0000 -73.8800 1 228 -59.5000 -104.5000 2 228 23.4700 69.7000 3 228 -293.7000 88.0200
1.6578319406e-001 -1.3496432929e-001 -1.2525605618e+000
0 0 0
4 0 229 92.7100 -77.0000 1 229 -64.5000 -107.0000 2 229 34.7100 69.3900 3 229 -298.5100 91.6300
1.6388353503e-001 -1.4032186677e-001 -1.2609473264e+000
0 0 0
4 0 230 90.5000 -79.0000 1 230 -68.0000 -108.2500 2 230 46.0700 70.5500 3 230 -303.7000 97.0800
1.6167037581e-001 -1.4544761852e-001 -1.2693913674e+000
0 0 0
4 0 231 88.0000 -81.5000 1 231 -73.5000 -109.0000 2 231 56.4500 71.4100 3 231 -308.7900 103.5200
1.5643143819e-001 -1.5133785285e-001 -1.2773674454e+000
0 0 0
4 0 232 84.0000 -83.7100 1 232 -79.5000 -111.0000 2 232 69.3700 70.3700 3 232 -310.8700 107.9800
1.5144824278e-001 -1.5575507596e-001 -1.2847235622e+000
0 0 0
4 0 233 80.0000 -85.7100 1 233 -84.6700 -111.3300 2 233 80.8200 69.5700 3 233 -312.1300 113.0900
1.4577836444e-001 -1.5946008890e-001 -1.2929704082e+000
0 0 0
4 0 234 76.5000 -86.5000 1 234 -91.0000 -112.0000 2 234 92.8600 68.7900 3 234 -312.3300 120.3700
1.3620855164e-001 -1.6318569803e-001 -1.3035503161e+000
0 0 0
4 0 235 69.8300 -87.8300 1 235 -97.3300 -111.3300 2 235 110.1500 68.0000 3 235 -308.8500 129.3300
1.2828269139e-001 -1.6358551052e-001 -1.3124253602e+000
0 0 0
4 0 236 65.0000 -87.5000 1 236 -104.0000 -109.7500 2 236 121.9300 68.5500 3 236 -303.6800 139.4600
1.1914577737e-001 -1.6339869965e-001 -1.3197109427e+000
0 0 0
4 0 237 58.2900 -86.5700 1 237 -109.6700 -108.3300 2 237 132.4800 68.1000 3 237 -295.9000 147.5200
1.0855412434e-001 -1.6208197335e-001 -1.3268226151e+000
0 0 0
4 0 238 52.3800 -85.2500 1 238 -116.5000 -105.0000 2 238 143.0400 67.3100 3 238 -284.9700 155.4800
9.6592363254e-002 -1.5781978294e-001 -1.3316851511e+000
0 0 0
4 0 239 45.0000 -83.0000 1 239 -121.6700 -102.3300 2 239 149.5400 66.0000 3 239 -268.5300 162.8800
8.2235396020e-002 -1.5373152863e-001 -1.3362628734e+000
0 0 0
4 0 240 38.0000 -80.5000 1 240 -128.0000 -98.2500 2 240 157.3800 62.8500 3 240 -248.9500 168.9300
6.7943005148e-002 -1.5017435667e-001 -1.3387661532e+000
0 0 0
4 0 241 29.8300 -78.1700 1 241 -134.0000 -94.2500 2 241 162.9600 58.1200 3 241 -229.6500 171.9400
5.3955713439e-002 -1.4543049754e-001 -1.3382805498e+000
0 0 0
4 0 242 22.6700 -76.3300 1 242 -138.2000 -91.6000 2 242 164.9100 53.0900 3 242 -208.1600 172.0400
4.1256958080e-002 -1.4140690227e-001 -1.3360786287e+000
0 0 0
4 0 243 14.8000 -74.6000 1 243 -141.7500 -88.7500 2 243 165.0000 47.2900 3 243 -189.3500 169.5700
2.6932771131e-002 -1.3612032657e-001 -1.3321483247e+000
0 0 0
4 0 244 8.1700 -72.1700 1 244 -145.5000 -85.5000 2 244 164.1300 40.6500 3 244 -167.0000 165.1600
1.3050368566e-002 -1.2994531485e-001 -1.3282006702e+000
0 0 0
4 0 245 0.1400 -68.7100 1 245 -149.5000 -81.0000 2 245 162.0000 34.1400 3 245 -146.2900 161.6900
-3.7527097663e-003 -1.2078570483e-001 -1.3227417599e+000
0 0 0
4 0 246 -9.2000 -64.6000 1 246 -152.5000 -76.0000 2 246 159.1900 29.1000 3 246 -119.8500 157.0000
-1.9753286906e-002 -1.1153671486e-001 -1.3165655417e+000
0 0 0
4 0 247 -17.5700 -60.2900 1 247 -156.5000 -69.5000 2 247 155.0000 23.0000 3 247 -95.9500 152.2100
-3.7820562873e-002 -9.9723445166e-002 -1.3083386869e+000
0 0 0
4 0 248 -27.5700 -54.2900 1 248 -159.5000 -62.5000 2 248 150.0000 18.0000 3 248 -69.0900 145.4800
-5.0661870774e-002 -8.9337582686e-002 -1.2988824373e+000
0 0 0
4 0 249 -35.6700 -48.8900 1 249 -160.4300 -56.2900 2 249 142.3300 12.0000 3 249 -51.0000 139.0000
-6.9412155834e-002 -7.5711215960e-002 -1.2840011943e+000
0 0 0
4 0 250 -45.0000 -43.0000 1 250 -161.0000 -49.0000 2 250 132.8800 5.4100 3 250 -24.3500 126.8800
-8.4767064562e-002 -6.4632686000e-002 -1.2691700911e+000
0 0 0
4 0 251 -54.1400 -37.2900 1 251 -160.5000 -43.5000 2 251 124.4000 -0.4000 3 251 -4.4800 114.3800
-9.6320825137e-002 -5.5330853412e-002 -1.2536347703e+000
0 0 0
4 0 252 -60.5700 -33.2900 1 252 -158.8000 -38.0000 2 252 114.5000 -7.7100 3 252 9.4600 102.6400
-1.0633269406e-001 -4.8646358451e-002 -1.2376193826e+000
0 0 0
4 0 253 -66.1200 -30.1200 1 253 -156.2000 -35.0000 2 253 106.2700 -13.7300 3 253 21.1200 88.6700
-1.1402607864e-001 -4.2521335478e-002 -1.2221494350e+000
0 0 0
4 0 254 -71.8800 -27.5000 1 254 -152.8600 -32.2900 2 254 96.9200 -20.5400 3 254 28.8000 77.4400
-1.2080288029e-001 -3.7278854244e-002 -1.2071070074e+000
0 0 0
4 0 255 -76.1200 -24.8800 1 255 -149.3800 -30.2500 2 255 88.7500 -26.3300 3 255 35.6800 65.9500
-1.2703357683e-001 -3.2604161108e-002 -1.1923775210e+000
0 0 0
4 0 256 -80.0000 -22.2900 1 256 -145.6700 -28.5600 2 256 81.3800 -31.6200 3 256 41.7600 54.6000
-1.3211216053e-001 -2.6010849506e-002 -1.1758778051e+000
0 0 0
4 0 257 -84.3300 -19.1100 1 257 -140.0000 -26.0000 2 257 71.5000 -36.8800 3 257 46.1800 44.4500
-1.3706017414e-001 -1.9289683616e-002 -1.1569235983e+000
0 0 0
4 0 258 -88.2500 -14.6700 1 258 -134.0000 -24.0000 2 258 60.8000 -42.0000 3 258 50.0000 31.8600
-1.4040855250e-001 -7.9400655712e-003 -1.1334980248e+000
0 0 0
4 0 259 -91.8300 -9.0000 1 259 -122.0000 -19.2000 2 259 46.2000 -47.0000 3 259 53.0000 20.8600
-1.4209321994e-001 2.3026415644e-004 -1.1123072482e+000
0 0 0
4 0 260 -93.9000 -3.8000 1 260 -111.6700 -16.2200 2 260 34.2000 -51.0000 3 260 53.6200 9.0000
-1.4042125615e-001 1.0344480848e-002 -1.0951894423e+000
0 0 0
4 0 261 -93.7700 2.8500 1 261 -99.5000 -12.2000 2 261 23.3800 -52.2500 3 261 52.2100 2.8400
-1.3675286354e-001 2.2297381794e-002 -1.0782406072e+000
0 0 0
4 0 262 -91.5600 12.2500 1 262 -88.0000 -8.0000 2 262 10.1200 -51.8800 3 262 49.5300 -2.0000
-1.3081372247e-001 3.6879909186e-002 -1.0654674247e+000
0 0 0
4 0 263 -88.2900 21.5000 1 263 -74.5000 -0.1200 2 263 -1.2000 -48.0000 3 263 45.6700 -2.0000
-1.2314339018e-001 5.2086991538e-002 -1.0586778200e+000
0 0 0
4 0 264 -83.4100 33.1200 1 264 -63.8800 7.8800 2 264 -10.0000 -41.7100 3 264 40.4400 1.7500
-1.1417038790e-001 6.8837407618e-002 -1.0574676970e+000
0 0 0
4 0 265 -76.3800 45.4400 1 265 -54.8800 17.5000 2 265 -16.5000 -31.8800 3 265 36.0000 9.0000
-1.0581579378e-001 8.1229528862e-002 -1.0601284062e+000
0 0 0
4 0 266 -70.0600 55.1200 1 266 -49.8800 23.8800 2 266 -20.4400 -22.6700 3 266 31.5600 16.2500
-1.0062431764e-001 8.7275933045e-002 -1.0617542423e+000
0 0 0
4 0 267 -66.4700 59.3300 1 267 -46.3300 27.4400 2 267 -22.1200 -19.1200 3 267 28.0000 21.0000
-1.0041210975e-001 8.5811238141e-002 -1.0600426234e+000
0 0 0
4 0 268 -66.3300 58.0000 1 268 -45.8900 26.6700 2 268 -23.1700 -20.8300 3 268 27.4100 19.7600
-1.0209244872e-001 7.6997868711e-002 -1.0574314649e+000
0 0 0
4 0 269 -67.4700 52.1300 1 269 -47.4400 20.3300 2 269 -22.0000 -25.7100 3 269 27.5900 13.8800
-1.0486980104e-001 6.1238358958e-002 -1.0565111990e+000
0 0 0
4 0 270 -69.5900 40.4100 1 270 -51.7100 10.0000 2 270 -18.8800 -34.1200 3 270 27.7300 6.6700
-1.0724881634e-001 3.9777123914e-002 -1.0542927680e+000
0 0 0
4 0 271 -71.6100 23.7200 1 271 -56.5000 -4.5000 2 271 -15.7100 -44.0000 3 271 27.2100 -5.0500
-1.0915636047e-001 1.6954607261e-002 -1.0527974912e+000
0 0 0
4 0 272 -72.2000 7.4700 1 272 -61.9000 -19.8000 2 272 -10.8800 -57.5000 3 272 25.5900 -16.7100
-1.0780403103e-001 -7.5871419641e-003 -1.0520209437e+000
0 0 0
4 0 273 -71.3300 -11.0000 1 273 -67.0000 -37.8000 2 273 -7.8800 -67.8800 3 273 21.6700 -30.0000
-1.0598891851e-001 -2.5883761791e-002 -1.0503938042e+000
0 0 0
4 0 274 -69.5600 -24.2500 1 274 -69.8800 -50.1200 2 274 -5.2000 -78.0000 3 274 16.9500 -41.2100
-1.0358613584e-001 -4.1358307845e-002 -1.0490891518e+000
0 0 0
4 0 275 -67.4700 -36.1300 1 275 -71.2000 -62.0000 2 275 -3.9000 -86.2000 3 275 13.3700 -49.5300
-1.0041624399e-001 -5.3798998692e-002 -1.0481247256e+000
0 0 0
4 0 276 -65.0000 -45.5700 1 276 -72.1800 -71.1800 2 276 -3.1800 -92.1800 3 276 8.8100 -57.1000
-9.6279218062e-002 -6.6735958411e-002 -1.0473837342e+000
0 0 0
4 0 277 -61.5300 -55.3300 1 277 -72.8000 -80.0000 2 277 -2.1700 -99.0000 3 277 3.0000 -65.0000
-9.2338403402e-002 -7.7764735604e-002 -1.0497209378e+000
0 0 0
4 0 278 -58.4700 -63.3300 1 278 -74.8000 -88.0000 2 278 -0.3800 -102.6200 3 278 -2.0000 -70.0000
-8.9617931308e-002 -8.5722642215e-002 -1.0537786609e+000
0 0 0
4 0 279 -56.5000 -68.5000 1 279 -77.7800 -93.6700 2 279 2.0000 -104.5000 3 279 -5.6700 -72.0000
-8.5436564912e-002 -9.2721597860e-002 -1.0608189467e+000
0 0 0
4 0 280 -53.6400 -73.2100 1 280 -80.0000 -96.8000 2 280 6.4700 -105.3300 3 280 -10.9100 -71.0900
-8.2082895645e-002 -9.6824014343e-002 -1.0691670769e+000
0 0 0
4 0 281 -50.7500 -74.3300 1 281 -83.8200 -98.8200 2 281 10.8100 -103.3100 3 281 -14.5200 -68.2400
