# Bundle file v0.3
4 110
7.6800000000e+002 0.0000000000e+000 0.0000000000e+000
1.0000000000e+000 0.0000000000e+000 0.0000000000e+000
0.0000000000e+000 1.0000000000e+000 0.0000000000e+000
0.0000000000e+000 0.0000000000e+000 1.0000000000e+000
-0.0000000000e+000 -0.0000000000e+000 -0.0000000000e+000
7.6800000000e+002 0.0000000000e+000 0.0000000000e+000
4.2515610096e-001 3.9254628783e-001 8.1556710437e-001
-3.3512322027e-001 9.0529247343e-001 -2.6103249755e-001
-8.4079409908e-001 -1.6233591548e-001 5.1644199432e-001
7.2110441192e-001 -3.1119754043e-001 -6.1900284162e-001
0 0 0
0 0 0
0 0 0
0 0 0
0 0 0
0 0 0
0 0 0
0 0 0
0 0 0
0 0 0
-1.4183956307e-003 -1.8096924239e-001 -1.0936454166e+000
0 0 0
2 0 0 -1.0000 -127.0000 1 0 -161.5000 -126.0000
-1.4259453709e-003 -1.7681722599e-001 -1.0951260448e+000
0 0 0
2 0 1 -1.0000 -124.0000 1 1 -161.0000 -123.0000
-1.9633350339e-003 -1.7664691687e-001 -1.0966226696e+000
0 0 0
2 0 2 -1.4000 -123.2000 1 2 -162.0000 -123.0000
-7.0692321620e-004 -1.7735374624e-001 -1.0974839703e+000
0 0 0
2 0 3 -0.5000 -124.0000 1 3 -162.0000 -123.0000
7.3304378030e-004 -1.7757125690e-001 -1.0974282678e+000
0 0 0
2 0 4 0.5000 -124.0000 1 4 -161.5000 -123.5000
1.4543051981e-003 -1.7817091733e-001 -1.0987074022e+000
0 0 0
2 0 5 1.0000 -124.2000 1 5 -162.0000 -123.7500
1.8221916038e-003 -1.7863597853e-001 -1.0986591608e+000
0 0 0
2 0 6 1.2500 -124.3800 1 6 -162.0000 -124.2500
1.8004408613e-003 -1.7897412810e-001 -1.0978917652e+000
0 0 0
2 0 7 1.2500 -125.0000 1 7 -161.6700 -124.3300
2.2678012491e-003 -1.7881531626e-001 -1.0983151983e+000
0 0 0
2 0 8 1.5700 -124.7100 1 8 -161.6700 -124.3300
2.3111582050e-003 -1.7834520830e-001 -1.1004418611e+000
0 0 0
2 0 9 1.6000 -124.2000 1 9 -162.5000 -123.5000
1.4686260145e-003 -1.7798981527e-001 -1.0994302010e+000
0 0 0
2 0 10 1.0000 -123.8000 1 10 -162.3300 -123.6700
1.4407796815e-003 -1.7778995441e-001 -1.0979564750e+000
0 0 0
2 0 11 1.0000 -124.2000 1 11 -161.5000 -123.5000
1.4338294575e-003 -1.7734957057e-001 -1.0957541365e+000
0 0 0
2 0 12 1.0000 -124.2000 1 12 -160.3300 -123.6700
1.4462344754e-003 -1.7695842399e-001 -1.0951956998e+000
0 0 0
2 0 13 1.0000 -123.8000 1 13 -160.0000 -123.7500
1.3710451287e-004 -1.7237236556e-001 -1.0962365363e+000
0 0 0
2 0 14 0.0900 -120.6400 1 14 -159.6700 -120.3300
-3.6236676908e-004 -1.6328900701e-001 -1.1063474405e+000
0 0 0
2 0 15 -0.2500 -113.3800 1 15 -162.0000 -112.2500
-2.9312757114e-003 -1.5247482498e-001 -1.1194054594e+000
0 0 0
2 0 16 -2.0000 -104.8000 1 16 -166.0000 -102.2500
-3.2768775531e-003 -1.4591144470e-001 -1.1314419076e+000
0 0 0
2 0 17 -2.2500 -98.6200 1 17 -170.0000 -96.2500
-2.0781589231e-003 -1.3933234357e-001 -1.1465973968e+000
0 0 0
2 0 18 -1.4000 -93.2000 1 18 -174.5000 -89.0000
7.7351459945e-004 -1.3325913304e-001 -1.1606300912e+000
0 0 0
2 0 19 0.5000 -88.0000 1 19 -178.0000 -83.0000
6.5535892465e-003 -1.2706793943e-001 -1.1754602255e+000
0 0 0
2 0 20 4.2900 -83.1400 1 20 -180.5000 -77.0000
1.1668711296e-002 -1.2210086578e-001 -1.1957591443e+000
0 0 0
2 0 21 7.5000 -78.5000 1 21 -186.0000 -71.0000
1.5260638379e-002 -1.2261707913e-001 -1.2114488804e+000
0 0 0
2 0 22 9.6700 -77.6700 1 22 -191.5000 -69.0000
1.4368835402e-002 -1.2612644408e-001 -1.2261406209e+000
0 0 0
2 0 23 9.0000 -79.0000 1 23 -199.0000 -68.0000
9.1553449538e-003 -1.2964915490e-001 -1.2320521364e+000
0 0 0
2 0 24 5.7100 -80.8600 1 24 -204.5000 -68.0000
-2.6853499545e-003 -1.3484465144e-001 -1.2410036219e+000
0 0 0
2 0 25 -1.6700 -83.3300 1 25 -214.5000 -67.5000
-2.2241919294e-002 -1.3702539425e-001 -1.2479688674e+000
0 0 0
2 0 26 -13.7100 -84.0000 1 26 -226.2000 -64.4000
-4.1940485541e-002 -1.3690693746e-001 -1.2560685396e+000
0 0 0
2 0 27 -25.6700 -83.3300 1 27 -238.0000 -59.5000
-6.4067979642e-002 -1.3326521790e-001 -1.2567767282e+000
0 0 0
2 0 28 -39.1700 -81.1700 1 28 -247.0000 -53.2500
-8.5231573088e-002 -1.2787792382e-001 -1.2548665438e+000
0 0 0
2 0 29 -52.1700 -78.1700 1 29 -254.2000 -46.4000
-9.8037004289e-002 -1.2126175848e-001 -1.2537430359e+000
0 0 0
2 0 30 -60.0000 -75.0000 1 30 -257.5000 -39.5000
-1.1501388959e-001 -1.0962932357e-001 -1.2439343506e+000
0 0 0
2 0 31 -71.0000 -67.8000 1 31 -258.0000 -31.5000
-1.2630389279e-001 -9.9323583634e-002 -1.2352136663e+000
0 0 0
2 0 32 -78.5000 -62.1200 1 32 -256.4300 -24.2900
-1.3765403796e-001 -8.6474566143e-002 -1.2225982257e+000
0 0 0
2 0 33 -86.4400 -54.6700 1 33 -252.4300 -16.2900
-1.4628814916e-001 -7.5009894459e-002 -1.2092271459e+000
0 0 0
2 0 34 -92.9100 -47.6400 1 34 -247.2000 -10.0000
-1.5239944663e-001 -6.2262513196e-002 -1.1934713663e+000
0 0 0
2 0 35 -98.0000 -40.8000 1 35 -238.8300 -2.8300
-1.5747385024e-001 -5.0654087382e-002 -1.1754182062e+000
0 0 0
2 0 36 -102.8200 -33.8200 1 36 -229.2900 2.4300
-1.6087168566e-001 -3.6764689525e-002 -1.1505815698e+000
0 0 0
2 0 37 -107.3800 -24.5400 1 37 -215.0000 7.0000
-1.6078607814e-001 -2.4384806397e-002 -1.1287648114e+000
0 0 0
2 0 38 -109.3000 -17.5000 1 38 -200.1700 11.8300
-1.5773191689e-001 -1.1747362251e-002 -1.1085990155e+000
0 0 0
2 0 39 -109.2500 -8.3300 1 39 -185.0000 15.0000
-1.5125236354e-001 1.6454041455e-003 -1.0855914661e+000
0 0 0
2 0 40 -106.9100 0.3600 1 40 -166.0000 18.5000
-1.3906414779e-001 1.3009109576e-002 -1.0678124947e+000
0 0 0
2 0 41 -100.0000 9.2000 1 41 -148.2000 19.0000
-1.2222331809e-001 2.1129238585e-002 -1.0456076196e+000
0 0 0
2 0 42 -89.7500 15.3300 1 42 -127.0000 16.0000
-4.2001835938e-002 -2.6856019704e-003 -1.0351847173e+000
0 0 0
2 0 43 -31.1800 -1.8200 1 43 -97.6700 -20.3300
-3.5312003622e-002 -1.5557047156e-002 -1.0511320333e+000
0 0 0
2 0 44 -25.8200 -11.1800 1 44 -107.0000 -26.7500
-3.4724003995e-002 -2.5646960080e-002 -1.0677901017e+000
0 0 0
2 0 45 -25.0000 -18.2000 1 45 -118.0000 -30.0000
-4.2158053528e-002 -3.4687935549e-002 -1.0823948353e+000
0 0 0
2 0 46 -29.9100 -24.6400 1 46 -130.5000 -31.0000
-7.3773436231e-002 -6.2248780457e-002 -1.1026029555e+000
0 0 0
2 0 47 -51.4000 -43.2000 1 47 -161.0000 -38.0000
-9.4938484026e-002 -8.1689875530e-002 -1.1003075609e+000
0 0 0
2 0 48 -66.2000 -57.8000 1 48 -174.3300 -45.6700
-1.1241393763e-001 -1.0124536260e-001 -1.0929858448e+000
0 0 0
2 0 49 -79.0000 -71.0000 1 49 -184.6700 -57.3300
-1.2901604485e-001 -1.1862945988e-001 -1.0766856616e+000
0 0 0
2 0 50 -92.0000 -85.0000 1 50 -189.4000 -68.8000
-1.4341967318e-001 -1.2822666857e-001 -1.0601864764e+000
0 0 0
2 0 51 -103.9100 -92.6400 1 51 -191.0000 -77.0000
-1.9414947780e-001 -8.0426216495e-002 -9.8542559862e-001
0 0 0
2 0 52 -151.3300 -62.4700 1 52 -158.8000 -50.0000
-1.8837054293e-001 -7.9944607198e-002 -9.8218286369e-001
0 0 0
2 0 53 -147.3100 -62.3100 1 53 -154.0000 -51.7100
-1.8053533450e-001 -8.1889802808e-002 -9.8066428855e-001
0 0 0
2 0 54 -141.3800 -64.1900 1 54 -150.0000 -55.0000
-1.7416224920e-001 -8.3719287975e-002 -9.8027214374e-001
0 0 0
2 0 55 -136.4700 -65.3300 1 55 -147.5000 -58.1200
-1.6359493093e-001 -8.5205603740e-002 -9.8384064672e-001
0 0 0
2 0 56 -127.6900 -66.6900 1 56 -145.0000 -60.2000
-1.4818953212e-001 -8.7380627937e-002 -9.8687249105e-001
0 0 0
2 0 57 -115.3300 -67.9200 1 57 -140.5000 -64.5000
-1.2879780753e-001 -9.3189559522e-002 -9.8762901791e-001
0 0 0
2 0 58 -100.1500 -72.5400 1 58 -134.1700 -72.1700
-1.0877995020e-001 -9.7012450302e-002 -9.9080232965e-001
0 0 0
2 0 59 -84.3100 -75.3100 1 59 -128.5000 -77.8800
-8.8778966807e-002 -9.7371648629e-002 -9.9556224908e-001
0 0 0
2 0 60 -68.4700 -75.3300 1 60 -122.8000 -80.6000
-7.1445430173e-002 -9.4188807827e-002 -9.9702289692e-001
0 0 0
2 0 61 -55.0000 -73.0000 1 61 -115.5000 -81.0000
-6.0556611816e-002 -9.0008303514e-002 -1.0004193412e+000
0 0 0
2 0 62 -46.4700 -69.3300 1 62 -111.8000 -79.6000
-3.9769237842e-002 -8.8480256392e-002 -1.0000138127e+000
0 0 0
2 0 63 -30.5000 -68.5000 1 63 -103.0000 -82.0000
-3.2230637882e-002 -8.9584266995e-002 -9.9148368647e-001
0 0 0
2 0 64 -24.9300 -69.8600 1 64 -96.0000 -86.0000
-2.5901287231e-002 -9.3373730066e-002 -9.7306198985e-001
0 0 0
2 0 65 -20.4700 -73.3300 1 65 -85.2000 -94.6000
-5.3215024637e-002 -1.1621344579e-001 -8.9505386306e-001
0 0 0
2 0 66 -45.6200 -100.3800 1 66 -58.0000 -123.7500
-7.1512429238e-002 -1.2030330766e-001 -8.8956291567e-001
0 0 0
2 0 67 -61.6900 -104.6900 1 67 -62.8300 -125.1700
-9.2204318051e-002 -1.1878532271e-001 -8.8563305349e-001
0 0 0
2 0 68 -79.9100 -103.7800 1 68 -68.0000 -122.0000
-1.1404734083e-001 -1.1202016794e-001 -8.8478560033e-001
0 0 0
2 0 69 -99.0000 -97.1400 1 69 -74.2500 -114.6200
-1.3365032756e-001 -1.0171583096e-001 -8.8879230044e-001
0 0 0
2 0 70 -115.4500 -88.4100 1 70 -81.1800 -101.8200
-1.5649410421e-001 -8.4100508287e-002 -8.9173413062e-001
0 0 0
2 0 71 -134.8500 -71.5400 1 71 -87.1700 -84.8300
-1.7391390420e-001 -5.8512314637e-002 -8.9914417721e-001
0 0 0
2 0 72 -148.5000 -50.5000 1 72 -90.1700 -58.4200
-1.8214761671e-001 -3.0530732645e-002 -9.0824970668e-001
0 0 0
2 0 73 -154.1700 -24.3900 1 73 -90.5600 -35.0000
-1.8426724492e-001 -4.9823293374e-003 -9.2068967723e-001
0 0 0
2 0 74 -153.6900 -4.3100 1 74 -90.0000 -11.0000
-1.7938438458e-001 1.5728544799e-002 -9.3188034522e-001
0 0 0
2 0 75 -147.8600 13.1400 1 75 -88.0000 5.0000
-1.6680479870e-001 2.6870147750e-002 -9.4126095754e-001
0 0 0
2 0 76 -136.1900 22.6200 1 76 -85.0000 11.0000
-1.4662925412e-001 3.2094739834e-002 -9.4947280788e-001
0 0 0
2 0 77 -118.6700 26.4700 1 77 -80.0000 11.0000
-1.2232155539e-001 3.5562433049e-002 -9.5927118927e-001
0 0 0
2 0 78 -98.0000 29.0000 1 78 -75.1700 8.8300
-9.1804180179e-002 4.1539335863e-002 -9.6875521173e-001
0 0 0
2 0 79 -72.8900 33.7800 1 79 -67.5000 6.5000
-1.1978539198e-001 2.9282800658e-002 -8.8071960239e-001
0 0 0
2 0 80 -104.5900 26.5900 1 80 -29.2000 -12.6000
-1.4426376848e-001 3.3318176664e-002 -8.7296572067e-001
0 0 0
2 0 81 -127.1400 31.0000 1 81 -32.2000 -5.6000
-1.6952415116e-001 3.7558277656e-002 -8.6788822542e-001
0 0 0
2 0 82 -150.1600 34.3200 1 82 -36.8000 4.0000
-2.0219758685e-001 4.0643757197e-002 -8.6166397082e-001
0 0 0
2 0 83 -180.3500 37.1700 1 83 -44.4400 14.6700
-2.2037476504e-001 4.2502878634e-002 -8.5976431750e-001
0 0 0
2 0 84 -197.0000 39.0000 1 84 -50.0000 21.2000
-2.3964945400e-001 4.5085305310e-002 -8.6268794789e-001
0 0 0
2 0 85 -213.4700 41.0000 1 85 -59.1800 30.1800
-2.5215074325e-001 4.2230022123e-002 -8.6818421542e-001
0 0 0
2 0 86 -223.0800 37.5400 1 86 -69.1800 33.8200
-2.5830072681e-001 3.2104281918e-002 -8.7920316178e-001
0 0 0
2 0 87 -225.6700 28.3300 1 87 -83.2000 30.0000
-2.6069700946e-001 1.7177443709e-002 -8.9601587057e-001
0 0 0
2 0 88 -223.5300 15.3300 1 88 -101.1800 22.1800
-2.5896873710e-001 1.6164620238e-003 -9.1450128511e-001
0 0 0
2 0 89 -217.5000 1.5000 1 89 -118.0000 13.7300
-2.5177928679e-001 -2.0394372516e-002 -9.3806966384e-001
0 0 0
2 0 90 -206.1500 -16.5400 1 90 -137.5000 -0.5000
-2.4000017479e-001 -4.0266013185e-002 -9.6214913871e-001
0 0 0
2 0 91 -191.5600 -32.2500 1 91 -153.5000 -13.5000
-2.2659782200e-001 -6.3086893626e-002 -9.8879049601e-001
0 0 0
2 0 92 -176.0000 -49.0000 1 92 -170.6700 -28.3300
-2.1338146097e-001 -8.0864214430e-002 -1.0116864249e+000
0 0 0
2 0 93 -162.0000 -61.2000 1 93 -183.3300 -39.6700
-1.9472330274e-001 -9.8751156779e-002 -1.0385394150e+000
0 0 0
2 0 94 -144.0000 -73.0000 1 94 -194.8000 -50.6000
-1.7299317478e-001 -1.1378021266e-001 -1.0642633644e+000
0 0 0
2 0 95 -124.8000 -82.6000 1 95 -202.5000 -59.5000
-1.5018146139e-001 -1.2679900110e-001 -1.0884403426e+000
0 0 0
2 0 96 -106.0000 -89.0000 1 96 -208.2000 -68.4000
-9.8060406103e-002 -1.5242439116e-001 -1.1312044332e+000
0 0 0
2 0 97 -66.6200 -102.7500 1 97 -212.5000 -85.5000
-5.6402371975e-002 -1.7539999944e-001 -1.1614662313e+000
0 0 0
2 0 98 -37.3300 -115.3300 1 98 -214.5000 -100.0000
-1.8306987607e-002 -1.9559792674e-001 -1.1753684417e+000
0 0 0
2 0 99 -12.0000 -127.0000 1 99 -210.0000 -115.0000
-1.0739482948e-002 -2.0956749592e-001 -1.1786520891e+000
0 0 0
2 0 100 -7.0000 -136.5000 1 100 -212.0000 -123.0000
-8.4106169067e-003 -2.2767751348e-001 -1.1759497847e+000
0 0 0
2 0 101 -5.5000 -148.5000 1 101 -215.0000 -135.0000
-9.8417115901e-003 -2.4455768869e-001 -1.1723922828e+000
0 0 0
2 0 102 -6.5000 -158.5000 1 102 -219.2000 -147.4000
-1.1740709038e-002 -2.5362619603e-001 -1.1763760368e+000
0 0 0
2 0 103 -7.7100 -164.0000 1 103 -224.3300 -151.6700
-1.5640859382e-002 -2.5272760628e-001 -1.1861658690e+000
0 0 0
2 0 104 -10.1700 -162.1700 1 104 -230.0000 -148.2500
-2.1966384397e-002 -2.4070421965e-001 -1.1970589464e+000
0 0 0
2 0 105 -14.1700 -152.1700 1 105 -234.2000 -138.4000
-2.7004715472e-002 -2.2492947805e-001 -1.2079014642e+000
0 0 0
2 0 106 -17.2500 -141.0000 1 106 -236.5000 -125.5000
-2.8434275496e-002 -2.0912344707e-001 -1.2163659222e+000
0 0 0
2 0 107 -18.0000 -131.0000 1 107 -236.0000 -113.0000
-2.9558226686e-002 -1.9051176075e-001 -1.2184102487e+000
0 0 0
2 0 108 -18.6700 -119.3300 1 108 -232.0000 -101.0000
-2.9451204651e-002 -1.6556830961e-001 -1.2106490800e+000
0 0 0
2 0 109 -18.7100 -104.5700 1 109 -221.5000 -87.5000
