# Bundle file v0.3
4 110
5.6284522761e+002 -4.9932473248e-002 2.8385311469e-003
9.9601430593e-001 -1.2381079341e-002 8.8330126505e-002
1.2940906439e-002 9.9989962631e-001 -5.7680358754e-003
-8.8249845975e-002 6.8881181519e-003 9.9607455470e-001
9.5200316487e-002 -1.4045564646e-002 2.3243754221e-001
5.5674983797e+002 1.7928240154e-003 5.3551614269e-002
4.1694873718e-001 4.1318501062e-001 8.0958748605e-001
-3.5138246273e-001 8.9472689746e-001 -2.7567035358e-001
-8.3826255759e-001 -1.6953443883e-001 5.1824121661e-001
7.0039037064e-001 -3.3664506953e-001 -3.5921728565e-001
5.4169497773e+002 -5.3718075720e-002 -1.0199535768e-002
-6.5312898761e-001 -3.4021284591e-001 -6.7651884307e-001
4.5399357606e-001 5.3910397424e-001 -7.0940590487e-001
6.0606299874e-001 -7.7046876928e-001 -1.9764998637e-001
-7.4447006878e-001 -8.2498493783e-001 -1.0932151231e+000
5.4201322619e+002 -4.2816595991e-002 -4.3403675046e-003
-9.8347955690e-001 1.8100627274e-001 -2.1657318990e-003
9.8669770398e-002 5.2600511472e-001 -8.4473835932e-001
-1.5176375581e-001 -8.3099659958e-001 -5.3517512452e-001
-5.9303012792e-002 -8.8797902056e-001 -1.3939074557e+000
-2.7175038817e-003 -1.8477949312e-001 -1.0881902404e+000
0 0 0
4 0 0 -1.0000 -127.0000 1 0 -161.5000 -126.0000 2 0 41.3300 -112.6700 3 0 -72.2000 -54.4000
-2.5710242214e-003 -1.8072366661e-001 -1.0901684595e+000
0 0 0
4 0 1 -1.0000 -124.0000 1 1 -161.0000 -123.0000 2 1 41.3300 -109.3300 3 1 -71.5000 -51.5000
-2.9826349252e-003 -1.8052699193e-001 -1.0911132460e+000
0 0 0
4 0 2 -1.4000 -123.2000 1 2 -162.0000 -123.0000 2 2 41.5000 -109.5000 3 2 -71.3300 -50.3300
-1.9012293723e-003 -1.8102802837e-001 -1.0918965722e+000
0 0 0
4 0 3 -0.5000 -124.0000 1 3 -162.0000 -123.0000 2 3 41.5000 -108.5000 3 3 -72.0000 -50.2500
1.0974421586e-004 -1.8194357196e-001 -1.0931310776e+000
0 0 0
4 0 4 0.5000 -124.0000 1 4 -161.5000 -123.5000 2 4 42.0000 -108.0000 3 4 -74.1700 -49.8300
6.3892606670e-004 -1.8267611260e-001 -1.0936731720e+000
0 0 0
4 0 5 1.0000 -124.2000 1 5 -162.0000 -123.7500 2 5 42.1700 -108.1700 3 5 -74.8200 -49.8200
9.4806787107e-004 -1.8305905735e-001 -1.0939080797e+000
0 0 0
4 0 6 1.2500 -124.3800 1 6 -162.0000 -124.2500 2 6 42.2900 -108.0000 3 6 -75.0000 -49.8000
1.3977439822e-003 -1.8344955962e-001 -1.0939175726e+000
0 0 0
4 0 7 1.2500 -125.0000 1 7 -161.6700 -124.3300 2 7 42.1700 -108.1700 3 7 -75.5700 -49.7100
1.9030682757e-003 -1.8334331454e-001 -1.0942163468e+000
0 0 0
4 0 8 1.5700 -124.7100 1 8 -161.6700 -124.3300 2 8 42.0000 -108.0000 3 8 -76.0000 -49.3300
1.6568936229e-003 -1.8286521493e-001 -1.0956157954e+000
0 0 0
4 0 9 1.6000 -124.2000 1 9 -162.5000 -123.5000 2 9 42.5000 -107.5000 3 9 -75.7100 -48.0000
8.1330368702e-004 -1.8241101900e-001 -1.0952137819e+000
0 0 0
4 0 10 1.0000 -123.8000 1 10 -162.3300 -123.6700 2 10 42.7100 -107.4300 3 10 -74.8200 -48.1800
7.5389327703e-004 -1.8230939855e-001 -1.0934070067e+000
0 0 0
4 0 11 1.0000 -124.2000 1 11 -161.5000 -123.5000 2 11 42.0000 -108.0000 3 11 -74.8200 -49.8200
8.9077956974e-004 -1.8148445936e-001 -1.0914763980e+000
0 0 0
4 0 12 1.0000 -124.2000 1 12 -160.3300 -123.6700 2 12 40.5000 -108.5000 3 12 -74.5600 -50.3300
6.2915533481e-004 -1.8079924512e-001 -1.0903212782e+000
0 0 0
4 0 13 1.0000 -123.8000 1 13 -160.0000 -123.7500 2 13 39.6700 -108.6700 3 13 -74.0000 -50.8000
-5.0367905783e-004 -1.7609506273e-001 -1.0918645184e+000
0 0 0
4 0 14 0.0900 -120.6400 1 14 -159.6700 -120.3300 2 14 39.7100 -105.5700 3 14 -72.1200 -47.8800
-4.2057393931e-004 -1.6758908918e-001 -1.1029985754e+000
0 0 0
4 0 15 -0.2500 -113.3800 1 15 -162.0000 -112.2500 2 15 42.8300 -96.8300 3 15 -71.0000 -36.2000
-1.3038497517e-003 -1.5707167818e-001 -1.1195561680e+000
0 0 0
4 0 16 -2.0000 -104.8000 1 16 -166.0000 -102.2500 2 16 48.2900 -84.0000 3 16 -68.8200 -20.1800
-4.0726794197e-005 -1.5099967520e-001 -1.1372865064e+000
0 0 0
4 0 17 -2.2500 -98.6200 1 17 -170.0000 -96.2500 2 17 55.5000 -70.8800 3 17 -68.7700 -5.8500
2.6658642784e-003 -1.4519683398e-001 -1.1548606117e+000
0 0 0
4 0 18 -1.4000 -93.2000 1 18 -174.5000 -89.0000 2 18 61.0000 -60.0000 3 18 -70.7700 9.8500
7.2712985421e-003 -1.3996751325e-001 -1.1727146672e+000
0 0 0
4 0 19 0.5000 -88.0000 1 19 -178.0000 -83.0000 2 19 66.5600 -47.6700 3 19 -74.2300 25.1500
1.6371276470e-002 -1.3465088903e-001 -1.1938147538e+000
0 0 0
3 0 20 4.2900 -83.1400 1 20 -180.5000 -77.0000 2 20 71.9100 -31.3600
2.3563156956e-002 -1.3062297458e-001 -1.2176093353e+000
0 0 0
3 0 21 7.5000 -78.5000 1 21 -186.0000 -71.0000 2 21 79.5000 -15.5000
2.9840177744e-002 -1.3266483393e-001 -1.2391633477e+000
0 0 0
3 0 22 9.6700 -77.6700 1 22 -191.5000 -69.0000 2 22 89.0000 -3.0000
2.9815665036e-002 -1.3696424458e-001 -1.2548671539e+000
0 0 0
3 0 23 9.0000 -79.0000 1 23 -199.0000 -68.0000 2 23 98.2000 3.6000
2.5841314434e-002 -1.4189416461e-001 -1.2663514241e+000
0 0 0
3 0 24 5.7100 -80.8600 1 24 -204.5000 -68.0000 2 24 108.5000 6.5000
1.3593581909e-002 -1.4764025188e-001 -1.2766869221e+000
0 0 0
3 0 25 -1.6700 -83.3300 1 25 -214.5000 -67.5000 2 25 120.9200 5.6700
-8.2971301480e-003 -1.4924525613e-001 -1.2820375487e+000
0 0 0
3 0 26 -13.7100 -84.0000 1 26 -226.2000 -64.4000 2 26 132.5000 0.5000
-3.1054585568e-002 -1.4723147375e-001 -1.2845167039e+000
0 0 0
3 0 27 -25.6700 -83.3300 1 27 -238.0000 -59.5000 2 27 140.0800 -4.6700
-5.6703756209e-002 -1.4294292659e-001 -1.2829131712e+000
0 0 0
3 0 28 -39.1700 -81.1700 1 28 -247.0000 -53.2500 2 28 147.5000 -12.5000
-7.9992024123e-002 -1.3607625372e-001 -1.2775671067e+000
0 0 0
4 0 29 -52.1700 -78.1700 1 29 -254.2000 -46.4000 2 29 150.2500 -19.3300 3 29 -2.6500 103.0500
-9.8347590528e-002 -1.2687316419e-001 -1.2701483971e+000
0 0 0
4 0 30 -60.0000 -75.0000 1 30 -257.5000 -39.5000 2 30 148.8300 -24.8300 3 30 17.0000 99.0000
-1.1404372449e-001 -1.1403054565e-001 -1.2600554340e+000
0 0 0
4 0 31 -71.0000 -67.8000 1 31 -258.0000 -31.5000 2 31 144.5600 -29.6700 3 31 30.8900 94.0000
-1.2650974954e-001 -1.0222381950e-001 -1.2494230033e+000
0 0 0
4 0 32 -78.5000 -62.1200 1 32 -256.4300 -24.2900 2 32 140.0000 -33.0000 3 32 42.7200 88.0600
-1.3909511649e-001 -8.7207127240e-002 -1.2341099425e+000
0 0 0
4 0 33 -86.4400 -54.6700 1 33 -252.4300 -16.2900 2 33 132.0000 -37.0000 3 33 54.3300 80.0000
-1.4900281328e-001 -7.3888103550e-002 -1.2170615635e+000
0 0 0
4 0 34 -92.9100 -47.6400 1 34 -247.2000 -10.0000 2 34 123.0000 -42.0000 3 34 62.7900 70.9500
-1.5603052157e-001 -5.9327770551e-002 -1.1980220285e+000
0 0 0
4 0 35 -98.0000 -40.8000 1 35 -238.8300 -2.8300 2 35 112.0000 -47.0000 3 35 68.3300 62.0000
-1.6248460628e-001 -4.6455912995e-002 -1.1762011683e+000
0 0 0
4 0 36 -102.8200 -33.8200 1 36 -229.2900 2.4300 2 36 101.6000 -52.2000 3 36 73.0700 49.8600
-1.6626615447e-001 -3.1088103204e-002 -1.1487817960e+000
0 0 0
4 0 37 -107.3800 -24.5400 1 37 -215.0000 7.0000 2 37 87.5000 -58.5000 3 37 74.8500 36.4600
-1.6668938240e-001 -1.7100082300e-002 -1.1257267916e+000
0 0 0
4 0 38 -109.3000 -17.5000 1 38 -200.1700 11.8300 2 38 74.1200 -63.1200 3 38 75.0000 27.5000
-1.6436701567e-001 -3.7418487843e-003 -1.1037843049e+000
0 0 0
4 0 39 -109.2500 -8.3300 1 39 -185.0000 15.0000 2 39 62.0000 -66.2500 3 39 72.8500 18.4600
-1.5783961354e-001 1.0943260126e-002 -1.0800541122e+000
0 0 0
4 0 40 -106.9100 0.3600 1 40 -166.0000 18.5000 2 40 46.6700 -68.6700 3 40 68.0000 10.4600
-1.4645131978e-001 2.2270746471e-002 -1.0600392822e+000
0 0 0
4 0 41 -100.0000 9.2000 1 41 -148.2000 19.0000 2 41 33.6000 -69.8000 3 41 59.7500 2.6700
-1.2931206715e-001 3.1664472921e-002 -1.0385655898e+000
0 0 0
4 0 42 -89.7500 15.3300 1 42 -127.0000 16.0000 2 42 16.6700 -70.6700 3 42 49.0000 -3.8300
-4.8102593721e-002 6.1103551395e-003 -1.0284329871e+000
0 0 0
4 0 43 -31.1800 -1.8200 1 43 -97.6700 -20.3300 2 43 -11.3300 -66.6700 3 43 -5.4300 -13.2900
-4.0452512922e-002 -7.7459799210e-003 -1.0449678241e+000
0 0 0
4 0 44 -25.8200 -11.1800 1 44 -107.0000 -26.7500 2 44 -5.3300 -63.3300 3 44 -12.0000 -9.0000
-3.8500677971e-002 -1.8915304427e-002 -1.0638599985e+000
0 0 0
4 0 45 -25.0000 -18.2000 1 45 -118.0000 -30.0000 2 45 4.0000 -59.7500 3 45 -15.2000 -2.0000
-4.4082389239e-002 -2.8137118427e-002 -1.0783569137e+000
0 0 0
4 0 46 -29.9100 -24.6400 1 46 -130.5000 -31.0000 2 46 12.2500 -58.0000 3 46 -13.2900 2.5700
-7.5280105335e-002 -5.6970899551e-002 -1.1015218776e+000
0 0 0
4 0 47 -51.4000 -43.2000 1 47 -161.0000 -38.0000 2 47 41.0000 -66.0000 3 47 4.5000 3.8800
-9.6164175657e-002 -7.6915101399e-002 -1.1000189353e+000
0 0 0
4 0 48 -66.2000 -57.8000 1 48 -174.3300 -45.6700 2 48 53.6000 -79.8000 3 48 16.4600 -5.3800
-1.1936741268e-001 -9.7043608691e-002 -1.0834753009e+000
0 0 0
4 0 49 -79.0000 -71.0000 1 49 -184.6700 -57.3300 2 49 61.6000 -101.8000 3 49 32.4000 -26.2000
-1.3742149332e-001 -1.1333845683e-001 -1.0620815030e+000
0 0 0
4 0 50 -92.0000 -85.0000 1 50 -189.4000 -68.8000 2 50 63.2500 -121.0000 3 50 43.7500 -48.5000
-1.5228184335e-001 -1.2101641601e-001 -1.0435402886e+000
0 0 0
4 0 51 -103.9100 -92.6400 1 51 -191.0000 -77.0000 2 51 62.5000 -132.5000 3 51 54.0900 -65.3600
-2.0338133942e-001 -6.8341733146e-002 -9.6313217961e-001
0 0 0
4 0 52 -151.3300 -62.4700 1 52 -158.8000 -50.0000 2 52 35.0000 -150.0000 3 52 88.9100 -89.6400
-1.9783571089e-001 -6.7820566346e-002 -9.6082428788e-001
0 0 0
4 0 53 -147.3100 -62.3100 1 53 -154.0000 -51.7100 2 53 32.3300 -149.6700 3 53 85.1800 -89.8200
-1.9029190745e-001 -6.9772892492e-002 -9.5954082935e-001
0 0 0
4 0 54 -141.3800 -64.1900 1 54 -150.0000 -55.0000 2 54 29.5000 -149.5000 3 54 80.0000 -90.8000
-1.8422033512e-001 -7.1722065331e-002 -9.5925508504e-001
0 0 0
4 0 55 -136.4700 -65.3300 1 55 -147.5000 -58.1200 2 55 27.6700 -149.6700 3 55 75.8200 -91.1800
-1.7405945038e-001 -7.3755511288e-002 -9.6254249005e-001
0 0 0
4 0 56 -127.6900 -66.6900 1 56 -145.0000 -60.2000 2 56 25.7500 -148.0000 3 56 68.8200 -89.8200
-1.5886676607e-001 -7.6289636817e-002 -9.6705401770e-001
0 0 0
4 0 57 -115.3300 -67.9200 1 57 -140.5000 -64.5000 2 57 22.6700 -144.6700 3 57 58.7100 -87.0000
-1.3981710497e-001 -8.2621281877e-002 -9.6815178928e-001
0 0 0
4 0 58 -100.1500 -72.5400 1 58 -134.1700 -72.1700 2 58 17.5000 -143.5000 3 58 45.2000 -88.0000
-1.1980111156e-001 -8.7034713887e-002 -9.7187991719e-001
0 0 0
4 0 59 -84.3100 -75.3100 1 59 -128.5000 -77.8800 2 59 12.0000 -141.0000 3 59 31.1800 -85.8200
-9.9730565635e-002 -8.8552502719e-002 -9.7799607697e-001
0 0 0
4 0 60 -68.4700 -75.3300 1 60 -122.8000 -80.6000 2 60 7.8300 -135.8300 3 60 17.1800 -81.8200
-8.2470992363e-002 -8.5899786373e-002 -9.8025557685e-001
0 0 0
4 0 61 -55.0000 -73.0000 1 61 -115.5000 -81.0000 2 61 1.5000 -130.5000 3 61 6.0000 -78.0000
-7.0722396302e-002 -8.1873226345e-002 -9.8433886168e-001
0 0 0
4 0 62 -46.4700 -69.3300 1 62 -111.8000 -79.6000 2 62 -3.0000 -124.0000 3 62 -1.5000 -73.5000
-4.9606422280e-002 -8.1075497195e-002 -9.8349083378e-001
0 0 0
4 0 63 -30.5000 -68.5000 1 63 -103.0000 -82.0000 2 63 -12.3300 -120.3300 3 63 -16.0000 -72.0000
-4.3082787110e-002 -8.2006410494e-002 -9.7376259484e-001
0 0 0
4 0 64 -24.9300 -69.8600 1 64 -96.0000 -86.0000 2 64 -18.8200 -123.8200 3 64 -20.1800 -76.8200
-3.7255279179e-002 -8.4734395468e-002 -9.5691024347e-001
0 0 0
4 0 65 -20.4700 -73.3300 1 65 -85.2000 -94.6000 2 65 -27.5000 -130.7000 3 65 -24.0000 -84.8000
-7.1231356207e-002 -1.0263446838e-001 -8.7060287073e-001
0 0 0
4 0 66 -45.6200 -100.3800 1 66 -58.0000 -123.7500 2 66 -44.5000 -180.0000 3 66 -4.0000 -138.8000
-8.8784580279e-002 -1.0552711031e-001 -8.6494269223e-001
0 0 0
4 0 67 -61.6900 -104.6900 1 67 -62.8300 -125.1700 2 67 -39.6000 -186.2000 3 67 6.8600 -144.0000
-1.0940110584e-001 -1.0306247669e-001 -8.6162424505e-001
0 0 0
4 0 68 -79.9100 -103.7800 1 68 -68.0000 -122.0000 2 68 -32.4000 -188.2000 3 68 21.5600 -146.6700
-1.2923063879e-001 -9.6000516235e-002 -8.6174270289e-001
0 0 0
4 0 69 -99.0000 -97.1400 1 69 -74.2500 -114.6200 2 69 -25.8000 -187.6000 3 69 34.0000 -144.8000
-1.4751799417e-001 -8.5965278735e-002 -8.6532954100e-001
0 0 0
4 0 70 -115.4500 -88.4100 1 70 -81.1800 -101.8200 2 70 -19.5000 -184.5000 3 70 46.5000 -140.5000
-1.6868344453e-001 -6.8462627781e-002 -8.7056528848e-001
0 0 0
4 0 71 -134.8500 -71.5400 1 71 -87.1700 -84.8300 2 71 -12.3300 -177.6700 3 71 61.7100 -130.4300
-1.8494502802e-001 -4.4317388752e-002 -8.7745235202e-001
0 0 0
4 0 72 -148.5000 -50.5000 1 72 -90.1700 -58.4200 2 72 -8.4000 -168.2000 3 72 73.2500 -118.3800
-1.9223350670e-001 -1.7275923427e-002 -8.8887818957e-001
0 0 0
4 0 73 -154.1700 -24.3900 1 73 -90.5600 -35.0000 2 73 -6.3300 -153.6700 3 73 79.7500 -101.3800
-1.9415372372e-001 6.7588819775e-003 -9.0113440398e-001
0 0 0
4 0 74 -153.6900 -4.3100 1 74 -90.0000 -11.0000 2 74 -5.5000 -141.0000 3 74 82.0000 -86.8000
-1.8957560007e-001 2.6517087457e-002 -9.1332862568e-001
0 0 0
4 0 75 -147.8600 13.1400 1 75 -88.0000 5.0000 2 75 -5.6700 -129.6700 3 75 80.4400 -72.6700
-1.7683246640e-001 3.7821338631e-002 -9.2475114755e-001
0 0 0
4 0 76 -136.1900 22.6200 1 76 -85.0000 11.0000 2 76 -8.3300 -118.3300 3 76 73.8800 -62.1200
-1.5660777695e-001 4.3290474602e-002 -9.3436695478e-001
0 0 0
4 0 77 -118.6700 26.4700 1 77 -80.0000 11.0000 2 77 -13.5000 -108.5000 3 77 62.5000 -54.5000
-1.3247322860e-001 4.6576073051e-002 -9.4428060599e-001
0 0 0
4 0 78 -98.0000 29.0000 1 78 -75.1700 8.8300 2 78 -19.5000 -99.5000 3 78 48.5000 -47.5000
-1.0441379052e-001 5.1579460215e-002 -9.5365040812e-001
0 0 0
4 0 79 -72.8900 33.7800 1 79 -67.5000 6.5000 2 79 -25.0000 -91.0000 3 79 33.6700 -39.3300
-1.3330747117e-001 4.0179533566e-002 -8.6205899312e-001
0 0 0
4 0 80 -104.5900 26.5900 1 80 -29.2000 -12.6000 2 80 -46.5000 -131.5000 3 80 46.3300 -86.8900
-1.5670308638e-001 4.4345792130e-002 -8.5540870527e-001
0 0 0
4 0 81 -127.1400 31.0000 1 81 -32.2000 -5.6000 2 81 -40.5000 -135.5000 3 81 60.0000 -89.7100
-1.8064200456e-001 4.8093457471e-002 -8.5038694304e-001
0 0 0
4 0 82 -150.1600 34.3200 1 82 -36.8000 4.0000 2 82 -33.5000 -140.5000 3 82 73.0000 -92.2000
-2.1098458683e-001 5.1364651073e-002 -8.4455251111e-001
0 0 0
4 0 83 -180.3500 37.1700 1 83 -44.4400 14.6700 2 83 -26.5000 -144.5000 3 83 90.8000 -96.0000
-2.2792592028e-001 5.2949714819e-002 -8.4306919489e-001
0 0 0
4 0 84 -197.0000 39.0000 1 84 -50.0000 21.2000 2 84 -20.5000 -147.5000 3 84 100.0000 -97.0000
-2.4561888451e-001 5.5450160400e-002 -8.4597234122e-001
0 0 0
4 0 85 -213.4700 41.0000 1 85 -59.1800 30.1800 2 85 -14.3300 -148.0000 3 85 110.2900 -96.0000
-2.5708617732e-001 5.2906723292e-002 -8.5151253548e-001
0 0 0
4 0 86 -223.0800 37.5400 1 86 -69.1800 33.8200 2 86 -8.5000 -148.5000 3 86 117.2900 -95.0000
-2.6321459862e-001 4.3065087449e-002 -8.6156411326e-001
0 0 0
4 0 87 -225.6700 28.3300 1 87 -83.2000 30.0000 2 87 -1.0000 -150.0000 3 87 121.7100 -95.1400
-2.6525232730e-001 2.8899057385e-002 -8.7634823481e-001
0 0 0
4 0 88 -223.5300 15.3300 1 88 -101.1800 22.1800 2 88 5.3300 -150.6700 3 88 123.7100 -94.4300
-2.6416918342e-001 1.3738693929e-002 -8.9405855814e-001
0 0 0
4 0 89 -217.5000 1.5000 1 89 -118.0000 13.7300 2 89 14.5000 -150.5000 3 89 124.5000 -92.5000
-2.5763166923e-001 -7.6740362332e-003 -9.1691050332e-001
0 0 0
4 0 90 -206.1500 -16.5400 1 90 -137.5000 -0.5000 2 90 24.3300 -149.6700 3 90 122.1700 -90.1700
-2.4691002297e-001 -2.7647317181e-002 -9.4045670851e-001
0 0 0
4 0 91 -191.5600 -32.2500 1 91 -153.5000 -13.5000 2 91 33.4000 -148.2000 3 91 117.0900 -86.3600
-2.3409897355e-001 -5.0523118898e-002 -9.6618227294e-001
0 0 0
4 0 92 -176.0000 -49.0000 1 92 -170.6700 -28.3300 2 92 42.0000 -146.2500 3 92 110.5000 -82.1200
-2.2196452883e-001 -6.9456109009e-002 -9.8962318055e-001
0 0 0
4 0 93 -162.0000 -61.2000 1 93 -183.3300 -39.6700 2 93 52.3300 -143.6700 3 93 103.8300 -77.8300
-2.0342376358e-001 -8.8381464909e-002 -1.0174652858e+000
0 0 0
4 0 94 -144.0000 -73.0000 1 94 -194.8000 -50.6000 2 94 60.3300 -138.3300 3 94 92.2000 -69.0000
-1.8190204201e-001 -1.0553196995e-001 -1.0459280216e+000
0 0 0
4 0 95 -124.8000 -82.6000 1 95 -202.5000 -59.5000 2 95 69.5000 -131.0000 3 95 77.6200 -58.7500
-1.5897395551e-001 -1.2066292135e-001 -1.0714074853e+000
0 0 0
4 0 96 -106.0000 -89.0000 1 96 -208.2000 -68.4000 2 96 75.5000 -124.5000 3 96 60.6700 -47.5300
-1.0342155776e-001 -1.5212585114e-001 -1.1240351054e+000
0 0 0
4 0 97 -66.6200 -102.7500 1 97 -212.5000 -85.5000 2 97 89.1700 -103.1700 3 97 15.0000 -24.0000
-5.4468248059e-002 -1.8183923486e-001 -1.1646308950e+000
0 0 0
4 0 98 -37.3300 -115.3300 1 98 -214.5000 -100.0000 2 98 100.1400 -87.2900 3 98 -32.8500 -4.2300
-1.4100395737e-002 -2.0607904764e-001 -1.1833766140e+000
0 0 0
4 0 99 -12.0000 -127.0000 1 99 -210.0000 -115.0000 2 99 103.0000 -78.0000 3 99 -73.3600 1.9100
-5.3231719738e-003 -2.2229959406e-001 -1.1861366279e+000
0 0 0
4 0 100 -7.0000 -136.5000 1 100 -212.0000 -123.0000 2 100 107.0900 -82.3600 3 100 -86.5000 -3.5000
-3.4093974432e-003 -2.4121456384e-001 -1.1816833683e+000
0 0 0
4 0 101 -5.5000 -148.5000 1 101 -215.0000 -135.0000 2 101 111.0000 -94.0000 3 101 -93.5000 -16.5000
-5.3038595946e-003 -2.5899403107e-001 -1.1766710048e+000
0 0 0
4 0 102 -6.5000 -158.5000 1 102 -219.2000 -147.4000 2 102 116.0900 -107.3600 3 102 -97.0700 -30.1400
-7.2461505988e-003 -2.6908437670e-001 -1.1798409476e+000
0 0 0
4 0 103 -7.7100 -164.0000 1 103 -224.3300 -151.6700 2 103 123.0800 -111.6700 3 103 -99.0000 -34.0000
-1.0888794010e-002 -2.6844091189e-001 -1.1901796059e+000
0 0 0
4 0 104 -10.1700 -162.1700 1 104 -230.0000 -148.2500 2 104 130.2900 -106.0000 3 104 -96.2100 -25.9500
-1.6234794667e-002 -2.5654197399e-001 -1.2050848359e+000
0 0 0
4 0 105 -14.1700 -152.1700 1 105 -234.2000 -138.4000 2 105 136.0000 -93.5000 3 105 -88.5000 -6.5000
-2.0766534521e-002 -2.4078048809e-001 -1.2193555481e+000
0 0 0
4 0 106 -17.2500 -141.0000 1 106 -236.5000 -125.5000 2 106 139.6000 -79.1000 3 106 -80.3500 13.7000
-2.2795245711e-002 -2.2424486822e-001 -1.2282632652e+000
0 0 0
4 0 107 -18.0000 -131.0000 1 107 -236.0000 -113.0000 2 107 138.6000 -66.8000 3 107 -74.0000 29.2000
-2.2648372877e-002 -2.0514161362e-001 -1.2342881464e+000
0 0 0
4 0 108 -18.6700 -119.3300 1 108 -232.0000 -101.0000 2 108 134.5600 -54.3300 3 108 -69.3300 43.0000
-2.2564277707e-002 -1.7786836194e-001 -1.2289136412e+000
0 0 0
4 0 109 -18.7100 -104.5700 1 109 -221.5000 -87.5000 2 109 121.5000 -44.5000 3 109 -61.6800 50.1600
