# Bundle file v0.3
4 110
6.6439992303e+002 -9.3060400459e-002 -8.6402212704e-003
9.9930996060e-001 -1.1697887651e-003 -3.7124577370e-002
1.8173563377e-003 9.9984671060e-001 1.7414146831e-002
3.7098515693e-002 -1.7469598969e-002 9.9915890290e-001
-4.6048166061e-002 1.2449634868e-002 8.6775949209e-002
7.5464822563e+002 6.0000821645e-002 1.3275089196e-002
3.9067332849e-001 3.8746195094e-001 8.3501352503e-001
-3.3199211869e-001 9.0535894375e-001 -2.6477616228e-001
-8.5857765143e-001 -1.7377692468e-001 4.8233390603e-001
7.2513734372e-001 -3.2011491976e-001 -7.0541678745e-001
0 0 0
0 0 0
0 0 0
0 0 0
0 0 0
0 0 0
0 0 0
0 0 0
0 0 0
0 0 0
3.8054151125e-003 -1.8516010613e-001 -1.0912051787e+000
0 0 0
2 0 0 -1.0000 -127.0000 1 0 -161.5000 -126.0000
3.7475405069e-003 -1.8075937261e-001 -1.0926947850e+000
0 0 0
2 0 1 -1.0000 -124.0000 1 1 -161.0000 -123.0000
3.1217080694e-003 -1.8057421990e-001 -1.0942218454e+000
0 0 0
2 0 2 -1.4000 -123.2000 1 2 -162.0000 -123.0000
4.4231532560e-003 -1.8129885658e-001 -1.0950221172e+000
0 0 0
2 0 3 -0.5000 -124.0000 1 3 -162.0000 -123.0000
5.9559541754e-003 -1.8152255979e-001 -1.0949287222e+000
0 0 0
2 0 4 0.5000 -124.0000 1 4 -161.5000 -123.5000
6.6742933597e-003 -1.8213935626e-001 -1.0961805478e+000
0 0 0
2 0 5 1.0000 -124.2000 1 5 -162.0000 -123.7500
7.0668879148e-003 -1.8263077501e-001 -1.0961255544e+000
0 0 0
2 0 6 1.2500 -124.3800 1 6 -162.0000 -124.2500
7.0710170749e-003 -1.8299178985e-001 -1.0953486891e+000
0 0 0
2 0 7 1.2500 -125.0000 1 7 -161.6700 -124.3300
7.5525393206e-003 -1.8281871926e-001 -1.0957621453e+000
0 0 0
2 0 8 1.5700 -124.7100 1 8 -161.6700 -124.3300
7.5200681156e-003 -1.8229943141e-001 -1.0978771483e+000
0 0 0
2 0 9 1.6000 -124.2000 1 9 -162.5000 -123.5000
6.6633973404e-003 -1.8194323201e-001 -1.0969080692e+000
0 0 0
2 0 10 1.0000 -123.8000 1 10 -162.3300 -123.6700
6.6878781437e-003 -1.8174239392e-001 -1.0954278241e+000
0 0 0
2 0 11 1.0000 -124.2000 1 11 -161.5000 -123.5000
6.7629229737e-003 -1.8129904340e-001 -1.0932348081e+000
0 0 0
2 0 12 1.0000 -124.2000 1 12 -160.3300 -123.6700
6.7979471440e-003 -1.8089401923e-001 -1.0926875973e+000
0 0 0
2 0 13 1.0000 -123.8000 1 13 -160.0000 -123.7500
5.3738347507e-003 -1.7604594728e-001 -1.0937767233e+000
0 0 0
2 0 14 0.0900 -120.6400 1 14 -159.6700 -120.3300
4.4779882581e-003 -1.6634969850e-001 -1.1038884697e+000
0 0 0
2 0 15 -0.2500 -113.3800 1 15 -162.0000 -112.2500
1.2724453484e-003 -1.5480068509e-001 -1.1169824023e+000
0 0 0
2 0 16 -2.0000 -104.8000 1 16 -166.0000 -102.2500
4.6589344694e-004 -1.4774642535e-001 -1.1289773000e+000
0 0 0
2 0 17 -2.2500 -98.6200 1 17 -170.0000 -96.2500
1.1893021032e-003 -1.4061925390e-001 -1.1439771249e+000
0 0 0
2 0 18 -1.4000 -93.2000 1 18 -174.5000 -89.0000
3.7213992899e-003 -1.3403469261e-001 -1.1578110094e+000
0 0 0
2 0 19 0.5000 -88.0000 1 19 -178.0000 -83.0000
9.3539220607e-003 -1.2729939193e-001 -1.1723483363e+000
0 0 0
2 0 20 4.2900 -83.1400 1 20 -180.5000 -77.0000
1.4086598562e-002 -1.2180116638e-001 -1.1922663171e+000
0 0 0
2 0 21 7.5000 -78.5000 1 21 -186.0000 -71.0000
1.7358435258e-002 -1.2215130140e-001 -1.2076126948e+000
0 0 0
2 0 22 9.6700 -77.6700 1 22 -191.5000 -69.0000
1.5874503154e-002 -1.2567642237e-001 -1.2219896097e+000
0 0 0
2 0 23 9.0000 -79.0000 1 23 -199.0000 -68.0000
1.0082972030e-002 -1.2932991064e-001 -1.2277978863e+000
0 0 0
2 0 24 5.7100 -80.8600 1 24 -204.5000 -68.0000
-2.9195929213e-003 -1.3472059462e-001 -1.2365753232e+000
0 0 0
2 0 25 -1.6700 -83.3300 1 25 -214.5000 -67.5000
-2.4134683427e-002 -1.3696584685e-001 -1.2433922474e+000
0 0 0
2 0 26 -13.7100 -84.0000 1 26 -226.2000 -64.4000
-4.5576396295e-002 -1.3675862943e-001 -1.2511800110e+000
0 0 0
2 0 27 -25.6700 -83.3300 1 27 -238.0000 -59.5000
-6.9381075018e-002 -1.3294583573e-001 -1.2517616045e+000
0 0 0
2 0 28 -39.1700 -81.1700 1 28 -247.0000 -53.2500
-9.2081439155e-002 -1.2733520085e-001 -1.2497701341e+000
0 0 0
2 0 29 -52.1700 -78.1700 1 29 -254.2000 -46.4000
-1.0582843148e-001 -1.2039488390e-001 -1.2485999002e+000
0 0 0
2 0 30 -60.0000 -75.0000 1 30 -257.5000 -39.5000
-1.2375876379e-001 -1.0836291873e-001 -1.2391412389e+000
0 0 0
2 0 31 -71.0000 -67.8000 1 31 -258.0000 -31.5000
-1.3561112088e-001 -9.7667248976e-002 -1.2307777336e+000
0 0 0
2 0 32 -78.5000 -62.1200 1 32 -256.4300 -24.2900
-1.4739170968e-001 -8.4345107442e-002 -1.2187210649e+000
0 0 0
2 0 33 -86.4400 -54.6700 1 33 -252.4300 -16.2900
-1.5621733838e-001 -7.2471149558e-002 -1.2059497917e+000
0 0 0
2 0 34 -92.9100 -47.6400 1 34 -247.2000 -10.0000
-1.6222410699e-001 -5.9208138879e-002 -1.1909446764e+000
0 0 0
2 0 35 -98.0000 -40.8000 1 35 -238.8300 -2.8300
-1.6701737238e-001 -4.7156476428e-002 -1.1736868818e+000
0 0 0
2 0 36 -102.8200 -33.8200 1 36 -229.2900 2.4300
-1.6971256696e-001 -3.2724835760e-002 -1.1498512476e+000
0 0 0
2 0 37 -107.3800 -24.5400 1 37 -215.0000 7.0000
-1.6873041032e-001 -1.9764292932e-002 -1.1288567501e+000
0 0 0
2 0 38 -109.3000 -17.5000 1 38 -200.1700 11.8300
-1.6456979782e-001 -6.4949279267e-003 -1.1092949406e+000
0 0 0
2 0 39 -109.2500 -8.3300 1 39 -185.0000 15.0000
-1.5655360616e-001 7.6280818405e-003 -1.0868347691e+000
0 0 0
2 0 40 -106.9100 0.3600 1 40 -166.0000 18.5000
-1.4255859497e-001 1.9654484758e-002 -1.0692066594e+000
0 0 0
2 0 41 -100.0000 9.2000 1 41 -148.2000 19.0000
-1.2335095600e-001 2.8204034593e-002 -1.0469276511e+000
0 0 0
2 0 42 -89.7500 15.3300 1 42 -127.0000 16.0000
-3.6841640487e-002 2.9166497643e-003 -1.0340884397e+000
0 0 0
2 0 43 -31.1800 -1.8200 1 43 -97.6700 -20.3300
-3.0372730886e-002 -1.0585420940e-002 -1.0499206578e+000
0 0 0
2 0 44 -25.8200 -11.1800 1 44 -107.0000 -26.7500
-3.0420649479e-002 -2.1136541506e-002 -1.0666460365e+000
0 0 0
2 0 45 -25.0000 -18.2000 1 45 -118.0000 -30.0000
-3.8943189016e-002 -3.0618060950e-002 -1.0815235422e+000
0 0 0
2 0 46 -29.9100 -24.6400 1 46 -130.5000 -31.0000
-7.3654857986e-002 -5.9800953075e-002 -1.1024009385e+000
0 0 0
2 0 47 -51.4000 -43.2000 1 47 -161.0000 -38.0000
-9.6339316017e-002 -8.0529552550e-002 -1.1004735478e+000
0 0 0
2 0 48 -66.2000 -57.8000 1 48 -174.3300 -45.6700
-1.1489236907e-001 -1.0142976676e-001 -1.0934266033e+000
0 0 0
2 0 49 -79.0000 -71.0000 1 49 -184.6700 -57.3300
-1.3214472598e-001 -1.2011017324e-001 -1.0775141678e+000
0 0 0
2 0 50 -92.0000 -85.0000 1 50 -189.4000 -68.8000
-1.4702397275e-001 -1.3055809119e-001 -1.0614090684e+000
0 0 0
2 0 51 -103.9100 -92.6400 1 51 -191.0000 -77.0000
-1.9861225727e-001 -8.0898967751e-002 -9.8852536506e-001
0 0 0
2 0 52 -151.3300 -62.4700 1 52 -158.8000 -50.0000
-1.9213247233e-001 -8.0381490224e-002 -9.8525039403e-001
0 0 0
2 0 53 -147.3100 -62.3100 1 53 -154.0000 -51.7100
-1.8350535290e-001 -8.2418221716e-002 -9.8363343705e-001
0 0 0
2 0 54 -141.3800 -64.1900 1 54 -150.0000 -55.0000
-1.7654245486e-001 -8.4331321539e-002 -9.8313661641e-001
0 0 0
2 0 55 -136.4700 -65.3300 1 55 -147.5000 -58.1200
-1.6522505274e-001 -8.5811878685e-002 -9.8649090021e-001
0 0 0
2 0 56 -127.6900 -66.6900 1 56 -145.0000 -60.2000
-1.4866205250e-001 -8.8001557486e-002 -9.8918146011e-001
0 0 0
2 0 57 -115.3300 -67.9200 1 57 -140.5000 -64.5000
-1.2773864027e-001 -9.4048852539e-002 -9.8944915218e-001
0 0 0
2 0 58 -100.1500 -72.5400 1 58 -134.1700 -72.1700
-1.0633831707e-001 -9.7952167834e-002 -9.9204117524e-001
0 0 0
2 0 59 -84.3100 -75.3100 1 59 -128.5000 -77.8800
-8.5104938554e-002 -9.8161251963e-002 -9.9616000678e-001
0 0 0
2 0 60 -68.4700 -75.3300 1 60 -122.8000 -80.6000
-6.6637496769e-002 -9.4661630617e-002 -9.9699940812e-001
0 0 0
2 0 61 -55.0000 -73.0000 1 61 -115.5000 -81.0000
-5.5174890833e-002 -9.0132119677e-002 -9.9999471922e-001
0 0 0
2 0 62 -46.4700 -69.3300 1 62 -111.8000 -79.6000
-3.3061915858e-002 -8.8394311293e-002 -9.9872481576e-001
0 0 0
2 0 63 -30.5000 -68.5000 1 63 -103.0000 -82.0000
-2.4720205389e-002 -8.9584698244e-002 -9.8975961963e-001
0 0 0
2 0 64 -24.9300 -69.8600 1 64 -96.0000 -86.0000
-1.7276732667e-002 -9.3679147007e-002 -9.7077544953e-001
0 0 0
2 0 65 -20.4700 -73.3300 1 65 -85.2000 -94.6000
-4.2665869308e-002 -1.1848109791e-001 -8.9265872495e-001
0 0 0
2 0 66 -45.6200 -100.3800 1 66 -58.0000 -123.7500
-6.1703132333e-002 -1.2302325610e-001 -8.8802399795e-001
0 0 0
2 0 67 -61.6900 -104.6900 1 67 -62.8300 -125.1700
-8.3419921624e-002 -1.2165779379e-001 -8.8503180134e-001
0 0 0
2 0 68 -79.9100 -103.7800 1 68 -68.0000 -122.0000
-1.0662837425e-001 -1.1470766093e-001 -8.8516289740e-001
0 0 0
2 0 69 -99.0000 -97.1400 1 69 -74.2500 -114.6200
-1.2782255577e-001 -1.0393947496e-001 -8.9002771621e-001
0 0 0
2 0 70 -115.4500 -88.4100 1 70 -81.1800 -101.8200
-1.5258531806e-001 -8.5355416679e-002 -8.9382836038e-001
0 0 0
2 0 71 -134.8500 -71.5400 1 71 -87.1700 -84.8300
-1.7186945042e-001 -5.8159388047e-002 -9.0183939486e-001
0 0 0
2 0 72 -148.5000 -50.5000 1 72 -90.1700 -58.4200
-1.8136310364e-001 -2.8242951111e-002 -9.1113645457e-001
0 0 0
2 0 73 -154.1700 -24.3900 1 73 -90.5600 -35.0000
-1.8442323065e-001 -8.6135186157e-004 -9.2365646207e-001
0 0 0
2 0 74 -153.6900 -4.3100 1 74 -90.0000 -11.0000
-1.7976695285e-001 2.1387337959e-002 -9.3466802935e-001
0 0 0
2 0 75 -147.8600 13.1400 1 75 -88.0000 5.0000
-1.6660381263e-001 3.3397924405e-002 -9.4367618849e-001
0 0 0
2 0 76 -136.1900 22.6200 1 76 -85.0000 11.0000
-1.4515957605e-001 3.9064644729e-002 -9.5132435808e-001
0 0 0
2 0 77 -118.6700 26.4700 1 77 -80.0000 11.0000
-1.1941651993e-001 4.2852883830e-002 -9.6037261809e-001
0 0 0
2 0 78 -98.0000 29.0000 1 78 -75.1700 8.8300
-8.7121595525e-002 4.9288429198e-002 -9.6875551560e-001
0 0 0
2 0 79 -72.8900 33.7800 1 79 -67.5000 6.5000
-1.1258823759e-001 3.5329598814e-002 -8.8043507210e-001
0 0 0
2 0 80 -104.5900 26.5900 1 80 -29.2000 -12.6000
-1.3845635206e-001 3.9627431044e-002 -8.7355985362e-001
0 0 0
2 0 81 -127.1400 31.0000 1 81 -32.2000 -5.6000
-1.6550839620e-001 4.4164266443e-002 -8.6941607612e-001
0 0 0
2 0 82 -150.1600 34.3200 1 82 -36.8000 4.0000
-2.0080111647e-001 4.7474714037e-002 -8.6419199573e-001
0 0 0
2 0 83 -180.3500 37.1700 1 83 -44.4400 14.6700
-2.2068168488e-001 4.9471891818e-002 -8.6275134421e-001
0 0 0
2 0 84 -197.0000 39.0000 1 84 -50.0000 21.2000
-2.4219141821e-001 5.2262651441e-002 -8.6611664677e-001
0 0 0
2 0 85 -213.4700 41.0000 1 85 -59.1800 30.1800
-2.5639360671e-001 4.9208149395e-002 -8.7191223795e-001
0 0 0
2 0 86 -223.0800 37.5400 1 86 -69.1800 33.8200
-2.6381476377e-001 3.8369882412e-002 -8.8312705917e-001
0 0 0
2 0 87 -225.6700 28.3300 1 87 -83.2000 30.0000
-2.6735686500e-001 2.2416758613e-002 -9.0006453401e-001
0 0 0
2 0 88 -223.5300 15.3300 1 88 -101.1800 22.1800
-2.6639782230e-001 5.8336568720e-003 -9.1858572673e-001
0 0 0
2 0 89 -217.5000 1.5000 1 89 -118.0000 13.7300
-2.5962085413e-001 -1.7555724848e-002 -9.4203987364e-001
0 0 0
2 0 90 -206.1500 -16.5400 1 90 -137.5000 -0.5000
-2.4780902353e-001 -3.8550012231e-002 -9.6586014355e-001
0 0 0
2 0 91 -191.5600 -32.2500 1 91 -153.5000 -13.5000
-2.3436071691e-001 -6.2587897217e-002 -9.9206091319e-001
0 0 0
2 0 92 -176.0000 -49.0000 1 92 -170.6700 -28.3300
-2.2095764779e-001 -8.1213174071e-002 -1.0144681998e+000
0 0 0
2 0 93 -162.0000 -61.2000 1 93 -183.3300 -39.6700
-2.0180740521e-001 -9.9818563757e-002 -1.0406508742e+000
0 0 0
2 0 94 -144.0000 -73.0000 1 94 -194.8000 -50.6000
-1.7929585297e-001 -1.1533120703e-001 -1.0656448313e+000
0 0 0
2 0 95 -124.8000 -82.6000 1 95 -202.5000 -59.5000
-1.5559823698e-001 -1.2871856000e-001 -1.0890685431e+000
0 0 0
2 0 96 -106.0000 -89.0000 1 96 -208.2000 -68.4000
-1.0110576320e-001 -1.5502326344e-001 -1.1302581479e+000
0 0 0
2 0 97 -66.6200 -102.7500 1 97 -212.5000 -85.5000
-5.7559064631e-002 -1.7868910946e-001 -1.1591766527e+000
0 0 0
2 0 98 -37.3300 -115.3300 1 98 -214.5000 -100.0000
-1.7303517475e-002 -1.9966189130e-001 -1.1721090874e+000
0 0 0
2 0 99 -12.0000 -127.0000 1 99 -210.0000 -115.0000
-9.3542484284e-003 -2.1427453136e-001 -1.1750206038e+000
0 0 0
2 0 100 -7.0000 -136.5000 1 100 -212.0000 -123.0000
-6.7850878796e-003 -2.3335506276e-001 -1.1721178336e+000
0 0 0
2 0 101 -5.5000 -148.5000 1 101 -215.0000 -135.0000
-8.1933540820e-003 -2.5119635157e-001 -1.1685057489e+000
0 0 0
2 0 102 -6.5000 -158.5000 1 102 -219.2000 -147.4000
-1.0381456784e-002 -2.6064861359e-001 -1.1722654029e+000
0 0 0
2 0 103 -7.7100 -164.0000 1 103 -224.3300 -151.6700
-1.4919652033e-002 -2.5953345643e-001 -1.1818348949e+000
0 0 0
2 0 104 -10.1700 -162.1700 1 104 -230.0000 -148.2500
-2.2085784405e-002 -2.4675957490e-001 -1.1926965872e+000
0 0 0
2 0 105 -14.1700 -152.1700 1 105 -234.2000 -138.4000
-2.7874794137e-002 -2.3001467936e-001 -1.2034684606e+000
0 0 0
2 0 106 -17.2500 -141.0000 1 106 -236.5000 -125.5000
-2.9707997099e-002 -2.1325421472e-001 -1.2118734469e+000
0 0 0
2 0 107 -18.0000 -131.0000 1 107 -236.0000 -113.0000
-3.0965182590e-002 -1.9367149919e-001 -1.2141260894e+000
0 0 0
2 0 108 -18.6700 -119.3300 1 108 -232.0000 -101.0000
-3.0522247424e-002 -1.6755599660e-001 -1.2069275436e+000
0 0 0
2 0 109 -18.7100 -104.5700 1 109 -221.5000 -87.5000
