# Bundle file v0.3
4 67
7.6800000000e+002 0.0000000000e+000 0.0000000000e+000
1.0000000000e+000 0.0000000000e+000 0.0000000000e+000
0.0000000000e+000 1.0000000000e+000 0.0000000000e+000
0.0000000000e+000 0.0000000000e+000 1.0000000000e+000
-0.0000000000e+000 -0.0000000000e+000 -0.0000000000e+000
7.6800000000e+002 0.0000000000e+000 0.0000000000e+000
3.1951785011e-001 -3.5455839954e-001 8.7874722462e-001
3.7247791179e-001 8.9970439936e-001 2.2757899508e-001
-8.7130278818e-001 2.5459837998e-001 4.1953678769e-001
8.5511095342e-001 1.9258091482e-001 -4.8135002711e-001
0 0 0
0 0 0
0 0 0
0 0 0
0 0 0
0 0 0
0 0 0
0 0 0
0 0 0
0 0 0
9.6670146784e-002 6.6891901011e-002 -8.4366240751e-001
0 0 0
2 0 0 87.9800 60.8100 1 0 102.8800 82.4400
1.0045519619e-001 8.0946266303e-002 -8.4683462244e-001
0 0 0
2 0 1 91.0400 73.1400 1 1 97.1500 93.8800
1.0170204125e-001 9.0070180238e-002 -8.5217539008e-001
0 0 0
2 0 2 91.7100 81.4100 1 2 90.7400 99.5600
1.0237862131e-001 9.5237396216e-002 -8.6065971551e-001
0 0 0
2 0 3 91.3600 85.0000 1 3 82.7400 102.0000
9.9420261641e-002 9.7534051414e-002 -8.6989800871e-001
0 0 0
2 0 4 87.7500 86.0000 1 4 74.3000 101.0900
9.6359866384e-002 9.8384425935e-002 -8.8051252656e-001
0 0 0
2 0 5 84.0800 85.9600 1 5 65.2600 98.2900
9.2167144055e-002 9.7215668878e-002 -8.8969130530e-001
0 0 0
2 0 6 79.5700 83.9600 1 6 57.6200 94.3800
8.8500209930e-002 9.1522140013e-002 -8.9992884378e-001
0 0 0
2 0 7 75.5600 78.2500 1 7 50.6200 86.5900
8.4374154612e-002 6.4069492230e-002 -9.2397031359e-001
0 0 0
2 0 10 70.1200 53.2100 1 10 39.3100 59.2300
8.8879613083e-002 5.9648810424e-002 -9.2641327799e-001
0 0 0
2 0 11 73.6400 49.2900 1 11 39.7400 56.6100
1.0156714143e-001 6.2293599292e-002 -9.2772248574e-001
0 0 0
2 0 12 84.0400 51.4100 1 12 40.8800 61.5000
1.1234148643e-001 6.9492328461e-002 -9.2823459287e-001
0 0 0
2 0 13 92.8800 57.2200 1 13 40.8800 69.5000
1.2291296944e-001 8.1211980766e-002 -9.2763688049e-001
0 0 0
2 0 14 101.6500 66.7700 1 14 40.3900 81.0000
1.2888156700e-001 9.3444490079e-002 -9.2764439579e-001
0 0 0
2 0 15 106.4300 76.1700 1 15 38.2300 92.1800
1.3414155741e-001 1.0558645733e-001 -9.2897913311e-001
0 0 0
2 0 16 111.0600 88.0400 1 16 35.4400 100.0000
1.2320729489e-001 1.1422445270e-001 -9.2566865089e-001
0 0 0
2 0 17 102.2600 94.9500 1 17 32.8800 105.6000
1.1558244130e-001 1.2036020111e-001 -9.2358306690e-001
0 0 0
2 0 18 96.0900 99.9800 1 18 30.8800 109.5000
1.0568839226e-001 1.2381152058e-001 -9.1871737013e-001
0 0 0
2 0 19 88.3500 103.5000 1 19 31.1900 111.1900
9.6847574397e-002 1.2443821703e-001 -9.1295626656e-001
0 0 0
2 0 20 81.4600 104.6300 1 20 33.2200 111.3000
8.7525081700e-002 1.2165285270e-001 -9.0716769857e-001
0 0 0
2 0 21 74.1000 103.0000 1 21 36.2100 108.5000
7.8003310369e-002 1.1676826643e-001 -9.0189320884e-001
0 0 0
2 0 22 66.3600 99.1400 1 22 39.3800 104.1600
6.9980466020e-002 1.0911589515e-001 -8.9423346673e-001
0 0 0
2 0 23 60.1700 94.0200 1 23 45.7800 97.5000
6.2056119834e-002 9.9324292277e-002 -8.8579802219e-001
0 0 0
2 0 24 53.7100 85.7100 1 24 53.3500 90.5300
5.6116249135e-002 8.5743803461e-002 -8.7615930195e-001
0 0 0
2 0 25 49.2400 75.3700 1 25 63.7900 79.7700
5.1995234346e-002 6.7069700173e-002 -8.6390635882e-001
0 0 0
2 0 26 46.3200 60.0000 1 26 78.2700 66.2700
5.0495689566e-002 4.8854562832e-002 -8.5264195342e-001
0 0 0
2 0 27 45.5500 44.2500 1 27 92.3800 53.8200
5.0572004006e-002 2.8400706264e-002 -8.3990193145e-001
0 0 0
2 0 28 46.3300 26.2700 1 28 108.7000 40.1100
5.2816228096e-002 1.5421930386e-002 -8.2866388415e-001
0 0 0
2 0 29 49.0000 14.4600 1 29 122.0000 32.9200
5.5861838161e-002 5.3380729590e-003 -8.1420047394e-001
0 0 0
2 0 30 52.7800 5.3200 1 30 137.3800 28.7200
5.8108503105e-002 1.5708258231e-003 -8.0239451436e-001
0 0 0
2 0 31 55.7100 1.8000 1 31 148.7000 28.8900
5.8185347957e-002 3.7852602286e-003 -7.9216376881e-001
0 0 0
2 0 32 56.4600 3.8300 1 32 156.8100 33.0700
5.7243691521e-002 1.0501355011e-002 -7.8461209222e-001
0 0 0
2 0 33 56.2500 11.0000 1 33 161.5300 39.3000
5.6211432331e-002 2.0712946879e-002 -7.7996272092e-001
0 0 0
2 0 34 55.3800 20.5000 1 34 162.5300 49.1300
5.4500745408e-002 3.4153848485e-002 -7.7999282276e-001
0 0 0
2 0 35 53.6800 33.6900 1 35 158.6200 59.8400
5.1433972579e-002 4.7608013609e-002 -7.8543546911e-001
0 0 0
2 0 36 50.3000 46.5800 1 36 149.7400 69.0000
5.1838171032e-002 6.8997212372e-002 -7.9231255562e-001
0 0 0
2 0 37 50.2400 66.8500 1 37 137.8000 85.5200
5.6085108585e-002 9.2101179598e-002 -8.0064769713e-001
0 0 0
2 0 38 53.7900 88.3100 1 38 124.6800 104.0500
6.7479266497e-002 1.1529949255e-001 -8.0911922790e-001
0 0 0
2 0 39 64.0500 109.4400 1 39 112.7100 124.0300
8.0952794016e-002 1.2952915449e-001 -8.1801524418e-001
0 0 0
2 0 40 76.1400 122.3200 1 40 103.6400 135.6400
9.5241060026e-002 1.3782649198e-001 -8.3049373124e-001
0 0 0
2 0 41 88.0400 127.2700 1 41 93.5000 142.8800
1.1107015356e-001 1.3861623507e-001 -8.4096035707e-001
0 0 0
2 0 42 101.4100 126.4600 1 42 87.8400 143.5800
1.2115768477e-001 1.3605181431e-001 -8.4801962018e-001
0 0 0
2 0 43 109.7300 123.2400 1 43 84.9100 141.3200
1.3074233664e-001 1.3077431954e-001 -8.5287295403e-001
0 0 0
2 0 44 117.6900 117.5400 1 44 84.3500 137.8800
1.3740565101e-001 1.2368576720e-001 -8.5541718985e-001
0 0 0
2 0 45 123.3200 110.8200 1 45 85.5500 132.9000
1.4231538970e-001 1.1468619935e-001 -8.5655610703e-001
0 0 0
2 0 46 127.5700 102.6700 1 46 88.0000 126.4700
1.4656639703e-001 1.0624497634e-001 -8.5629649473e-001
0 0 0
2 0 47 131.4100 95.0800 1 47 91.1900 120.9000
1.5239652344e-001 9.6080566719e-002 -8.5154452679e-001
0 0 0
2 0 48 137.4100 86.4900 1 48 98.4700 115.3500
1.5234737396e-001 8.7827220437e-002 -8.4435545227e-001
0 0 0
2 0 49 138.4600 79.3800 1 49 106.0000 111.1400
1.4613906033e-001 7.9775481816e-002 -8.3360843609e-001
0 0 0
2 0 50 134.6200 73.4200 1 50 115.4100 105.7600
1.3609357547e-001 7.0895540113e-002 -8.2566647467e-001
0 0 0
2 0 51 126.4800 65.4800 1 51 122.2800 99.1100
1.2504684434e-001 5.7470501213e-002 -8.1731234764e-001
0 0 0
2 0 52 117.6000 54.4000 1 52 130.9100 87.2200
1.1363044260e-001 3.8466168429e-002 -8.0857426875e-001
0 0 0
2 0 53 107.7100 35.7100 1 53 141.0000 73.1200
1.0883433967e-001 1.7176797673e-002 -7.9756797671e-001
0 0 0
2 0 54 104.9300 17.0000 1 54 155.1100 56.2900
1.0515510395e-001 -2.2002385705e-003 -7.8948826483e-001
0 0 0
2 0 55 102.7300 -0.6900 1 55 166.5200 40.8300
1.0463476072e-001 -1.7400716008e-002 -7.8350805573e-001
0 0 0
2 0 56 102.7200 -16.5600 1 56 175.0000 31.2900
1.0220026268e-001 -2.6422984551e-002 -7.7827513561e-001
0 0 0
2 0 57 100.9300 -25.8300 1 57 181.2900 25.0000
9.7375994863e-002 -2.5316246516e-002 -7.7504341043e-001
0 0 0
2 0 58 96.6000 -24.7500 1 58 183.2700 25.0000
9.2563637160e-002 -1.3061183576e-002 -7.7423127541e-001
0 0 0
2 0 59 91.8300 -12.9200 1 59 180.3000 33.7000
8.4118369860e-002 7.3084362589e-003 -7.8173882625e-001
0 0 0
2 0 60 82.6400 7.1800 1 60 167.8100 45.8500
8.0017886473e-002 2.2606353830e-002 -7.8962646681e-001
0 0 0
2 0 61 77.8100 21.9300 1 61 156.6200 55.2800
7.9713968058e-002 3.7659833884e-002 -8.0162801339e-001
0 0 0
2 0 62 76.3700 36.0800 1 62 142.4800 64.5200
8.1853236384e-002 4.5863634332e-002 -8.1489055703e-001
0 0 0
2 0 63 77.1500 43.2500 1 63 129.5500 68.5900
8.5471099072e-002 4.9718873184e-002 -8.3179681530e-001
0 0 0
2 0 64 78.9300 45.9600 1 64 115.2400 68.6800
9.1190083220e-002 4.9676789243e-002 -8.4211549607e-001
0 0 0
2 0 65 83.1500 45.2500 1 65 107.8700 67.8700
9.8057838983e-002 4.9637572509e-002 -8.4830839767e-001
0 0 0
2 0 66 88.7700 44.9200 1 66 104.1300 68.1300
1.0178290489e-001 5.0497388147e-002 -8.5215706928e-001
0 0 0
2 0 67 91.7700 45.6600 1 67 101.5400 68.6800
1.0431161097e-001 5.3671695240e-002 -8.5288324785e-001
0 0 0
2 0 68 93.9300 48.3300 1 68 100.5200 71.7600
