# Bundle file v0.3
4 67
7.5938367058e+002 1.3822159382e-002 8.8186299614e-004
9.9839612783e-001 -4.7705285020e-004 5.6612227927e-002
1.2113126054e-003 9.9991558785e-001 -1.2936378950e-002
-5.6601277830e-002 1.2984205757e-002 9.9831242893e-001
4.7749029334e-002 -1.0997024171e-002 1.3333340159e-002
7.7304719536e+002 -8.8890639459e-003 -5.4426260908e-004
3.7057900697e-001 -3.6495908678e-001 8.5409370948e-001
3.7955266249e-001 8.9878529175e-001 2.1937359853e-001
-8.4770925204e-001 2.4287829115e-001 4.7159215398e-001
8.2951451132e-001 1.8463195072e-001 -4.3963902082e-001
0 0 0
0 0 0
0 0 0
0 0 0
0 0 0
0 0 0
0 0 0
0 0 0
0 0 0
0 0 0
9.6794749050e-002 6.6789172086e-002 -8.4385497634e-001
0 0 0
2 0 0 87.9800 60.8100 1 0 102.8800 82.4400
1.0079632477e-001 8.0775223696e-002 -8.4718587386e-001
0 0 0
2 0 1 91.0400 73.1400 1 1 97.1500 93.8800
1.0237082217e-001 8.9826170416e-002 -8.5267790696e-001
0 0 0
2 0 2 91.7100 81.4100 1 2 90.7400 99.5600
1.0359790080e-001 9.4914933324e-002 -8.6147895890e-001
0 0 0
2 0 3 91.3600 85.0000 1 3 82.7400 102.0000
1.0118651099e-001 9.7116801302e-002 -8.7089685548e-001
0 0 0
2 0 4 87.7500 86.0000 1 4 74.3000 101.0900
9.8766263233e-002 9.7868875049e-002 -8.8179475019e-001
0 0 0
2 0 5 84.0800 85.9600 1 5 65.2600 98.2900
9.5112316387e-002 9.6606675842e-002 -8.9117635868e-001
0 0 0
2 0 6 79.5700 83.9600 1 6 57.6200 94.3800
9.2075012728e-002 9.0814999820e-002 -9.0179141767e-001
0 0 0
2 0 7 75.5600 78.2500 1 7 50.6200 86.5900
8.9537129629e-002 6.3074754045e-002 -9.2730508121e-001
0 0 0
2 0 10 70.1200 53.2100 1 10 39.3100 59.2300
9.4305326527e-002 5.8632570870e-002 -9.3024289362e-001
0 0 0
2 0 11 73.6400 49.2900 1 11 39.7400 56.6100
1.0735526732e-001 6.1329986729e-002 -9.3241793817e-001
0 0 0
2 0 12 84.0400 51.4100 1 12 40.8800 61.5000
1.1841313133e-001 6.8610006743e-002 -9.3357177805e-001
0 0 0
2 0 13 92.8800 57.2200 1 13 40.8800 69.5000
1.2919361737e-001 8.0457717746e-002 -9.3347659668e-001
0 0 0
2 0 14 101.6500 66.7700 1 14 40.3900 81.0000
1.3529617865e-001 9.2799670494e-002 -9.3371446901e-001
0 0 0
2 0 15 106.4300 76.1700 1 15 38.2300 92.1800
1.4073070812e-001 1.0504893595e-001 -9.3529607392e-001
0 0 0
2 0 16 111.0600 88.0400 1 16 35.4400 100.0000
1.2921952376e-001 1.1366890746e-001 -9.3093786381e-001
0 0 0
2 0 17 102.2600 94.9500 1 17 32.8800 105.6000
1.2123383282e-001 1.1977740053e-001 -9.2814603619e-001
0 0 0
2 0 18 96.0900 99.9800 1 18 30.8800 109.5000
1.1076478898e-001 1.2317433045e-001 -9.2230617258e-001
0 0 0
2 0 19 88.3500 103.5000 1 19 31.1900 111.1900
1.0135453948e-001 1.2374552029e-001 -9.1564064073e-001
0 0 0
2 0 20 81.4600 104.6300 1 20 33.2200 111.3000
9.1489254583e-002 1.2089826254e-001 -9.0897640660e-001
0 0 0
2 0 21 74.1000 103.0000 1 21 36.2100 108.5000
8.1494680361e-002 1.1595429286e-001 -9.0288753284e-001
0 0 0
2 0 22 66.3600 99.1400 1 22 39.3800 104.1600
7.2881784130e-002 1.0828923845e-001 -8.9442054909e-001
0 0 0
2 0 23 60.1700 94.0200 1 23 45.7800 97.5000
6.4360026761e-002 9.8511760617e-002 -8.8520165902e-001
0 0 0
2 0 24 53.7100 85.7100 1 24 53.3500 90.5300
5.7774384086e-002 8.5019513091e-002 -8.7490501743e-001
0 0 0
2 0 25 49.2400 75.3700 1 25 63.7900 79.7700
5.2883644718e-002 6.6533870094e-002 -8.6208999740e-001
0 0 0
2 0 26 46.3200 60.0000 1 26 78.2700 66.2700
5.0706521240e-002 4.8553224278e-002 -8.5050954455e-001
0 0 0
2 0 27 45.5500 44.2500 1 27 92.3800 53.8200
5.0039218926e-002 2.8412109075e-002 -8.3757147596e-001
0 0 0
2 0 28 46.3300 26.2700 1 28 108.7000 40.1100
5.1641725089e-002 1.5701272108e-002 -8.2627420838e-001
0 0 0
2 0 29 49.0000 14.4600 1 29 122.0000 32.9200
5.3857480878e-002 5.9270774467e-003 -8.1171118261e-001
0 0 0
2 0 30 52.7800 5.3200 1 30 137.3800 28.7200
5.5418546869e-002 2.3820393699e-003 -7.9979397335e-001
0 0 0
2 0 31 55.7100 1.8000 1 31 148.7000 28.8900
5.4871969210e-002 4.7406861819e-003 -7.8930392362e-001
0 0 0
2 0 32 56.4600 3.8300 1 32 156.8100 33.0700
5.3446255399e-002 1.1503181156e-002 -7.8143702591e-001
0 0 0
2 0 33 56.2500 11.0000 1 33 161.5300 39.3000
5.2095458595e-002 2.1668998963e-002 -7.7649501812e-001
0 0 0
2 0 34 55.3800 20.5000 1 34 162.5300 49.1300
5.0335637657e-002 3.4941767952e-002 -7.7622719950e-001
0 0 0
2 0 35 53.6800 33.6900 1 35 158.6200 59.8400
4.7548110284e-002 4.8144560455e-002 -7.8139396069e-001
0 0 0
2 0 36 50.3000 46.5800 1 36 149.7400 69.0000
4.8313590878e-002 6.9177430892e-002 -7.8814187066e-001
0 0 0
2 0 37 50.2400 66.8500 1 37 137.8000 85.5200
5.3021321702e-002 9.1932099679e-002 -7.9661167035e-001
0 0 0
2 0 38 53.7900 88.3100 1 38 124.6800 104.0500
6.4919170159e-002 1.1488179773e-001 -8.0567678537e-001
0 0 0
2 0 39 64.0500 109.4400 1 39 112.7100 124.0300
7.8989104398e-002 1.2904300615e-001 -8.1545290316e-001
0 0 0
2 0 40 76.1400 122.3200 1 40 103.6400 135.6400
9.4215715868e-002 1.3736485489e-001 -8.2910232699e-001
0 0 0
2 0 41 88.0400 127.2700 1 41 93.5000 142.8800
1.1096923170e-001 1.3828483146e-001 -8.4092524196e-001
0 0 0
2 0 42 101.4100 126.4600 1 42 87.8400 143.5800
1.2173313185e-001 1.3581624024e-001 -8.4893679265e-001
0 0 0
2 0 43 109.7300 123.2400 1 43 84.9100 141.3200
1.3189479109e-001 1.3063600569e-001 -8.5468654653e-001
0 0 0
2 0 44 117.6900 117.5400 1 44 84.3500 137.8800
1.3894148416e-001 1.2361556283e-001 -8.5788268493e-001
0 0 0
2 0 45 123.3200 110.8200 1 45 85.5500 132.9000
1.4411780902e-001 1.1466383034e-001 -8.5953621908e-001
0 0 0
2 0 46 127.5700 102.6700 1 46 88.0000 126.4700
1.4853103219e-001 1.0626136266e-001 -8.5968599930e-001
0 0 0
2 0 47 131.4100 95.0800 1 47 91.1900 120.9000
1.5429056020e-001 9.6169592723e-002 -8.5530089779e-001
0 0 0
2 0 48 137.4100 86.4900 1 48 98.4700 115.3500
1.5381559874e-001 8.7970782053e-002 -8.4796524288e-001
0 0 0
2 0 49 138.4600 79.3800 1 49 106.0000 111.1400
1.4673898726e-001 7.9979055266e-002 -8.3653378771e-001
0 0 0
2 0 50 134.6200 73.4200 1 50 115.4100 105.7600
1.3593282861e-001 7.1140878224e-002 -8.2779087007e-001
0 0 0
2 0 51 126.4800 65.4800 1 51 122.2800 99.1100
1.2412044496e-001 5.7794360381e-002 -8.1864483699e-001
0 0 0
2 0 52 117.6000 54.4000 1 52 130.9100 87.2200
1.1199301646e-001 3.8946726342e-002 -8.0920583218e-001
0 0 0
2 0 53 107.7100 35.7100 1 53 141.0000 73.1200
1.0651226141e-001 1.7894902262e-002 -7.9792422111e-001
0 0 0
2 0 54 104.9300 17.0000 1 54 155.1100 56.2900
1.0236358559e-001 -1.2684395383e-003 -7.8970742103e-001
0 0 0
2 0 55 102.7300 -0.6900 1 55 166.5200 40.8300
1.0156111248e-001 -1.6292921239e-002 -7.8381436941e-001
0 0 0
2 0 56 102.7200 -16.5600 1 56 175.0000 31.2900
9.8811333008e-002 -2.5169048351e-002 -7.7846061150e-001
0 0 0
2 0 57 100.9300 -25.8300 1 57 181.2900 25.0000
9.3684191364e-002 -2.3983446254e-002 -7.7483121605e-001
0 0 0
2 0 58 96.6000 -24.7500 1 58 183.2700 25.0000
8.8660494571e-002 -1.1762926648e-002 -7.7350357716e-001
0 0 0
2 0 59 91.8300 -12.9200 1 59 180.3000 33.7000
8.0429325290e-002 8.3599192830e-003 -7.8028467128e-001
0 0 0
2 0 60 82.6400 7.1800 1 60 167.8100 45.8500
7.6684999367e-002 2.3415230761e-002 -7.8783621694e-001
0 0 0
2 0 61 77.8100 21.9300 1 61 156.6200 55.2800
7.7052019688e-002 3.8176016524e-002 -7.9986854063e-001
0 0 0
2 0 62 76.3700 36.0800 1 62 142.4800 64.5200
8.0009870121e-002 4.6152506608e-002 -8.1349822047e-001
0 0 0
2 0 63 77.1500 43.2500 1 63 129.5500 68.5900
8.4725697039e-002 4.9788696839e-002 -8.3110049162e-001
0 0 0
2 0 64 78.9300 45.9600 1 64 115.2400 68.6800
9.1191236016e-002 4.9641756696e-002 -8.4214793064e-001
0 0 0
2 0 65 83.1500 45.2500 1 65 107.8700 67.8700
9.8579202648e-002 4.9549632757e-002 -8.4901831272e-001
0 0 0
2 0 66 88.7700 44.9200 1 66 104.1300 68.1300
1.0262125478e-001 5.0372409599e-002 -8.5324571152e-001
0 0 0
2 0 67 91.7700 45.6600 1 67 101.5400 68.6800
1.0523613325e-001 5.3539524816e-002 -8.5412101491e-001
0 0 0
2 0 68 93.9300 48.3300 1 68 100.5200 71.7600
