# Bundle file v0.3
4 69
6.1095786868e+002 -5.9147493130e-002 -4.5983192588e-003
9.8710262104e-001 4.0233848931e-002 1.5495048545e-001
-3.5868605676e-002 9.9887972323e-001 -3.0866513227e-002
-1.5601877665e-001 2.4910558247e-002 9.8743992497e-001
1.3279507157e-001 -1.9889810359e-002 1.9121658967e-001
5.8121275830e+002 -1.1414015064e-001 -1.4360218919e-002
5.2705800269e-001 -3.8622536578e-001 7.5699394227e-001
3.6905972324e-001 9.0640276466e-001 2.0549683430e-001
-7.6550949209e-001 1.7106722378e-001 6.2026705738e-001
7.2635681560e-001 1.7668350888e-001 -8.0670480561e-002
5.7058563281e+002 -6.7528148629e-002 -4.1097902195e-003
-4.6753217641e-001 3.7927031938e-001 -7.9847835842e-001
-5.3708437896e-001 5.9556259169e-001 5.9736552399e-001
7.0210685362e-001 7.0813785679e-001 -7.4744510741e-002
-6.1565562137e-001 5.7408362885e-001 -7.8218190026e-001
5.4406306965e+002 -4.1170233824e-002 -3.2420664532e-003
-9.6245488387e-001 -2.0708357246e-002 -2.7065062434e-001
-2.4070329989e-001 5.2599653678e-001 8.1571414400e-001
1.2546919117e-001 8.5023456013e-001 -5.1123250565e-001
-2.0524809379e-001 6.9292184080e-001 -1.0548371087e+000
8.8334639008e-002 6.1964695052e-002 -8.3534040869e-001
0 0 0
4 0 0 87.9800 60.8100 1 0 102.8800 82.4400 2 0 31.5200 60.3900 3 0 -63.3100 21.9100
9.2292782593e-002 7.5464620501e-002 -8.3881361029e-001
0 0 0
4 0 1 91.0400 73.1400 1 1 97.1500 93.8800 2 1 37.4300 64.7700 3 1 -67.6400 25.8100
9.4789289991e-002 8.4323758276e-002 -8.4502151668e-001
0 0 0
4 0 2 91.7100 81.4100 1 2 90.7400 99.5600 2 2 44.6100 65.8600 3 2 -70.0000 25.1100
9.7017733535e-002 8.9821213946e-002 -8.5416781080e-001
0 0 0
4 0 3 91.3600 85.0000 1 3 82.7400 102.0000 2 3 53.3000 63.4000 3 3 -71.3300 20.6500
9.6488102744e-002 9.2048879267e-002 -8.6449084902e-001
0 0 0
4 0 4 87.7500 86.0000 1 4 74.3000 101.0900 2 4 62.4200 59.0000 3 4 -69.1800 13.6200
9.5292741485e-002 9.3135151952e-002 -8.7656413423e-001
0 0 0
4 0 5 84.0800 85.9600 1 5 65.2600 98.2900 2 5 73.1800 53.5300 3 5 -65.2200 4.2200
9.2671145028e-002 9.1632430031e-002 -8.8695550649e-001
0 0 0
4 0 6 79.5700 83.9600 1 6 57.6200 94.3800 2 6 81.1600 48.1900 3 6 -59.3800 -5.7600
9.2132296177e-002 8.6381452852e-002 -8.9948722492e-001
0 0 0
4 0 7 75.5600 78.2500 1 7 50.6200 86.5900 2 7 89.6200 36.3000 3 7 -55.6800 -17.5400
9.5471401510e-002 5.8993945797e-002 -9.3123647698e-001
0 0 0
4 0 10 70.1200 53.2100 1 10 39.3100 59.2300 2 10 99.5900 1.5600 3 10 -48.7600 -61.6800
1.0224950860e-001 5.4859848737e-002 -9.3692358258e-001
0 0 0
4 0 11 73.6400 49.2900 1 11 39.7400 56.6100 2 11 99.7400 -7.0000 3 11 -54.2500 -71.0300
1.1612072402e-001 5.8276439882e-002 -9.4188774877e-001
0 0 0
4 0 12 84.0400 51.4100 1 12 40.8800 61.5000 2 12 100.7400 -16.0000 3 12 -67.1100 -77.5400
1.2857767396e-001 6.6486006118e-002 -9.4583625536e-001
0 0 0
4 0 13 92.8800 57.2200 1 13 40.8800 69.5000 2 13 104.0000 -20.8900 3 13 -80.5000 -80.9800
1.4004416245e-001 7.9390251524e-002 -9.4702883088e-001
0 0 0
4 0 14 101.6500 66.7700 1 14 40.3900 81.0000 2 14 107.4900 -20.4600 3 14 -95.0500 -79.9300
1.4613464118e-001 9.2653530506e-002 -9.4768944756e-001
0 0 0
4 0 15 106.4300 76.1700 1 15 38.2300 92.1800 2 15 113.0000 -16.2500 3 15 -104.4400 -76.4900
1.4627446204e-001 1.0606176612e-001 -9.4555487363e-001
0 0 0
4 0 16 111.0600 88.0400 1 16 35.4400 100.0000 2 16 119.0200 -5.6600 3 16 -106.7100 -68.2400
1.3809829403e-001 1.1390316190e-001 -9.4174935315e-001
0 0 0
4 0 17 102.2600 94.9500 1 17 32.8800 105.6000 2 17 122.6400 5.4300 3 17 -101.6000 -57.3000
1.2774554531e-001 1.1938114502e-001 -9.3560291460e-001
0 0 0
4 0 18 96.0900 99.9800 1 18 30.8800 109.5000 2 18 123.6400 19.7400 3 18 -92.2200 -45.8800
1.1505865821e-001 1.2134663282e-001 -9.2670500963e-001
0 0 0
4 0 19 88.3500 103.5000 1 19 31.1900 111.1900 2 19 121.5700 32.1000 3 19 -79.5800 -31.3500
1.0278175865e-001 1.2061240385e-001 -9.1545108183e-001
0 0 0
4 0 20 81.4600 104.6300 1 20 33.2200 111.3000 2 20 115.3100 45.8100 3 20 -68.3300 -18.0800
9.1377874577e-002 1.1653773230e-001 -9.0650923844e-001
0 0 0
4 0 21 74.1000 103.0000 1 21 36.2100 108.5000 2 21 110.0000 53.0000 3 21 -57.0000 -8.1000
8.1642005162e-002 1.1044347994e-001 -8.9808230587e-001
0 0 0
4 0 22 66.3600 99.1400 1 22 39.3800 104.1600 2 22 102.6500 59.6200 3 22 -49.0700 -2.2900
7.0022132412e-002 1.0183177151e-001 -8.8698684507e-001
0 0 0
4 0 23 60.1700 94.0200 1 23 45.7800 97.5000 2 23 94.4500 64.2100 3 23 -37.4200 6.7200
6.0322623335e-002 9.1082378618e-002 -8.7479887660e-001
0 0 0
4 0 24 53.7100 85.7100 1 24 53.3500 90.5300 2 24 82.8300 68.5700 3 24 -30.0000 13.1100
5.2406972123e-002 7.6964301959e-002 -8.6251992242e-001
0 0 0
4 0 25 49.2400 75.3700 1 25 63.7900 79.7700 2 25 69.7300 69.3600 3 25 -23.8400 17.0500
4.6474518337e-002 5.9284354079e-002 -8.4931867483e-001
0 0 0
4 0 26 46.3200 60.0000 1 26 78.2700 66.2700 2 26 56.5800 68.0800 3 26 -20.7000 19.6500
4.3514320977e-002 4.1726727053e-002 -8.3722744451e-001
0 0 0
4 0 27 45.5500 44.2500 1 27 92.3800 53.8200 2 27 42.0900 65.0900 3 27 -19.7200 19.8700
4.2050007312e-002 2.2633818409e-002 -8.2395150073e-001
0 0 0
4 0 28 46.3300 26.2700 1 28 108.7000 40.1100 2 28 26.6700 61.5000 3 28 -20.6900 20.0900
4.2833117358e-002 1.0793295301e-002 -8.1282373920e-001
0 0 0
4 0 29 49.0000 14.4600 1 29 122.0000 32.9200 2 29 15.0000 60.0000 3 29 -23.3100 21.9100
4.3581160576e-002 1.8557359144e-003 -7.9824990022e-001
0 0 0
4 0 30 52.7800 5.3200 1 30 137.3800 28.7200 2 30 2.1300 61.8700 3 30 -26.5500 27.2400
4.3248235538e-002 -1.1009006809e-003 -7.8519902978e-001
0 0 0
4 0 31 55.7100 1.8000 1 31 148.7000 28.8900 2 31 -7.9100 67.2300 3 31 -28.7900 34.3100
4.1377325413e-002 1.1571311423e-003 -7.7480043645e-001
0 0 0
4 0 32 56.4600 3.8300 1 32 156.8100 33.0700 2 32 -12.9600 73.4000 3 32 -29.2700 43.0000
3.8406631231e-002 7.7355555641e-003 -7.6593465266e-001
0 0 0
4 0 33 56.2500 11.0000 1 33 161.5300 39.3000 2 33 -15.3900 83.0000 3 33 -29.4600 52.6400
3.6348984068e-002 1.6877449960e-002 -7.6097015521e-001
0 0 0
4 0 34 55.3800 20.5000 1 34 162.5300 49.1300 2 34 -15.1700 91.0000 3 34 -29.2000 60.7600
3.3967551743e-002 2.8962754627e-002 -7.6002798781e-001
0 0 0
4 0 35 53.6800 33.6900 1 35 158.6200 59.8400 2 35 -11.1200 99.3300 3 35 -28.0800 68.3100
3.1294233766e-002 4.0844802928e-002 -7.6419581098e-001
0 0 0
4 0 36 50.3000 46.5800 1 36 149.7400 69.0000 2 36 -3.8900 105.5200 3 36 -25.5700 72.4700
3.1853952151e-002 6.0123288020e-002 -7.7023822240e-001
0 0 0
4 0 37 50.2400 66.8500 1 37 137.8000 85.5200 2 37 6.2300 114.1900 3 37 -25.6300 79.3700
3.6761304818e-002 8.1549634428e-002 -7.7812623052e-001
0 0 0
4 0 38 53.7900 88.3100 1 38 124.6800 104.0500 2 38 17.2600 122.0000 3 38 -30.2100 86.6800
4.8213554211e-002 1.0359034378e-001 -7.8817351372e-001
0 0 0
4 0 39 64.0500 109.4400 1 39 112.7100 124.0300 2 39 27.8800 128.0000 3 39 -39.2400 90.2100
6.1840277760e-002 1.1836843206e-001 -7.9940068557e-001
0 0 0
4 0 40 76.1400 122.3200 1 40 103.6400 135.6400 2 40 37.2800 127.1200 3 40 -50.2900 89.2900
7.9504670848e-002 1.2821427755e-001 -8.1500184502e-001
0 0 0
4 0 41 88.0400 127.2700 1 41 93.5000 142.8800 2 41 45.9000 119.3400 3 41 -66.6900 80.0900
9.7347119927e-002 1.3126278046e-001 -8.2980968476e-001
0 0 0
4 0 42 101.4100 126.4600 1 42 87.8400 143.5800 2 42 52.5300 105.1300 3 42 -81.5900 67.0000
1.1086231759e-001 1.3078309536e-001 -8.4015414164e-001
0 0 0
4 0 43 109.7300 123.2400 1 43 84.9100 141.3200 2 43 55.0000 95.2100 3 43 -95.0000 53.3600
1.2367877536e-001 1.2677958516e-001 -8.4928284278e-001
0 0 0
4 0 44 117.6900 117.5400 1 44 84.3500 137.8800 2 44 55.5200 79.6100 3 44 -106.0000 40.6300
1.3242648340e-001 1.2034979367e-001 -8.5444077850e-001
0 0 0
4 0 45 123.3200 110.8200 1 45 85.5500 132.9000 2 45 52.9300 66.7000 3 45 -112.8100 30.4700
1.3896834389e-001 1.1256407191e-001 -8.5781190182e-001
0 0 0
4 0 46 127.5700 102.6700 1 46 88.0000 126.4700 2 46 49.7400 57.0000 3 46 -118.0000 20.6300
1.4475980889e-001 1.0398310142e-001 -8.5902664967e-001
0 0 0
4 0 47 131.4100 95.0800 1 47 91.1900 120.9000 2 47 43.5200 46.3900 3 47 -121.7000 13.3500
1.5037299134e-001 9.4901736330e-002 -8.5590291793e-001
0 0 0
4 0 48 137.4100 86.4900 1 48 98.4700 115.3500 2 48 35.2400 40.2100 3 48 -126.1600 9.0500
1.4818536950e-001 8.6227050424e-002 -8.4647954606e-001
0 0 0
4 0 49 138.4600 79.3800 1 49 106.0000 111.1400 2 49 23.9100 41.3800 3 49 -123.3600 12.5000
1.4066313144e-001 7.8020952581e-002 -8.3568052451e-001
0 0 0
4 0 50 134.6200 73.4200 1 50 115.4100 105.7600 2 50 16.2300 46.1900 3 50 -116.5800 18.4500
1.2705622003e-001 6.8321158833e-002 -8.2263084946e-001
0 0 0
4 0 51 126.4800 65.4800 1 51 122.2800 99.1100 2 51 7.1200 54.6700 3 51 -104.0000 26.1200
1.1325881111e-001 5.4495316740e-002 -8.1232181119e-001
0 0 0
4 0 52 117.6000 54.4000 1 52 130.9100 87.2200 2 52 0.9100 57.2200 3 52 -89.7900 29.7900
9.9418061134e-002 3.5597236135e-002 -8.0024659099e-001
0 0 0
4 0 53 107.7100 35.7100 1 53 141.0000 73.1200 2 53 -9.2600 58.2200 3 53 -76.5000 31.5000
9.3308989449e-002 1.5353813156e-002 -7.8956087655e-001
0 0 0
4 0 54 104.9300 17.0000 1 54 155.1100 56.2900 2 54 -20.1200 54.3600 3 54 -70.4000 29.6000
8.9562684004e-002 -3.0534200123e-003 -7.8155835896e-001
0 0 0
4 0 55 102.7300 -0.6900 1 55 166.5200 40.8300 2 55 -29.9000 48.9500 3 55 -67.0000 27.0000
8.8127683700e-002 -1.7070840680e-002 -7.7487227567e-001
0 0 0
4 0 56 102.7200 -16.5600 1 56 175.0000 31.2900 2 56 -38.4700 45.3700 3 56 -65.4200 25.1100
8.4587732860e-002 -2.5070441715e-002 -7.6932067111e-001
0 0 0
4 0 57 100.9300 -25.8300 1 57 181.2900 25.0000 2 57 -42.0500 45.6400 3 57 -62.9100 25.6800
7.9461542453e-002 -2.4170719048e-002 -7.6522317992e-001
0 0 0
4 0 58 96.6000 -24.7500 1 58 183.2700 25.0000 2 58 -42.6400 49.7300 3 58 -60.0000 29.8600
7.2858797408e-002 -1.2552257435e-002 -7.6244819095e-001
0 0 0
4 0 59 91.8300 -12.9200 1 59 180.3000 33.7000 2 59 -38.0400 60.4200 3 59 -56.0000 38.3800
6.4837598854e-002 5.7099911025e-003 -7.6784340302e-001
0 0 0
4 0 60 82.6400 7.1800 1 60 167.8100 45.8500 2 60 -26.0000 71.0000 3 60 -50.1400 45.3300
6.1335702259e-002 1.9523689924e-002 -7.7446448836e-001
0 0 0
4 0 61 77.8100 21.9300 1 61 156.6200 55.2800 2 61 -15.8800 77.0400 3 61 -47.0900 48.7800
6.2793514700e-002 3.2994570338e-002 -7.8582933019e-001
0 0 0
4 0 62 76.3700 36.0800 1 62 142.4800 64.5200 2 62 -5.5000 78.9500 3 62 -47.1400 47.4300
6.7901587446e-002 4.0868463185e-002 -8.0214637425e-001
0 0 0
4 0 63 77.1500 43.2500 1 63 129.5500 68.5900 2 63 8.2400 73.2000 3 63 -49.0900 39.2200
7.4592231990e-002 4.4665734618e-002 -8.1969405982e-001
0 0 0
4 0 64 78.9300 45.9600 1 64 115.2400 68.6800 2 64 18.5000 63.5000 3 64 -51.9600 27.8800
8.3745399483e-002 4.4908065762e-002 -8.3375451078e-001
0 0 0
4 0 65 83.1500 45.2500 1 65 107.8700 67.8700 2 65 25.1700 53.2800 3 65 -57.7500 14.3900
9.1963124401e-002 4.5299612328e-002 -8.4198070806e-001
0 0 0
4 0 66 88.7700 44.9200 1 66 104.1300 68.1300 2 66 28.2800 44.6200 3 66 -63.2400 7.4800
9.6589143355e-002 4.6426599270e-002 -8.4713054978e-001
0 0 0
4 0 67 91.7700 45.6600 1 67 101.5400 68.6800 2 67 30.8200 40.4300 3 67 -66.5300 3.1300
9.9760330027e-002 4.9572243232e-002 -8.4876655171e-001
0 0 0
4 0 68 93.9300 48.3300 1 68 100.5200 71.7600 2 68 31.8800 40.0000 3 68 -69.6800 2.5300
9.3672242628e-002 7.8240144164e-002 -9.1190459030e-001
0 0 0
3 1 8 45.7800 78.3800 2 8 94.5500 24.3200 3 8 -53.1500 -34.4800
9.4340132138e-002 6.8236821145e-002 -9.2279696290e-001
0 0 0
3 1 9 41.3800 67.8500 2 9 98.2600 11.1100 3 9 -50.5400 -48.2600
