# Bundle file v0.3
4 149
7.6800000000e+002 0.0000000000e+000 0.0000000000e+000
1.0000000000e+000 0.0000000000e+000 0.0000000000e+000
0.0000000000e+000 1.0000000000e+000 0.0000000000e+000
0.0000000000e+000 0.0000000000e+000 1.0000000000e+000
-0.0000000000e+000 -0.0000000000e+000 -0.0000000000e+000
7.6800000000e+002 0.0000000000e+000 0.0000000000e+000
3.0033316836e-001 -3.4880491757e-001 -8.8776974349e-001
3.7729608907e-001 8.9827135238e-001 -2.2529145271e-001
8.7604089468e-001 -2.6728955642e-001 4.0138341255e-001
-8.5058286883e-001 -1.8698165363e-001 -4.9147395095e-001
0 0 0
0 0 0
0 0 0
0 0 0
0 0 0
0 0 0
0 0 0
0 0 0
0 0 0
0 0 0
-1.6377157080e-001 -3.5101923548e-002 -6.6413768452e-001
0 0 0
2 0 0 -189.3400 -40.4200 1 0 -256.4300 -112.7300
-1.6187622066e-001 -3.5660459233e-002 -6.5700371618e-001
0 0 0
2 0 1 -189.1700 -41.4700 1 1 -262.5900 -114.5900
-1.5920644618e-001 -3.6102591938e-002 -6.5464505609e-001
0 0 0
2 0 2 -186.7200 -42.1400 1 2 -264.5900 -114.9600
-1.5409430297e-001 -3.6877604060e-002 -6.5393465624e-001
0 0 0
2 0 3 -180.9300 -43.1400 1 3 -265.0700 -114.6100
-1.4576719313e-001 -3.7941924260e-002 -6.5240561366e-001
0 0 0
2 0 4 -171.5200 -44.3700 1 4 -266.2000 -114.2300
-1.3707442570e-001 -3.9324457116e-002 -6.5206003952e-001
0 0 0
2 0 5 -161.4200 -46.2100 1 5 -266.2700 -113.3000
-1.3154178585e-001 -4.0076629188e-002 -6.5226437570e-001
0 0 0
2 0 6 -154.8700 -47.1400 1 6 -265.9400 -112.5700
-1.2449578606e-001 -4.1257198806e-002 -6.5350946776e-001
0 0 0
2 0 7 -146.2900 -48.4200 1 7 -264.5300 -111.6900
-1.1906366970e-001 -4.1043184471e-002 -6.5565953744e-001
0 0 0
2 0 8 -139.4600 -48.0600 1 8 -262.6000 -109.6600
-1.1467994959e-001 -3.6610093055e-002 -6.5786805197e-001
0 0 0
2 0 9 -133.6600 -41.9100 1 9 -261.3900 -105.3900
-1.1158616040e-001 -2.9651638213e-002 -6.6283124167e-001
0 0 0
2 0 10 -129.3900 -34.7200 1 10 -258.6800 -95.9500
-1.0916218843e-001 -1.1302419252e-002 -6.9762159235e-001
0 0 0
2 0 11 -120.2300 -12.6300 1 11 -231.2200 -71.8900
-1.4104714710e-001 -3.3944616250e-002 -7.6616458284e-001
0 0 0
2 0 12 -141.4400 -34.2300 1 12 -168.9700 -82.2100
-1.4498804061e-001 -3.8860671349e-002 -7.7218827403e-001
0 0 0
2 0 13 -144.0800 -38.1900 1 13 -163.0700 -86.4100
-1.4683826112e-001 -4.5371891618e-002 -7.7687126087e-001
0 0 0
2 0 14 -145.2200 -45.0800 1 14 -158.0000 -90.0000
-1.4708295391e-001 -5.4360262838e-002 -7.8450262422e-001
0 0 0
2 0 15 -144.0300 -53.3800 1 15 -149.6300 -95.3700
-1.4701615100e-001 -6.2628073824e-002 -7.9272548152e-001
0 0 0
2 0 16 -142.2800 -60.0600 1 16 -140.8100 -100.8100
-1.4542649720e-001 -6.9167328620e-002 -7.9925422524e-001
0 0 0
2 0 17 -139.5900 -65.8400 1 17 -133.7600 -104.0400
-1.4291309885e-001 -7.7311815086e-002 -8.0830638353e-001
0 0 0
2 0 18 -135.6700 -72.9600 1 18 -124.1900 -107.5800
-1.3893648739e-001 -8.3426770979e-002 -8.1640023210e-001
0 0 0
2 0 19 -130.6300 -78.1800 1 19 -115.6900 -109.3800
-1.3334595359e-001 -8.7954159798e-002 -8.2132865694e-001
0 0 0
2 0 20 -124.7100 -82.3400 1 20 -109.8700 -110.1300
-1.2823289301e-001 -9.2228486674e-002 -8.2793867626e-001
0 0 0
2 0 21 -118.9400 -85.5100 1 21 -102.7100 -111.0000
-1.2479743823e-001 -9.3375039353e-002 -8.3410057853e-001
0 0 0
2 0 22 -114.9200 -86.0300 1 22 -97.0000 -109.6000
-1.1796386789e-001 -9.3508119870e-002 -8.3983588586e-001
0 0 0
2 0 23 -107.8600 -85.4500 1 23 -91.2900 -107.0000
-1.0932528203e-001 -9.3495218409e-002 -8.4396348564e-001
0 0 0
2 0 24 -99.3900 -84.6700 1 24 -86.5000 -104.5000
-9.8549969360e-002 -9.0985491718e-002 -8.5343604089e-001
0 0 0
2 0 25 -88.5900 -81.4800 1 25 -77.7500 -97.8100
-3.9174515842e-002 -1.0102628790e-001 -8.7381977983e-001
0 0 0
2 0 26 -34.4300 -88.7900 1 26 -46.4300 -86.4700
-1.1494445298e-001 -1.1815099321e-001 -8.5049831702e-001
0 0 0
2 0 27 -103.7800 -106.6200 1 27 -75.6400 -123.4300
-1.2781524944e-001 -1.1847157981e-001 -8.5031665484e-001
0 0 0
2 0 28 -115.4100 -106.8500 1 28 -78.0000 -126.3800
-1.3645056532e-001 -1.1698838597e-001 -8.5112707095e-001
0 0 0
2 0 29 -123.0900 -105.4000 1 29 -79.2900 -126.7100
-1.4523804823e-001 -1.1290819748e-001 -8.5363797831e-001
0 0 0
2 0 30 -130.6800 -101.6400 1 30 -80.0000 -124.3800
-1.5097455264e-001 -1.0862820454e-001 -8.5772342690e-001
0 0 0
2 0 31 -135.1400 -97.0700 1 31 -78.9600 -121.5000
-1.5531640931e-001 -1.0345707125e-001 -8.6331236487e-001
0 0 0
2 0 32 -138.1200 -91.8100 1 32 -76.8300 -117.1200
-1.5813352406e-001 -9.9721910892e-002 -8.6953330524e-001
0 0 0
2 0 33 -139.7200 -88.3100 1 33 -73.7000 -112.9000
-1.6211036069e-001 -9.5455990054e-002 -8.7561316529e-001
0 0 0
2 0 34 -142.2600 -84.0500 1 34 -71.0000 -109.0000
-1.6103238101e-001 -9.0174538420e-002 -8.8306705080e-001
0 0 0
2 0 35 -140.0000 -78.2100 1 35 -66.5900 -103.7600
-1.6218738997e-001 -8.7301689954e-002 -8.9021944536e-001
0 0 0
2 0 36 -139.9400 -75.4000 1 36 -62.3500 -99.9500
-1.5907980586e-001 -8.6086986429e-002 -9.0488592808e-001
0 0 0
2 0 37 -135.0000 -73.0000 1 37 -51.4000 -95.3500
-1.5589751154e-001 -9.0081837951e-002 -9.1201483734e-001
0 0 0
2 0 38 -131.2900 -75.9000 1 38 -44.6000 -95.9500
-1.5656431596e-001 -9.7595521887e-002 -9.1734445216e-001
0 0 0
2 0 39 -130.9300 -81.0700 1 39 -38.8000 -101.2000
-1.6006286247e-001 -1.0887498536e-001 -9.1814243567e-001
0 0 0
2 0 40 -133.9800 -91.4900 1 40 -36.1100 -108.9400
-1.6847270785e-001 -1.2305268049e-001 -9.1659683629e-001
0 0 0
2 0 41 -141.2900 -103.7300 1 41 -35.2000 -121.2000
-1.7556159734e-001 -1.3396641727e-001 -9.1135275136e-001
0 0 0
2 0 42 -147.7800 -112.0500 1 42 -37.3000 -133.4000
-1.8507962021e-001 -1.4225590340e-001 -9.0522268336e-001
0 0 0
2 0 43 -156.9100 -120.0900 1 43 -41.4400 -142.3900
-1.9485920497e-001 -1.4576564344e-001 -9.0170630109e-001
0 0 0
2 0 44 -165.9300 -123.9600 1 44 -45.0000 -147.0000
-2.0183507495e-001 -1.4613021028e-001 -8.9213991369e-001
0 0 0
2 0 45 -173.6600 -125.3000 1 45 -53.0000 -151.0000
-2.1176649500e-001 -1.4438219123e-001 -8.8332606073e-001
0 0 0
2 0 46 -184.0300 -125.0400 1 46 -61.5300 -153.3700
-2.2155016077e-001 -1.3949694082e-001 -8.7690822588e-001
0 0 0
2 0 47 -193.9200 -121.5400 1 47 -69.0000 -153.0000
-2.2451346879e-001 -1.3000111968e-001 -8.6521029829e-001
0 0 0
2 0 48 -199.2800 -115.3500 1 48 -80.2400 -148.5900
-2.2564749380e-001 -1.1873278161e-001 -8.5966820848e-001
0 0 0
2 0 49 -201.3900 -105.0600 1 49 -87.0000 -143.0000
-2.1976445510e-001 -1.0572789938e-001 -8.5352864663e-001
0 0 0
2 0 50 -197.5300 -94.0900 1 50 -93.6700 -134.0000
-2.1318156737e-001 -9.4821955456e-002 -8.5258631718e-001
0 0 0
2 0 51 -192.1500 -85.9700 1 51 -96.2800 -123.2200
-1.9863763892e-001 -8.1983568553e-002 -8.5533586171e-001
0 0 0
2 0 52 -178.4000 -73.8100 1 52 -95.2100 -110.9500
-1.8260985600e-001 -7.3540034961e-002 -8.5827259930e-001
0 0 0
2 0 53 -163.1800 -64.8600 1 53 -92.5200 -102.2400
-1.7403539073e-001 -6.7168225319e-002 -8.6408107660e-001
0 0 0
2 0 54 -155.0000 -61.0000 1 54 -88.9100 -91.9100
-1.5145717208e-001 -6.0913408681e-002 -8.6232797084e-001
0 0 0
2 0 55 -134.9300 -54.4100 1 55 -88.0000 -84.0000
-1.3500960304e-001 -5.8820537342e-002 -8.5753751162e-001
0 0 0
2 0 56 -120.8000 -52.2400 1 56 -89.4000 -80.3500
1.1309297737e-001 1.6799388301e-002 -6.8055715074e-001
0 0 0
2 0 57 127.4700 18.5900 1 57 -250.3200 28.0000
1.2001700947e-001 9.5648318658e-003 -6.8079661203e-001
0 0 0
2 0 58 135.3900 10.7900 1 58 -247.6100 23.5100
1.2641673459e-001 1.0908511013e-002 -6.7809510433e-001
0 0 0
2 0 59 143.2300 12.4800 1 59 -251.0700 27.1400
1.3054147698e-001 1.5448711099e-002 -6.7867784203e-001
0 0 0
2 0 60 147.3500 16.6100 1 60 -252.0000 35.0000
1.3005579396e-001 1.9991227416e-002 -6.7662571837e-001
0 0 0
2 0 61 147.4800 22.3700 1 61 -255.6900 38.4400
1.2625613675e-001 2.0495381121e-002 -6.7716842363e-001
0 0 0
2 0 62 143.0600 22.9400 1 62 -255.2300 37.2100
1.1884704404e-001 2.1401316124e-002 -6.7401973771e-001
0 0 0
2 0 63 135.2100 23.9000 1 63 -259.3600 33.9800
1.0985274088e-001 2.0822214910e-002 -6.6897741951e-001
0 0 0
2 0 64 126.2300 24.1800 1 64 -264.9200 27.1200
9.4399575418e-002 2.3241856252e-002 -6.6502464367e-001
0 0 0
2 0 65 108.8700 26.4900 1 65 -270.3500 22.1500
7.9042921554e-002 2.7587051346e-002 -6.6040657284e-001
0 0 0
2 0 66 91.8200 31.8400 1 66 -276.6600 18.4000
6.6751254470e-002 3.0286033897e-002 -6.5465391414e-001
0 0 0
2 0 67 78.3500 35.6300 1 67 -283.5700 13.9600
5.1726731716e-002 3.2465187030e-002 -6.5429552419e-001
0 0 0
2 0 68 60.4800 37.5300 1 68 -284.4000 10.4000
3.9172902344e-002 2.4421671285e-002 -6.5329071974e-001
0 0 0
2 0 69 46.3100 29.3700 1 69 -282.6600 -4.0200
3.1508782920e-002 1.3917411795e-002 -6.3748151746e-001
0 0 0
2 0 70 38.0400 16.9800 1 70 -297.2100 -20.3900
3.1144236965e-002 3.1859226033e-003 -6.2477183181e-001
0 0 0
2 0 71 38.2600 3.8500 1 71 -308.6800 -33.8400
3.3585477893e-002 3.6295286343e-004 -6.1944375475e-001
0 0 0
2 0 72 41.6400 0.4500 1 72 -314.1000 -37.2000
3.3663345841e-002 4.6186383147e-003 -6.2248491965e-001
0 0 0
2 0 73 41.4200 5.3900 1 73 -311.8500 -31.8300
2.3587459125e-002 8.1161386444e-003 -6.3234164465e-001
0 0 0
2 0 74 28.4700 9.3700 1 74 -301.2600 -29.3600
1.1384222714e-001 2.3439438681e-002 -7.3183573320e-001
0 0 0
2 0 75 120.2900 26.5500 1 75 -193.5700 44.6100
1.3368485055e-001 2.6664306228e-002 -7.4326721858e-001
0 0 0
2 0 76 138.1500 27.5900 1 76 -180.6100 61.9400
1.5965258907e-001 1.8000907885e-002 -7.4446374815e-001
0 0 0
2 0 77 164.7000 18.5700 1 77 -173.4700 66.9800
1.7220565580e-001 2.9007542238e-003 -7.4095016797e-001
0 0 0
2 0 78 178.4300 2.8600 1 78 -170.8600 57.2700
1.8623164959e-001 -2.5480936145e-002 -7.3204621115e-001
0 0 0
2 0 79 195.3000 -26.9300 1 79 -169.6300 31.7700
1.9121170639e-001 -5.2352031372e-002 -7.1922549940e-001
0 0 0
2 0 80 204.0600 -56.2300 1 80 -175.0400 0.5000
1.8602184567e-001 -6.7938545139e-002 -7.0970133329e-001
0 0 0
2 0 81 201.1300 -74.0300 1 81 -181.9900 -22.7000
1.7608069507e-001 -8.3790754185e-002 -6.9885094712e-001
0 0 0
2 0 82 193.2800 -92.8000 1 82 -191.1300 -48.8700
1.6365257758e-001 -9.4151653003e-002 -6.9002177774e-001
0 0 0
2 0 83 182.2400 -104.4700 1 83 -199.6700 -69.8700
1.4370803733e-001 -1.0041712432e-001 -6.8461474994e-001
0 0 0
2 0 84 161.2300 -112.5800 1 84 -206.0500 -86.0900
1.2452964027e-001 -1.0662307554e-001 -6.8147902398e-001
0 0 0
2 0 85 140.3400 -120.1600 1 85 -209.3100 -100.6700
9.7081471900e-002 -1.1826056035e-001 -6.8322072877e-001
0 0 0
2 0 86 109.1200 -132.9700 1 86 -205.4600 -121.4400
6.7586086149e-002 -1.2949846432e-001 -6.9113614206e-001
0 0 0
2 0 87 75.0900 -143.9600 1 87 -195.1700 -138.8500
4.8258362928e-002 -1.3814342669e-001 -6.9939606658e-001
0 0 0
2 0 88 53.2700 -150.2900 1 88 -184.9000 -151.3500
2.9930645945e-002 -1.4480109715e-001 -7.0762682084e-001
0 0 0
2 0 89 32.7200 -155.9000 1 89 -175.8900 -159.4400
-6.0264483973e-003 -1.4745009906e-001 -7.2230705258e-001
0 0 0
2 0 90 -6.3900 -156.6800 1 90 -164.1400 -163.4900
-2.5527368779e-002 -1.4417103598e-001 -7.3761177825e-001
0 0 0
2 0 91 -26.6800 -150.6600 1 91 -152.5300 -158.6600
-4.9145814844e-002 -1.3248618867e-001 -7.5256315520e-001
0 0 0
2 0 92 -50.0600 -134.7200 1 92 -144.7100 -149.0900
-2.5449870065e-002 -1.3579078135e-001 -8.4101076859e-001
0 0 0
2 0 93 -23.2400 -124.0000 1 93 -60.5300 -121.6400
-1.0342677233e-002 -1.3917409766e-001 -8.5672662745e-001
0 0 0
2 0 94 -9.3800 -125.2700 1 94 -42.4700 -116.4300
5.2586811050e-003 -1.3684074851e-001 -8.6334283096e-001
0 0 0
2 0 95 4.7500 -121.4000 1 95 -33.5200 -109.6200
1.2166733697e-002 -1.2948898492e-001 -8.6705483829e-001
0 0 0
2 0 96 10.8100 -114.5500 1 96 -30.9400 -100.0900
6.0638130697e-003 -1.2151424664e-001 -8.6448649193e-001
0 0 0
2 0 97 5.2800 -108.4100 1 97 -37.3900 -94.6100
-1.4400704310e-002 -1.1388899945e-001 -8.6117694515e-001
0 0 0
2 0 98 -12.9000 -101.8100 1 98 -47.5200 -94.1600
-3.8692381827e-002 -1.0812799545e-001 -8.6100476191e-001
0 0 0
2 0 99 -34.6100 -96.8600 1 99 -54.8900 -95.1100
-5.6004204554e-002 -1.1007739332e-001 -8.5753571208e-001
0 0 0
2 0 100 -50.0500 -98.1200 1 100 -60.7300 -102.6500
-7.5300480822e-002 -1.2327420000e-001 -8.5939652300e-001
0 0 0
2 0 101 -67.1000 -109.2700 1 101 -59.2800 -117.9700
-8.5324771978e-002 -1.4737348724e-001 -8.5960540652e-001
0 0 0
2 0 102 -76.6600 -133.8900 1 102 -54.6000 -136.8000
-8.9404243930e-002 -1.7428062762e-001 -8.5509397254e-001
0 0 0
2 0 103 -80.1300 -155.5300 1 103 -50.8800 -164.6700
-9.0012788890e-002 -1.9709188413e-001 -8.4683644262e-001
0 0 0
2 0 104 -81.5400 -178.1100 1 104 -51.0600 -186.2100
-8.9935660807e-002 -2.0752167929e-001 -8.4079359241e-001
0 0 0
2 0 105 -82.2100 -190.0000 1 105 -53.0000 -195.9000
-8.6969693891e-002 -2.1189246041e-001 -8.4079120472e-001
0 0 0
2 0 106 -79.4100 -193.3200 1 106 -51.0000 -200.0000
-8.0075688662e-002 -2.1447321153e-001 -8.4524704303e-001
0 0 0
2 0 107 -72.7400 -194.7400 1 107 -45.0000 -199.9000
-7.3011444185e-002 -2.1542477411e-001 -8.5087296988e-001
0 0 0
2 0 108 -65.9200 -194.5900 1 108 -38.4300 -197.8000
-6.3857231730e-002 -2.1503824680e-001 -8.5704809656e-001
0 0 0
2 0 109 -57.2900 -193.1900 1 109 -31.2500 -193.9700
-5.4504211181e-002 -2.1281008542e-001 -8.6265418481e-001
0 0 0
2 0 110 -48.6000 -190.0000 1 110 -24.9600 -188.8900
-4.8772058989e-002 -2.0903191533e-001 -8.6639943248e-001
0 0 0
2 0 111 -43.3100 -185.8200 1 111 -21.5700 -183.5300
-4.3794966406e-002 -2.0142736727e-001 -8.7086050767e-001
0 0 0
2 0 112 -38.7400 -178.4000 1 112 -19.0000 -174.3900
-3.9000940729e-002 -1.9092480977e-001 -8.7705049473e-001
0 0 0
2 0 113 -34.2400 -167.7200 1 113 -15.9200 -162.6400
-3.5128594776e-002 -1.7675130361e-001 -8.8350016384e-001
0 0 0
2 0 114 -30.6700 -154.3900 1 114 -14.0900 -147.3700
-3.4092652088e-002 -1.6479147605e-001 -8.8706540027e-001
0 0 0
2 0 115 -29.6000 -143.1100 1 115 -14.6400 -136.0000
-4.5482192451e-002 -1.1729559818e-001 -9.2203465845e-001
0 0 0
2 0 116 -37.9400 -97.9400 1 116 -4.2500 -89.6100
-4.8854852414e-002 -1.0405872766e-001 -9.2772306047e-001
0 0 0
2 0 117 -40.4600 -86.2100 1 117 -4.6900 -78.4800
-5.2988843846e-002 -9.4460505769e-002 -9.3017025432e-001
0 0 0
2 0 118 -43.7400 -77.9500 1 118 -6.7300 -71.3500
-5.9912181743e-002 -8.1964605008e-002 -9.2894909214e-001
0 0 0
2 0 119 -49.5700 -67.9100 1 119 -13.1500 -63.3000
-6.7368514346e-002 -7.5000816016e-002 -9.2169993015e-001
0 0 0
2 0 120 -56.2600 -62.9700 1 120 -22.6000 -61.0400
-7.7458574818e-002 -6.9072542919e-002 -9.1538565634e-001
0 0 0
2 0 121 -65.0000 -58.0000 1 121 -31.3800 -60.8500
-8.3161795169e-002 -6.6886263683e-002 -9.0974323432e-001
0 0 0
2 0 122 -70.2300 -56.5600 1 122 -37.5800 -61.8100
-8.5204190154e-002 -7.0647381365e-002 -8.9924159123e-001
0 0 0
2 0 123 -72.8300 -60.5700 1 123 -45.0400 -67.4100
-9.1003672758e-002 -8.2387643035e-002 -8.8526989197e-001
0 0 0
2 0 124 -79.0300 -71.8000 1 124 -53.7700 -81.0700
-9.5273039016e-002 -9.1430406877e-002 -8.7499740555e-001
0 0 0
2 0 125 -83.6900 -80.5300 1 125 -60.1000 -91.6300
-9.9852788367e-002 -9.9690411149e-002 -8.6459803527e-001
0 0 0
2 0 126 -88.7400 -88.7400 1 126 -66.8400 -101.7800
-1.0367863536e-001 -1.0479172268e-001 -8.6071959888e-001
0 0 0
2 0 127 -92.4100 -93.0600 1 127 -69.1100 -108.2900
-1.0814421090e-001 -1.0665720571e-001 -8.5973789623e-001
0 0 0
2 0 128 -96.6100 -95.3000 1 128 -70.2800 -110.4800
-1.1146026083e-001 -1.0531592367e-001 -8.5990057552e-001
0 0 0
2 0 129 -99.5100 -93.8900 1 129 -71.1100 -110.2900
-1.1067640409e-001 -1.0211205650e-001 -8.6139900345e-001
0 0 0
2 0 130 -98.7100 -91.1900 1 130 -70.7200 -106.8800
-1.0644080153e-001 -9.7643020711e-002 -8.6278511313e-001
0 0 0
2 0 131 -94.8500 -87.3600 1 131 -70.1200 -101.7700
-1.0378067701e-001 -9.2274154045e-002 -8.6401910971e-001
0 0 0
2 0 132 -92.1600 -81.6500 1 132 -70.0000 -97.5000
-1.0422229583e-001 -8.6503622000e-002 -8.6404569564e-001
0 0 0
2 0 133 -92.7100 -77.1900 1 133 -71.7600 -92.3200
-1.0555514433e-001 -7.9635982639e-002 -8.6149963639e-001
0 0 0
2 0 134 -94.1600 -71.2400 1 134 -75.8700 -87.8700
-1.0463002573e-001 -7.5686009992e-002 -8.5971635454e-001
0 0 0
2 0 135 -93.3900 -67.3000 1 135 -78.0800 -85.5600
-1.0362769107e-001 -7.3367802401e-002 -8.5909546593e-001
0 0 0
2 0 136 -92.6600 -65.6700 1 136 -79.0900 -83.2200
-1.0255425545e-001 -7.2971809970e-002 -8.5802758940e-001
0 0 0
2 0 137 -91.7900 -65.3000 1 137 -79.8300 -83.0000
-1.0246362702e-001 -7.2765683742e-002 -8.5762716914e-001
0 0 0
2 0 138 -91.7300 -65.0600 1 138 -80.1700 -83.0000
-1.0198832287e-001 -7.2172368447e-002 -8.5814255091e-001
0 0 0
2 0 139 -91.2900 -64.6500 1 139 -79.8700 -82.1300
-1.0222886781e-001 -7.2313643534e-002 -8.5955312071e-001
0 0 0
2 0 140 -91.3500 -64.6500 1 140 -78.7600 -82.0000
-1.0451712225e-001 -7.2536740253e-002 -8.6208945719e-001
0 0 0
2 0 141 -93.1100 -64.6200 1 141 -77.1100 -82.1900
-1.0906165941e-001 -7.1311403390e-002 -8.6640015005e-001
0 0 0
2 0 142 -96.7100 -63.3500 1 142 -74.9200 -81.2000
-1.1501296291e-001 -6.7875959562e-002 -8.7341807434e-001
0 0 0
2 0 143 -101.1100 -59.6000 1 143 -71.4600 -78.6400
-1.2459712565e-001 -7.0161752388e-002 -8.7693458886e-001
0 0 0
2 0 144 -109.0700 -61.2500 1 144 -69.8800 -82.0000
-1.3201649465e-001 -7.3649865651e-002 -8.7715465411e-001
0 0 0
2 0 145 -115.5300 -64.2500 1 145 -70.1200 -86.3600
-1.4178810629e-001 -7.8277539525e-002 -8.7378331545e-001
0 0 0
2 0 146 -124.5500 -68.5000 1 146 -73.1700 -92.8800
-1.5003096865e-001 -8.2375342931e-002 -8.6691690449e-001
0 0 0
2 0 147 -132.8800 -72.8400 1 147 -78.7200 -99.1200
-1.5572594932e-001 -8.5955354002e-002 -8.6266926005e-001
0 0 0
2 0 148 -138.6800 -76.7100 1 148 -82.0000 -103.6200
