# Bundle file v0.3
4 149
5.4540164975e+002 -1.3662476777e-001 -4.5180914462e-003
9.7636581684e-001 3.6481488180e-002 -2.1302322110e-001
-3.2718930552e-002 9.9924051851e-001 2.1162649721e-002
2.1363347887e-001 -1.3692595804e-002 9.7681792036e-001
-1.7816707299e-001 1.4693198762e-002 2.5538380769e-001
5.3433190742e+002 -1.0137062025e-001 2.1380489782e-002
4.6998144628e-001 -4.0973240372e-001 -7.8181634512e-001
3.6259794953e-001 8.9716836445e-001 -2.5221350641e-001
8.0476093789e-001 -1.6494933514e-001 5.7022061493e-001
-7.4339719663e-001 -2.1042280141e-001 -6.6943112425e-002
5.7212995729e+002 -6.7854402012e-002 1.9471213244e-002
-3.9872458091e-001 4.0438098648e-001 8.2310067814e-001
-5.9105224343e-001 5.7294290052e-001 -5.6779721580e-001
-7.0119608820e-001 -7.1289020930e-001 1.0563871365e-002
6.3456403512e-001 -5.4680098483e-001 -7.0963081357e-001
5.6754644718e+002 -8.9435131853e-002 -1.8709927970e-002
-9.3808196977e-001 -2.4058998859e-002 3.4557688373e-001
-3.1018637081e-001 5.0248009007e-001 -8.0703046687e-001
-1.5422915858e-001 -8.6425396942e-001 -4.7883028620e-001
2.6190927713e-001 -6.8076586283e-001 -1.0407742741e+000
-1.1235837100e-001 -3.5643744142e-002 -6.6483020791e-001
0 0 0
2 0 0 -189.3400 -40.4200 1 0 -256.4300 -112.7300
-1.0815645193e-001 -3.5941935192e-002 -6.5828074935e-001
0 0 0
2 0 1 -189.1700 -41.4700 1 1 -262.5900 -114.5900
-1.0462296978e-001 -3.6154037868e-002 -6.5603513958e-001
0 0 0
2 0 2 -186.7200 -42.1400 1 2 -264.5900 -114.9600
-9.9049004894e-002 -3.6543654496e-002 -6.5515082170e-001
0 0 0
2 0 3 -180.9300 -43.1400 1 3 -265.0700 -114.6100
-9.0010499353e-002 -3.6996564440e-002 -6.5341489436e-001
0 0 0
2 0 4 -171.5200 -44.3700 1 4 -266.2000 -114.2300
-8.1066294284e-002 -3.7711163573e-002 -6.5270269551e-001
0 0 0
2 0 5 -161.4200 -46.2100 1 5 -266.2700 -113.3000
-7.5576477207e-002 -3.8058905960e-002 -6.5263329275e-001
0 0 0
2 0 6 -154.8700 -47.1400 1 6 -265.9400 -112.5700
-6.8912690503e-002 -3.8704282082e-002 -6.5338776065e-001
0 0 0
2 0 7 -146.2900 -48.4200 1 7 -264.5300 -111.6900
-6.4211208706e-002 -3.8259652610e-002 -6.5506966083e-001
0 0 0
2 0 8 -139.4600 -48.0600 1 8 -262.6000 -109.6600
-6.0845425846e-002 -3.4291642903e-002 -6.5710758829e-001
0 0 0
2 0 9 -133.6600 -41.9100 1 9 -261.3900 -105.3900
-5.9589977218e-002 -2.8245475220e-002 -6.6173967419e-001
0 0 0
2 0 10 -129.3900 -34.7200 1 10 -258.6800 -95.9500
-6.7369049729e-002 -1.2321834485e-002 -6.9382917883e-001
0 0 0
3 0 11 -120.2300 -12.6300 1 11 -231.2200 -71.8900 3 11 70.0000 -87.3900
-1.1973138810e-001 -3.4742501546e-002 -7.6155003339e-001
0 0 0
4 0 12 -141.4400 -34.2300 1 12 -168.9700 -82.2100 2 12 39.1600 -59.6200 3 12 100.5700 -42.1700
-1.2565864464e-001 -3.9670530747e-002 -7.6726978236e-001
0 0 0
4 0 13 -144.0800 -38.1900 1 13 -163.0700 -86.4100 2 13 36.1500 -57.0000 3 13 105.4000 -38.8300
-1.2963871443e-001 -4.6145859435e-002 -7.7316560009e-001
0 0 0
4 0 14 -145.2200 -45.0800 1 14 -158.0000 -90.0000 2 14 30.1600 -55.5800 3 14 108.8100 -36.7800
-1.3167650831e-001 -5.5022339207e-002 -7.8041522622e-001
0 0 0
4 0 15 -144.0300 -53.3800 1 15 -149.6300 -95.3700 2 15 21.9300 -55.9300 3 15 110.5100 -35.8600
-1.3316896402e-001 -6.3055379198e-002 -7.8767543355e-001
0 0 0
4 0 16 -142.2800 -60.0600 1 16 -140.8100 -100.8100 2 16 14.2900 -56.2900 3 16 111.3200 -34.1800
-1.3323785201e-001 -6.9448518000e-002 -7.9405406584e-001
0 0 0
4 0 17 -139.5900 -65.8400 1 17 -133.7600 -104.0400 2 17 6.7700 -57.0000 3 17 111.0800 -32.4200
-1.3262567401e-001 -7.7588158065e-002 -8.0291363312e-001
0 0 0
4 0 18 -135.6700 -72.9600 1 18 -124.1900 -107.5800 2 18 -4.2500 -57.5300 3 18 109.7300 -30.2700
-1.3081620956e-001 -8.3887842865e-002 -8.1068917959e-001
0 0 0
4 0 19 -130.6300 -78.1800 1 19 -115.6900 -109.3800 2 19 -14.3500 -57.8500 3 19 107.8400 -28.9500
-1.2724983928e-001 -8.8322196651e-002 -8.1715254671e-001
0 0 0
4 0 20 -124.7100 -82.3400 1 20 -109.8700 -110.1300 2 20 -23.9000 -58.7100 3 20 103.6400 -27.1800
-1.2403359757e-001 -9.2471981392e-002 -8.2395160919e-001
0 0 0
4 0 21 -118.9400 -85.5100 1 21 -102.7100 -111.0000 2 21 -32.6200 -59.2200 3 21 99.6400 -24.9300
-1.2065354205e-001 -9.3270409006e-002 -8.2890673859e-001
0 0 0
4 0 22 -114.9200 -86.0300 1 22 -97.0000 -109.6000 2 22 -37.6500 -58.7600 3 22 94.3600 -22.2300
-1.1467207687e-001 -9.3076199736e-002 -8.3396969835e-001
0 0 0
4 0 23 -107.8600 -85.4500 1 23 -91.2900 -107.0000 2 23 -43.6700 -58.8400 3 23 87.0000 -20.0000
-1.0887979860e-001 -9.2642264337e-002 -8.3911553722e-001
0 0 0
4 0 24 -99.3900 -84.6700 1 24 -86.5000 -104.5000 2 24 -49.8000 -58.2700 3 24 80.7200 -17.4700
-9.9131801714e-002 -8.9354472923e-002 -8.4872404785e-001
0 0 0
4 0 25 -88.5900 -81.4800 1 25 -77.7500 -97.8100 2 25 -58.8300 -56.2000 3 25 66.4500 -9.7600
-4.0387196370e-002 -9.5149767568e-002 -8.6131137258e-001
0 0 0
3 0 26 -34.4300 -88.7900 1 26 -46.4300 -86.4700 2 26 -88.8600 -81.1000
-1.1336375000e-001 -1.1760393761e-001 -8.4392008021e-001
0 0 0
4 0 27 -103.7800 -106.6200 1 27 -75.6400 -123.4300 2 27 -64.1100 -69.9600 3 27 86.6700 -25.8700
-1.2812453680e-001 -1.1944124578e-001 -8.4599870823e-001
0 0 0
4 0 28 -115.4100 -106.8500 1 28 -78.0000 -126.3800 2 28 -62.0200 -61.8400 3 28 101.9100 -20.4700
-1.4031359584e-001 -1.1960318132e-001 -8.4924965291e-001
0 0 0
4 0 29 -123.0900 -105.4000 1 29 -79.2900 -126.7100 2 29 -60.6200 -54.6400 3 29 115.2600 -12.6700
-1.5168834509e-001 -1.1673994800e-001 -8.5426470585e-001
0 0 0
4 0 30 -130.6800 -101.6400 1 30 -80.0000 -124.3800 2 30 -59.6900 -42.8600 3 30 125.0900 -2.8000
-1.6091846854e-001 -1.1333985962e-001 -8.6136126292e-001
0 0 0
4 0 31 -135.1400 -97.0700 1 31 -78.9600 -121.5000 2 31 -60.9400 -30.5600 3 31 132.0600 8.8700
-1.6687484002e-001 -1.0947373726e-001 -8.6760966913e-001
0 0 0
4 0 32 -138.1200 -91.8100 1 32 -76.8300 -117.1200 2 32 -62.8800 -20.7000 3 32 136.0000 18.0000
-1.7422837551e-001 -1.0610267884e-001 -8.7683656174e-001
0 0 0
4 0 33 -139.7200 -88.3100 1 33 -73.7000 -112.9000 2 33 -66.3000 -7.6400 3 33 140.6400 30.9100
-1.8121442832e-001 -1.0243819840e-001 -8.8644248199e-001
0 0 0
4 0 34 -142.2600 -84.0500 1 34 -71.0000 -109.0000 2 34 -71.0000 5.6800 3 34 143.7900 44.2600
-1.8402620670e-001 -9.7551695361e-002 -8.9595298823e-001
0 0 0
3 0 35 -140.0000 -78.2100 1 35 -66.5900 -103.7600 2 35 -75.6700 16.0400
-1.8994364760e-001 -9.5213283541e-002 -9.0702697394e-001
0 0 0
2 0 36 -139.9400 -75.4000 1 36 -62.3500 -99.9500
-1.9280929067e-001 -9.4740469017e-002 -9.2634682480e-001
0 0 0
2 0 37 -135.0000 -73.0000 1 37 -51.4000 -95.3500
-1.9161084956e-001 -9.9270696610e-002 -9.3495052573e-001
0 0 0
2 0 38 -131.2900 -75.9000 1 38 -44.6000 -95.9500
-1.9432551147e-001 -1.0794933147e-001 -9.4166038720e-001
0 0 0
2 0 39 -130.9300 -81.0700 1 39 -38.8000 -101.2000
-1.9828125714e-001 -1.2071332677e-001 -9.4229672655e-001
0 0 0
2 0 40 -133.9800 -91.4900 1 40 -36.1100 -108.9400
-2.0743726423e-001 -1.3711181605e-001 -9.4051795836e-001
0 0 0
2 0 41 -141.2900 -103.7300 1 41 -35.2000 -121.2000
-2.1340104366e-001 -1.4934965627e-001 -9.3355451377e-001
0 0 0
2 0 42 -147.7800 -112.0500 1 42 -37.3000 -133.4000
-2.2248356283e-001 -1.5903619958e-001 -9.2635197479e-001
0 0 0
2 0 43 -156.9100 -120.0900 1 43 -41.4400 -142.3900
-2.3209909967e-001 -1.6327442183e-001 -9.2338835711e-001
0 0 0
4 0 44 -165.9300 -123.9600 1 44 -45.0000 -147.0000 2 44 -128.1900 27.4800 3 44 217.0000 72.4700
-2.4146773962e-001 -1.6416663408e-001 -9.1461797637e-001
0 0 0
4 0 45 -173.6600 -125.3000 1 45 -53.0000 -151.0000 2 45 -116.0800 28.0000 3 45 232.0600 66.0600
-2.5005418389e-001 -1.6399045892e-001 -9.0586730587e-001
0 0 0
4 0 46 -184.0300 -125.0400 1 46 -61.5300 -153.3700 2 46 -104.8300 28.5800 3 46 244.4100 59.2200
-2.5665934903e-001 -1.5769681019e-001 -8.9552227866e-001
0 0 0
4 0 47 -193.9200 -121.5400 1 47 -69.0000 -153.0000 2 47 -85.5900 30.3900 3 47 250.7900 54.5800
-2.5957735928e-001 -1.4814624862e-001 -8.8601459105e-001
0 0 0
3 0 48 -199.2800 -115.3500 1 48 -80.2400 -148.5900 2 48 -68.9100 32.6800
-2.5754957004e-001 -1.3419101590e-001 -8.7679825031e-001
0 0 0
3 0 49 -201.3900 -105.0600 1 49 -87.0000 -143.0000 2 49 -49.9400 34.0300
-2.4862514884e-001 -1.1860112951e-001 -8.6979828593e-001
0 0 0
3 0 50 -197.5300 -94.0900 1 50 -93.6700 -134.0000 2 50 -37.3000 32.6100
-2.3868338013e-001 -1.0637361790e-001 -8.6784937721e-001
0 0 0
3 0 51 -192.1500 -85.9700 1 51 -96.2800 -123.2200 2 51 -33.4900 31.1600
-2.2205003418e-001 -9.1012021117e-002 -8.6979001487e-001
0 0 0
3 0 52 -178.4000 -73.8100 1 52 -95.2100 -110.9500 2 52 -33.9600 30.0000
-2.0593881172e-001 -8.0120491074e-002 -8.7326528388e-001
0 0 0
3 0 53 -163.1800 -64.8600 1 53 -92.5200 -102.2400 2 53 -37.5400 28.2500
-1.9366103387e-001 -7.3463980111e-002 -8.7587521560e-001
0 0 0
3 0 54 -155.0000 -61.0000 1 54 -88.9100 -91.9100 2 54 -41.6500 24.3300
-1.6580922521e-001 -6.4907304018e-002 -8.7120159161e-001
0 0 0
4 0 55 -134.9300 -54.4100 1 55 -88.0000 -84.0000 2 55 -44.2500 9.6100 3 55 122.5800 42.0800
-1.4775292970e-001 -6.1126876812e-002 -8.6438001909e-001
0 0 0
4 0 56 -120.8000 -52.2400 1 56 -89.4000 -80.3500 2 56 -42.6700 -3.0000 3 56 107.0600 32.2300
1.2524245880e-001 1.6677712384e-002 -6.6960375337e-001
0 0 0
4 0 57 127.4700 18.5900 1 57 -250.3200 28.0000 2 57 27.8500 -160.5400 3 57 -64.8500 -127.2700
1.3107579193e-001 1.1022186659e-002 -6.6898926587e-001
0 0 0
4 0 58 135.3900 10.7900 1 58 -247.6100 23.5100 2 58 25.1900 -165.4100 3 58 -70.0300 -132.4900
1.3615195603e-001 1.2159178946e-002 -6.6674711667e-001
0 0 0
4 0 59 143.2300 12.4800 1 59 -251.0700 27.1400 2 59 25.0800 -167.2000 3 59 -72.7400 -133.5700
1.3905237266e-001 1.5761721447e-002 -6.6717576332e-001
0 0 0
4 0 60 147.3500 16.6100 1 60 -252.0000 35.0000 2 60 25.0000 -165.6800 3 60 -74.5300 -132.1500
1.3867888427e-001 1.9240634144e-002 -6.6578572214e-001
0 0 0
4 0 61 147.4800 22.3700 1 61 -255.6900 38.4400 2 61 26.8800 -164.5000 3 61 -73.3100 -130.5800
1.3581496428e-001 1.9474746144e-002 -6.6632634387e-001
0 0 0
4 0 62 143.0600 22.9400 1 62 -255.2300 37.2100 2 62 27.1200 -163.5000 3 62 -71.3100 -130.0900
1.3046994549e-001 1.9996332351e-002 -6.6418896206e-001
0 0 0
4 0 63 135.2100 23.9000 1 63 -259.3600 33.9800 2 63 30.2600 -162.5200 3 63 -66.9400 -129.9100
1.2429474622e-001 1.9328212654e-002 -6.6088839554e-001
0 0 0
4 0 64 126.2300 24.1800 1 64 -264.9200 27.1200 2 64 33.5000 -162.5000 3 64 -62.3600 -130.0800
1.1302437469e-001 2.0607955898e-002 -6.5798186453e-001
0 0 0
4 0 65 108.8700 26.4900 1 65 -270.3500 22.1500 2 65 39.5500 -160.5900 3 65 -53.4800 -129.5800
1.0167170130e-001 2.3665073125e-002 -6.5518639159e-001
0 0 0
4 0 66 91.8200 31.8400 1 66 -276.6600 18.4000 2 66 45.6400 -156.5700 3 66 -45.2000 -127.2000
9.2201256671e-002 2.5698121014e-002 -6.5152373476e-001
0 0 0
4 0 67 78.3500 35.6300 1 67 -283.5700 13.9600 2 67 51.0300 -154.2100 3 67 -36.0800 -125.0000
8.0587290812e-002 2.6940956755e-002 -6.5146653578e-001
0 0 0
4 0 68 60.4800 37.5300 1 68 -284.4000 10.4000 2 68 55.2200 -150.7000 3 68 -27.9200 -123.0000
7.1261314860e-002 2.0297083388e-002 -6.5040548346e-001
0 0 0
4 0 69 46.3100 29.3700 1 69 -282.6600 -4.0200 2 69 58.5500 -152.7700 3 69 -22.0800 -124.8900
6.8171480297e-002 1.1537313883e-002 -6.3825510285e-001
0 0 0
4 0 70 38.0400 16.9800 1 70 -297.2100 -20.3900 2 70 63.3800 -160.6500 3 70 -17.5400 -135.5900
7.0349715536e-002 2.9510585728e-003 -6.2802894954e-001
0 0 0
4 0 71 38.2600 3.8500 1 71 -308.6800 -33.8400 2 71 66.6100 -170.6100 3 71 -16.8900 -145.5800
7.2980250516e-002 8.1384556127e-004 -6.2364395915e-001
0 0 0
4 0 72 41.6400 0.4500 1 72 -314.1000 -37.2000 2 72 68.3600 -174.5400 3 72 -17.1200 -149.3100
7.2361164964e-002 4.1947775328e-003 -6.2630358678e-001
0 0 0
4 0 73 41.4200 5.3900 1 73 -311.8500 -31.8300 2 73 67.4800 -170.8300 3 73 -17.2900 -146.0300
6.2668636156e-002 7.0083699544e-003 -6.3482655893e-001
0 0 0
4 0 74 28.4700 9.3700 1 74 -301.2600 -29.3600 2 74 65.7500 -162.2100 3 74 -13.0000 -137.7100
1.1914758629e-001 2.3862630817e-002 -7.1304484024e-001
0 0 0
4 0 75 120.2900 26.5500 1 75 -193.5700 44.6100 2 75 5.7100 -137.2900 3 75 -73.3600 -98.2500
1.3475615972e-001 2.6375575584e-002 -7.2072740007e-001
0 0 0
4 0 76 138.1500 27.5900 1 76 -180.6100 61.9400 2 76 -2.7100 -139.0400 3 76 -88.0000 -97.2500
1.5453384135e-001 2.0259971986e-002 -7.1914998537e-001
0 0 0
4 0 77 164.7000 18.5700 1 77 -173.4700 66.9800 2 77 -7.3100 -146.5800 3 77 -101.1600 -106.0500
1.6559103451e-001 7.7364312872e-003 -7.1392252642e-001
0 0 0
3 0 78 178.4300 2.8600 1 78 -170.8600 57.2700 2 78 -11.9400 -161.5500
1.7747589571e-001 -1.4027701081e-002 -7.0402475899e-001
0 0 0
3 0 79 195.3000 -26.9300 1 79 -169.6300 31.7700 2 79 -14.9400 -180.2100
1.8207470190e-001 -3.3647195630e-002 -6.9270249580e-001
0 0 0
3 0 80 204.0600 -56.2300 1 80 -175.0400 0.5000 2 80 -14.9300 -192.7100
1.7982722117e-001 -4.5816540572e-002 -6.8424782848e-001
0 0 0
3 0 81 201.1300 -74.0300 1 81 -181.9900 -22.7000 2 81 -12.8400 -205.0000
1.7371111696e-001 -5.7750050869e-002 -6.7547152824e-001
0 0 0
3 0 82 193.2800 -92.8000 1 82 -191.1300 -48.8700 2 82 -8.8900 -213.7100
1.6547166796e-001 -6.5665190831e-002 -6.6905924517e-001
0 0 0
3 0 83 182.2400 -104.4700 1 83 -199.6700 -69.8700 2 83 -5.7900 -217.5800
1.5174214783e-001 -7.1260898370e-002 -6.6545000487e-001
0 0 0
4 0 84 161.2300 -112.5800 1 84 -206.0500 -86.0900 2 84 -1.1200 -219.3100 3 84 -90.1900 -185.8600
1.3755745579e-001 -7.6975530749e-002 -6.6315604262e-001
0 0 0
4 0 85 140.3400 -120.1600 1 85 -209.3100 -100.6700 2 85 2.3800 -221.0000 3 85 -77.1800 -188.6000
1.1723835672e-001 -8.7602494280e-002 -6.6495371232e-001
0 0 0
4 0 86 109.1200 -132.9700 1 86 -205.4600 -121.4400 2 86 4.0000 -222.3800 3 86 -63.5500 -190.2000
9.3902498488e-002 -9.8704492703e-002 -6.7184449995e-001
0 0 0
4 0 87 75.0900 -143.9600 1 87 -195.1700 -138.8500 2 87 3.1700 -221.0000 3 87 -48.3000 -188.4900
7.7848850638e-002 -1.0729180834e-001 -6.7848706066e-001
0 0 0
4 0 88 53.2700 -150.2900 1 88 -184.9000 -151.3500 2 88 2.3500 -219.4200 3 88 -38.3500 -187.2400
6.0580906812e-002 -1.1454202811e-001 -6.8625387717e-001
0 0 0
4 0 89 32.7200 -155.9000 1 89 -175.8900 -159.4400 2 89 -0.4500 -215.6500 3 89 -24.1200 -183.2300
2.9667586301e-002 -1.2128647263e-001 -7.0038122481e-001
0 0 0
4 0 90 -6.3900 -156.6800 1 90 -164.1400 -163.4900 2 90 -2.5500 -205.4700 3 90 -5.6500 -172.9800
8.9543872377e-003 -1.2159092960e-001 -7.1486387721e-001
0 0 0
3 0 91 -26.6800 -150.6600 1 91 -152.5300 -158.6600 2 91 -5.0000 -193.0000
-1.7335228813e-002 -1.1526356911e-001 -7.3287502545e-001
0 0 0
3 0 92 -50.0600 -134.7200 1 92 -144.7100 -149.0900 2 92 -8.1500 -169.3600
-1.6971041677e-002 -1.2346368843e-001 -8.1913606463e-001
0 0 0
3 0 93 -23.2400 -124.0000 1 93 -60.5300 -121.6400 3 93 -1.0800 -80.4200
-4.5826771575e-003 -1.2635778247e-001 -8.3372676165e-001
0 0 0
2 0 94 -9.3800 -125.2700 1 94 -42.4700 -116.4300
8.6594752670e-003 -1.2298258120e-001 -8.3914675935e-001
0 0 0
3 0 95 4.7500 -121.4000 1 95 -33.5200 -109.6200 2 95 -97.3600 -130.0000
1.4346095613e-002 -1.1594343142e-001 -8.4268559729e-001
0 0 0
3 0 96 10.8100 -114.5500 1 96 -30.9400 -100.0900 2 96 -98.1100 -126.1400
7.7262030524e-003 -1.0870954193e-001 -8.4235660751e-001
0 0 0
3 0 97 5.2800 -108.4100 1 97 -37.3900 -94.6100 2 97 -92.7100 -118.1800
-1.2231819381e-002 -1.0332942231e-001 -8.4258628241e-001
0 0 0
3 0 98 -12.9000 -101.8100 1 98 -47.5200 -94.1600 2 98 -85.3300 -106.5700
-3.4561419161e-002 -1.0096467671e-001 -8.4400922822e-001
0 0 0
4 0 99 -34.6100 -96.8600 1 99 -54.8900 -95.1100 2 99 -79.8700 -96.7600 3 99 5.2500 -41.6800
-5.2575338909e-002 -1.0366853455e-001 -8.4483790683e-001
0 0 0
4 0 100 -50.0500 -98.1200 1 100 -60.7300 -102.6500 2 100 -76.6200 -88.3300 3 100 21.8400 -36.8000
-7.2270086030e-002 -1.1807532434e-001 -8.4799741787e-001
0 0 0
4 0 101 -67.1000 -109.2700 1 101 -59.2800 -117.9700 2 101 -79.4900 -87.6500 3 101 41.6500 -35.5300
-8.2212515940e-002 -1.4329551648e-001 -8.4775645336e-001
0 0 0
4 0 102 -76.6600 -133.8900 1 102 -54.6000 -136.8000 2 102 -90.0000 -101.3900 3 102 56.0800 -48.3100
-8.3423059995e-002 -1.6929823358e-001 -8.4003167162e-001
0 0 0
2 0 103 -80.1300 -155.5300 1 103 -50.8800 -164.6700
-7.9960329670e-002 -1.9002945109e-001 -8.2831636191e-001
0 0 0
2 0 104 -81.5400 -178.1100 1 104 -51.0600 -186.2100
-7.7306386696e-002 -1.9898707479e-001 -8.2043063892e-001
0 0 0
2 0 105 -82.2100 -190.0000 1 105 -53.0000 -195.9000
-7.3882663907e-002 -2.0263636898e-001 -8.1955526948e-001
0 0 0
2 0 106 -79.4100 -193.3200 1 106 -51.0000 -200.0000
-6.7806203183e-002 -2.0468181967e-001 -8.2334796074e-001
0 0 0
2 0 107 -72.7400 -194.7400 1 107 -45.0000 -199.9000
-6.2028095600e-002 -2.0536978259e-001 -8.2861880209e-001
0 0 0
2 0 108 -65.9200 -194.5900 1 108 -38.4300 -197.8000
-5.4326108597e-002 -2.0455323005e-001 -8.3437102275e-001
0 0 0
2 0 109 -57.2900 -193.1900 1 109 -31.2500 -193.9700
-4.5927109470e-002 -2.0188940574e-001 -8.3896985994e-001
0 0 0
3 0 110 -48.6000 -190.0000 1 110 -24.9600 -188.8900 3 110 24.6700 -112.7400
-4.1031537644e-002 -1.9776718421e-001 -8.4367168757e-001
0 0 0
3 0 111 -43.3100 -185.8200 1 111 -21.5700 -183.5300 3 111 15.9200 -106.1200
-3.7937079296e-002 -1.9057701943e-001 -8.4908071685e-001
0 0 0
3 0 112 -38.7400 -178.4000 1 112 -19.0000 -174.3900 3 112 9.8500 -96.6100
-3.5069416551e-002 -1.8112994410e-001 -8.5457920060e-001
0 0 0
3 0 113 -34.2400 -167.7200 1 113 -15.9200 -162.6400 3 113 5.0200 -86.8100
-3.4515414396e-002 -1.6794573403e-001 -8.6454092346e-001
0 0 0
2 0 114 -30.6700 -154.3900 1 114 -14.0900 -147.3700
-3.5420670149e-002 -1.5647829541e-001 -8.6968762706e-001
0 0 0
3 0 115 -29.6000 -143.1100 1 115 -14.6400 -136.0000 2 115 -126.8100 -118.3300
-6.2515861463e-002 -1.1506782701e-001 -9.2140763867e-001
0 0 0
3 0 116 -37.9400 -97.9400 1 116 -4.2500 -89.6100 2 116 -138.6700 -49.3300
-6.7483716997e-002 -1.0337698514e-001 -9.3003842966e-001
0 0 0
2 0 117 -40.4600 -86.2100 1 117 -4.6900 -78.4800
-7.3598912556e-002 -9.4242115681e-002 -9.3524029181e-001
0 0 0
2 0 118 -43.7400 -77.9500 1 118 -6.7300 -71.3500
-8.1891826565e-002 -8.2032740432e-002 -9.3650172268e-001
0 0 0
2 0 119 -49.5700 -67.9100 1 119 -13.1500 -63.3000
-8.8343342964e-002 -7.5113272253e-002 -9.2920012179e-001
0 0 0
2 0 120 -56.2600 -62.9700 1 120 -22.6000 -61.0400
-9.8124282851e-002 -6.9551019934e-002 -9.2365832624e-001
0 0 0
2 0 121 -65.0000 -58.0000 1 121 -31.3800 -60.8500
-1.0278379971e-001 -6.7499098893e-002 -9.1764358176e-001
0 0 0
3 0 122 -70.2300 -56.5600 1 122 -37.5800 -61.8100 3 122 46.0200 62.0800
-1.0179696472e-001 -7.0882046773e-002 -9.0504908784e-001
0 0 0
3 0 123 -72.8300 -60.5700 1 123 -45.0400 -67.4100 3 123 49.4700 49.0000
-1.0212206934e-001 -8.2307333326e-002 -8.8752206222e-001
0 0 0
3 0 124 -79.0300 -71.8000 1 124 -53.7700 -81.0700 3 124 56.1300 28.2700
-1.0231640709e-001 -9.1610799091e-002 -8.7227832517e-001
0 0 0
4 0 125 -83.6900 -80.5300 1 125 -60.1000 -91.6300 2 125 -78.6100 -42.2000 3 125 63.7000 8.2800
-1.0340622018e-001 -9.8941471903e-002 -8.6118906199e-001
0 0 0
4 0 126 -88.7400 -88.7400 1 126 -66.8400 -101.7800 2 126 -72.2300 -53.5500 3 126 68.2000 -2.7000
-1.0617462651e-001 -1.0437426884e-001 -8.5625498002e-001
0 0 0
4 0 127 -92.4100 -93.0600 1 127 -69.1100 -108.2900 2 127 -70.4100 -57.8900 3 127 73.9000 -10.0600
-1.1033222756e-001 -1.0660531128e-001 -8.5514098690e-001
0 0 0
4 0 128 -96.6100 -95.3000 1 128 -70.2800 -110.4800 2 128 -69.1800 -57.9700 3 128 78.8700 -10.8700
-1.1403399953e-001 -1.0557303704e-001 -8.5594982391e-001
0 0 0
4 0 129 -99.5100 -93.8900 1 129 -71.1100 -110.2900 2 129 -68.1200 -54.7700 3 129 82.1100 -8.3700
-1.1406991242e-001 -1.0265273413e-001 -8.5791203036e-001
0 0 0
4 0 130 -98.7100 -91.1900 1 130 -70.7200 -106.8800 2 130 -68.4700 -51.9500 3 130 81.4200 -5.1000
-1.0991385759e-001 -9.7967722791e-002 -8.5873944555e-001
0 0 0
4 0 131 -94.8500 -87.3600 1 131 -70.1200 -101.7700 2 131 -68.1200 -50.7700 3 131 76.4400 -3.4000
-1.0850378058e-001 -9.2231701682e-002 -8.6160543968e-001
0 0 0
4 0 132 -92.1600 -81.6500 1 132 -70.0000 -97.5000 2 132 -68.1500 -45.5800 3 132 72.8700 1.7000
-1.0946120547e-001 -8.6733629500e-002 -8.6242607803e-001
0 0 0
4 0 133 -92.7100 -77.1900 1 133 -71.7600 -92.3200 2 133 -65.9800 -41.8800 3 133 73.0000 6.0900
-1.1040118485e-001 -7.9917571797e-002 -8.6016153687e-001
0 0 0
4 0 134 -94.1600 -71.2400 1 134 -75.8700 -87.8700 2 134 -60.8200 -38.0300 3 134 73.5600 7.4900
-1.0892600700e-001 -7.5582361882e-002 -8.5787573450e-001
0 0 0
4 0 135 -93.3900 -67.3000 1 135 -78.0800 -85.5600 2 135 -56.9200 -37.6300 3 135 72.1100 7.6300
-1.0724518258e-001 -7.3352617885e-002 -8.5700137713e-001
0 0 0
4 0 136 -92.6600 -65.6700 1 136 -79.0900 -83.2200 2 136 -56.0800 -37.7300 3 136 70.3100 7.3100
-1.0625258292e-001 -7.2701390729e-002 -8.5592066429e-001
0 0 0
4 0 137 -91.7900 -65.3000 1 137 -79.8300 -83.0000 2 137 -55.0800 -38.2800 3 137 69.7000 6.4400
-1.0621421863e-001 -7.2483827415e-002 -8.5573152299e-001
0 0 0
4 0 138 -91.7300 -65.0600 1 138 -80.1700 -83.0000 2 138 -54.9200 -38.2800 3 138 69.7000 6.4400
-1.0564542509e-001 -7.1944535425e-002 -8.5621054909e-001
0 0 0
4 0 139 -91.2900 -64.6500 1 139 -79.8700 -82.1300 2 139 -55.3600 -38.0000 3 139 68.8500 6.8500
-1.0649823268e-001 -7.2128194762e-002 -8.5793667804e-001
0 0 0
4 0 140 -91.3500 -64.6500 1 140 -78.7600 -82.0000 2 140 -56.4800 -36.5500 3 140 69.2000 8.3700
-1.0963272271e-001 -7.2698502388e-002 -8.6095800012e-001
0 0 0
4 0 141 -93.1100 -64.6200 1 141 -77.1100 -82.1900 2 141 -58.0000 -34.0000 3 141 71.4900 11.9300
-1.1679557653e-001 -7.2009758188e-002 -8.6749748920e-001
0 0 0
4 0 142 -96.7100 -63.3500 1 142 -74.9200 -81.2000 2 142 -60.9200 -24.7800 3 142 76.3300 19.0600
-1.2575044175e-001 -6.9531072527e-002 -8.7656516078e-001
0 0 0
4 0 143 -101.1100 -59.6000 1 143 -71.4600 -78.6400 2 143 -63.9000 -14.4700 3 143 82.4200 31.8300
-1.3906751124e-001 -7.2707971369e-002 -8.8393906996e-001
0 0 0
4 0 144 -109.0700 -61.2500 1 144 -69.8800 -82.0000 2 144 -67.2900 -4.2400 3 144 93.9600 41.5600
-1.4714340101e-001 -7.6793197398e-002 -8.8532433536e-001
0 0 0
4 0 145 -115.5300 -64.2500 1 145 -70.1200 -86.3600 2 145 -67.8800 -0.8800 3 145 102.0000 43.7500
-1.5753830849e-001 -8.2222751513e-002 -8.8285990540e-001
0 0 0
4 0 146 -124.5500 -68.5000 1 146 -73.1700 -92.8800 2 146 -65.1400 0.8600 3 146 114.4800 42.5900
-1.6534644256e-001 -8.6802196224e-002 -8.7650596803e-001
0 0 0
4 0 147 -132.8800 -72.8400 1 147 -78.7200 -99.1200 2 147 -59.4200 -0.9400 3 147 125.3100 37.6700
-1.6901681369e-001 -9.0857819007e-002 -8.6936241524e-001
0 0 0
4 0 148 -138.6800 -76.7100 1 148 -82.0000 -103.6200 2 148 -53.4800 -5.9800 3 148 132.5500 30.2900
