# Bundle file v0.3
4 149
7.8509364182e+002 -8.8721293116e-002 -9.4619179195e-003
9.9973784451e-001 1.6555459357e-003 -2.2836405646e-002
-1.5943899855e-003 9.9999509488e-001 2.6959499937e-003
2.2840756899e-002 -2.6588330991e-003 9.9973558026e-001
-1.8418073208e-002 2.6235757729e-003 -8.4526410648e-003
7.5082286075e+002 -3.3578982951e-002 -1.0298117439e-002
3.1877897988e-001 -3.5542784320e-001 -8.7866433310e-001
3.7987885420e-001 8.9722609591e-001 -2.2511638980e-001
8.6837320210e-001 -2.6202362699e-001 4.2103634140e-001
-8.4159127524e-001 -1.8652735612e-001 -4.5108325750e-001
0 0 0
0 0 0
0 0 0
0 0 0
0 0 0
0 0 0
0 0 0
0 0 0
0 0 0
0 0 0
-1.6092426237e-001 -3.6002334926e-002 -6.6522885955e-001
0 0 0
2 0 0 -189.3400 -40.4200 1 0 -256.4300 -112.7300
-1.5887226722e-001 -3.6580836751e-002 -6.5805488058e-001
0 0 0
2 0 1 -189.1700 -41.4700 1 1 -262.5900 -114.5900
-1.5610588079e-001 -3.7023230328e-002 -6.5565730679e-001
0 0 0
2 0 2 -186.7200 -42.1400 1 2 -264.5900 -114.9600
-1.5087492554e-001 -3.7784160949e-002 -6.5487989884e-001
0 0 0
2 0 3 -180.9300 -43.1400 1 3 -265.0700 -114.6100
-1.4236535730e-001 -3.8827056042e-002 -6.5324398061e-001
0 0 0
2 0 4 -171.5200 -44.3700 1 4 -266.2000 -114.2300
-1.3352150246e-001 -4.0178437887e-002 -6.5278792550e-001
0 0 0
2 0 5 -161.4200 -46.2100 1 5 -266.2700 -113.3000
-1.2791175742e-001 -4.0909059927e-002 -6.5292332194e-001
0 0 0
2 0 6 -154.8700 -47.1400 1 6 -265.9400 -112.5700
-1.2079760203e-001 -4.2057153642e-002 -6.5407855310e-001
0 0 0
2 0 7 -146.2900 -48.4200 1 7 -264.5300 -111.6900
-1.1534695195e-001 -4.1818065660e-002 -6.5616706919e-001
0 0 0
2 0 8 -139.4600 -48.0600 1 8 -262.6000 -109.6600
-1.1097744210e-001 -3.7389745420e-002 -6.5835533144e-001
0 0 0
2 0 9 -133.6600 -41.9100 1 9 -261.3900 -105.3900
-1.0796553905e-001 -3.0438244372e-002 -6.6333013598e-001
0 0 0
2 0 10 -129.3900 -34.7200 1 10 -258.6800 -95.9500
-1.0625568572e-001 -1.2076509086e-002 -6.9819962082e-001
0 0 0
2 0 11 -120.2300 -12.6300 1 11 -231.2200 -71.8900
-1.3968243991e-001 -3.4449942318e-002 -7.6720204840e-001
0 0 0
2 0 12 -141.4400 -34.2300 1 12 -168.9700 -82.2100
-1.4377499545e-001 -3.9341033860e-002 -7.7328005441e-001
0 0 0
2 0 13 -144.0800 -38.1900 1 13 -163.0700 -86.4100
-1.4572164981e-001 -4.5818931793e-002 -7.7796805909e-001
0 0 0
2 0 14 -145.2200 -45.0800 1 14 -158.0000 -90.0000
-1.4610518656e-001 -5.4752998002e-002 -7.8557447870e-001
0 0 0
2 0 15 -144.0300 -53.3800 1 15 -149.6300 -95.3700
-1.4619460918e-001 -6.2968236989e-002 -7.9377782813e-001
0 0 0
2 0 16 -142.2800 -60.0600 1 16 -140.8100 -100.8100
-1.4471433864e-001 -6.9458265103e-002 -8.0026965528e-001
0 0 0
2 0 17 -139.5900 -65.8400 1 17 -133.7600 -104.0400
-1.4235643880e-001 -7.7536240887e-002 -8.0927793598e-001
0 0 0
2 0 18 -135.6700 -72.9600 1 18 -124.1900 -107.5800
-1.3851127129e-001 -8.3585913879e-002 -8.1731728703e-001
0 0 0
2 0 19 -130.6300 -78.1800 1 19 -115.6900 -109.3800
-1.3298133677e-001 -8.8050761234e-002 -8.2215475985e-001
0 0 0
2 0 20 -124.7100 -82.3400 1 20 -109.8700 -110.1300
-1.2797900947e-001 -9.2261811918e-002 -8.2869867696e-001
0 0 0
2 0 21 -118.9400 -85.5100 1 21 -102.7100 -111.0000
-1.2465997794e-001 -9.3369017178e-002 -8.3484829954e-001
0 0 0
2 0 22 -114.9200 -86.0300 1 22 -97.0000 -109.6000
-1.1792670935e-001 -9.3446346476e-002 -8.4051837902e-001
0 0 0
2 0 23 -107.8600 -85.4500 1 23 -91.2900 -107.0000
-1.0936091956e-001 -9.3370675796e-002 -8.4453697452e-001
0 0 0
2 0 24 -99.3900 -84.6700 1 24 -86.5000 -104.5000
-9.8794569320e-002 -9.0789485920e-002 -8.5394230412e-001
0 0 0
2 0 25 -88.5900 -81.4800 1 25 -77.7500 -97.8100
-4.0166892976e-002 -1.0038619742e-001 -8.7352312698e-001
0 0 0
2 0 26 -34.4300 -88.7900 1 26 -46.4300 -86.4700
-1.1513446874e-001 -1.1795719623e-001 -8.5104764459e-001
0 0 0
2 0 27 -103.7800 -106.6200 1 27 -75.6400 -123.4300
-1.2805090114e-001 -1.1837588424e-001 -8.5108418558e-001
0 0 0
2 0 28 -115.4100 -106.8500 1 28 -78.0000 -126.3800
-1.3675389204e-001 -1.1696258207e-001 -8.5206778143e-001
0 0 0
2 0 29 -123.0900 -105.4000 1 29 -79.2900 -126.7100
-1.4565911137e-001 -1.1295519893e-001 -8.5479888221e-001
0 0 0
2 0 30 -130.6800 -101.6400 1 30 -80.0000 -124.3800
-1.5153440963e-001 -1.0871935470e-001 -8.5906993517e-001
0 0 0
2 0 31 -135.1400 -97.0700 1 31 -78.9600 -121.5000
-1.5603816999e-001 -1.0357862839e-001 -8.6484870938e-001
0 0 0
2 0 32 -138.1200 -91.8100 1 32 -76.8300 -117.1200
-1.5901656337e-001 -9.9858562501e-002 -8.7123404049e-001
0 0 0
2 0 33 -139.7200 -88.3100 1 33 -73.7000 -112.9000
-1.6316769053e-001 -9.5614929344e-002 -8.7750485243e-001
0 0 0
2 0 34 -142.2600 -84.0500 1 34 -71.0000 -109.0000
-1.6224422162e-001 -9.0319051230e-002 -8.8508010350e-001
0 0 0
2 0 35 -140.0000 -78.2100 1 35 -66.5900 -103.7600
-1.6356867023e-001 -8.7445186435e-002 -8.9238289431e-001
0 0 0
2 0 36 -139.9400 -75.4000 1 36 -62.3500 -99.9500
-1.6075898622e-001 -8.6189270961e-002 -9.0722720785e-001
0 0 0
2 0 37 -135.0000 -73.0000 1 37 -51.4000 -95.3500
-1.5770854254e-001 -9.0151136936e-002 -9.1438486097e-001
0 0 0
2 0 38 -131.2900 -75.9000 1 38 -44.6000 -95.9500
-1.5850641060e-001 -9.7655680831e-002 -9.1976429569e-001
0 0 0
2 0 39 -130.9300 -81.0700 1 39 -38.8000 -101.2000
-1.6205481188e-001 -1.0895893749e-001 -9.2057026174e-001
0 0 0
2 0 40 -133.9800 -91.4900 1 40 -36.1100 -108.9400
-1.7052694158e-001 -1.2321032281e-001 -9.1906405025e-001
0 0 0
2 0 41 -141.2900 -103.7300 1 41 -35.2000 -121.2000
-1.7760563417e-001 -1.3420021804e-001 -9.1377847228e-001
0 0 0
2 0 42 -147.7800 -112.0500 1 42 -37.3000 -133.4000
-1.8713786237e-001 -1.4260117112e-001 -9.0767187821e-001
0 0 0
2 0 43 -156.9100 -120.0900 1 43 -41.4400 -142.3900
-1.9701078551e-001 -1.4622179587e-001 -9.0427095992e-001
0 0 0
2 0 44 -165.9300 -123.9600 1 44 -45.0000 -147.0000
-2.0392065544e-001 -1.4666904741e-001 -8.9467956199e-001
0 0 0
2 0 45 -173.6600 -125.3000 1 45 -53.0000 -151.0000
-2.1388161459e-001 -1.4503136591e-001 -8.8594185567e-001
0 0 0
2 0 46 -184.0300 -125.0400 1 46 -61.5300 -153.3700
-2.2376595593e-001 -1.4024041230e-001 -8.7966737302e-001
0 0 0
2 0 47 -193.9200 -121.5400 1 47 -69.0000 -153.0000
-2.2655781245e-001 -1.3075490991e-001 -8.6793852566e-001
0 0 0
2 0 48 -199.2800 -115.3500 1 48 -80.2400 -148.5900
-2.2760452685e-001 -1.1946368792e-001 -8.6242894065e-001
0 0 0
2 0 49 -201.3900 -105.0600 1 49 -87.0000 -143.0000
-2.2143228162e-001 -1.0637415895e-001 -8.5619252786e-001
0 0 0
2 0 50 -197.5300 -94.0900 1 50 -93.6700 -134.0000
-2.1464858092e-001 -9.5387344797e-002 -8.5520337621e-001
0 0 0
2 0 51 -192.1500 -85.9700 1 51 -96.2800 -123.2200
-1.9983757755e-001 -8.2423658545e-002 -8.5779264428e-001
0 0 0
2 0 52 -178.4000 -73.8100 1 52 -95.2100 -110.9500
-1.8358852104e-001 -7.3876732532e-002 -8.6050618832e-001
0 0 0
2 0 53 -163.1800 -64.8600 1 53 -92.5200 -102.2400
-1.7500145736e-001 -6.7452073606e-002 -8.6627513891e-001
0 0 0
2 0 54 -155.0000 -61.0000 1 54 -88.9100 -91.9100
-1.5213836223e-001 -6.1102162867e-002 -8.6410725838e-001
0 0 0
2 0 55 -134.9300 -54.4100 1 55 -88.0000 -84.0000
-1.3546716617e-001 -5.8950873586e-002 -8.5896894766e-001
0 0 0
2 0 56 -120.8000 -52.2400 1 56 -89.4000 -80.3500
1.1434083261e-001 1.5824858616e-002 -6.7843740981e-001
0 0 0
2 0 57 127.4700 18.5900 1 57 -250.3200 28.0000
1.2115652733e-001 8.7000745079e-003 -6.7856013944e-001
0 0 0
2 0 58 135.3900 10.7900 1 58 -247.6100 23.5100
1.2752316816e-001 1.0008689956e-002 -6.7579704480e-001
0 0 0
2 0 59 143.2300 12.4800 1 59 -251.0700 27.1400
1.3156938208e-001 1.4483977902e-002 -6.7632782064e-001
0 0 0
2 0 60 147.3500 16.6100 1 60 -252.0000 35.0000
1.3113879331e-001 1.8946667693e-002 -6.7431373567e-001
0 0 0
2 0 61 147.4800 22.3700 1 61 -255.6900 38.4400
1.2738296553e-001 1.9447278671e-002 -6.7490585980e-001
0 0 0
2 0 62 143.0600 22.9400 1 62 -255.2300 37.2100
1.2016252597e-001 2.0323745281e-002 -6.7188163177e-001
0 0 0
2 0 63 135.2100 23.9000 1 63 -259.3600 33.9800
1.1142632728e-001 1.9726392987e-002 -6.6699805048e-001
0 0 0
2 0 64 126.2300 24.1800 1 64 -264.9200 27.1200
9.6300851139e-002 2.2092646634e-002 -6.6327752673e-001
0 0 0
2 0 65 108.8700 26.4900 1 65 -270.3500 22.1500
8.1279023799e-002 2.6356076394e-002 -6.5889929165e-001
0 0 0
2 0 66 91.8200 31.8400 1 66 -276.6600 18.4000
6.9297321122e-002 2.8994153244e-002 -6.5334729200e-001
0 0 0
2 0 67 78.3500 35.6300 1 67 -283.5700 13.9600
5.4488538849e-002 3.1148772048e-002 -6.5317891645e-001
0 0 0
2 0 68 60.4800 37.5300 1 68 -284.4000 10.4000
4.2136149866e-002 2.3202518312e-002 -6.5231550208e-001
0 0 0
2 0 69 46.3100 29.3700 1 69 -282.6600 -4.0200
3.4950927643e-002 1.2768259905e-002 -6.3665425219e-001
0 0 0
2 0 70 38.0400 16.9800 1 70 -297.2100 -20.3900
3.4906120450e-002 2.1248596489e-003 -6.2399106767e-001
0 0 0
2 0 71 38.2600 3.8500 1 71 -308.6800 -33.8400
3.7446936513e-002 -6.8151797187e-004 -6.1866218892e-001
0 0 0
2 0 72 41.6400 0.4500 1 72 -314.1000 -37.2000
3.7444236006e-002 3.5317620939e-003 -6.2169596206e-001
0 0 0
2 0 73 41.4200 5.3900 1 73 -311.8500 -31.8300
2.7256067317e-002 7.0204676940e-003 -6.3161242017e-001
0 0 0
2 0 74 28.4700 9.3700 1 74 -301.2600 -29.3600
1.1387159812e-001 2.2665297410e-002 -7.2948449944e-001
0 0 0
2 0 75 120.2900 26.5500 1 75 -193.5700 44.6100
1.3313409779e-001 2.5934801195e-002 -7.4059393318e-001
0 0 0
2 0 76 138.1500 27.5900 1 76 -180.6100 61.9400
1.5865139460e-001 1.7426131259e-002 -7.4135444922e-001
0 0 0
2 0 77 164.7000 18.5700 1 77 -173.4700 66.9800
1.7108253981e-001 2.5323626167e-003 -7.3758786509e-001
0 0 0
2 0 78 178.4300 2.8600 1 78 -170.8600 57.2700
1.8513463281e-001 -2.5467554506e-002 -7.2835971162e-001
0 0 0
2 0 79 195.3000 -26.9300 1 79 -169.6300 31.7700
1.9044700535e-001 -5.1991152134e-002 -7.1538456176e-001
0 0 0
2 0 80 204.0600 -56.2300 1 80 -175.0400 0.5000
1.8564685319e-001 -6.7380273868e-002 -7.0591571913e-001
0 0 0
2 0 81 201.1300 -74.0300 1 81 -181.9900 -22.7000
1.7621414090e-001 -8.3036203674e-002 -6.9520153768e-001
0 0 0
2 0 82 193.2800 -92.8000 1 82 -191.1300 -48.8700
1.6424995341e-001 -9.3285943397e-002 -6.8655908670e-001
0 0 0
2 0 83 182.2400 -104.4700 1 83 -199.6700 -69.8700
1.4474950263e-001 -9.9502152580e-002 -6.8142938008e-001
0 0 0
2 0 84 161.2300 -112.5800 1 84 -206.0500 -86.0900
1.2595062304e-001 -1.0566434910e-001 -6.7852416851e-001
0 0 0
2 0 85 140.3400 -120.1600 1 85 -209.3100 -100.6700
9.8902291757e-002 -1.1720403438e-001 -6.8049965662e-001
0 0 0
2 0 86 109.1200 -132.9700 1 86 -205.4600 -121.4400
6.9671581905e-002 -1.2838285978e-001 -6.8862283198e-001
0 0 0
2 0 87 75.0900 -143.9600 1 87 -195.1700 -138.8500
5.0433717694e-002 -1.3699808188e-001 -6.9698654613e-001
0 0 0
2 0 88 53.2700 -150.2900 1 88 -184.9000 -151.3500
3.2160637202e-002 -1.4366594420e-001 -7.0534388545e-001
0 0 0
2 0 89 32.7200 -155.9000 1 89 -175.8900 -159.4400
-3.7438938469e-003 -1.4649186607e-001 -7.2041739148e-001
0 0 0
2 0 90 -6.3900 -156.6800 1 90 -164.1400 -163.4900
-2.3432553685e-002 -1.4334466541e-001 -7.3599838328e-001
0 0 0
2 0 91 -26.6800 -150.6600 1 91 -152.5300 -158.6600
-4.7248337832e-002 -1.3189334691e-001 -7.5138145939e-001
0 0 0
2 0 92 -50.0600 -134.7200 1 92 -144.7100 -149.0900
-2.5764990139e-002 -1.3486321547e-001 -8.3989580699e-001
0 0 0
2 0 93 -23.2400 -124.0000 1 93 -60.5300 -121.6400
-1.1177619848e-002 -1.3811502871e-001 -8.5551563714e-001
0 0 0
2 0 94 -9.3800 -125.2700 1 94 -42.4700 -116.4300
4.0823535899e-003 -1.3568982743e-001 -8.6198657996e-001
0 0 0
2 0 95 4.7500 -121.4000 1 95 -33.5200 -109.6200
1.0805113647e-002 -1.2834459441e-001 -8.6569558267e-001
0 0 0
2 0 96 10.8100 -114.5500 1 96 -30.9400 -100.0900
4.8294455802e-003 -1.2046835655e-001 -8.6324820458e-001
0 0 0
2 0 97 5.2800 -108.4100 1 97 -37.3900 -94.6100
-1.5326121488e-002 -1.1302556342e-001 -8.6026214111e-001
0 0 0
2 0 98 -12.9000 -101.8100 1 98 -47.5200 -94.1600
-3.9382461109e-002 -1.0745445331e-001 -8.6050180991e-001
0 0 0
2 0 99 -34.6100 -96.8600 1 99 -54.8900 -95.1100
-5.6484317097e-002 -1.0950204742e-001 -8.5724911066e-001
0 0 0
2 0 100 -50.0500 -98.1200 1 100 -60.7300 -102.6500
-7.5721591788e-002 -1.2275537316e-001 -8.5933926720e-001
0 0 0
2 0 101 -67.1000 -109.2700 1 101 -59.2800 -117.9700
-8.5711654979e-002 -1.4684144195e-001 -8.5954850692e-001
0 0 0
2 0 102 -76.6600 -133.8900 1 102 -54.6000 -136.8000
-8.9703972861e-002 -1.7371775716e-001 -8.5481133081e-001
0 0 0
2 0 103 -80.1300 -155.5300 1 103 -50.8800 -164.6700
-9.0141344590e-002 -1.9651801179e-001 -8.4627303702e-001
0 0 0
2 0 104 -81.5400 -178.1100 1 104 -51.0600 -186.2100
-8.9934356830e-002 -2.0695034653e-001 -8.4007580610e-001
0 0 0
2 0 105 -82.2100 -190.0000 1 105 -53.0000 -195.9000
-8.6974096863e-002 -2.1129061525e-001 -8.3997792660e-001
0 0 0
2 0 106 -79.4100 -193.3200 1 106 -51.0000 -200.0000
-8.0182600002e-002 -2.1379606669e-001 -8.4435191930e-001
0 0 0
2 0 107 -72.7400 -194.7400 1 107 -45.0000 -199.9000
-7.3253600069e-002 -2.1467283656e-001 -8.4992672430e-001
0 0 0
2 0 108 -65.9200 -194.5900 1 108 -38.4300 -197.8000
-6.4260934077e-002 -2.1419285228e-001 -8.5604031149e-001
0 0 0
2 0 109 -57.2900 -193.1900 1 109 -31.2500 -193.9700
-5.5071991414e-002 -2.1187397615e-001 -8.6159112587e-001
0 0 0
2 0 110 -48.6000 -190.0000 1 110 -24.9600 -188.8900
-4.9455855786e-002 -2.0804482404e-001 -8.6532864719e-001
0 0 0
2 0 111 -43.3100 -185.8200 1 111 -21.5700 -183.5300
-4.4615138982e-002 -2.0040579020e-001 -8.6983886596e-001
0 0 0
2 0 112 -38.7400 -178.4000 1 112 -19.0000 -174.3900
-4.0006946185e-002 -1.8988444580e-001 -8.7612446881e-001
0 0 0
2 0 113 -34.2400 -167.7200 1 113 -15.9200 -162.6400
-3.6327744466e-002 -1.7572032042e-001 -8.8271989827e-001
0 0 0
2 0 114 -30.6700 -154.3900 1 114 -14.0900 -147.3700
-3.5395556876e-002 -1.6379200498e-001 -8.8641018617e-001
0 0 0
2 0 115 -29.6000 -143.1100 1 115 -14.6400 -136.0000
-4.7558810632e-002 -1.1657605855e-001 -9.2246614442e-001
0 0 0
2 0 116 -37.9400 -97.9400 1 116 -4.2500 -89.6100
-5.1046584777e-002 -1.0341333647e-001 -9.2839902081e-001
0 0 0
2 0 117 -40.4600 -86.2100 1 117 -4.6900 -78.4800
-5.5212042240e-002 -9.3879071585e-002 -9.3101949330e-001
0 0 0
2 0 118 -43.7400 -77.9500 1 118 -6.7300 -71.3500
-6.2063493765e-002 -8.1480525696e-002 -9.2996657046e-001
0 0 0
2 0 119 -49.5700 -67.9100 1 119 -13.1500 -63.3000
-6.9306099069e-002 -7.4601391153e-002 -9.2275193999e-001
0 0 0
2 0 120 -56.2600 -62.9700 1 120 -22.6000 -61.0400
-7.9202418467e-002 -6.8762018551e-002 -9.1653423051e-001
0 0 0
2 0 121 -65.0000 -58.0000 1 121 -31.3800 -60.8500
-8.4752904431e-002 -6.6625345447e-002 -9.1090915584e-001
0 0 0
2 0 122 -70.2300 -56.5600 1 122 -37.5800 -61.8100
-8.6540201026e-002 -7.0399102047e-002 -9.0025215648e-001
0 0 0
2 0 123 -72.8300 -60.5700 1 123 -45.0400 -67.4100
-9.1992702102e-002 -8.2137972864e-002 -8.8609725870e-001
0 0 0
2 0 124 -79.0300 -71.8000 1 124 -53.7700 -81.0700
-9.6012828429e-002 -9.1178612369e-002 -8.7569789146e-001
0 0 0
2 0 125 -83.6900 -80.5300 1 125 -60.1000 -91.6300
-1.0034676070e-001 -9.9444511611e-002 -8.6518904624e-001
0 0 0
2 0 126 -88.7400 -88.7400 1 126 -66.8400 -101.7800
-1.0408471830e-001 -1.0455323613e-001 -8.6129028925e-001
0 0 0
2 0 127 -92.4100 -93.0600 1 127 -69.1100 -108.2900
-1.0852966329e-001 -1.0644367274e-001 -8.6036183137e-001
0 0 0
2 0 128 -96.6100 -95.3000 1 128 -70.2800 -110.4800
-1.1185505069e-001 -1.0512969474e-001 -8.6059272113e-001
0 0 0
2 0 129 -99.5100 -93.8900 1 129 -71.1100 -110.2900
-1.1110333318e-001 -1.0193128007e-001 -8.6212036272e-001
0 0 0
2 0 130 -98.7100 -91.1900 1 130 -70.7200 -106.8800
-1.0689456216e-001 -9.7451361275e-002 -8.6348382803e-001
0 0 0
2 0 131 -94.8500 -87.3600 1 131 -70.1200 -101.7700
-1.0426556175e-001 -9.2085722740e-002 -8.6472300845e-001
0 0 0
2 0 132 -92.1600 -81.6500 1 132 -70.0000 -97.5000
-1.0470854219e-001 -8.6345477036e-002 -8.6480201730e-001
0 0 0
2 0 133 -92.7100 -77.1900 1 133 -71.7600 -92.3200
-1.0598805034e-001 -7.9522230324e-002 -8.6229959184e-001
0 0 0
2 0 134 -94.1600 -71.2400 1 134 -75.8700 -87.8700
-1.0502619093e-001 -7.5588799054e-002 -8.6050762486e-001
0 0 0
2 0 135 -93.3900 -67.3000 1 135 -78.0800 -85.5600
-1.0401003391e-001 -7.3278960097e-002 -8.5988043642e-001
0 0 0
2 0 136 -92.6600 -65.6700 1 136 -79.0900 -83.2200
-1.0291273087e-001 -7.2881441810e-002 -8.5878499446e-001
0 0 0
2 0 137 -91.7900 -65.3000 1 137 -79.8300 -83.0000
-1.0281340093e-001 -7.2676572098e-002 -8.5837994974e-001
0 0 0
2 0 138 -91.7300 -65.0600 1 138 -80.1700 -83.0000
-1.0234979400e-001 -7.2083097931e-002 -8.5889746805e-001
0 0 0
2 0 139 -91.2900 -64.6500 1 139 -79.8700 -82.1300
-1.0262231034e-001 -7.2221863570e-002 -8.6032661110e-001
0 0 0
2 0 140 -91.3500 -64.6500 1 140 -78.7600 -82.0000
-1.0496858100e-001 -7.2450248899e-002 -8.6292916337e-001
0 0 0
2 0 141 -93.1100 -64.6200 1 141 -77.1100 -82.1900
-1.0961487475e-001 -7.1245523802e-002 -8.6737812265e-001
0 0 0
2 0 142 -96.7100 -63.3500 1 142 -74.9200 -81.2000
-1.1573795634e-001 -6.7840309225e-002 -8.7461109919e-001
0 0 0
2 0 143 -101.1100 -59.6000 1 143 -71.4600 -78.6400
-1.2542708268e-001 -7.0157815634e-002 -8.7832812219e-001
0 0 0
2 0 144 -109.0700 -61.2500 1 144 -69.8800 -82.0000
-1.3288068359e-001 -7.3672040408e-002 -8.7866100887e-001
0 0 0
2 0 145 -115.5300 -64.2500 1 145 -70.1200 -86.3600
-1.4263171348e-001 -7.8345844518e-002 -8.7539194941e-001
0 0 0
2 0 146 -124.5500 -68.5000 1 146 -73.1700 -92.8800
-1.5078407963e-001 -8.2494508891e-002 -8.6856171860e-001
0 0 0
2 0 147 -132.8800 -72.8400 1 147 -78.7200 -99.1200
-1.5643677975e-001 -8.6110103810e-002 -8.6434252748e-001
0 0 0
2 0 148 -138.6800 -76.7100 1 148 -82.0000 -103.6200
