# Bundle file v0.3
4 74
6.4697267782e+002 -6.6080116168e-002 -7.6064917274e-003
9.9248513882e-001 1.9899209403e-002 1.2073636857e-001
-1.3813357332e-002 9.9860131312e-001 -5.1035366097e-002
-1.2158305963e-001 4.8984067804e-002 9.9137183776e-001
1.2982184778e-001 -4.4608713292e-002 1.9551968780e-001
6.5016413833e+002 -5.2234801831e-002 -8.6950331010e-003
6.2432359837e-001 4.1196834458e-001 6.6370334305e-001
-3.6050057395e-001 9.0569410551e-001 -2.2306394469e-001
-6.9300748964e-001 -1.0000135148e-001 7.1396102765e-001
7.6469612784e-001 -2.5534004456e-001 -1.5502065016e-001
5.2243921572e+002 -5.6285693943e-002 -3.3028767935e-003
-6.4066968371e-001 -3.8565678933e-001 -6.6393613941e-001
4.5264726901e-001 5.0876121465e-001 -7.3230627222e-001
6.2020384249e-001 -7.6969530810e-001 -1.5138139401e-001
-6.4946286522e-001 -7.1522028248e-001 -8.0191151701e-001
5.2621311789e+002 -1.8236125465e-002 1.6533894586e-002
-9.9302678115e-001 7.0507875830e-002 -9.4479899236e-002
1.1647770747e-001 4.6317011704e-001 -8.7858203165e-001
-1.8186686808e-002 -8.8346028894e-001 -4.6815292618e-001
-1.8657449664e-001 -8.2120084232e-001 -1.1110482427e+000
-1.5705099099e-002 -1.4535898280e-001 -1.0001633096e+000
0 0 0
4 0 0 -7.5800 -111.6700 1 0 24.2100 -121.6800 2 0 76.8800 -60.6700 3 0 -88.6900 -11.9100
-1.6579994974e-002 -1.4385320421e-001 -9.9905671181e-001
0 0 0
4 0 1 -8.0000 -110.6700 1 1 24.9100 -120.9100 2 1 75.8800 -60.9600 3 1 -87.3100 -12.0900
-2.0187289971e-002 -1.4296952297e-001 -9.9515931238e-001
0 0 0
4 0 2 -10.4700 -110.6800 1 2 25.3700 -120.4700 2 2 74.7700 -64.4200 3 2 -83.6500 -15.6500
-2.3176506874e-002 -1.4098804556e-001 -9.9009332309e-001
0 0 0
4 0 3 -12.4200 -110.3300 1 3 27.4400 -119.6100 2 3 72.1900 -67.5800 3 3 -80.3300 -19.5500
-2.8205057285e-002 -1.3863464323e-001 -9.8519813362e-001
0 0 0
4 0 4 -17.0000 -108.9200 1 4 28.6300 -118.7400 2 4 70.5000 -71.5000 3 4 -75.6200 -22.8400
-3.3327008075e-002 -1.3405375713e-001 -9.7706966594e-001
0 0 0
4 0 5 -19.6500 -107.2400 1 5 32.1000 -116.3000 2 5 65.8800 -76.0000 3 5 -69.3100 -27.9100
-3.9748218599e-002 -1.2673502549e-001 -9.6680121406e-001
0 0 0
4 0 6 -24.4000 -102.3600 1 6 37.0000 -113.0000 2 6 59.7700 -80.1800 3 6 -62.4000 -34.0000
-4.6280514202e-002 -1.1620727846e-001 -9.5388713920e-001
0 0 0
4 0 7 -29.1600 -96.2900 1 7 45.0000 -107.0000 2 7 50.8200 -84.7700 3 7 -55.2700 -39.4200
-5.3520482195e-002 -1.0112262975e-001 -9.4009243587e-001
0 0 0
4 0 8 -34.1000 -84.4700 1 8 54.7200 -98.8800 2 8 40.9100 -86.9100 3 8 -46.8600 -43.8600
-5.7898407689e-002 -8.2081780813e-002 -9.2604449334e-001
0 0 0
4 0 9 -36.8900 -71.0900 1 9 67.7200 -86.3200 2 9 27.5900 -86.1200 3 9 -40.9300 -45.4100
-5.8512719286e-002 -6.5958623217e-002 -9.1858281662e-001
0 0 0
4 0 10 -36.6400 -56.3200 1 10 77.3000 -76.3900 2 10 18.7100 -82.7100 3 10 -39.0700 -43.5900
-5.8074590278e-002 -4.9202394242e-002 -9.1382002431e-001
0 0 0
4 0 11 -35.5700 -42.7700 1 11 86.9100 -63.2200 2 11 11.2100 -76.9500 3 11 -38.1200 -39.6400
-5.4752265230e-002 -3.4636445587e-002 -9.1379694816e-001
0 0 0
4 0 12 -32.8500 -28.9200 1 12 92.4500 -54.1500 2 12 3.5600 -68.2500 3 12 -38.7200 -33.1200
-5.4089722669e-002 -2.0554938810e-002 -9.1483075859e-001
0 0 0
4 0 13 -32.0000 -15.7500 1 13 97.0900 -43.0900 2 13 0.1500 -61.4600 3 13 -38.0000 -26.3800
-5.4200279237e-002 -1.3738172640e-002 -9.1584146077e-001
0 0 0
4 0 14 -32.0000 -10.0000 1 14 98.9100 -37.0900 2 14 -1.2100 -57.6400 3 14 -37.0900 -23.0900
-5.6424229510e-002 -1.6248615999e-002 -9.1761343793e-001
0 0 0
4 0 15 -34.0000 -12.2500 1 15 96.0000 -38.0000 2 15 1.5000 -58.5000 3 15 -35.2900 -23.0000
-5.9900035175e-002 -2.4514856198e-002 -9.1879642937e-001
0 0 0
4 0 16 -37.2700 -19.2700 1 16 90.9100 -43.0900 2 16 6.7100 -63.2900 3 16 -33.7600 -25.6800
-6.4668430668e-002 -3.7918132358e-002 -9.2055070093e-001
0 0 0
4 0 17 -42.0600 -32.4000 1 17 83.5000 -51.0500 2 17 13.8600 -69.2900 3 17 -31.0400 -30.6000
-6.8416367126e-002 -5.5729501682e-002 -9.2270646867e-001
0 0 0
4 0 18 -45.5100 -47.0800 1 18 74.0000 -64.1400 2 18 22.7800 -78.8300 3 18 -29.7200 -36.6200
-7.1383829123e-002 -7.6520295227e-002 -9.2399102731e-001
0 0 0
4 0 19 -48.6800 -65.6200 1 19 64.8000 -79.4400 2 19 32.0000 -89.2700 3 19 -29.2900 -45.3900
-7.0971816130e-002 -9.6121920787e-002 -9.2594819272e-001
0 0 0
4 0 20 -48.7200 -82.7200 1 20 57.0400 -94.7600 2 20 39.7900 -98.0500 3 20 -31.4500 -53.3500
-6.7659061028e-002 -1.1649561866e-001 -9.3147201083e-001
0 0 0
4 0 21 -46.1500 -99.8500 1 21 48.2100 -109.7900 2 21 49.0000 -105.0000 3 21 -36.3900 -59.2600
-6.5060672227e-002 -1.3102982781e-001 -9.3719207730e-001
0 0 0
4 0 22 -44.6600 -111.4400 1 22 40.8900 -119.8100 2 22 56.8100 -108.9000 3 22 -40.7300 -62.5800
-5.8790126297e-002 -1.4814856760e-001 -9.4459685824e-001
0 0 0
4 0 23 -39.3500 -124.9600 1 23 33.6900 -132.4200 2 23 64.8700 -112.5700 3 23 -48.0000 -65.0000
-4.7493309284e-002 -1.6075137935e-001 -9.5494566052e-001
0 0 0
4 0 24 -31.3000 -133.1200 1 24 28.9100 -140.7800 2 24 71.1400 -110.4300 3 24 -61.5800 -62.5200
-3.3928874685e-002 -1.6979443210e-001 -9.7101587898e-001
0 0 0
4 0 25 -20.0600 -137.6000 1 25 23.2700 -145.0000 2 25 78.8300 -99.0000 3 25 -75.2900 -54.2600
-1.7682274642e-002 -1.7180886056e-001 -9.8842765868e-001
0 0 0
4 0 26 -9.1700 -135.3100 1 26 21.2500 -143.5000 2 26 82.6900 -85.2300 3 26 -93.3000 -36.2000
-4.0941698187e-003 -1.7009328874e-001 -1.0021075196e+000
0 0 0
4 0 27 1.6100 -130.9800 1 27 20.6100 -140.6100 2 27 84.2600 -68.5200 3 27 -106.2300 -22.3700
9.3307956127e-003 -1.6756647218e-001 -1.0157672979e+000
0 0 0
4 0 28 10.4400 -126.0800 1 28 20.3800 -137.4400 2 28 85.0000 -52.1000 3 28 -120.0000 -6.5000
2.1900943452e-002 -1.6511253497e-001 -1.0280511063e+000
0 0 0
4 0 29 17.2100 -122.3700 1 29 21.1400 -133.9300 2 29 85.0400 -37.4000 3 29 -133.8500 9.1000
3.3344769286e-002 -1.6263986440e-001 -1.0374681605e+000
0 0 0
4 0 30 26.7500 -117.8300 1 30 21.7100 -131.5000 2 30 84.7700 -24.4200 3 30 -145.0200 20.5000
4.7721388611e-002 -1.6134382676e-001 -1.0423732724e+000
0 0 0
4 0 31 35.6700 -116.1800 1 31 26.0000 -131.5000 2 31 79.0900 -13.0900 3 31 -160.7600 27.6300
5.9958415738e-002 -1.6443361574e-001 -1.0371883715e+000
0 0 0
4 0 32 46.5700 -119.9500 1 32 32.0000 -136.5000 2 32 69.2800 -13.1200 3 32 -174.1100 22.7700
6.9161540682e-002 -1.7193948848e-001 -1.0302692009e+000
0 0 0
4 0 33 53.6400 -125.8700 1 33 37.8300 -145.0000 2 33 63.0000 -18.5000 3 33 -187.0400 13.2200
7.0739384216e-002 -1.8272635241e-001 -1.0257596259e+000
0 0 0
4 0 34 56.0800 -135.0000 1 34 37.3300 -153.7500 2 34 64.0700 -28.5900 3 34 -192.5900 4.4800
6.6074555074e-002 -1.9360628309e-001 -1.0219098652e+000
0 0 0
4 0 35 53.0800 -143.7400 1 35 34.1700 -161.0000 2 35 70.4300 -40.4700 3 35 -192.0200 -6.3900
5.6790061127e-002 -2.0492281431e-001 -1.0200973412e+000
0 0 0
4 0 36 45.8300 -152.7600 1 36 27.7100 -167.7100 2 36 81.0000 -54.1000 3 36 -186.6500 -15.2700
4.3833785587e-002 -2.1413209341e-001 -1.0218128131e+000
0 0 0
4 0 37 34.9300 -160.0500 1 37 17.7500 -172.1900 2 37 94.8400 -63.7800 3 37 -175.8300 -20.8600
3.0776948749e-002 -2.2066873363e-001 -1.0242205855e+000
0 0 0
4 0 38 24.4200 -164.0300 1 38 10.5900 -173.7600 2 38 109.6500 -72.5200 3 38 -163.7500 -24.0000
1.5393269907e-002 -2.2377632938e-001 -1.0284560151e+000
0 0 0
4 0 39 12.4400 -165.7600 1 39 -0.6100 -172.6100 2 39 122.9300 -77.4100 3 39 -146.8200 -23.8000
3.1063271177e-003 -2.2373991775e-001 -1.0336030169e+000
0 0 0
4 0 40 2.5600 -164.5600 1 40 -9.1700 -169.2800 2 40 133.4200 -78.2400 3 40 -132.3600 -20.2800
-1.0657307501e-002 -2.2248018817e-001 -1.0408051827e+000
0 0 0
4 0 41 -8.7000 -162.0800 1 41 -18.8600 -164.5700 2 41 145.1900 -76.8100 3 41 -115.4400 -14.1100
-2.3938532563e-002 -2.1860143754e-001 -1.0484479794e+000
0 0 0
4 0 42 -19.5900 -158.0000 1 42 -27.1400 -158.5700 2 42 154.7000 -73.7000 3 42 -97.8200 -4.6900
-3.4127607265e-002 -2.1471241363e-001 -1.0592014897e+000
0 0 0
4 0 43 -27.4400 -152.5600 1 43 -36.8900 -150.0000 2 43 165.3100 -66.7700 3 43 -84.5500 6.5500
-4.0942759616e-002 -2.1067160725e-001 -1.0732645878e+000
0 0 0
4 0 44 -33.1600 -146.8700 1 44 -45.0000 -143.0000 2 44 175.7100 -57.2900 3 44 -74.3600 24.6000
-4.2064316974e-002 -2.1043759773e-001 -1.0893757340e+000
0 0 0
4 0 45 -34.2400 -143.9700 1 45 -53.0000 -137.1000 2 45 188.4100 -44.4400 3 45 -72.1800 41.6000
-3.6749135718e-002 -2.1372183783e-001 -1.1038288427e+000
0 0 0
4 0 46 -31.3000 -143.8300 1 46 -57.3900 -136.6100 2 46 198.5700 -34.3300 3 46 -79.1400 59.2700
-2.6408798738e-002 -2.2134243284e-001 -1.1155575318e+000
0 0 0
4 0 47 -25.4800 -146.1000 1 47 -59.6000 -140.4000 2 47 208.8100 -25.0700 3 47 -94.9000 71.5600
-1.1275548453e-002 -2.3067870618e-001 -1.1217352029e+000
0 0 0
4 0 48 -13.8900 -151.8100 1 48 -57.7300 -146.6700 2 48 214.4500 -18.5900 3 48 -117.6200 77.5700
6.6582896987e-003 -2.3975505188e-001 -1.1246018531e+000
0 0 0
4 0 49 -2.0900 -156.9700 1 49 -52.1500 -155.4600 2 49 216.6100 -12.0600 3 49 -145.5700 79.8300
2.4228401886e-002 -2.4742127180e-001 -1.1238921980e+000
0 0 0
4 0 50 9.5500 -162.1800 1 50 -45.8600 -162.7100 2 50 214.4100 -8.4100 3 50 -174.0000 78.2000
3.9235834840e-002 -2.5312417106e-001 -1.1207993660e+000
0 0 0
4 0 51 20.3600 -166.1900 1 51 -39.6000 -168.4000 2 51 209.7400 -6.8900 3 51 -198.2200 73.4500
5.1423844132e-002 -2.5677125526e-001 -1.1151665704e+000
0 0 0
4 0 52 28.7400 -170.0000 1 52 -32.2900 -174.5000 2 52 201.5500 -7.6700 3 52 -216.8700 66.5000
6.4847814679e-002 -2.6091410094e-001 -1.1083305903e+000
0 0 0
4 0 53 37.7100 -173.2600 1 53 -25.1500 -179.7700 2 53 192.0000 -9.0000 3 53 -238.2900 56.4300
7.9113593403e-002 -2.6138390877e-001 -1.1004290543e+000
0 0 0
4 0 54 49.3600 -176.0000 1 54 -15.3800 -184.3800 2 54 177.0000 -8.6400 3 54 -256.6800 48.5900
9.3405629587e-002 -2.6169189100e-001 -1.0916605791e+000
0 0 0
4 0 55 60.0000 -177.1800 1 55 -6.0000 -188.0000 2 55 160.5300 -8.8500 3 55 -275.5300 38.5700
1.0535490254e-001 -2.5840343878e-001 -1.0797745003e+000
0 0 0
4 0 56 70.6400 -178.0000 1 56 5.8200 -190.8200 2 56 138.6800 -11.8200 3 56 -286.5400 28.2700
1.1522084486e-001 -2.5462278388e-001 -1.0666045046e+000
0 0 0
4 0 57 80.0300 -178.1400 1 57 15.0000 -193.0000 2 57 115.6000 -16.2900 3 57 -294.0400 15.5500
1.2264893197e-001 -2.5012718998e-001 -1.0535850075e+000
0 0 0
4 0 58 87.4300 -177.9500 1 58 26.1800 -194.8200 2 58 94.5900 -21.8100 3 58 -297.4100 4.2900
1.2760417329e-001 -2.4212159093e-001 -1.0372281356e+000
0 0 0
4 0 59 94.3500 -175.9300 1 59 38.1800 -194.8200 2 59 69.9200 -29.1500 3 59 -294.2800 -8.9000
1.2836878646e-001 -2.3242695570e-001 -1.0223325968e+000
0 0 0
4 0 60 98.0700 -172.3000 1 60 48.1700 -193.0000 2 60 49.2700 -36.0300 3 60 -285.5600 -19.0500
1.2458479311e-001 -2.2153600666e-001 -1.0068452454e+000
0 0 0
4 0 61 98.9800 -167.4700 1 61 57.0000 -190.1700 2 61 32.0000 -44.8900 3 61 -271.3700 -28.9300
1.1568297255e-001 -2.1417986140e-001 -9.9479798063e-001
0 0 0
4 0 62 95.3300 -165.0000 1 62 61.0800 -188.3100 2 62 24.4700 -54.0500 3 62 -254.5300 -38.4400
1.0476843672e-001 -2.0802791852e-001 -9.8309351439e-001
0 0 0
4 0 63 89.2000 -163.1300 1 63 65.1800 -186.1800 2 63 19.9400 -66.0600 3 63 -237.8200 -46.3900
8.9823609268e-002 -2.0149932987e-001 -9.7303724449e-001
0 0 0
4 0 64 79.7700 -160.5500 1 64 66.1000 -184.2000 2 64 19.4800 -75.5800 3 64 -216.6100 -54.0900
7.5490354855e-002 -1.9352813019e-001 -9.6461119801e-001
0 0 0
4 0 65 71.0000 -157.0000 1 65 67.5300 -179.3300 2 65 19.7200 -82.6200 3 65 -196.3800 -58.5400
6.1222061648e-002 -1.8647995481e-001 -9.5922850081e-001
0 0 0
4 0 66 59.2000 -152.5500 1 66 66.4400 -173.7500 2 66 21.7400 -87.4800 3 66 -179.1400 -61.2600
4.0070918415e-002 -1.8087178038e-001 -9.5253311690e-001
0 0 0
4 0 67 42.6100 -149.7600 1 67 63.4700 -169.8700 2 67 28.2300 -96.1900 3 67 -154.8500 -66.0500
1.6631372298e-002 -1.7845347073e-001 -9.4633964131e-001
0 0 0
4 0 68 24.4300 -149.2600 1 68 57.6700 -166.0000 2 68 37.8800 -108.2300 3 68 -130.2700 -72.3400
-5.7735591686e-003 -1.7446189512e-001 -9.3937662261e-001
0 0 0
4 0 69 6.3200 -148.0000 1 69 53.1100 -162.2800 2 69 44.7200 -117.1200 3 69 -106.2300 -78.5700
-2.4514601074e-002 -1.6909629835e-001 -9.3410436728e-001
0 0 0
4 0 70 -9.3800 -145.1500 1 70 49.0000 -157.0000 2 70 49.1200 -122.6700 3 70 -86.3200 -81.8100
-3.7773734262e-002 -1.6369214214e-001 -9.3291470028e-001
0 0 0
4 0 71 -21.2100 -140.8600 1 71 45.5500 -152.1500 2 71 53.0900 -123.0900 3 71 -71.9200 -80.9500
-4.8849279094e-002 -1.5502612590e-001 -9.3249471213e-001
0 0 0
4 0 72 -30.3400 -133.8400 1 72 43.0900 -142.9100 2 72 55.0000 -121.0000 3 72 -59.5300 -77.9400
-5.6848285630e-002 -1.4625039473e-001 -9.3505213116e-001
0 0 0
4 0 73 -37.1600 -126.0400 1 73 41.1200 -134.3100 2 73 57.0000 -116.0000 3 73 -49.6400 -71.4300
