# Bundle file v0.3
4 74
7.1436384813e+002 -6.5440052830e-003 -6.1894504822e-004
9.9997161822e-001 3.9813643189e-003 6.3962096404e-003
-4.0402905054e-003 9.9994927425e-001 9.2263194788e-003
-6.3591518487e-003 -9.2519001645e-003 9.9993697978e-001
6.7075928144e-003 8.4317863716e-003 6.5484018715e-002
8.0900020357e+002 4.3326419465e-003 3.9348502116e-004
5.4494491349e-001 3.6353743941e-001 7.5556308235e-001
-3.4533170749e-001 9.1845376735e-001 -1.9284369068e-001
-7.6405566097e-001 -1.5583070101e-001 6.2604771348e-001
8.5785315659e-001 -2.3034798294e-001 -5.0466681640e-001
0 0 0
0 0 0
0 0 0
0 0 0
0 0 0
0 0 0
0 0 0
0 0 0
0 0 0
0 0 0
-9.6660142940e-003 -1.4718292234e-001 -1.0136542259e+000
0 0 0
2 0 0 -7.5800 -111.6700 1 0 24.2100 -121.6800
-1.0212252649e-002 -1.4580113355e-001 -1.0126671397e+000
0 0 0
2 0 1 -8.0000 -110.6700 1 1 24.9100 -120.9100
-1.3480283235e-002 -1.4528861778e-001 -1.0099293043e+000
0 0 0
2 0 2 -10.4700 -110.6800 1 2 25.3700 -120.4700
-1.6065885556e-002 -1.4376327332e-001 -1.0053713461e+000
0 0 0
2 0 3 -12.4200 -110.3300 1 3 27.4400 -119.6100
-2.1924406625e-002 -1.4175118928e-001 -1.0001767853e+000
0 0 0
2 0 4 -17.0000 -108.9200 1 4 28.6300 -118.7400
-2.5361882485e-002 -1.3798075768e-001 -9.9380956269e-001
0 0 0
2 0 5 -19.6500 -107.2400 1 5 32.1000 -116.3000
-3.1196006015e-002 -1.3116225129e-001 -9.8454294891e-001
0 0 0
2 0 6 -24.4000 -102.3600 1 6 37.0000 -113.0000
-3.7008593072e-002 -1.2120008071e-001 -9.7201231091e-001
0 0 0
2 0 7 -29.1600 -96.2900 1 7 45.0000 -107.0000
-4.2606211584e-002 -1.0607145449e-001 -9.5885277066e-001
0 0 0
2 0 8 -34.1000 -84.4700 1 8 54.7200 -98.8800
-4.5714199387e-002 -8.6891461129e-002 -9.4466526272e-001
0 0 0
2 0 9 -36.8900 -71.0900 1 9 67.7200 -86.3200
-4.4949972100e-002 -6.9404957096e-002 -9.3700714773e-001
0 0 0
2 0 10 -36.6400 -56.3200 1 10 77.3000 -76.3900
-4.3718704319e-002 -5.1014629872e-002 -9.3084902809e-001
0 0 0
2 0 11 -35.5700 -42.7700 1 11 86.9100 -63.2200
-4.0244546050e-002 -3.5526387135e-002 -9.3014889054e-001
0 0 0
2 0 12 -32.8500 -28.9200 1 12 92.4500 -54.1500
-3.9271183684e-002 -1.9627796073e-002 -9.3000455070e-001
0 0 0
2 0 13 -32.0000 -15.7500 1 13 97.0900 -43.0900
-3.9428598503e-002 -1.2075216098e-002 -9.3041255765e-001
0 0 0
2 0 14 -32.0000 -10.0000 1 14 98.9100 -37.0900
-4.1933348189e-002 -1.4768029370e-002 -9.3251476727e-001
0 0 0
2 0 15 -34.0000 -12.2500 1 15 96.0000 -38.0000
-4.5921916074e-002 -2.3518744529e-002 -9.3459454972e-001
0 0 0
2 0 16 -37.2700 -19.2700 1 16 90.9100 -43.0900
-5.1989626266e-002 -3.8488747673e-002 -9.3691268904e-001
0 0 0
2 0 17 -42.0600 -32.4000 1 17 83.5000 -51.0500
-5.6150141449e-002 -5.7700983686e-002 -9.4096070831e-001
0 0 0
2 0 18 -45.5100 -47.0800 1 18 74.0000 -64.1400
-6.0073926899e-002 -8.0589832209e-002 -9.4333995548e-001
0 0 0
2 0 19 -48.6800 -65.6200 1 19 64.8000 -79.4400
-6.0165264258e-002 -1.0210153434e-001 -9.4617086420e-001
0 0 0
2 0 20 -48.7200 -82.7200 1 20 57.0400 -94.7600
-5.7297165933e-002 -1.2386070174e-001 -9.5254564134e-001
0 0 0
2 0 21 -46.1500 -99.8500 1 21 48.2100 -109.7900
-5.5734189715e-002 -1.3904226530e-001 -9.5863904640e-001
0 0 0
2 0 22 -44.6600 -111.4400 1 22 40.8900 -119.8100
-4.9406093921e-002 -1.5715850724e-001 -9.6636747380e-001
0 0 0
2 0 23 -39.3500 -124.9600 1 23 33.6900 -132.4200
-3.9544364675e-002 -1.6910896218e-001 -9.7535754589e-001
0 0 0
2 0 24 -31.3000 -133.1200 1 24 28.9100 -140.7800
-2.5598428614e-002 -1.7719969159e-001 -9.9065045949e-001
0 0 0
2 0 25 -20.0600 -137.6000 1 25 23.2700 -145.0000
-1.1628496485e-002 -1.7645461848e-001 -1.0040141908e+000
0 0 0
2 0 26 -9.1700 -135.3100 1 26 21.2500 -143.5000
2.6147153341e-003 -1.7298338843e-001 -1.0164398976e+000
0 0 0
2 0 27 1.6100 -130.9800 1 27 20.6100 -140.6100
1.4601504884e-002 -1.6856167895e-001 -1.0270000487e+000
0 0 0
2 0 28 10.4400 -126.0800 1 28 20.3800 -137.4400
2.3828431270e-002 -1.6412106544e-001 -1.0341023346e+000
0 0 0
2 0 29 17.2100 -122.3700 1 29 21.1400 -133.9300
3.7225186669e-002 -1.5992130655e-001 -1.0440032781e+000
0 0 0
2 0 30 26.7500 -117.8300 1 30 21.7100 -131.5000
4.9480770668e-002 -1.5767144367e-001 -1.0453649511e+000
0 0 0
2 0 31 35.6700 -116.1800 1 31 26.0000 -131.5000
6.4135778409e-002 -1.6169513895e-001 -1.0421936710e+000
0 0 0
2 0 32 46.5700 -119.9500 1 32 32.0000 -136.5000
7.3230288199e-002 -1.6911332147e-001 -1.0336956912e+000
0 0 0
2 0 33 53.6400 -125.8700 1 33 37.8300 -145.0000
7.6373335923e-002 -1.8105584708e-001 -1.0312349821e+000
0 0 0
2 0 34 56.0800 -135.0000 1 34 37.3300 -153.7500
7.2190266601e-002 -1.9242236401e-001 -1.0292112748e+000
0 0 0
2 0 35 53.0800 -143.7400 1 35 34.1700 -161.0000
6.2456080943e-002 -2.0457238477e-001 -1.0291785445e+000
0 0 0
2 0 36 45.8300 -152.7600 1 36 27.7100 -167.7100
4.8017794998e-002 -2.1529042714e-001 -1.0328706981e+000
0 0 0
2 0 37 34.9300 -160.0500 1 37 17.7500 -172.1900
3.3846371062e-002 -2.2077752105e-001 -1.0337459977e+000
0 0 0
2 0 38 24.4200 -164.0300 1 38 10.5900 -173.7600
1.7819992117e-002 -2.2476370894e-001 -1.0412156984e+000
0 0 0
2 0 39 12.4400 -165.7600 1 39 -0.6100 -172.6100
4.4118216506e-003 -2.2456076549e-001 -1.0474367404e+000
0 0 0
2 0 40 2.5600 -164.5600 1 40 -9.1700 -169.2800
-1.1063722067e-002 -2.2297271292e-001 -1.0546767265e+000
0 0 0
2 0 41 -8.7000 -162.0800 1 41 -18.8600 -164.5700
-2.6214778712e-002 -2.1893834292e-001 -1.0604985903e+000
0 0 0
2 0 42 -19.5900 -158.0000 1 42 -27.1400 -158.5700
-3.7595765794e-002 -2.1344036846e-001 -1.0727909324e+000
0 0 0
2 0 43 -27.4400 -152.5600 1 43 -36.8900 -150.0000
-4.6051082012e-002 -2.0819791323e-001 -1.0839969845e+000
0 0 0
2 0 44 -33.1600 -146.8700 1 44 -45.0000 -143.0000
-4.8344116226e-002 -2.0589068390e-001 -1.0989466926e+000
0 0 0
2 0 45 -34.2400 -143.9700 1 45 -53.0000 -137.1000
-4.4500287765e-002 -2.0773545094e-001 -1.1097895429e+000
0 0 0
2 0 46 -31.3000 -143.8300 1 46 -57.3900 -136.6100
-3.6140385882e-002 -2.1338659273e-001 -1.1180975122e+000
0 0 0
2 0 47 -25.4800 -146.1000 1 47 -59.6000 -140.4000
-1.9253732584e-002 -2.2200876686e-001 -1.1242634879e+000
0 0 0
2 0 48 -13.8900 -151.8100 1 48 -57.7300 -146.6700
-1.6593421017e-003 -2.3030422008e-001 -1.1231858013e+000
0 0 0
2 0 49 -2.0900 -156.9700 1 49 -52.1500 -155.4600
1.5511206207e-002 -2.3730606922e-001 -1.1209841445e+000
0 0 0
2 0 50 9.5500 -162.1800 1 50 -45.8600 -162.7100
3.1366621576e-002 -2.4237805795e-001 -1.1185631246e+000
0 0 0
2 0 51 20.3600 -166.1900 1 51 -39.6000 -168.4000
4.3408226422e-002 -2.4659391851e-001 -1.1111212055e+000
0 0 0
2 0 52 28.7400 -170.0000 1 52 -32.2900 -174.5000
5.6183955680e-002 -2.5004668115e-001 -1.1049070898e+000
0 0 0
2 0 53 37.7100 -173.2600 1 53 -25.1500 -179.7700
7.2487039317e-002 -2.5178734358e-001 -1.0968778522e+000
0 0 0
2 0 54 49.3600 -176.0000 1 54 -15.3800 -184.3800
8.7141473924e-002 -2.5179025862e-001 -1.0889405340e+000
0 0 0
2 0 55 60.0000 -177.1800 1 55 -6.0000 -188.0000
1.0103496564e-001 -2.4969350782e-001 -1.0765218035e+000
0 0 0
2 0 56 70.6400 -178.0000 1 56 5.8200 -190.8200
1.1329389179e-001 -2.4785292923e-001 -1.0678623562e+000
0 0 0
2 0 57 80.0300 -178.1400 1 57 15.0000 -193.0000
1.2181922121e-001 -2.4414086959e-001 -1.0535484221e+000
0 0 0
2 0 58 87.4300 -177.9500 1 58 26.1800 -194.8200
1.2924732853e-001 -2.3759620450e-001 -1.0383291917e+000
0 0 0
2 0 59 94.3500 -175.9300 1 59 38.1800 -194.8200
1.3236310174e-001 -2.2950509771e-001 -1.0249789563e+000
0 0 0
2 0 60 98.0700 -172.3000 1 60 48.1700 -193.0000
1.3170123542e-001 -2.2032348119e-001 -1.0120480620e+000
0 0 0
2 0 61 98.9800 -167.4700 1 61 57.0000 -190.1700
1.2559351419e-001 -2.1516685157e-001 -1.0030161212e+000
0 0 0
2 0 62 95.3300 -165.0000 1 62 61.0800 -188.3100
1.1606425326e-001 -2.1006752799e-001 -9.9206567929e-001
0 0 0
2 0 63 89.2000 -163.1300 1 63 65.1800 -186.1800
1.0297361072e-001 -2.0576385066e-001 -9.8430093463e-001
0 0 0
2 0 64 79.7700 -160.5500 1 64 66.1000 -184.2000
9.0889521906e-002 -1.9915572048e-001 -9.7755355004e-001
0 0 0
2 0 65 71.0000 -157.0000 1 65 67.5300 -179.3300
7.5396441322e-002 -1.9245826976e-001 -9.7317104233e-001
0 0 0
2 0 66 59.2000 -152.5500 1 66 66.4400 -173.7500
5.3974064277e-002 -1.8824304003e-001 -9.6720473889e-001
0 0 0
2 0 67 42.6100 -149.7600 1 67 63.4700 -169.8700
3.0862391955e-002 -1.8659558393e-001 -9.6390465834e-001
0 0 0
2 0 68 24.4300 -149.2600 1 68 57.6700 -166.0000
8.0314249260e-003 -1.8406681023e-001 -9.5863771167e-001
0 0 0
2 0 69 6.3200 -148.0000 1 69 53.1100 -162.2800
-1.1578273308e-002 -1.7974381843e-001 -9.5520435060e-001
0 0 0
2 0 70 -9.3800 -145.1500 1 70 49.0000 -157.0000
-2.6190790923e-002 -1.7484793732e-001 -9.5372622097e-001
0 0 0
2 0 71 -21.2100 -140.8600 1 71 45.5500 -152.1500
-3.7671628344e-002 -1.6571920531e-001 -9.5470219056e-001
0 0 0
2 0 72 -30.3400 -133.8400 1 72 43.0900 -142.9100
-4.6263627346e-002 -1.5644070512e-001 -9.5659728188e-001
0 0 0
2 0 73 -37.1600 -126.0400 1 73 41.1200 -134.3100
