# Bundle file v0.3
4 74
7.6800000000e+002 0.0000000000e+000 0.0000000000e+000
1.0000000000e+000 0.0000000000e+000 0.0000000000e+000
0.0000000000e+000 1.0000000000e+000 0.0000000000e+000
0.0000000000e+000 0.0000000000e+000 1.0000000000e+000
-0.0000000000e+000 -0.0000000000e+000 -0.0000000000e+000
7.6800000000e+002 0.0000000000e+000 0.0000000000e+000
5.4073435922e-001 3.6161619228e-001 7.5949988956e-001
-3.5070489714e-001 9.1758572941e-001 -1.8719643240e-001
-7.6459952124e-001 -1.6513678773e-001 6.2299070094e-001
8.6223213548e-001 -2.2520726101e-001 -4.5369310568e-001
0 0 0
0 0 0
0 0 0
0 0 0
0 0 0
0 0 0
0 0 0
0 0 0
0 0 0
0 0 0
-1.0025712535e-002 -1.4736476399e-001 -1.0142609992e+000
0 0 0
2 0 0 -7.5800 -111.6700 1 0 24.2100 -121.6800
-1.0559062900e-002 -1.4598653011e-001 -1.0132856437e+000
0 0 0
2 0 1 -8.0000 -110.6700 1 1 24.9100 -120.9100
-1.3799428735e-002 -1.4547961075e-001 -1.0106006463e+000
0 0 0
2 0 2 -10.4700 -110.6800 1 2 25.3700 -120.4700
-1.6348261219e-002 -1.4396577474e-001 -1.0061013790e+000
0 0 0
2 0 3 -12.4200 -110.3300 1 3 27.4400 -119.6100
-2.2157541703e-002 -1.4196469058e-001 -1.0009995310e+000
0 0 0
2 0 4 -17.0000 -108.9200 1 4 28.6300 -118.7400
-2.5545874476e-002 -1.3821048333e-001 -9.9470840652e-001
0 0 0
2 0 5 -19.6500 -107.2400 1 5 32.1000 -116.3000
-3.1303929695e-002 -1.3141385083e-001 -9.8555996168e-001
0 0 0
2 0 6 -24.4000 -102.3600 1 6 37.0000 -113.0000
-3.7028513843e-002 -1.2147661914e-001 -9.7316639480e-001
0 0 0
2 0 7 -29.1600 -96.2900 1 7 45.0000 -107.0000
-4.2514957543e-002 -1.0636551281e-001 -9.6015359796e-001
0 0 0
2 0 8 -34.1000 -84.4700 1 8 54.7200 -98.8800
-4.5507986615e-002 -8.7181107220e-002 -9.4608294085e-001
0 0 0
2 0 9 -36.8900 -71.0900 1 9 67.7200 -86.3200
-4.4628364172e-002 -6.9670485582e-002 -9.3848441400e-001
0 0 0
2 0 10 -36.6400 -56.3200 1 10 77.3000 -76.3900
-4.3304115585e-002 -5.1236201686e-002 -9.3232362045e-001
0 0 0
2 0 11 -35.5700 -42.7700 1 11 86.9100 -63.2200
-3.9730601643e-002 -3.5705770251e-002 -9.3160499740e-001
0 0 0
2 0 12 -32.8500 -28.9200 1 12 92.4500 -54.1500
-3.8680210296e-002 -1.9762344065e-002 -9.3142960626e-001
0 0 0
2 0 13 -32.0000 -15.7500 1 13 97.0900 -43.0900
-3.8813820346e-002 -1.2190285962e-002 -9.3180664198e-001
0 0 0
2 0 14 -32.0000 -10.0000 1 14 98.9100 -37.0900
-4.1345201101e-002 -1.4896432750e-002 -9.3391513075e-001
0 0 0
2 0 15 -34.0000 -12.2500 1 15 96.0000 -38.0000
-4.5387264039e-002 -2.3675961634e-002 -9.3602892641e-001
0 0 0
2 0 16 -37.2700 -19.2700 1 16 90.9100 -43.0900
-5.1559014596e-002 -3.8688934450e-002 -9.3837218964e-001
0 0 0
2 0 17 -42.0600 -32.4000 1 17 83.5000 -51.0500
-5.5817676967e-002 -5.7945606356e-002 -9.4245990223e-001
0 0 0
2 0 18 -45.5100 -47.0800 1 18 74.0000 -64.1400
-5.9866585974e-002 -8.0875006567e-002 -9.4486302282e-001
0 0 0
2 0 19 -48.6800 -65.6200 1 19 64.8000 -79.4400
-6.0065656665e-002 -1.0241309562e-001 -9.4768424255e-001
0 0 0
2 0 20 -48.7200 -82.7200 1 20 57.0400 -94.7600
-5.7305270201e-002 -1.2417923500e-001 -9.5399590890e-001
0 0 0
2 0 21 -46.1500 -99.8500 1 21 48.2100 -109.7900
-5.5820409650e-002 -1.3935216293e-001 -9.6003339389e-001
0 0 0
2 0 22 -44.6600 -111.4400 1 22 40.8900 -119.8100
-4.9580005817e-002 -1.5744935212e-001 -9.6766571531e-001
0 0 0
2 0 23 -39.3500 -124.9600 1 23 33.6900 -132.4200
-3.9785068781e-002 -1.6937266882e-001 -9.7652497134e-001
0 0 0
2 0 24 -31.3000 -133.1200 1 24 28.9100 -140.7800
-2.5930398309e-002 -1.7741315822e-001 -9.9160300877e-001
0 0 0
2 0 25 -20.0600 -137.6000 1 25 23.2700 -145.0000
-1.2043801633e-002 -1.7663197358e-001 -1.0047455298e+000
0 0 0
2 0 26 -9.1700 -135.3100 1 26 21.2500 -143.5000
2.0948726566e-003 -1.7313309557e-001 -1.0169308775e+000
0 0 0
2 0 27 1.6100 -130.9800 1 27 20.6100 -140.6100
1.3970477834e-002 -1.6869159787e-001 -1.0272674087e+000
0 0 0
2 0 28 10.4400 -126.0800 1 28 20.3800 -137.4400
2.3106642517e-002 -1.6424425699e-001 -1.0341966678e+000
0 0 0
2 0 29 17.2100 -122.3700 1 29 21.1400 -133.9300
3.6342271113e-002 -1.6003147205e-001 -1.0438318139e+000
0 0 0
2 0 30 26.7500 -117.8300 1 30 21.7100 -131.5000
4.8497509198e-002 -1.5778818917e-001 -1.0450077648e+000
0 0 0
2 0 31 35.6700 -116.1800 1 31 26.0000 -131.5000
6.3054334451e-002 -1.6181847994e-001 -1.0416663617e+000
0 0 0
2 0 32 46.5700 -119.9500 1 32 32.0000 -136.5000
7.2148526058e-002 -1.6924555260e-001 -1.0331353550e+000
0 0 0
2 0 33 53.6400 -125.8700 1 33 37.8300 -145.0000
7.5261592717e-002 -1.8117541814e-001 -1.0306868232e+000
0 0 0
2 0 34 56.0800 -135.0000 1 34 37.3300 -153.7500
7.1101368056e-002 -1.9252913697e-001 -1.0287754432e+000
0 0 0
2 0 35 53.0800 -143.7400 1 35 34.1700 -161.0000
6.1399434934e-002 -2.0465592468e-001 -1.0289063898e+000
0 0 0
2 0 36 45.8300 -152.7600 1 36 27.7100 -167.7100
4.6982956222e-002 -2.1533242924e-001 -1.0327692499e+000
0 0 0
2 0 37 34.9300 -160.0500 1 37 17.7500 -172.1900
3.2871558055e-002 -2.2079745842e-001 -1.0338159940e+000
0 0 0
2 0 38 24.4200 -164.0300 1 38 10.5900 -173.7600
1.6864645692e-002 -2.2473080912e-001 -1.0414057034e+000
0 0 0
2 0 39 12.4400 -165.7600 1 39 -0.6100 -172.6100
3.4919775707e-003 -2.2449125311e-001 -1.0477173637e+000
0 0 0
2 0 40 2.5600 -164.5600 1 40 -9.1700 -169.2800
-1.1930532052e-002 -2.2286456842e-001 -1.0550548701e+000
0 0 0
2 0 41 -8.7000 -162.0800 1 41 -18.8600 -164.5700
-2.7006045833e-002 -2.1880575627e-001 -1.0609755017e+000
0 0 0
2 0 42 -19.5900 -158.0000 1 42 -27.1400 -158.5700
-3.8340879130e-002 -2.1327555525e-001 -1.0733077096e+000
0 0 0
2 0 43 -27.4400 -152.5600 1 43 -36.8900 -150.0000
-4.6757215574e-002 -2.0800959909e-001 -1.0845339103e+000
0 0 0
2 0 44 -33.1600 -146.8700 1 44 -45.0000 -143.0000
-4.9067899377e-002 -2.0567344575e-001 -1.0994534972e+000
0 0 0
2 0 45 -34.2400 -143.9700 1 45 -53.0000 -137.1000
-4.5297901876e-002 -2.0748799791e-001 -1.1102193349e+000
0 0 0
2 0 46 -31.3000 -143.8300 1 46 -57.3900 -136.6100
-3.7066264866e-002 -2.1309891553e-001 -1.1184041543e+000
0 0 0
2 0 47 -25.4800 -146.1000 1 47 -59.6000 -140.4000
-2.0398427372e-002 -2.2168374654e-001 -1.1243643259e+000
0 0 0
2 0 48 -13.8900 -151.8100 1 48 -57.7300 -146.6700
-3.0127419876e-003 -2.2994951349e-001 -1.1230709770e+000
0 0 0
2 0 49 -2.0900 -156.9700 1 49 -52.1500 -155.4600
1.3964286965e-002 -2.3693398791e-001 -1.1206662255e+000
0 0 0
2 0 50 9.5500 -162.1800 1 50 -45.8600 -162.7100
2.9645771978e-002 -2.4199646157e-001 -1.1180534032e+000
0 0 0
2 0 51 20.3600 -166.1900 1 51 -39.6000 -168.4000
4.1596245053e-002 -2.4621904609e-001 -1.1104930258e+000
0 0 0
2 0 52 28.7400 -170.0000 1 52 -32.2900 -174.5000
5.4270646049e-002 -2.4967977715e-001 -1.1041437748e+000
0 0 0
2 0 53 37.7100 -173.2600 1 53 -25.1500 -179.7700
7.0464370070e-002 -2.5144625606e-001 -1.0959463899e+000
0 0 0
2 0 54 49.3600 -176.0000 1 54 -15.3800 -184.3800
8.5034619296e-002 -2.5147870095e-001 -1.0878499772e+000
0 0 0
2 0 55 60.0000 -177.1800 1 55 -6.0000 -188.0000
9.8927415300e-002 -2.4944422555e-001 -1.0753316398e+000
0 0 0
2 0 56 70.6400 -178.0000 1 56 5.8200 -190.8200
1.1116423999e-001 -2.4764646183e-001 -1.0665571225e+000
0 0 0
2 0 57 80.0300 -178.1400 1 57 15.0000 -193.0000
1.1980738389e-001 -2.4401510692e-001 -1.0522491667e+000
0 0 0
2 0 58 87.4300 -177.9500 1 58 26.1800 -194.8200
1.2740502119e-001 -2.3756611547e-001 -1.0370646523e+000
0 0 0
2 0 59 94.3500 -175.9300 1 59 38.1800 -194.8200
1.3072254239e-001 -2.2956370252e-001 -1.0237960426e+000
0 0 0
2 0 60 98.0700 -172.3000 1 60 48.1700 -193.0000
1.3029839820e-001 -2.2046646841e-001 -1.0109976193e+000
0 0 0
2 0 61 98.9800 -167.4700 1 61 57.0000 -190.1700
1.2440080704e-001 -2.1536630590e-001 -1.0021547984e+000
0 0 0
2 0 62 95.3300 -165.0000 1 62 61.0800 -188.3100
1.1512957470e-001 -2.1033306221e-001 -9.9147338851e-001
0 0 0
2 0 63 89.2000 -163.1300 1 63 65.1800 -186.1800
1.0223917486e-001 -2.0607084782e-001 -9.8396805266e-001
0 0 0
2 0 64 79.7700 -160.5500 1 64 66.1000 -184.2000
9.0331107178e-002 -1.9949829575e-001 -9.7745880116e-001
0 0 0
2 0 65 71.0000 -157.0000 1 65 67.5300 -179.3300
7.4971534303e-002 -1.9281669978e-001 -9.7331187876e-001
0 0 0
2 0 66 59.2000 -152.5500 1 66 66.4400 -173.7500
5.3679041926e-002 -1.8861874310e-001 -9.6765140746e-001
0 0 0
2 0 67 42.6100 -149.7600 1 67 63.4700 -169.8700
3.0629336026e-002 -1.8697159239e-001 -9.6463197389e-001
0 0 0
2 0 68 24.4300 -149.2600 1 68 57.6700 -166.0000
7.8431407808e-003 -1.8444785428e-001 -9.5962252720e-001
0 0 0
2 0 69 6.3200 -148.0000 1 69 53.1100 -162.2800
-1.1753441874e-002 -1.8011935082e-001 -9.5637194114e-001
0 0 0
2 0 70 -9.3800 -145.1500 1 70 49.0000 -157.0000
-2.6367651395e-002 -1.7521411529e-001 -9.5499769779e-001
0 0 0
2 0 71 -21.2100 -140.8600 1 71 45.5500 -152.1500
-3.7835573679e-002 -1.6606456706e-001 -9.5603521067e-001
0 0 0
2 0 72 -30.3400 -133.8400 1 72 43.0900 -142.9100
-4.6408832258e-002 -1.5676819452e-001 -9.5795982235e-001
0 0 0
2 0 73 -37.1600 -126.0400 1 73 41.1200 -134.3100
