# Bundle file v0.3
4 97
7.4903386838e+002 1.3284084970e-003 1.9869204815e-004
9.9983455882e-001 3.6255644497e-003 1.7824429181e-002
-3.7878247727e-003 9.9995162054e-001 9.0779380367e-003
-1.7790654196e-002 -9.1439519863e-003 9.9979992037e-001
1.7152524089e-002 8.1540483527e-003 1.7948278952e-002
7.8006814472e+002 -1.8868700815e-003 -4.2026307798e-004
3.6957327440e-001 3.6427621856e-001 -8.5482070134e-001
-3.9280391761e-001 8.9495774558e-001 2.1155546773e-001
8.4209303355e-001 2.5759167342e-001 4.7384159022e-001
-8.8073510330e-001 1.8806279763e-001 -4.8709676328e-001
0 0 0
0 0 0
0 0 0
0 0 0
0 0 0
0 0 0
0 0 0
0 0 0
0 0 0
0 0 0
-5.4386388892e-002 -1.0540198693e-001 -1.0348965509e+000
0 0 0
2 0 0 -41.3300 -78.6700 1 0 -40.5000 -77.0000
-4.6263670285e-002 -1.0968167234e-001 -1.0345175227e+000
0 0 0
2 0 1 -35.5000 -81.5000 1 1 -40.0000 -83.0000
-4.7104536969e-002 -1.1185453139e-001 -1.0301237725e+000
0 0 0
2 0 2 -36.0000 -84.0000 1 2 -43.5000 -83.0000
-6.4132388673e-002 -1.3301697170e-001 -1.0017849446e+000
0 0 0
2 0 3 -50.0000 -101.7100 1 3 -71.8300 -87.8300
-5.3907316596e-002 -1.1279799078e-001 -1.0255349577e+000
0 0 0
2 0 4 -41.3300 -84.6700 1 4 -48.5000 -81.0000
-4.9016071102e-002 -1.1272111741e-001 -1.0297221187e+000
0 0 0
2 0 5 -37.5000 -84.5000 1 5 -44.5000 -83.0000
-4.4205592963e-002 -1.1250006227e-001 -1.0310164758e+000
0 0 0
2 0 6 -34.0000 -84.0000 1 6 -42.5000 -85.0000
-4.4354549593e-002 -1.1410830434e-001 -1.0269506199e+000
0 0 0
2 0 7 -34.0000 -86.0000 1 7 -45.5000 -85.0000
-2.2996028803e-002 -6.9317367710e-002 -8.9237484030e-001
0 0 0
2 0 8 -19.0000 -59.0000 1 8 -125.0000 -44.6100
-3.0153093543e-002 -6.6787465080e-002 -8.9408674975e-001
0 0 0
2 0 9 -25.0000 -57.0000 1 9 -124.3200 -40.1600
-2.5175080358e-002 -6.3498809518e-002 -8.9943797366e-001
0 0 0
2 0 10 -20.6900 -53.8800 1 10 -118.4100 -40.4100
-1.7122503971e-002 -5.8053880172e-002 -9.0849126552e-001
0 0 0
2 0 11 -13.8600 -48.7100 1 11 -108.4700 -40.8700
6.2898138882e-003 -4.4463011729e-002 -9.3248676131e-001
0 0 0
2 0 12 5.3600 -36.4500 1 12 -81.4000 -43.2000
1.0548195903e-002 -4.2853479731e-002 -9.3517293843e-001
0 0 0
2 0 13 8.8300 -35.1700 1 13 -77.8800 -43.8800
1.1471008990e-002 -4.2301143860e-002 -9.3562622471e-001
0 0 0
2 0 14 9.5600 -34.6700 1 14 -77.1700 -43.9200
6.6267062470e-003 -4.4547263431e-002 -9.3287655127e-001
0 0 0
2 0 15 5.7000 -36.7000 1 15 -81.0000 -43.2500
-1.8462529717e-002 -5.7303260858e-002 -9.0922616689e-001
0 0 0
2 0 16 -15.0000 -48.0000 1 16 -108.0000 -40.0000
-2.7859607571e-002 -6.1106691037e-002 -9.0453320692e-001
0 0 0
2 0 17 -22.8200 -51.8200 1 17 -114.3800 -38.2500
-3.2912882936e-002 -6.4592431982e-002 -8.9706167756e-001
0 0 0
2 0 18 -27.2900 -55.0000 1 18 -122.0000 -38.0000
-3.5780914132e-002 -6.7204114320e-002 -8.9235165502e-001
0 0 0
2 0 19 -29.8500 -57.4600 1 19 -126.8200 -38.1800
-3.5699509799e-002 -7.0554154080e-002 -8.8914459331e-001
0 0 0
2 0 20 -29.8500 -60.5400 1 20 -130.1200 -40.1200
-3.1174356765e-002 -6.8085299584e-002 -8.9258701624e-001
0 0 0
2 0 21 -25.9000 -58.2000 1 21 -126.0000 -40.5000
-2.3283744630e-002 -6.1218835282e-002 -9.0390263499e-001
0 0 0
2 0 22 -19.0000 -51.8300 1 22 -114.0000 -40.0000
-2.0826985777e-002 -5.7182996138e-002 -9.0984593694e-001
0 0 0
2 0 23 -17.0000 -47.8300 1 23 -108.0000 -39.2000
-1.8064671240e-002 -5.3665937898e-002 -9.1559000600e-001
0 0 0
2 0 24 -14.4700 -45.1300 1 24 -102.0000 -38.0000
-1.4956708242e-002 -5.0509715081e-002 -9.1943980591e-001
0 0 0
2 0 25 -12.0000 -42.0000 1 25 -97.6700 -37.7800
-1.4874015486e-002 -5.2466633577e-002 -9.1841930339e-001
0 0 0
2 0 26 -12.0000 -43.5000 1 26 -99.0000 -39.2500
-1.8616163497e-002 -5.4755300669e-002 -9.1279805978e-001
0 0 0
2 0 27 -15.0000 -46.0000 1 27 -104.5600 -38.3300
-2.3992258904e-002 -5.8527532573e-002 -9.0842902060e-001
0 0 0
2 0 28 -19.5600 -49.3300 1 28 -110.0000 -38.5000
-2.6773012903e-002 -6.0866880893e-002 -9.0262628427e-001
0 0 0
2 0 29 -22.0000 -51.5000 1 29 -115.6000 -38.4000
-2.7695967352e-002 -6.5805865520e-002 -8.9611895435e-001
0 0 0
2 0 30 -22.8200 -56.1800 1 30 -122.0000 -40.5000
-2.3615675664e-002 -6.9527203049e-002 -8.9331759230e-001
0 0 0
2 0 31 -19.3600 -59.5500 1 31 -124.3300 -44.2200
-1.9050557904e-002 -6.9788199795e-002 -8.9022302518e-001
0 0 0
2 0 32 -15.6000 -59.6000 1 32 -126.0000 -46.0000
-1.0444307197e-002 -6.9326639374e-002 -8.9679395238e-001
0 0 0
2 0 33 -8.1700 -59.0000 1 33 -119.0700 -49.6400
2.9320909430e-003 -6.8177670555e-002 -8.9899218452e-001
0 0 0
2 0 34 3.2900 -58.1400 1 34 -114.2700 -53.9100
4.0829701315e-002 -5.9858577252e-002 -9.1598679297e-001
0 0 0
2 0 35 34.6700 -50.4700 1 35 -90.2300 -64.8500
1.8894704655e-001 -8.8018184202e-002 -9.8066457587e-001
0 0 0
2 0 36 146.0900 -69.3600 1 36 -4.5000 -165.0000
1.8305434895e-001 -8.2931345930e-002 -9.9100517302e-001
0 0 0
2 0 37 140.0000 -65.0000 1 37 3.6700 -158.6700
-1.9933230436e-002 -2.1986512586e-001 -9.1056076554e-001
0 0 0
2 0 38 -16.6000 -185.2000 1 38 -149.2000 -152.0000
-2.1170650633e-003 -2.4677799775e-001 -8.8700856772e-001
0 0 0
2 0 39 -1.3200 -213.4500 1 39 -170.8200 -175.8200
-6.1744323746e-003 -2.4865171313e-001 -8.8063768929e-001
0 0 0
2 0 40 -4.9100 -216.3600 1 40 -176.8900 -174.9400
-9.5847828442e-003 -2.5118327511e-001 -8.7782589258e-001
0 0 0
2 0 41 -7.7900 -219.4200 1 41 -180.0900 -174.6400
-1.2206538982e-002 -2.4970758611e-001 -8.7797813466e-001
0 0 0
2 0 42 -10.1000 -218.0500 1 42 -180.0000 -172.5000
-1.4802242196e-002 -2.4528509960e-001 -8.8222281776e-001
0 0 0
2 0 43 -12.4100 -213.0600 1 43 -176.0800 -168.8300
-1.4559387601e-002 -2.4273979946e-001 -8.8602377226e-001
0 0 0
2 0 44 -12.2400 -209.8600 1 44 -172.5600 -167.6700
-1.6093215889e-002 -2.3729725803e-001 -8.9209447447e-001
0 0 0
2 0 45 -13.5200 -203.8100 1 45 -166.8200 -163.8200
-1.8226648800e-002 -2.3286808412e-001 -8.9688435719e-001
0 0 0
2 0 46 -15.4000 -198.8000 1 46 -162.5000 -160.5000
-1.8350571312e-002 -2.2911839400e-001 -9.0136438383e-001
0 0 0
2 0 47 -15.4700 -194.6500 1 47 -158.2200 -158.3300
-3.6484734726e-002 -2.0485418426e-001 -9.2447041402e-001
0 0 0
2 0 48 -30.2900 -169.8600 1 48 -138.1000 -136.5000
-4.0426384254e-002 -2.0292425559e-001 -9.2610185657e-001
0 0 0
2 0 49 -33.6200 -167.7500 1 49 -137.2000 -134.0000
-4.3653664995e-002 -2.0110155636e-001 -9.2761397847e-001
0 0 0
2 0 50 -36.1200 -166.2400 1 50 -136.1100 -131.3300
-4.9747081813e-002 -1.9961351390e-001 -9.2783540214e-001
0 0 0
2 0 51 -41.2500 -164.7500 1 51 -136.7100 -128.1400
-5.5285331155e-002 -1.9749202379e-001 -9.2849527660e-001
0 0 0
2 0 52 -45.6000 -163.3000 1 52 -136.5000 -124.1200
-6.1861795431e-002 -1.9496017151e-001 -9.2950686303e-001
0 0 0
2 0 53 -51.0000 -161.0000 1 53 -136.2900 -120.0000
-6.4083281641e-002 -1.9262365376e-001 -9.3025904114e-001
0 0 0
2 0 54 -52.9200 -158.6700 1 54 -135.6700 -118.0000
-6.5336307342e-002 -1.8951697394e-001 -9.3408084043e-001
0 0 0
2 0 55 -53.8600 -155.2900 1 55 -132.5000 -116.1200
-6.5960261363e-002 -1.8659503246e-001 -9.3665337503e-001
0 0 0
2 0 56 -54.1400 -152.7100 1 56 -130.0000 -114.0000
-6.8437185042e-002 -1.8402956227e-001 -9.3983522263e-001
0 0 0
2 0 57 -55.9200 -150.3100 1 57 -127.5000 -111.5000
-6.4293962987e-002 -1.1656360758e-001 -1.0207372090e+000
0 0 0
2 0 58 -49.2000 -88.0000 1 58 -55.0000 -79.0000
-6.2233345979e-002 -1.1127064128e-001 -1.0277782610e+000
0 0 0
2 0 59 -47.3300 -83.6700 1 59 -48.5000 -77.0000
-6.0906022727e-002 -1.0705351808e-001 -1.0318635686e+000
0 0 0
2 0 60 -46.2900 -80.0000 1 60 -44.5000 -75.5000
-4.8532745887e-002 -9.6052224606e-002 -1.0482594324e+000
0 0 0
2 0 61 -36.8000 -70.6000 1 61 -28.0000 -75.0000
-4.8852395558e-002 -9.3072642289e-002 -1.0516456481e+000
0 0 0
2 0 62 -36.8000 -68.6000 1 62 -25.0000 -73.0000
-2.5625970909e-002 -1.3702662475e-002 -9.6287492986e-001
0 0 0
2 0 63 -20.2500 -11.6200 1 63 -58.0000 -14.0000
2.2913060785e-001 -9.4686809298e-002 -9.2179468203e-001
0 0 0
2 0 64 189.5000 -79.0000 1 64 -44.0000 -187.7100
2.3464322195e-001 -9.0097411794e-002 -9.2404426510e-001
0 0 0
2 0 65 193.7500 -75.5000 1 65 -38.2900 -187.0000
2.3526521244e-001 -8.8672574247e-002 -9.2501187599e-001
0 0 0
2 0 66 193.8300 -73.8300 1 66 -36.8000 -186.6000
2.3649074003e-001 -8.6483794800e-002 -9.2929590592e-001
0 0 0
2 0 67 193.8000 -71.6000 1 67 -31.7100 -186.0000
-2.0096847724e-002 -1.4079559704e-002 -9.6579762938e-001
0 0 0
2 0 68 -16.0000 -11.5000 1 68 -54.7300 -17.0000
4.0041237845e-002 -9.9886414794e-002 -1.0704531397e+000
0 0 0
2 0 69 26.7800 -72.1100 1 69 10.0000 -113.7100
-4.2014800874e-002 -1.0565478872e-001 -1.0366218667e+000
0 0 0
2 0 70 -32.2900 -78.4300 1 70 -36.5000 -82.1200
-3.3262993844e-002 -1.1203316650e-001 -1.0337017857e+000
0 0 0
2 0 71 -25.8000 -83.6000 1 71 -37.8800 -88.8800
-7.2699549574e-002 -3.6870121533e-002 -9.2317616114e-001
0 0 0
2 0 72 -59.7500 -30.6700 1 72 -103.3300 -9.0000
-6.2907721034e-002 -4.4459303705e-002 -9.1667043215e-001
0 0 0
2 0 73 -52.0000 -37.0000 1 73 -108.0900 -16.6400
-5.7492964540e-002 -4.9350395057e-002 -9.1111842062e-001
0 0 0
2 0 74 -47.6000 -41.6000 1 74 -112.2700 -20.6700
-4.0656421399e-002 -5.6396553265e-002 -9.0665683979e-001
0 0 0
2 0 75 -33.7300 -47.3300 1 75 -114.2000 -31.1300
-3.1171433576e-002 -5.8336262751e-002 -9.0468323387e-001
0 0 0
2 0 76 -25.6200 -49.4400 1 76 -114.2000 -35.1300
7.2320299069e-003 -4.7171722217e-002 -9.2755011436e-001
0 0 0
2 0 77 6.3100 -39.0600 1 77 -85.6200 -44.5600
1.2953027341e-002 -4.2999969208e-002 -9.3478931439e-001
0 0 0
2 0 78 11.0000 -35.8300 1 78 -77.5000 -44.2900
9.5612047802e-003 -4.2853280901e-002 -9.3378250930e-001
0 0 0
2 0 79 8.1500 -35.4600 1 79 -79.1000 -43.0500
-1.2458176992e-002 -5.6359629703e-002 -9.1149412546e-001
0 0 0
2 0 80 -9.8800 -47.3100 1 80 -104.7100 -41.6200
-1.5639174000e-002 -6.2611090842e-002 -9.0352052860e-001
0 0 0
2 0 81 -12.3800 -53.4400 1 81 -113.0000 -43.2900
-1.0426647245e-002 -6.8897996473e-002 -8.9585318647e-001
0 0 0
2 0 82 -8.1400 -58.7100 1 82 -119.6700 -49.1700
-3.8708194004e-003 -7.2560731723e-002 -8.9262946333e-001
0 0 0
2 0 83 -2.2700 -62.6700 1 83 -121.6700 -53.1700
-1.1630166738e-003 -7.3774906090e-002 -8.9090588785e-001
0 0 0
2 0 84 -0.1400 -63.2900 1 84 -122.9600 -55.4000
-1.6410238772e-002 -7.5860670055e-002 -8.8750452775e-001
0 0 0
2 0 85 -13.3200 -65.0900 1 85 -129.1900 -50.9000
-2.3874523646e-002 -7.5787038956e-002 -8.8390026519e-001
0 0 0
2 0 86 -19.6900 -65.5000 1 86 -133.2900 -47.2900
-2.1936255206e-002 -7.6539265810e-002 -8.8402470482e-001
0 0 0
2 0 87 -18.0900 -65.9500 1 87 -133.0900 -48.7800
-1.8020322387e-002 -7.6662635133e-002 -8.8347305142e-001
0 0 0
2 0 88 -14.5300 -66.5300 1 88 -132.6900 -49.7700
-1.4566800120e-002 -7.6235033752e-002 -8.8513916201e-001
0 0 0
2 0 89 -11.6700 -65.7200 1 89 -130.7300 -51.3500
-1.5701561145e-002 -7.0127543305e-002 -8.9190430084e-001
0 0 0
2 0 90 -12.6900 -59.8800 1 90 -124.1200 -47.6400
-9.5148888749e-003 -6.3488592562e-002 -9.0409548680e-001
0 0 0
2 0 91 -7.3100 -53.8800 1 91 -111.6200 -46.5600
4.2265752636e-003 -5.3273531360e-002 -9.1999305226e-001
0 0 0
2 0 92 4.0000 -44.5000 1 92 -93.7300 -46.6700
-1.6423541119e-002 -4.7390335942e-002 -9.2326244499e-001
0 0 0
2 0 93 -13.0000 -39.8300 1 93 -94.1200 -35.0000
-1.9324386737e-002 -3.5237852139e-002 -9.3980823786e-001
0 0 0
2 0 94 -15.5000 -28.8800 1 94 -79.2900 -28.2900
-1.9824828699e-002 -1.2619131990e-002 -9.6864504897e-001
0 0 0
2 0 95 -15.8300 -10.1700 1 95 -52.2500 -16.6700
-2.7623745431e-002 -1.4880267548e-002 -9.6539902116e-001
0 0 0
2 0 96 -22.0000 -12.0000 1 96 -57.1400 -15.1400
