# Bundle file v0.3
4 97
7.6800000000e+002 0.0000000000e+000 0.0000000000e+000
1.0000000000e+000 0.0000000000e+000 0.0000000000e+000
0.0000000000e+000 1.0000000000e+000 0.0000000000e+000
0.0000000000e+000 0.0000000000e+000 1.0000000000e+000
-0.0000000000e+000 -0.0000000000e+000 -0.0000000000e+000
7.6800000000e+002 0.0000000000e+000 0.0000000000e+000
3.8299183936e-001 3.7130136381e-001 -8.4584428130e-001
-3.9854229542e-001 8.9247439447e-001 2.1131373351e-001
8.3335544022e-001 2.5617328596e-001 4.8978970775e-001
-8.7114780902e-001 1.8800125764e-001 -4.5360447745e-001
0 0 0
0 0 0
0 0 0
0 0 0
0 0 0
0 0 0
0 0 0
0 0 0
0 0 0
0 0 0
-5.5815293976e-002 -1.0627132203e-001 -1.0372913666e+000
0 0 0
2 0 0 -41.3300 -78.6700 1 0 -40.5000 -77.0000
-4.7715953324e-002 -1.1054391907e-001 -1.0368273504e+000
0 0 0
2 0 1 -35.5000 -81.5000 1 1 -40.0000 -83.0000
-4.8488568147e-002 -1.1268273625e-001 -1.0323812417e+000
0 0 0
2 0 2 -36.0000 -84.0000 1 2 -43.5000 -83.0000
-6.5079923004e-002 -1.3363807983e-001 -1.0039864512e+000
0 0 0
2 0 3 -50.0000 -101.7100 1 3 -71.8300 -87.8300
-5.5198632857e-002 -1.1359023357e-001 -1.0278092249e+000
0 0 0
2 0 4 -41.3300 -84.6700 1 4 -48.5000 -81.0000
-5.0390996474e-002 -1.1354771206e-001 -1.0320076078e+000
0 0 0
2 0 5 -37.5000 -84.5000 1 5 -44.5000 -83.0000
-4.5611725393e-002 -1.1333219143e-001 -1.0332538168e+000
0 0 0
2 0 6 -34.0000 -84.0000 1 6 -42.5000 -85.0000
-4.5697545978e-002 -1.1490731942e-001 -1.0291273207e+000
0 0 0
2 0 7 -34.0000 -86.0000 1 7 -45.5000 -85.0000
-2.1893542299e-002 -6.8968487565e-002 -8.9199748566e-001
0 0 0
2 0 8 -19.0000 -59.0000 1 8 -125.0000 -44.6100
-2.9044126420e-002 -6.6469119409e-002 -8.9380971750e-001
0 0 0
2 0 9 -25.0000 -57.0000 1 9 -124.3200 -40.1600
-2.4163786141e-002 -6.3225436787e-002 -8.9908740086e-001
0 0 0
2 0 10 -20.6900 -53.8800 1 10 -118.4100 -40.4100
-1.6283370520e-002 -5.7860481346e-002 -9.0803219361e-001
0 0 0
2 0 11 -13.8600 -48.7100 1 11 -108.4700 -40.8700
6.6079147945e-003 -4.4498201057e-002 -9.3177635633e-001
0 0 0
2 0 12 5.3600 -36.4500 1 12 -81.4000 -43.2000
1.0791184601e-002 -4.2916468543e-002 -9.3441591720e-001
0 0 0
2 0 13 8.8300 -35.1700 1 13 -77.8800 -43.8800
1.1700776670e-002 -4.2369833657e-002 -9.3485588569e-001
0 0 0
2 0 14 9.5600 -34.6700 1 14 -77.1700 -43.9200
6.9339854792e-003 -4.4585721664e-002 -9.3216656503e-001
0 0 0
2 0 15 5.7000 -36.7000 1 15 -81.0000 -43.2500
-1.7626612100e-002 -5.7119219057e-002 -9.0878644477e-001
0 0 0
2 0 16 -15.0000 -48.0000 1 16 -108.0000 -40.0000
-2.6917847291e-002 -6.0883561259e-002 -9.0423928481e-001
0 0 0
2 0 17 -22.8200 -51.8200 1 17 -114.3800 -38.2500
-3.1836430100e-002 -6.4306865391e-002 -8.9682695537e-001
0 0 0
2 0 18 -27.2900 -55.0000 1 18 -122.0000 -38.0000
-3.4625288954e-002 -6.6878920543e-002 -8.9215683540e-001
0 0 0
2 0 19 -29.8500 -57.4600 1 19 -126.8200 -38.1800
-3.4504361127e-002 -7.0195637251e-002 -8.8896111483e-001
0 0 0
2 0 20 -29.8500 -60.5400 1 20 -130.1200 -40.1200
-3.0041641931e-002 -6.7753175269e-002 -8.9232897526e-001
0 0 0
2 0 21 -25.9000 -58.2000 1 21 -126.0000 -40.5000
-2.2349674065e-002 -6.0985453903e-002 -9.0353355996e-001
0 0 0
2 0 22 -19.0000 -51.8300 1 22 -114.0000 -40.0000
-1.9990027586e-002 -5.7006254315e-002 -9.0944646115e-001
0 0 0
2 0 23 -17.0000 -47.8300 1 23 -108.0000 -39.2000
-1.7331856837e-002 -5.3544376162e-002 -9.1516394097e-001
0 0 0
2 0 24 -14.4700 -45.1300 1 24 -102.0000 -38.0000
-1.4294152726e-002 -5.0426572657e-002 -9.1897065628e-001
0 0 0
2 0 25 -12.0000 -42.0000 1 25 -97.6700 -37.7800
-1.4200015481e-002 -5.2368563635e-002 -9.1795791352e-001
0 0 0
2 0 26 -12.0000 -43.5000 1 26 -99.0000 -39.2500
-1.7834466420e-002 -5.4608245942e-002 -9.1236652644e-001
0 0 0
2 0 27 -15.0000 -46.0000 1 27 -104.5600 -38.3300
-2.3123404874e-002 -5.8338688491e-002 -9.0808029617e-001
0 0 0
2 0 28 -19.5600 -49.3300 1 28 -110.0000 -38.5000
-2.5799951637e-002 -6.0628071405e-002 -9.0229856128e-001
0 0 0
2 0 29 -22.0000 -51.5000 1 29 -115.6000 -38.4000
-2.6627832101e-002 -6.5502988717e-002 -8.9580743770e-001
0 0 0
2 0 30 -22.8200 -56.1800 1 30 -122.0000 -40.5000
-2.2530785006e-002 -6.9186324339e-002 -8.9295907876e-001
0 0 0
2 0 31 -19.3600 -59.5500 1 31 -124.3300 -44.2200
-1.7929392645e-002 -6.9415202613e-002 -8.8977482521e-001
0 0 0
2 0 32 -15.6000 -59.6000 1 32 -126.0000 -46.0000
-9.4773527547e-003 -6.8996219846e-002 -8.9625106221e-001
0 0 0
2 0 33 -8.1700 -59.0000 1 33 -119.0700 -49.6400
3.7889325849e-003 -6.7852753328e-002 -8.9825002362e-001
0 0 0
2 0 34 3.2900 -58.1400 1 34 -114.2700 -53.9100
4.1119662397e-002 -5.9680554036e-002 -9.1475630203e-001
0 0 0
2 0 35 34.6700 -50.4700 1 35 -90.2300 -64.8500
1.8621060515e-001 -8.8421228366e-002 -9.7887388751e-001
0 0 0
2 0 36 146.0900 -69.3600 1 36 -4.5000 -165.0000
1.8024191226e-001 -8.3471589430e-002 -9.8944539229e-001
0 0 0
2 0 37 140.0000 -65.0000 1 37 3.6700 -158.6700
-1.9810947357e-002 -2.1965826132e-001 -9.1174323842e-001
0 0 0
2 0 38 -16.6000 -185.2000 1 38 -149.2000 -152.0000
-1.7802692027e-003 -2.4632235367e-001 -8.8796734487e-001
0 0 0
2 0 39 -1.3200 -213.4500 1 39 -170.8200 -175.8200
-5.7432545883e-003 -2.4817497396e-001 -8.8163161805e-001
0 0 0
2 0 40 -4.9100 -216.3600 1 40 -176.8900 -174.9400
-9.1223083402e-003 -2.5071809272e-001 -8.7888608899e-001
0 0 0
2 0 41 -7.7900 -219.4200 1 41 -180.0900 -174.6400
-1.1736992159e-002 -2.4925814788e-001 -8.7906831753e-001
0 0 0
2 0 42 -10.1000 -218.0500 1 42 -180.0000 -172.5000
-1.4371929986e-002 -2.4487434173e-001 -8.8334008054e-001
0 0 0
2 0 43 -12.4100 -213.0600 1 43 -176.0800 -168.8300
-1.4173050160e-002 -2.4235028862e-001 -8.8713693067e-001
0 0 0
2 0 44 -12.2400 -209.8600 1 44 -172.5600 -167.6700
-1.5771518706e-002 -2.3695285752e-001 -8.9322629286e-001
0 0 0
2 0 45 -13.5200 -203.8100 1 45 -166.8200 -163.8200
-1.7953990985e-002 -2.3256519724e-001 -8.9804319951e-001
0 0 0
2 0 46 -15.4000 -198.8000 1 46 -162.5000 -160.5000
-1.8128671549e-002 -2.2884446387e-001 -9.0252572356e-001
0 0 0
2 0 47 -15.4700 -194.6500 1 47 -158.2200 -158.3300
-3.6499163580e-002 -2.0482375181e-001 -9.2590975242e-001
0 0 0
2 0 48 -30.2900 -169.8600 1 48 -138.1000 -136.5000
-4.0455283289e-002 -2.0292291704e-001 -9.2760072420e-001
0 0 0
2 0 49 -33.6200 -167.7500 1 49 -137.2000 -134.0000
-4.3699928785e-002 -2.0112615494e-001 -9.2916804661e-001
0 0 0
2 0 50 -36.1200 -166.2400 1 50 -136.1100 -131.3300
-4.9790430156e-002 -1.9966618476e-001 -9.2947538122e-001
0 0 0
2 0 51 -41.2500 -164.7500 1 51 -136.7100 -128.1400
-5.5336017447e-002 -1.9757362180e-001 -9.3021981890e-001
0 0 0
2 0 52 -45.6000 -163.3000 1 52 -136.5000 -124.1200
-6.1922877885e-002 -1.9507569356e-001 -9.3132662071e-001
0 0 0
2 0 53 -51.0000 -161.0000 1 53 -136.2900 -120.0000
-6.4144927008e-002 -1.9274832835e-001 -9.3209643057e-001
0 0 0
2 0 54 -52.9200 -158.6700 1 54 -135.6700 -118.0000
-6.5441851266e-002 -1.8967012823e-001 -9.3594558929e-001
0 0 0
2 0 55 -53.8600 -155.2900 1 55 -132.5000 -116.1200
-6.6093622076e-002 -1.8676486397e-001 -9.3852964612e-001
0 0 0
2 0 56 -54.1400 -152.7100 1 56 -130.0000 -114.0000
-6.8612529255e-002 -1.8423105499e-001 -9.4176487945e-001
0 0 0
2 0 57 -55.9200 -150.3100 1 57 -127.5000 -111.5000
-6.5502759007e-002 -1.1733153498e-001 -1.0231157548e+000
0 0 0
2 0 58 -49.2000 -88.0000 1 58 -55.0000 -79.0000
-6.3547503907e-002 -1.1209236298e-001 -1.0302079499e+000
0 0 0
2 0 59 -47.3300 -83.6700 1 59 -48.5000 -77.0000
-6.2276073315e-002 -1.0790315057e-001 -1.0343099514e+000
0 0 0
2 0 60 -46.2900 -80.0000 1 60 -44.5000 -75.5000
-5.0177080452e-002 -9.7025138513e-002 -1.0507572354e+000
0 0 0
2 0 61 -36.8000 -70.6000 1 61 -28.0000 -75.0000
-5.0548573539e-002 -9.4074913544e-002 -1.0541945350e+000
0 0 0
2 0 62 -36.8000 -68.6000 1 62 -25.0000 -73.0000
-2.5554934503e-002 -1.4076276358e-002 -9.6270581785e-001
0 0 0
2 0 63 -20.2500 -11.6200 1 63 -58.0000 -14.0000
2.2661478794e-001 -9.4380779336e-002 -9.1865651777e-001
0 0 0
2 0 64 189.5000 -79.0000 1 64 -44.0000 -187.7100
2.3197849241e-001 -8.9863878426e-002 -9.2085727651e-001
0 0 0
2 0 65 193.7500 -75.5000 1 65 -38.2900 -187.0000
2.3257244383e-001 -8.8460286989e-002 -9.2181872635e-001
0 0 0
2 0 66 193.8300 -73.8300 1 66 -36.8000 -186.6000
2.3370551952e-001 -8.6343228471e-002 -9.2613957840e-001
0 0 0
2 0 67 193.8000 -71.6000 1 67 -31.7100 -186.0000
-2.0110684129e-002 -1.4475425557e-002 -9.6559367085e-001
0 0 0
2 0 68 -16.0000 -11.5000 1 68 -54.7300 -17.0000
3.7560001697e-002 -1.0108290555e-001 -1.0723814335e+000
0 0 0
2 0 69 26.7800 -72.1100 1 69 10.0000 -113.7100
-4.3501552374e-002 -1.0652851420e-001 -1.0388730201e+000
0 0 0
2 0 70 -32.2900 -78.4300 1 70 -36.5000 -82.1200
-3.4745355708e-002 -1.1288093294e-001 -1.0358321537e+000
0 0 0
2 0 71 -25.8000 -83.6000 1 71 -37.8800 -88.8800
-7.1848467039e-002 -3.6880225085e-002 -9.2350832947e-001
0 0 0
2 0 72 -59.7500 -30.6700 1 72 -103.3300 -9.0000
-6.1996671659e-002 -4.4400100065e-002 -9.1686498397e-001
0 0 0
2 0 73 -52.0000 -37.0000 1 73 -108.0900 -16.6400
-5.6522471185e-002 -4.9235180332e-002 -9.1122906633e-001
0 0 0
2 0 74 -47.6000 -41.6000 1 74 -112.2700 -20.6700
-3.9682949992e-002 -5.6215369408e-002 -9.0653417357e-001
0 0 0
2 0 75 -33.7300 -47.3300 1 75 -114.2000 -31.1300
-3.0207487949e-002 -5.8125521341e-002 -9.0441556001e-001
0 0 0
2 0 76 -25.6200 -49.4400 1 76 -114.2000 -35.1300
7.6225107875e-003 -4.7156745683e-002 -9.2679930492e-001
0 0 0
2 0 77 6.3100 -39.0600 1 77 -85.6200 -44.5600
1.3181322748e-002 -4.3060534377e-002 -9.3399572030e-001
0 0 0
2 0 78 11.0000 -35.8300 1 78 -77.5000 -44.2900
9.8350611928e-003 -4.2905757908e-002 -9.3302456979e-001
0 0 0
2 0 79 8.1500 -35.4600 1 79 -79.1000 -43.0500
-1.1690473854e-002 -5.6192057899e-002 -9.1097263391e-001
0 0 0
2 0 80 -9.8800 -47.3100 1 80 -104.7100 -41.6200
-1.4741698981e-002 -6.2362764652e-002 -9.0304432806e-001
0 0 0
2 0 81 -12.3800 -53.4400 1 81 -113.0000 -43.2900
-9.4417255420e-003 -6.8561277960e-002 -8.9529954850e-001
0 0 0
2 0 82 -8.1400 -58.7100 1 82 -119.6700 -49.1700
-2.8816306057e-003 -7.2177526122e-002 -8.9198953524e-001
0 0 0
2 0 83 -2.2700 -62.6700 1 83 -121.6700 -53.1700
-1.5950988248e-004 -7.3369135198e-002 -8.9022255387e-001
0 0 0
2 0 84 -0.1400 -63.2900 1 84 -122.9600 -55.4000
-1.5279074058e-002 -7.5444356456e-002 -8.8705600247e-001
0 0 0
2 0 85 -13.3200 -65.0900 1 85 -129.1900 -50.9000
-2.2652447148e-002 -7.5354753897e-002 -8.8354887012e-001
0 0 0
2 0 86 -19.6900 -65.5000 1 86 -133.2900 -47.2900
-2.0725569355e-002 -7.6102594394e-002 -8.8364982656e-001
0 0 0
2 0 87 -18.0900 -65.9500 1 87 -133.0900 -48.7800
-1.6818997741e-002 -7.6214532287e-002 -8.8303586277e-001
0 0 0
2 0 88 -14.5300 -66.5300 1 88 -132.6900 -49.7700
-1.3405083939e-002 -7.5795573238e-002 -8.8465189882e-001
0 0 0
2 0 89 -11.6700 -65.7200 1 89 -130.7300 -51.3500
-1.4626463162e-002 -6.9762248645e-002 -8.9141773252e-001
0 0 0
2 0 90 -12.6900 -59.8800 1 90 -124.1200 -47.6400
-8.6602698439e-003 -6.3235354522e-002 -9.0353731295e-001
0 0 0
2 0 91 -7.3100 -53.8800 1 91 -111.6200 -46.5600
4.7530022565e-003 -5.3175035488e-002 -9.1926852411e-001
0 0 0
2 0 92 4.0000 -44.5000 1 92 -93.7300 -46.6700
-1.5812997165e-002 -4.7349598624e-002 -9.2282217887e-001
0 0 0
2 0 93 -13.0000 -39.8300 1 93 -94.1200 -35.0000
-1.8946366895e-002 -3.5366697841e-002 -9.3946742626e-001
0 0 0
2 0 94 -15.5000 -28.8800 1 94 -79.2900 -28.2900
-1.9886412020e-002 -1.3040324487e-002 -9.6846373866e-001
0 0 0
2 0 95 -15.8300 -10.1700 1 95 -52.2500 -16.6700
-2.7588236345e-002 -1.5265167711e-002 -9.6530557794e-001
0 0 0
2 0 96 -22.0000 -12.0000 1 96 -57.1400 -15.1400
