# Bundle file v0.3
4 94
6.2245076572e+002 -2.0139340737e-002 4.1834188174e-003
9.9450954661e-001 -3.9472574145e-002 -9.6915827326e-002
3.2678034383e-002 9.9696072115e-001 -7.0721047490e-002
9.9412814892e-002 6.7165738137e-002 9.9277684091e-001
-9.9135135081e-002 -5.5323304992e-002 2.1212357388e-001
5.8725336891e+002 -1.1460486838e-001 -4.3990929244e-002
5.4386134695e-001 3.9163567460e-001 -7.4218349057e-001
-4.0617580610e-001 8.9677030151e-001 1.7556833674e-001
7.3432693661e-001 2.0597214545e-001 6.4679163992e-001
-7.5253178397e-001 1.6397414950e-001 -5.1203960406e-002
4.9388397263e+002 1.9563619773e-002 1.9433517577e-003
-4.9608452291e-001 -3.7586707216e-001 7.8270306643e-001
5.1167469603e-001 6.0173895999e-001 6.1326929605e-001
-7.0149066392e-001 7.0472275974e-001 -1.0619171499e-001
6.4011971012e-001 6.1022112458e-001 -7.1175931574e-001
5.1504574660e+002 -2.6961149570e-002 -3.0766208342e-003
-9.7531337055e-001 1.9663158235e-002 2.1994815168e-001
1.9597474724e-001 5.3611702539e-001 8.2108004088e-001
-1.0177292205e-001 8.4391462560e-001 -5.2673558551e-001
1.8227665981e-001 7.3121479243e-001 -1.0621784809e+000
-6.5104048563e-002 -1.2466645139e-001 -1.0526595820e+000
0 0 0
4 0 0 -41.3300 -78.6700 1 0 -40.5000 -77.0000 2 0 -80.5000 -111.0000 3 0 10.0000 -180.0000
-5.5304090250e-002 -1.2799257045e-001 -1.0478603722e+000
0 0 0
4 0 1 -35.5000 -81.5000 1 1 -40.0000 -83.0000 2 1 -79.0000 -104.5000 3 1 2.6700 -174.6700
-5.5896603885e-002 -1.2976863177e-001 -1.0433439416e+000
0 0 0
4 0 2 -36.0000 -84.0000 1 2 -43.5000 -83.0000 2 2 -75.5000 -103.0000 3 2 4.0000 -171.7100
-6.9965979593e-002 -1.4744338285e-001 -1.0128134450e+000
0 0 0
4 0 3 -50.0000 -101.7100 1 3 -71.8300 -87.8300 2 3 -47.0000 -101.5000 3 3 19.8000 -153.6000
-6.3229523755e-002 -1.3072652155e-001 -1.0414663237e+000
0 0 0
4 0 4 -41.3300 -84.6700 1 4 -48.5000 -81.0000 2 4 -72.5000 -106.5000 3 4 10.2000 -171.6000
-5.7197311640e-002 -1.3036850362e-001 -1.0429296875e+000
0 0 0
4 0 5 -37.5000 -84.5000 1 5 -44.5000 -83.0000 2 5 -75.0000 -104.0000 3 5 4.6700 -171.3300
-5.2939730432e-002 -1.3039445061e-001 -1.0439981384e+000
0 0 0
4 0 6 -34.0000 -84.0000 1 6 -42.5000 -85.0000 2 6 -77.0000 -102.5000 3 6 1.3300 -171.3300
-5.3326916570e-002 -1.3187743512e-001 -1.0398036570e+000
0 0 0
4 0 7 -34.0000 -86.0000 1 7 -45.5000 -85.0000 2 7 -73.5000 -101.0000 3 7 2.6700 -168.6700
-8.4415119623e-003 -6.9371788189e-002 -8.7341715657e-001
0 0 0
4 0 8 -19.0000 -59.0000 1 8 -125.0000 -44.6100 2 8 -10.1200 21.5000 3 8 -2.0000 -19.5000
-1.5101294037e-002 -6.7310630598e-002 -8.7638399596e-001
0 0 0
4 0 9 -25.0000 -57.0000 1 9 -124.3200 -40.1600 2 9 -10.0000 18.5000 3 9 2.2000 -21.6000
-1.1085562188e-002 -6.4999900252e-002 -8.8126792611e-001
0 0 0
4 0 10 -20.6900 -53.8800 1 10 -118.4100 -40.4100 2 10 -14.6700 18.6700 3 10 -2.0000 -23.5000
-4.5594872581e-003 -6.0697942637e-002 -8.8931046759e-001
0 0 0
4 0 11 -13.8600 -48.7100 1 11 -108.4700 -40.8700 2 11 -23.5000 19.5000 3 11 -8.0000 -26.0000
1.4943835354e-002 -5.0408215548e-002 -9.0976708177e-001
0 0 0
4 0 12 5.3600 -36.4500 1 12 -81.4000 -43.2000 2 12 -45.0000 22.0000 3 12 -27.3300 -32.6700
1.8966428098e-002 -4.9152001858e-002 -9.1188048589e-001
0 0 0
4 0 13 8.8300 -35.1700 1 13 -77.8800 -43.8800 2 13 -48.0000 23.0000 3 13 -31.5000 -33.0000
1.9385970654e-002 -4.8788422926e-002 -9.1232232783e-001
0 0 0
4 0 14 9.5600 -34.6700 1 14 -77.1700 -43.9200 2 14 -48.5000 23.0000 3 14 -31.5000 -33.0000
1.5157049666e-002 -5.0490954484e-002 -9.0988280636e-001
0 0 0
4 0 15 5.7000 -36.7000 1 15 -81.0000 -43.2500 2 15 -45.0000 22.0000 3 15 -27.3300 -32.6700
-6.1860580272e-003 -6.0148364512e-002 -8.9032002596e-001
0 0 0
4 0 16 -15.0000 -48.0000 1 16 -108.0000 -40.0000 2 16 -23.5000 19.0000 3 16 -6.5000 -27.0000
-1.3557448563e-002 -6.2797711485e-002 -8.8529223801e-001
0 0 0
4 0 17 -22.8200 -51.8200 1 17 -114.3800 -38.2500 2 17 -16.5000 17.0000 3 17 -0.5000 -25.0000
-1.7916620485e-002 -6.5543165138e-002 -8.7913120323e-001
0 0 0
4 0 18 -27.2900 -55.0000 1 18 -122.0000 -38.0000 2 18 -10.5000 17.0000 3 18 4.0000 -23.0000
-2.0275438307e-002 -6.7502081142e-002 -8.7507131785e-001
0 0 0
4 0 19 -29.8500 -57.4600 1 19 -126.8200 -38.1800 2 19 -7.0000 17.0000 3 19 6.6700 -21.3300
-1.9414843387e-002 -6.9918011114e-002 -8.7145388469e-001
0 0 0
4 0 20 -29.8500 -60.5400 1 20 -130.1200 -40.1200 2 20 -5.0000 18.0000 3 20 6.5000 -19.5000
-1.5505054661e-002 -6.8200313284e-002 -8.7464931402e-001
0 0 0
4 0 21 -25.9000 -58.2000 1 21 -126.0000 -40.5000 2 21 -8.5000 19.0000 3 21 2.5000 -21.0000
-9.4971152420e-003 -6.2903310849e-002 -8.8494937915e-001
0 0 0
4 0 22 -19.0000 -51.8300 1 22 -114.0000 -40.0000 2 22 -18.5000 19.0000 3 22 -3.3300 -24.6700
-7.6791429008e-003 -5.9827781065e-002 -8.9050804956e-001
0 0 0
4 0 23 -17.0000 -47.8300 1 23 -108.0000 -39.2000 2 23 -23.0000 18.5000 3 23 -6.0000 -27.0000
-5.8831995603e-003 -5.7030691902e-002 -8.9564064230e-001
0 0 0
4 0 24 -14.4700 -45.1300 1 24 -102.0000 -38.0000 2 24 -27.6700 17.6700 3 24 -7.8000 -28.4000
-3.5104622827e-003 -5.4758550812e-002 -9.0043836902e-001
0 0 0
4 0 25 -12.0000 -42.0000 1 25 -97.6700 -37.7800 2 25 -32.5000 17.5000 3 25 -11.0000 -31.0000
-2.8732429669e-003 -5.6108649656e-002 -8.9744898494e-001
0 0 0
4 0 26 -12.0000 -43.5000 1 26 -99.0000 -39.2500 2 26 -29.5000 19.0000 3 26 -10.6700 -29.3300
-6.0997777177e-003 -5.8101293513e-002 -8.9363265759e-001
0 0 0
4 0 27 -15.0000 -46.0000 1 27 -104.5600 -38.3300 2 27 -25.8300 18.1700 3 27 -8.0000 -28.2500
-1.0477360241e-002 -6.0872540710e-002 -8.8911586765e-001
0 0 0
4 0 28 -19.5600 -49.3300 1 28 -110.0000 -38.5000 2 28 -20.6700 17.3300 3 28 -3.5000 -26.5000
-1.2722996618e-002 -6.2667240980e-002 -8.8453798654e-001
0 0 0
4 0 29 -22.0000 -51.5000 1 29 -115.6000 -38.4000 2 29 -17.0000 18.0000 3 29 -1.0000 -25.0000
-1.2968567245e-002 -6.6510587231e-002 -8.7759206542e-001
0 0 0
4 0 30 -22.8200 -56.1800 1 30 -122.0000 -40.5000 2 30 -11.5000 19.0000 3 30 0.5000 -21.5000
-8.7865981202e-003 -6.9523149600e-002 -8.7328932415e-001
0 0 0
4 0 31 -19.3600 -59.5500 1 31 -124.3300 -44.2200 2 31 -9.0000 21.0000 3 31 -2.0000 -19.0000
-4.5681541850e-003 -6.9860875949e-002 -8.7243338247e-001
0 0 0
4 0 32 -15.6000 -59.6000 1 32 -126.0000 -46.0000 2 32 -12.0000 23.0000 3 32 -5.5000 -19.0000
3.1868636874e-003 -6.9327861739e-002 -8.7479098489e-001
0 0 0
4 0 33 -8.1700 -59.0000 1 33 -119.0700 -49.6400 2 33 -15.0000 25.0000 3 33 -11.0000 -18.0000
1.4936642398e-002 -6.8625141793e-002 -8.7586639891e-001
0 0 0
4 0 34 3.2900 -58.1400 1 34 -114.2700 -53.9100 2 34 -20.5000 29.0000 3 34 -20.0000 -17.0000
4.7312594759e-002 -6.3285517347e-002 -8.8803456428e-001
0 0 0
4 0 35 34.6700 -50.4700 1 35 -90.2300 -64.8500 2 35 -39.0000 36.0000 3 35 -48.0000 -18.0000
1.7148315741e-001 -9.5577613424e-002 -9.3315223359e-001
0 0 0
2 0 36 146.0900 -69.3600 1 36 -4.5000 -165.0000
-1.5800531694e-002 -2.1661052558e-001 -9.0021286890e-001
0 0 0
4 0 38 -16.6000 -185.2000 1 38 -149.2000 -152.0000 2 38 16.5000 -53.0000 3 38 -3.5000 -85.0000
4.3767521520e-003 -2.3573995698e-001 -8.6948494289e-001
0 0 0
4 0 39 -1.3200 -213.4500 1 39 -170.8200 -175.8200 2 39 29.5000 -39.0000 3 39 -11.5000 -69.0000
4.0658372529e-004 -2.3747769771e-001 -8.6491429285e-001
0 0 0
4 0 40 -4.9100 -216.3600 1 40 -176.8900 -174.9400 2 40 33.0000 -39.5000 3 40 -8.0000 -67.7500
-1.9634215277e-003 -2.3918725705e-001 -8.6218985388e-001
0 0 0
4 0 41 -7.7900 -219.4200 1 41 -180.0900 -174.6400 2 41 35.0000 -39.5000 3 41 -6.5000 -67.0000
-4.7560309961e-003 -2.3840465347e-001 -8.6350797338e-001
0 0 0
4 0 42 -10.1000 -218.0500 1 42 -180.0000 -172.5000 2 42 35.0000 -41.0000 3 42 -5.0000 -68.0000
-7.7949668269e-003 -2.3524457662e-001 -8.6838729404e-001
0 0 0
4 0 43 -12.4100 -213.0600 1 43 -176.0800 -168.8300 2 43 33.5000 -43.0000 3 43 -3.8000 -70.4000
-7.9088921316e-003 -2.3331866723e-001 -8.7219233973e-001
0 0 0
4 0 44 -12.2400 -209.8600 1 44 -172.5600 -167.6700 2 44 31.0000 -44.0000 3 44 -4.0000 -71.7500
-1.0022218915e-002 -2.2932139878e-001 -8.7898947999e-001
0 0 0
4 0 45 -13.5200 -203.8100 1 45 -166.8200 -163.8200 2 45 27.5000 -46.0000 3 45 -3.5000 -75.0000
-1.2249341207e-002 -2.2584988415e-001 -8.8417113412e-001
0 0 0
4 0 46 -15.4000 -198.8000 1 46 -162.5000 -160.5000 2 46 25.0000 -47.5000 3 46 -3.0000 -77.5000
-1.2966559474e-002 -2.2335164145e-001 -8.8957941903e-001
0 0 0
4 0 47 -15.4700 -194.6500 1 47 -158.2200 -158.3300 2 47 22.0000 -49.0000 3 47 -3.5000 -80.5000
-3.3197353564e-002 -2.0503331332e-001 -9.1778708542e-001
0 0 0
4 0 48 -30.2900 -169.8600 1 48 -138.1000 -136.5000 2 48 10.5000 -63.0000 3 48 6.0000 -95.0000
-3.7162660946e-002 -2.0353324463e-001 -9.2053274031e-001
0 0 0
4 0 49 -33.6200 -167.7500 1 49 -137.2000 -134.0000 2 49 9.5000 -65.0000 3 49 8.5000 -97.0000
-4.0541874039e-002 -2.0214076842e-001 -9.2258997883e-001
0 0 0
4 0 50 -36.1200 -166.2400 1 50 -136.1100 -131.3300 2 50 9.5000 -66.5000 3 50 10.6700 -98.6700
-4.6231440574e-002 -2.0094294039e-001 -9.2380479505e-001
0 0 0
4 0 51 -41.2500 -164.7500 1 51 -136.7100 -128.1400 2 51 10.6700 -68.6700 3 51 14.0000 -100.2900
-5.1756601095e-002 -1.9924796391e-001 -9.2545363495e-001
0 0 0
4 0 52 -45.6000 -163.3000 1 52 -136.5000 -124.1200 2 52 11.3300 -71.3300 3 52 17.5000 -101.5000
-5.8595352041e-002 -1.9739970286e-001 -9.2803219924e-001
0 0 0
4 0 53 -51.0000 -161.0000 1 53 -136.2900 -120.0000 2 53 12.0000 -74.5000 3 53 22.0000 -104.0000
-6.1425968149e-002 -1.9589662768e-001 -9.3034263799e-001
0 0 0
4 0 54 -52.9200 -158.6700 1 54 -135.6700 -118.0000 2 54 11.3300 -76.6700 3 54 23.5000 -105.5000
-6.2924505919e-002 -1.9330963939e-001 -9.3444674757e-001
0 0 0
4 0 55 -53.8600 -155.2900 1 55 -132.5000 -116.1200 2 55 9.0000 -78.0000 3 55 24.1700 -107.8300
-6.4127762488e-002 -1.9105180203e-001 -9.3831328314e-001
0 0 0
4 0 56 -54.1400 -152.7100 1 56 -130.0000 -114.0000 2 56 6.0000 -79.7100 3 56 24.7500 -109.7500
-6.6744818730e-002 -1.8890952090e-001 -9.4160094375e-001
0 0 0
4 0 57 -55.9200 -150.3100 1 57 -127.5000 -111.5000 2 57 5.0000 -81.2500 3 57 26.2500 -112.0000
-7.2645325613e-002 -1.3346176737e-001 -1.0356607937e+000
0 0 0
4 0 58 -49.2000 -88.0000 1 58 -55.0000 -79.0000 2 58 -64.8300 -109.1700 3 58 19.0000 -169.0000
-7.0840150276e-002 -1.2890912248e-001 -1.0435871618e+000
0 0 0
4 0 59 -47.3300 -83.6700 1 59 -48.5000 -77.0000 2 59 -71.7800 -110.3300 3 59 16.0000 -174.5000
-7.0728732926e-002 -1.2548046089e-001 -1.0495279453e+000
0 0 0
4 0 60 -46.2900 -80.0000 1 60 -44.5000 -75.5000 2 60 -77.0000 -112.2900 3 60 15.2000 -178.6000
-1.9059646890e-002 -2.4797046904e-002 -9.5076142341e-001
0 0 0
3 0 63 -20.2500 -11.6200 1 63 -58.0000 -14.0000 3 63 -7.7500 -59.6200
2.0553504367e-001 -9.3210661838e-002 -8.6366391533e-001
0 0 0
2 0 64 189.5000 -79.0000 1 64 -44.0000 -187.7100
2.0988188391e-001 -8.9525699912e-002 -8.6502979275e-001
0 0 0
2 0 65 193.7500 -75.5000 1 65 -38.2900 -187.0000
2.1036711003e-001 -8.8404463845e-002 -8.6586497569e-001
0 0 0
2 0 66 193.8300 -73.8300 1 66 -36.8000 -186.6000
2.1130286661e-001 -8.7070651517e-002 -8.7002302800e-001
0 0 0
2 0 67 193.8000 -71.6000 1 67 -31.7100 -186.0000
-1.4289118163e-002 -2.5052615142e-002 -9.5137416631e-001
0 0 0
3 0 68 -16.0000 -11.5000 1 68 -54.7300 -17.0000 3 68 -10.7800 -58.5600
2.7478859067e-002 -1.2237099801e-001 -1.0758885252e+000
0 0 0
2 0 69 26.7800 -72.1100 1 69 10.0000 -113.7100
-5.1908143276e-002 -1.2511777252e-001 -1.0528147433e+000
0 0 0
4 0 70 -32.2900 -78.4300 1 70 -36.5000 -82.1200 2 70 -84.0000 -104.0000 3 70 -1.7500 -178.5000
-4.2868355181e-002 -1.3018945524e-001 -1.0453810325e+000
0 0 0
4 0 71 -25.8000 -83.6000 1 71 -37.8800 -88.8800 2 71 -80.8900 -97.6700 3 71 -6.1800 -170.8200
-5.9198757197e-002 -4.2386953540e-002 -9.1490322705e-001
0 0 0
3 0 72 -59.7500 -30.6700 1 72 -103.3300 -9.0000 2 72 -25.5000 -5.5000
-4.8712175239e-002 -4.8871466092e-002 -9.0515573336e-001
0 0 0
4 0 73 -52.0000 -37.0000 1 73 -108.0900 -16.6400 2 73 -20.5000 0.5000 3 73 24.6700 -39.3300
-4.3241034957e-002 -5.3037568614e-002 -8.9883450755e-001
0 0 0
4 0 74 -47.6000 -41.6000 1 74 -112.2700 -20.6700 2 74 -17.4000 3.8000 3 74 21.3300 -35.6700
-2.6011523012e-002 -5.8850138436e-002 -8.9043048022e-001
0 0 0
4 0 75 -33.7300 -47.3300 1 75 -114.2000 -31.1300 2 75 -16.6000 12.2000 3 75 8.5000 -29.5000
-1.7296955429e-002 -6.0758013377e-002 -8.8760031899e-001
0 0 0
4 0 76 -25.6200 -49.4400 1 76 -114.2000 -35.1300 2 76 -17.5000 15.5000 3 76 2.0000 -27.0000
1.6254658805e-002 -5.2526031623e-002 -9.0548886214e-001
0 0 0
4 0 77 6.3100 -39.0600 1 77 -85.6200 -44.5600 2 77 -43.0000 23.2500 3 77 -27.8000 -30.4000
2.0875421394e-002 -4.9326082291e-002 -9.1106969314e-001
0 0 0
4 0 78 11.0000 -35.8300 1 78 -77.5000 -44.2900 2 78 -48.0000 24.0000 3 78 -32.4000 -32.2000
1.7912708979e-002 -4.9300833879e-002 -9.1108633769e-001
0 0 0
4 0 79 8.1500 -35.4600 1 79 -79.1000 -43.0500 2 79 -47.0000 22.5000 3 79 -30.6700 -32.6700
-6.1058423147e-004 -5.9532911782e-002 -8.9144961538e-001
0 0 0
4 0 80 -9.8800 -47.3100 1 80 -104.7100 -41.6200 2 80 -26.0000 20.5000 3 80 -11.5000 -26.5000
-2.4469680773e-003 -6.4179569629e-002 -8.8313746760e-001
0 0 0
4 0 81 -12.3800 -53.4400 1 81 -113.0000 -43.2900 2 81 -19.3300 21.3300 3 81 -8.5000 -22.5000
3.2701853019e-003 -6.9142676757e-002 -8.7429196141e-001
0 0 0
4 0 82 -8.1400 -58.7100 1 82 -119.6700 -49.1700 2 82 -14.5000 25.0000 3 82 -11.6000 -17.8000
9.4844444626e-003 -7.2108026110e-002 -8.6982118251e-001
0 0 0
4 0 83 -2.2700 -62.6700 1 83 -121.6700 -53.1700 2 83 -13.0000 28.0000 3 83 -15.3300 -15.3300
1.1805787467e-002 -7.3148384208e-002 -8.6824246612e-001
0 0 0
4 0 84 -0.1400 -63.2900 1 84 -122.9600 -55.4000 2 84 -13.0000 29.0000 3 84 -16.5000 -14.5000
-1.5122036211e-003 -7.4504234552e-002 -8.6570982974e-001
0 0 0
4 0 85 -13.3200 -65.0900 1 85 -129.1900 -50.9000 2 85 -5.5000 25.0000 3 85 -6.0000 -15.0000
-8.1143754470e-003 -7.4413748784e-002 -8.6440055572e-001
0 0 0
4 0 86 -19.6900 -65.5000 1 86 -133.2900 -47.2900 2 86 -3.0000 23.0000 3 86 -1.3300 -15.3300
-6.3282301771e-003 -7.4824794024e-002 -8.6413210379e-001
0 0 0
4 0 87 -18.0900 -65.9500 1 87 -133.0900 -48.7800 2 87 -4.0000 24.0000 3 87 -2.0000 -15.0000
-2.7175499757e-003 -7.5087145645e-002 -8.6334412620e-001
0 0 0
4 0 88 -14.5300 -66.5300 1 88 -132.6900 -49.7700 2 88 -4.5000 25.5000 3 88 -5.0000 -14.5000
-5.8679231719e-005 -7.4900430223e-002 -8.6444748615e-001
0 0 0
4 0 89 -11.6700 -65.7200 1 89 -130.7300 -51.3500 2 89 -6.0000 26.0000 3 89 -6.6700 -14.6700
-1.5354404990e-003 -7.0145509746e-002 -8.7241122045e-001
0 0 0
4 0 90 -12.6900 -59.8800 1 90 -124.1200 -47.6400 2 90 -12.1700 23.8300 3 90 -7.6000 -18.2000
3.5186402132e-003 -6.5088764789e-002 -8.8282618960e-001
0 0 0
4 0 91 -7.3100 -53.8800 1 91 -111.6200 -46.5600 2 91 -20.6700 23.3300 3 91 -13.8300 -22.1700
1.4400320627e-002 -5.7237485276e-002 -8.9720753243e-001
0 0 0
4 0 92 4.0000 -44.5000 1 92 -93.7300 -46.6700 2 92 -35.5000 24.5000 3 92 -24.5000 -27.0000
-5.6515908453e-003 -5.2478537902e-002 -9.0457419010e-001
0 0 0
4 0 93 -13.0000 -39.8300 1 93 -94.1200 -35.0000 2 93 -34.1700 16.1700 3 93 -9.8300 -33.8300
-9.5334886073e-003 -4.2423137390e-002 -9.2155047831e-001
0 0 0
4 0 94 -15.5000 -28.8800 1 94 -79.2900 -28.2900 2 94 -46.5000 11.0000 3 94 -10.0000 -41.7100
-1.2929371471e-002 -2.3689360568e-002 -9.5391790441e-001
0 0 0
3 0 95 -15.8300 -10.1700 1 95 -52.2500 -16.6700 3 95 -13.8300 -59.8300
-1.9663751956e-002 -2.5382774711e-002 -9.5157987102e-001
0 0 0
3 0 96 -22.0000 -12.0000 1 96 -57.1400 -15.1400 3 96 -7.8800 -59.8800
