# Bundle file v0.3
4 89
5.1532654545e+002 -2.2624438317e-001 3.4652919774e-002
9.4509518555e-001 -1.1213896692e-001 3.0695267118e-001
1.2490625195e-001 9.9192007517e-001 -2.2203438855e-002
-3.0198264597e-001 5.9324670847e-002 9.5146574555e-001
4.6673264350e-001 -1.7475887742e-001 4.7027093840e-001
5.8636639717e+002 -1.7052363359e-001 1.8002389990e-002
4.1953581268e-001 -5.2485211341e-001 7.4062133437e-001
6.8957486980e-001 7.1486702996e-001 1.1598115540e-001
-5.9031872816e-001 4.6205561194e-001 6.6183714814e-001
6.9275823291e-001 2.1098338053e-001 -7.1147491883e-003
4.2383378161e+003 -6.3730770850e-001 -2.6800268816e-001
8.6490608254e-001 -4.6067026181e-001 1.9929971968e-001
1.0847607039e-002 -3.7981569522e-001 -9.2499857680e-001
5.0181649814e-001 8.0219882046e-001 -3.2350773506e-001
7.0089084137e-001 -7.0944308190e-001 1.4009071556e+000
8.7314083212e+002 2.5392366396e-001 1.4475214893e-002
-9.5837015531e-001 4.0849618705e-002 2.8259149681e-001
2.8065884250e-001 -4.7239056297e-002 9.5864440002e-001
5.2509613841e-002 9.9804798492e-001 3.3807695017e-002
-2.5200231404e-001 9.3202284246e-001 -6.1238852455e-001
-3.3384185945e-001 3.0455907470e-001 -7.5948342801e-001
0 0 0
4 0 0 -339.0000 299.8000 1 0 -462.2900 300.0000 2 0 -294.5000 309.5000 3 0 -352.2700 251.3300
-3.3412232308e-001 3.0163709064e-001 -7.6093420411e-001
0 0 0
4 0 1 -339.7800 290.3300 1 1 -460.0000 292.2900 2 1 -296.8000 304.0000 3 1 -349.9000 245.8000
-3.3545524975e-001 2.9884593035e-001 -7.6361137514e-001
0 0 0
4 0 2 -342.1800 280.8200 1 2 -459.4000 281.2000 2 2 -296.0000 295.2000 3 2 -344.8200 236.1800
-3.3714131506e-001 2.9946833209e-001 -7.6630240633e-001
0 0 0
4 0 3 -344.2500 278.0000 1 3 -464.6700 277.3300 2 3 -290.4000 289.8000 3 3 -342.1700 227.8300
-3.3651262279e-001 2.9985874463e-001 -7.6457169268e-001
0 0 0
4 0 4 -344.0000 280.6900 1 4 -463.8000 281.6000 2 4 -292.5000 294.0000 3 4 -343.4000 233.0700
-3.3702524932e-001 3.0730607001e-001 -7.6607708001e-001
0 0 0
4 0 5 -342.1700 296.1700 1 5 -475.0000 292.7500 2 5 -281.2900 296.5700 3 5 -350.1800 232.8200
-3.1552437995e-001 3.3143333116e-001 -7.8352949340e-001
0 0 0
4 0 6 -275.5000 335.0000 1 6 -470.0000 337.0000 2 6 -286.6000 272.8000 3 6 -454.8300 221.1700
-3.1766933754e-001 3.3246847783e-001 -7.8822411994e-001
0 0 0
4 0 7 -278.5000 330.0000 1 7 -476.5000 331.0000 2 7 -278.0000 262.8000 3 7 -452.4700 206.6700
-3.1929981548e-001 3.3165431429e-001 -7.8746101018e-001
0 0 0
4 0 8 -283.0000 328.2700 1 8 -478.0000 328.2900 2 8 -275.4400 264.3900 3 8 -446.1700 207.1300
-3.1983591225e-001 3.3136438606e-001 -7.8770835781e-001
0 0 0
4 0 9 -284.2000 327.1300 1 9 -478.8300 327.1700 2 9 -274.6100 263.3900 3 9 -444.1300 205.8700
-3.2014596226e-001 3.3129122748e-001 -7.8808911730e-001
0 0 0
4 0 10 -284.7100 326.7100 1 10 -479.2000 326.0000 2 10 -273.7600 262.5900 3 10 -443.2600 204.3500
-3.1999392024e-001 3.3106143306e-001 -7.8800922964e-001
0 0 0
4 0 11 -284.4100 326.4100 1 11 -478.8000 326.0000 2 11 -274.5300 262.5300 3 11 -443.3100 204.5800
-3.1949350461e-001 3.3109995041e-001 -7.8808675241e-001
0 0 0
4 0 12 -283.4300 326.6400 1 12 -478.0000 326.5000 2 12 -275.5600 262.2500 3 12 -445.0900 204.9100
-3.2157034799e-001 3.3205047853e-001 -7.8818918621e-001
0 0 0
4 0 13 -288.0000 327.0000 1 13 -482.8000 325.4000 2 13 -269.7700 263.1500 3 13 -440.2400 203.4100
-3.2753609741e-001 3.3230482658e-001 -7.8552851582e-001
0 0 0
4 0 14 -303.1800 327.8200 1 14 -491.5000 322.5000 2 14 -257.8300 271.0000 3 14 -420.4200 204.4200
-3.3363066274e-001 3.3161726091e-001 -7.8097079437e-001
0 0 0
4 0 15 -320.6200 328.3800 1 15 -501.7100 320.0000 2 15 -249.5600 281.7500 3 15 -398.8000 210.9200
-3.3823185666e-001 3.2912900798e-001 -7.7638980725e-001
0 0 0
4 0 16 -332.1400 327.2900 1 16 -506.2500 316.3800 2 16 -245.5000 291.0000 3 16 -377.3800 217.1500
-3.4049487694e-001 3.2704522762e-001 -7.7530548384e-001
0 0 0
4 0 17 -338.7500 323.6700 1 17 -508.0000 311.7100 2 17 -244.1400 291.2900 3 17 -367.2900 217.0000
-3.4301592537e-001 3.2443301108e-001 -7.7412558852e-001
0 0 0
4 0 18 -345.0800 319.6700 1 18 -510.0000 305.0000 2 18 -243.4700 292.1300 3 18 -355.4000 216.0500
-3.4601907336e-001 3.2048389284e-001 -7.7186071055e-001
0 0 0
4 0 19 -355.5300 312.6700 1 19 -510.7800 297.8900 2 19 -243.7600 294.0600 3 19 -341.2200 216.9100
-3.4878882909e-001 3.1528258685e-001 -7.7050507831e-001
0 0 0
4 0 20 -364.2300 302.8500 1 20 -510.0000 286.0000 2 20 -245.7700 293.1500 3 20 -327.0000 215.0000
-3.5095694424e-001 3.0970992335e-001 -7.7007718308e-001
0 0 0
4 0 21 -372.0000 289.5000 1 21 -508.0000 274.0000 2 21 -249.0000 290.0000 3 21 -316.0000 211.0000
-3.5189560738e-001 3.0361695896e-001 -7.7010087098e-001
0 0 0
4 0 22 -376.0000 277.3100 1 22 -501.3300 260.2500 2 22 -255.0700 285.1400 3 22 -307.4400 206.3900
-3.5090699805e-001 2.9832587378e-001 -7.6999288194e-001
0 0 0
4 0 23 -375.7300 265.2000 1 23 -493.0000 252.0000 2 23 -264.2300 281.1500 3 23 -306.0000 205.0000
-3.4818049213e-001 2.9307276173e-001 -7.6917333723e-001
0 0 0
4 0 24 -371.6200 255.6200 1 24 -478.8300 245.9200 2 24 -275.8300 279.0000 3 24 -308.7100 206.7100
-3.4475779467e-001 2.8696177678e-001 -7.6788338059e-001
0 0 0
4 0 25 -367.0000 244.8800 1 25 -461.7000 239.3000 2 25 -290.8800 276.5900 3 25 -312.5900 209.7600
-3.4126030161e-001 2.8109292737e-001 -7.6628513559e-001
0 0 0
4 0 26 -360.4000 231.6000 1 26 -445.6400 234.9100 2 26 -305.3100 276.0000 3 26 -316.5300 214.1300
-3.3731192072e-001 2.7592152510e-001 -7.6381391698e-001
0 0 0
4 0 27 -354.1500 222.5400 1 27 -427.6200 232.7500 2 27 -320.4600 277.1500 3 27 -321.7300 220.6700
-3.3042313559e-001 2.7826134628e-001 -7.5574106635e-001
0 0 0
4 0 28 -340.4100 238.8800 1 28 -414.5000 258.1200 2 28 -335.8200 297.1800 3 28 -335.5000 247.7100
-3.3100391154e-001 2.8221709832e-001 -7.5379015511e-001
0 0 0
4 0 29 -342.7900 253.0500 1 29 -420.1800 267.1800 2 29 -331.0000 304.1700 3 29 -335.6900 254.2500
-3.3211203327e-001 2.8635524255e-001 -7.5187334618e-001
0 0 0
4 0 30 -345.5000 263.5000 1 30 -428.8000 278.0000 2 30 -324.1700 313.0000 3 30 -335.5300 260.6700
-3.3361972850e-001 2.9059407090e-001 -7.4933238324e-001
0 0 0
4 0 31 -350.4100 279.0600 1 31 -436.2500 286.4200 2 31 -317.2500 321.6700 3 31 -333.5000 268.5000
-3.3489247856e-001 2.9378670813e-001 -7.4762138213e-001
0 0 0
4 0 32 -354.0000 288.5000 1 32 -443.3800 294.2500 2 32 -312.2200 327.6700 3 32 -331.5000 274.0000
-3.3582826323e-001 2.9571533901e-001 -7.4585947974e-001
0 0 0
4 0 33 -357.5600 295.3300 1 33 -447.5000 299.5000 2 33 -309.2500 333.0000 3 33 -329.8000 279.0000
-3.3627342983e-001 2.9625922058e-001 -7.4440751552e-001
0 0 0
4 0 34 -359.5000 298.5000 1 34 -448.2900 302.0000 2 34 -308.1200 336.5000 3 34 -328.0000 283.0000
-3.3541758847e-001 2.9449864626e-001 -7.4198665047e-001
0 0 0
4 0 35 -359.9200 298.3100 1 35 -442.1800 303.1800 2 35 -313.5600 340.6700 3 35 -327.0000 288.1700
-3.3423780987e-001 2.9055088196e-001 -7.3907167918e-001
0 0 0
4 0 36 -360.4700 292.6500 1 36 -431.6700 300.7500 2 36 -322.0000 344.0000 3 36 -324.8200 294.1800
-3.3279056774e-001 2.8516578643e-001 -7.3648547063e-001
0 0 0
4 0 37 -361.2100 282.9500 1 37 -418.5000 295.5000 2 37 -334.0900 345.3600 3 37 -322.1500 297.4600
-3.3131169757e-001 2.7844734345e-001 -7.3503482779e-001
0 0 0
4 0 38 -360.9100 264.9100 1 38 -402.5000 286.0000 2 38 -344.1700 343.5800 3 38 -320.4400 298.2500
-3.2866648657e-001 2.7106455327e-001 -7.3490533424e-001
0 0 0
4 0 39 -356.8100 248.3300 1 39 -381.4600 271.6200 2 39 -358.6700 336.4700 3 39 -320.7100 294.7100
-3.2555396152e-001 2.6155812528e-001 -7.3664643163e-001
0 0 0
3 0 40 -348.1900 215.9500 1 40 -362.6700 254.0800 3 40 -323.0000 285.8300
-3.2418853563e-001 2.5573117702e-001 -7.3931529920e-001
0 0 0
3 0 41 -342.7000 194.4300 1 41 -352.0000 240.0000 3 41 -324.0000 277.0000
-3.3526659872e-001 2.5463676885e-001 -7.4274350073e-001
0 0 0
3 0 42 -373.0000 182.0000 1 42 -376.0000 216.0000 3 42 -299.2000 260.0000
-3.3922881447e-001 2.5974224609e-001 -7.4136763414e-001
0 0 0
3 0 43 -385.3000 197.7000 1 43 -392.4300 222.2900 3 43 -293.0000 263.0000
-3.4271876610e-001 2.6554304330e-001 -7.4051320177e-001
0 0 0
3 0 44 -393.3800 214.6200 1 44 -409.8500 230.7700 3 44 -286.8200 265.8200
-3.4543073183e-001 2.7443002354e-001 -7.4103838491e-001
0 0 0
4 0 45 -397.8000 239.1300 1 45 -429.9100 246.6400 2 45 -317.7100 326.0000 3 45 -285.5000 269.5000
-3.4630208717e-001 2.8261114031e-001 -7.4100454892e-001
0 0 0
4 0 46 -396.5000 263.0000 1 46 -445.1500 262.2300 2 46 -305.4400 332.3300 3 46 -288.5000 274.2900
-3.4586213994e-001 2.8996503636e-001 -7.4109427243e-001
0 0 0
4 0 47 -391.6100 281.7200 1 47 -457.5000 280.5000 2 47 -298.5000 337.8800 3 47 -294.3600 278.9300
-3.4449989849e-001 2.9693032738e-001 -7.4162769371e-001
0 0 0
4 0 48 -383.8600 299.2900 1 48 -465.7500 296.6700 2 48 -292.2500 342.6700 3 48 -303.8500 283.4600
-3.4317967515e-001 3.0257126383e-001 -7.4325666339e-001
0 0 0
4 0 49 -376.7300 311.4000 1 49 -472.3800 307.3800 2 49 -287.2000 344.0000 3 49 -314.2900 284.5000
-3.4170963513e-001 3.0880612842e-001 -7.4648309139e-001
0 0 0
4 0 50 -367.5900 322.1200 1 50 -479.6700 316.7500 2 50 -280.8200 342.1800 3 50 -326.7100 281.8600
-3.3891099929e-001 3.1415743842e-001 -7.5025613215e-001
0 0 0
4 0 51 -355.5600 330.2500 1 51 -482.2000 325.0000 2 51 -277.7500 338.6700 3 51 -342.8700 277.8000
-3.3482925133e-001 3.1905813979e-001 -7.5460435189e-001
0 0 0
4 0 52 -339.0600 337.3800 1 52 -481.8800 332.1200 2 52 -277.6400 332.7900 3 52 -362.0000 273.6700
-3.3000941478e-001 3.2292759542e-001 -7.5900061379e-001
0 0 0
4 0 53 -321.5000 341.7100 1 53 -478.3300 338.8900 2 53 -279.8700 326.2000 3 53 -382.6000 268.6500
-3.2526124003e-001 3.2586735009e-001 -7.6410917358e-001
0 0 0
4 0 54 -307.8600 343.2900 1 54 -474.4300 342.2900 2 54 -283.7300 316.6700 3 54 -405.0000 261.0000
-3.2181357776e-001 3.2752819964e-001 -7.6910018742e-001
0 0 0
4 0 55 -296.6400 341.7900 1 55 -471.8300 341.8300 2 55 -286.0000 306.0000 3 55 -421.0000 252.0000
-3.1840889781e-001 3.2836043517e-001 -7.7609136744e-001
0 0 0
4 0 56 -285.5000 336.5000 1 56 -469.6000 337.8000 2 56 -288.5900 288.8800 3 56 -436.9100 237.0900
-3.1470446750e-001 3.2759928312e-001 -7.8335238504e-001
0 0 0
4 0 57 -273.7700 327.1500 1 57 -464.8000 332.6000 2 57 -293.3500 271.5300 3 57 -451.6500 219.2000
-3.1233981545e-001 3.2617951677e-001 -7.8971876844e-001
0 0 0
4 0 58 -267.0000 319.8000 1 58 -461.5000 325.0000 2 58 -297.6000 253.0700 3 58 -460.6000 203.6500
-3.1280564836e-001 3.2507104665e-001 -7.9401680181e-001
0 0 0
4 0 59 -267.0000 312.0000 1 59 -462.6700 318.6700 2 59 -295.4400 241.2500 3 59 -460.1100 191.4400
-3.1745782173e-001 3.2557161081e-001 -7.9722742888e-001
0 0 0
4 0 60 -278.0000 306.8000 1 60 -472.0000 309.7500 2 60 -282.4000 234.4000 3 60 -450.0000 180.0000
-3.2320134448e-001 3.2563245128e-001 -7.9850516234e-001
0 0 0
4 0 61 -289.3800 303.2500 1 61 -481.8000 301.6000 2 61 -268.9000 233.0000 3 61 -433.0000 170.9000
-3.2830751214e-001 3.2518147690e-001 -7.9726945981e-001
0 0 0
4 0 62 -302.0000 300.8000 1 62 -490.0000 295.7500 2 62 -259.5600 237.7500 3 62 -417.2300 168.8200
-3.3325851762e-001 3.2306418472e-001 -7.9211744950e-001
0 0 0
4 0 63 -314.0000 300.8000 1 63 -494.5000 293.5000 2 63 -254.6500 248.0000 3 63 -394.3900 176.5600
-3.3527499070e-001 3.2222102771e-001 -7.8656556235e-001
0 0 0
4 0 64 -321.9100 303.6400 1 64 -495.8300 295.8300 2 64 -254.5300 261.8700 3 64 -384.6500 188.4700
-3.3492306701e-001 3.2348408003e-001 -7.8159567846e-001
0 0 0
4 0 65 -323.7300 313.0000 1 65 -494.8000 304.6000 2 65 -256.9300 273.8600 3 65 -383.4700 202.2600
-3.3158517015e-001 3.2609735884e-001 -7.7735218113e-001
0 0 0
4 0 66 -317.2500 323.6700 1 66 -490.0000 319.0000 2 66 -261.8600 284.7100 3 66 -393.8300 219.3500
-3.2723463211e-001 3.2833900086e-001 -7.7558095467e-001
0 0 0
4 0 67 -306.0000 333.0000 1 67 -484.0000 330.2900 2 67 -269.8600 291.2900 3 67 -407.8100 228.3300
-3.2265296619e-001 3.3248825992e-001 -7.7794815223e-001
0 0 0
4 0 68 -294.0000 339.3100 1 68 -481.8000 337.6000 2 68 -272.7900 289.0500 3 68 -430.8600 230.1900
-3.2019633042e-001 3.3642919970e-001 -7.8281759844e-001
0 0 0
4 0 69 -286.4600 342.0000 1 69 -482.8000 340.6000 2 69 -270.2700 279.3300 3 69 -447.6700 222.1200
-3.1871630779e-001 3.4024635039e-001 -7.8795102867e-001
0 0 0
4 0 70 -279.3600 343.5500 1 70 -486.0000 341.7500 2 70 -265.5900 269.5900 3 70 -461.0000 211.7800
-3.1803314811e-001 3.4443563530e-001 -7.9299059140e-001
0 0 0
4 0 71 -275.6700 345.5600 1 71 -489.3300 342.6700 2 71 -258.1100 260.1600 3 71 -473.2900 201.0000
-3.1846289689e-001 3.4847124625e-001 -7.9648860460e-001
0 0 0
4 0 72 -275.0000 347.8000 1 72 -494.0000 344.2500 2 72 -249.3700 254.7400 3 72 -481.0000 193.1700
-3.2017581942e-001 3.5329291304e-001 -7.9966745024e-001
0 0 0
4 0 73 -276.2500 351.3800 1 73 -502.5000 345.5000 2 73 -238.1900 251.1400 3 73 -485.4000 184.9600
-3.2389195966e-001 3.5742711577e-001 -7.9951580103e-001
0 0 0
3 0 74 -285.0000 356.2000 1 74 -514.6700 347.3300 3 74 -480.5900 181.5500
-3.2990349607e-001 3.6112033670e-001 -7.9825324354e-001
0 0 0
3 0 75 -297.8000 360.6000 1 75 -528.0000 348.0000 3 75 -465.0000 181.0000
-3.3596510589e-001 3.6259019247e-001 -7.9642549442e-001
0 0 0
3 0 76 -310.5600 361.8900 1 76 -540.0000 346.0000 3 76 -444.8900 181.0400
-3.4286487156e-001 3.6147943910e-001 -7.9346909106e-001
0 0 0
3 0 77 -326.1700 360.1700 1 77 -551.0000 341.0000 3 77 -417.1300 181.9400
-3.4911886794e-001 3.5872248426e-001 -7.9009725731e-001
0 0 0
4 0 78 -338.8800 356.1200 1 78 -556.8000 334.6000 2 78 -178.7000 283.0500 3 78 -388.3400 184.5600
-3.5199304590e-001 3.5133734074e-001 -7.8564550702e-001
0 0 0
4 0 79 -350.1700 348.1700 1 79 -556.1200 324.8800 2 79 -185.7500 288.4400 3 79 -367.0000 190.0000
-3.5418098433e-001 3.4021285226e-001 -7.7991254620e-001
0 0 0
4 0 80 -361.8900 335.3300 1 80 -550.0000 313.0000 2 80 -200.0000 292.0000 3 80 -342.2900 197.1700
-3.5390387317e-001 3.2896912554e-001 -7.7677450638e-001
0 0 0
4 0 81 -366.6200 318.7500 1 81 -538.4000 298.2000 2 81 -216.8700 289.8000 3 81 -328.8000 200.1000
-3.5193750707e-001 3.1675414728e-001 -7.7564138383e-001
0 0 0
4 0 82 -367.0000 298.2000 1 82 -517.9000 278.1000 2 82 -233.9200 283.8500 3 82 -322.6100 198.6100
-3.4862960055e-001 3.0959554685e-001 -7.7673347569e-001
0 0 0
4 0 83 -362.1000 284.2000 1 83 -503.8800 268.1200 2 83 -250.1800 275.1800 3 83 -326.4000 194.9300
-3.4485138941e-001 3.0424062800e-001 -7.7608583556e-001
0 0 0
4 0 84 -354.8200 273.8200 1 84 -490.0000 264.2900 2 84 -264.0000 272.0000 3 84 -331.7700 198.3800
-3.4053010284e-001 2.9821111356e-001 -7.7346800434e-001
0 0 0
4 0 85 -347.8900 265.3300 1 85 -472.1700 261.8300 2 85 -281.5000 273.5000 3 85 -336.2300 205.1500
-3.3636211283e-001 2.9377936765e-001 -7.6993320639e-001
0 0 0
4 0 86 -342.0000 261.0000 1 86 -457.5000 262.5000 2 86 -298.3800 277.3800 3 86 -342.0000 215.8600
-3.3294998873e-001 2.9132033844e-001 -7.6695482974e-001
0 0 0
4 0 87 -335.7800 259.6700 1 87 -445.0000 266.7500 2 87 -309.1200 281.8800 3 87 -346.4400 224.6700
-3.3079456772e-001 2.9009421456e-001 -7.6526605786e-001
0 0 0
4 0 88 -331.5600 259.3300 1 88 -438.5000 269.0000 2 88 -315.8000 284.4000 3 88 -350.2500 230.6700
