# Bundle file v0.3
4 89
7.6800000000e+002 0.0000000000e+000 0.0000000000e+000
1.0000000000e+000 0.0000000000e+000 0.0000000000e+000
0.0000000000e+000 1.0000000000e+000 0.0000000000e+000
0.0000000000e+000 0.0000000000e+000 1.0000000000e+000
-0.0000000000e+000 -0.0000000000e+000 -0.0000000000e+000
7.6800000000e+002 0.0000000000e+000 0.0000000000e+000
3.2972440632e-001 -5.7032961610e-001 7.5233366592e-001
6.0180154088e-001 7.4097812690e-001 2.9797033552e-001
-7.2740409764e-001 3.5450746743e-001 5.8754381476e-001
3.4304224685e-001 5.4805780719e-001 -7.6285952629e-001
0 0 0
0 0 0
0 0 0
0 0 0
0 0 0
0 0 0
0 0 0
0 0 0
0 0 0
0 0 0
-3.3952477101e-001 2.9996682041e-001 -7.6914460436e-001
0 0 0
2 0 0 -339.0000 299.8000 1 0 -462.2900 300.0000
-3.4183532485e-001 2.9236720770e-001 -7.7268727034e-001
0 0 0
2 0 1 -339.7800 290.3300 1 1 -460.0000 292.2900
-3.4678849168e-001 2.8413027832e-001 -7.7827421293e-001
0 0 0
2 0 2 -342.1800 280.8200 1 2 -459.4000 281.2000
-3.5151484274e-001 2.8386674301e-001 -7.8420740516e-001
0 0 0
2 0 3 -344.2500 278.0000 1 3 -464.6700 277.3300
-3.4966341696e-001 2.8592210869e-001 -7.8073317166e-001
0 0 0
2 0 4 -344.0000 280.6900 1 4 -463.8000 281.6000
-3.4881093139e-001 3.0194100182e-001 -7.8290890243e-001
0 0 0
2 0 5 -342.1700 296.1700 1 5 -475.0000 292.7500
-2.8662716559e-001 3.4815532481e-001 -7.9895029100e-001
0 0 0
2 0 6 -275.5000 335.0000 1 6 -470.0000 337.0000
-2.9289072641e-001 3.4714733054e-001 -8.0770154076e-001
0 0 0
2 0 7 -278.5000 330.0000 1 7 -476.5000 331.0000
-2.9750144537e-001 3.4503868513e-001 -8.0734441146e-001
0 0 0
2 0 8 -283.0000 328.2700 1 8 -478.0000 328.2900
-2.9902891621e-001 3.4432465775e-001 -8.0809474405e-001
0 0 0
2 0 9 -284.2000 327.1300 1 9 -478.8300 327.1700
-2.9983835308e-001 3.4385971695e-001 -8.0877129873e-001
0 0 0
2 0 10 -284.7100 326.7100 1 10 -479.2000 326.0000
-2.9949475759e-001 3.4360439516e-001 -8.0871288990e-001
0 0 0
2 0 11 -284.4100 326.4100 1 11 -478.8000 326.0000
-2.9835006122e-001 3.4370724382e-001 -8.0840574851e-001
0 0 0
2 0 12 -283.4300 326.6400 1 12 -478.0000 326.5000
-3.0368559652e-001 3.4477829901e-001 -8.0982276861e-001
0 0 0
2 0 13 -288.0000 327.0000 1 13 -482.8000 325.4000
-3.1850054876e-001 3.4421082705e-001 -8.0678010105e-001
0 0 0
2 0 14 -303.1800 327.8200 1 14 -491.5000 322.5000
-3.3519525393e-001 3.4366579276e-001 -8.0296957063e-001
0 0 0
2 0 15 -320.6200 328.3800 1 15 -501.7100 320.0000
-3.4583200870e-001 3.4091741484e-001 -7.9968039999e-001
0 0 0
2 0 16 -332.1400 327.2900 1 16 -506.2500 316.3800
-3.5245916226e-001 3.3692781960e-001 -7.9910468659e-001
0 0 0
2 0 17 -338.7500 323.6700 1 17 -508.0000 311.7100
-3.5953012948e-001 3.3240799822e-001 -8.0006444615e-001
0 0 0
2 0 18 -345.0800 319.6700 1 18 -510.0000 305.0000
-3.6918177648e-001 3.2467600523e-001 -7.9748995952e-001
0 0 0
2 0 19 -355.5300 312.6700 1 19 -510.7800 297.8900
-3.7852090243e-001 3.1414701030e-001 -7.9805170486e-001
0 0 0
2 0 20 -364.2300 302.8500 1 20 -510.0000 286.0000
-3.8710605584e-001 3.0179822432e-001 -7.9926037970e-001
0 0 0
2 0 21 -372.0000 289.5000 1 21 -508.0000 274.0000
-3.9176631158e-001 2.8812757629e-001 -8.0009499499e-001
0 0 0
2 0 22 -376.0000 277.3100 1 22 -501.3300 260.2500
-3.9148999259e-001 2.7645811069e-001 -8.0023166909e-001
0 0 0
2 0 23 -375.7300 265.2000 1 23 -493.0000 252.0000
-3.8548627715e-001 2.6464338309e-001 -7.9658719566e-001
0 0 0
2 0 24 -371.6200 255.6200 1 24 -478.8300 245.9200
-3.7811969581e-001 2.5078300630e-001 -7.9106377947e-001
0 0 0
2 0 25 -367.0000 244.8800 1 25 -461.7000 239.3000
-3.6942344328e-001 2.3728881447e-001 -7.8721354631e-001
0 0 0
2 0 26 -360.4000 231.6000 1 26 -445.6400 234.9100
-3.5912357635e-001 2.2531388159e-001 -7.7873653367e-001
0 0 0
2 0 27 -354.1500 222.5400 1 27 -427.6200 232.7500
-3.3663558705e-001 2.3713422788e-001 -7.5961618575e-001
0 0 0
2 0 28 -340.4100 238.8800 1 28 -414.5000 258.1200
-3.3709616612e-001 2.4843975144e-001 -7.5518413298e-001
0 0 0
2 0 29 -342.7900 253.0500 1 29 -420.1800 267.1800
-3.3875245081e-001 2.5976573418e-001 -7.5320558010e-001
0 0 0
2 0 30 -345.5000 263.5000 1 30 -428.8000 278.0000
-3.4157492651e-001 2.7145818250e-001 -7.4855488017e-001
0 0 0
2 0 31 -350.4100 279.0600 1 31 -436.2500 286.4200
-3.4400547188e-001 2.8032342733e-001 -7.4631249620e-001
0 0 0
2 0 32 -354.0000 288.5000 1 32 -443.3800 294.2500
-3.4604508209e-001 2.8581916519e-001 -7.4326721351e-001
0 0 0
2 0 33 -357.5600 295.3300 1 33 -447.5000 299.5000
-3.4669673082e-001 2.8774855024e-001 -7.4063139331e-001
0 0 0
2 0 34 -359.5000 298.5000 1 34 -448.2900 302.0000
-3.4420958294e-001 2.8491667224e-001 -7.3442472026e-001
0 0 0
2 0 35 -359.9200 298.3100 1 35 -442.1800 303.1800
-3.4135974410e-001 2.7666673359e-001 -7.2721896862e-001
0 0 0
2 0 36 -360.4700 292.6500 1 36 -431.6700 300.7500
-3.3854323530e-001 2.6467256091e-001 -7.1973349671e-001
0 0 0
2 0 37 -361.2100 282.9500 1 37 -418.5000 295.5000
-3.3558108264e-001 2.4685702079e-001 -7.1417600846e-001
0 0 0
2 0 38 -360.9100 264.9100 1 38 -402.5000 286.0000
-3.2930548201e-001 2.2677134272e-001 -7.0846203660e-001
0 0 0
2 0 39 -356.8100 248.3300 1 39 -381.4600 271.6200
-3.2294467947e-001 2.0017392311e-001 -7.1229977101e-001
0 0 0
2 0 40 -348.1900 215.9500 1 40 -362.6700 254.0800
-3.2015917551e-001 1.8215409252e-001 -7.1755861305e-001
0 0 0
2 0 41 -342.7000 194.4300 1 41 -352.0000 240.0000
-3.5658409061e-001 1.7500510444e-001 -7.3433292755e-001
0 0 0
2 0 42 -373.0000 182.0000 1 42 -376.0000 216.0000
-3.6826317999e-001 1.8947303406e-001 -7.3410700115e-001
0 0 0
2 0 43 -385.3000 197.7000 1 43 -392.4300 222.2900
-3.7697090622e-001 2.0596389606e-001 -7.3600159019e-001
0 0 0
2 0 44 -393.3800 214.6200 1 44 -409.8500 230.7700
-3.8185245232e-001 2.2958562050e-001 -7.3721667944e-001
0 0 0
2 0 45 -397.8000 239.1300 1 45 -429.9100 246.6400
-3.8133503700e-001 2.5154974547e-001 -7.3845010427e-001
0 0 0
2 0 46 -396.5000 263.0000 1 46 -445.1500 262.2300
-3.7711186403e-001 2.7142514421e-001 -7.3958463720e-001
0 0 0
2 0 47 -391.6100 281.7200 1 47 -457.5000 280.5000
-3.7012811564e-001 2.8898234489e-001 -7.4057898322e-001
0 0 0
2 0 48 -383.8600 299.2900 1 48 -465.7500 296.6700
-3.6471052908e-001 3.0189242211e-001 -7.4355490000e-001
0 0 0
2 0 49 -376.7300 311.4000 1 49 -472.3800 307.3800
-3.5872097330e-001 3.1482332397e-001 -7.4953602405e-001
0 0 0
2 0 50 -367.5900 322.1200 1 50 -479.6700 316.7500
-3.4940538817e-001 3.2499389416e-001 -7.5477228305e-001
0 0 0
2 0 51 -355.5600 330.2500 1 51 -482.2000 325.0000
-3.3628103964e-001 3.3444909523e-001 -7.6168050317e-001
0 0 0
2 0 52 -339.0600 337.3800 1 52 -481.8800 332.1200
-3.2127301135e-001 3.4146876444e-001 -7.6745776895e-001
0 0 0
2 0 53 -321.5000 341.7100 1 53 -478.3300 338.8900
-3.0957129447e-001 3.4514232554e-001 -7.7225988175e-001
0 0 0
2 0 54 -307.8600 343.2900 1 54 -474.4300 342.2900
-3.0098498489e-001 3.4650574390e-001 -7.7919953376e-001
0 0 0
2 0 55 -296.6400 341.7900 1 55 -471.8300 341.8300
-2.9351041813e-001 3.4553086192e-001 -7.8947565693e-001
0 0 0
2 0 56 -285.5000 336.5000 1 56 -469.6000 337.8000
-2.8503862536e-001 3.4120694669e-001 -7.9972001736e-001
0 0 0
2 0 57 -273.7700 327.1500 1 57 -464.8000 332.6000
-2.8101187047e-001 3.3620862133e-001 -8.0823371888e-001
0 0 0
2 0 58 -267.0000 319.8000 1 58 -461.5000 325.0000
-2.8339688037e-001 3.3171615121e-001 -8.1526804304e-001
0 0 0
2 0 59 -267.0000 312.0000 1 59 -462.6700 318.6700
-2.9748320387e-001 3.2873795054e-001 -8.2190262946e-001
0 0 0
2 0 60 -278.0000 306.8000 1 60 -472.0000 309.7500
-3.1178666085e-001 3.2672516635e-001 -8.2746519754e-001
0 0 0
2 0 61 -289.3800 303.2500 1 61 -481.8000 301.6000
-3.2575223045e-001 3.2449402675e-001 -8.2840903812e-001
0 0 0
2 0 62 -302.0000 300.8000 1 62 -490.0000 295.7500
-3.3664916363e-001 3.2253424761e-001 -8.2340264409e-001
0 0 0
2 0 63 -314.0000 300.8000 1 63 -494.5000 293.5000
-3.4189714187e-001 3.2272255995e-001 -8.1572049418e-001
0 0 0
2 0 64 -321.9100 303.6400 1 64 -495.8300 295.8300
-3.3976699337e-001 3.2814536810e-001 -8.0598908676e-001
0 0 0
2 0 65 -323.7300 313.0000 1 65 -494.8000 304.6000
-3.2900489158e-001 3.3618463060e-001 -7.9653957436e-001
0 0 0
2 0 66 -317.2500 323.6700 1 66 -490.0000 319.0000
-3.1543458483e-001 3.4349864216e-001 -7.9171727775e-001
0 0 0
2 0 67 -306.0000 333.0000 1 67 -484.0000 330.2900
-3.0391240022e-001 3.5077274991e-001 -7.9389752086e-001
0 0 0
2 0 68 -294.0000 339.3100 1 68 -481.8000 337.6000
-2.9794369962e-001 3.5576812222e-001 -7.9879806300e-001
0 0 0
2 0 69 -286.4600 342.0000 1 69 -482.8000 340.6000
-2.9351040179e-001 3.6097005855e-001 -8.0690478364e-001
0 0 0
2 0 70 -279.3600 343.5500 1 70 -486.0000 341.7500
-2.9159802217e-001 3.6526692237e-001 -8.1232714453e-001
0 0 0
2 0 71 -275.6700 345.5600 1 71 -489.3300 342.6700
-2.9223750358e-001 3.6960072792e-001 -8.1613964637e-001
0 0 0
2 0 72 -275.0000 347.8000 1 72 -494.0000 344.2500
-2.9564493763e-001 3.7596133217e-001 -8.2190354154e-001
0 0 0
2 0 73 -276.2500 351.3800 1 73 -502.5000 345.5000
-3.0574954653e-001 3.8234586912e-001 -8.2395234455e-001
0 0 0
2 0 74 -285.0000 356.2000 1 74 -514.6700 347.3300
-3.1949197056e-001 3.8723112472e-001 -8.2400401729e-001
0 0 0
2 0 75 -297.8000 360.6000 1 75 -528.0000 348.0000
-3.3348549634e-001 3.8920747015e-001 -8.2479270631e-001
0 0 0
2 0 76 -310.5600 361.8900 1 76 -540.0000 346.0000
-3.4998258481e-001 3.8738056927e-001 -8.2421278210e-001
0 0 0
2 0 77 -326.1700 360.1700 1 77 -551.0000 341.0000
-3.6289877232e-001 3.8240881151e-001 -8.2259197944e-001
0 0 0
2 0 78 -338.8800 356.1200 1 78 -556.8000 334.6000
-3.7342955092e-001 3.7204094969e-001 -8.1912219111e-001
0 0 0
2 0 79 -350.1700 348.1700 1 79 -556.1200 324.8800
-3.8300526385e-001 3.5628842230e-001 -8.1300752221e-001
0 0 0
2 0 80 -361.8900 335.3300 1 80 -550.0000 313.0000
-3.8687072901e-001 3.3783785411e-001 -8.1062738517e-001
0 0 0
2 0 81 -366.6200 318.7500 1 81 -538.4000 298.2000
-3.8608128560e-001 3.1297391808e-001 -8.0782959505e-001
0 0 0
2 0 82 -367.0000 298.2000 1 82 -517.9000 278.1000
-3.8114288772e-001 2.9848668594e-001 -8.0829744908e-001
0 0 0
2 0 83 -362.1000 284.2000 1 83 -503.8800 268.1200
-3.7263232688e-001 2.8795544749e-001 -8.0660947894e-001
0 0 0
2 0 84 -354.8200 273.8200 1 84 -490.0000 264.2900
-3.6213397173e-001 2.7645153957e-001 -7.9948198489e-001
0 0 0
2 0 85 -347.8900 265.3300 1 85 -472.1700 261.8300
-3.5240668259e-001 2.6894603808e-001 -7.9136999073e-001
0 0 0
2 0 86 -342.0000 261.0000 1 86 -457.5000 262.5000
-3.4216437404e-001 2.6494659991e-001 -7.8265284915e-001
0 0 0
2 0 87 -335.7800 259.6700 1 87 -445.0000 266.7500
-3.3615939457e-001 2.6324128167e-001 -7.7870089970e-001
0 0 0
2 0 88 -331.5600 259.3300 1 88 -438.5000 269.0000
