# Bundle file v0.3
4 89
7.1699548073e+002 -9.3300642243e-002 -9.5325917326e-002
9.9705951720e-001 6.2157652007e-002 -4.4819030183e-002
-6.1534839847e-002 9.9799001468e-001 1.5145761255e-002
4.5670369547e-002 -1.2343293560e-002 9.9888030336e-001
-7.2613752569e-002 7.5833010454e-003 7.9354927942e-002
7.4084368395e+002 -3.7935739794e-002 -2.7023997611e-002
2.4268919238e-001 -5.5122555868e-001 7.9828086496e-001
6.2061131415e-001 7.2068106976e-001 3.0896665262e-001
-7.4561622343e-001 4.2043926927e-001 5.1699832515e-001
3.0810417595e-001 5.9114780246e-001 -8.3874766235e-001
0 0 0
0 0 0
0 0 0
0 0 0
0 0 0
0 0 0
0 0 0
0 0 0
0 0 0
0 0 0
-3.3841525104e-001 2.9937599644e-001 -7.6941476562e-001
0 0 0
2 0 0 -339.0000 299.8000 1 0 -462.2900 300.0000
-3.4018987385e-001 2.9103782325e-001 -7.7375391858e-001
0 0 0
2 0 1 -339.7800 290.3300 1 1 -460.0000 292.2900
-3.4502041631e-001 2.8204232148e-001 -7.8004168510e-001
0 0 0
2 0 2 -342.1800 280.8200 1 2 -459.4000 281.2000
-3.5050968910e-001 2.8171480308e-001 -7.8580501374e-001
0 0 0
2 0 3 -344.2500 278.0000 1 3 -464.6700 277.3300
-3.4859131725e-001 2.8400519840e-001 -7.8219352695e-001
0 0 0
2 0 4 -344.0000 280.6900 1 4 -463.8000 281.6000
-3.4945428284e-001 3.0136536580e-001 -7.8256575243e-001
0 0 0
2 0 5 -342.1700 296.1700 1 5 -475.0000 292.7500
-2.8286135258e-001 3.4901213090e-001 -7.9494877577e-001
0 0 0
2 0 6 -275.5000 335.0000 1 6 -470.0000 337.0000
-2.8991302923e-001 3.4783254400e-001 -8.0368255445e-001
0 0 0
2 0 7 -278.5000 330.0000 1 7 -476.5000 331.0000
-2.9492204944e-001 3.4572536992e-001 -8.0353193848e-001
0 0 0
2 0 8 -283.0000 328.2700 1 8 -478.0000 328.2900
-2.9658489287e-001 3.4497743424e-001 -8.0434202912e-001
0 0 0
2 0 9 -284.2000 327.1300 1 9 -478.8300 327.1700
-2.9745686114e-001 3.4447343310e-001 -8.0504447399e-001
0 0 0
2 0 10 -284.7100 326.7100 1 10 -479.2000 326.0000
-2.9703394813e-001 3.4418172271e-001 -8.0501685266e-001
0 0 0
2 0 11 -284.4100 326.4100 1 11 -478.8000 326.0000
-2.9573750696e-001 3.4425871632e-001 -8.0470826774e-001
0 0 0
2 0 12 -283.4300 326.6400 1 12 -478.0000 326.5000
-3.0197017830e-001 3.4560158606e-001 -8.0596367174e-001
0 0 0
2 0 13 -288.0000 327.0000 1 13 -482.8000 325.4000
-3.1896930974e-001 3.4570282419e-001 -8.0274839991e-001
0 0 0
2 0 14 -303.1800 327.8200 1 14 -491.5000 322.5000
-3.3839730819e-001 3.4592394924e-001 -7.9837553493e-001
0 0 0
2 0 15 -320.6200 328.3800 1 15 -501.7100 320.0000
-3.5061986669e-001 3.4343134179e-001 -7.9480444037e-001
0 0 0
2 0 16 -332.1400 327.2900 1 16 -506.2500 316.3800
-3.5795348016e-001 3.3929928093e-001 -7.9430223037e-001
0 0 0
2 0 17 -338.7500 323.6700 1 17 -508.0000 311.7100
-3.6572860091e-001 3.3452926553e-001 -7.9537521436e-001
0 0 0
2 0 18 -345.0800 319.6700 1 18 -510.0000 305.0000
-3.7630970505e-001 3.2645229203e-001 -7.9298669798e-001
0 0 0
2 0 19 -355.5300 312.6700 1 19 -510.7800 297.8900
-3.8611256089e-001 3.1516514884e-001 -7.9416497188e-001
0 0 0
2 0 20 -364.2300 302.8500 1 20 -510.0000 286.0000
-3.9483470064e-001 3.0186961347e-001 -7.9623605658e-001
0 0 0
2 0 21 -372.0000 289.5000 1 21 -508.0000 274.0000
-3.9872530654e-001 2.8704093968e-001 -7.9846985133e-001
0 0 0
2 0 22 -376.0000 277.3100 1 22 -501.3300 260.2500
-3.9699955137e-001 2.7433007702e-001 -8.0012430767e-001
0 0 0
2 0 23 -375.7300 265.2000 1 23 -493.0000 252.0000
-3.8854395517e-001 2.6144337431e-001 -7.9835583843e-001
0 0 0
2 0 24 -371.6200 255.6200 1 24 -478.8300 245.9200
-3.7836802392e-001 2.4639711765e-001 -7.9484050105e-001
0 0 0
2 0 25 -367.0000 244.8800 1 25 -461.7000 239.3000
-3.6670236593e-001 2.3171150954e-001 -7.9287393393e-001
0 0 0
2 0 26 -360.4000 231.6000 1 26 -445.6400 234.9100
-3.5342616280e-001 2.1878372675e-001 -7.8596847051e-001
0 0 0
2 0 27 -354.1500 222.5400 1 27 -427.6200 232.7500
-3.2810750683e-001 2.3142738336e-001 -7.6649271252e-001
0 0 0
2 0 28 -340.4100 238.8800 1 28 -414.5000 258.1200
-3.2979617453e-001 2.4376183190e-001 -7.6099499664e-001
0 0 0
2 0 29 -342.7900 253.0500 1 29 -420.1800 267.1800
-3.3294782818e-001 2.5612092794e-001 -7.5791425707e-001
0 0 0
2 0 30 -345.5000 263.5000 1 30 -428.8000 278.0000
-3.3765031522e-001 2.6905120664e-001 -7.5184554753e-001
0 0 0
2 0 31 -350.4100 279.0600 1 31 -436.2500 286.4200
-3.4163887327e-001 2.7886965303e-001 -7.4844550354e-001
0 0 0
2 0 32 -354.0000 288.5000 1 32 -443.3800 294.2500
-3.4482435231e-001 2.8505175833e-001 -7.4455172242e-001
0 0 0
2 0 33 -357.5600 295.3300 1 33 -447.5000 299.5000
-3.4591188371e-001 2.8728127039e-001 -7.4156934783e-001
0 0 0
2 0 34 -359.5000 298.5000 1 34 -448.2900 302.0000
-3.4268791682e-001 2.8432165373e-001 -7.3576053387e-001
0 0 0
2 0 35 -359.9200 298.3100 1 35 -442.1800 303.1800
-3.3834340837e-001 2.7545448070e-001 -7.2962622391e-001
0 0 0
2 0 36 -360.4700 292.6500 1 36 -431.6700 300.7500
-3.3357548047e-001 2.6251270446e-001 -7.2360821786e-001
0 0 0
2 0 37 -361.2100 282.9500 1 37 -418.5000 295.5000
-3.2794312068e-001 2.4318567718e-001 -7.2012631539e-001
0 0 0
2 0 38 -360.9100 264.9100 1 38 -402.5000 286.0000
-3.1822497253e-001 2.2138327403e-001 -7.1647307839e-001
0 0 0
2 0 39 -356.8100 248.3300 1 39 -381.4600 271.6200
-3.0802099387e-001 1.9243903726e-001 -7.2273183577e-001
0 0 0
2 0 40 -348.1900 215.9500 1 40 -362.6700 254.0800
-3.0319205660e-001 1.7295694069e-001 -7.2930853750e-001
0 0 0
2 0 41 -342.7000 194.4300 1 41 -352.0000 240.0000
-3.4564610537e-001 1.6559465249e-001 -7.4632672142e-001
0 0 0
2 0 42 -373.0000 182.0000 1 42 -376.0000 216.0000
-3.6093770378e-001 1.8138714592e-001 -7.4439647964e-001
0 0 0
2 0 43 -385.3000 197.7000 1 43 -392.4300 222.2900
-3.7307177714e-001 1.9933663188e-001 -7.4417282145e-001
0 0 0
2 0 44 -393.3800 214.6200 1 44 -409.8500 230.7700
-3.8156160955e-001 2.2502143965e-001 -7.4238173966e-001
0 0 0
2 0 45 -397.8000 239.1300 1 45 -429.9100 246.6400
-3.8349990829e-001 2.4885255015e-001 -7.4095090312e-001
0 0 0
2 0 46 -396.5000 263.0000 1 46 -445.1500 262.2300
-3.8082872843e-001 2.7040845754e-001 -7.3986800036e-001
0 0 0
2 0 47 -391.6100 281.7200 1 47 -457.5000 280.5000
-3.7459676997e-001 2.8940533895e-001 -7.3914205253e-001
0 0 0
2 0 48 -383.8600 299.2900 1 48 -465.7500 296.6700
-3.6965233597e-001 3.0331110376e-001 -7.4091618322e-001
0 0 0
2 0 49 -376.7300 311.4000 1 49 -472.3800 307.3800
-3.6395424150e-001 3.1712382955e-001 -7.4583678468e-001
0 0 0
2 0 50 -367.5900 322.1200 1 50 -479.6700 316.7500
-3.5391883808e-001 3.2781405866e-001 -7.5068030679e-001
0 0 0
2 0 51 -355.5600 330.2500 1 51 -482.2000 325.0000
-3.3926677354e-001 3.3748194790e-001 -7.5754792381e-001
0 0 0
2 0 52 -339.0600 337.3800 1 52 -481.8800 332.1200
-3.2230729432e-001 3.4441045864e-001 -7.6343323404e-001
0 0 0
2 0 53 -321.5000 341.7100 1 53 -478.3300 338.8900
-3.0900223712e-001 3.4778101139e-001 -7.6834150719e-001
0 0 0
2 0 54 -307.8600 343.2900 1 54 -474.4300 342.2900
-2.9913827890e-001 3.4862267062e-001 -7.7539388295e-001
0 0 0
2 0 55 -296.6400 341.7900 1 55 -471.8300 341.8300
-2.9038113951e-001 3.4680072301e-001 -7.8584148999e-001
0 0 0
2 0 56 -285.5000 336.5000 1 56 -469.6000 337.8000
-2.8024598435e-001 3.4129554900e-001 -7.9641726334e-001
0 0 0
2 0 57 -273.7700 327.1500 1 57 -464.8000 332.6000
-2.7520654862e-001 3.3534566987e-001 -8.0513582051e-001
0 0 0
2 0 58 -267.0000 319.8000 1 58 -461.5000 325.0000
-2.7748381947e-001 3.3030136362e-001 -8.1246806773e-001
0 0 0
2 0 59 -267.0000 312.0000 1 59 -462.6700 318.6700
-2.9315047005e-001 3.2738514256e-001 -8.1938901864e-001
0 0 0
2 0 60 -278.0000 306.8000 1 60 -472.0000 309.7500
-3.0923828012e-001 3.2555003603e-001 -8.2505601002e-001
0 0 0
2 0 61 -289.3800 303.2500 1 61 -481.8000 301.6000
-3.2498172386e-001 3.2360753375e-001 -8.2609860796e-001
0 0 0
2 0 62 -302.0000 300.8000 1 62 -490.0000 295.7500
-3.3733413824e-001 3.2203727207e-001 -8.2114165978e-001
0 0 0
2 0 63 -314.0000 300.8000 1 63 -494.5000 293.5000
-3.4349257332e-001 3.2269748308e-001 -8.1332924475e-001
0 0 0
2 0 64 -321.9100 303.6400 1 64 -495.8300 295.8300
-3.4174407317e-001 3.2890409519e-001 -8.0307376593e-001
0 0 0
2 0 65 -323.7300 313.0000 1 65 -494.8000 304.6000
-3.3026785760e-001 3.3769101463e-001 -7.9310706367e-001
0 0 0
2 0 66 -317.2500 323.6700 1 66 -490.0000 319.0000
-3.1542768072e-001 3.4539613578e-001 -7.8788814761e-001
0 0 0
2 0 67 -306.0000 333.0000 1 67 -484.0000 330.2900
-3.0299387622e-001 3.5284850727e-001 -7.8951378383e-001
0 0 0
2 0 68 -294.0000 339.3100 1 68 -481.8000 337.6000
-2.9673446265e-001 3.5790276236e-001 -7.9392948942e-001
0 0 0
2 0 69 -286.4600 342.0000 1 69 -482.8000 340.6000
-2.9229076850e-001 3.6311401794e-001 -8.0144568243e-001
0 0 0
2 0 70 -279.3600 343.5500 1 70 -486.0000 341.7500
-2.9063729446e-001 3.6754766544e-001 -8.0635495970e-001
0 0 0
2 0 71 -275.6700 345.5600 1 71 -489.3300 342.6700
-2.9190752874e-001 3.7221256300e-001 -8.0965767937e-001
0 0 0
2 0 72 -275.0000 347.8000 1 72 -494.0000 344.2500
-2.9659601985e-001 3.7917501490e-001 -8.1463561314e-001
0 0 0
2 0 73 -276.2500 351.3800 1 73 -502.5000 345.5000
-3.0902492710e-001 3.8666921648e-001 -8.1576547302e-001
0 0 0
2 0 74 -285.0000 356.2000 1 74 -514.6700 347.3300
-3.2562956954e-001 3.9278610894e-001 -8.1475015206e-001
0 0 0
2 0 75 -297.8000 360.6000 1 75 -528.0000 348.0000
-3.4230417130e-001 3.9563564765e-001 -8.1455032604e-001
0 0 0
2 0 76 -310.5600 361.8900 1 76 -540.0000 346.0000
-3.6160615241e-001 3.9437190200e-001 -8.1300989525e-001
0 0 0
2 0 77 -326.1700 360.1700 1 77 -551.0000 341.0000
-3.7636423115e-001 3.8941651199e-001 -8.1088813393e-001
0 0 0
2 0 78 -338.8800 356.1200 1 78 -556.8000 334.6000
-3.8757160095e-001 3.7834794395e-001 -8.0780037142e-001
0 0 0
2 0 79 -350.1700 348.1700 1 79 -556.1200 324.8800
-3.9702316004e-001 3.6135455666e-001 -8.0276468188e-001
0 0 0
2 0 80 -361.8900 335.3300 1 80 -550.0000 313.0000
-3.9906241003e-001 3.4110019250e-001 -8.0273495823e-001
0 0 0
2 0 81 -366.6200 318.7500 1 81 -538.4000 298.2000
-3.9476632808e-001 3.1378104284e-001 -8.0362124421e-001
0 0 0
2 0 82 -367.0000 298.2000 1 82 -517.9000 278.1000
-3.8701565476e-001 2.9776977612e-001 -8.0644988245e-001
0 0 0
2 0 83 -362.1000 284.2000 1 83 -503.8800 268.1200
-3.7567766898e-001 2.8609966391e-001 -8.0664360948e-001
0 0 0
2 0 84 -354.8200 273.8200 1 84 -490.0000 264.2900
-3.6207188377e-001 2.7351525972e-001 -8.0138368050e-001
0 0 0
2 0 85 -347.8900 265.3300 1 85 -472.1700 261.8300
-3.4988366809e-001 2.6534330235e-001 -7.9449395233e-001
0 0 0
2 0 86 -342.0000 261.0000 1 86 -457.5000 262.5000
-3.3748536348e-001 2.6097370790e-001 -7.8656309492e-001
0 0 0
2 0 87 -335.7800 259.6700 1 87 -445.0000 266.7500
-3.3029866089e-001 2.5906997364e-001 -7.8294604443e-001
0 0 0
2 0 88 -331.5600 259.3300 1 88 -438.5000 269.0000
