# Bundle file v0.3
4 55
7.6784504703e+002 4.7843247972e-005 4.2974908207e-006
9.9999608767e-001 -2.7617971845e-003 4.4398082482e-004
2.7618882060e-003 9.9999616506e-001 -2.0453002979e-004
-4.4341425172e-004 2.0575545500e-004 9.9999988052e-001
2.2891739991e-004 1.5110448514e-004 3.8258097664e-004
7.6778214466e+002 -3.1423239164e-005 -2.5084139646e-006
4.0602431079e-001 -3.7741037569e-001 -8.3228941323e-001
4.0132587511e-001 8.9185619149e-001 -2.0863862460e-001
8.2102484799e-001 -2.4930692335e-001 5.1357984477e-001
-8.7787487426e-001 -1.8935880359e-001 -4.4049090627e-001
0 0 0
0 0 0
0 0 0
0 0 0
0 0 0
0 0 0
0 0 0
0 0 0
0 0 0
0 0 0
-2.1042375792e-001 -1.1854565802e-001 -9.6183633606e-001
0 0 0
2 0 0 -167.8200 -94.2400 1 0 -84.0000 -128.1400
-1.8414260261e-001 -1.2712751346e-001 -9.4761414766e-001
0 0 0
2 0 1 -149.1600 -103.2400 1 1 -85.0800 -131.2000
-1.6490969273e-001 -1.3014951382e-001 -9.3372332121e-001
0 0 0
2 0 2 -135.5300 -107.1600 1 2 -89.0000 -132.7100
-1.4873382826e-001 -1.2869847630e-001 -9.2005309514e-001
0 0 0
2 0 3 -124.0500 -107.5700 1 3 -94.8800 -131.5000
-1.3122701837e-001 -1.2062165012e-001 -9.0527291367e-001
0 0 0
2 0 4 -111.2300 -102.4200 1 4 -103.2400 -125.4800
-1.1803359528e-001 -1.0614579207e-001 -8.9574160959e-001
0 0 0
2 0 5 -101.1500 -91.1500 1 5 -110.9000 -114.1300
-1.1260644141e-001 -8.4322327613e-002 -8.8746532567e-001
0 0 0
2 0 6 -97.4500 -73.1100 1 6 -121.5300 -98.7000
-1.0878846333e-001 -6.4140716080e-002 -8.8451670874e-001
0 0 0
2 0 7 -94.5200 -55.8600 1 7 -128.2500 -83.6100
-1.0541649050e-001 -4.0868905239e-002 -8.8849821042e-001
0 0 0
2 0 8 -91.2300 -35.4400 1 8 -130.8100 -65.1200
-1.0557881568e-001 -2.4542625911e-002 -8.9577242755e-001
0 0 0
2 0 9 -90.8200 -21.6500 1 9 -130.0000 -51.5000
-1.0782132612e-001 -1.5615308619e-002 -9.0233461114e-001
0 0 0
2 0 10 -91.9000 -13.2500 1 10 -127.9600 -45.2900
-1.1214823863e-001 -2.1707248590e-002 -9.1385483745e-001
0 0 0
2 0 11 -94.3500 -18.1500 1 11 -119.1200 -48.6700
-1.1644806350e-001 -3.7658916650e-002 -9.2204776609e-001
0 0 0
2 0 12 -97.0500 -31.2500 1 12 -110.1500 -59.4600
-1.1879331573e-001 -6.0246476235e-002 -9.2821119907e-001
0 0 0
2 0 13 -98.2900 -49.7100 1 13 -100.4500 -74.7300
-1.1594443257e-001 -7.5180945198e-002 -9.3105859284e-001
0 0 0
2 0 14 -95.6400 -62.0000 1 14 -93.8700 -83.8700
-1.0904878577e-001 -8.7582679799e-002 -9.3403536718e-001
0 0 0
2 0 15 -89.6400 -72.0000 1 15 -86.8200 -90.4300
-9.9686729205e-002 -9.2381835332e-002 -9.3962327839e-001
0 0 0
2 0 16 -81.4200 -75.3800 1 16 -79.3100 -90.5800
-8.6514985430e-002 -9.2162349016e-002 -9.4946265836e-001
0 0 0
2 0 17 -69.9200 -74.3800 1 17 -69.1900 -85.1900
-7.2028069150e-002 -8.8302218226e-002 -9.5906967419e-001
0 0 0
2 0 18 -57.6300 -70.5200 1 18 -59.7900 -76.7900
-6.1397892824e-002 -8.4324343141e-002 -9.6385060436e-001
0 0 0
2 0 19 -48.9100 -67.0800 1 19 -54.7300 -70.0900
-4.9659650685e-002 -7.8409604456e-002 -9.6549288783e-001
0 0 0
2 0 20 -39.4700 -62.1200 1 20 -52.0000 -62.4600
-4.0248700679e-002 -7.2776779935e-002 -9.6498268900e-001
0 0 0
2 0 21 -32.0200 -57.6800 1 21 -51.3400 -55.8400
-3.3728190633e-002 -6.5755493278e-002 -9.5943135359e-001
0 0 0
2 0 22 -27.1500 -52.9100 1 22 -55.5500 -49.4100
-3.0845552330e-002 -5.8521720759e-002 -9.5039814974e-001
0 0 0
2 0 23 -24.9300 -47.0000 1 23 -63.1700 -45.5700
-3.2051528647e-002 -4.9864197223e-002 -9.3570058617e-001
0 0 0
2 0 24 -26.3000 -40.5500 1 24 -76.5800 -42.4500
-3.6810943195e-002 -4.1975279035e-002 -9.1770783960e-001
0 0 0
2 0 25 -30.9200 -35.1200 1 25 -93.3200 -41.1000
-4.6150944024e-002 -3.3991875735e-002 -9.0436921119e-001
0 0 0
2 0 26 -39.2600 -28.6700 1 26 -107.7100 -40.7100
-5.5790649108e-002 -3.0439774014e-002 -8.9122507484e-001
0 0 0
2 0 27 -48.0800 -25.8200 1 27 -120.7000 -43.7000
-7.1207873223e-002 -3.2764521523e-002 -8.8341608258e-001
0 0 0
2 0 28 -61.9500 -28.2600 1 28 -129.3600 -51.2100
-8.8832680946e-002 -3.9927815402e-002 -8.7296802707e-001
0 0 0
2 0 29 -78.2200 -35.0800 1 29 -139.0000 -63.2900
-1.0223999149e-001 -4.9561482618e-002 -8.6356445915e-001
0 0 0
2 0 30 -90.9700 -44.0600 1 30 -146.1900 -75.8500
-1.1686798896e-001 -7.0410843666e-002 -8.5277994473e-001
0 0 0
2 0 31 -105.2300 -63.3900 1 31 -151.6400 -97.2400
-1.2671869267e-001 -9.0171257665e-002 -8.4485905183e-001
0 0 0
2 0 32 -115.1200 -81.9700 1 32 -154.3000 -116.0000
-1.3338140214e-001 -1.1308710065e-001 -8.4273495653e-001
0 0 0
2 0 33 -121.4700 -103.2800 1 33 -151.1900 -134.8800
-1.3769678298e-001 -1.2906227280e-001 -8.4690523586e-001
0 0 0
2 0 34 -124.5800 -116.4900 1 34 -144.5800 -147.6700
-1.4509336017e-001 -1.4021432654e-001 -8.5801720682e-001
0 0 0
2 0 35 -129.6800 -125.5200 1 35 -135.0000 -154.1000
-1.5835708591e-001 -1.4382629311e-001 -8.7021484346e-001
0 0 0
2 0 36 -139.6100 -127.1900 1 36 -128.0000 -156.0000
-1.6983949899e-001 -1.3637469932e-001 -8.7701962300e-001
0 0 0
2 0 37 -148.6100 -119.7200 1 37 -127.5000 -151.0000
-1.7059293312e-001 -1.2383202223e-001 -8.8162578643e-001
0 0 0
2 0 38 -148.7200 -109.0800 1 38 -127.7900 -139.9500
-1.6524323776e-001 -1.0959332393e-001 -8.8283412612e-001
0 0 0
2 0 39 -143.7700 -95.9200 1 39 -129.4100 -129.1200
-1.5092964772e-001 -9.0282656397e-002 -8.7899637169e-001
0 0 0
2 0 40 -131.5400 -77.7700 1 40 -133.8900 -115.0600
-1.3480677480e-001 -6.6236234993e-002 -8.7094654856e-001
0 0 0
2 0 41 -118.9700 -58.7900 1 41 -142.9400 -94.0900
-1.2305248061e-001 -4.6040313836e-002 -8.6513039186e-001
0 0 0
2 0 42 -109.0300 -39.9400 1 42 -149.8500 -79.3500
-1.1644873476e-001 -2.9260728164e-002 -8.5882886115e-001
0 0 0
2 0 43 -104.2600 -26.2800 1 43 -157.8100 -65.5800
-1.1368512755e-001 -1.4911630680e-002 -8.5003971557e-001
0 0 0
2 0 44 -102.8300 -13.4300 1 44 -167.5200 -56.3800
-1.1024726217e-001 -6.2409323445e-003 -8.4033516576e-001
0 0 0
2 0 45 -101.0000 -6.0000 1 45 -176.5400 -50.6400
-1.0800204753e-001 -7.1616136720e-003 -8.3358548251e-001
0 0 0
2 0 46 -99.6600 -6.6200 1 46 -181.0000 -52.3200
-1.0274765756e-001 -2.5392152152e-002 -8.3502700264e-001
0 0 0
2 0 47 -94.5900 -23.3100 1 47 -174.2600 -64.0600
-9.9660172850e-002 -4.8776791263e-002 -8.4302576427e-001
0 0 0
2 0 48 -90.8200 -44.3800 1 48 -161.4200 -78.9700
-1.0129430933e-001 -7.1536792398e-002 -8.5458483582e-001
0 0 0
2 0 49 -91.0000 -64.2100 1 49 -146.8800 -93.9400
-1.0713672749e-001 -9.1304513221e-002 -8.7338791372e-001
0 0 0
2 0 50 -94.1400 -80.2300 1 50 -128.7300 -105.9100
-1.1938675027e-001 -9.8830140383e-002 -8.9020538688e-001
0 0 0
2 0 51 -102.9200 -85.2300 1 51 -117.1200 -110.5000
-1.2905481673e-001 -9.9943790670e-002 -9.0711114581e-001
0 0 0
2 0 52 -109.2400 -84.8000 1 52 -107.0000 -109.5000
-1.4096307190e-001 -9.5021026093e-002 -9.2511108039e-001
0 0 0
2 0 53 -117.0000 -79.0000 1 53 -98.5200 -104.8300
-1.4797676529e-001 -8.6177670776e-002 -9.3911368340e-001
0 0 0
2 0 54 -121.0800 -70.8500 1 54 -93.0000 -97.0000
