# Bundle file v0.3
4 55
7.6800000000e+002 0.0000000000e+000 0.0000000000e+000
1.0000000000e+000 0.0000000000e+000 0.0000000000e+000
0.0000000000e+000 1.0000000000e+000 0.0000000000e+000
0.0000000000e+000 0.0000000000e+000 1.0000000000e+000
-0.0000000000e+000 -0.0000000000e+000 -0.0000000000e+000
7.6800000000e+002 0.0000000000e+000 0.0000000000e+000
4.0558783460e-001 -3.7840994089e-001 -8.3204833097e-001
4.0290589980e-001 8.9109099383e-001 -2.0886281769e-001
8.2046654065e-001 -2.5052496351e-001 5.1387926435e-001
-8.7771117326e-001 -1.8942156856e-001 -4.4016197666e-001
0 0 0
0 0 0
0 0 0
0 0 0
0 0 0
0 0 0
0 0 0
0 0 0
0 0 0
0 0 0
-2.1028481063e-001 -1.1860527712e-001 -9.6171691041e-001
0 0 0
2 0 0 -167.8200 -94.2400 1 0 -84.0000 -128.1400
-1.8397341310e-001 -1.2716445861e-001 -9.4748135766e-001
0 0 0
2 0 1 -149.1600 -103.2400 1 1 -85.0800 -131.2000
-1.6473135875e-001 -1.3017160228e-001 -9.3359163729e-001
0 0 0
2 0 2 -135.5300 -107.1600 1 2 -89.0000 -132.7100
-1.4855905515e-001 -1.2870951065e-001 -9.1993239425e-001
0 0 0
2 0 3 -124.0500 -107.5700 1 3 -94.8800 -131.5000
-1.3107635847e-001 -1.2062172778e-001 -9.0517846923e-001
0 0 0
2 0 4 -111.2300 -102.4200 1 4 -103.2400 -125.4800
-1.1792629276e-001 -1.0613718123e-001 -8.9568366026e-001
0 0 0
2 0 5 -101.1500 -91.1500 1 5 -110.9000 -114.1300
-1.1256285140e-001 -8.4307562089e-002 -8.8745719486e-001
0 0 0
2 0 6 -97.4500 -73.1100 1 6 -121.5300 -98.7000
-1.0880458814e-001 -6.4117575173e-002 -8.8455209645e-001
0 0 0
2 0 7 -94.5200 -55.8600 1 7 -128.2500 -83.6100
-1.0550413437e-001 -4.0832622243e-002 -8.8858278532e-001
0 0 0
2 0 8 -91.2300 -35.4400 1 8 -130.8100 -65.1200
-1.0571503376e-001 -2.4497013888e-002 -8.9589117003e-001
0 0 0
2 0 9 -90.8200 -21.6500 1 9 -130.0000 -51.5000
-1.0798971939e-001 -1.5564601474e-002 -9.0247436237e-001
0 0 0
2 0 10 -91.9000 -13.2500 1 10 -127.9600 -45.2900
-1.1230341708e-001 -2.1663476589e-002 -9.1398235871e-001
0 0 0
2 0 11 -94.3500 -18.1500 1 11 -119.1200 -48.6700
-1.1655900094e-001 -3.7627593043e-002 -9.2213962761e-001
0 0 0
2 0 12 -97.0500 -31.2500 1 12 -110.1500 -59.4600
-1.1883906891e-001 -6.0226888502e-002 -9.2825092805e-001
0 0 0
2 0 13 -98.2900 -49.7100 1 13 -100.4500 -74.7300
-1.1594648409e-001 -7.5163969674e-002 -9.3106336628e-001
0 0 0
2 0 14 -95.6400 -62.0000 1 14 -93.8700 -83.8700
-1.0901663787e-001 -8.7563565154e-002 -9.3401136165e-001
0 0 0
2 0 15 -89.6400 -72.0000 1 15 -86.8200 -90.4300
-9.9646117350e-002 -9.2357178337e-002 -9.3958829441e-001
0 0 0
2 0 16 -81.4200 -75.3800 1 16 -79.3100 -90.5800
-8.6484272178e-002 -9.2129485949e-002 -9.4942852871e-001
0 0 0
2 0 17 -69.9200 -74.3800 1 17 -69.1900 -85.1900
-7.2019033159e-002 -8.8260533305e-002 -9.5904624316e-001
0 0 0
2 0 18 -57.6300 -70.5200 1 18 -59.7900 -76.7900
-6.1406819583e-002 -8.4276321926e-002 -9.6383843431e-001
0 0 0
2 0 19 -48.9100 -67.0800 1 19 -54.7300 -70.0900
-4.9692501211e-002 -7.8353978123e-002 -9.6549807784e-001
0 0 0
2 0 20 -39.4700 -62.1200 1 20 -52.0000 -62.4600
-4.0301698722e-002 -7.2714660063e-002 -9.6500387623e-001
0 0 0
2 0 21 -32.0200 -57.6800 1 21 -51.3400 -55.8400
-3.3798456698e-002 -6.5687474402e-002 -9.5946981164e-001
0 0 0
2 0 22 -27.1500 -52.9100 1 22 -55.5500 -49.4100
-3.0936106690e-002 -5.8447688642e-002 -9.5045547671e-001
0 0 0
2 0 23 -24.9300 -47.0000 1 23 -63.1700 -45.5700
-3.2158892180e-002 -4.9784968261e-002 -9.3577688266e-001
0 0 0
2 0 24 -26.3000 -40.5500 1 24 -76.5800 -42.4500
-3.6927495237e-002 -4.1893241670e-002 -9.1779848032e-001
0 0 0
2 0 25 -30.9200 -35.1200 1 25 -93.3200 -41.1000
-4.6281182223e-002 -3.3909352253e-002 -9.0447507436e-001
0 0 0
2 0 26 -39.2600 -28.6700 1 26 -107.7100 -40.7100
-5.5922803526e-002 -3.0360543070e-002 -8.9133636559e-001
0 0 0
2 0 27 -48.0800 -25.8200 1 27 -120.7000 -43.7000
-7.1324899079e-002 -3.2697597923e-002 -8.8352025023e-001
0 0 0
2 0 28 -61.9500 -28.2600 1 28 -129.3600 -51.2100
-8.8919824353e-002 -3.9878626894e-002 -8.7305579184e-001
0 0 0
2 0 29 -78.2200 -35.0800 1 29 -139.0000 -63.2900
-1.0229259667e-001 -4.9528252784e-002 -8.6363258201e-001
0 0 0
2 0 30 -90.9700 -44.0600 1 30 -146.1900 -75.8500
-1.1685244396e-001 -7.0398405531e-002 -8.5280790177e-001
0 0 0
2 0 31 -105.2300 -63.3900 1 31 -151.6400 -97.2400
-1.2663953242e-001 -9.0172368551e-002 -8.4485028688e-001
0 0 0
2 0 32 -115.1200 -81.9700 1 32 -154.3000 -116.0000
-1.3323010309e-001 -1.1309566250e-001 -8.4268202258e-001
0 0 0
2 0 33 -121.4700 -103.2800 1 33 -151.1900 -134.8800
-1.3750131852e-001 -1.2907253227e-001 -8.4681977291e-001
0 0 0
2 0 34 -124.5800 -116.4900 1 34 -144.5800 -147.6700
-1.4486327275e-001 -1.4022731216e-001 -8.5790228877e-001
0 0 0
2 0 35 -129.6800 -125.5200 1 35 -135.0000 -154.1000
-1.5811612654e-001 -1.4384796337e-001 -8.7008432366e-001
0 0 0
2 0 36 -139.6100 -127.1900 1 36 -128.0000 -156.0000
-1.6962177049e-001 -1.3640745727e-001 -8.7690013365e-001
0 0 0
2 0 37 -148.6100 -119.7200 1 37 -127.5000 -151.0000
-1.7041096333e-001 -1.2386736733e-001 -8.8152938937e-001
0 0 0
2 0 38 -148.7200 -109.0800 1 38 -127.7900 -139.9500
-1.6510995819e-001 -1.0962497591e-001 -8.8276905613e-001
0 0 0
2 0 39 -143.7700 -95.9200 1 39 -129.4100 -129.1200
-1.5086522113e-001 -9.0300730142e-002 -8.7897725345e-001
0 0 0
2 0 40 -131.5400 -77.7700 1 40 -133.8900 -115.0600
-1.3480670846e-001 -6.6236548976e-002 -8.7097797092e-001
0 0 0
2 0 41 -118.9700 -58.7900 1 41 -142.9400 -94.0900
-1.2311857880e-001 -4.6022297893e-002 -8.6520610496e-001
0 0 0
2 0 42 -109.0300 -39.9400 1 42 -149.8500 -79.3500
-1.1655737229e-001 -2.9229333998e-002 -8.5893688225e-001
0 0 0
2 0 43 -104.2600 -26.2800 1 43 -157.8100 -65.5800
-1.1383346034e-001 -1.4869221878e-002 -8.5017577806e-001
0 0 0
2 0 44 -102.8300 -13.4300 1 44 -167.5200 -56.3800
-1.1041550236e-001 -6.1902237240e-003 -8.4048657026e-001
0 0 0
2 0 45 -101.0000 -6.0000 1 45 -176.5400 -50.6400
-1.0816623188e-001 -7.1097916027e-003 -8.3373501622e-001
0 0 0
2 0 46 -99.6600 -6.6200 1 46 -181.0000 -52.3200
-1.0285959249e-001 -2.5347890291e-002 -8.3514293360e-001
0 0 0
2 0 47 -94.5900 -23.3100 1 47 -174.2600 -64.0600
-9.9707063393e-002 -4.8742264891e-002 -8.4309742330e-001
0 0 0
2 0 48 -90.8200 -44.3800 1 48 -161.4200 -78.9700
-1.0127859455e-001 -7.1511859823e-002 -8.5461077122e-001
0 0 0
2 0 49 -91.0000 -64.2100 1 49 -146.8800 -93.9400
-1.0706860177e-001 -9.1287666645e-002 -8.7336925906e-001
0 0 0
2 0 50 -94.1400 -80.2300 1 50 -128.7300 -105.9100
-1.1930000281e-001 -9.8822390863e-002 -8.9016523050e-001
0 0 0
2 0 51 -102.9200 -85.2300 1 51 -117.1200 -110.5000
-1.2896804428e-001 -9.9942329829e-002 -9.0706244866e-001
0 0 0
2 0 52 -109.2400 -84.8000 1 52 -107.0000 -109.5000
-1.4089603433e-001 -9.5026933694e-002 -9.2506771812e-001
0 0 0
2 0 53 -117.0000 -79.0000 1 53 -98.5200 -104.8300
-1.4793934382e-001 -8.6187029099e-002 -9.3908669126e-001
0 0 0
2 0 54 -121.0800 -70.8500 1 54 -93.0000 -97.0000
