# Bundle file v0.3
4 55
6.4523913443e+002 -1.7621901789e-002 1.9385768871e-003
9.9143623628e-001 -1.7849241483e-002 -1.2936612371e-001
1.2898086525e-002 9.9915558323e-001 -3.9009740569e-002
1.2995317907e-001 3.7007094911e-002 9.9082927196e-001
-1.1901924271e-001 -3.5761172415e-002 1.7469637694e-001
6.5907343725e+002 -5.2693679622e-002 -5.3015865719e-003
5.1377588901e-001 -4.6346904161e-001 -7.2196314542e-001
4.1678280606e-001 8.7038440479e-001 -2.6215087350e-001
7.4988427670e-001 -1.6621502753e-001 6.4034844903e-001
-7.6203896812e-001 -2.3803994416e-001 -1.6529156279e-001
5.6138316088e+002 -3.2317129660e-002 -1.5749362801e-003
-4.7395192265e-001 4.5493650096e-001 7.5392463490e-001
-4.9068490741e-001 5.7448803657e-001 -6.5512732921e-001
-7.3116201806e-001 -6.8043829693e-001 -4.9049234623e-002
6.3137959408e-001 -6.7588313465e-001 -8.2381798659e-001
5.3410352475e+002 -3.0417858227e-002 -5.8688107749e-003
-9.7075662374e-001 4.3283957288e-002 2.3613148138e-001
-1.8775152496e-001 4.7607421705e-001 -8.5912903846e-001
-1.4960261472e-001 -8.7833925046e-001 -4.5402557061e-001
1.8991311555e-001 -7.9137213697e-001 -1.0887164045e+000
-2.2223896295e-001 -1.2113526284e-001 -9.7032551273e-001
0 0 0
4 0 0 -167.8200 -94.2400 1 0 -84.0000 -128.1400 2 0 -53.8100 -1.4600 3 0 178.9700 27.3300
-1.9277865854e-001 -1.2689878546e-001 -9.5054514923e-001
0 0 0
4 0 1 -149.1600 -103.2400 1 1 -85.0800 -131.2000 2 1 -52.8600 -32.5200 3 1 152.1700 1.1300
-1.7095299398e-001 -1.2753872958e-001 -9.3373374632e-001
0 0 0
4 0 2 -135.5300 -107.1600 1 2 -89.0000 -132.7100 2 2 -49.1200 -53.0600 3 2 132.1800 -17.6100
-1.4747719845e-001 -1.2389112693e-001 -9.1263797920e-001
0 0 0
4 0 3 -124.0500 -107.5700 1 3 -94.8800 -131.5000 2 3 -41.1000 -73.7600 3 3 110.1800 -37.6100
-1.2631542153e-001 -1.1414019861e-001 -8.9552710355e-001
0 0 0
4 0 4 -111.2300 -102.4200 1 4 -103.2400 -125.4800 2 4 -33.3700 -84.6300 3 4 90.7700 -50.3500
-1.1104176810e-001 -9.8689417673e-002 -8.8415408553e-001
0 0 0
4 0 5 -101.1500 -91.1500 1 5 -110.9000 -114.1300 2 5 -23.8100 -87.3100 3 5 77.0600 -52.8500
-1.0380703014e-001 -7.7846582071e-002 -8.7712296234e-001
0 0 0
4 0 6 -97.4500 -73.1100 1 6 -121.5300 -98.7000 2 6 -14.3500 -82.1800 3 6 70.5000 -48.5000
-9.9977449103e-002 -5.8013727733e-002 -8.7566365707e-001
0 0 0
4 0 7 -94.5200 -55.8600 1 7 -128.2500 -83.6100 2 7 -6.3000 -72.0600 3 7 66.0000 -41.0000
-9.7205665285e-002 -3.6607837560e-002 -8.8160954023e-001
0 0 0
4 0 8 -91.2300 -35.4400 1 8 -130.8100 -65.1200 2 8 -3.2700 -59.6000 3 8 62.2600 -27.0000
-9.9131291227e-002 -2.1227162449e-002 -8.9135595465e-001
0 0 0
4 0 9 -90.8200 -21.6500 1 9 -130.0000 -51.5000 2 9 -2.5400 -44.6400 3 9 61.4400 -14.3400
-1.0262113234e-001 -1.3050149829e-002 -8.9961797651e-001
0 0 0
4 0 10 -91.9000 -13.2500 1 10 -127.9600 -45.2900 2 10 -2.9700 -35.7900 3 10 62.7400 -4.0000
-1.0893805713e-001 -1.9326812650e-002 -9.1233013746e-001
0 0 0
4 0 11 -94.3500 -18.1500 1 11 -119.1200 -48.6700 2 11 -10.7200 -29.1200 3 11 65.7400 3.0000
-1.1526914831e-001 -3.5629285196e-002 -9.2115786748e-001
0 0 0
4 0 12 -97.0500 -31.2500 1 12 -110.1500 -59.4600 2 12 -21.1800 -30.6100 3 12 71.3100 3.9100
-1.1918089953e-001 -5.7121024777e-002 -9.2628897418e-001
0 0 0
4 0 13 -98.2900 -49.7100 1 13 -100.4500 -74.7300 2 13 -30.7200 -36.8800 3 13 74.7300 -0.0900
-1.1586076206e-001 -7.2524574002e-002 -9.2721350938e-001
0 0 0
4 0 14 -95.6400 -62.0000 1 14 -93.8700 -83.8700 2 14 -40.4500 -46.5900 3 14 73.0300 -6.9100
-1.0919131609e-001 -8.4470409623e-002 -9.2840373832e-001
0 0 0
4 0 15 -89.6400 -72.0000 1 15 -86.8200 -90.4300 2 15 -48.8600 -54.9000 3 15 67.4200 -12.4500
-1.0081622269e-001 -8.9219788795e-002 -9.3317992554e-001
0 0 0
4 0 16 -81.4200 -75.3800 1 16 -79.3100 -90.5800 2 16 -57.0700 -57.5900 3 16 59.1900 -12.4700
-8.8843968006e-002 -8.9195071744e-002 -9.4202477461e-001
0 0 0
4 0 17 -69.9200 -74.3800 1 17 -69.1900 -85.1900 2 17 -66.3400 -57.1000 3 17 46.3900 -7.1400
-7.6444660506e-002 -8.6151650063e-002 -9.5064840983e-001
0 0 0
4 0 18 -57.6300 -70.5200 1 18 -59.7900 -76.7900 2 18 -74.7300 -55.0000 3 18 34.5000 -1.8500
-6.5787520496e-002 -8.2140406144e-002 -9.5609980800e-001
0 0 0
4 0 19 -48.9100 -67.0800 1 19 -54.7300 -70.0900 2 19 -79.5500 -53.4100 3 19 22.2800 3.0800
-5.4645791496e-002 -7.6529361768e-002 -9.5671090759e-001
0 0 0
4 0 20 -39.4700 -62.1200 1 20 -52.0000 -62.4600 2 20 -81.0000 -54.3200 3 20 13.0000 3.8500
-4.4531068944e-002 -7.0791407920e-002 -9.5553784449e-001
0 0 0
4 0 21 -32.0200 -57.6800 1 21 -51.3400 -55.8400 2 21 -80.7200 -55.1200 3 21 3.6800 3.6300
-3.7346993977e-002 -6.3513316928e-002 -9.4928169917e-001
0 0 0
4 0 22 -27.1500 -52.9100 1 22 -55.5500 -49.4100 2 22 -75.8100 -57.3300 3 22 -0.8600 0.9500
-3.2753876075e-002 -5.5807033555e-002 -9.3851657038e-001
0 0 0
4 0 23 -24.9300 -47.0000 1 23 -63.1700 -45.5700 2 23 -67.0000 -60.4000 3 23 -2.2400 -4.8100
-3.1841508262e-002 -4.7019080949e-002 -9.2379647653e-001
0 0 0
4 0 24 -26.3000 -40.5500 1 24 -76.5800 -42.4500 2 24 -56.0000 -63.5400 3 24 0.6500 -12.5300
-3.4561678263e-002 -3.8116641226e-002 -9.0675427704e-001
0 0 0
4 0 25 -30.9200 -35.1200 1 25 -93.3200 -41.1000 2 25 -41.2100 -66.7900 3 25 6.3500 -19.4800
-4.1069725229e-002 -2.9892533984e-002 -8.9197075754e-001
0 0 0
4 0 26 -39.2600 -28.6700 1 26 -107.7100 -40.7100 2 26 -26.3200 -67.7600 3 26 14.7400 -26.0000
-4.9068776776e-002 -2.6022704724e-002 -8.8114020543e-001
0 0 0
4 0 27 -48.0800 -25.8200 1 27 -120.7000 -43.7000 2 27 -16.7900 -68.7900 3 27 23.0900 -30.0300
-6.2270278587e-002 -2.8178970660e-002 -8.7234890044e-001
0 0 0
4 0 28 -61.9500 -28.2600 1 28 -129.3600 -51.2100 2 28 -7.2400 -70.6800 3 28 35.4700 -35.4700
-7.7411460345e-002 -3.4409121947e-002 -8.6361069127e-001
0 0 0
4 0 29 -78.2200 -35.0800 1 29 -139.0000 -63.2900 2 29 0.8500 -73.3800 3 29 47.7400 -41.3900
-8.9243134179e-002 -4.3314756344e-002 -8.5271145793e-001
0 0 0
4 0 30 -90.9700 -44.0600 1 30 -146.1900 -75.8500 2 30 9.1800 -80.6100 3 30 60.6100 -51.6700
-1.0206616758e-001 -6.2203203234e-002 -8.4183920661e-001
0 0 0
4 0 31 -105.2300 -63.3900 1 31 -151.6400 -97.2400 2 31 13.8700 -91.8700 3 31 73.2800 -66.6600
-1.0986611199e-001 -8.0458086300e-002 -8.3185796977e-001
0 0 0
4 0 32 -115.1200 -81.9700 1 32 -154.3000 -116.0000 2 32 16.9100 -107.2200 3 32 82.8000 -80.5600
-1.1650587259e-001 -1.0130494762e-001 -8.2881266238e-001
0 0 0
4 0 33 -121.4700 -103.2800 1 33 -151.1900 -134.8800 2 33 14.1500 -118.5400 3 33 90.2200 -93.1900
-1.2097994344e-001 -1.1669899478e-001 -8.3151669264e-001
0 0 0
4 0 34 -124.5800 -116.4900 1 34 -144.5800 -147.6700 2 34 8.1900 -126.4200 3 34 95.1900 -98.8100
-1.3111221957e-001 -1.2845688036e-001 -8.4327168307e-001
0 0 0
4 0 35 -129.6800 -125.5200 1 35 -135.0000 -154.1000 2 35 -0.2900 -124.7100 3 35 104.5500 -95.3600
-1.4733273329e-001 -1.3344668776e-001 -8.5747767932e-001
0 0 0
4 0 36 -139.6100 -127.1900 1 36 -128.0000 -156.0000 2 36 -5.2700 -113.6000 3 36 118.5400 -86.0000
-1.6077922057e-001 -1.2753314336e-001 -8.6712169254e-001
0 0 0
4 0 37 -148.6100 -119.7200 1 37 -127.5000 -151.0000 2 37 -3.6700 -98.9400 3 37 129.2100 -73.3100
-1.6232248965e-001 -1.1624750184e-001 -8.7286573591e-001
0 0 0
4 0 38 -148.7200 -109.0800 1 38 -127.7900 -139.9500 2 38 -2.1900 -87.7000 3 38 128.4500 -62.5900
-1.5708151458e-001 -1.0246848770e-001 -8.7537280151e-001
0 0 0
4 0 39 -143.7700 -95.9200 1 39 -129.4100 -129.1200 2 39 -0.3800 -79.0000 3 39 120.8600 -54.1400
-1.4256412837e-001 -8.3624055071e-002 -8.7170008464e-001
0 0 0
4 0 40 -131.5400 -77.7700 1 40 -133.8900 -115.0600 2 40 3.6200 -75.0000 3 40 106.7500 -49.8600
-1.2344301905e-001 -5.9547472405e-002 -8.6322407661e-001
0 0 0
4 0 41 -118.9700 -58.7900 1 41 -142.9400 -94.0900 2 41 10.8700 -72.2300 3 41 87.6100 -46.7600
-1.1101589386e-001 -4.0169923853e-002 -8.5763957927e-001
0 0 0
4 0 42 -109.0300 -39.9400 1 42 -149.8500 -79.3500 2 42 16.3200 -68.9000 3 42 77.3900 -43.7400
-1.0295657595e-001 -2.3833100991e-002 -8.5183914831e-001
0 0 0
4 0 43 -104.2600 -26.2800 1 43 -157.8100 -65.5800 2 43 22.6100 -65.7400 3 43 70.1000 -41.3400
-9.8331422790e-002 -1.0331995899e-002 -8.4374651076e-001
0 0 0
4 0 44 -102.8300 -13.4300 1 44 -167.5200 -56.3800 2 44 29.3100 -64.7700 3 44 67.0700 -41.5900
-9.3552443977e-002 -1.6374759487e-003 -8.3442934408e-001
0 0 0
4 0 45 -101.0000 -6.0000 1 45 -176.5400 -50.6400 2 45 35.9200 -66.4400 3 45 64.2400 -44.3200
-8.9500338010e-002 -2.5860785316e-003 -8.2601953265e-001
0 0 0
4 0 46 -99.6600 -6.6200 1 46 -181.0000 -52.3200 2 46 38.7100 -73.0000 3 46 62.7200 -50.8800
-8.5266717379e-002 -1.9068454496e-002 -8.2615005608e-001
0 0 0
4 0 47 -94.5900 -23.3100 1 47 -174.2600 -64.0600 2 47 32.1200 -82.3600 3 47 60.0000 -58.0000
-8.2645238261e-002 -4.1700949460e-002 -8.3152772372e-001
0 0 0
4 0 48 -90.8200 -44.3800 1 48 -161.4200 -78.9700 2 48 18.8900 -93.1100 3 48 58.1900 -65.7000
-8.6470333199e-002 -6.3410255614e-002 -8.4195514489e-001
0 0 0
4 0 49 -91.0000 -64.2100 1 49 -146.8800 -93.9400 2 49 6.3800 -98.3800 3 49 60.5500 -68.6500
-9.6081848125e-002 -8.3140813758e-002 -8.6108001219e-001
0 0 0
4 0 50 -94.1400 -80.2300 1 50 -128.7300 -105.9100 2 50 -9.2600 -96.0000 3 50 66.6900 -64.0900
-1.1124131118e-001 -9.1586185610e-002 -8.7862611337e-001
0 0 0
4 0 51 -102.9200 -85.2300 1 51 -117.1200 -110.5000 2 51 -17.0400 -87.3100 3 51 77.9300 -52.5900
-1.2553817264e-001 -9.4365762092e-002 -8.9996525497e-001
0 0 0
4 0 52 -109.2400 -84.8000 1 52 -107.0000 -109.5000 2 52 -27.5900 -70.2500 3 52 87.9200 -36.8600
-1.4086823169e-001 -9.1673680733e-002 -9.2116748658e-001
0 0 0
4 0 53 -117.0000 -79.0000 1 53 -98.5200 -104.8300 2 53 -34.6900 -52.0900 3 53 98.9200 -15.4400
-1.5229324748e-001 -8.4078978607e-002 -9.4069806324e-001
0 0 0
4 0 54 -121.0800 -70.8500 1 54 -93.0000 -97.0000 2 54 -40.5700 -29.5400 3 54 105.5000 4.5000
