# Bundle file v0.3
4 78
7.6800000000e+002 0.0000000000e+000 0.0000000000e+000
1.0000000000e+000 0.0000000000e+000 0.0000000000e+000
0.0000000000e+000 1.0000000000e+000 0.0000000000e+000
0.0000000000e+000 0.0000000000e+000 1.0000000000e+000
-0.0000000000e+000 -0.0000000000e+000 -0.0000000000e+000
7.6800000000e+002 0.0000000000e+000 0.0000000000e+000
-6.1557126684e-002 -5.5810457404e-001 8.2748414159e-001
5.5458110816e-001 6.7017413093e-001 4.9326101479e-001
-8.2984969400e-001 4.8927080300e-001 2.6826025926e-001
1.9727923493e-001 5.3328485932e-001 -8.2261057754e-001
0 0 0
0 0 0
0 0 0
0 0 0
0 0 0
0 0 0
0 0 0
0 0 0
0 0 0
0 0 0
-2.3860152098e-001 2.5932612625e-001 -5.8887819733e-001
0 0 0
2 0 0 -311.1800 338.1800 1 0 -492.0000 333.0000
-2.3623688458e-001 2.6098038123e-001 -5.8834765261e-001
0 0 0
2 0 1 -308.3800 340.5600 1 1 -492.0000 335.7100
-2.3594687435e-001 2.6136119107e-001 -5.8807288898e-001
0 0 0
2 0 2 -308.1400 341.2900 1 2 -492.0000 336.2900
-2.3667349457e-001 2.6082303824e-001 -5.8824975264e-001
0 0 0
2 0 3 -309.0000 340.4300 1 3 -492.0000 335.5000
-2.3895803679e-001 2.5964420037e-001 -5.8820558052e-001
0 0 0
2 0 4 -312.0000 339.0000 1 4 -492.0000 333.7100
-2.4312389159e-001 2.5754065791e-001 -5.8806985750e-001
0 0 0
2 0 5 -317.5000 336.5000 1 5 -492.0000 330.5000
-2.4888631602e-001 2.5413667855e-001 -5.8815348823e-001
0 0 0
2 0 6 -325.0000 331.7300 1 6 -491.8300 325.8300
-2.5608112858e-001 2.4906716129e-001 -5.8813631171e-001
0 0 0
2 0 7 -334.3800 325.4400 1 7 -490.5000 318.5000
-2.6164415794e-001 2.4488880238e-001 -5.8816367271e-001
0 0 0
2 0 8 -341.6900 319.1900 1 8 -489.5000 313.5000
-2.6757414923e-001 2.3841934924e-001 -5.8721045061e-001
0 0 0
2 0 9 -350.0000 311.2700 1 9 -485.3300 305.8900
-2.7326165911e-001 2.2951025213e-001 -5.8717193485e-001
0 0 0
2 0 10 -357.5000 299.2200 1 10 -479.3300 295.5600
-2.7699247053e-001 2.1797437821e-001 -5.8611139229e-001
0 0 0
2 0 11 -362.9300 285.8600 1 11 -468.2700 282.2700
-2.7974372292e-001 2.0510914492e-001 -5.8482160977e-001
0 0 0
2 0 12 -367.4700 268.2600 1 12 -456.0800 270.6700
-2.7891007988e-001 1.9168453029e-001 -5.8194327985e-001
0 0 0
2 0 13 -368.2000 251.8000 1 13 -440.0700 259.7100
-2.7559768656e-001 1.7637960198e-001 -5.7741549103e-001
0 0 0
2 0 14 -366.4400 235.7500 1 14 -419.1700 246.7500
-2.7130198457e-001 1.6456700582e-001 -5.7525108930e-001
0 0 0
2 0 15 -362.2400 219.4100 1 15 -405.0000 239.8300
-2.6642347418e-001 1.5358411107e-001 -5.7349219307e-001
0 0 0
2 0 16 -356.8300 205.2800 1 16 -391.5000 232.5000
-2.6054654613e-001 1.4713188864e-001 -5.7165041547e-001
0 0 0
2 0 17 -350.1100 197.0600 1 17 -382.0000 230.0000
-2.5318802484e-001 1.4929187553e-001 -5.6777295239e-001
0 0 0
2 0 18 -342.5300 201.4700 1 18 -378.0000 236.8000
-2.4249686677e-001 1.5581108878e-001 -5.6287759844e-001
0 0 0
2 0 19 -330.8100 213.1000 1 19 -375.4400 248.3300
-2.3429737938e-001 1.6327442587e-001 -5.5778252159e-001
0 0 0
2 0 20 -322.6200 224.6200 1 20 -375.3000 261.7000
-2.2934580439e-001 1.7142526957e-001 -5.5562934370e-001
0 0 0
2 0 21 -317.0000 237.0000 1 21 -378.8200 271.8200
-2.2731122783e-001 1.8012675329e-001 -5.5418737911e-001
0 0 0
2 0 22 -315.0000 249.7300 1 22 -384.6000 281.4000
-2.2877864061e-001 1.8814571704e-001 -5.5368384876e-001
0 0 0
2 0 23 -317.3300 261.0000 1 23 -392.0000 289.0000
-2.3361196980e-001 1.9420504489e-001 -5.5417743737e-001
0 0 0
2 0 24 -323.7300 269.3300 1 24 -399.8000 293.0000
-2.4150474181e-001 2.0040366798e-001 -5.5598123418e-001
0 0 0
2 0 25 -333.5900 276.9400 1 25 -410.3300 295.7800
-2.5205011265e-001 2.0406900482e-001 -5.5909847091e-001
0 0 0
2 0 26 -346.1800 280.8200 1 26 -420.8000 294.0000
-2.6304854582e-001 2.0573820970e-001 -5.6545784034e-001
0 0 0
2 0 27 -357.2400 279.7600 1 27 -432.6200 288.3800
-2.7313539312e-001 2.0445989616e-001 -5.7139163857e-001
0 0 0
2 0 28 -367.1000 275.0000 1 28 -441.0000 280.1700
-2.8281173330e-001 2.0022081401e-001 -5.7720400876e-001
0 0 0
2 0 29 -376.2700 266.6700 1 29 -446.1800 268.8200
-2.8969458623e-001 1.9712640736e-001 -5.8304229107e-001
0 0 0
2 0 30 -381.6000 259.6000 1 30 -451.3300 259.7500
-2.9656209084e-001 1.9582856076e-001 -5.9007367386e-001
0 0 0
2 0 31 -386.0000 254.7300 1 31 -459.2200 251.3300
-3.0158320866e-001 1.9546307622e-001 -5.9597424975e-001
0 0 0
2 0 32 -388.6700 251.5300 1 32 -466.3000 245.3000
-3.0574397127e-001 1.9684098131e-001 -6.0454795930e-001
0 0 0
2 0 33 -388.4400 249.7500 1 33 -476.8300 239.1700
-3.0644270470e-001 1.9943359176e-001 -6.1159770745e-001
0 0 0
2 0 34 -384.8600 249.9300 1 34 -485.6200 236.7500
-3.0350379804e-001 2.0373820299e-001 -6.1645766924e-001
0 0 0
2 0 35 -378.1500 253.4600 1 35 -492.2900 238.5700
-2.9879184552e-001 2.1164721786e-001 -6.1917983443e-001
0 0 0
2 0 36 -370.6200 262.3800 1 36 -500.0000 246.0000
-2.9259652831e-001 2.2019991399e-001 -6.1978136415e-001
0 0 0
2 0 37 -362.5700 272.8600 1 37 -505.8800 256.1200
-2.8430651669e-001 2.2966992656e-001 -6.1869150439e-001
0 0 0
2 0 38 -352.8200 286.1800 1 38 -509.8800 268.1200
-2.7462936312e-001 2.3981907834e-001 -6.1490394850e-001
0 0 0
2 0 39 -342.9100 300.6400 1 39 -512.0000 284.0000
-2.6598789836e-001 2.4827710198e-001 -6.0904173351e-001
0 0 0
2 0 40 -335.4000 313.2000 1 40 -511.6000 300.2000
-2.5547224824e-001 2.5628972103e-001 -6.0138280085e-001
0 0 0
2 0 41 -326.2500 327.3300 1 41 -508.0000 316.8000
-2.4779155004e-001 2.6087100531e-001 -5.9388816753e-001
0 0 0
2 0 42 -320.5000 336.5000 1 42 -502.8000 329.7000
-2.3834632661e-001 2.6600642851e-001 -5.8536658193e-001
0 0 0
2 0 43 -312.7100 349.0000 1 43 -496.0000 342.5000
-2.3319408339e-001 2.6816874152e-001 -5.7751142498e-001
0 0 0
2 0 44 -310.1200 356.5000 1 44 -489.3300 351.6700
-2.3026057016e-001 2.6811031329e-001 -5.6882457168e-001
0 0 0
2 0 45 -310.9100 361.6400 1 45 -481.0000 358.7500
-2.2982101088e-001 2.6608342399e-001 -5.6216943211e-001
0 0 0
2 0 46 -314.0000 363.0000 1 46 -473.5700 361.7100
-2.3259575593e-001 2.6238930430e-001 -5.5816575064e-001
0 0 0
2 0 47 -320.0700 360.5300 1 47 -468.1700 360.1700
-2.4170020072e-001 2.5696632839e-001 -5.5864506816e-001
0 0 0
2 0 48 -332.3100 352.8100 1 48 -467.8300 352.1700
-2.5350998542e-001 2.5097252675e-001 -5.6243800889e-001
0 0 0
2 0 49 -346.2000 342.2000 1 49 -471.0000 340.5000
-2.6786586540e-001 2.4299823112e-001 -5.6808930979e-001
0 0 0
2 0 50 -362.2400 327.0600 1 50 -475.2900 325.4300
-2.8069385618e-001 2.3428580529e-001 -5.7486101746e-001
0 0 0
2 0 51 -375.0000 313.0000 1 51 -478.2900 306.4300
-2.9175440734e-001 2.2502842949e-001 -5.7930828166e-001
0 0 0
2 0 52 -386.9000 297.0000 1 52 -478.6700 291.5600
-3.0033377974e-001 2.1729597610e-001 -5.8473420800e-001
0 0 0
2 0 53 -394.4700 285.3300 1 53 -479.3000 275.7000
-3.0647847542e-001 2.1138770442e-001 -5.8840831065e-001
0 0 0
2 0 54 -400.1500 274.5400 1 54 -479.8800 266.1200
-3.1260933232e-001 2.0697823258e-001 -5.9456796636e-001
0 0 0
2 0 55 -403.8300 267.0000 1 55 -483.3300 254.1100
-3.1704914177e-001 2.0748306548e-001 -6.0124374246e-001
0 0 0
2 0 56 -405.0000 264.8600 1 56 -491.8000 248.1000
-3.1934149478e-001 2.1189899674e-001 -6.0666493706e-001
0 0 0
2 0 57 -404.2500 268.4200 1 57 -502.2500 247.6200
-3.2069418499e-001 2.1791269464e-001 -6.1190840763e-001
0 0 0
2 0 58 -402.5000 273.5000 1 58 -514.0000 249.7100
-3.1999689716e-001 2.2443813092e-001 -6.1630766350e-001
0 0 0
2 0 59 -398.7000 280.3000 1 59 -524.2000 253.0000
-3.1620879159e-001 2.3469517467e-001 -6.1925251022e-001
0 0 0
2 0 60 -392.1700 291.0000 1 60 -535.8800 263.5000
-3.0463095903e-001 2.5000569045e-001 -6.1912928314e-001
0 0 0
2 0 61 -377.8800 310.1200 1 61 -545.5000 283.5000
-2.9300198980e-001 2.6180022512e-001 -6.1820668520e-001
0 0 0
2 0 62 -364.0000 325.2000 1 62 -550.4300 300.2900
-2.7963048766e-001 2.7346437834e-001 -6.1711996688e-001
0 0 0
2 0 63 -348.0000 340.2900 1 63 -553.8600 317.2900
-2.6778872247e-001 2.8134596214e-001 -6.1576682136e-001
0 0 0
2 0 64 -334.0000 350.8000 1 64 -553.8300 329.8300
-2.5368193680e-001 2.8806380802e-001 -6.1326560069e-001
0 0 0
2 0 65 -317.7100 360.4300 1 65 -550.2000 342.4000
-2.4111523462e-001 2.9182196113e-001 -6.1033847960e-001
0 0 0
2 0 66 -303.4000 367.2000 1 66 -544.0000 351.0000
-2.2690622055e-001 2.9454323817e-001 -6.0615970842e-001
0 0 0
2 0 67 -287.5000 373.0000 1 67 -535.0000 360.0000
-1.9753642561e-001 2.8302346850e-001 -5.8686112778e-001
0 0 0
2 0 68 -258.5000 370.5000 1 68 -492.0000 367.0000
-2.0650048791e-001 2.8066168604e-001 -5.9014578234e-001
0 0 0
2 0 69 -268.7500 365.0000 1 69 -497.0000 361.0000
-2.1382386785e-001 2.7818844640e-001 -5.9226771301e-001
0 0 0
2 0 70 -277.2500 361.0000 1 70 -500.0000 355.0000
-2.2300545269e-001 2.7607603073e-001 -5.9475011178e-001
0 0 0
2 0 71 -288.0000 356.0000 1 71 -505.0000 350.0000
-2.3329460418e-001 2.7348140430e-001 -5.9725669021e-001
0 0 0
2 0 72 -300.0000 351.5000 1 72 -510.0000 343.0000
-2.4240305889e-001 2.7051737328e-001 -5.9924292297e-001
0 0 0
2 0 73 -310.6700 346.6700 1 73 -513.6700 336.3300
-2.5122674068e-001 2.6628574675e-001 -6.0010226850e-001
0 0 0
2 0 74 -321.5000 341.0000 1 74 -515.0000 329.0000
-2.5615838393e-001 2.6129095172e-001 -6.0064534332e-001
0 0 0
2 0 75 -327.5000 334.5000 1 75 -513.0000 322.0000
-2.5979758194e-001 2.5614343740e-001 -6.0219279686e-001
0 0 0
2 0 76 -331.3300 326.6700 1 76 -511.0000 315.0000
-2.6022055296e-001 2.5214800694e-001 -6.0367179668e-001
0 0 0
2 0 77 -331.0000 321.5000 1 77 -508.0000 309.0000
