# Bundle file v0.3
4 78
5.8651071718e+002 -1.3087465391e-001 -3.1420793644e-002
8.4579367667e-001 -2.0458249692e-001 4.9272614956e-001
2.0758187590e-001 9.7697364317e-001 4.9318002187e-002
-4.9147006146e-001 6.0568164036e-002 8.6878574816e-001
5.0406732569e-001 -9.0421291396e-002 2.5379296492e-001
6.2350389223e+002 -2.0379568363e-001 2.9869623996e-002
2.3604998015e-001 -5.5551328737e-001 7.9729881126e-001
7.0637644522e-001 6.6153852025e-001 2.5179178672e-001
-6.6731755897e-001 5.0375765382e-001 5.4855765577e-001
5.6915682995e-001 2.4135474647e-001 -8.3114521692e-002
5.9593750216e+003 1.4747261939e-001 -8.6274980227e-002
7.3636614903e-001 -5.3170094157e-001 4.1840052977e-001
1.3037629823e-001 -4.9530118306e-001 -8.5888227303e-001
6.6390279065e-001 6.8700134410e-001 -2.9540182425e-001
6.3787263774e-001 -4.1054820566e-001 1.1849769271e+000
6.9980516478e+002 2.6090817539e-001 -3.6031892499e-002
-9.5462713827e-001 2.9777886954e-001 -3.8434014454e-003
7.6684385952e-004 1.5363738360e-002 9.9988167675e-001
2.9780268439e-001 9.5451123639e-001 -1.4894991482e-002
-4.1030398212e-001 6.2508224713e-001 -3.0873373058e-001
-2.7062275591e-001 2.5220592863e-001 -5.8650780556e-001
0 0 0
4 0 0 -311.1800 338.1800 1 0 -492.0000 333.0000 2 0 -260.9000 295.7000 3 0 -407.5600 231.3300
-2.7002175274e-001 2.5280524426e-001 -5.8667906407e-001
0 0 0
4 0 1 -308.3800 340.5600 1 1 -492.0000 335.7100 2 1 -261.3700 295.5300 3 1 -412.2000 231.9200
-2.6987847062e-001 2.5306546452e-001 -5.8679664637e-001
0 0 0
4 0 2 -308.1400 341.2900 1 2 -492.0000 336.2900 2 2 -260.6300 295.5300 3 2 -413.7600 231.9600
-2.7006872562e-001 2.5285173656e-001 -5.8673107699e-001
0 0 0
4 0 3 -309.0000 340.4300 1 3 -492.0000 335.5000 2 3 -260.6300 295.5300 3 3 -412.2100 231.7900
-2.7077670253e-001 2.5222256419e-001 -5.8618916815e-001
0 0 0
4 0 4 -312.0000 339.0000 1 4 -492.0000 333.7100 2 4 -261.0000 297.0000 3 4 -406.7100 233.0000
-2.7195809693e-001 2.5111508219e-001 -5.8512725061e-001
0 0 0
4 0 5 -317.5000 336.5000 1 5 -492.0000 330.5000 2 5 -262.2800 300.4400 3 5 -398.3200 235.7600
-2.7377544902e-001 2.4938601472e-001 -5.8380550749e-001
0 0 0
4 0 6 -325.0000 331.7300 1 6 -491.8300 325.8300 2 6 -263.2100 303.0500 3 6 -384.3000 238.4400
-2.7570887162e-001 2.4719136706e-001 -5.8229423926e-001
0 0 0
4 0 7 -334.3800 325.4400 1 7 -490.5000 318.5000 2 7 -265.2900 306.7100 3 7 -371.0900 240.9100
-2.7754176532e-001 2.4511183061e-001 -5.8083165968e-001
0 0 0
4 0 8 -341.6900 319.1900 1 8 -489.5000 313.5000 2 8 -268.0000 309.0000 3 8 -356.9100 243.0900
-2.7934383646e-001 2.4239630270e-001 -5.7905559541e-001
0 0 0
4 0 9 -350.0000 311.2700 1 9 -485.3300 305.8900 2 9 -272.2700 311.3300 3 9 -344.0000 246.1400
-2.8090785231e-001 2.3910689260e-001 -5.7747243171e-001
0 0 0
4 0 10 -357.5000 299.2200 1 10 -479.3300 295.5600 2 10 -278.0800 312.1700 3 10 -333.4700 247.7400
-2.8210327788e-001 2.3505897317e-001 -5.7579012050e-001
0 0 0
4 0 11 -362.9300 285.8600 1 11 -468.2700 282.2700 2 11 -287.6400 311.2100 3 11 -324.2000 248.2000
-2.8308969742e-001 2.3064785268e-001 -5.7385059429e-001
0 0 0
4 0 12 -367.4700 268.2600 1 12 -456.0800 270.6700 2 12 -300.4000 309.6000 3 12 -316.3300 250.0000
-2.8343817549e-001 2.2643089538e-001 -5.7188689196e-001
0 0 0
4 0 13 -368.2000 251.8000 1 13 -440.0700 259.7100 2 13 -313.5700 309.0000 3 13 -312.4400 252.2500
-2.8326131903e-001 2.2207707218e-001 -5.7016637313e-001
0 0 0
4 0 14 -366.4400 235.7500 1 14 -419.1700 246.7500 2 14 -327.4600 306.1500 3 14 -311.6400 253.2100
-2.8275371207e-001 2.1881773379e-001 -5.6907253420e-001
0 0 0
4 0 15 -362.2400 219.4100 1 15 -405.0000 239.8300 2 15 -340.0000 303.2000 3 15 -313.0000 253.8300
-2.8210867923e-001 2.1609194222e-001 -5.6847736889e-001
0 0 0
4 0 16 -356.8300 205.2800 1 16 -391.5000 232.5000 2 16 -348.8000 300.0000 3 16 -315.6900 253.0800
-2.8118582123e-001 2.1443369729e-001 -5.6802315601e-001
0 0 0
4 0 17 -350.1100 197.0600 1 17 -382.0000 230.0000 2 17 -357.2000 298.0000 3 17 -319.4700 253.1300
-2.7976236764e-001 2.1488136215e-001 -5.6766093886e-001
0 0 0
4 0 18 -342.5300 201.4700 1 18 -378.0000 236.8000 2 18 -361.8200 298.8200 3 18 -327.0000 256.4300
-2.7783179469e-001 2.1630807241e-001 -5.6708471497e-001
0 0 0
4 0 19 -330.8100 213.1000 1 19 -375.4400 248.3300 2 19 -366.1500 302.5400 3 19 -336.1500 262.5400
-2.7632016865e-001 2.1796933322e-001 -5.6645932564e-001
0 0 0
4 0 20 -322.6200 224.6200 1 20 -375.3000 261.7000 2 20 -369.3600 307.5500 3 20 -344.0000 268.0000
-2.7513715758e-001 2.2003194957e-001 -5.6647611260e-001
0 0 0
4 0 21 -317.0000 237.0000 1 21 -378.8200 271.8200 2 21 -368.2300 311.1500 3 21 -352.0900 272.3600
-2.7461737611e-001 2.2222972376e-001 -5.6646650582e-001
0 0 0
4 0 22 -315.0000 249.7300 1 22 -384.6000 281.4000 2 22 -364.7500 315.6700 3 22 -356.2000 276.1000
-2.7480564397e-001 2.2423058326e-001 -5.6639284847e-001
0 0 0
4 0 23 -317.3300 261.0000 1 23 -392.0000 289.0000 2 23 -360.0000 320.0000 3 23 -356.5000 279.5000
-2.7578966876e-001 2.2572682826e-001 -5.6607249062e-001
0 0 0
4 0 24 -323.7300 269.3300 1 24 -399.8000 293.0000 2 24 -353.5700 325.0000 3 24 -352.5600 283.2500
-2.7726752164e-001 2.2737623655e-001 -5.6616473154e-001
0 0 0
4 0 25 -333.5900 276.9400 1 25 -410.3300 295.7800 2 25 -344.3600 328.7900 3 25 -346.0000 284.5700
-2.7919465569e-001 2.2855732388e-001 -5.6654556894e-001
0 0 0
4 0 26 -346.1800 280.8200 1 26 -420.8000 294.0000 2 26 -333.0800 331.3300 3 26 -337.6200 283.4400
-2.8116622160e-001 2.2935957086e-001 -5.6766512046e-001
0 0 0
4 0 27 -357.2400 279.7600 1 27 -432.6200 288.3800 2 27 -321.0000 330.0000 3 27 -327.6900 279.0600
-2.8295676802e-001 2.2935005515e-001 -5.6887174823e-001
0 0 0
4 0 28 -367.1000 275.0000 1 28 -441.0000 280.1700 2 28 -312.0000 326.0000 3 28 -317.8700 272.5300
-2.8478574687e-001 2.2837121820e-001 -5.6991849986e-001
0 0 0
4 0 29 -376.2700 266.6700 1 29 -446.1800 268.8200 2 29 -307.2500 321.6700 3 29 -306.3600 263.2100
-2.8582398982e-001 2.2798209229e-001 -5.7161326662e-001
0 0 0
4 0 30 -381.6000 259.6000 1 30 -451.3300 259.7500 2 30 -301.0000 314.1700 3 30 -300.2900 254.5000
-2.8678228517e-001 2.2805684494e-001 -5.7357590566e-001
0 0 0
4 0 31 -386.0000 254.7300 1 31 -459.2200 251.3300 2 31 -295.0000 308.1700 3 31 -295.0000 244.0000
-2.8740905007e-001 2.2848659042e-001 -5.7562744311e-001
0 0 0
4 0 32 -388.6700 251.5300 1 32 -466.3000 245.3000 2 32 -288.0000 302.0000 3 32 -291.5600 234.2500
-2.8759414552e-001 2.2975589433e-001 -5.7909793585e-001
0 0 0
4 0 33 -388.4400 249.7500 1 33 -476.8300 239.1700 2 33 -277.2000 290.0000 3 33 -290.3800 221.4400
-2.8698107651e-001 2.3129778839e-001 -5.8257871423e-001
0 0 0
4 0 34 -384.8600 249.9300 1 34 -485.6200 236.7500 2 34 -270.2500 280.6700 3 34 -293.7600 206.0600
-2.8579346632e-001 2.3334187904e-001 -5.8571342315e-001
0 0 0
4 0 35 -378.1500 253.4600 1 35 -492.2900 238.5700 2 35 -263.1800 272.1800 3 35 -299.8100 194.5000
-2.8398511566e-001 2.3664642111e-001 -5.8896653454e-001
0 0 0
4 0 36 -370.6200 262.3800 1 36 -500.0000 246.0000 2 36 -255.0000 265.8300 3 36 -311.1700 183.2800
-2.8235852881e-001 2.3995320454e-001 -5.9105496882e-001
0 0 0
4 0 37 -362.5700 272.8600 1 37 -505.8800 256.1200 2 37 -247.0000 262.0000 3 37 -320.6100 179.3900
-2.8000291857e-001 2.4364227834e-001 -5.9278921687e-001
0 0 0
4 0 38 -352.8200 286.1800 1 38 -509.8800 268.1200 2 38 -241.7500 261.3300 3 38 -337.0000 177.0000
-2.7761344350e-001 2.4733562171e-001 -5.9333267180e-001
0 0 0
4 0 39 -342.9100 300.6400 1 39 -512.0000 284.0000 2 39 -238.5000 264.5000 3 39 -354.4300 181.1400
-2.7576708013e-001 2.5016338292e-001 -5.9267178896e-001
0 0 0
4 0 40 -335.4000 313.2000 1 40 -511.6000 300.2000 2 40 -238.0000 270.8000 3 40 -368.5600 189.8900
-2.7371735443e-001 2.5255765943e-001 -5.9091944063e-001
0 0 0
4 0 41 -326.2500 327.3300 1 41 -508.0000 316.8000 2 41 -241.0000 280.0000 3 41 -384.9600 205.3100
-2.7218579363e-001 2.5372513529e-001 -5.8856815453e-001
0 0 0
4 0 42 -320.5000 336.5000 1 42 -502.8000 329.7000 2 42 -246.3300 290.0000 3 42 -399.0000 223.0000
-2.7099436483e-001 2.5431951199e-001 -5.8540032930e-001
0 0 0
4 0 43 -312.7100 349.0000 1 43 -496.0000 342.5000 2 43 -256.5000 305.5000 3 43 -408.0900 239.9500
-2.7074841849e-001 2.5371519859e-001 -5.8143856963e-001
0 0 0
4 0 44 -310.1200 356.5000 1 44 -489.3300 351.6700 2 44 -267.5000 321.7100 3 44 -411.4200 260.8900
-2.7149914279e-001 2.5215618852e-001 -5.7683011682e-001
0 0 0
3 0 45 -310.9100 361.6400 1 45 -481.0000 358.7500 2 45 -276.6500 334.8800
-2.7258617312e-001 2.4995205598e-001 -5.7290228548e-001
0 0 0
3 0 46 -314.0000 363.0000 1 46 -473.5700 361.7100 2 46 -287.1900 346.6900
-2.7404818061e-001 2.4773437329e-001 -5.7025133254e-001
0 0 0
3 0 47 -320.0700 360.5300 1 47 -468.1700 360.1700 2 47 -293.2500 353.6700
-2.7649871536e-001 2.4535549965e-001 -5.6889748554e-001
0 0 0
3 0 48 -332.3100 352.8100 1 48 -467.8300 352.1700 2 48 -294.0900 355.6400
-2.7864346128e-001 2.4360923318e-001 -5.6936512352e-001
0 0 0
4 0 49 -346.2000 342.2000 1 49 -471.0000 340.5000 2 49 -290.8200 353.8200 3 49 -354.9100 298.9100
-2.8164359670e-001 2.4128109040e-001 -5.7011949725e-001
0 0 0
4 0 50 -362.2400 327.0600 1 50 -475.2900 325.4300 2 50 -284.2500 345.5800 3 50 -333.8700 288.1300
-2.8438390350e-001 2.3860278101e-001 -5.7066541257e-001
0 0 0
4 0 51 -375.0000 313.0000 1 51 -478.2900 306.4300 2 51 -281.3800 339.6200 3 51 -314.8000 277.6500
-2.8652343055e-001 2.3592450362e-001 -5.7100997936e-001
0 0 0
4 0 52 -386.9000 297.0000 1 52 -478.6700 291.5600 2 52 -280.1700 333.0000 3 52 -301.5300 270.0000
-2.8817981742e-001 2.3377596021e-001 -5.7175243599e-001
0 0 0
4 0 53 -394.4700 285.3300 1 53 -479.3000 275.7000 2 53 -279.5000 326.5000 3 53 -290.2700 261.3300
-2.8922794926e-001 2.3228598854e-001 -5.7241452234e-001
0 0 0
4 0 54 -400.1500 274.5400 1 54 -479.8800 266.1200 2 54 -278.3000 321.3000 3 54 -284.4700 255.3300
-2.9017907395e-001 2.3146818381e-001 -5.7412832566e-001
0 0 0
4 0 55 -403.8300 267.0000 1 55 -483.3300 254.1100 2 55 -274.5000 314.1200 3 55 -278.2500 244.6700
-2.9064190925e-001 2.3218882940e-001 -5.7649609167e-001
0 0 0
4 0 56 -405.0000 264.8600 1 56 -491.8000 248.1000 2 56 -268.0000 307.6400 3 56 -275.5300 233.3300
-2.9076071486e-001 2.3425926643e-001 -5.7915832559e-001
0 0 0
4 0 57 -404.2500 268.4200 1 57 -502.2500 247.6200 2 57 -257.2500 301.6700 3 57 -274.6200 223.6200
-2.9063482006e-001 2.3673010623e-001 -5.8169122430e-001
0 0 0
4 0 58 -402.5000 273.5000 1 58 -514.0000 249.7100 2 58 -247.8300 297.0000 3 58 -275.7100 215.0000
-2.9002418438e-001 2.3969749060e-001 -5.8478397688e-001
0 0 0
4 0 59 -398.7000 280.3000 1 59 -524.2000 253.0000 2 59 -237.0000 291.8300 3 59 -279.2900 203.2900
-2.8866350401e-001 2.4410502111e-001 -5.8805907455e-001
0 0 0
4 0 60 -392.1700 291.0000 1 60 -535.8800 263.5000 2 60 -223.8200 287.1800 3 60 -288.4400 194.2800
-2.8571492808e-001 2.5045013342e-001 -5.9133905429e-001
0 0 0
4 0 61 -377.8800 310.1200 1 61 -545.5000 283.5000 2 61 -210.2900 284.5000 3 61 -307.2200 188.9100
-2.8209437062e-001 2.5636994464e-001 -5.9475426616e-001
0 0 0
4 0 62 -364.0000 325.2000 1 62 -550.4300 300.2900 2 62 -197.4700 281.1300 3 62 -335.2000 183.0800
-2.7791815337e-001 2.6176050958e-001 -5.9783193535e-001
0 0 0
3 0 63 -348.0000 340.2900 1 63 -553.8600 317.2900 3 63 -367.4100 176.2800
-2.7427366950e-001 2.6577371630e-001 -6.0016329175e-001
0 0 0
3 0 64 -334.0000 350.8000 1 64 -553.8300 329.8300 3 64 -397.7900 171.0600
-2.7043857701e-001 2.6892016149e-001 -6.0146701614e-001
0 0 0
2 0 65 -317.7100 360.4300 1 65 -550.2000 342.4000
-2.6659072535e-001 2.7114010805e-001 -6.0276061354e-001
0 0 0
2 0 66 -303.4000 367.2000 1 66 -544.0000 351.0000
-2.6232336733e-001 2.7287818006e-001 -6.0355076685e-001
0 0 0
2 0 67 -287.5000 373.0000 1 67 -535.0000 360.0000
-2.5637235781e-001 2.6605573476e-001 -5.9649861645e-001
0 0 0
2 0 68 -258.5000 370.5000 1 68 -492.0000 367.0000
-2.5829650931e-001 2.6516854449e-001 -5.9750268259e-001
0 0 0
3 0 69 -268.7500 365.0000 1 69 -497.0000 361.0000 2 69 -247.5300 269.3300
-2.6054133404e-001 2.6401160587e-001 -5.9718816555e-001
0 0 0
3 0 70 -277.2500 361.0000 1 70 -500.0000 355.0000 2 70 -243.0000 270.1700
-2.6324660497e-001 2.6294051276e-001 -5.9676324947e-001
0 0 0
3 0 71 -288.0000 356.0000 1 71 -505.0000 350.0000 2 71 -237.1800 271.8200
-2.6644770967e-001 2.6135523574e-001 -5.9563751051e-001
0 0 0
3 0 72 -300.0000 351.5000 1 72 -510.0000 343.0000 2 72 -232.7000 275.7000
-2.6939546824e-001 2.5937889591e-001 -5.9371598969e-001
0 0 0
4 0 73 -310.6700 346.6700 1 73 -513.6700 336.3300 2 73 -231.0000 279.8000 3 73 -425.5900 205.5900
-2.7204944909e-001 2.5707532912e-001 -5.9201593010e-001
0 0 0
4 0 74 -321.5000 341.0000 1 74 -515.0000 329.0000 2 74 -232.0000 284.8000 3 74 -404.0800 208.6900
-2.7376612697e-001 2.5460306559e-001 -5.9074956783e-001
0 0 0
4 0 75 -327.5000 334.5000 1 75 -513.0000 322.0000 2 75 -235.3300 286.1100 3 75 -388.7100 209.8600
-2.7470848415e-001 2.5245404189e-001 -5.9032763700e-001
0 0 0
4 0 76 -331.3300 326.6700 1 76 -511.0000 315.0000 2 76 -239.0000 284.0000 3 76 -380.0000 208.0000
-2.7470109783e-001 2.5106051860e-001 -5.9076081503e-001
0 0 0
4 0 77 -331.0000 321.5000 1 77 -508.0000 309.0000 2 77 -242.0000 279.0000 3 77 -378.0000 203.5000
