# Bundle file v0.3
4 78
7.6717014805e+002 -7.4831951941e-002 -5.4071935986e-002
9.9887636425e-001 3.7471667046e-003 4.7243705165e-002
-3.6704546247e-003 9.9999180111e-001 -1.7103995350e-003
-4.7249726971e-002 1.5350717929e-003 9.9888192839e-001
2.0614306894e-002 3.2418921635e-003 -3.5207707474e-003
7.3555707470e+002 -1.9348238240e-002 -8.9387471461e-003
-3.9588189581e-002 -5.5544367849e-001 8.3061127808e-001
5.7935932155e-001 6.6451108260e-001 4.7198283616e-001
-8.1411028232e-001 4.9990733254e-001 2.9549468201e-001
1.9169545770e-001 5.3681210773e-001 -7.8767926915e-001
0 0 0
0 0 0
0 0 0
0 0 0
0 0 0
0 0 0
0 0 0
0 0 0
0 0 0
0 0 0
-2.3871993019e-001 2.6086221298e-001 -5.8979993658e-001
0 0 0
2 0 0 -311.1800 338.1800 1 0 -492.0000 333.0000
-2.3636913440e-001 2.6261071448e-001 -5.8928386278e-001
0 0 0
2 0 1 -308.3800 340.5600 1 1 -492.0000 335.7100
-2.3609812915e-001 2.6300944665e-001 -5.8898747802e-001
0 0 0
2 0 2 -308.1400 341.2900 1 2 -492.0000 336.2900
-2.3681919562e-001 2.6244090719e-001 -5.8916031279e-001
0 0 0
2 0 3 -309.0000 340.4300 1 3 -492.0000 335.5000
-2.3913608543e-001 2.6118521463e-001 -5.8903635814e-001
0 0 0
2 0 4 -312.0000 339.0000 1 4 -492.0000 333.7100
-2.4336694656e-001 2.5894512248e-001 -5.8874660267e-001
0 0 0
2 0 5 -317.5000 336.5000 1 5 -492.0000 330.5000
-2.4919266176e-001 2.5533496890e-001 -5.8864130767e-001
0 0 0
2 0 6 -325.0000 331.7300 1 6 -491.8300 325.8300
-2.5643391258e-001 2.4996821822e-001 -5.8840956104e-001
0 0 0
2 0 7 -334.3800 325.4400 1 7 -490.5000 318.5000
-2.6203612659e-001 2.4555600418e-001 -5.8825325388e-001
0 0 0
2 0 8 -341.6900 319.1900 1 8 -489.5000 313.5000
-2.6795968057e-001 2.3872503482e-001 -5.8708518968e-001
0 0 0
2 0 9 -350.0000 311.2700 1 9 -485.3300 305.8900
-2.7348884686e-001 2.2936358850e-001 -5.8698937616e-001
0 0 0
2 0 10 -357.5000 299.2200 1 10 -479.3300 295.5600
-2.7690876776e-001 2.1726344703e-001 -5.8597584799e-001
0 0 0
2 0 11 -362.9300 285.8600 1 11 -468.2700 282.2700
-2.7931711731e-001 2.0380591914e-001 -5.8473531843e-001
0 0 0
2 0 12 -367.4700 268.2600 1 12 -456.0800 270.6700
-2.7806671350e-001 1.8978968515e-001 -5.8196151567e-001
0 0 0
2 0 13 -368.2000 251.8000 1 13 -440.0700 259.7100
-2.7427438011e-001 1.7386001486e-001 -5.7755057637e-001
0 0 0
2 0 14 -366.4400 235.7500 1 14 -419.1700 246.7500
-2.6956544035e-001 1.6160650906e-001 -5.7560563434e-001
0 0 0
2 0 15 -362.2400 219.4100 1 15 -405.0000 239.8300
-2.6429665170e-001 1.5024939776e-001 -5.7409224051e-001
0 0 0
2 0 16 -356.8300 205.2800 1 16 -391.5000 232.5000
-2.5816224642e-001 1.4358903324e-001 -5.7243711271e-001
0 0 0
2 0 17 -350.1100 197.0600 1 17 -382.0000 230.0000
-2.5081925668e-001 1.4580471836e-001 -5.6851720960e-001
0 0 0
2 0 18 -342.5300 201.4700 1 18 -378.0000 236.8000
-2.4022826941e-001 1.5252356856e-001 -5.6357484674e-001
0 0 0
2 0 19 -330.8100 213.1000 1 19 -375.4400 248.3300
-2.3224916136e-001 1.6020460334e-001 -5.5830084950e-001
0 0 0
2 0 20 -322.6200 224.6200 1 20 -375.3000 261.7000
-2.2750204090e-001 1.6862532545e-001 -5.5606149780e-001
0 0 0
2 0 21 -317.0000 237.0000 1 21 -378.8200 271.8200
-2.2573500747e-001 1.7762422303e-001 -5.5445967946e-001
0 0 0
2 0 22 -315.0000 249.7300 1 22 -384.6000 281.4000
-2.2750524804e-001 1.8592700553e-001 -5.5372722248e-001
0 0 0
2 0 23 -317.3300 261.0000 1 23 -392.0000 289.0000
-2.3263557606e-001 1.9220795378e-001 -5.5395009125e-001
0 0 0
2 0 24 -323.7300 269.3300 1 24 -399.8000 293.0000
-2.4088468025e-001 1.9864904860e-001 -5.5542381087e-001
0 0 0
2 0 25 -333.5900 276.9400 1 25 -410.3300 295.7800
-2.5174958989e-001 2.0247325335e-001 -5.5822400744e-001
0 0 0
2 0 26 -346.1800 280.8200 1 26 -420.8000 294.0000
-2.6289874482e-001 2.0426056782e-001 -5.6452874270e-001
0 0 0
2 0 27 -357.2400 279.7600 1 27 -432.6200 288.3800
-2.7303490075e-001 2.0298064136e-001 -5.7048436264e-001
0 0 0
2 0 28 -367.1000 275.0000 1 28 -441.0000 280.1700
-2.8265170922e-001 1.9862076445e-001 -5.7640609672e-001
0 0 0
2 0 29 -376.2700 266.6700 1 29 -446.1800 268.8200
-2.8942844288e-001 1.9545926882e-001 -5.8247362672e-001
0 0 0
2 0 30 -381.6000 259.6000 1 30 -451.3300 259.7500
-2.9621645652e-001 1.9418551650e-001 -5.8981030503e-001
0 0 0
2 0 31 -386.0000 254.7300 1 31 -459.2200 251.3300
-3.0117853335e-001 1.9387346356e-001 -5.9599698469e-001
0 0 0
2 0 32 -388.6700 251.5300 1 32 -466.3000 245.3000
-3.0519546180e-001 1.9541814511e-001 -6.0513838647e-001
0 0 0
2 0 33 -388.4400 249.7500 1 33 -476.8300 239.1700
-3.0572026437e-001 1.9822027162e-001 -6.1278540672e-001
0 0 0
2 0 34 -384.8600 249.9300 1 34 -485.6200 236.7500
-3.0260886074e-001 2.0279234893e-001 -6.1819683578e-001
0 0 0
2 0 35 -378.1500 253.4600 1 35 -492.2900 238.5700
-2.9788413922e-001 2.1111680183e-001 -6.2126369138e-001
0 0 0
2 0 36 -370.6200 262.3800 1 36 -500.0000 246.0000
-2.9174011110e-001 2.2009968056e-001 -6.2204979006e-001
0 0 0
2 0 37 -362.5700 272.8600 1 37 -505.8800 256.1200
-2.8352829712e-001 2.3003886697e-001 -6.2106778455e-001
0 0 0
2 0 38 -352.8200 286.1800 1 38 -509.8800 268.1200
-2.7405051482e-001 2.4066216208e-001 -6.1713541152e-001
0 0 0
2 0 39 -342.9100 300.6400 1 39 -512.0000 284.0000
-2.6570509613e-001 2.4948191043e-001 -6.1087580351e-001
0 0 0
2 0 40 -335.4000 313.2000 1 40 -511.6000 300.2000
-2.5548985160e-001 2.5782217967e-001 -6.0276077869e-001
0 0 0
2 0 41 -326.2500 327.3300 1 41 -508.0000 316.8000
-2.4808896306e-001 2.6255138983e-001 -5.9476183667e-001
0 0 0
2 0 42 -320.5000 336.5000 1 42 -502.8000 329.7000
-2.3893051660e-001 2.6786548566e-001 -5.8575568513e-001
0 0 0
2 0 43 -312.7100 349.0000 1 43 -496.0000 342.5000
-2.3408445043e-001 2.7004519690e-001 -5.7733843714e-001
0 0 0
2 0 44 -310.1200 356.5000 1 44 -489.3300 351.6700
-2.3149330025e-001 2.6986390135e-001 -5.6798078972e-001
0 0 0
2 0 45 -310.9100 361.6400 1 45 -481.0000 358.7500
-2.3129764345e-001 2.6762922647e-001 -5.6080021007e-001
0 0 0
2 0 46 -314.0000 363.0000 1 46 -473.5700 361.7100
-2.3421878305e-001 2.6366152283e-001 -5.5641833700e-001
0 0 0
2 0 47 -320.0700 360.5300 1 47 -468.1700 360.1700
-2.4339545064e-001 2.5791119062e-001 -5.5664647106e-001
0 0 0
2 0 48 -332.3100 352.8100 1 48 -467.8300 352.1700
-2.5519519253e-001 2.5160943779e-001 -5.6034180202e-001
0 0 0
2 0 49 -346.2000 342.2000 1 49 -471.0000 340.5000
-2.6949303210e-001 2.4326813388e-001 -5.6594679044e-001
0 0 0
2 0 50 -362.2400 327.0600 1 50 -475.2900 325.4300
-2.8209459542e-001 2.3418727871e-001 -5.7293243533e-001
0 0 0
2 0 51 -375.0000 313.0000 1 51 -478.2900 306.4300
-2.9302247144e-001 2.2453976301e-001 -5.7741066245e-001
0 0 0
2 0 52 -386.9000 297.0000 1 52 -478.6700 291.5600
-3.0135658986e-001 2.1651567501e-001 -5.8311075164e-001
0 0 0
2 0 53 -394.4700 285.3300 1 53 -479.3000 275.7000
-3.0737022841e-001 2.1038886807e-001 -5.8692004987e-001
0 0 0
2 0 54 -400.1500 274.5400 1 54 -479.8800 266.1200
-3.1329047024e-001 2.0586333573e-001 -5.9346223381e-001
0 0 0
2 0 55 -403.8300 267.0000 1 55 -483.3300 254.1100
-3.1765052759e-001 2.0647968761e-001 -6.0052200194e-001
0 0 0
2 0 56 -405.0000 264.8600 1 56 -491.8000 248.1000
-3.1999043640e-001 2.1117330905e-001 -6.0623161518e-001
0 0 0
2 0 57 -404.2500 268.4200 1 57 -502.2500 247.6200
-3.2143562596e-001 2.1754961872e-001 -6.1175458165e-001
0 0 0
2 0 58 -402.5000 273.5000 1 58 -514.0000 249.7100
-3.2077990487e-001 2.2446736850e-001 -6.1648539971e-001
0 0 0
2 0 59 -398.7000 280.3000 1 59 -524.2000 253.0000
-3.1714539886e-001 2.3530031814e-001 -6.1965497267e-001
0 0 0
2 0 60 -392.1700 291.0000 1 60 -535.8800 263.5000
-3.0571907324e-001 2.5144303961e-001 -6.1975558504e-001
0 0 0
2 0 61 -377.8800 310.1200 1 61 -545.5000 283.5000
-2.9414221033e-001 2.6390855907e-001 -6.1905532656e-001
0 0 0
2 0 62 -364.0000 325.2000 1 62 -550.4300 300.2900
-2.8076752232e-001 2.7627783307e-001 -6.1825435579e-001
0 0 0
2 0 63 -348.0000 340.2900 1 63 -553.8600 317.2900
-2.6883960960e-001 2.8465505367e-001 -6.1716684929e-001
0 0 0
2 0 64 -334.0000 350.8000 1 64 -553.8300 329.8300
-2.5456293466e-001 2.9179706486e-001 -6.1494259125e-001
0 0 0
2 0 65 -317.7100 360.4300 1 65 -550.2000 342.4000
-2.4178333301e-001 2.9578537044e-001 -6.1225360052e-001
0 0 0
2 0 66 -303.4000 367.2000 1 66 -544.0000 351.0000
-2.2733493553e-001 2.9866240757e-001 -6.0826071214e-001
0 0 0
2 0 67 -287.5000 373.0000 1 67 -535.0000 360.0000
-1.9735520315e-001 2.8616986474e-001 -5.8879379564e-001
0 0 0
2 0 68 -258.5000 370.5000 1 68 -492.0000 367.0000
-2.0635999556e-001 2.8365980716e-001 -5.9205433545e-001
0 0 0
2 0 69 -268.7500 365.0000 1 69 -497.0000 361.0000
-2.1372079016e-001 2.8102440825e-001 -5.9413472129e-001
0 0 0
2 0 70 -277.2500 361.0000 1 70 -500.0000 355.0000
-2.2301723854e-001 2.7878074410e-001 -5.9647342500e-001
0 0 0
2 0 71 -288.0000 356.0000 1 71 -505.0000 350.0000
-2.3344133702e-001 2.7602483614e-001 -5.9881745893e-001
0 0 0
2 0 72 -300.0000 351.5000 1 72 -510.0000 343.0000
-2.4266276839e-001 2.7288169346e-001 -6.0064169807e-001
0 0 0
2 0 73 -310.6700 346.6700 1 73 -513.6700 336.3300
-2.5159369774e-001 2.6838249400e-001 -6.0127151010e-001
0 0 0
2 0 74 -321.5000 341.0000 1 74 -515.0000 329.0000
-2.5646275499e-001 2.6309136137e-001 -6.0177131883e-001
0 0 0
2 0 75 -327.5000 334.5000 1 75 -513.0000 322.0000
-2.5994183809e-001 2.5767048279e-001 -6.0342982352e-001
0 0 0
2 0 76 -331.3300 326.6700 1 76 -511.0000 315.0000
-2.6012364707e-001 2.5347846281e-001 -6.0516921254e-001
0 0 0
2 0 77 -331.0000 321.5000 1 77 -508.0000 309.0000
