# Bundle file v0.3
4 125
6.2000569572e+002 -5.2704930311e-003 7.1446681641e-005
9.9818620038e-001 -6.0893263106e-003 5.9893484461e-002
7.2384845167e-003 9.9979349958e-001 -1.8988484378e-002
-5.9765489354e-002 1.9387581132e-002 9.9802415200e-001
7.5557717139e-002 -2.9384454438e-002 1.9317109918e-001
6.2208182996e+002 8.1436993027e-002 8.5414450716e-003
5.9564260942e-001 3.4647353012e-001 7.2468336173e-001
-2.9565047273e-001 9.3342045530e-001 -2.0326596271e-001
-7.4686054911e-001 -9.3179110041e-002 6.5842005865e-001
7.6932949209e-001 -2.8017471643e-001 -2.8926344399e-001
4.9269237784e+002 -4.0469984687e-002 -1.6994675236e-003
-5.7000257914e-001 -3.3017068035e-001 -7.5238579307e-001
5.0137874063e-001 5.8568722795e-001 -6.3685934825e-001
6.5093503379e-001 -7.4024171245e-001 -1.6830267059e-001
-9.0182939361e-001 -7.7957785763e-001 -9.0627814306e-001
5.1367638610e+002 1.8747650608e-002 -1.2582813740e-002
-9.8291874519e-001 1.8397407898e-001 4.9273336810e-003
1.0503691006e-001 5.8276317142e-001 -8.0582525002e-001
-1.5112242680e-001 -7.9154319169e-001 -5.9213291398e-001
-7.3234044650e-002 -8.7323617022e-001 -1.3509415894e+000
5.1936302051e-002 -1.6829422942e-001 -1.1897122092e+000
0 0 0
4 0 0 35.7100 -108.0000 1 0 -69.0000 -120.0000 2 0 17.2100 -84.9500 3 0 -159.1000 -7.1900
5.3403274375e-002 -1.7077510350e-001 -1.1772134876e+000
0 0 0
4 0 1 37.5000 -111.5000 1 1 -64.0000 -124.0000 2 1 8.7100 -92.7100 3 1 -159.0000 -18.0000
4.8847069853e-002 -1.7001182428e-001 -1.1689645421e+000
0 0 0
4 0 2 35.0000 -112.0000 1 2 -62.5800 -124.7500 2 2 5.0000 -98.4300 3 2 -153.2200 -24.1100
4.1220248243e-002 -1.6620149400e-001 -1.1636814105e+000
0 0 0
4 0 3 30.4000 -110.4000 1 3 -62.4300 -123.0000 2 3 4.3100 -101.0800 3 3 -143.9100 -26.7300
3.6012959553e-002 -1.6524086047e-001 -1.1651721202e+000
0 0 0
4 0 4 27.2900 -109.2900 1 4 -65.0000 -121.8300 2 4 7.7700 -101.1500 3 4 -139.0000 -26.0000
2.8270425577e-002 -1.6083674824e-001 -1.1667781386e+000
0 0 0
4 0 5 22.0000 -106.7300 1 5 -67.5700 -118.2900 2 5 11.1800 -99.8200 3 5 -130.6000 -22.9600
1.5684840624e-002 -1.5175276801e-001 -1.1716797866e+000
0 0 0
4 0 6 13.7200 -100.4400 1 6 -72.5600 -110.7500 2 6 17.7100 -95.5000 3 6 -116.7800 -15.6900
4.7563146640e-003 -1.3940769943e-001 -1.1820930820e+000
0 0 0
3 0 7 6.3900 -91.7200 1 7 -78.2300 -101.1500 2 7 25.2900 -86.7100
-1.2650951790e-003 -1.2750851692e-001 -1.1924732808e+000
0 0 0
4 0 8 2.2400 -83.0600 1 8 -82.4200 -91.7500 2 8 31.0000 -76.0000 3 8 -95.9100 11.6000
1.3335373712e-003 -1.1520634917e-001 -1.2049846743e+000
0 0 0
4 0 9 3.1000 -75.0000 1 9 -83.0800 -82.3100 2 9 33.5300 -63.3300 3 9 -96.0000 29.0000
8.4123723310e-003 -1.0378387798e-001 -1.2163946303e+000
0 0 0
4 0 10 6.9500 -66.7900 1 10 -82.0000 -76.0000 2 10 34.3300 -48.0000 3 10 -99.5500 43.6500
2.3342855851e-002 -9.4647867980e-002 -1.2297431901e+000
0 0 0
4 0 11 15.4400 -60.3800 1 11 -79.4200 -70.5000 2 11 33.2900 -31.2900 3 11 -111.4200 59.9400
4.1205167335e-002 -9.3931648274e-002 -1.2371412841e+000
0 0 0
4 0 12 25.6200 -59.4400 1 12 -74.6700 -71.5600 2 12 29.8000 -20.8700 3 12 -127.7800 68.5400
6.2646623817e-002 -1.0037993739e-001 -1.2346288836e+000
0 0 0
4 0 13 39.0000 -62.9000 1 13 -66.5000 -77.5000 2 13 21.2100 -17.6400 3 13 -148.7600 65.4500
8.1687373041e-002 -1.0791426420e-001 -1.2255874667e+000
0 0 0
4 0 14 50.6700 -67.7300 1 14 -58.0000 -84.8000 2 14 8.4700 -18.6700 3 14 -167.1500 56.0800
9.4194871344e-002 -1.1213477782e-001 -1.2172605567e+000
0 0 0
4 0 15 58.0000 -71.2700 1 15 -51.6400 -90.5500 2 15 -3.2900 -20.7100 3 15 -178.1400 49.8100
1.0973722276e-001 -1.1937920731e-001 -1.2097162845e+000
0 0 0
4 0 16 68.0000 -75.2700 1 16 -45.3300 -95.5600 2 16 -13.6700 -22.0000 3 16 -194.0000 40.0000
1.2042649529e-001 -1.2292353431e-001 -1.2012703354e+000
0 0 0
4 0 17 76.0000 -78.7300 1 17 -39.0000 -100.0000 2 17 -24.3800 -24.5600 3 17 -202.3800 33.3800
1.2739554292e-001 -1.2693084781e-001 -1.1934131391e+000
0 0 0
4 0 18 81.3100 -81.8800 1 18 -34.8000 -104.0000 2 18 -33.0000 -29.0000 3 18 -208.3800 26.6200
1.2983295004e-001 -1.3350050325e-001 -1.1892920921e+000
0 0 0
4 0 19 83.2900 -85.8600 1 19 -33.2000 -108.0000 2 19 -34.8000 -33.8000 3 19 -212.7800 19.4400
1.2601867722e-001 -1.4357593824e-001 -1.1915915418e+000
0 0 0
4 0 20 80.6700 -91.7300 1 20 -37.3300 -112.4400 2 20 -28.2100 -40.0500 3 20 -214.8900 15.4200
1.1941494131e-001 -1.5380249864e-001 -1.2014110289e+000
0 0 0
4 0 21 75.7700 -96.8500 1 21 -45.0000 -115.8300 2 21 -14.2100 -43.0000 3 21 -216.2700 16.7600
1.0899440895e-001 -1.6437328733e-001 -1.2188362005e+000
0 0 0
4 0 22 67.6000 -101.6000 1 22 -56.8800 -117.1200 2 22 7.6200 -43.4400 3 22 -216.5700 24.0000
9.9207030167e-002 -1.7116732345e-001 -1.2345934215e+000
0 0 0
4 0 23 60.2900 -104.5000 1 23 -67.5000 -117.5000 2 23 26.1100 -42.9400 3 23 -214.8300 33.8000
8.9721539613e-002 -1.7693661426e-001 -1.2506610006e+000
0 0 0
4 0 24 53.1500 -105.7700 1 24 -77.6700 -116.5600 2 24 45.4400 -40.3900 3 24 -213.2000 43.0900
8.4782271731e-002 -1.7895154304e-001 -1.2653899126e+000
0 0 0
4 0 25 49.3300 -105.7500 1 25 -85.8000 -115.0000 2 25 58.8100 -35.3800 3 25 -213.2700 56.0900
8.1788758205e-002 -1.8170520399e-001 -1.2820531638e+000
0 0 0
4 0 26 46.1500 -105.4600 1 26 -92.2000 -113.0000 2 26 74.9100 -27.3200 3 26 -216.4100 69.4300
7.9311126509e-002 -1.8373993255e-001 -1.2962997386e+000
0 0 0
4 0 27 43.8300 -105.0000 1 27 -99.0000 -111.2900 2 27 87.5000 -21.0000 3 27 -219.2900 82.5700
8.0965234285e-002 -1.8393084054e-001 -1.3101678201e+000
0 0 0
4 0 28 43.7500 -103.5800 1 28 -102.0000 -109.7100 2 28 97.9000 -11.8100 3 28 -225.1800 97.4900
8.3270540116e-002 -1.8364277425e-001 -1.3215850225e+000
0 0 0
4 0 29 44.1500 -102.5400 1 29 -104.8000 -108.0000 2 29 105.5800 -3.1100 3 29 -231.0200 110.2800
8.5207189267e-002 -1.8371419227e-001 -1.3282713326e+000
0 0 0
4 0 30 44.8000 -102.0000 1 30 -106.3300 -106.8900 2 30 110.0000 2.0000 3 30 -235.4100 117.8900
8.8420489552e-002 -1.8492995337e-001 -1.3354935544e+000
0 0 0
4 0 31 45.9000 -101.5000 1 31 -107.6700 -106.5600 2 31 114.7000 6.8500 3 31 -242.4700 126.2700
9.0714746951e-002 -1.8665477866e-001 -1.3406391660e+000
0 0 0
4 0 32 46.8000 -102.0000 1 32 -108.8300 -106.8300 2 32 119.0000 11.0000 3 32 -247.8600 131.1400
9.3190287307e-002 -1.8878494266e-001 -1.3441965352e+000
0 0 0
4 0 33 48.0000 -102.8000 1 33 -109.3800 -107.7500 2 33 121.7900 13.1600 3 33 -253.3500 134.8600
9.4188391700e-002 -1.9008411483e-001 -1.3456125027e+000
0 0 0
4 0 34 48.1800 -103.1800 1 34 -109.5000 -108.1200 2 34 123.1400 13.5700 3 34 -256.0900 136.1900
9.4205772919e-002 -1.9171780895e-001 -1.3441377357e+000
0 0 0
4 0 35 48.4000 -104.4000 1 35 -109.2900 -109.0000 2 35 122.6800 11.4100 3 35 -256.7300 133.9100
9.2988444480e-002 -1.9265401235e-001 -1.3413307100e+000
0 0 0
4 0 36 48.0000 -105.2000 1 36 -109.2000 -110.0000 2 36 121.2900 8.3800 3 36 -254.9400 130.1100
8.9855375061e-002 -1.9366288624e-001 -1.3364747967e+000
0 0 0
4 0 37 46.3300 -106.2200 1 37 -109.0000 -111.0000 2 37 119.0900 2.9100 3 37 -250.4700 123.7000
8.5840739893e-002 -1.9492208266e-001 -1.3310014452e+000
0 0 0
4 0 38 44.6400 -107.9100 1 38 -109.3300 -112.1100 2 38 117.0000 -3.0000 3 38 -244.7500 116.1200
8.0226694663e-002 -1.9595740097e-001 -1.3238639954e+000
0 0 0
4 0 39 42.1800 -108.8200 1 39 -109.5000 -113.5000 2 39 114.2100 -11.1600 3 39 -236.7500 106.9300
7.2651272776e-002 -1.9557587731e-001 -1.3180264242e+000
0 0 0
4 0 40 38.2500 -109.3300 1 40 -110.0000 -113.2000 2 40 112.5000 -19.0000 3 40 -226.3300 100.3000
6.2924960606e-002 -1.9242335575e-001 -1.3137495630e+000
0 0 0
4 0 41 33.9100 -108.3600 1 41 -112.0000 -112.0000 2 41 111.8000 -23.8000 3 41 -211.7700 96.0900
4.9550910056e-002 -1.8875691260e-001 -1.3115162758e+000
0 0 0
4 0 42 25.9100 -106.3600 1 42 -116.0000 -109.0000 2 42 113.5000 -29.2200 3 42 -194.6300 94.2600
3.2478298382e-002 -1.8370374231e-001 -1.3084142809e+000
0 0 0
4 0 43 17.5000 -104.5000 1 43 -120.1200 -105.8800 2 43 116.0000 -35.0000 3 43 -171.4600 91.8500
1.7652460998e-002 -1.8081738276e-001 -1.3068699491e+000
0 0 0
4 0 44 7.4600 -102.1500 1 44 -126.0000 -102.0000 2 44 118.5900 -41.1200 3 44 -154.7200 90.1100
-3.2062419083e-004 -1.7401494755e-001 -1.3043512504e+000
0 0 0
4 0 45 -0.5400 -99.8500 1 45 -130.2500 -98.3800 2 45 120.7900 -45.0500 3 45 -129.6000 89.5400
-1.3266950838e-002 -1.6980079677e-001 -1.3026548667e+000
0 0 0
4 0 46 -8.3600 -97.4500 1 46 -134.8800 -94.5000 2 46 122.1400 -48.7100 3 46 -113.8200 88.5000
-2.6700133120e-002 -1.6467564893e-001 -1.3004882059e+000
0 0 0
4 0 47 -15.5300 -95.3300 1 47 -138.3300 -91.4400 2 47 123.0800 -51.6900 3 47 -96.1200 87.8800
-3.7427486408e-002 -1.5983570502e-001 -1.2994737214e+000
0 0 0
4 0 48 -22.0900 -92.3600 1 48 -142.1800 -87.1800 2 48 124.0000 -53.5000 3 48 -83.0500 87.9300
-5.0618321508e-002 -1.5402667316e-001 -1.2967007904e+000
0 0 0
4 0 49 -29.5000 -89.5000 1 49 -145.8200 -83.1800 2 49 124.0000 -56.5000 3 49 -66.3200 87.0000
-6.1104148531e-002 -1.4884220060e-001 -1.2930776004e+000
0 0 0
4 0 50 -35.5300 -86.8700 1 50 -148.2000 -79.9000 2 50 122.9300 -59.1400 3 50 -53.0400 85.0400
-7.1623137835e-002 -1.4274656369e-001 -1.2887131888e+000
0 0 0
4 0 51 -42.0000 -83.5000 1 51 -150.6700 -75.7500 2 51 121.0000 -61.8300 3 51 -40.2100 82.7400
-8.3432922024e-002 -1.3590211465e-001 -1.2817506999e+000
0 0 0
4 0 52 -48.1400 -80.7100 1 52 -151.9000 -71.8000 2 52 118.0000 -65.0000 3 52 -24.9500 78.1700
-9.3791744849e-002 -1.2995167116e-001 -1.2738604058e+000
0 0 0
4 0 53 -53.5000 -78.2900 1 53 -152.3800 -68.6200 2 53 114.5000 -68.5000 3 53 -11.8400 72.5100
-1.0069362209e-001 -1.2442316468e-001 -1.2666084253e+000
0 0 0
4 0 54 -58.1500 -75.4600 1 54 -152.2900 -65.5000 2 54 110.3300 -71.2500 3 54 -3.9200 67.7300
-1.0631208102e-001 -1.1925768559e-001 -1.2578943644e+000
0 0 0
4 0 55 -61.3800 -73.6200 1 55 -150.3800 -63.3800 2 55 105.2000 -74.0000 3 55 3.3100 61.9100
-1.1074055086e-001 -1.1456833443e-001 -1.2491603910e+000
0 0 0
4 0 56 -64.2700 -71.3300 1 56 -148.5000 -61.5000 2 56 100.0000 -77.0000 3 56 8.4700 56.0500
-1.1373000606e-001 -1.0958215343e-001 -1.2387438974e+000
0 0 0
4 0 57 -66.5000 -69.5000 1 57 -145.0000 -59.8300 2 57 93.1800 -80.1800 3 57 12.1900 49.5300
-1.1615859687e-001 -1.0454846342e-001 -1.2284096962e+000
0 0 0
4 0 58 -68.1400 -67.2900 1 58 -141.6000 -58.4000 2 58 86.3600 -82.5500 3 58 15.3600 42.9700
-1.1545925114e-001 -9.9764525249e-002 -1.2195170908e+000
0 0 0
4 0 59 -68.1300 -65.0000 1 59 -136.6900 -57.1900 2 59 79.9000 -83.8000 3 59 15.3100 38.0900
-1.1274666993e-001 -9.4195857165e-002 -1.2100274386e+000
0 0 0
4 0 60 -66.6700 -62.4700 1 60 -130.6700 -55.7300 2 60 72.0000 -84.3600 3 60 13.5700 33.5300
-1.1063118041e-001 -8.7171197618e-002 -1.1989232562e+000
0 0 0
4 0 61 -65.6200 -58.5600 1 61 -123.3300 -53.7300 2 61 64.0000 -84.8000 3 61 12.6900 28.0900
-1.0951739457e-001 -7.9756032159e-002 -1.1879332031e+000
0 0 0
4 0 62 -65.3300 -55.0000 1 62 -117.4400 -51.2500 2 62 54.8200 -85.8200 3 62 12.6400 24.0000
-1.0581212154e-001 -7.3051972153e-002 -1.1773314838e+000
0 0 0
4 0 63 -63.6200 -51.4400 1 63 -109.4400 -49.2500 2 63 46.8200 -85.8200 3 63 10.0900 19.4400
-1.0269320551e-001 -6.3724580986e-002 -1.1680606949e+000
0 0 0
4 0 64 -61.6700 -46.0000 1 64 -102.7100 -45.8600 2 64 38.0000 -84.0000 3 64 8.9300 17.4100
-1.0237080040e-001 -5.2086423700e-002 -1.1593506029e+000
0 0 0
4 0 65 -62.0000 -39.0000 1 65 -96.4000 -40.4000 2 65 30.2900 -82.0000 3 65 10.1800 17.0000
-1.0332959419e-001 -4.2277848198e-002 -1.1509920890e+000
0 0 0
4 0 66 -63.0000 -33.0000 1 66 -91.2100 -35.6400 2 66 24.0000 -81.0000 3 66 12.1900 15.7000
-1.0496458301e-001 -3.2118921861e-002 -1.1415218532e+000
0 0 0
4 0 67 -64.2400 -26.9400 1 67 -85.5000 -30.5000 2 67 17.5600 -80.6700 3 67 14.9100 13.9700
-1.0737519367e-001 -2.4174288857e-002 -1.1288722813e+000
0 0 0
4 0 68 -66.2100 -22.0500 1 68 -79.8300 -27.0000 2 68 10.4300 -82.2900 3 68 17.5500 8.5900
-1.0884223392e-001 -1.6632749484e-002 -1.1136854665e+000
0 0 0
4 0 69 -67.7600 -17.4100 1 69 -72.0000 -24.5700 2 69 2.0000 -85.7100 3 69 19.4500 2.7600
-1.0931740229e-001 -1.0940966881e-002 -1.0998500632e+000
0 0 0
4 0 70 -68.5300 -14.2600 1 70 -64.9000 -23.0000 2 70 -5.8300 -88.1700 3 70 20.5400 -3.3600
-1.0874066243e-001 -7.8717177672e-003 -1.0860123096e+000
0 0 0
4 0 71 -68.7500 -12.5000 1 71 -57.6400 -23.2100 2 71 -13.0000 -92.0000 3 71 20.1200 -10.2300
-1.0734698000e-001 -5.0578188758e-003 -1.0736063185e+000
0 0 0
4 0 72 -68.2500 -10.7000 1 72 -50.7900 -23.6400 2 72 -19.6700 -94.6700 3 72 19.2000 -16.5600
-1.0607115583e-001 4.1617147280e-004 -1.0618551094e+000
0 0 0
4 0 73 -67.6200 -7.0000 1 73 -43.4600 -22.1500 2 73 -26.4300 -96.2900 3 73 18.8300 -20.8800
-1.0453761610e-001 7.6991945845e-003 -1.0480120281e+000
0 0 0
4 0 74 -67.1200 -2.6700 1 74 -34.4000 -19.6000 2 74 -35.1200 -97.8800 3 74 18.6000 -24.7600
-1.0377652048e-001 1.4636584319e-002 -1.0353294755e+000
0 0 0
4 0 75 -67.0000 3.0000 1 75 -26.4000 -17.6000 2 75 -42.0000 -99.7100 3 75 18.5000 -28.5000
-1.0121555961e-001 2.1170181486e-002 -1.0178730083e+000
0 0 0
4 0 76 -66.0000 7.5200 1 76 -14.4000 -16.4000 2 76 -51.0000 -102.0000 3 76 17.0900 -35.0900
-1.0079229044e-001 2.8442088762e-002 -1.0026942527e+000
0 0 0
4 0 77 -65.9200 13.5600 1 77 -5.6000 -14.4000 2 77 -59.6000 -104.2000 3 77 17.7700 -39.8200
-1.0121272285e-001 3.8461731385e-002 -9.9166796097e-001
0 0 0
4 0 78 -66.9100 21.2200 1 78 2.4700 -9.3500 2 78 -65.8000 -103.6000 3 78 19.0000 -41.0000
-1.0251127014e-001 5.6219598075e-002 -9.8623895045e-001
0 0 0
4 0 79 -68.5400 35.3500 1 79 9.3100 2.1200 2 79 -69.6000 -97.8000 3 79 21.0900 -36.7800
-1.0365871350e-001 7.1375257245e-002 -9.8420064886e-001
0 0 0
4 0 80 -69.5600 47.3700 1 80 13.5600 12.2500 2 80 -72.2000 -92.4000 3 80 23.4000 -31.6500
-1.0384280869e-001 8.7641030727e-002 -9.8040209222e-001
0 0 0
4 0 81 -69.7300 60.7300 1 81 19.5300 22.6700 2 81 -75.5000 -87.5000 3 81 25.0000 -27.0000
-1.0681366041e-001 9.5697103870e-002 -9.8836087681e-001
0 0 0
4 0 82 -71.8300 66.5000 1 82 16.4400 29.7500 2 82 -71.8000 -82.4000 3 82 27.6700 -20.0000
-1.1034067383e-001 8.5825016221e-002 -9.9911739697e-001
0 0 0
4 0 83 -74.0000 58.2400 1 83 6.8800 25.4100 2 83 -64.5000 -83.5000 3 83 29.0000 -19.0000
-1.1413942861e-001 7.4769606008e-002 -1.0122712865e+000
0 0 0
4 0 84 -76.0000 49.6200 1 84 -4.8000 20.2000 2 84 -56.5000 -84.5000 3 84 30.9000 -17.0000
-1.1714307525e-001 6.1175539427e-002 -1.0244128689e+000
0 0 0
4 0 85 -78.0000 38.0000 1 85 -14.7300 14.0000 2 85 -48.0000 -86.5000 3 85 31.6700 -16.0000
-1.1881750756e-001 4.5986851754e-002 -1.0312654006e+000
0 0 0
4 0 86 -78.8000 26.5600 1 86 -22.8700 5.5300 2 86 -42.1200 -90.8800 3 86 31.2700 -19.0000
-1.1952566828e-001 2.8872038577e-002 -1.0367776628e+000
0 0 0
4 0 87 -78.7100 13.4600 1 87 -30.0000 -4.7300 2 87 -37.0000 -96.5000 3 87 30.7300 -23.0000
-1.1854961485e-001 1.3564481959e-002 -1.0418816848e+000
0 0 0
4 0 88 -77.6200 3.0000 1 88 -36.3600 -15.2100 2 88 -33.0000 -101.0000 3 88 28.9100 -26.7800
-1.1671949171e-001 -1.0784954761e-003 -1.0467277145e+000
0 0 0
4 0 89 -76.0000 -8.3800 1 89 -41.0000 -23.5700 2 89 -28.6700 -105.6700 3 89 26.0000 -30.3800
-1.1536980295e-001 -1.4119282547e-002 -1.0511409946e+000
0 0 0
4 0 90 -74.8300 -17.0000 1 90 -46.2900 -32.5000 2 90 -25.1700 -109.1700 3 90 23.7700 -34.1800
-1.1369399203e-001 -2.5558443552e-002 -1.0580381243e+000
0 0 0
4 0 91 -73.2700 -25.5000 1 91 -51.2100 -38.3600 2 91 -20.1200 -111.8800 3 91 21.1200 -35.5000
-1.1187762593e-001 -3.6518250261e-002 -1.0656014905e+000
0 0 0
4 0 92 -71.3000 -33.1500 1 92 -56.3800 -44.5600 2 92 -15.1200 -113.8800 3 92 19.0000 -36.1000
-1.1031422939e-001 -4.4898090171e-002 -1.0721539087e+000
0 0 0
4 0 93 -70.0000 -39.0000 1 93 -60.9500 -49.1100 2 93 -11.2900 -114.5700 3 93 16.9300 -36.4100
-1.0819338177e-001 -5.4077434443e-002 -1.0798907159e+000
0 0 0
4 0 94 -68.1100 -44.9400 1 94 -65.4400 -53.8900 2 94 -6.1200 -115.8800 3 94 14.1600 -36.1200
-1.0608976085e-001 -6.1556428540e-002 -1.0875770521e+000
0 0 0
4 0 95 -66.4100 -49.5900 1 95 -69.9400 -57.6500 2 95 -1.7100 -116.0000 3 95 11.4800 -35.1600
-1.0299125047e-001 -7.0537588655e-002 -1.0992535728e+000
0 0 0
4 0 96 -63.7000 -55.1000 1 96 -75.5600 -61.7500 2 96 5.1200 -114.8800 3 96 8.0700 -32.4100
-9.9382196001e-002 -7.7899210341e-002 -1.1109248823e+000
0 0 0
4 0 97 -60.8100 -59.3800 1 97 -80.0000 -64.5700 2 97 12.0000 -113.2000 3 97 4.1400 -28.5000
-9.5564535938e-002 -8.4832102341e-002 -1.1232076191e+000
0 0 0
4 0 98 -58.0000 -63.0000 1 98 -85.6000 -67.6000 2 98 17.8300 -111.0000 3 98 -0.1000 -23.3200
-9.1228780712e-002 -9.1601617876e-002 -1.1415614850e+000
0 0 0
4 0 99 -54.8300 -65.2800 1 99 -93.6000 -69.6000 2 99 27.0000 -106.0000 3 99 -5.2600 -14.0000
-8.5770239035e-002 -9.6881190419e-002 -1.1550299066e+000
0 0 0
4 0 100 -50.6500 -68.0000 1 100 -97.5300 -70.6700 2 100 34.0000 -101.0000 3 100 -10.8100 -7.5200
-8.0432540486e-002 -1.0115141109e-001 -1.1689451877e+000
0 0 0
4 0 101 -46.7100 -69.2900 1 101 -101.2100 -71.6400 2 101 41.4000 -95.4000 3 101 -16.3000 0.2400
-7.4807971734e-002 -1.0456177592e-001 -1.1837322017e+000
0 0 0
4 0 102 -43.7100 -70.5000 1 102 -105.1500 -71.7700 2 102 47.7800 -90.3300 3 102 -22.8100 11.1900
-6.9756014759e-002 -1.0907238096e-001 -1.1958726313e+000
0 0 0
4 0 103 -40.4000 -72.4000 1 103 -108.4300 -73.0000 2 103 54.2500 -85.3300 3 103 -28.5800 18.2400
-6.4414881664e-002 -1.1321868430e-001 -1.2065770171e+000
0 0 0
4 0 104 -36.8500 -73.7700 1 104 -111.1500 -74.2300 2 104 59.8300 -81.0000 3 104 -34.8400 24.7100
-5.7420520318e-002 -1.1844633834e-001 -1.2184982175e+000
0 0 0
4 0 105 -32.5000 -75.7100 1 105 -113.5000 -76.0000 2 105 66.0000 -76.5000 3 105 -43.2600 32.3700
-4.9678676249e-002 -1.2288092559e-001 -1.2294469703e+000
0 0 0
4 0 106 -28.4700 -77.3300 1 106 -115.3300 -77.7500 2 106 70.6200 -71.6200 3 106 -52.7600 40.2700
-4.2009120537e-002 -1.2716797302e-001 -1.2392496849e+000
0 0 0
4 0 107 -23.5000 -79.1900 1 107 -116.1000 -79.8000 2 107 75.7100 -65.5000 3 107 -61.3900 46.3400
-2.7849943395e-002 -1.3295200922e-001 -1.2513504518e+000
0 0 0
4 0 108 -16.0000 -81.2700 1 108 -115.9000 -81.8000 2 108 79.3800 -59.6200 3 108 -78.9200 56.1800
-1.5143738107e-002 -1.3694203745e-001 -1.2613319583e+000
0 0 0
4 0 109 -9.8500 -82.5400 1 109 -114.4000 -84.4000 2 109 82.5000 -51.5000 3 109 -94.0000 64.0000
-1.8038189266e-003 -1.4122894351e-001 -1.2689816070e+000
0 0 0
4 0 110 0.0800 -84.8500 1 110 -112.2000 -87.0000 2 110 84.5600 -44.7500 3 110 -108.4700 69.9500
1.0913709446e-002 -1.4633829921e-001 -1.2775350371e+000
0 0 0
4 0 111 5.7100 -86.5000 1 111 -111.8200 -88.8200 2 111 86.3800 -39.4400 3 111 -125.8200 77.1800
1.9477879569e-002 -1.4772270858e-001 -1.2829762098e+000
0 0 0
4 0 112 11.8300 -87.0000 1 112 -110.0000 -90.0000 2 112 88.0600 -33.1200 3 112 -135.0000 82.0000
2.7403615020e-002 -1.5045203117e-001 -1.2884689190e+000
0 0 0
4 0 113 15.3800 -87.6200 1 113 -109.5600 -91.3300 2 113 89.2200 -29.1700 3 113 -145.8200 87.2600
3.4798954911e-002 -1.5129913128e-001 -1.2929422726e+000
0 0 0
4 0 114 19.0000 -87.8300 1 114 -108.0000 -92.0000 2 114 89.7500 -23.8100 3 114 -154.6100 91.8900
4.0778394518e-002 -1.5247688091e-001 -1.2966511626e+000
0 0 0
4 0 115 22.3600 -88.0900 1 115 -107.2000 -92.0000 2 115 90.4100 -20.4100 3 115 -162.2700 95.7300
4.5521013613e-002 -1.5351238108e-001 -1.2983388727e+000
0 0 0
4 0 116 24.8200 -88.1800 1 116 -106.0000 -93.0000 2 116 90.3300 -17.7200 3 116 -168.0000 97.1000
5.0027241709e-002 -1.5466788802e-001 -1.2995459614e+000
0 0 0
4 0 117 26.7500 -88.3300 1 117 -104.8000 -94.0000 2 117 89.6700 -16.0000 3 117 -173.7600 98.3700
5.3871928051e-002 -1.5520187570e-001 -1.3011044110e+000
0 0 0
4 0 118 29.4600 -89.0000 1 118 -104.0000 -94.0000 2 118 89.6200 -13.4400 3 118 -178.0500 99.8200
5.7842270122e-002 -1.5529409358e-001 -1.3026539557e+000
0 0 0
4 0 119 31.6900 -88.9200 1 119 -102.8000 -94.3000 2 119 89.2200 -10.8300 3 119 -182.4500 101.7600
6.0657831812e-002 -1.5500147930e-001 -1.3038463916e+000
0 0 0
4 0 120 32.8200 -88.1800 1 120 -102.2500 -94.3800 2 120 88.7100 -8.7100 3 120 -185.7200 103.2600
6.2611510587e-002 -1.5493035671e-001 -1.3054888577e+000
0 0 0
4 0 121 33.7300 -88.2700 1 121 -102.0000 -94.0000 2 121 88.9000 -7.0000 3 121 -188.1600 105.3300
6.3684850981e-002 -1.5473344907e-001 -1.3059337166e+000
0 0 0
4 0 122 34.2000 -88.1000 1 122 -101.6700 -94.2200 2 122 88.6500 -6.0000 3 122 -189.2100 105.9800
6.4295196926e-002 -1.5490685109e-001 -1.3060642844e+000
0 0 0
4 0 123 34.6400 -88.0900 1 123 -101.6700 -94.2200 2 123 88.5900 -5.7600 3 123 -190.0000 106.0000
6.3760580212e-002 -1.5480021256e-001 -1.3063334446e+000
0 0 0
4 0 124 34.0000 -88.0000 1 124 -101.8800 -94.1200 2 124 88.9200 -5.6900 3 124 -189.5500 106.2400
