# Bundle file v0.3
4 125
6.9393208582e+002 -1.9578937367e-004 -1.8421256897e-006
9.9987163204e-001 5.0793452483e-003 -1.5196042128e-002
-4.8887256305e-003 9.9990923219e-001 1.2554988393e-002
1.5258433937e-002 -1.2479087454e-002 9.9980570741e-001
-1.8400627035e-002 1.1007188807e-002 7.5788898388e-002
7.8904286041e+002 1.9616856899e-003 1.0126265805e-004
5.6759196419e-001 3.2085539113e-001 7.5821578733e-001
-2.8600277012e-001 9.4042390206e-001 -1.8386217644e-001
-7.7203741986e-001 -1.1249312166e-001 6.2554258042e-001
8.1026941310e-001 -2.5264911432e-001 -6.0001821008e-001
0 0 0
0 0 0
0 0 0
0 0 0
0 0 0
0 0 0
0 0 0
0 0 0
0 0 0
0 0 0
5.8687147389e-002 -1.7023697238e-001 -1.1992197523e+000
0 0 0
2 0 0 35.7100 -108.0000 1 0 -69.0000 -120.0000
6.1123637031e-002 -1.7389292230e-001 -1.1874255458e+000
0 0 0
2 0 1 37.5000 -111.5000 1 1 -64.0000 -124.0000
5.6883039176e-002 -1.7374236623e-001 -1.1802247494e+000
0 0 0
2 0 2 35.0000 -112.0000 1 2 -62.5800 -124.7500
4.9414607196e-002 -1.7039087474e-001 -1.1748185725e+000
0 0 0
2 0 3 30.4000 -110.4000 1 3 -62.4300 -123.0000
4.4571030880e-002 -1.6936910929e-001 -1.1770990965e+000
0 0 0
2 0 4 27.2900 -109.2900 1 4 -65.0000 -121.8300
3.6180835136e-002 -1.6515912632e-001 -1.1778785099e+000
0 0 0
2 0 5 22.0000 -106.7300 1 5 -67.5700 -118.2900
2.3034096017e-002 -1.5572166417e-001 -1.1825708973e+000
0 0 0
2 0 6 13.7200 -100.4400 1 6 -72.5600 -110.7500
1.1263482289e-002 -1.4318967178e-001 -1.1914302048e+000
0 0 0
2 0 7 6.3900 -91.7200 1 7 -78.2300 -101.1500
4.4246280305e-003 -1.3048520531e-001 -1.2013633427e+000
0 0 0
2 0 8 2.2400 -83.0600 1 8 -82.4200 -91.7500
5.5863580210e-003 -1.1718738973e-001 -1.2108586353e+000
0 0 0
2 0 9 3.1000 -75.0000 1 9 -83.0800 -82.3100
1.1826499897e-002 -1.0547988186e-001 -1.2192967853e+000
0 0 0
2 0 10 6.9500 -66.7900 1 10 -82.0000 -76.0000
2.5810968821e-002 -9.5471903912e-002 -1.2307495930e+000
0 0 0
2 0 11 15.4400 -60.3800 1 11 -79.4200 -70.5000
4.2818233065e-002 -9.4344657528e-002 -1.2349109533e+000
0 0 0
2 0 12 25.6200 -59.4400 1 12 -74.6700 -71.5600
6.5007141484e-002 -9.9709906759e-002 -1.2318316245e+000
0 0 0
2 0 13 39.0000 -62.9000 1 13 -66.5000 -77.5000
8.3954608467e-002 -1.0705155536e-001 -1.2236804492e+000
0 0 0
2 0 14 50.6700 -67.7300 1 14 -58.0000 -84.8000
9.5491235361e-002 -1.1253848475e-001 -1.2149885730e+000
0 0 0
2 0 15 58.0000 -71.2700 1 15 -51.6400 -90.5500
1.1146088332e-001 -1.1808843103e-001 -1.2104323304e+000
0 0 0
2 0 16 68.0000 -75.2700 1 16 -45.3300 -95.5600
1.2378579721e-001 -1.2252953808e-001 -1.2030650103e+000
0 0 0
2 0 17 76.0000 -78.7300 1 17 -39.0000 -100.0000
1.3179201068e-001 -1.2696328016e-001 -1.1972278709e+000
0 0 0
2 0 18 81.3100 -81.8800 1 18 -34.8000 -104.0000
1.3454202885e-001 -1.3285320095e-001 -1.1928854197e+000
0 0 0
2 0 19 83.2900 -85.8600 1 19 -33.2000 -108.0000
1.3065414677e-001 -1.4267234283e-001 -1.1955467609e+000
0 0 0
2 0 20 80.6700 -91.7300 1 20 -37.3300 -112.4400
1.2366817360e-001 -1.5242583852e-001 -1.2043631144e+000
0 0 0
2 0 21 75.7700 -96.8500 1 21 -45.0000 -115.8300
1.1174302050e-001 -1.6192942501e-001 -1.2198958088e+000
0 0 0
2 0 22 67.6000 -101.6000 1 22 -56.8800 -117.1200
1.0079788959e-001 -1.6873511911e-001 -1.2341924657e+000
0 0 0
2 0 23 60.2900 -104.5000 1 23 -67.5000 -117.5000
8.9828026694e-002 -1.7297701058e-001 -1.2484889603e+000
0 0 0
2 0 24 53.1500 -105.7700 1 24 -77.6700 -116.5600
8.4250499284e-002 -1.7519538785e-001 -1.2634747236e+000
0 0 0
2 0 25 49.3300 -105.7500 1 25 -85.8000 -115.0000
7.9436567893e-002 -1.7608780082e-001 -1.2755118410e+000
0 0 0
2 0 26 46.1500 -105.4600 1 26 -92.2000 -113.0000
7.6138249378e-002 -1.7740292227e-001 -1.2898568348e+000
0 0 0
2 0 27 43.8300 -105.0000 1 27 -99.0000 -111.2900
7.6428046096e-002 -1.7644500957e-001 -1.2986334391e+000
0 0 0
2 0 28 43.7500 -103.5800 1 28 -102.0000 -109.7100
7.7564086004e-002 -1.7569830431e-001 -1.3078076808e+000
0 0 0
2 0 29 44.1500 -102.5400 1 29 -104.8000 -108.0000
7.8991676813e-002 -1.7525364360e-001 -1.3137315703e+000
0 0 0
2 0 30 44.8000 -102.0000 1 30 -106.3300 -106.8900
8.1254764610e-002 -1.7544075443e-001 -1.3194949668e+000
0 0 0
2 0 31 45.9000 -101.5000 1 31 -107.6700 -106.5600
8.3093156532e-002 -1.7687286516e-001 -1.3238437013e+000
0 0 0
2 0 32 46.8000 -102.0000 1 32 -108.8300 -106.8300
8.5410573940e-002 -1.7883795067e-001 -1.3266640603e+000
0 0 0
2 0 33 48.0000 -102.8000 1 33 -109.3800 -107.7500
8.5754022234e-002 -1.7957087918e-001 -1.3269725500e+000
0 0 0
2 0 34 48.1800 -103.1800 1 34 -109.5000 -108.1200
8.6086951802e-002 -1.8129828514e-001 -1.3259532211e+000
0 0 0
2 0 35 48.4000 -104.4000 1 35 -109.2900 -109.0000
8.5286061895e-002 -1.8267873138e-001 -1.3241491597e+000
0 0 0
2 0 36 48.0000 -105.2000 1 36 -109.2000 -110.0000
8.2072699956e-002 -1.8393774739e-001 -1.3197287903e+000
0 0 0
2 0 37 46.3300 -106.2200 1 37 -109.0000 -111.0000
7.8888223606e-002 -1.8614788904e-001 -1.3164437377e+000
0 0 0
2 0 38 44.6400 -107.9100 1 38 -109.3300 -112.1100
7.4307263970e-002 -1.8762491380e-001 -1.3114060974e+000
0 0 0
2 0 39 42.1800 -108.8200 1 39 -109.5000 -113.5000
6.7091907037e-002 -1.8729918923e-001 -1.3058243776e+000
0 0 0
2 0 40 38.2500 -109.3300 1 40 -110.0000 -113.2000
5.9377017193e-002 -1.8567838934e-001 -1.3042390943e+000
0 0 0
2 0 41 33.9100 -108.3600 1 41 -112.0000 -112.0000
4.5209428701e-002 -1.8206816956e-001 -1.3025310751e+000
0 0 0
2 0 42 25.9100 -106.3600 1 42 -116.0000 -109.0000
3.0341072867e-002 -1.7848159453e-001 -1.3002823828e+000
0 0 0
2 0 43 17.5000 -104.5000 1 43 -120.1200 -105.8800
1.2652762642e-002 -1.7445882671e-001 -1.2998121426e+000
0 0 0
2 0 44 7.4600 -102.1500 1 44 -126.0000 -102.0000
-1.4353899214e-003 -1.7027148201e-001 -1.2985965030e+000
0 0 0
2 0 45 -0.5400 -99.8500 1 45 -130.2500 -98.3800
-1.5220618641e-002 -1.6602272518e-001 -1.2985875764e+000
0 0 0
2 0 46 -8.3600 -97.4500 1 46 -134.8800 -94.5000
-2.7765718233e-002 -1.6222779432e-001 -1.2962594702e+000
0 0 0
2 0 47 -15.5300 -95.3300 1 47 -138.3300 -91.4400
-3.9344202466e-002 -1.5708130841e-001 -1.2966878091e+000
0 0 0
2 0 48 -22.0900 -92.3600 1 48 -142.1800 -87.1800
-5.2290015697e-002 -1.5202678178e-001 -1.2948230510e+000
0 0 0
2 0 49 -29.5000 -89.5000 1 49 -145.8200 -83.1800
-6.2706114253e-002 -1.4741785765e-001 -1.2919897645e+000
0 0 0
2 0 50 -35.5300 -86.8700 1 50 -148.2000 -79.9000
-7.3855250843e-002 -1.4153073786e-001 -1.2891749243e+000
0 0 0
2 0 51 -42.0000 -83.5000 1 51 -150.6700 -75.7500
-8.4205154367e-002 -1.3585894548e-001 -1.2839597884e+000
0 0 0
2 0 52 -48.1400 -80.7100 1 52 -151.9000 -71.8000
-9.3031073078e-002 -1.3094607691e-001 -1.2779920032e+000
0 0 0
2 0 53 -53.5000 -78.2900 1 53 -152.3800 -68.6200
-1.0053863021e-001 -1.2566009001e-001 -1.2721203642e+000
0 0 0
2 0 54 -58.1500 -75.4600 1 54 -152.2900 -65.5000
-1.0533347332e-001 -1.2145383372e-001 -1.2641760716e+000
0 0 0
2 0 55 -61.3800 -73.6200 1 55 -150.3800 -63.3800
-1.0951705970e-001 -1.1716919268e-001 -1.2569063787e+000
0 0 0
2 0 56 -64.2700 -71.3300 1 56 -148.5000 -61.5000
-1.1229639123e-001 -1.1292297022e-001 -1.2473137310e+000
0 0 0
2 0 57 -66.5000 -69.5000 1 57 -145.0000 -59.8300
-1.1413327619e-001 -1.0869868112e-001 -1.2389308415e+000
0 0 0
2 0 58 -68.1400 -67.2900 1 58 -141.6000 -58.4000
-1.1314168103e-001 -1.0420958938e-001 -1.2301281567e+000
0 0 0
2 0 59 -68.1300 -65.0000 1 59 -136.6900 -57.1900
-1.0980451615e-001 -9.9092679112e-002 -1.2216009504e+000
0 0 0
2 0 60 -66.6700 -62.4700 1 60 -130.6700 -55.7300
-1.0685978929e-001 -9.2054731404e-002 -1.2103371114e+000
0 0 0
2 0 61 -65.6200 -58.5600 1 61 -123.3300 -53.7300
-1.0541718168e-001 -8.5454857248e-002 -1.2010345335e+000
0 0 0
2 0 62 -65.3300 -55.0000 1 62 -117.4400 -51.2500
-1.0146374833e-001 -7.8665665841e-002 -1.1894840520e+000
0 0 0
2 0 63 -63.6200 -51.4400 1 63 -109.4400 -49.2500
-9.7558052613e-002 -6.9836501870e-002 -1.1817623888e+000
0 0 0
2 0 64 -61.6700 -46.0000 1 64 -102.7100 -45.8600
-9.7221861990e-002 -5.8419065197e-002 -1.1729167072e+000
0 0 0
2 0 65 -62.0000 -39.0000 1 65 -96.4000 -40.4000
-9.8003513936e-002 -4.8739648590e-002 -1.1648419937e+000
0 0 0
2 0 66 -63.0000 -33.0000 1 66 -91.2100 -35.6400
-9.9052363923e-002 -3.8710906715e-002 -1.1557254446e+000
0 0 0
2 0 67 -64.2400 -26.9400 1 67 -85.5000 -30.5000
-1.0095890711e-001 -3.0960128182e-002 -1.1447936604e+000
0 0 0
2 0 68 -66.2100 -22.0500 1 68 -79.8300 -27.0000
-1.0171073294e-001 -2.3781876681e-002 -1.1299641197e+000
0 0 0
2 0 69 -67.7600 -17.4100 1 69 -72.0000 -24.5700
-1.0146490408e-001 -1.8639754187e-002 -1.1170841359e+000
0 0 0
2 0 70 -68.5300 -14.2600 1 70 -64.9000 -23.0000
-1.0028636897e-001 -1.5856159543e-002 -1.1036968961e+000
0 0 0
2 0 71 -68.7500 -12.5000 1 71 -57.6400 -23.2100
-9.8212350408e-002 -1.3293292311e-002 -1.0919450744e+000
0 0 0
2 0 72 -68.2500 -10.7000 1 72 -50.7900 -23.6400
-9.6056815377e-002 -7.8858993414e-003 -1.0807317763e+000
0 0 0
2 0 73 -67.6200 -7.0000 1 73 -43.4600 -22.1500
-9.3889247052e-002 -1.0361846210e-003 -1.0670025045e+000
0 0 0
2 0 74 -67.1200 -2.6700 1 74 -34.4000 -19.6000
-9.2318087534e-002 6.0993238100e-003 -1.0546420936e+000
0 0 0
2 0 75 -67.0000 3.0000 1 75 -26.4000 -17.6000
-8.8914302804e-002 1.2439597921e-002 -1.0359925113e+000
0 0 0
2 0 76 -66.0000 7.5200 1 76 -14.4000 -16.4000
-8.7305085744e-002 1.9695313548e-002 -1.0225214793e+000
0 0 0
2 0 77 -65.9200 13.5600 1 77 -5.6000 -14.4000
-8.7442187297e-002 2.9811922838e-002 -1.0109501362e+000
0 0 0
2 0 78 -66.9100 21.2200 1 78 2.4700 -9.3500
-8.9026819003e-002 4.8556870463e-002 -1.0044277036e+000
0 0 0
2 0 79 -68.5400 35.3500 1 79 9.3100 2.1200
-9.0224359036e-002 6.4518855740e-002 -1.0020386543e+000
0 0 0
2 0 80 -69.5600 47.3700 1 80 13.5600 12.2500
-9.0063367319e-002 8.1871091480e-002 -9.9783468498e-001
0 0 0
2 0 81 -69.7300 60.7300 1 81 19.5300 22.6700
-9.3751887519e-002 9.0436906917e-002 -1.0047192042e+000
0 0 0
2 0 82 -71.8300 66.5000 1 82 16.4400 29.7500
-9.7957088598e-002 8.0330564158e-002 -1.0158636030e+000
0 0 0
2 0 83 -74.0000 58.2400 1 83 6.8800 25.4100
-1.0232753688e-001 6.9021455439e-002 -1.0302597933e+000
0 0 0
2 0 84 -76.0000 49.6200 1 84 -4.8000 20.2000
-1.0648025328e-001 5.4701047589e-002 -1.0411199858e+000
0 0 0
2 0 85 -78.0000 38.0000 1 85 -14.7300 14.0000
-1.0851846330e-001 3.9134207270e-002 -1.0490538555e+000
0 0 0
2 0 86 -78.8000 26.5600 1 86 -22.8700 5.5300
-1.0909235163e-001 2.1174937229e-002 -1.0552325429e+000
0 0 0
2 0 87 -78.7100 13.4600 1 87 -30.0000 -4.7300
-1.0810382830e-001 5.1322124066e-003 -1.0612908558e+000
0 0 0
2 0 88 -77.6200 3.0000 1 88 -36.3600 -15.2100
-1.0637922593e-001 -9.9219915127e-003 -1.0660218058e+000
0 0 0
2 0 89 -76.0000 -8.3800 1 89 -41.0000 -23.5700
-1.0517798183e-001 -2.3547240722e-002 -1.0713342979e+000
0 0 0
2 0 90 -74.8300 -17.0000 1 90 -46.2900 -32.5000
-1.0373620630e-001 -3.5004174494e-002 -1.0780204823e+000
0 0 0
2 0 91 -73.2700 -25.5000 1 91 -51.2100 -38.3600
-1.0171257881e-001 -4.6219515372e-002 -1.0855858119e+000
0 0 0
2 0 92 -71.3000 -33.1500 1 92 -56.3800 -44.5600
-1.0055631216e-001 -5.4915814932e-002 -1.0923640721e+000
0 0 0
2 0 93 -70.0000 -39.0000 1 93 -60.9500 -49.1100
-9.8555406623e-002 -6.3908870611e-002 -1.0996402667e+000
0 0 0
2 0 94 -68.1100 -44.9400 1 94 -65.4400 -53.8900
-9.6853658440e-002 -7.1318841803e-002 -1.1074281204e+000
0 0 0
2 0 95 -66.4100 -49.5900 1 95 -69.9400 -57.6500
-9.3940026354e-002 -8.0076175412e-002 -1.1183362571e+000
0 0 0
2 0 96 -63.7000 -55.1000 1 96 -75.5600 -61.7500
-9.0595413556e-002 -8.6781912535e-002 -1.1282500492e+000
0 0 0
2 0 97 -60.8100 -59.3800 1 97 -80.0000 -64.5700
-8.7460102429e-002 -9.3602107246e-002 -1.1403752111e+000
0 0 0
2 0 98 -58.0000 -63.0000 1 98 -85.6000 -67.6000
-8.4205712824e-002 -9.9603889016e-002 -1.1585277030e+000
0 0 0
2 0 99 -54.8300 -65.2800 1 99 -93.6000 -69.6000
-7.8793637720e-002 -1.0410323667e-001 -1.1709807575e+000
0 0 0
2 0 100 -50.6500 -68.0000 1 100 -97.5300 -70.6700
-7.3540846631e-002 -1.0738092532e-001 -1.1831173400e+000
0 0 0
2 0 101 -46.7100 -69.2900 1 101 -101.2100 -71.6400
-6.9689453388e-002 -1.1006404847e-001 -1.1951101406e+000
0 0 0
2 0 102 -43.7100 -70.5000 1 102 -105.1500 -71.7700
-6.5110974115e-002 -1.1394907916e-001 -1.2057161704e+000
0 0 0
2 0 103 -40.4000 -72.4000 1 103 -108.4300 -73.0000
-5.9987303235e-002 -1.1728200431e-001 -1.2157889880e+000
0 0 0
2 0 104 -36.8500 -73.7700 1 104 -111.1500 -74.2300
-5.3452586666e-002 -1.2147465238e-001 -1.2260886322e+000
0 0 0
2 0 105 -32.5000 -75.7100 1 105 -113.5000 -76.0000
-4.7242032310e-002 -1.2522602581e-001 -1.2350168391e+000
0 0 0
2 0 106 -28.4700 -77.3300 1 106 -115.3300 -77.7500
-3.9313429770e-002 -1.2913874012e-001 -1.2430633371e+000
0 0 0
2 0 107 -23.5000 -79.1900 1 107 -116.1000 -79.8000
-2.7094139231e-002 -1.3314956924e-001 -1.2531592140e+000
0 0 0
2 0 108 -16.0000 -81.2700 1 108 -115.9000 -81.8000
-1.6768507305e-002 -1.3630806902e-001 -1.2580569492e+000
0 0 0
2 0 109 -9.8500 -82.5400 1 109 -114.4000 -84.4000
-2.2098165374e-005 -1.4056259450e-001 -1.2673901164e+000
0 0 0
2 0 110 0.0800 -84.8500 1 110 -112.2000 -87.0000
9.5883973497e-003 -1.4394992838e-001 -1.2744650490e+000
0 0 0
2 0 111 5.7100 -86.5000 1 111 -111.8200 -88.8200
2.0154995406e-002 -1.4532094278e-001 -1.2796383245e+000
0 0 0
2 0 112 11.8300 -87.0000 1 112 -110.0000 -90.0000
2.6355576025e-002 -1.4718507224e-001 -1.2836524902e+000
0 0 0
2 0 113 15.3800 -87.6200 1 113 -109.5600 -91.3300
3.2665952179e-002 -1.4769529276e-001 -1.2855890681e+000
0 0 0
2 0 114 19.0000 -87.8300 1 114 -108.0000 -92.0000
3.8549659119e-002 -1.4803642961e-001 -1.2893278395e+000
0 0 0
2 0 115 22.3600 -88.0900 1 115 -107.2000 -92.0000
4.2878961958e-002 -1.4869945790e-001 -1.2899573291e+000
0 0 0
2 0 116 24.8200 -88.1800 1 116 -106.0000 -93.0000
4.6263536350e-002 -1.4933848166e-001 -1.2896530740e+000
0 0 0
2 0 117 26.7500 -88.3300 1 117 -104.8000 -94.0000
5.1022514226e-002 -1.4995318462e-001 -1.2921836425e+000
0 0 0
2 0 118 29.4600 -89.0000 1 118 -104.0000 -94.0000
5.4941315903e-002 -1.4988770926e-001 -1.2928631411e+000
0 0 0
2 0 119 31.6900 -88.9200 1 119 -102.8000 -94.3000
5.6962435075e-002 -1.4920550204e-001 -1.2935410273e+000
0 0 0
2 0 120 32.8200 -88.1800 1 120 -102.2500 -94.3800
5.8569019715e-002 -1.4900457321e-001 -1.2947070746e+000
0 0 0
2 0 121 33.7300 -88.2700 1 121 -102.0000 -94.0000
5.9399991801e-002 -1.4894117340e-001 -1.2945868152e+000
0 0 0
2 0 122 34.2000 -88.1000 1 122 -101.6700 -94.2200
6.0196523703e-002 -1.4899571735e-001 -1.2953469563e+000
0 0 0
2 0 123 34.6400 -88.0900 1 123 -101.6700 -94.2200
5.9060453524e-002 -1.4884244499e-001 -1.2948524098e+000
0 0 0
2 0 124 34.0000 -88.0000 1 124 -101.8800 -94.1200
