# Bundle file v0.3
4 125
7.6800000000e+002 0.0000000000e+000 0.0000000000e+000
1.0000000000e+000 0.0000000000e+000 0.0000000000e+000
0.0000000000e+000 1.0000000000e+000 0.0000000000e+000
0.0000000000e+000 0.0000000000e+000 1.0000000000e+000
-0.0000000000e+000 -0.0000000000e+000 -0.0000000000e+000
7.6800000000e+002 0.0000000000e+000 0.0000000000e+000
5.7497358298e-001 3.2164901675e-001 7.5229468222e-001
-2.9126360389e-001 9.3971446826e-001 -1.7917095522e-001
-7.6457235885e-001 -1.1609749424e-001 6.3399564660e-001
8.0531798001e-001 -2.4589738347e-001 -5.3944177431e-001
0 0 0
0 0 0
0 0 0
0 0 0
0 0 0
0 0 0
0 0 0
0 0 0
0 0 0
0 0 0
5.5754337753e-002 -1.6896247683e-001 -1.1986626940e+000
0 0 0
2 0 0 35.7100 -108.0000 1 0 -69.0000 -120.0000
5.7956690923e-002 -1.7250214500e-001 -1.1867512040e+000
0 0 0
2 0 1 37.5000 -111.5000 1 1 -64.0000 -124.0000
5.3768838147e-002 -1.7232008272e-001 -1.1795230254e+000
0 0 0
2 0 2 35.0000 -112.0000 1 2 -62.5800 -124.7500
4.6486866931e-002 -1.6900960791e-001 -1.1741263338e+000
0 0 0
2 0 3 30.4000 -110.4000 1 3 -62.4300 -123.0000
4.1832523647e-002 -1.6800287889e-001 -1.1764525230e+000
0 0 0
2 0 4 27.2900 -109.2900 1 4 -65.0000 -121.8300
3.3737770664e-002 -1.6387386848e-001 -1.1772956768e+000
0 0 0
2 0 5 22.0000 -106.7300 1 5 -67.5700 -118.2900
2.1120521005e-002 -1.5464121022e-001 -1.1821396983e+000
0 0 0
2 0 6 13.7200 -100.4400 1 6 -72.5600 -110.7500
9.9194012414e-003 -1.4240613943e-001 -1.1912219231e+000
0 0 0
2 0 7 6.3900 -91.7200 1 7 -78.2300 -101.1500
3.5096125511e-003 -1.3002330678e-001 -1.2013809043e+000
0 0 0
2 0 8 2.2400 -83.0600 1 8 -82.4200 -91.7500
4.8130730205e-003 -1.1709169970e-001 -1.2110246487e+000
0 0 0
2 0 9 3.1000 -75.0000 1 9 -83.0800 -82.3100
1.1012322912e-002 -1.0570161303e-001 -1.2195786756e+000
0 0 0
2 0 10 6.9500 -66.7900 1 10 -82.0000 -76.0000
2.4695959821e-002 -9.6017566510e-002 -1.2310710098e+000
0 0 0
2 0 11 15.4400 -60.3800 1 11 -79.4200 -70.5000
4.1159376058e-002 -9.4976188679e-002 -1.2351082216e+000
0 0 0
2 0 12 25.6200 -59.4400 1 12 -74.6700 -71.5600
6.2507040465e-002 -1.0025780137e-001 -1.2317431805e+000
0 0 0
2 0 13 39.0000 -62.9000 1 13 -66.5000 -77.5000
8.0681171275e-002 -1.0743873454e-001 -1.2233199474e+000
0 0 0
2 0 14 50.6700 -67.7300 1 14 -58.0000 -84.8000
9.1722746179e-002 -1.1278655207e-001 -1.2144638033e+000
0 0 0
2 0 15 58.0000 -71.2700 1 15 -51.6400 -90.5500
1.0709220240e-001 -1.1823597549e-001 -1.2097420476e+000
0 0 0
2 0 16 68.0000 -75.2700 1 16 -45.3300 -95.5600
1.1893251793e-001 -1.2258431496e-001 -1.2022494023e+000
0 0 0
2 0 17 76.0000 -78.7300 1 17 -39.0000 -100.0000
1.2662222419e-001 -1.2691690943e-001 -1.1963411620e+000
0 0 0
2 0 18 81.3100 -81.8800 1 18 -34.8000 -104.0000
1.2923475499e-001 -1.3266163364e-001 -1.1919627197e+000
0 0 0
2 0 19 83.2900 -85.8600 1 19 -33.2000 -108.0000
1.2545795273e-001 -1.4224325601e-001 -1.1946252638e+000
0 0 0
2 0 20 80.6700 -91.7300 1 20 -37.3300 -112.4400
1.1873413028e-001 -1.5176722859e-001 -1.2034819227e+000
0 0 0
2 0 21 75.7700 -96.8500 1 21 -45.0000 -115.8300
1.0729785323e-001 -1.6106184713e-001 -1.2191327004e+000
0 0 0
2 0 22 67.6000 -101.6000 1 22 -56.8800 -117.1200
9.6833527822e-002 -1.6772400380e-001 -1.2335885425e+000
0 0 0
2 0 23 60.2900 -104.5000 1 23 -67.5000 -117.5000
8.6375233648e-002 -1.7188915453e-001 -1.2480938299e+000
0 0 0
2 0 24 53.1500 -105.7700 1 24 -77.6700 -116.5600
8.1150423654e-002 -1.7409848421e-001 -1.2632839500e+000
0 0 0
2 0 25 49.3300 -105.7500 1 25 -85.8000 -115.0000
7.6640058221e-002 -1.7501230274e-001 -1.2755120481e+000
0 0 0
2 0 26 46.1500 -105.4600 1 26 -92.2000 -113.0000
7.3623853745e-002 -1.7634959807e-001 -1.2900808303e+000
0 0 0
2 0 27 43.8300 -105.0000 1 27 -99.0000 -111.2900
7.4010859943e-002 -1.7544958483e-001 -1.2989789995e+000
0 0 0
2 0 28 43.7500 -103.5800 1 28 -102.0000 -109.7100
7.5213086165e-002 -1.7476503972e-001 -1.3082693171e+000
0 0 0
2 0 29 44.1500 -102.5400 1 29 -104.8000 -108.0000
7.6655408501e-002 -1.7436316261e-001 -1.3142580546e+000
0 0 0
2 0 30 44.8000 -102.0000 1 30 -106.3300 -106.8900
7.8900658617e-002 -1.7457124858e-001 -1.3200744827e+000
0 0 0
2 0 31 45.9000 -101.5000 1 31 -107.6700 -106.5600
8.0713507903e-002 -1.7599171302e-001 -1.3244559378e+000
0 0 0
2 0 32 46.8000 -102.0000 1 32 -108.8300 -106.8300
8.2968215140e-002 -1.7792344561e-001 -1.3272776787e+000
0 0 0
2 0 33 48.0000 -102.8000 1 33 -109.3800 -107.7500
8.3299398409e-002 -1.7864045381e-001 -1.3275834515e+000
0 0 0
2 0 34 48.1800 -103.1800 1 34 -109.5000 -108.1200
8.3599418101e-002 -1.8032602975e-001 -1.3265363884e+000
0 0 0
2 0 35 48.4000 -104.4000 1 35 -109.2900 -109.0000
8.2804906962e-002 -1.8166161096e-001 -1.3247158679e+000
0 0 0
2 0 36 48.0000 -105.2000 1 36 -109.2000 -110.0000
7.9659394216e-002 -1.8286571335e-001 -1.3202774518e+000
0 0 0
2 0 37 46.3300 -106.2200 1 37 -109.0000 -111.0000
7.6547927234e-002 -1.8500822692e-001 -1.3169856922e+000
0 0 0
2 0 38 44.6400 -107.9100 1 38 -109.3300 -112.1100
7.2079675069e-002 -1.8641445582e-001 -1.3119424249e+000
0 0 0
2 0 39 42.1800 -108.8200 1 39 -109.5000 -113.5000
6.5068677128e-002 -1.8606750453e-001 -1.3063844983e+000
0 0 0
2 0 40 38.2500 -109.3300 1 40 -110.0000 -113.2000
5.7633265469e-002 -1.8446500672e-001 -1.3048982284e+000
0 0 0
2 0 41 33.9100 -108.3600 1 41 -112.0000 -112.0000
4.3992908233e-002 -1.8091400187e-001 -1.3033925167e+000
0 0 0
2 0 42 25.9100 -106.3600 1 42 -116.0000 -109.0000
2.9669077774e-002 -1.7738435971e-001 -1.3013493410e+000
0 0 0
2 0 43 17.5000 -104.5000 1 43 -120.1200 -105.8800
1.2658072563e-002 -1.7343235359e-001 -1.3011703909e+000
0 0 0
2 0 44 7.4600 -102.1500 1 44 -126.0000 -102.0000
-8.9921137543e-004 -1.6932131039e-001 -1.3001785411e+000
0 0 0
2 0 45 -0.5400 -99.8500 1 45 -130.2500 -98.3800
-1.4147432106e-002 -1.6515699216e-001 -1.3004191576e+000
0 0 0
2 0 46 -8.3600 -97.4500 1 46 -134.8800 -94.5000
-2.6237803034e-002 -1.6142179964e-001 -1.2982727404e+000
0 0 0
2 0 47 -15.5300 -95.3300 1 47 -138.3300 -91.4400
-3.7351520761e-002 -1.5638299675e-001 -1.2989371036e+000
0 0 0
2 0 48 -22.0900 -92.3600 1 48 -142.1800 -87.1800
-4.9816721321e-002 -1.5141763056e-001 -1.2972836467e+000
0 0 0
2 0 49 -29.5000 -89.5000 1 49 -145.8200 -83.1800
-5.9865005891e-002 -1.4688252311e-001 -1.2945927041e+000
0 0 0
2 0 50 -35.5300 -86.8700 1 50 -148.2000 -79.9000
-7.0614366002e-002 -1.4109604762e-001 -1.2919407412e+000
0 0 0
2 0 51 -42.0000 -83.5000 1 51 -150.6700 -75.7500
-8.0641815553e-002 -1.3551348268e-001 -1.2867986817e+000
0 0 0
2 0 52 -48.1400 -80.7100 1 52 -151.9000 -71.8000
-8.9219644529e-002 -1.3066815551e-001 -1.2808505334e+000
0 0 0
2 0 53 -53.5000 -78.2900 1 53 -152.3800 -68.6200
-9.6524714807e-002 -1.2545617199e-001 -1.2749809818e+000
0 0 0
2 0 54 -58.1500 -75.4600 1 54 -152.2900 -65.5000
-1.0126417535e-001 -1.2129796485e-001 -1.2669168646e+000
0 0 0
2 0 55 -61.3800 -73.6200 1 55 -150.3800 -63.3800
-1.0539974209e-001 -1.1706118405e-001 -1.2595457562e+000
0 0 0
2 0 56 -64.2700 -71.3300 1 56 -148.5000 -61.5000
-1.0823060916e-001 -1.1285911740e-001 -1.2497546495e+000
0 0 0
2 0 57 -66.5000 -69.5000 1 57 -145.0000 -59.8300
-1.1012928022e-001 -1.0868138616e-001 -1.2412034344e+000
0 0 0
2 0 58 -68.1400 -67.2900 1 58 -141.6000 -58.4000
-1.0931059111e-001 -1.0424992472e-001 -1.2321821596e+000
0 0 0
2 0 59 -68.1300 -65.0000 1 59 -136.6900 -57.1900
-1.0622595623e-001 -9.9214838917e-002 -1.2234161218e+000
0 0 0
2 0 60 -66.6700 -62.4700 1 60 -130.6700 -55.7300
-1.0355558022e-001 -9.2285605351e-002 -1.2118856188e+000
0 0 0
2 0 61 -65.6200 -58.5600 1 61 -123.3300 -53.7300
-1.0230411962e-001 -8.5796871347e-002 -1.2023839772e+000
0 0 0
2 0 62 -65.3300 -55.0000 1 62 -117.4400 -51.2500
-9.8671996392e-002 -7.9121455898e-002 -1.1905654365e+000
0 0 0
2 0 63 -63.6200 -51.4400 1 63 -109.4400 -49.2500
-9.4999319064e-002 -7.0465468669e-002 -1.1826984098e+000
0 0 0
2 0 64 -61.6700 -46.0000 1 64 -102.7100 -45.8600
-9.4782126068e-002 -5.9270918588e-002 -1.1737397000e+000
0 0 0
2 0 65 -62.0000 -39.0000 1 65 -96.4000 -40.4000
-9.5639206522e-002 -4.9776519617e-002 -1.1655733914e+000
0 0 0
2 0 66 -63.0000 -33.0000 1 66 -91.2100 -35.6400
-9.6777367349e-002 -3.9940018442e-002 -1.1563439434e+000
0 0 0
2 0 67 -64.2400 -26.9400 1 67 -85.5000 -30.5000
-9.8785676531e-002 -3.2316394292e-002 -1.1452764031e+000
0 0 0
2 0 68 -66.2100 -22.0500 1 68 -79.8300 -27.0000
-9.9755459619e-002 -2.5238085061e-002 -1.1302447081e+000
0 0 0
2 0 69 -67.7600 -17.4100 1 69 -72.0000 -24.5700
-9.9741408762e-002 -2.0163271962e-002 -1.1171779788e+000
0 0 0
2 0 70 -68.5300 -14.2600 1 70 -64.9000 -23.0000
-9.8845591170e-002 -1.7390323897e-002 -1.1035994549e+000
0 0 0
2 0 71 -68.7500 -12.5000 1 71 -57.6400 -23.2100
-9.7050965214e-002 -1.4839428294e-002 -1.0916984100e+000
0 0 0
2 0 72 -68.2500 -10.7000 1 72 -50.7900 -23.6400
-9.5155007109e-002 -9.5120997693e-003 -1.0803678794e+000
0 0 0
2 0 73 -67.6200 -7.0000 1 73 -43.4600 -22.1500
-9.3298441046e-002 -2.7678279030e-003 -1.0664894958e+000
0 0 0
2 0 74 -67.1200 -2.6700 1 74 -34.4000 -19.6000
-9.1971313983e-002 4.2650173236e-003 -1.0540695597e+000
0 0 0
2 0 75 -67.0000 3.0000 1 75 -26.4000 -17.6000
-8.9010249115e-002 1.0542378274e-002 -1.0352755175e+000
0 0 0
2 0 76 -66.0000 7.5200 1 76 -14.4000 -16.4000
-8.7667452337e-002 1.7705661014e-002 -1.0217750854e+000
0 0 0
2 0 77 -65.9200 13.5600 1 77 -5.6000 -14.4000
-8.7981660794e-002 2.7658134822e-002 -1.0101753935e+000
0 0 0
2 0 78 -66.9100 21.2200 1 78 2.4700 -9.3500
-8.9555668382e-002 4.6027728295e-002 -1.0037020853e+000
0 0 0
2 0 79 -68.5400 35.3500 1 79 9.3100 2.1200
-9.0684352661e-002 6.1653951131e-002 -1.0013758908e+000
0 0 0
2 0 80 -69.5600 47.3700 1 80 13.5600 12.2500
-9.0518623473e-002 7.8653389413e-002 -9.9724527406e-001
0 0 0
2 0 81 -69.7300 60.7300 1 81 19.5300 22.6700
-9.3925696170e-002 8.6987406731e-002 -1.0041967738e+000
0 0 0
2 0 82 -71.8300 66.5000 1 82 16.4400 29.7500
-9.7839366784e-002 7.7040212586e-002 -1.0153596808e+000
0 0 0
2 0 83 -74.0000 58.2400 1 83 6.8800 25.4100
-1.0183734795e-001 6.5915611293e-002 -1.0298498737e+000
0 0 0
2 0 84 -76.0000 49.6200 1 84 -4.8000 20.2000
-1.0573583695e-001 5.1855651473e-002 -1.0406769853e+000
0 0 0
2 0 85 -78.0000 38.0000 1 85 -14.7300 14.0000
-1.0762914078e-001 3.6605749705e-002 -1.0486059687e+000
0 0 0
2 0 86 -78.8000 26.5600 1 86 -22.8700 5.5300
-1.0815372101e-001 1.9024498024e-002 -1.0547398869e+000
0 0 0
2 0 87 -78.7100 13.4600 1 87 -30.0000 -4.7300
-1.0713424155e-001 3.3291859880e-003 -1.0608301474e+000
0 0 0
2 0 88 -77.6200 3.0000 1 88 -36.3600 -15.2100
-1.0545888333e-001 -1.1414544656e-002 -1.0654862748e+000
0 0 0
2 0 89 -76.0000 -8.3800 1 89 -41.0000 -23.5700
-1.0424101576e-001 -2.4744793042e-002 -1.0708259253e+000
0 0 0
2 0 90 -74.8300 -17.0000 1 90 -46.2900 -32.5000
-1.0277965916e-001 -3.5977101144e-002 -1.0774978592e+000
0 0 0
2 0 91 -73.2700 -25.5000 1 91 -51.2100 -38.3600
-1.0072678480e-001 -4.6972008690e-002 -1.0850897158e+000
0 0 0
2 0 92 -71.3000 -33.1500 1 92 -56.3800 -44.5600
-9.9518168888e-002 -5.5500060340e-002 -1.0919028801e+000
0 0 0
2 0 93 -70.0000 -39.0000 1 93 -60.9500 -49.1100
-9.7484246446e-002 -6.4321571488e-002 -1.0992203876e+000
0 0 0
2 0 94 -68.1100 -44.9400 1 94 -65.4400 -53.8900
-9.5721484190e-002 -7.1596555305e-002 -1.1070731728e+000
0 0 0
2 0 95 -66.4100 -49.5900 1 95 -69.9400 -57.6500
-9.2737176403e-002 -8.0205353433e-002 -1.1180771943e+000
0 0 0
2 0 96 -63.7000 -55.1000 1 96 -75.5600 -61.7500
-8.9350851914e-002 -8.6808950999e-002 -1.1280799278e+000
0 0 0
2 0 97 -60.8100 -59.3800 1 97 -80.0000 -64.5700
-8.6121351537e-002 -9.3527679684e-002 -1.1403498937e+000
0 0 0
2 0 98 -58.0000 -63.0000 1 98 -85.6000 -67.6000
-8.2660844797e-002 -9.9468478025e-002 -1.1587701185e+000
0 0 0
2 0 99 -54.8300 -65.2800 1 99 -93.6000 -69.6000
-7.7236605174e-002 -1.0393684000e-001 -1.1713601723e+000
0 0 0
2 0 100 -50.6500 -68.0000 1 100 -97.5300 -70.6700
-7.1962531243e-002 -1.0720232543e-001 -1.1836558764e+000
0 0 0
2 0 101 -46.7100 -69.2900 1 101 -101.2100 -71.6400
-6.8050892176e-002 -1.0988831441e-001 -1.1958150743e+000
0 0 0
2 0 102 -43.7100 -70.5000 1 102 -105.1500 -71.7700
-6.3469745393e-002 -1.1374281865e-001 -1.2065537581e+000
0 0 0
2 0 103 -40.4000 -72.4000 1 103 -108.4300 -73.0000
-5.8370198137e-002 -1.1705388272e-001 -1.2167517878e+000
0 0 0
2 0 104 -36.8500 -73.7700 1 104 -111.1500 -74.2300
-5.1915277187e-002 -1.2121011760e-001 -1.2271573014e+000
0 0 0
2 0 105 -32.5000 -75.7100 1 105 -113.5000 -76.0000
-4.5796251161e-002 -1.2492645607e-001 -1.2361710926e+000
0 0 0
2 0 106 -28.4700 -77.3300 1 106 -115.3300 -77.7500
-3.8041445542e-002 -1.2880105018e-001 -1.2442566684e+000
0 0 0
2 0 107 -23.5000 -79.1900 1 107 -116.1000 -79.8000
-2.6129014379e-002 -1.3279372952e-001 -1.2543609858e+000
0 0 0
2 0 108 -16.0000 -81.2700 1 108 -115.9000 -81.8000
-1.6114519845e-002 -1.3591439387e-001 -1.2592038969e+000
0 0 0
2 0 109 -9.8500 -82.5400 1 109 -114.4000 -84.4000
1.3263851819e-004 -1.4014938482e-001 -1.2684489995e+000
0 0 0
2 0 110 0.0800 -84.8500 1 110 -112.2000 -87.0000
9.4743161622e-003 -1.4350916603e-001 -1.2754983679e+000
0 0 0
2 0 111 5.7100 -86.5000 1 111 -111.8200 -88.8200
1.9715505739e-002 -1.4489028037e-001 -1.2806030108e+000
0 0 0
2 0 112 11.8300 -87.0000 1 112 -110.0000 -90.0000
2.5735677383e-002 -1.4673547778e-001 -1.2845930404e+000
0 0 0
2 0 113 15.3800 -87.6200 1 113 -109.5600 -91.3300
3.1834226176e-002 -1.4725372595e-001 -1.2864661420e+000
0 0 0
2 0 114 19.0000 -87.8300 1 114 -108.0000 -92.0000
3.7541744330e-002 -1.4761990314e-001 -1.2901717719e+000
0 0 0
2 0 115 22.3600 -88.0900 1 115 -107.2000 -92.0000
4.1718202896e-002 -1.4827214795e-001 -1.2907500220e+000
0 0 0
2 0 116 24.8200 -88.1800 1 116 -106.0000 -93.0000
4.4973128504e-002 -1.4889539060e-001 -1.2903934227e+000
0 0 0
2 0 117 26.7500 -88.3300 1 117 -104.8000 -94.0000
4.9576821109e-002 -1.4952472625e-001 -1.2928811284e+000
0 0 0
2 0 118 29.4600 -89.0000 1 118 -104.0000 -94.0000
5.3357407905e-002 -1.4947050332e-001 -1.2935130922e+000
0 0 0
2 0 119 31.6900 -88.9200 1 119 -102.8000 -94.3000
5.5318061720e-002 -1.4880483742e-001 -1.2941801111e+000
0 0 0
2 0 120 32.8200 -88.1800 1 120 -102.2500 -94.3800
5.6875407831e-002 -1.4862248252e-001 -1.2953346352e+000
0 0 0
2 0 121 33.7300 -88.2700 1 121 -102.0000 -94.0000
5.7675965665e-002 -1.4855855913e-001 -1.2952034342e+000
0 0 0
2 0 122 34.2000 -88.1000 1 122 -101.6700 -94.2200
5.8451577320e-002 -1.4861675281e-001 -1.2959629281e+000
0 0 0
2 0 123 34.6400 -88.0900 1 123 -101.6700 -94.2200
5.7353200596e-002 -1.4846227275e-001 -1.2954790282e+000
0 0 0
2 0 124 34.0000 -88.0000 1 124 -101.8800 -94.1200
