# Bundle file v0.3
4 108
7.6800000000e+002 0.0000000000e+000 0.0000000000e+000
1.0000000000e+000 0.0000000000e+000 0.0000000000e+000
0.0000000000e+000 1.0000000000e+000 0.0000000000e+000
0.0000000000e+000 0.0000000000e+000 1.0000000000e+000
-0.0000000000e+000 -0.0000000000e+000 -0.0000000000e+000
7.6800000000e+002 0.0000000000e+000 0.0000000000e+000
2.9918554453e-001 3.8443307680e-001 8.7332652508e-001
-3.1410049040e-001 9.0391915871e-001 -2.9029474066e-001
-9.0101547816e-001 -1.8746029975e-001 3.9119016365e-001
6.7709920535e-001 -2.9923307926e-001 -6.7230664908e-001
0 0 0
0 0 0
0 0 0
0 0 0
0 0 0
0 0 0
0 0 0
0 0 0
0 0 0
0 0 0
1.6904786954e-004 -1.3574960788e-001 -9.5449068487e-001
0 0 0
2 0 0 0.1400 -109.2900 1 0 -157.0000 -109.0000
-3.0640317281e-003 -1.3559913154e-001 -9.5257582053e-001
0 0 0
2 0 1 -2.4700 -109.3300 1 1 -157.0000 -109.0000
-4.8034222444e-003 -1.3385189073e-001 -9.5077928898e-001
0 0 0
2 0 2 -3.8800 -108.1200 1 2 -156.0000 -108.0000
-7.7798257839e-003 -1.3169320767e-001 -9.5011114657e-001
0 0 0
2 0 3 -6.2900 -106.4300 1 3 -156.0000 -106.2500
-1.2238177627e-002 -1.2810600903e-001 -9.4867337881e-001
0 0 0
2 0 4 -9.8800 -104.1200 1 4 -155.5000 -103.0000
-1.9703118925e-002 -1.2166674433e-001 -9.4574970839e-001
0 0 0
2 0 5 -16.0000 -98.8000 1 5 -154.5000 -98.5000
-2.7343707457e-002 -1.1179445050e-001 -9.4309442312e-001
0 0 0
2 0 6 -22.2700 -91.0000 1 6 -152.5000 -91.0000
-3.2413655686e-002 -9.8450853950e-002 -9.4059308918e-001
0 0 0
2 0 7 -26.3800 -81.4400 1 7 -148.1700 -80.1700
-3.6656525281e-002 -8.0664228652e-002 -9.4215701558e-001
0 0 0
2 0 8 -29.8800 -65.7600 1 8 -145.2000 -67.4000
-3.9494093197e-002 -5.7854450074e-002 -9.4553909977e-001
0 0 0
2 0 9 -31.9100 -48.6400 1 9 -140.4000 -48.2000
-3.9761645804e-002 -3.3856067799e-002 -9.5154819222e-001
0 0 0
2 0 10 -31.9200 -28.8300 1 10 -136.5000 -30.0000
-3.7709158952e-002 -1.9042529807e-002 -9.5842906466e-001
0 0 0
2 0 11 -30.2300 -15.1500 1 11 -135.8300 -20.1700
-3.4200093911e-002 -1.1612773928e-002 -9.6849597315e-001
0 0 0
2 0 12 -27.0000 -10.1700 1 12 -138.0000 -12.5000
-2.9484591911e-002 -1.2429780133e-002 -9.7963064256e-001
0 0 0
2 0 13 -23.0000 -10.6700 1 13 -143.3300 -11.6700
-2.7723768391e-002 -1.8984082186e-002 -9.9201226627e-001
0 0 0
2 0 14 -21.3600 -15.5500 1 14 -152.1700 -13.8300
-2.6220380172e-002 -2.9596643348e-002 -1.0049817049e+000
0 0 0
2 0 15 -19.9000 -23.8000 1 15 -162.5000 -18.1200
-2.4456100997e-002 -4.3275665816e-002 -1.0185261525e+000
0 0 0
2 0 16 -18.2900 -34.0000 1 16 -174.0000 -24.5000
-2.3144562889e-002 -5.5782157714e-002 -1.0280021548e+000
0 0 0
2 0 17 -17.1700 -42.8300 1 17 -183.0000 -31.2500
-2.4070075390e-002 -6.7510238651e-002 -1.0359241445e+000
0 0 0
2 0 18 -17.8000 -50.5000 1 18 -191.8300 -37.8300
-2.7418745812e-002 -7.8179491405e-002 -1.0422181799e+000
0 0 0
2 0 19 -20.1200 -58.5000 1 19 -200.0000 -42.5000
-3.5180101589e-002 -8.6260795693e-002 -1.0479532071e+000
0 0 0
2 0 20 -25.7100 -64.0000 1 20 -209.0000 -45.2500
-4.3231870526e-002 -9.0663900550e-002 -1.0516495826e+000
0 0 0
2 0 21 -31.5000 -67.0000 1 21 -215.8300 -45.8300
-5.5613511571e-002 -9.6241382079e-002 -1.0527757201e+000
0 0 0
2 0 22 -40.5000 -71.0000 1 22 -223.5000 -47.0000
-6.8385419494e-002 -1.0001002266e-001 -1.0521143399e+000
0 0 0
2 0 23 -49.8900 -73.3300 1 23 -230.0000 -47.7100
-8.2404309370e-002 -1.0126470805e-001 -1.0458501824e+000
0 0 0
2 0 24 -60.5000 -74.5000 1 24 -233.0000 -47.5000
-9.4594676377e-002 -9.9400740621e-002 -1.0358279548e+000
0 0 0
2 0 25 -70.1200 -73.8800 1 25 -231.8800 -46.1200
-1.0270013707e-001 -9.4656622527e-002 -1.0242999217e+000
0 0 0
2 0 26 -77.0000 -71.0000 1 26 -227.0000 -44.0000
-1.0984231244e-001 -8.5366869552e-002 -1.0085031441e+000
0 0 0
2 0 27 -83.6400 -65.0900 1 27 -217.2900 -39.5700
-1.1419776781e-001 -7.4147881613e-002 -9.9096520147e-001
0 0 0
2 0 28 -88.5000 -57.5000 1 28 -204.3800 -34.7500
-1.1750804379e-001 -5.8708303811e-002 -9.6975906392e-001
0 0 0
2 0 29 -93.0800 -46.3100 1 29 -187.0000 -28.0000
-1.1771028968e-001 -4.2205181949e-002 -9.4796152196e-001
0 0 0
2 0 30 -95.2500 -35.1900 1 30 -166.8300 -19.9200
-1.1508869605e-001 -2.5579434095e-002 -9.2955751729e-001
0 0 0
2 0 31 -95.1100 -20.9400 1 31 -148.2700 -13.7300
-1.0840073021e-001 -8.4022887393e-003 -9.0674448957e-001
0 0 0
2 0 32 -91.6900 -8.0600 1 32 -124.2000 -7.0000
-9.7223750442e-002 4.1727242706e-003 -8.9150560315e-001
0 0 0
2 0 33 -83.7500 3.5600 1 33 -106.0000 -5.0000
-7.7612693537e-002 9.0010110696e-003 -8.7154733536e-001
0 0 0
2 0 34 -68.4400 8.2800 1 34 -84.5000 -11.5000
-5.4595030352e-002 2.1631433248e-003 -8.7057419114e-001
0 0 0
2 0 35 -48.1200 1.5900 1 35 -78.5000 -21.5000
-3.4602270633e-002 -8.7571298677e-003 -8.7206126617e-001
0 0 0
2 0 36 -30.5000 -7.5000 1 36 -77.0000 -34.0000
-2.2581815614e-002 -2.3560004656e-002 -8.7684920609e-001
0 0 0
2 0 37 -19.6700 -21.5600 1 37 -80.6700 -44.6700
-1.6920673255e-002 -4.9695694990e-002 -8.7603840675e-001
0 0 0
2 0 38 -14.7500 -44.3800 1 38 -86.6700 -64.6700
-1.3825137556e-002 -7.6851000361e-002 -8.7328232581e-001
0 0 0
2 0 39 -12.2200 -66.8900 1 39 -93.0000 -87.0000
-1.8287413671e-002 -1.0271507843e-001 -8.7007467367e-001
0 0 0
2 0 40 -16.0900 -91.3600 1 40 -100.2000 -104.4000
-2.9464898257e-002 -1.1925570462e-001 -8.7075430057e-001
0 0 0
2 0 41 -26.0000 -105.0000 1 41 -110.0000 -115.7100
-4.1509473687e-002 -1.2269551323e-001 -8.7191378066e-001
0 0 0
2 0 42 -36.5600 -108.1100 1 42 -116.0000 -116.0000
-5.6625295996e-002 -1.1528840185e-001 -8.8126181859e-001
0 0 0
2 0 43 -49.3000 -101.1500 1 43 -124.8800 -104.8800
-7.6930888857e-002 -1.0203370808e-001 -8.9545415186e-001
0 0 0
2 0 44 -66.0000 -87.2700 1 44 -137.5000 -88.5000
-9.5819414371e-002 -8.6088533307e-002 -9.1667276121e-001
0 0 0
2 0 45 -80.2900 -72.0000 1 45 -153.2500 -67.0000
-1.0908166526e-001 -6.7261531839e-002 -9.3030289769e-001
0 0 0
2 0 46 -89.9200 -56.8300 1 46 -160.5000 -45.0000
-1.1892218441e-001 -4.2576318006e-002 -9.3296025544e-001
0 0 0
2 0 47 -97.9200 -34.8300 1 47 -158.0000 -24.8000
-1.2375406378e-001 -2.1438171613e-002 -9.3534768930e-001
0 0 0
2 0 48 -101.5000 -18.5000 1 48 -153.7100 -6.0000
-1.2838100264e-001 -2.0303882036e-002 -9.4985761332e-001
0 0 0
2 0 49 -103.7100 -17.1400 1 49 -164.8000 -0.6000
-1.3111976383e-001 -3.3554168236e-002 -9.7183877491e-001
0 0 0
2 0 50 -103.5000 -27.5000 1 50 -184.8600 -4.2900
-1.2809606649e-001 -5.8064317000e-002 -1.0004018510e+000
0 0 0
2 0 51 -98.2200 -45.6700 1 51 -210.4300 -16.2900
-1.1702023983e-001 -8.4363688795e-002 -1.0260147059e+000
0 0 0
2 0 52 -87.5000 -64.1200 1 52 -230.6700 -32.1100
-1.0177412274e-001 -1.0728106169e-001 -1.0458777659e+000
0 0 0
2 0 53 -74.8000 -78.0000 1 53 -244.1400 -48.7100
-7.9639069654e-002 -1.2548243092e-001 -1.0595301163e+000
0 0 0
2 0 54 -57.7000 -91.3000 1 54 -248.0000 -61.7100
-6.0352815145e-002 -1.3887666777e-001 -1.0664249277e+000
0 0 0
2 0 55 -43.5000 -99.5000 1 55 -248.0000 -73.7100
-3.8688504297e-002 -1.5080085796e-001 -1.0722936213e+000
0 0 0
2 0 56 -27.7100 -108.0000 1 56 -245.5700 -83.7100
-1.9456014855e-002 -1.6044298429e-001 -1.0708615975e+000
0 0 0
2 0 57 -14.0000 -114.2900 1 57 -239.8000 -94.4000
2.7796654658e-003 -1.6979033486e-001 -1.0694566122e+000
0 0 0
2 0 58 2.0000 -122.0000 1 58 -232.5000 -103.5000
2.4325808801e-002 -1.7763881917e-001 -1.0660944936e+000
0 0 0
2 0 59 17.5000 -127.5000 1 59 -224.5000 -113.0000
4.1536703364e-002 -1.8164180973e-001 -1.0624788299e+000
0 0 0
2 0 60 30.0000 -130.8000 1 60 -217.0000 -118.7500
5.7677480472e-002 -1.8520688315e-001 -1.0538877415e+000
0 0 0
2 0 61 42.0000 -134.2900 1 61 -207.3300 -125.3300
7.6294384954e-002 -1.8714410483e-001 -1.0457965632e+000
0 0 0
2 0 62 56.0000 -136.8000 1 62 -196.6700 -130.6700
9.6709487868e-002 -1.8642397950e-001 -1.0368268515e+000
0 0 0
2 0 63 71.6200 -137.7500 1 63 -184.3300 -134.3300
1.3082748289e-001 -1.8360184569e-001 -1.0122160047e+000
0 0 0
2 0 64 99.2500 -139.0000 1 64 -159.0000 -142.0000
1.4727059868e-001 -1.8034293074e-001 -9.9651391517e-001
0 0 0
2 0 65 113.5000 -139.0000 1 65 -144.5000 -145.0000
1.5020247649e-001 -1.6007702645e-001 -8.9438989772e-001
0 0 0
2 0 66 129.0000 -138.0000 1 66 -82.0000 -157.0000
1.3800413660e-001 -1.6093634839e-001 -8.8115443678e-001
0 0 0
2 0 67 120.3000 -140.7000 1 67 -78.0000 -160.0000
1.2686816606e-001 -1.5768220431e-001 -8.7011467094e-001
0 0 0
2 0 68 112.0000 -139.6700 1 68 -73.6700 -159.6700
1.1434287600e-001 -1.5080390812e-001 -8.5812624705e-001
0 0 0
2 0 69 102.3600 -135.5500 1 69 -68.0000 -157.0000
9.7026864796e-002 -1.4205135855e-001 -8.4701908879e-001
0 0 0
2 0 70 88.0000 -129.3100 1 70 -63.5000 -152.5000
7.6029969502e-002 -1.3211490930e-001 -8.3859176120e-001
0 0 0
2 0 71 69.6200 -120.8100 1 71 -61.3300 -146.6700
5.5437528747e-002 -1.1788095968e-001 -8.3099118341e-001
0 0 0
2 0 72 51.2600 -109.3500 1 72 -57.8300 -135.8300
3.0531815218e-002 -9.9496293676e-002 -8.2546558591e-001
0 0 0
2 0 73 28.4300 -92.9000 1 73 -55.6700 -121.3300
8.7300024674e-003 -7.9968404278e-002 -8.2574286701e-001
0 0 0
2 0 74 8.2700 -76.1800 1 74 -55.5000 -102.5000
-1.9379856930e-002 -5.6255418034e-002 -8.2687389569e-001
0 0 0
2 0 75 -18.0000 -52.2500 1 75 -57.5000 -82.5000
-4.1804724507e-002 -2.5322052710e-002 -8.2821353680e-001
0 0 0
2 0 76 -38.8100 -23.1000 1 76 -55.2500 -55.6200
-5.0986087173e-002 -5.4015940737e-004 -8.2573944251e-001
0 0 0
2 0 77 -47.4700 -0.1300 1 77 -48.2900 -36.0000
-5.3082785141e-002 3.7053563325e-002 -8.1640202675e-001
0 0 0
2 0 78 -49.8300 34.1700 1 78 -30.0000 -9.0000
-4.7798402134e-002 4.9497269028e-002 -8.1185564717e-001
0 0 0
2 0 79 -45.3300 47.5300 1 79 -22.1700 -3.8300
-4.3441348305e-002 4.8910593730e-002 -8.1109002594e-001
0 0 0
2 0 80 -41.2900 47.2900 1 80 -20.8200 -5.8200
-4.8588672458e-002 3.8442233616e-002 -8.1928881057e-001
0 0 0
2 0 81 -45.5800 36.2500 1 81 -30.7500 -9.3800
-5.8938770077e-002 2.2834606962e-002 -8.3590594575e-001
0 0 0
2 0 82 -54.1800 21.1800 1 82 -50.0000 -14.2900
-6.8051919944e-002 1.3506340695e-002 -8.4877151072e-001
0 0 0
2 0 83 -61.5800 12.2500 1 83 -64.4400 -15.6700
-8.3642270622e-002 5.0110896113e-002 -8.5928108673e-001
0 0 0
2 0 84 -74.5900 43.7600 1 84 -64.0000 18.8000
-7.7684480602e-002 7.8075558518e-002 -8.5338337615e-001
0 0 0
2 0 85 -69.7600 69.4100 1 85 -49.2000 36.0000
-6.9127003838e-002 1.0223517265e-001 -8.5085488504e-001
0 0 0
2 0 86 -62.4700 92.6700 1 86 -38.0000 49.0000
-6.3898630634e-002 1.2211903523e-001 -8.5388194287e-001
0 0 0
2 0 87 -57.3800 109.3800 1 87 -32.0000 63.0000
-5.7600599896e-002 1.4013199917e-001 -8.6047693669e-001
0 0 0
2 0 88 -51.5000 125.5000 1 88 -29.7100 74.0000
-5.1331877813e-002 1.5106172802e-001 -8.6015311476e-001
0 0 0
2 0 89 -45.8200 134.8200 1 89 -24.2900 80.0000
-4.9881712530e-002 1.4871783006e-001 -8.5510680391e-001
0 0 0
2 0 90 -44.8800 133.9400 1 90 -21.5000 76.5000
-5.8592263640e-002 1.3279519462e-001 -8.4788324694e-001
0 0 0
2 0 91 -53.3300 121.5300 1 91 -24.1700 65.8300
-7.5961561562e-002 1.0600897135e-001 -8.4737667298e-001
0 0 0
2 0 92 -69.1100 97.4400 1 92 -36.8000 52.0000
-9.6135867984e-002 8.2603419377e-002 -8.5187894510e-001
0 0 0
2 0 93 -86.6700 74.4700 1 93 -52.5000 43.5000
-1.1640227771e-001 6.4998969081e-002 -8.7111487696e-001
0 0 0
2 0 94 -102.8100 58.3800 1 94 -78.5000 39.8000
-1.3769606263e-001 5.0602500799e-002 -8.8687161382e-001
0 0 0
2 0 95 -119.2400 43.8200 1 95 -101.1700 40.0800
-1.5242050222e-001 4.2302043507e-002 -9.0605957383e-001
0 0 0
2 0 96 -129.1800 35.7600 1 96 -122.8000 42.8000
-1.6593684896e-001 3.5653711988e-002 -9.2524957441e-001
0 0 0
2 0 97 -137.6900 29.3100 1 97 -143.6700 46.5300
-1.7722325405e-001 3.2332181711e-002 -9.4272761835e-001
0 0 0
2 0 98 -144.3100 25.9200 1 98 -161.5000 51.7100
-1.8465325513e-001 3.3110911346e-002 -9.5543136003e-001
0 0 0
2 0 99 -148.3600 26.1800 1 99 -173.0700 57.6400
-1.9110369316e-001 3.5388940340e-002 -9.6817948720e-001
0 0 0
2 0 100 -151.5000 27.5000 1 100 -183.6700 64.5300
-1.9596106695e-001 3.6601875194e-002 -9.7787202837e-001
0 0 0
2 0 101 -153.8000 28.1000 1 101 -191.9200 69.3300
-2.0059491954e-001 3.5026735193e-002 -9.8797385938e-001
0 0 0
2 0 102 -155.8000 26.4000 1 102 -201.3600 72.0900
-2.0255700059e-001 3.1119397307e-002 -9.9450558456e-001
0 0 0
2 0 103 -156.3300 23.4400 1 103 -208.2000 71.0000
-2.0162751669e-001 2.4066077271e-002 -9.9475624939e-001
0 0 0
2 0 104 -155.5000 17.5000 1 104 -210.4300 65.7100
-1.9755427967e-001 1.6446023174e-002 -9.9019987242e-001
0 0 0
2 0 105 -153.2000 12.6000 1 105 -208.6700 56.6700
-1.8965502835e-001 5.6445086319e-003 -9.8328775920e-001
0 0 0
2 0 106 -148.0000 3.5000 1 106 -204.1800 44.8200
-1.7724042882e-001 -9.8947610526e-003 -9.7374685938e-001
0 0 0
2 0 107 -139.8600 -7.2900 1 107 -198.3800 25.5400
