# Bundle file v0.3
4 108
5.7730589570e+002 -7.0271010610e-002 -1.0612560363e-002
9.8988246882e-001 -6.9511786537e-003 1.4171936721e-001
1.1683796526e-002 9.9940052461e-001 -3.2589573660e-002
-1.4140787399e-001 3.3915667882e-002 9.8937027479e-001
1.3974459942e-001 -3.3945425942e-002 2.2570783671e-001
5.5639729173e+002 4.5989419684e-002 4.0501027246e-002
3.7413862331e-001 4.3619817195e-001 8.1838343417e-001
-3.3848461016e-001 8.8582468734e-001 -3.1740005038e-001
-8.6339357146e-001 -1.5825857979e-001 4.7906759720e-001
6.3080230050e-001 -3.2875888225e-001 -3.0902102009e-001
5.5116595470e+002 -1.5514565318e-001 -1.3702656957e-002
-6.1301801824e-001 -3.5767830793e-001 -7.0446798178e-001
4.8941880589e-001 5.2805491263e-001 -6.9399368995e-001
6.2022426730e-001 -7.7021051491e-001 -1.4865268571e-001
-6.7779395866e-001 -6.9316553934e-001 -8.5843655116e-001
5.4213624576e+002 -2.0998963695e-002 -2.7760528547e-002
-9.8225040859e-001 1.7631424923e-001 -6.4011095506e-002
1.4606951104e-001 5.0489770534e-001 -8.5073027752e-001
-1.1767681494e-001 -8.4498023211e-001 -5.2169011354e-001
-1.1273724133e-001 -7.7639412612e-001 -1.1564614277e+000
-5.7035829222e-003 -1.3343801883e-001 -9.5013801884e-001
0 0 0
4 0 0 0.1400 -109.2900 1 0 -157.0000 -109.0000 2 0 38.0000 -94.5000 3 0 -69.1500 -36.2300
-9.3470793513e-003 -1.3292047561e-001 -9.4732453863e-001
0 0 0
4 0 1 -2.4700 -109.3300 1 1 -157.0000 -109.0000 2 1 38.0000 -97.2000 3 1 -65.6400 -38.7900
-1.1283436882e-002 -1.3087559280e-001 -9.4516523034e-001
0 0 0
4 0 2 -3.8800 -108.1200 1 2 -156.0000 -108.0000 2 2 36.8800 -97.8800 3 2 -63.3000 -39.7000
-1.4251769772e-002 -1.2841708980e-001 -9.4376125153e-001
0 0 0
4 0 3 -6.2900 -106.4300 1 3 -156.0000 -106.2500 2 3 36.4000 -98.2000 3 3 -60.0000 -40.0000
-1.9652267223e-002 -1.2408541631e-001 -9.4101327121e-001
0 0 0
4 0 4 -9.8800 -104.1200 1 4 -155.5000 -103.0000 2 4 35.7100 -99.1400 3 4 -53.3800 -40.3800
-2.6818278757e-002 -1.1707471250e-001 -9.3770974794e-001
0 0 0
4 0 5 -16.0000 -98.8000 1 5 -154.5000 -98.5000 2 5 34.6700 -99.3300 3 5 -45.3600 -40.0900
-3.6059279006e-002 -1.0663840316e-001 -9.3326126012e-001
0 0 0
4 0 6 -22.2700 -91.0000 1 6 -152.5000 -91.0000 2 6 33.3300 -99.3300 3 6 -34.0000 -39.2000
-4.1029507958e-002 -9.3387385007e-002 -9.3071529141e-001
0 0 0
4 0 7 -26.3800 -81.4400 1 7 -148.1700 -80.1700 2 7 30.0000 -95.2000 3 7 -27.1600 -35.1100
-4.4709946980e-002 -7.6069045404e-002 -9.3408952109e-001
0 0 0
4 0 8 -29.8800 -65.7600 1 8 -145.2000 -67.4000 2 8 27.9100 -86.6400 3 8 -20.2400 -23.0600
-4.6766193486e-002 -5.4390752548e-002 -9.3942179206e-001
0 0 0
4 0 9 -31.9100 -48.6400 1 9 -140.4000 -48.2000 2 9 25.5000 -74.0000 3 9 -14.6200 -9.2300
-4.5308341447e-002 -3.0998363493e-002 -9.4876273857e-001
0 0 0
4 0 10 -31.9200 -28.8300 1 10 -136.5000 -30.0000 2 10 22.2900 -56.4300 3 10 -11.2500 7.6700
-4.2563133360e-002 -1.6975958000e-002 -9.5815380370e-001
0 0 0
4 0 11 -30.2300 -15.1500 1 11 -135.8300 -20.1700 2 11 22.1200 -44.5000 3 11 -10.5600 20.7500
-3.6815876767e-002 -1.0352428815e-002 -9.7187195076e-001
0 0 0
4 0 12 -27.0000 -10.1700 1 12 -138.0000 -12.5000 2 12 24.8800 -32.5000 3 12 -14.0700 34.1400
-3.0943374791e-002 -1.1907091694e-002 -9.8539566619e-001
0 0 0
4 0 13 -23.0000 -10.6700 1 13 -143.3300 -11.6700 2 13 30.0000 -24.0000 3 13 -18.3800 44.3800
-2.6080557786e-002 -1.9144095446e-002 -1.0020572153e+000
0 0 0
4 0 14 -21.3600 -15.5500 1 14 -152.1700 -13.8300 2 14 39.0000 -16.0000 3 14 -23.4400 55.2500
-2.2470598390e-002 -3.1063291585e-002 -1.0187884745e+000
0 0 0
4 0 15 -19.9000 -23.8000 1 15 -162.5000 -18.1200 2 15 51.1200 -11.1200 3 15 -28.3600 65.2100
-1.9157663180e-002 -4.5529290891e-002 -1.0332651218e+000
0 0 0
4 0 16 -18.2900 -34.0000 1 16 -174.0000 -24.5000 2 16 62.0000 -7.7100 3 16 -33.5000 72.5000
-1.6190968324e-002 -5.9788697426e-002 -1.0454422311e+000
0 0 0
4 0 17 -17.1700 -42.8300 1 17 -183.0000 -31.2500 2 17 74.0000 -6.0000 3 17 -39.4300 78.0000
-1.6038620440e-002 -7.2022642846e-002 -1.0534195356e+000
0 0 0
4 0 18 -17.8000 -50.5000 1 18 -191.8300 -37.8300 2 18 82.6700 -6.4400 3 18 -42.1400 80.7100
-1.8575399097e-002 -8.3723064436e-002 -1.0612187402e+000
0 0 0
4 0 19 -20.1200 -58.5000 1 19 -200.0000 -42.5000 2 19 93.7800 -8.3300 3 19 -42.2700 83.3300
-2.5577079668e-002 -9.1914558650e-002 -1.0660299794e+000
0 0 0
4 0 20 -25.7100 -64.0000 1 20 -209.0000 -45.2500 2 20 102.6400 -11.9100 3 20 -37.3100 83.8800
-3.4689034451e-002 -9.6431252863e-002 -1.0683662521e+000
0 0 0
4 0 21 -31.5000 -67.0000 1 21 -215.8300 -45.8300 2 21 110.4000 -16.4000 3 21 -28.5900 83.1200
-4.7242891472e-002 -1.0162787799e-001 -1.0662061169e+000
0 0 0
4 0 22 -40.5000 -71.0000 1 22 -223.5000 -47.0000 2 22 116.1700 -25.8300 3 22 -17.4500 77.6400
-6.2149346917e-002 -1.0399264866e-001 -1.0594381639e+000
0 0 0
4 0 23 -49.8900 -73.3300 1 23 -230.0000 -47.7100 2 23 118.9100 -35.6400 3 23 -2.3500 67.2000
-7.6032845063e-002 -1.0384477899e-001 -1.0501944991e+000
0 0 0
4 0 24 -60.5000 -74.5000 1 24 -233.0000 -47.5000 2 24 118.5000 -46.5000 3 24 10.9100 57.0900
-9.0113308570e-002 -1.0000658112e-001 -1.0351905351e+000
0 0 0
4 0 25 -70.1200 -73.8800 1 25 -231.8800 -46.1200 2 25 114.0000 -56.8000 3 25 25.2100 41.9500
-1.0049770915e-001 -9.3251175754e-002 -1.0179810843e+000
0 0 0
4 0 26 -77.0000 -71.0000 1 26 -227.0000 -44.0000 2 26 105.0000 -66.0000 3 26 35.4100 27.7600
-1.0804901123e-001 -8.2581934896e-002 -1.0004802893e+000
0 0 0
4 0 27 -83.6400 -65.0900 1 27 -217.2900 -39.5700 2 27 94.4500 -72.6400 3 27 41.8600 16.7100
-1.1495274198e-001 -6.9678238977e-002 -9.7770884810e-001
0 0 0
4 0 28 -88.5000 -57.5000 1 28 -204.3800 -34.7500 2 28 79.5000 -80.2000 3 28 47.7300 2.6700
-1.1967293635e-001 -5.3524992639e-002 -9.5555542973e-001
0 0 0
4 0 29 -93.0800 -46.3100 1 29 -187.0000 -28.0000 2 29 65.4000 -85.4000 3 29 50.9200 -7.6900
-1.2172658239e-001 -3.5948003157e-002 -9.3206733305e-001
0 0 0
4 0 30 -95.2500 -35.1900 1 30 -166.8300 -19.9200 2 30 48.0000 -89.0000 3 30 52.1700 -17.0000
-1.2078107820e-001 -1.8975079909e-002 -9.1144131688e-001
0 0 0
4 0 31 -95.1100 -20.9400 1 31 -148.2700 -13.7300 2 31 31.0000 -90.7100 3 31 50.5400 -23.8500
-1.1599150834e-001 -1.9289219594e-003 -8.9122574823e-001
0 0 0
4 0 32 -91.6900 -8.0600 1 32 -124.2000 -7.0000 2 32 16.0000 -91.0000 3 32 46.1800 -28.8200
-1.0710112220e-001 1.0557803915e-002 -8.7267017240e-001
0 0 0
4 0 33 -83.7500 3.5600 1 33 -106.0000 -5.0000 2 33 -3.2000 -92.0000 3 33 38.5000 -34.5000
-9.0449886632e-002 1.5530931244e-002 -8.5672331119e-001
0 0 0
4 0 34 -68.4400 8.2800 1 34 -84.5000 -11.5000 2 34 -17.3300 -92.1100 3 34 25.2000 -40.0000
-6.9558460740e-002 8.2945328301e-003 -8.5699458701e-001
0 0 0
4 0 35 -48.1200 1.5900 1 35 -78.5000 -21.5000 2 35 -24.0000 -90.2900 3 35 8.2000 -41.0000
-5.0492559694e-002 -2.2416951262e-003 -8.6040758393e-001
0 0 0
4 0 36 -30.5000 -7.5000 1 36 -77.0000 -34.0000 2 36 -29.0000 -88.0000 3 36 -7.0000 -41.0000
-3.8916691529e-002 -1.7144679546e-002 -8.6529775091e-001
0 0 0
4 0 37 -19.6700 -21.5600 1 37 -80.6700 -44.6700 2 37 -28.0000 -89.7500 3 37 -18.2000 -43.6000
-3.3921385548e-002 -4.1158768425e-002 -8.6408800390e-001
0 0 0
4 0 38 -14.7500 -44.3800 1 38 -86.6700 -64.6700 2 38 -26.2000 -99.6000 3 38 -24.6700 -54.3300
-3.2060103456e-002 -6.7051557201e-002 -8.5853570603e-001
0 0 0
4 0 39 -12.2200 -66.8900 1 39 -93.0000 -87.0000 2 39 -23.0000 -115.5000 3 39 -31.6700 -71.3300
-3.6268740543e-002 -9.0257622899e-002 -8.5371942475e-001
0 0 0
4 0 40 -16.0900 -91.3600 1 40 -100.2000 -104.4000 2 40 -18.3300 -131.3300 3 40 -32.7100 -86.5700
-4.8376058959e-002 -1.0530375937e-001 -8.5039068854e-001
0 0 0
4 0 41 -26.0000 -105.0000 1 41 -110.0000 -115.7100 2 41 -9.2900 -145.4300 3 41 -25.3600 -99.5500
-5.9012887745e-002 -1.0830257384e-001 -8.5092360272e-001
0 0 0
4 0 42 -36.5600 -108.1100 1 42 -116.0000 -116.0000 2 42 -2.2900 -150.0000 3 42 -17.6000 -102.4000
-7.3177165941e-002 -1.0120248988e-001 -8.5876301525e-001
0 0 0
4 0 43 -49.3000 -101.1500 1 43 -124.8800 -104.8800 2 43 6.8300 -145.1700 3 43 -2.6700 -95.5300
-8.9770385328e-002 -8.8911385058e-002 -8.7481687226e-001
0 0 0
4 0 44 -66.0000 -87.2700 1 44 -137.5000 -88.5000 2 44 19.4300 -134.7100 3 44 15.0000 -78.5800
-1.0447400829e-001 -7.5419896726e-002 -8.9464341845e-001
0 0 0
4 0 45 -80.2900 -72.0000 1 45 -153.2500 -67.0000 2 45 31.8300 -122.1700 3 45 29.3300 -60.6700
-1.1571517309e-001 -5.8320608950e-002 -9.1004330648e-001
0 0 0
4 0 46 -89.9200 -56.8300 1 46 -160.5000 -45.0000 2 46 39.8800 -109.0000 3 46 42.9100 -42.3600
-1.2442153982e-001 -3.5394109335e-002 -9.1329843933e-001
0 0 0
4 0 47 -97.9200 -34.8300 1 47 -158.0000 -24.8000 2 47 39.0000 -99.0000 3 47 52.0900 -30.6400
-1.2854131085e-001 -1.5356953252e-002 -9.1746629176e-001
0 0 0
4 0 48 -101.5000 -18.5000 1 48 -153.7100 -6.0000 2 48 36.7500 -89.0000 3 48 57.8900 -18.6700
-1.3121109864e-001 -1.4772696058e-002 -9.3493486834e-001
0 0 0
4 0 49 -103.7100 -17.1400 1 49 -164.8000 -0.6000 2 49 46.5000 -81.0000 3 49 62.2900 -6.0000
-1.3192048431e-001 -2.8871694730e-002 -9.5866748261e-001
0 0 0
4 0 50 -103.5000 -27.5000 1 50 -184.8600 -4.2900 2 50 63.5000 -76.5000 3 50 64.1700 5.0000
-1.2748490710e-001 -5.4577456513e-002 -9.8888839768e-001
0 0 0
4 0 51 -98.2200 -45.6700 1 51 -210.4300 -16.2900 2 51 86.0000 -71.5000 3 51 62.1700 17.0000
-1.1516839989e-001 -8.2685946748e-002 -1.0182559558e+000
0 0 0
4 0 52 -87.5000 -64.1200 1 52 -230.6700 -32.1100 2 52 107.3300 -65.7500 3 52 51.7300 30.8000
-9.6520721275e-002 -1.0794795742e-001 -1.0438418122e+000
0 0 0
4 0 53 -74.8000 -78.0000 1 53 -244.1400 -48.7100 2 53 123.8500 -58.5400 3 53 31.5000 46.0000
-7.4841552368e-002 -1.2902676494e-001 -1.0628815350e+000
0 0 0
4 0 54 -57.7000 -91.3000 1 54 -248.0000 -61.7100 2 54 137.3300 -49.7300 3 54 7.9300 57.3700
-5.1320995397e-002 -1.4582074631e-001 -1.0779051779e+000
0 0 0
4 0 55 -43.5000 -99.5000 1 55 -248.0000 -73.7100 2 55 145.3300 -41.7300 3 55 -22.1700 69.7300
-2.7561084680e-002 -1.6112436840e-001 -1.0875922166e+000
0 0 0
4 0 56 -27.7100 -108.0000 1 56 -245.5700 -83.7100 2 56 149.8300 -35.0000 3 56 -54.1700 76.9000
-6.8529724820e-003 -1.7294487882e-001 -1.0916918765e+000
0 0 0
4 0 57 -14.0000 -114.2900 1 57 -239.8000 -94.4000 2 57 151.0000 -29.1200 3 57 -82.0000 79.0000
1.6982987945e-002 -1.8515232042e-001 -1.0928126260e+000
0 0 0
4 0 58 2.0000 -122.0000 1 58 -232.5000 -103.5000 2 58 148.5000 -24.7100 3 58 -115.7600 78.0000
3.7800789831e-002 -1.9401067862e-001 -1.0917427948e+000
0 0 0
4 0 59 17.5000 -127.5000 1 59 -224.5000 -113.0000 2 59 143.6000 -20.4000 3 59 -143.6400 76.1600
5.9315607552e-002 -2.0089402206e-001 -1.0912930184e+000
0 0 0
4 0 60 30.0000 -130.8000 1 60 -217.0000 -118.7500 2 60 136.7900 -13.9500 3 60 -174.2100 75.0600
7.7601113897e-002 -2.0595833603e-001 -1.0883759180e+000
0 0 0
4 0 61 42.0000 -134.2900 1 61 -207.3300 -125.3300 2 61 128.8600 -9.5700 3 61 -198.1500 72.5300
9.7827963195e-002 -2.0930598033e-001 -1.0820646216e+000
0 0 0
4 0 62 56.0000 -136.8000 1 62 -196.6700 -130.6700 2 62 115.0000 -5.6100 3 62 -223.1300 66.6800
1.1799273488e-001 -2.0771410180e-001 -1.0722587352e+000
0 0 0
3 0 63 71.6200 -137.7500 1 63 -184.3300 -134.3300 3 63 -242.7800 60.1600
1.5396335491e-001 -2.0537358622e-001 -1.0484380599e+000
0 0 0
4 0 64 99.2500 -139.0000 1 64 -159.0000 -142.0000 2 64 48.8800 1.3800 3 64 -275.8500 41.3700
1.6975034251e-001 -2.0285294149e-001 -1.0333147804e+000
0 0 0
4 0 65 113.5000 -139.0000 1 65 -144.5000 -145.0000 2 65 24.5600 -0.0800 3 65 -287.3000 28.5200
1.4488070009e-001 -1.6393404275e-001 -9.0008915518e-001
0 0 0
4 0 66 129.0000 -138.0000 1 66 -82.0000 -157.0000 2 66 -79.8800 -91.5000 3 66 -217.0000 -68.7500
1.2874592186e-001 -1.6121788468e-001 -8.8391308249e-001
0 0 0
4 0 67 120.3000 -140.7000 1 67 -78.0000 -160.0000 2 67 -80.3300 -106.0000 3 67 -199.1700 -82.0800
1.1130274303e-001 -1.5418235649e-001 -8.6746746580e-001
0 0 0
4 0 68 112.0000 -139.6700 1 68 -73.6700 -159.6700 2 68 -80.6200 -117.6200 3 68 -178.2000 -93.0000
9.4442046249e-002 -1.4490078480e-001 -8.5200055511e-001
0 0 0
4 0 69 102.3600 -135.5500 1 69 -68.0000 -157.0000 2 69 -81.1800 -128.1800 3 69 -159.0000 -100.0000
7.3063925699e-002 -1.3268937440e-001 -8.3713897113e-001
0 0 0
4 0 70 88.0000 -129.3100 1 70 -63.5000 -152.5000 2 70 -79.7000 -135.3000 3 70 -134.8300 -105.9200
5.1174154938e-002 -1.2149861081e-001 -8.2737340605e-001
0 0 0
4 0 71 69.6200 -120.8100 1 71 -61.3300 -146.6700 2 71 -74.0000 -141.2000 3 71 -114.0000 -108.8300
2.7239754868e-002 -1.0493130534e-001 -8.1644106588e-001
0 0 0
4 0 72 51.2600 -109.3500 1 72 -57.8300 -135.8300 2 72 -69.6000 -143.6000 3 72 -87.9000 -109.4000
3.6950760211e-003 -8.6452900406e-002 -8.1049380413e-001
0 0 0
4 0 73 28.4300 -92.9000 1 73 -55.6700 -121.3300 2 73 -63.2000 -142.0000 3 73 -66.1800 -106.8200
-1.8942009788e-002 -6.6673347621e-002 -8.0804988043e-001
0 0 0
4 0 74 8.2700 -76.1800 1 74 -55.5000 -102.5000 2 74 -57.0000 -138.5000 3 74 -42.2000 -100.1000
-4.4005040117e-002 -4.3594236326e-002 -8.1007348271e-001
0 0 0
4 0 75 -18.0000 -52.2500 1 75 -57.5000 -82.5000 2 75 -48.2000 -130.4000 3 75 -18.5000 -90.0000
-6.3771824018e-002 -1.5359429840e-002 -8.1042355440e-001
0 0 0
4 0 76 -38.8100 -23.1000 1 76 -55.2500 -55.6200 2 76 -44.1700 -122.1700 3 76 -1.3300 -79.0000
-7.2040631791e-002 8.0055655311e-003 -8.0970194308e-001
0 0 0
4 0 77 -47.4700 -0.1300 1 77 -48.2900 -36.0000 2 77 -45.8000 -112.4000 3 77 8.6000 -69.2000
-7.4747049345e-002 4.2510585841e-002 -8.0188733989e-001
0 0 0
4 0 78 -49.8300 34.1700 1 78 -30.0000 -9.0000 2 78 -55.0000 -101.0000 3 78 14.0000 -59.0000
-7.0518965828e-002 5.3864689729e-002 -7.9789976384e-001
0 0 0
4 0 79 -45.3300 47.5300 1 79 -22.1700 -3.8300 2 79 -61.0000 -96.7500 3 79 12.1700 -56.1700
-6.6722188751e-002 5.3237440395e-002 -7.9762644227e-001
0 0 0
4 0 80 -41.2900 47.2900 1 80 -20.8200 -5.8200 2 80 -62.1700 -96.1700 3 80 9.3300 -56.3300
-7.0222178529e-002 4.3685496743e-002 -8.0499202532e-001
0 0 0
4 0 81 -45.5800 36.2500 1 81 -30.7500 -9.3800 2 81 -56.1700 -97.8300 3 81 11.0000 -56.5000
-7.7806102837e-002 2.9112680030e-002 -8.1993537363e-001
0 0 0
4 0 82 -54.1800 21.1800 1 82 -50.0000 -14.2900 2 82 -43.6700 -99.6700 3 82 15.5000 -55.0000
-8.5428481605e-002 2.0088609944e-002 -8.3348343744e-001
0 0 0
4 0 83 -61.5800 12.2500 1 83 -64.4400 -15.6700 2 83 -30.1700 -99.8300 3 83 21.5000 -51.5000
-9.7646916427e-002 5.3916472530e-002 -8.4558982742e-001
0 0 0
4 0 84 -74.5900 43.7600 1 84 -64.0000 18.8000 2 84 -27.2500 -83.0000 3 84 33.8900 -31.3300
-9.2388988424e-002 7.9942589604e-002 -8.4208816730e-001
0 0 0
4 0 85 -69.7600 69.4100 1 85 -49.2000 36.0000 2 85 -36.0000 -72.2900 3 85 31.8900 -22.8900
-8.4367891837e-002 1.0295664128e-001 -8.4222275352e-001
0 0 0
4 0 86 -62.4700 92.6700 1 86 -38.0000 49.0000 2 86 -44.6000 -60.8000 3 86 29.0000 -13.0000
-7.9103705649e-002 1.2167121451e-001 -8.4717589125e-001
0 0 0
4 0 87 -57.3800 109.3800 1 87 -32.0000 63.0000 2 87 -47.8300 -50.1700 3 87 27.2900 -3.4300
-7.2654329331e-002 1.3890208608e-001 -8.5556310808e-001
0 0 0
4 0 88 -51.5000 125.5000 1 88 -29.7100 74.0000 2 88 -49.8300 -38.1700 3 88 25.2900 7.0000
-6.6114511418e-002 1.4989697677e-001 -8.5784087918e-001
0 0 0
4 0 89 -45.8200 134.8200 1 89 -24.2900 80.0000 2 89 -53.5000 -31.5000 3 89 22.0000 13.0000
-6.6418720689e-002 1.4686096380e-001 -8.5031230660e-001
0 0 0
4 0 90 -44.8800 133.9400 1 90 -21.5000 76.5000 2 90 -56.0000 -36.0000 3 90 21.8800 7.0000
-7.5618368155e-002 1.3138343471e-001 -8.4080716202e-001
0 0 0
4 0 91 -53.3300 121.5300 1 91 -24.1700 65.8300 2 91 -53.5000 -48.0000 3 91 26.1700 -4.1700
-9.2334399501e-002 1.0565525764e-001 -8.3598516922e-001
0 0 0
4 0 92 -69.1100 97.4400 1 92 -36.8000 52.0000 2 92 -43.8300 -64.1700 3 92 34.8000 -18.0000
-1.0912227326e-001 8.4346977175e-002 -8.3875054076e-001
0 0 0
4 0 93 -86.6700 74.4700 1 93 -52.5000 43.5000 2 93 -32.5000 -75.5000 3 93 44.0000 -25.0000
-1.2735330767e-001 6.7115901246e-002 -8.5307045728e-001
0 0 0
4 0 94 -102.8100 58.3800 1 94 -78.5000 39.8000 2 94 -15.0000 -82.1200 3 94 57.2000 -26.0000
-1.4376853269e-001 5.4334227671e-002 -8.6922614450e-001
0 0 0
4 0 95 -119.2400 43.8200 1 95 -101.1700 40.0800 2 95 1.3800 -83.7500 3 95 69.0000 -22.1700
-1.5634511185e-001 4.6198501700e-002 -8.8833476923e-001
0 0 0
4 0 96 -129.1800 35.7600 1 96 -122.8000 42.8000 2 96 18.0000 -82.2900 3 96 80.8300 -14.7200
-1.6721637012e-001 3.9311141207e-002 -9.0588906422e-001
0 0 0
4 0 97 -137.6900 29.3100 1 97 -143.6700 46.5300 2 97 32.1200 -80.1200 3 97 90.0000 -8.4300
-1.7638010664e-001 3.5876050158e-002 -9.2305660697e-001
0 0 0
4 0 98 -144.3100 25.9200 1 98 -161.5000 51.7100 2 98 44.0000 -76.2900 3 98 99.3300 0.4700
-1.8248487884e-001 3.6471619892e-002 -9.3668153635e-001
0 0 0
4 0 99 -148.3600 26.1800 1 99 -173.0700 57.6400 2 99 52.0000 -72.2900 3 99 106.5400 10.1500
-1.8755305508e-001 3.8180672483e-002 -9.4869226003e-001
0 0 0
4 0 100 -151.5000 27.5000 1 100 -183.6700 64.5300 2 100 58.2900 -68.0000 3 100 111.5600 18.2500
-1.9145543151e-001 3.9184423986e-002 -9.6019352599e-001
0 0 0
4 0 101 -153.8000 28.1000 1 101 -191.9200 69.3300 2 101 65.2000 -63.4000 3 101 116.8700 26.4700
-1.9508660624e-001 3.7290905694e-002 -9.7011444029e-001
0 0 0
4 0 102 -155.8000 26.4000 1 102 -201.3600 72.0900 2 102 71.8000 -60.4000 3 102 120.8500 31.7700
-1.9687864170e-001 3.3426826389e-002 -9.7600091676e-001
0 0 0
4 0 103 -156.3300 23.4400 1 103 -208.2000 71.0000 2 103 75.6000 -60.2000 3 103 123.5300 34.6700
-1.9577155330e-001 2.6696478959e-002 -9.7634376368e-001
0 0 0
4 0 104 -155.5000 17.5000 1 104 -210.4300 65.7100 2 104 77.6700 -62.3300 3 104 122.5000 32.5000
-1.9237093732e-001 1.9605919517e-002 -9.7098668607e-001
0 0 0
4 0 105 -153.2000 12.6000 1 105 -208.6700 56.6700 2 105 76.0000 -66.2500 3 105 119.0000 26.0000
-1.8582888886e-001 9.5534633860e-003 -9.6322286527e-001
0 0 0
4 0 106 -148.0000 3.5000 1 106 -204.1800 44.8200 2 106 72.6700 -72.6700 3 106 112.6200 17.6200
-1.7446742516e-001 -4.8953291828e-003 -9.5457826620e-001
0 0 0
4 0 107 -139.8600 -7.2900 1 107 -198.3800 25.5400 2 107 69.4000 -78.8000 3 107 101.3300 6.4700
