# Bundle file v0.3
4 108
6.3500493933e+002 1.0518155303e-002 2.5668128778e-003
9.9856895265e-001 1.4771122331e-003 5.3459002536e-002
-2.0521333307e-003 9.9994061542e-001 1.0703007691e-002
-5.3440018353e-002 -1.0797396181e-002 9.9851268428e-001
4.8083315664e-002 5.9710403116e-003 1.1433855285e-001
7.0087146227e+002 9.7514118050e-002 1.2400524169e-002
3.2989848171e-001 3.9827436797e-001 8.5588814665e-001
-3.2355591609e-001 8.9943265609e-001 -2.9382386957e-001
-8.8683626500e-001 -1.7999562490e-001 4.2558549563e-001
6.5380407218e-001 -3.0558155832e-001 -6.0075807999e-001
0 0 0
0 0 0
0 0 0
0 0 0
0 0 0
0 0 0
0 0 0
0 0 0
0 0 0
0 0 0
3.4346298051e-003 -1.4025181995e-001 -9.5595166469e-001
0 0 0
2 0 0 0.1400 -109.2900 1 0 -157.0000 -109.0000
-1.2796968148e-004 -1.3997831970e-001 -9.5361782966e-001
0 0 0
2 0 1 -2.4700 -109.3300 1 1 -157.0000 -109.0000
-2.0854629236e-003 -1.3807019605e-001 -9.5156066456e-001
0 0 0
2 0 2 -3.8800 -108.1200 1 2 -156.0000 -108.0000
-5.2920568774e-003 -1.3573921512e-001 -9.5069402409e-001
0 0 0
2 0 3 -6.2900 -106.4300 1 3 -156.0000 -106.2500
-1.0112906755e-002 -1.3186536055e-001 -9.4891857106e-001
0 0 0
2 0 4 -9.8800 -104.1200 1 4 -155.5000 -103.0000
-1.8195841584e-002 -1.2493870224e-001 -9.4540275485e-001
0 0 0
2 0 5 -16.0000 -98.8000 1 5 -154.5000 -98.5000
-2.6428333295e-002 -1.1444501044e-001 -9.4227352788e-001
0 0 0
2 0 6 -22.2700 -91.0000 1 6 -152.5000 -91.0000
-3.1915704273e-002 -1.0037822990e-001 -9.3956615192e-001
0 0 0
2 0 7 -26.3800 -81.4400 1 7 -148.1700 -80.1700
-3.6347083393e-002 -8.1763688576e-002 -9.4149907937e-001
0 0 0
2 0 8 -29.8800 -65.7600 1 8 -145.2000 -67.4000
-3.9187946453e-002 -5.7858925651e-002 -9.4567980924e-001
0 0 0
2 0 9 -31.9100 -48.6400 1 9 -140.4000 -48.2000
-3.9207627600e-002 -3.2666642402e-002 -9.5292074938e-001
0 0 0
2 0 10 -31.9200 -28.8300 1 10 -136.5000 -30.0000
-3.6738942983e-002 -1.7085764443e-002 -9.6099700238e-001
0 0 0
2 0 11 -30.2300 -15.1500 1 11 -135.8300 -20.1700
-3.2477045849e-002 -9.2332447011e-003 -9.7268711163e-001
0 0 0
2 0 12 -27.0000 -10.1700 1 12 -138.0000 -12.5000
-2.6856212159e-002 -1.0119577233e-002 -9.8546501523e-001
0 0 0
2 0 13 -23.0000 -10.6700 1 13 -143.3300 -11.6700
-2.4312112122e-002 -1.7117875737e-002 -9.9933802679e-001
0 0 0
2 0 14 -21.3600 -15.5500 1 14 -152.1700 -13.8300
-2.1993266323e-002 -2.8472054216e-002 -1.0137929315e+000
0 0 0
2 0 15 -19.9000 -23.8000 1 15 -162.5000 -18.1200
-1.9355359107e-002 -4.3153409263e-002 -1.0288405389e+000
0 0 0
2 0 16 -18.2900 -34.0000 1 16 -174.0000 -24.5000
-1.7427467992e-002 -5.6600500936e-002 -1.0392771934e+000
0 0 0
2 0 17 -17.1700 -42.8300 1 17 -183.0000 -31.2500
-1.8020994440e-002 -6.9209400152e-002 -1.0477662850e+000
0 0 0
2 0 18 -17.8000 -50.5000 1 18 -191.8300 -37.8300
-2.1325997864e-002 -8.0621109085e-002 -1.0542376855e+000
0 0 0
2 0 19 -20.1200 -58.5000 1 19 -200.0000 -42.5000
-2.9470561719e-002 -8.9201585665e-002 -1.0597241754e+000
0 0 0
2 0 20 -25.7100 -64.0000 1 20 -209.0000 -45.2500
-3.8026836305e-002 -9.3813153158e-002 -1.0629877660e+000
0 0 0
2 0 21 -31.5000 -67.0000 1 21 -215.8300 -45.8300
-5.1373600642e-002 -9.9546346171e-002 -1.0628960158e+000
0 0 0
2 0 22 -40.5000 -71.0000 1 22 -223.5000 -47.0000
-6.5169418866e-002 -1.0331099679e-001 -1.0608254734e+000
0 0 0
2 0 23 -49.8900 -73.3300 1 23 -230.0000 -47.7100
-8.0453831243e-002 -1.0428959021e-001 -1.0525222796e+000
0 0 0
2 0 24 -60.5000 -74.5000 1 24 -233.0000 -47.5000
-9.3820390973e-002 -1.0195754450e-001 -1.0404136241e+000
0 0 0
2 0 25 -70.1200 -73.8800 1 25 -231.8800 -46.1200
-1.0282103426e-001 -9.6673818707e-002 -1.0271806435e+000
0 0 0
2 0 26 -77.0000 -71.0000 1 26 -227.0000 -44.0000
-1.1088723818e-001 -8.6615049895e-002 -1.0095603602e+000
0 0 0
2 0 27 -83.6400 -65.0900 1 27 -217.2900 -39.5700
-1.1602195745e-001 -7.4610136956e-002 -9.9036995148e-001
0 0 0
2 0 28 -88.5000 -57.5000 1 28 -204.3800 -34.7500
-1.2013679130e-001 -5.8236465002e-002 -9.6740858979e-001
0 0 0
2 0 29 -93.0800 -46.3100 1 29 -187.0000 -28.0000
-1.2097866166e-001 -4.0855016614e-002 -9.4409563866e-001
0 0 0
2 0 30 -95.2500 -35.1900 1 30 -166.8300 -19.9200
-1.1884063457e-001 -2.3484844422e-002 -9.2456879353e-001
0 0 0
2 0 31 -95.1100 -20.9400 1 31 -148.2700 -13.7300
-1.1260514956e-001 -5.6205662710e-003 -9.0053261760e-001
0 0 0
2 0 32 -91.6900 -8.0600 1 32 -124.2000 -7.0000
-1.0162036631e-001 7.3720812306e-003 -8.8470722094e-001
0 0 0
2 0 33 -83.7500 3.5600 1 33 -106.0000 -5.0000
-8.2148782448e-002 1.2271526613e-002 -8.6393937794e-001
0 0 0
2 0 34 -68.4400 8.2800 1 34 -84.5000 -11.5000
-5.8463612140e-002 5.1458405135e-003 -8.6371896390e-001
0 0 0
2 0 35 -48.1200 1.5900 1 35 -78.5000 -21.5000
-3.7701097338e-002 -6.2321405524e-003 -8.6595006653e-001
0 0 0
2 0 36 -30.5000 -7.5000 1 36 -77.0000 -34.0000
-2.4921871411e-002 -2.1666599802e-002 -8.7148555590e-001
0 0 0
2 0 37 -19.6700 -21.5600 1 37 -80.6700 -44.6700
-1.9043177894e-002 -4.8847945135e-002 -8.7033632708e-001
0 0 0
2 0 38 -14.7500 -44.3800 1 38 -86.6700 -64.6700
-1.5961730419e-002 -7.6977318074e-002 -8.6689761215e-001
0 0 0
2 0 39 -12.2200 -66.8900 1 39 -93.0000 -87.0000
-2.0730220247e-002 -1.0355933077e-001 -8.6269942100e-001
0 0 0
2 0 40 -16.0900 -91.3600 1 40 -100.2000 -104.4000
-3.2242618344e-002 -1.2042077610e-001 -8.6263757162e-001
0 0 0
2 0 41 -26.0000 -105.0000 1 41 -110.0000 -115.7100
-4.4603941375e-002 -1.2378779602e-001 -8.6332150107e-001
0 0 0
2 0 42 -36.5600 -108.1100 1 42 -116.0000 -116.0000
-5.9786714039e-002 -1.1618447831e-001 -8.7297065304e-001
0 0 0
2 0 43 -49.3000 -101.1500 1 43 -124.8800 -104.8800
-8.0200811043e-002 -1.0257102554e-001 -8.8775081273e-001
0 0 0
2 0 44 -66.0000 -87.2700 1 44 -137.5000 -88.5000
-9.9037299824e-002 -8.6252180116e-002 -9.1022253574e-001
0 0 0
2 0 45 -80.2900 -72.0000 1 45 -153.2500 -67.0000
-1.1240021040e-001 -6.6797570763e-002 -9.2479495120e-001
0 0 0
2 0 46 -89.9200 -56.8300 1 46 -160.5000 -45.0000
-1.2262405565e-001 -4.1134693999e-002 -9.2769112400e-001
0 0 0
2 0 47 -97.9200 -34.8300 1 47 -158.0000 -24.8000
-1.2763590380e-001 -1.9145161359e-002 -9.3051982406e-001
0 0 0
2 0 48 -101.5000 -18.5000 1 48 -153.7100 -6.0000
-1.3208256191e-001 -1.7983940641e-002 -9.4603232912e-001
0 0 0
2 0 49 -103.7100 -17.1400 1 49 -164.8000 -0.6000
-1.3433535134e-001 -3.1874178817e-002 -9.6946430516e-001
0 0 0
2 0 50 -103.5000 -27.5000 1 50 -184.8600 -4.2900
-1.3036145107e-001 -5.7712125225e-002 -1.0001608846e+000
0 0 0
2 0 51 -98.2200 -45.6700 1 51 -210.4300 -16.2900
-1.1791457608e-001 -8.5660881770e-002 -1.0282412513e+000
0 0 0
2 0 52 -87.5000 -64.1200 1 52 -230.6700 -32.1100
-1.0107859195e-001 -1.1026606240e-001 -1.0505821212e+000
0 0 0
2 0 53 -74.8000 -78.0000 1 53 -244.1400 -48.7100
-7.6888155248e-002 -1.3007565754e-001 -1.0670379396e+000
0 0 0
2 0 54 -57.7000 -91.3000 1 54 -248.0000 -61.7100
-5.5820049995e-002 -1.4480655436e-001 -1.0760260613e+000
0 0 0
2 0 55 -43.5000 -99.5000 1 55 -248.0000 -73.7100
-3.2043913303e-002 -1.5808909439e-001 -1.0842274847e+000
0 0 0
2 0 56 -27.7100 -108.0000 1 56 -245.5700 -83.7100
-1.1133183871e-002 -1.6882389981e-001 -1.0841191802e+000
0 0 0
2 0 57 -14.0000 -114.2900 1 57 -239.8000 -94.4000
1.3173744499e-002 -1.7933664731e-001 -1.0843108631e+000
0 0 0
2 0 58 2.0000 -122.0000 1 58 -232.5000 -103.5000
3.6727272821e-002 -1.8826217569e-001 -1.0822810896e+000
0 0 0
2 0 59 17.5000 -127.5000 1 59 -224.5000 -113.0000
5.5555388135e-002 -1.9296133015e-001 -1.0796653445e+000
0 0 0
2 0 60 30.0000 -130.8000 1 60 -217.0000 -118.7500
7.2866324102e-002 -1.9700263078e-001 -1.0712185077e+000
0 0 0
2 0 61 42.0000 -134.2900 1 61 -207.3300 -125.3300
9.2995011670e-002 -1.9938929205e-001 -1.0635886578e+000
0 0 0
2 0 62 56.0000 -136.8000 1 62 -196.6700 -130.6700
1.1510264956e-001 -1.9894152799e-001 -1.0551496185e+000
0 0 0
2 0 63 71.6200 -137.7500 1 63 -184.3300 -134.3300
1.5114386842e-001 -1.9603768130e-001 -1.0297660588e+000
0 0 0
2 0 64 99.2500 -139.0000 1 64 -159.0000 -142.0000
1.6804896105e-001 -1.9240103955e-001 -1.0130242412e+000
0 0 0
2 0 65 113.5000 -139.0000 1 65 -144.5000 -145.0000
1.6022543903e-001 -1.6686933332e-001 -8.9676996863e-001
0 0 0
2 0 66 129.0000 -138.0000 1 66 -82.0000 -157.0000
1.4550577250e-001 -1.6697236993e-001 -8.8118017064e-001
0 0 0
2 0 67 120.3000 -140.7000 1 67 -78.0000 -160.0000
1.3234639469e-001 -1.6290214074e-001 -8.6831895917e-001
0 0 0
2 0 68 112.0000 -139.6700 1 68 -73.6700 -159.6700
1.1775267905e-001 -1.5504123213e-001 -8.5450465971e-001
0 0 0
2 0 69 102.3600 -135.5500 1 69 -68.0000 -157.0000
9.8323412202e-002 -1.4525451733e-001 -8.4159379586e-001
0 0 0
2 0 70 88.0000 -129.3100 1 70 -63.5000 -152.5000
7.5476473802e-002 -1.3436469338e-001 -8.3161762404e-001
0 0 0
2 0 71 69.6200 -120.8100 1 71 -61.3300 -146.6700
5.3350627968e-002 -1.1917957407e-001 -8.2270567153e-001
0 0 0
2 0 72 51.2600 -109.3500 1 72 -57.8300 -135.8300
2.7115230413e-002 -9.9845393143e-002 -8.1605250764e-001
0 0 0
2 0 73 28.4300 -92.9000 1 73 -55.6700 -121.3300
4.6559133171e-003 -7.9607324216e-002 -8.1590657765e-001
0 0 0
2 0 74 8.2700 -76.1800 1 74 -55.5000 -102.5000
-2.4171863117e-002 -5.5065547121e-002 -8.1653592837e-001
0 0 0
2 0 75 -18.0000 -52.2500 1 75 -57.5000 -82.5000
-4.7092165493e-002 -2.3225988147e-002 -8.1773266030e-001
0 0 0
2 0 76 -38.8100 -23.1000 1 76 -55.2500 -55.6200
-5.6626129530e-002 2.2232996413e-003 -8.1516844283e-001
0 0 0
2 0 77 -47.4700 -0.1300 1 77 -48.2900 -36.0000
-5.9242096879e-002 4.0703410942e-002 -8.0572048298e-001
0 0 0
2 0 78 -49.8300 34.1700 1 78 -30.0000 -9.0000
-5.4147026345e-002 5.3407132986e-002 -8.0109518569e-001
0 0 0
2 0 79 -45.3300 47.5300 1 79 -22.1700 -3.8300
-4.9759100999e-002 5.2802505137e-002 -8.0036862791e-001
0 0 0
2 0 80 -41.2900 47.2900 1 80 -20.8200 -5.8200
-5.4583432724e-002 4.2173684597e-002 -8.0892712327e-001
0 0 0
2 0 81 -45.5800 36.2500 1 81 -30.7500 -9.3800
-6.4397327933e-002 2.6307578281e-002 -8.2627229420e-001
0 0 0
2 0 82 -54.1800 21.1800 1 82 -50.0000 -14.2900
-7.3175233542e-002 1.6798812973e-002 -8.3972045744e-001
0 0 0
2 0 83 -61.5800 12.2500 1 83 -64.4400 -15.6700
-8.8860535507e-002 5.4687253603e-002 -8.5120736757e-001
0 0 0
2 0 84 -74.5900 43.7600 1 84 -64.0000 18.8000
-8.3077716155e-002 8.3533242690e-002 -8.4550579971e-001
0 0 0
2 0 85 -69.7600 69.4100 1 85 -49.2000 36.0000
-7.4533766789e-002 1.0853167769e-001 -8.4336410269e-001
0 0 0
2 0 86 -62.4700 92.6700 1 86 -38.0000 49.0000
-6.9077354710e-002 1.2930736546e-001 -8.4723777063e-001
0 0 0
2 0 87 -57.3800 109.3800 1 87 -32.0000 63.0000
-6.2399518831e-002 1.4832253728e-001 -8.5482077318e-001
0 0 0
2 0 88 -51.5000 125.5000 1 88 -29.7100 74.0000
-5.5935991399e-002 1.5979766661e-001 -8.5494260955e-001
0 0 0
2 0 89 -45.8200 134.8200 1 89 -24.2900 80.0000
-5.4678115449e-002 1.5716510717e-001 -8.4942611428e-001
0 0 0
2 0 90 -44.8800 133.9400 1 90 -21.5000 76.5000
-6.3968118226e-002 1.4020674437e-001 -8.4091822312e-001
0 0 0
2 0 91 -53.3300 121.5300 1 91 -24.1700 65.8300
-8.1710410976e-002 1.1226443729e-001 -8.3932758191e-001
0 0 0
2 0 92 -69.1100 97.4400 1 92 -36.8000 52.0000
-1.0200512806e-001 8.8062175332e-002 -8.4322994227e-001
0 0 0
2 0 93 -86.6700 74.4700 1 93 -52.5000 43.5000
-1.2208416414e-001 7.0130927578e-002 -8.6283928250e-001
0 0 0
2 0 94 -102.8100 58.3800 1 94 -78.5000 39.8000
-1.4331507358e-001 5.5400319161e-002 -8.7879150693e-001
0 0 0
2 0 95 -119.2400 43.8200 1 95 -101.1700 40.0800
-1.5792683396e-001 4.6973409197e-002 -8.9864127320e-001
0 0 0
2 0 96 -129.1800 35.7600 1 96 -122.8000 42.8000
-1.7137940679e-001 4.0210122388e-002 -9.1850199106e-001
0 0 0
2 0 97 -137.6900 29.3100 1 97 -143.6700 46.5300
-1.8265051837e-001 3.6853628646e-002 -9.3661437446e-001
0 0 0
2 0 98 -144.3100 25.9200 1 98 -161.5000 51.7100
-1.9009749236e-001 3.7716943806e-002 -9.4983120108e-001
0 0 0
2 0 99 -148.3600 26.1800 1 99 -173.0700 57.6400
-1.9656455258e-001 4.0137459713e-002 -9.6315579644e-001
0 0 0
2 0 100 -151.5000 27.5000 1 100 -183.6700 64.5300
-2.0143867160e-001 4.1435346993e-002 -9.7325793285e-001
0 0 0
2 0 101 -153.8000 28.1000 1 101 -191.9200 69.3300
-2.0606651183e-001 3.9830096043e-002 -9.8374849576e-001
0 0 0
2 0 102 -155.8000 26.4000 1 102 -201.3600 72.0900
-2.0799493786e-001 3.5775297482e-002 -9.9051726832e-001
0 0 0
2 0 103 -156.3300 23.4400 1 103 -208.2000 71.0000
-2.0698557654e-001 2.8435753595e-002 -9.9073922498e-001
0 0 0
2 0 104 -155.5000 17.5000 1 104 -210.4300 65.7100
-2.0283463622e-001 2.0477962242e-002 -9.8594016193e-001
0 0 0
2 0 105 -153.2000 12.6000 1 105 -208.6700 56.6700
-1.9473062213e-001 9.2281157754e-003 -9.7888112384e-001
0 0 0
2 0 106 -148.0000 3.5000 1 106 -204.1800 44.8200
-1.8204862823e-001 -6.9848343957e-003 -9.6905048241e-001
0 0 0
2 0 107 -139.8600 -7.2900 1 107 -198.3800 25.5400
