# Bundle file v0.3
4 72
7.6800000000e+002 0.0000000000e+000 0.0000000000e+000
1.0000000000e+000 0.0000000000e+000 0.0000000000e+000
0.0000000000e+000 1.0000000000e+000 0.0000000000e+000
0.0000000000e+000 0.0000000000e+000 1.0000000000e+000
-0.0000000000e+000 -0.0000000000e+000 -0.0000000000e+000
7.6800000000e+002 0.0000000000e+000 0.0000000000e+000
5.2192649593e-001 -3.8838137674e-001 7.5944232108e-001
4.0506642545e-001 8.9638672108e-001 1.8003343371e-001
-7.5067564488e-001 2.1366036713e-001 6.2516823631e-001
9.0108636434e-001 1.8303424111e-001 -3.9311808733e-001
0 0 0
0 0 0
0 0 0
0 0 0
0 0 0
0 0 0
0 0 0
0 0 0
0 0 0
0 0 0
2.6084833391e-001 1.0710277557e-001 -1.1695810273e+000
0 0 0
2 0 0 171.2900 70.3500 1 0 63.5900 103.0700
2.8011815263e-001 1.0179176291e-001 -1.1574640422e+000
0 0 0
2 0 1 185.8900 67.6500 1 1 75.7600 105.4100
2.8837519026e-001 9.3775376391e-002 -1.1543611967e+000
0 0 0
2 0 2 191.9200 62.6500 1 2 81.1700 102.8300
2.7694598395e-001 1.2979005865e-001 -1.1650370987e+000
0 0 0
2 0 3 182.6700 86.0200 1 3 65.2400 118.5500
2.7437980058e-001 1.4359722196e-001 -1.1522663402e+000
0 0 0
2 0 4 182.8600 95.6300 1 4 67.5900 128.4800
2.6259927066e-001 1.5369402630e-001 -1.1400513087e+000
0 0 0
2 0 5 176.8800 103.4400 1 5 68.1000 134.3000
2.5490311168e-001 1.5962364327e-001 -1.1292104069e+000
0 0 0
2 0 6 173.3600 108.5400 1 6 70.0300 138.2300
2.5309984515e-001 1.6311907613e-001 -1.1142479064e+000
0 0 0
2 0 7 174.4500 112.4300 1 7 76.2700 142.6200
2.5455681955e-001 1.6514783602e-001 -1.1052914401e+000
0 0 0
2 0 8 176.9200 114.9600 1 8 80.8000 145.4400
2.5491059992e-001 1.6612593316e-001 -1.0969254199e+000
0 0 0
2 0 9 178.4600 116.2500 1 9 84.9300 147.9300
2.5626629912e-001 1.6650359146e-001 -1.0894083568e+000
0 0 0
2 0 10 180.6600 117.3800 1 10 89.1100 149.7100
2.5685192946e-001 1.6614354482e-001 -1.0855880682e+000
0 0 0
2 0 11 181.7000 117.4900 1 11 91.3300 150.3700
2.5356613554e-001 1.6244617117e-001 -1.0821408438e+000
0 0 0
2 0 12 179.9300 115.1600 1 12 93.0700 148.4100
2.4587744045e-001 1.5859353114e-001 -1.0838036367e+000
0 0 0
2 0 13 174.1600 112.0400 1 13 90.9600 144.8100
2.3408952080e-001 1.5029513557e-001 -1.0858677512e+000
0 0 0
2 0 14 165.4600 105.8200 1 14 88.5300 137.7000
2.2212785983e-001 1.4162330024e-001 -1.0899052866e+000
0 0 0
2 0 15 156.5500 99.9200 1 15 85.1900 129.0700
2.1386323035e-001 1.3303814771e-001 -1.0908395318e+000
0 0 0
2 0 16 150.5500 93.5800 1 16 84.3500 122.5800
2.0733206383e-001 1.2606297033e-001 -1.0863489759e+000
0 0 0
2 0 17 146.4400 88.5400 1 17 86.4400 118.6000
1.9419100218e-001 1.2044832447e-001 -1.0895842076e+000
0 0 0
2 0 18 136.9100 85.0400 1 18 82.4500 111.4100
1.7483959697e-001 1.1035684215e-001 -1.0861803250e+000
0 0 0
2 0 19 123.4800 77.4400 1 19 81.0000 103.0000
1.4987432127e-001 9.9677753517e-002 -1.0783531746e+000
0 0 0
2 0 20 106.7600 71.0700 1 20 80.6600 92.0300
1.3111279992e-001 9.3498758568e-002 -1.0623345491e+000
0 0 0
2 0 21 94.7700 67.5300 1 21 85.4800 87.1000
1.2034736573e-001 9.2075883492e-002 -1.0483130266e+000
0 0 0
2 0 22 88.1300 67.3100 1 22 90.5600 86.3400
1.1238040926e-001 9.3839072758e-002 -1.0365134799e+000
0 0 0
2 0 23 83.2500 69.4600 1 23 94.5600 87.6600
1.0695736104e-001 1.0362803369e-001 -1.0307918191e+000
0 0 0
2 0 24 79.8500 77.8500 1 24 93.9200 93.0000
1.0779315615e-001 1.2011899070e-001 -1.0330356361e+000
0 0 0
2 0 25 80.0600 88.9800 1 25 88.5000 104.5000
1.1161509001e-001 1.3619318130e-001 -1.0395311479e+000
0 0 0
2 0 26 82.5100 100.8300 1 26 81.8800 113.9400
1.1179414882e-001 1.4454351110e-001 -1.0509500652e+000
0 0 0
2 0 27 81.6200 105.3000 1 27 73.1600 117.7800
1.0916748657e-001 1.4084746494e-001 -1.0730470858e+000
0 0 0
2 0 28 78.0800 100.5800 1 28 60.8400 110.5900
1.0355948582e-001 1.2723025025e-001 -1.0924958578e+000
0 0 0
2 0 29 72.8000 89.4400 1 29 51.8300 97.0300
9.8173819023e-002 1.0676141127e-001 -1.1093754494e+000
0 0 0
2 0 30 67.7400 73.0300 1 30 46.0000 81.1100
1.0031277083e-001 7.5041475698e-002 -1.1198389805e+000
0 0 0
2 0 32 68.9000 51.8500 1 32 49.2800 59.1200
1.0095454550e-001 6.6444865975e-002 -1.1072372484e+000
0 0 0
2 0 33 70.0000 46.0000 1 33 58.3000 56.4400
1.0150772712e-001 6.1985719624e-002 -1.0870791944e+000
0 0 0
2 0 34 71.7100 43.7800 1 34 70.6100 56.8200
9.9229029002e-002 5.7148739699e-002 -1.0581942172e+000
0 0 0
2 0 35 72.0400 41.5600 1 35 87.3700 57.6300
1.0059686408e-001 5.3585728497e-002 -1.0361904273e+000
0 0 0
2 0 36 74.5000 39.5000 1 36 101.3300 59.5000
1.0347675766e-001 4.1572449428e-002 -1.0085702946e+000
0 0 0
2 0 37 78.8100 31.7100 1 37 121.6300 56.6300
1.0903955635e-001 2.5986450428e-002 -9.9122278652e-001
0 0 0
2 0 38 84.5000 20.1900 1 38 137.6100 50.7400
1.1721541736e-001 6.6609005613e-003 -9.7398888958e-001
0 0 0
2 0 39 92.4100 5.2000 1 39 155.1900 43.1900
1.2581128080e-001 -1.9238774690e-003 -9.6228062093e-001
0 0 0
2 0 40 100.3400 -1.7700 1 40 166.7900 41.8800
1.2688646742e-001 8.0508207354e-003 -9.5226632118e-001
0 0 0
2 0 41 102.1500 5.8700 1 41 170.9200 50.5600
1.2447364044e-001 2.8312576613e-002 -9.5008522297e-001
0 0 0
2 0 42 100.4800 22.4000 1 42 166.8100 63.3100
1.2048382054e-001 5.2206732587e-002 -9.5547071609e-001
0 0 0
2 0 43 96.7100 41.4700 1 43 156.4600 77.1100
1.1507500451e-001 7.5574885336e-002 -9.7524136682e-001
0 0 0
2 0 44 90.5600 59.2800 1 44 136.7700 87.4500
1.1386423212e-001 8.9911094027e-002 -9.9870097149e-001
0 0 0
2 0 45 87.6400 69.4500 1 45 118.5000 91.7500
1.2675072220e-001 9.9938610265e-002 -1.0270564424e+000
0 0 0
2 0 46 94.7300 74.5300 1 46 102.7600 96.5200
1.4298047447e-001 1.0508546506e-001 -1.0360189732e+000
0 0 0
2 0 47 105.9300 77.6500 1 47 101.0000 101.6800
1.7013945808e-001 1.1252091285e-001 -1.0317154322e+000
0 0 0
2 0 48 126.8100 84.4300 1 48 109.5200 111.6200
1.9930116295e-001 1.1800914051e-001 -1.0134562829e+000
0 0 0
2 0 49 151.0200 89.3800 1 49 126.5000 124.8800
2.2255634253e-001 1.1922175559e-001 -9.9868226785e-001
0 0 0
2 0 50 171.1300 91.6000 1 50 140.7900 132.7900
2.3296259735e-001 1.2274401875e-001 -9.8972717767e-001
0 0 0
2 0 51 180.8600 95.6400 1 51 147.8800 138.0000
2.3737542091e-001 1.2789643113e-001 -9.8230498682e-001
0 0 0
2 0 52 185.5000 99.5900 1 52 152.0000 144.3800
2.3653419414e-001 1.3514684803e-001 -9.8220581825e-001
0 0 0
2 0 53 184.9400 105.6300 1 53 150.2400 148.3300
2.2406854222e-001 1.4258370805e-001 -9.8905801917e-001
0 0 0
2 0 54 174.0000 110.7700 1 54 141.3700 149.3300
2.0179639535e-001 1.4871078213e-001 -1.0046106315e+000
0 0 0
2 0 55 154.2500 113.6000 1 55 125.0000 146.3200
1.7858901040e-001 1.4882197471e-001 -1.0224104825e+000
0 0 0
2 0 56 134.1500 111.7900 1 56 108.3300 138.5700
1.5185192882e-001 1.4112734384e-001 -1.0435524807e+000
0 0 0
2 0 57 111.7500 103.8400 1 57 90.4500 124.5900
1.3059333848e-001 1.2810152253e-001 -1.0573023344e+000
0 0 0
2 0 58 94.8600 93.0500 1 58 79.5700 109.5300
1.1576367159e-001 1.1024625905e-001 -1.0646643637e+000
0 0 0
2 0 59 83.5000 79.5000 1 59 75.3800 93.8500
1.0853143786e-001 9.0668116718e-002 -1.0664355990e+000
0 0 0
2 0 60 77.9200 64.3700 1 60 76.9300 80.5900
1.0985473035e-001 7.6140402846e-002 -1.0604481571e+000
0 0 0
2 0 61 79.7100 55.7100 1 61 84.6200 71.1500
1.1786483917e-001 6.3701812973e-002 -1.0571201769e+000
0 0 0
2 0 62 85.6400 46.3200 1 62 91.8800 66.3300
1.2429704735e-001 6.1305594339e-002 -1.0525981894e+000
0 0 0
2 0 63 90.6900 44.7300 1 63 96.9100 67.0900
1.2967450831e-001 6.9110738331e-002 -1.0482300135e+000
0 0 0
2 0 64 95.1900 51.3200 1 64 99.1700 73.1200
1.3682300179e-001 8.9742482256e-002 -1.0365329692e+000
0 0 0
2 0 65 101.3300 66.3100 1 65 102.7100 90.5400
1.5483290874e-001 1.1442975709e-001 -1.0231574015e+000
0 0 0
2 0 66 116.1600 85.6400 1 66 109.5200 112.3700
1.7098831316e-001 1.3347563714e-001 -1.0170628537e+000
0 0 0
2 0 67 129.2700 101.4700 1 67 113.1100 127.7100
1.7873639392e-001 1.4734400879e-001 -1.0182134749e+000
0 0 0
2 0 68 134.7800 110.9800 1 68 111.1200 138.6700
1.7701815113e-001 1.5567729624e-001 -1.0285718751e+000
0 0 0
2 0 69 132.1500 116.1300 1 69 102.6800 141.5200
1.6917326705e-001 1.5905085111e-001 -1.0453048941e+000
0 0 0
2 0 70 124.2600 116.7000 1 70 90.1200 138.9600
1.5571427877e-001 1.5504014899e-001 -1.0608308978e+000
0 0 0
2 0 71 112.5800 111.5600 1 71 78.3800 131.5000
1.4414882600e-001 1.4566270696e-001 -1.0774328190e+000
0 0 0
2 0 72 102.7000 103.6100 1 72 68.1200 119.7700
