# Bundle file v0.3
4 73
6.2765292610e+002 -7.7331670185e-004 8.7258917121e-003
9.9911500177e-001 -4.4986273178e-003 4.1820755442e-002
4.2792638677e-003 9.9997662128e-001 5.3333665659e-003
-4.1843770554e-002 -5.1496844982e-003 9.9911089455e-001
4.7224153416e-002 7.6616949154e-003 2.0194393054e-001
6.9326904298e+002 -5.6595632273e-002 -5.3134633386e-003
5.8445347647e-001 -4.2629818302e-001 6.9042305364e-001
4.1246823114e-001 8.8882696974e-001 1.9964111840e-001
-6.9877327664e-001 1.6809662998e-001 6.9531246993e-001
8.1543003494e-001 2.0501375265e-001 -1.9919446338e-001
5.0084428928e+002 -5.1019325528e-003 7.5106355115e-005
-5.5266883437e-001 4.1867347060e-001 -7.2060369450e-001
-4.3905949922e-001 5.8866131423e-001 6.7875224734e-001
7.0836707692e-001 6.9151311061e-001 -1.4151219804e-001
-6.6360759659e-001 7.7449388149e-001 -9.4423887959e-001
5.0988094361e+002 -7.7201198304e-002 -8.4875575271e-003
-9.8762619315e-001 3.7537201872e-002 -1.5226772830e-001
-1.1220700002e-001 5.0918363903e-001 8.5331214154e-001
1.0956318612e-001 8.5983892690e-001 -4.9867116222e-001
-1.2899658434e-001 8.7047836023e-001 -1.2342991644e+000
2.7606169352e-001 1.0962470690e-001 -1.1897425021e+000
0 0 0
3 0 0 171.2900 70.3500 1 0 63.5900 103.0700 2 0 86.9300 -89.0500
2.9497734936e-001 1.0368360420e-001 -1.1767772728e+000
0 0 0
4 0 1 185.8900 67.6500 1 1 75.7600 105.4100 2 1 65.4900 -93.2900 3 1 -225.4600 -108.4100
3.0190393869e-001 9.4961600488e-002 -1.1719609440e+000
0 0 0
4 0 2 191.9200 62.6500 1 2 81.1700 102.8300 2 2 54.0000 -98.0000 3 2 -228.5300 -107.4700
2.9211079983e-001 1.3267021490e-001 -1.1824506626e+000
0 0 0
4 0 3 182.6700 86.0200 1 3 65.2400 118.5500 2 3 86.2400 -81.3600 3 3 -233.1400 -104.4500
2.8614247343e-001 1.4592262753e-001 -1.1646159801e+000
0 0 0
4 0 4 182.8600 95.6300 1 4 67.5900 128.4800 2 4 83.0000 -59.6600 3 4 -230.2200 -80.4500
2.7254536811e-001 1.5530065824e-001 -1.1493566955e+000
0 0 0
4 0 5 176.8800 103.4400 1 5 68.1000 134.3000 2 5 81.8600 -34.8400 3 5 -219.3600 -62.6400
2.6152427486e-001 1.6051687196e-001 -1.1346290206e+000
0 0 0
4 0 6 173.3600 108.5400 1 6 70.0300 138.2300 2 6 78.9600 -17.0800 3 6 -208.7300 -44.5300
2.5816191731e-001 1.6329689547e-001 -1.1188012763e+000
0 0 0
4 0 7 174.4500 112.4300 1 7 76.2700 142.6200 2 7 69.8400 -1.7600 3 7 -205.5900 -30.1900
2.5810222756e-001 1.6451645702e-001 -1.1069744390e+000
0 0 0
4 0 8 176.9200 114.9600 1 8 80.8000 145.4400 2 8 61.2100 7.0400 3 8 -205.4600 -19.1300
2.5732474871e-001 1.6520374514e-001 -1.0979532072e+000
0 0 0
4 0 9 178.4600 116.2500 1 9 84.9300 147.9300 2 9 55.5600 13.4900 3 9 -204.3500 -10.4600
2.5766541834e-001 1.6505136751e-001 -1.0897122008e+000
0 0 0
4 0 10 180.6600 117.3800 1 10 89.1100 149.7100 2 10 49.0000 19.3500 3 10 -204.2100 -4.3000
2.5760175486e-001 1.6439052583e-001 -1.0846112742e+000
0 0 0
4 0 11 181.7000 117.4900 1 11 91.3300 150.3700 2 11 44.7000 22.5100 3 11 -203.8500 -0.3500
2.5454162305e-001 1.6064907526e-001 -1.0822045288e+000
0 0 0
4 0 12 179.9300 115.1600 1 12 93.0700 148.4100 2 12 42.8800 22.9200 3 12 -199.7600 0.1600
2.4647492793e-001 1.5617531095e-001 -1.0842742143e+000
0 0 0
4 0 13 174.1600 112.0400 1 13 90.9600 144.8100 2 13 46.0000 22.0000 3 13 -190.3100 -3.4300
2.3511068999e-001 1.4845612333e-001 -1.0858012307e+000
0 0 0
4 0 14 165.4600 105.8200 1 14 88.5300 137.7000 2 14 49.0900 20.8700 3 14 -178.3100 -6.4100
2.2162113884e-001 1.3920570432e-001 -1.0886025907e+000
0 0 0
4 0 15 156.5500 99.9200 1 15 85.1900 129.0700 2 15 52.6900 18.9000 3 15 -162.7900 -11.8800
2.1423107940e-001 1.3111753291e-001 -1.0896940679e+000
0 0 0
4 0 16 150.5500 93.5800 1 16 84.3500 122.5800 2 16 53.2500 16.4200 3 16 -155.0000 -15.0000
2.0701642973e-001 1.2360575781e-001 -1.0850585169e+000
0 0 0
4 0 17 146.4400 88.5400 1 17 86.4400 118.6000 2 17 49.9300 17.5500 3 17 -146.6700 -14.0000
1.9394276165e-001 1.1829395286e-001 -1.0873559190e+000
0 0 0
4 0 18 136.9100 85.0400 1 18 82.4500 111.4100 2 18 54.7500 18.4200 3 18 -134.3900 -16.6800
1.7424582709e-001 1.0754737983e-001 -1.0841580077e+000
0 0 0
4 0 19 123.4800 77.4400 1 19 81.0000 103.0000 2 19 56.2100 21.2300 3 19 -115.0200 -17.0800
1.4726248348e-001 9.6652956914e-002 -1.0725212717e+000
0 0 0
4 0 20 106.7600 71.0700 1 20 80.6600 92.0300 2 20 55.3200 31.7000 3 20 -91.2900 -10.4900
1.2685533215e-001 8.9616366389e-002 -1.0537610273e+000
0 0 0
4 0 21 94.7700 67.5300 1 21 85.4800 87.1000 2 21 49.3600 44.0000 3 21 -74.6700 2.0900
1.1495517365e-001 8.7388140653e-002 -1.0381114412e+000
0 0 0
4 0 22 88.1300 67.3100 1 22 90.5600 86.3400 2 22 44.2100 53.3200 3 22 -65.6100 13.6800
1.0590900726e-001 8.8764292384e-002 -1.0246647860e+000
0 0 0
4 0 23 83.2500 69.4600 1 23 94.5600 87.6600 2 23 40.6900 64.0900 3 23 -59.5800 23.4700
1.0031999924e-001 9.7651248421e-002 -1.0176708479e+000
0 0 0
4 0 24 79.8500 77.8500 1 24 93.9200 93.0000 2 24 41.7400 73.0000 3 24 -55.9500 32.8200
1.0101193051e-001 1.1383343032e-001 -1.0191075920e+000
0 0 0
4 0 25 80.0600 88.9800 1 25 88.5000 104.5000 2 25 48.2900 81.2600 3 25 -57.1500 38.9100
1.0548181627e-001 1.3000967393e-001 -1.0261549393e+000
0 0 0
4 0 26 82.5100 100.8300 1 26 81.8800 113.9400 2 26 57.2400 85.5800 3 26 -61.3000 41.4900
1.0639246028e-001 1.3836429762e-001 -1.0368728415e+000
0 0 0
4 0 27 81.6200 105.3000 1 27 73.1600 117.7800 2 27 66.0000 84.0000 3 27 -61.6800 38.4700
1.0509583720e-001 1.3612313293e-001 -1.0595418417e+000
0 0 0
4 0 28 78.0800 100.5800 1 28 60.8400 110.5900 2 28 79.1400 71.3600 3 28 -58.8200 21.5500
1.0095874026e-001 1.2322385038e-001 -1.0827629868e+000
0 0 0
4 0 29 72.8000 89.4400 1 29 51.8300 97.0300 2 29 88.3800 54.4000 3 29 -51.7800 -3.1400
9.7310495019e-002 1.0391995702e-001 -1.1023064252e+000
0 0 0
4 0 30 67.7400 73.0300 1 30 46.0000 81.1100 2 30 93.4300 33.9500 3 30 -46.1500 -24.2300
9.9852732714e-002 7.3106581824e-002 -1.1150158125e+000
0 0 0
4 0 32 68.9000 51.8500 1 32 49.2800 59.1200 2 32 87.1800 12.4300 3 32 -46.0700 -46.0700
9.9252046704e-002 6.4004157295e-002 -1.0995862058e+000
0 0 0
4 0 33 70.0000 46.0000 1 33 58.3000 56.4400 2 33 74.4500 16.5800 3 33 -46.9100 -37.9700
9.7968857866e-002 5.9076464389e-002 -1.0768935512e+000
0 0 0
4 0 34 71.7100 43.7800 1 34 70.6100 56.8200 2 34 60.5000 26.0000 3 34 -47.7200 -23.2200
9.3475404920e-002 5.3560538160e-002 -1.0456019509e+000
0 0 0
4 0 35 72.0400 41.5600 1 35 87.3700 57.6300 2 35 43.2100 40.3600 3 35 -46.6900 -3.8100
9.3248595818e-002 4.9493033374e-002 -1.0221463956e+000
0 0 0
4 0 36 74.5000 39.5000 1 36 101.3300 59.5000 2 36 29.4000 49.7700 3 36 -48.3500 9.9300
9.4894787220e-002 3.7150407884e-002 -9.9654346681e-001
0 0 0
4 0 37 78.8100 31.7100 1 37 121.6300 56.6300 2 37 12.4500 55.4200 3 37 -51.0000 20.4300
9.9182422978e-002 2.1934744329e-002 -9.7904704375e-001
0 0 0
4 0 38 84.5000 20.1900 1 38 137.6100 50.7400 2 38 -2.5200 55.2400 3 38 -55.1700 25.0000
1.0561355807e-001 2.9565525058e-003 -9.6235689747e-001
0 0 0
4 0 39 92.4100 5.2000 1 39 155.1900 43.1900 2 39 -19.0000 52.6100 3 39 -59.5000 26.5000
1.1252222406e-001 -4.9604475524e-003 -9.4984950049e-001
0 0 0
4 0 40 100.3400 -1.7700 1 40 166.7900 41.8800 2 40 -29.7000 52.9000 3 40 -64.9100 30.9100
1.1312662990e-001 4.1369406077e-003 -9.4013653043e-001
0 0 0
4 0 41 102.1500 5.8700 1 41 170.9200 50.5600 2 41 -32.4700 61.3500 3 41 -66.1100 39.0600
1.1011675138e-001 2.3710193436e-002 -9.3615528337e-001
0 0 0
4 0 42 100.4800 22.4000 1 42 166.8100 63.3100 2 42 -27.6200 73.0000 3 42 -65.4300 50.0000
1.0695366925e-001 4.6361557360e-002 -9.4122948901e-001
0 0 0
4 0 43 96.7100 41.4700 1 43 156.4600 77.1100 2 43 -17.5000 82.5000 3 43 -63.9200 56.4400
1.0339464752e-001 6.8933174593e-002 -9.6081852489e-001
0 0 0
4 0 44 90.5600 59.2800 1 44 136.7700 87.4500 2 44 0.4300 85.9300 3 44 -60.9300 54.4100
1.0441196451e-001 8.3373018760e-002 -9.8495954829e-001
0 0 0
4 0 45 87.6400 69.4500 1 45 118.5000 91.7500 2 45 17.5300 80.8100 3 45 -60.8100 46.8100
1.1910086707e-001 9.4357921793e-002 -1.0146563764e+000
0 0 0
4 0 46 94.7300 74.5300 1 46 102.7600 96.5200 2 46 31.8300 68.2300 3 46 -71.0000 31.7500
1.3738048535e-001 1.0025966486e-001 -1.0257037158e+000
0 0 0
4 0 47 105.9300 77.6500 1 47 101.0000 101.6800 2 47 33.0600 61.2800 3 47 -86.7800 25.3800
1.6136961117e-001 1.0730743505e-001 -1.0188621101e+000
0 0 0
4 0 48 126.8100 84.4300 1 48 109.5200 111.6200 2 48 20.9500 62.0800 3 48 -106.4300 31.1700
1.9185261987e-001 1.1295668079e-001 -1.0051593140e+000
0 0 0
4 0 49 151.0200 89.3800 1 49 126.5000 124.8800 2 49 2.0200 63.5000 3 49 -134.1100 40.8900
2.1207647818e-001 1.1307637901e-001 -9.9066536331e-001
0 0 0
4 0 50 171.1300 91.6000 1 50 140.7900 132.7900 2 50 -17.0000 65.8500 3 50 -149.4300 47.6700
2.2054157934e-001 1.1637334460e-001 -9.7943295373e-001
0 0 0
4 0 51 180.8600 95.6400 1 51 147.8800 138.0000 2 51 -27.5300 72.0500 3 51 -157.1500 56.2700
2.2501456141e-001 1.2122247166e-001 -9.7301750650e-001
0 0 0
4 0 52 185.5000 99.5900 1 52 152.0000 144.3800 2 52 -32.0000 77.1100 3 52 -161.9200 62.6200
2.2319851747e-001 1.2827876416e-001 -9.7243988145e-001
0 0 0
4 0 53 184.9400 105.6300 1 53 150.2400 148.3300 2 53 -28.5400 82.4100 3 53 -161.2800 66.5900
2.1108315999e-001 1.3485516430e-001 -9.7808272196e-001
0 0 0
4 0 54 174.0000 110.7700 1 54 141.3700 149.3300 2 54 -17.0000 86.1500 3 54 -151.7100 67.1500
1.9192468170e-001 1.4168871848e-001 -9.9320093742e-001
0 0 0
4 0 55 154.2500 113.6000 1 55 125.0000 146.3200 2 55 4.4800 87.4000 3 55 -137.8200 62.6300
1.7051721459e-001 1.4237521392e-001 -1.0107186652e+000
0 0 0
4 0 56 134.1500 111.7900 1 56 108.3300 138.5700 2 56 25.8000 83.7600 3 56 -119.1800 53.0000
1.4582467420e-001 1.3559459040e-001 -1.0315326838e+000
0 0 0
4 0 57 111.7500 103.8400 1 57 90.4500 124.5900 2 57 46.5300 74.8400 3 57 -96.3300 37.6700
1.2428668872e-001 1.2258084232e-001 -1.0457100348e+000
0 0 0
4 0 58 94.8600 93.0500 1 58 79.5700 109.5300 2 58 57.8200 66.5800 3 58 -74.2300 21.6300
1.1129759701e-001 1.0595947111e-001 -1.0532376927e+000
0 0 0
4 0 59 83.5000 79.5000 1 59 75.3800 93.8500 2 59 61.1000 56.8000 3 59 -62.9300 11.5000
1.0404563250e-001 8.6439269990e-002 -1.0557392281e+000
0 0 0
4 0 60 77.9200 64.3700 1 60 76.9300 80.5900 2 60 57.2900 47.3900 3 60 -55.2200 1.7800
1.0633285495e-001 7.1929867593e-002 -1.0523531200e+000
0 0 0
4 0 61 79.7100 55.7100 1 61 84.6200 71.1500 2 61 49.3700 41.3300 3 61 -57.0000 -2.4300
1.1250203486e-001 6.0199311304e-002 -1.0480266423e+000
0 0 0
4 0 62 85.6400 46.3200 1 62 91.8800 66.3300 2 62 40.8800 36.6700 3 62 -61.3800 -4.5900
1.1886731402e-001 5.7575129855e-002 -1.0440693328e+000
0 0 0
4 0 63 90.6900 44.7300 1 63 96.9100 67.0900 2 63 35.2400 35.3200 3 63 -66.4300 -3.5300
1.2354713819e-001 6.5477779733e-002 -1.0380527326e+000
0 0 0
4 0 64 95.1900 51.3200 1 64 99.1700 73.1200 2 64 32.9600 41.4000 3 64 -71.5300 3.3000
1.2999126690e-001 8.4882692164e-002 -1.0267011569e+000
0 0 0
4 0 65 101.3300 66.3100 1 65 102.7100 90.5400 2 65 30.9600 54.6900 3 65 -78.1100 17.9400
1.4666542582e-001 1.0843394506e-001 -1.0121912881e+000
0 0 0
4 0 66 116.1600 85.6400 1 66 109.5200 112.3700 2 66 24.1400 70.1000 3 66 -94.4400 36.7500
1.6198489902e-001 1.2696182768e-001 -1.0050383259e+000
0 0 0
4 0 67 129.2700 101.4700 1 67 113.1100 127.7100 2 67 20.2500 79.6100 3 67 -109.6900 50.1700
1.6994675481e-001 1.4058204138e-001 -1.0065546902e+000
0 0 0
4 0 68 134.7800 110.9800 1 68 111.1200 138.6700 2 68 22.7900 85.1800 3 68 -118.1900 54.6900
1.6935742685e-001 1.4842047850e-001 -1.0161736939e+000
0 0 0
4 0 69 132.1500 116.1300 1 69 102.6800 141.5200 2 69 30.9700 85.1000 3 69 -118.4000 51.2300
1.6313520418e-001 1.5326060310e-001 -1.0339992481e+000
0 0 0
4 0 70 124.2600 116.7000 1 70 90.1200 138.9600 2 70 48.0800 79.0000 3 70 -113.2700 42.9700
1.5280218014e-001 1.5084328318e-001 -1.0522877787e+000
0 0 0
4 0 71 112.5800 111.5600 1 71 78.3800 131.5000 2 71 64.0000 69.3700 3 71 -103.7400 30.5300
1.4111972492e-001 1.4159947642e-001 -1.0675665781e+000
0 0 0
4 0 72 102.7000 103.6100 1 72 68.1200 119.7700 2 72 73.0900 59.9700 3 72 -90.8100 14.3800
9.7121323470e-002 8.5724922579e-002 -1.1141929130e+000
0 0 0
3 1 31 45.3800 66.7200 2 31 92.7400 20.0000 3 31 -44.4800 -41.0000
