# Bundle file v0.3
4 72
7.3347185896e+002 -2.1157538276e-003 -2.3164161985e-004
9.9954732258e-001 1.4119354636e-004 -3.0085378350e-002
-1.2978170997e-004 9.9999991890e-001 3.8126740698e-004
3.0085429743e-002 -3.7719028398e-004 9.9954725984e-001
-3.0255262906e-002 1.5576394476e-003 3.0986518565e-002
7.8881665730e+002 7.7951241206e-004 1.3518607622e-004
5.0267528521e-001 -3.8666271533e-001 7.7318141611e-001
4.0168678480e-001 8.9644881030e-001 1.8715570371e-001
-7.6548369320e-001 2.1649821037e-001 6.0593996431e-001
9.1902800140e-001 1.9196918377e-001 -4.4916523931e-001
0 0 0
0 0 0
0 0 0
0 0 0
0 0 0
0 0 0
0 0 0
0 0 0
0 0 0
0 0 0
2.5813620796e-001 1.0692083500e-001 -1.1643905031e+000
0 0 0
2 0 0 171.2900 70.3500 1 0 63.5900 103.0700
2.7765721307e-001 1.0148948295e-001 -1.1522181421e+000
0 0 0
2 0 1 185.8900 67.6500 1 1 75.7600 105.4100
2.8595591388e-001 9.3409579122e-002 -1.1490188191e+000
0 0 0
2 0 2 191.9200 62.6500 1 2 81.1700 102.8300
2.7427714821e-001 1.2960037588e-001 -1.1596312874e+000
0 0 0
2 0 3 182.6700 86.0200 1 3 65.2400 118.5500
2.7205448449e-001 1.4345144525e-001 -1.1472943421e+000
0 0 0
2 0 4 182.8600 95.6300 1 4 67.5900 128.4800
2.6064590546e-001 1.5363407864e-001 -1.1356915246e+000
0 0 0
2 0 5 176.8800 103.4400 1 5 68.1000 134.3000
2.5326543919e-001 1.5961961829e-001 -1.1253218060e+000
0 0 0
2 0 6 173.3600 108.5400 1 6 70.0300 138.2300
2.5186685974e-001 1.6312491815e-001 -1.1107946002e+000
0 0 0
2 0 7 174.4500 112.4300 1 7 76.2700 142.6200
2.5355569594e-001 1.6514340370e-001 -1.1020286149e+000
0 0 0
2 0 8 176.9200 114.9600 1 8 80.8000 145.4400
2.5412562771e-001 1.6611481672e-001 -1.0938554826e+000
0 0 0
2 0 9 178.4600 116.2500 1 9 84.9300 147.9300
2.5567053412e-001 1.6647558195e-001 -1.0864791635e+000
0 0 0
2 0 10 180.6600 117.3800 1 10 89.1100 149.7100
2.5635152291e-001 1.6610461150e-001 -1.0827299306e+000
0 0 0
2 0 11 181.7000 117.4900 1 11 91.3300 150.3700
2.5316845667e-001 1.6240173974e-001 -1.0794320649e+000
0 0 0
2 0 12 179.9300 115.1600 1 12 93.0700 148.4100
2.4546649169e-001 1.5857598088e-001 -1.0812349779e+000
0 0 0
2 0 13 174.1600 112.0400 1 13 90.9600 144.8100
2.3365925374e-001 1.5029899128e-001 -1.0835177688e+000
0 0 0
2 0 14 165.4600 105.8200 1 14 88.5300 137.7000
2.2161584221e-001 1.4164158722e-001 -1.0877287245e+000
0 0 0
2 0 15 156.5500 99.9200 1 15 85.1900 129.0700
2.1333274449e-001 1.3304494510e-001 -1.0888203981e+000
0 0 0
2 0 16 150.5500 93.5800 1 16 84.3500 122.5800
2.0692016664e-001 1.2604682340e-001 -1.0845714349e+000
0 0 0
2 0 17 146.4400 88.5400 1 17 86.4400 118.6000
1.9368528846e-001 1.2045679823e-001 -1.0880187620e+000
0 0 0
2 0 18 136.9100 85.0400 1 18 82.4500 111.4100
1.7437506645e-001 1.1036917696e-001 -1.0850945860e+000
0 0 0
2 0 19 123.4800 77.4400 1 19 81.0000 103.0000
1.4951806677e-001 9.9678410806e-002 -1.0779675681e+000
0 0 0
2 0 20 106.7600 71.0700 1 20 80.6600 92.0300
1.3107608743e-001 9.3467036337e-002 -1.0626820732e+000
0 0 0
2 0 21 94.7700 67.5300 1 21 85.4800 87.1000
1.2061279822e-001 9.2025272033e-002 -1.0491671058e+000
0 0 0
2 0 22 88.1300 67.3100 1 22 90.5600 86.3400
1.1290242920e-001 9.3797654415e-002 -1.0377585491e+000
0 0 0
2 0 23 83.2500 69.4600 1 23 94.5600 87.6600
1.0758831589e-001 1.0369600963e-001 -1.0322636122e+000
0 0 0
2 0 24 79.8500 77.8500 1 24 93.9200 93.0000
1.0835533304e-001 1.2038004071e-001 -1.0344455215e+000
0 0 0
2 0 25 80.0600 88.9800 1 25 88.5000 104.5000
1.1202712893e-001 1.3662958759e-001 -1.0407489996e+000
0 0 0
2 0 26 82.5100 100.8300 1 26 81.8800 113.9400
1.1187896663e-001 1.4509642432e-001 -1.0519280254e+000
0 0 0
2 0 27 81.6200 105.3000 1 27 73.1600 117.7800
1.0860308377e-001 1.4141731342e-001 -1.0735682805e+000
0 0 0
2 0 28 78.0800 100.5800 1 28 60.8400 110.5900
1.0239661671e-001 1.2772984766e-001 -1.0926236363e+000
0 0 0
2 0 29 72.8000 89.4400 1 29 51.8300 97.0300
9.6489717512e-002 1.0713823095e-001 -1.1091206030e+000
0 0 0
2 0 30 67.7400 73.0300 1 30 46.0000 81.1100
9.8410874639e-002 7.5139573547e-002 -1.1192809844e+000
0 0 0
2 0 32 68.9000 51.8500 1 32 49.2800 59.1200
9.9423589496e-002 6.6417537873e-002 -1.1070329373e+000
0 0 0
2 0 33 70.0000 46.0000 1 33 58.3000 56.4400
1.0055227988e-001 6.1831596848e-002 -1.0874114260e+000
0 0 0
2 0 34 71.7100 43.7800 1 34 70.6100 56.8200
9.9056112609e-002 5.6829957228e-002 -1.0592535097e+000
0 0 0
2 0 35 72.0400 41.5600 1 35 87.3700 57.6300
1.0104164031e-001 5.3130839264e-002 -1.0376599266e+000
0 0 0
2 0 36 74.5000 39.5000 1 36 101.3300 59.5000
1.0470406423e-001 4.0848260372e-002 -1.0104408614e+000
0 0 0
2 0 37 78.8100 31.7100 1 37 121.6300 56.6300
1.1077702244e-001 2.4990552005e-002 -9.9319471908e-001
0 0 0
2 0 38 84.5000 20.1900 1 38 137.6100 50.7400
1.1945493301e-001 5.3544035128e-003 -9.7594273359e-001
0 0 0
2 0 39 92.4100 5.2000 1 39 155.1900 43.1900
1.2838924108e-001 -3.3793356442e-003 -9.6412208272e-001
0 0 0
2 0 40 100.3400 -1.7700 1 40 166.7900 41.8800
1.2971799170e-001 6.6632649947e-003 -9.5415532235e-001
0 0 0
2 0 41 102.1500 5.8700 1 41 170.9200 50.5600
1.2736019095e-001 2.7146230975e-002 -9.5207631852e-001
0 0 0
2 0 42 100.4800 22.4000 1 42 166.8100 63.3100
1.2322464024e-001 5.1346757352e-002 -9.5755147535e-001
0 0 0
2 0 43 96.7100 41.4700 1 43 156.4600 77.1100
1.1727628169e-001 7.5087328505e-002 -9.7730416222e-001
0 0 0
2 0 44 90.5600 59.2800 1 44 136.7700 87.4500
1.1543420795e-001 8.9686405738e-002 -1.0005303668e+000
0 0 0
2 0 45 87.6400 69.4500 1 45 118.5000 91.7500
1.2764308420e-001 9.9877857714e-002 -1.0281781322e+000
0 0 0
2 0 46 94.7300 74.5300 1 46 102.7600 96.5200
1.4373246798e-001 1.0504197922e-001 -1.0366444395e+000
0 0 0
2 0 47 105.9300 77.6500 1 47 101.0000 101.6800
1.7112608425e-001 1.1242149926e-001 -1.0318377301e+000
0 0 0
2 0 48 126.8100 84.4300 1 48 109.5200 111.6200
2.0077668665e-001 1.1778001346e-001 -1.0131878289e+000
0 0 0
2 0 49 151.0200 89.3800 1 49 126.5000 124.8800
2.2432853190e-001 1.1885367830e-001 -9.9804042156e-001
0 0 0
2 0 50 171.1300 91.6000 1 50 140.7900 132.7900
2.3489421988e-001 1.2232681528e-001 -9.8892980303e-001
0 0 0
2 0 51 180.8600 95.6400 1 51 147.8800 138.0000
2.3944570051e-001 1.2746925148e-001 -9.8147858019e-001
0 0 0
2 0 52 185.5000 99.5900 1 52 152.0000 144.3800
2.3862023455e-001 1.3477622526e-001 -9.8141502430e-001
0 0 0
2 0 53 184.9400 105.6300 1 53 150.2400 148.3300
2.2607447658e-001 1.4235772173e-001 -9.8852299200e-001
0 0 0
2 0 54 174.0000 110.7700 1 54 141.3700 149.3300
2.0349895512e-001 1.4870444706e-001 -1.0044414717e+000
0 0 0
2 0 55 154.2500 113.6000 1 55 125.0000 146.3200
1.7983407318e-001 1.4899204893e-001 -1.0225218545e+000
0 0 0
2 0 56 134.1500 111.7900 1 56 108.3300 138.5700
1.5243868142e-001 1.4141692301e-001 -1.0438724728e+000
0 0 0
2 0 57 111.7500 103.8400 1 57 90.4500 124.5900
1.3067077791e-001 1.2840072185e-001 -1.0577750593e+000
0 0 0
2 0 58 94.8600 93.0500 1 58 79.5700 109.5300
1.1552390506e-001 1.1045180987e-001 -1.0652631328e+000
0 0 0
2 0 59 83.5000 79.5000 1 59 75.3800 93.8500
1.0818420221e-001 9.0711972646e-002 -1.0671191721e+000
0 0 0
2 0 60 77.9200 64.3700 1 60 76.9300 80.5900
1.0971015412e-001 7.5998081489e-002 -1.0612633275e+000
0 0 0
2 0 61 79.7100 55.7100 1 61 84.6200 71.1500
1.1788945908e-001 6.3394917892e-002 -1.0578392958e+000
0 0 0
2 0 62 85.6400 46.3200 1 62 91.8800 66.3300
1.2449836618e-001 6.0938112481e-002 -1.0532800190e+000
0 0 0
2 0 63 90.6900 44.7300 1 63 96.9100 67.0900
1.3003459042e-001 6.8787510666e-002 -1.0489028480e+000
0 0 0
2 0 64 95.1900 51.3200 1 64 99.1700 73.1200
1.3753004931e-001 8.9568538579e-002 -1.0372711036e+000
0 0 0
2 0 65 101.3300 66.3100 1 65 102.7100 90.5400
1.5598616343e-001 1.1439144935e-001 -1.0237523990e+000
0 0 0
2 0 66 116.1600 85.6400 1 66 109.5200 112.3700
1.7236047949e-001 1.3352827857e-001 -1.0174141558e+000
0 0 0
2 0 67 129.2700 101.4700 1 67 113.1100 127.7100
1.8009024679e-001 1.4748975381e-001 -1.0183849694e+000
0 0 0
2 0 68 134.7800 110.9800 1 68 111.1200 138.6700
1.7809800811e-001 1.5593334925e-001 -1.0286250063e+000
0 0 0
2 0 69 132.1500 116.1300 1 69 102.6800 141.5200
1.6978286704e-001 1.5941677241e-001 -1.0452328019e+000
0 0 0
2 0 70 124.2600 116.7000 1 70 90.1200 138.9600
1.5583838168e-001 1.5547584851e-001 -1.0607242922e+000
0 0 0
2 0 71 112.5800 111.5600 1 71 78.3800 131.5000
1.4374872335e-001 1.4610230416e-001 -1.0771816655e+000
0 0 0
2 0 72 102.7000 103.6100 1 72 68.1200 119.7700
