# Bundle file v0.3
4 221
5.4646884109e+002 -1.3647791217e-001 2.7847603805e-003
9.8750251285e-001 4.1156850787e-002 -1.5213448245e-001
-2.9801831725e-002 9.9664864793e-001 7.6179547124e-002
1.5475993649e-001 -7.0693607967e-002 9.8541959380e-001
-1.3393236077e-001 6.7822271991e-002 2.8012652921e-001
5.4354525203e+002 -1.2112881669e-001 8.1180163044e-002
5.1688842505e-001 -3.6478113159e-001 -7.7444243304e-001
3.7604657564e-001 9.0946183074e-001 -1.7739264749e-001
7.6903532364e-001 -1.9953421880e-001 6.0726498872e-001
-7.8894609798e-001 -1.5447072259e-001 -4.4386656254e-002
5.6752415537e+002 -1.0746553598e-001 -6.8979377879e-003
-4.5019012054e-001 3.6347896387e-001 8.1560523428e-001
-5.4807135967e-001 6.0862327946e-001 -5.7375559990e-001
-7.0494442340e-001 -7.0530897239e-001 -7.4783777604e-002
6.7393621631e-001 -5.9052698409e-001 -8.3216739589e-001
5.5360695893e+002 -6.8220498342e-002 -3.5548809472e-003
-9.5839745337e-001 -2.9931872982e-002 2.8386335506e-001
-2.5364999531e-001 5.4539108551e-001 -7.9888061919e-001
-1.3090455013e-001 -8.3764708966e-001 -5.3029364689e-001
2.2545336286e-001 -7.2286661512e-001 -1.1523441929e+000
-2.4981573615e-001 -8.5652086648e-002 -9.8669644491e-001
0 0 0
2 0 0 -173.8600 -64.2000 1 0 -81.1000 -98.7000
-2.3355477081e-001 -8.8783193296e-002 -9.7738594688e-001
0 0 0
3 0 2 -167.8700 -66.4900 1 2 -78.4500 -99.4100 2 2 -53.0200 46.0000
-2.3628963013e-001 -9.1016489627e-002 -9.8443441516e-001
0 0 0
2 0 3 -165.5600 -68.6200 1 3 -77.5300 -100.7000
-2.2911992250e-001 -9.3234955566e-002 -9.8194779577e-001
0 0 0
2 0 4 -161.5300 -70.6800 1 4 -76.5000 -101.5000
-2.2201218511e-001 -9.4749670049e-002 -9.7941155010e-001
0 0 0
2 0 5 -157.3300 -71.6000 1 5 -75.5500 -102.5900
-2.1490296168e-001 -9.8553577405e-002 -9.7734505006e-001
0 0 0
2 0 6 -153.1400 -74.7700 1 6 -73.8600 -104.5000
-2.0701955063e-001 -1.0429466628e-001 -9.7256392960e-001
0 0 0
2 0 7 -149.4500 -80.3000 1 7 -73.1800 -107.3900
-1.9956103399e-001 -1.1011276382e-001 -9.6810191670e-001
0 0 0
3 0 8 -146.2400 -84.3500 1 8 -72.4500 -111.4100 2 8 -69.5200 7.1700
-1.9257652355e-001 -1.1729066077e-001 -9.6189319174e-001
0 0 0
3 0 9 -142.6300 -91.6700 1 9 -72.5800 -116.4500 2 9 -69.6400 -4.5000
-1.8598016227e-001 -1.2378465623e-001 -9.5472356362e-001
0 0 0
4 0 10 -140.4000 -97.5200 1 10 -73.2600 -122.0000 2 10 -69.0000 -16.0000 3 10 144.7100 20.2700
-1.7974318127e-001 -1.3067424491e-001 -9.4685712978e-001
0 0 0
4 0 11 -138.5300 -104.2800 1 11 -74.5500 -127.2300 2 11 -67.5600 -29.5300 3 11 141.4300 8.7400
-1.7352310917e-001 -1.3650216873e-001 -9.3757873766e-001
0 0 0
4 0 12 -137.2300 -109.5300 1 12 -76.9300 -132.7300 2 12 -64.9300 -42.6200 3 12 138.0000 -4.2800
-1.6809403277e-001 -1.4182147709e-001 -9.2958098655e-001
0 0 0
4 0 13 -135.6900 -115.3100 1 13 -78.8100 -137.3200 2 13 -62.6600 -52.7500 3 13 135.0000 -16.7500
-1.6334425122e-001 -1.4612925569e-001 -9.2026013165e-001
0 0 0
4 0 14 -135.2100 -119.7200 1 14 -82.3600 -142.6400 2 14 -58.3200 -64.5900 3 14 132.6600 -27.3800
-1.5603622255e-001 -1.5123239881e-001 -9.0995598303e-001
0 0 0
4 0 15 -133.1400 -125.6900 1 15 -85.5700 -148.1400 2 15 -54.6300 -77.8500 3 15 127.9100 -40.7700
-1.4715647122e-001 -1.5430229451e-001 -9.0093552621e-001
0 0 0
4 0 16 -128.9300 -130.2800 1 16 -88.2500 -151.5000 2 16 -51.8600 -89.2100 3 16 121.0900 -52.3400
-1.3581826900e-001 -1.5465564530e-001 -8.9295092764e-001
0 0 0
4 0 17 -122.3400 -132.4800 1 17 -90.4100 -152.8800 2 17 -49.9800 -98.0900 3 17 110.6700 -62.2200
-1.2509565761e-001 -1.5170472381e-001 -8.8753115073e-001
0 0 0
4 0 18 -114.1500 -131.3300 1 18 -91.6300 -150.7100 2 18 -48.0700 -104.0500 3 18 101.0000 -66.5000
-1.1325577050e-001 -1.4580817603e-001 -8.8368613724e-001
0 0 0
4 0 19 -106.0500 -127.7400 1 19 -92.2400 -145.0800 2 19 -47.2000 -106.7100 3 19 88.3200 -68.4700
-1.0319944475e-001 -1.3965434485e-001 -8.8279733089e-001
0 0 0
4 0 20 -96.6600 -122.5200 1 20 -91.6700 -139.4800 2 20 -47.9200 -106.8500 3 20 78.2600 -67.4700
-9.3653331161e-002 -1.3395281704e-001 -8.8503325876e-001
0 0 0
4 0 21 -88.1500 -118.2200 1 21 -88.2300 -132.4500 2 21 -50.5100 -105.5400 3 21 67.2900 -64.2600
-8.3129932657e-002 -1.2908357779e-001 -8.8868161005e-001
0 0 0
4 0 22 -77.8300 -113.9700 1 22 -83.9600 -126.4200 2 22 -55.3600 -104.0000 3 22 55.4500 -60.9200
-7.5060225855e-002 -1.2686225184e-001 -8.9300513466e-001
0 0 0
4 0 23 -69.0800 -111.7300 1 23 -77.8800 -121.2300 2 23 -60.4400 -103.8100 3 23 47.7300 -58.8300
-6.5374553940e-002 -1.2571080396e-001 -8.9885738632e-001
0 0 0
4 0 24 -59.8200 -111.0000 1 24 -70.6600 -117.4200 2 24 -67.3200 -103.4200 3 24 36.0700 -55.7800
-5.8424636264e-002 -1.2550193259e-001 -9.0252186648e-001
0 0 0
4 0 25 -52.4900 -110.5800 1 25 -65.8000 -115.0800 2 25 -72.6400 -104.0000 3 25 29.0000 -54.7500
-4.9995000598e-002 -1.2594077125e-001 -9.0308789905e-001
0 0 0
4 0 26 -45.7000 -111.4500 1 26 -62.0000 -113.5000 2 26 -75.8900 -107.2900 3 26 20.4800 -56.5900
-4.0355448495e-002 -1.2987336153e-001 -9.0267294256e-001
0 0 0
4 0 27 -36.8000 -116.1700 1 27 -57.5900 -115.1500 2 27 -79.9200 -113.0000 3 27 12.0000 -61.5000
-3.1748559973e-002 -1.3748232408e-001 -8.9187394579e-001
0 0 0
4 0 28 -32.3200 -124.0000 1 28 -59.4600 -123.2300 2 28 -77.7400 -127.0000 3 28 6.8700 -76.2200
-2.5377781752e-002 -1.4493016608e-001 -8.7718307775e-001
0 0 0
4 0 29 -29.5400 -133.0700 1 29 -66.4500 -133.9200 2 29 -72.0800 -140.8900 3 29 4.7700 -92.6200
-1.8789461298e-002 -1.4969334655e-001 -8.6232446232e-001
0 0 0
4 0 30 -26.8400 -141.3100 1 30 -72.7700 -139.7400 2 30 -64.2500 -153.5000 3 30 3.4800 -108.4800
-1.7020463523e-002 -1.5056926205e-001 -8.4673917429e-001
0 0 0
4 0 31 -28.2100 -144.9300 1 31 -85.9400 -146.2100 2 31 -54.5600 -161.6600 3 31 5.4200 -119.2600
-1.8506932912e-002 -1.5003635686e-001 -8.2980958182e-001
0 0 0
4 0 32 -33.3300 -147.2600 1 32 -101.2100 -151.3000 2 32 -41.8300 -168.9700 3 32 11.2100 -129.7900
-2.2229980577e-002 -1.4689833117e-001 -8.1405987504e-001
0 0 0
4 0 33 -39.8100 -146.9700 1 33 -117.7600 -154.4200 2 33 -28.0000 -173.0000 3 33 18.8400 -136.2900
-2.8645296633e-002 -1.4299556384e-001 -8.0347327481e-001
0 0 0
3 0 34 -49.2300 -143.8400 1 34 -131.0000 -155.3000 2 34 -17.2600 -174.0000
-3.5787105606e-002 -1.3947275782e-001 -7.9422064739e-001
0 0 0
3 0 35 -58.7400 -141.6100 1 35 -143.1400 -156.2300 2 35 -6.7300 -173.2700
-4.4477333234e-002 -1.3784196131e-001 -7.8888943377e-001
0 0 0
3 0 36 -69.2700 -140.1100 1 36 -151.2000 -157.8300 2 36 1.0500 -172.0800
-5.7431886221e-002 -1.3746020435e-001 -7.8594940117e-001
0 0 0
3 0 37 -84.0700 -138.9900 1 37 -158.2100 -160.0600 2 37 7.6400 -169.8100
-6.9673751042e-002 -1.3557621152e-001 -7.8480782044e-001
0 0 0
3 0 38 -96.8900 -136.4100 1 38 -162.9000 -160.3500 2 38 14.7200 -165.0300
-7.9597693281e-002 -1.3336378135e-001 -7.8427347946e-001
0 0 0
3 0 39 -106.8600 -133.6400 1 39 -166.6900 -160.0300 2 39 20.4100 -160.0000
-9.0694932148e-002 -1.3220835486e-001 -7.8525126428e-001
0 0 0
3 0 40 -118.3500 -130.5100 1 40 -169.0000 -159.9700 2 40 24.1200 -156.2000
-9.9999775725e-002 -1.3134738868e-001 -7.8608652843e-001
0 0 0
3 0 41 -127.4100 -128.7900 1 41 -170.8500 -160.0000 2 41 27.8800 -152.1200
-1.0671640195e-001 -1.2965488940e-001 -7.8777864999e-001
0 0 0
3 0 42 -133.0800 -126.3100 1 42 -171.4600 -159.0800 2 42 30.4800 -147.4100
-1.1151145495e-001 -1.2665510595e-001 -7.8954045486e-001
0 0 0
3 0 43 -137.2900 -122.3300 1 43 -171.7600 -156.1400 2 43 32.1200 -143.2300
-1.1515913062e-001 -1.2404778597e-001 -7.9180388216e-001
0 0 0
3 0 44 -139.5000 -119.0000 1 44 -171.5800 -154.1200 2 44 33.0000 -138.4600
-1.1540302721e-001 -1.2460746253e-001 -7.9237834296e-001
0 0 0
3 0 45 -139.6100 -119.8000 1 45 -170.9300 -154.0300 2 45 32.5900 -138.5600
-1.1254250095e-001 -1.2573014091e-001 -7.9410558801e-001
0 0 0
3 0 46 -136.4200 -120.6900 1 46 -168.6100 -154.0400 2 46 29.1600 -139.8100
-1.0826519938e-001 -1.2631340005e-001 -7.9560068323e-001
0 0 0
3 0 47 -131.4900 -121.4500 1 47 -165.9700 -153.6600 2 47 26.2000 -140.8300
-1.0409806657e-001 -1.2760424013e-001 -7.9776456222e-001
0 0 0
3 0 48 -126.6100 -122.7800 1 48 -163.0000 -153.6800 2 48 22.0000 -142.0000
-9.6417869909e-002 -1.3064725445e-001 -8.0237242357e-001
0 0 0
3 0 49 -117.2100 -126.2900 1 49 -156.3900 -153.9000 2 49 14.3300 -144.0200
-8.7788765230e-002 -1.3561009636e-001 -8.1112611910e-001
0 0 0
3 0 50 -106.2300 -130.1400 1 50 -145.0900 -154.3200 2 50 2.0000 -146.8000
-7.7195334007e-002 -1.4151840541e-001 -8.2119060391e-001
0 0 0
3 0 51 -92.3100 -136.0000 1 51 -131.9500 -155.2100 2 51 -11.5200 -148.5900
-6.8241586068e-002 -1.5015750237e-001 -8.3550027623e-001
0 0 0
3 0 52 -79.5700 -143.3800 1 52 -116.1500 -157.0700 2 52 -30.2500 -150.0000
-6.0570138919e-002 -1.6050228167e-001 -8.5664451334e-001
0 0 0
3 0 53 -67.2700 -149.1800 1 53 -91.5500 -158.7000 2 53 -51.8900 -150.3700
-5.0112295529e-002 -1.6694779231e-001 -8.7253452909e-001
0 0 0
4 0 54 -53.0400 -153.2900 1 54 -73.1300 -158.0700 2 54 -70.0000 -150.0000 3 54 32.0000 -105.9200
-1.7029932995e-002 -1.8368508495e-001 -9.1815820946e-001
0 0 0
4 0 55 -16.2900 -162.2900 1 55 -19.8600 -153.9800 2 55 -121.8500 -149.3200 3 55 -15.0000 -92.4000
-6.0556863805e-003 -1.8526623637e-001 -9.2535386727e-001
0 0 0
4 0 56 -5.2300 -162.9200 1 56 -6.7100 -151.1700 2 56 -129.2500 -150.4200 3 56 -27.5200 -91.0900
2.6580892257e-003 -1.8188137496e-001 -9.2419069069e-001
0 0 0
4 0 57 1.5200 -161.0000 1 57 -5.0500 -147.5400 2 57 -128.8900 -151.4900 3 57 -37.0400 -91.0800
6.2081735689e-003 -1.7501525501e-001 -9.1716646439e-001
0 0 0
4 0 58 4.0000 -156.2500 1 58 -9.9100 -143.3100 2 58 -120.7200 -151.1300 3 58 -37.8200 -92.4000
-7.2456546678e-005 -1.3443258830e-001 -8.5825591420e-001
0 0 0
4 0 59 -8.6900 -128.8000 1 59 -74.7200 -124.5300 2 59 -61.5300 -149.9500 3 59 -13.4400 -104.2600
4.6253746581e-003 -1.1704165263e-001 -8.4053213604e-001
0 0 0
3 0 60 -6.4100 -114.1000 1 60 -94.9300 -112.1600 3 60 -12.8000 -105.4400
1.2063947262e-002 -1.0403931536e-001 -8.2722047257e-001
0 0 0
4 0 61 -0.6000 -102.7500 1 61 -108.4000 -102.0900 2 61 -34.6900 -148.0900 3 61 -16.0000 -107.1100
2.1423739402e-002 -9.3572428303e-002 -8.1495460684e-001
0 0 0
4 0 62 8.2600 -93.2900 1 62 -118.4000 -93.1200 2 62 -24.1900 -151.1100 3 62 -19.7400 -108.8900
3.0916117271e-002 -8.7732358164e-002 -8.0497925039e-001
0 0 0
4 0 63 16.1200 -89.0400 1 63 -124.6000 -86.7500 2 63 -15.4200 -156.4200 3 63 -26.0600 -111.9200
3.8776087709e-002 -8.3223236639e-002 -8.0424787254e-001
0 0 0
4 0 64 25.1700 -84.5700 1 64 -128.3600 -80.7200 2 64 -22.6700 -152.5000 3 64 -31.6700 -113.1700
4.6895489173e-002 -7.7673450916e-002 -8.0166378454e-001
0 0 0
4 0 65 34.4700 -78.7900 1 65 -129.8400 -73.7700 2 65 -21.9300 -152.2900 3 65 -36.8100 -112.8100
5.4407068969e-002 -7.2049147607e-002 -8.0267759845e-001
0 0 0
4 0 66 42.5500 -73.5200 1 66 -128.3200 -64.5900 2 66 -23.4500 -150.7600 3 66 -43.1500 -110.2400
5.8930072251e-002 -6.4527745702e-002 -8.0269301798e-001
0 0 0
4 0 67 48.2200 -64.6900 1 67 -129.0700 -55.9500 2 67 -22.6300 -147.3300 3 67 -46.1700 -106.9700
6.5001159526e-002 -5.3761216687e-002 -7.9957401160e-001
0 0 0
4 0 68 55.3200 -52.8700 1 68 -133.7700 -43.5500 2 68 -19.4700 -144.2000 3 68 -49.4400 -103.6600
7.5958422189e-002 -4.4668016745e-002 -7.9399043854e-001
0 0 0
4 0 69 67.9000 -43.7600 1 69 -139.2600 -31.0000 2 69 -17.1800 -143.9700 3 69 -55.5300 -103.3000
9.0291499868e-002 -3.9488277165e-002 -7.8755174936e-001
0 0 0
4 0 70 83.2400 -39.0300 1 70 -143.0700 -20.2200 2 70 -16.5000 -147.5000 3 70 -64.9000 -106.8100
1.0562183792e-001 -3.7387364387e-002 -7.8032750297e-001
0 0 0
4 0 71 101.7200 -37.3200 1 71 -146.3700 -13.0000 2 71 -16.7800 -152.7000 3 71 -72.9400 -111.9100
1.3773157565e-001 -4.1861516604e-002 -7.6012446469e-001
0 0 0
4 0 72 140.3900 -43.2400 1 72 -156.3100 -7.7800 2 72 -15.9200 -170.4400 3 72 -91.5000 -131.5000
1.4302696814e-001 -4.7618495417e-002 -7.5429056117e-001
0 0 0
4 0 73 148.1300 -51.3000 1 73 -159.6300 -14.0800 2 73 -15.5500 -176.5900 3 73 -93.5300 -137.3000
1.4787280398e-001 -5.1130458506e-002 -7.4970290139e-001
0 0 0
4 0 74 155.0300 -56.5600 1 74 -162.1400 -17.1200 2 74 -15.0000 -181.1200 3 74 -95.2400 -142.1200
1.5097269658e-001 -5.4438002993e-002 -7.4298981931e-001
0 0 0
4 0 75 159.8700 -60.7000 1 75 -168.8100 -22.3700 2 75 -13.3100 -185.2300 3 75 -96.4500 -148.1800
1.5536981367e-001 -5.6305837426e-002 -7.3417471601e-001
0 0 0
4 0 76 167.1500 -63.9000 1 76 -178.3100 -25.0600 2 76 -9.6000 -190.8800 3 76 -96.8500 -153.8800
1.5710701249e-001 -5.8543313439e-002 -7.2217715816e-001
0 0 0
4 0 77 171.5500 -67.3000 1 77 -193.9400 -30.8700 2 77 -4.2000 -197.0400 3 77 -94.9100 -161.6800
1.5861062878e-001 -5.8005984014e-002 -7.0793166094e-001
0 0 0
4 0 78 177.2500 -67.2300 1 78 -214.7200 -34.0900 2 78 3.5400 -201.7100 3 78 -90.9700 -168.8800
1.5611592391e-001 -5.4139928917e-002 -6.9034577199e-001
0 0 0
4 0 79 178.2900 -62.0900 1 79 -243.9800 -35.8900 2 79 16.7900 -206.2400 3 79 -84.3200 -174.2300
1.5372421546e-001 -4.5641253173e-002 -6.6396398756e-001
0 0 0
4 0 80 181.2400 -50.8700 1 80 -294.0900 -33.4000 2 80 29.7400 -209.3900 3 80 -75.7100 -179.9000
-1.0045847557e-001 -1.1756532047e-001 -6.5939378074e-001
0 0 0
2 0 81 -194.1500 -136.0200 1 81 -301.0300 -191.2300
-9.7788677906e-002 -1.2344332807e-001 -6.7499207472e-001
0 0 0
2 0 82 -180.8000 -140.8900 1 82 -281.7800 -190.9300
-9.0019924945e-002 -1.3015221452e-001 -7.0059627483e-001
0 0 0
2 0 83 -156.6100 -144.8000 1 83 -251.4400 -187.2000
-7.5140515998e-002 -1.3507730956e-001 -7.1857713547e-001
0 0 0
2 0 84 -130.1100 -148.4400 1 84 -228.8300 -184.0400
-6.2866070162e-002 -1.3867328183e-001 -7.3681109453e-001
0 0 0
3 0 85 -108.4000 -149.6600 1 85 -208.0000 -180.0000 2 85 42.8600 -191.6400
-5.2548510368e-002 -1.4084293177e-001 -7.5135127303e-001
0 0 0
3 0 86 -91.0000 -150.1200 1 86 -189.3000 -175.0500 2 86 28.8700 -189.8700
-3.7973863747e-002 -1.4151763818e-001 -7.6004957350e-001
0 0 0
3 0 87 -71.4700 -150.7000 1 87 -176.4500 -170.7300 2 87 17.0800 -189.8200
-2.9520868598e-002 -1.4194029534e-001 -7.6577074099e-001
0 0 0
3 0 88 -60.3000 -150.5300 1 88 -168.3500 -168.0900 2 88 9.4200 -189.7600
-1.9709422781e-002 -1.3995957589e-001 -7.7265669496e-001
0 0 0
3 0 89 -47.3300 -147.5500 1 89 -160.1100 -162.5900 2 89 0.4200 -187.3300
-7.5136609200e-003 -1.3182060087e-001 -7.8362437437e-001
0 0 0
3 0 90 -31.0400 -137.6000 1 90 -146.9500 -147.3800 2 90 -7.5900 -181.0000
4.6892324889e-003 -1.2068061834e-001 -7.9443367127e-001
0 0 0
4 0 91 -14.4400 -123.4100 1 91 -136.8200 -131.4000 2 91 -16.7900 -171.0400 3 91 -0.5700 -136.0500
1.1937988994e-002 -1.1073750407e-001 -8.0876528076e-001
0 0 0
4 0 92 -4.1800 -112.3900 1 92 -124.0600 -114.2100 2 92 -25.2100 -160.2400 3 92 -11.2100 -122.2100
1.7876661227e-002 -1.0116463889e-001 -8.1526767358e-001
0 0 0
4 0 93 3.7100 -101.8000 1 93 -119.0600 -101.1200 2 93 -28.5400 -153.0000 3 93 -17.6200 -113.6000
2.0403855076e-002 -9.1695396421e-002 -8.2117445064e-001
0 0 0
4 0 94 8.0600 -90.9800 1 94 -115.9400 -90.3100 2 94 -30.0000 -144.9100 3 94 -21.4400 -104.4400
1.7451821721e-002 -8.4484698178e-002 -8.2544605902e-001
0 0 0
4 0 95 5.3500 -82.7100 1 95 -115.0000 -82.1000 2 95 -29.5500 -138.5900 3 95 -20.1300 -97.4600
9.2498496593e-003 -8.0186816136e-002 -8.2742110449e-001
0 0 0
4 0 96 -2.0000 -78.0000 1 96 -117.5200 -79.4100 2 96 -26.7100 -132.6100 3 96 -13.3100 -92.0900
-1.0283113889e-004 -7.9429999449e-002 -8.3099379760e-001
0 0 0
4 0 97 -11.6800 -76.3100 1 97 -117.8600 -79.9300 2 97 -26.1200 -128.0000 3 97 -7.2600 -88.0000
-1.0436525467e-002 -7.9285089434e-002 -8.3564474691e-001
0 0 0
4 0 98 -21.0500 -75.1800 1 98 -117.2000 -81.4800 2 98 -25.5500 -122.5900 3 98 0.0800 -83.0000
-1.6476949624e-002 -7.8901962116e-002 -8.4307421636e-001
0 0 0
4 0 99 -25.1300 -74.3000 1 99 -113.4700 -81.0500 2 99 -28.4500 -117.4100 3 99 3.3600 -76.0000
-1.6946071991e-002 -7.7131151103e-002 -8.5190081764e-001
0 0 0
4 0 100 -24.0000 -72.0000 1 100 -106.2900 -76.9300 2 100 -33.6300 -112.0400 3 100 1.6800 -70.0300
-1.5181541189e-002 -7.5040518145e-002 -8.6118411459e-001
0 0 0
4 0 101 -20.4800 -69.6000 1 101 -98.1100 -72.2900 2 101 -39.1700 -107.5700 3 101 -2.0800 -63.0000
-1.0292254362e-002 -7.2520311085e-002 -8.7103114640e-001
0 0 0
4 0 102 -13.8700 -67.0000 1 102 -89.6000 -66.6000 2 102 -47.0000 -103.0000 3 102 -8.7600 -56.2100
-9.4084218867e-003 -8.0266680405e-002 -8.8437703212e-001
0 0 0
4 0 103 -11.2300 -73.2800 1 103 -76.0000 -70.0000 2 103 -59.2700 -102.0900 3 103 -12.6900 -52.0900
-1.1579107135e-002 -9.5357601970e-002 -8.9980138606e-001
0 0 0
4 0 104 -11.2400 -87.3400 1 104 -60.0400 -79.2800 2 104 -74.0000 -103.0000 3 104 -14.9200 -49.3900
-1.6105231429e-002 -1.1443072602e-001 -9.2034299490e-001
0 0 0
4 0 105 -12.7800 -101.0000 1 105 -39.8400 -92.3900 2 105 -94.4600 -103.6900 3 105 -16.4600 -45.2000
-1.9889058117e-002 -1.3189247616e-001 -9.3743984423e-001
0 0 0
4 0 106 -13.8300 -115.5200 1 106 -23.4800 -103.2000 2 106 -111.9100 -104.6900 3 106 -18.1100 -41.5500
-2.5862498594e-002 -1.4896340820e-001 -9.5619567651e-001
0 0 0
4 0 107 -16.6500 -126.9800 1 107 -7.1000 -113.8100 2 107 -131.2300 -104.2000 3 107 -18.0000 -36.0800
-3.2268902370e-002 -1.6243705431e-001 -9.7362034126e-001
0 0 0
4 0 108 -19.4800 -134.4800 1 108 6.2700 -121.7300 2 108 -149.0500 -101.9200 3 108 -16.7700 -28.7300
-3.9744952914e-002 -1.7382593120e-001 -9.8794228050e-001
0 0 0
4 0 109 -23.9100 -141.8500 1 109 15.8500 -128.0700 2 109 -163.3400 -99.2400 3 109 -13.7700 -21.2300
-4.7757030126e-002 -1.8427636005e-001 -1.0015382288e+000
0 0 0
4 0 110 -27.9300 -147.1500 1 110 24.7600 -134.6500 2 110 -176.8500 -96.2300 3 110 -9.0300 -12.9300
-5.6631247257e-002 -1.9475087214e-001 -1.0159982467e+000
0 0 0
4 0 111 -32.3400 -151.9500 1 111 32.3100 -139.9700 2 111 -193.0000 -91.7500 3 111 -3.2800 -3.9300
-6.8160080900e-002 -2.0660862405e-001 -1.0316396921e+000
0 0 0
4 0 112 -38.6200 -157.7600 1 112 39.6900 -146.4600 2 112 -210.4400 -86.1300 3 112 5.5000 7.5000
-7.7511013666e-002 -2.1809341010e-001 -1.0450582533e+000
0 0 0
4 0 113 -44.7100 -163.8000 1 113 46.5000 -152.2500 2 113 -227.2400 -81.6000 3 113 12.5000 16.5000
-9.0245187378e-002 -2.2998137766e-001 -1.0594955907e+000
0 0 0
4 0 114 -50.2600 -169.4700 1 114 52.3700 -158.3700 2 114 -244.7000 -77.6100 3 114 26.1600 30.7000
-1.0430949092e-001 -2.4350866405e-001 -1.0733253734e+000
0 0 0
4 0 115 -57.9500 -174.9200 1 115 56.9700 -165.5200 2 115 -265.3500 -71.6700 3 115 42.5700 42.3200
-1.1701022386e-001 -2.5266058137e-001 -1.0825076637e+000
0 0 0
4 0 116 -64.9500 -178.7400 1 116 59.0400 -171.4600 2 116 -278.6000 -66.2800 3 116 59.6700 53.0400
-1.2943907402e-001 -2.6326376921e-001 -1.0905256140e+000
0 0 0
4 0 117 -72.0000 -184.0000 1 117 60.2700 -176.6500 2 117 -293.5900 -62.7500 3 117 78.6000 61.2600
-1.4164745743e-001 -2.7251115983e-001 -1.0974471677e+000
0 0 0
4 0 118 -79.7300 -188.2700 1 118 61.0000 -182.8600 2 118 -306.6700 -58.4000 3 118 98.1900 69.9500
-1.5617260834e-001 -2.8137014847e-001 -1.1036140185e+000
0 0 0
4 0 119 -87.0700 -192.0700 1 119 60.9300 -189.1400 2 119 -318.8300 -53.0000 3 119 124.4000 79.8000
-3.1121269766e-001 -2.0520483035e-001 -9.5744952503e-001
0 0 0
2 0 120 -229.5900 -151.5100 1 120 -86.6200 -186.7500
-2.9737814283e-001 -1.9480589170e-001 -9.5219001582e-001
0 0 0
4 0 121 -221.9500 -145.4800 1 121 -88.1400 -180.7900 2 121 -53.9200 0.2000 3 121 299.4400 8.7500
-2.8177479309e-001 -1.8660491245e-001 -9.4703431958e-001
0 0 0
3 0 122 -213.6800 -141.3500 1 122 -89.0000 -175.0000 2 122 -51.7800 -8.3300
-2.6614037376e-001 -1.7924070367e-001 -9.4371326388e-001
0 0 0
3 0 123 -203.4100 -137.1300 1 123 -88.6400 -170.5000 2 123 -51.7300 -15.3200
-2.5109424051e-001 -1.7280166891e-001 -9.4157532551e-001
0 0 0
4 0 124 -194.4100 -133.6200 1 124 -87.8300 -165.7000 2 124 -53.6700 -21.6400 3 124 233.9500 -1.0800
-2.3673719314e-001 -1.6728998653e-001 -9.4175226194e-001
0 0 0
4 0 125 -182.6200 -129.8400 1 125 -85.0700 -160.4100 2 125 -57.3100 -26.3700 3 125 216.2900 -1.8900
-2.1994604161e-001 -1.6217670808e-001 -9.4202594399e-001
0 0 0
4 0 126 -170.1300 -126.8100 1 126 -81.3900 -155.0700 2 126 -62.3200 -32.4700 3 126 195.7300 -3.3000
-2.0504234839e-001 -1.5725725551e-001 -9.4089912597e-001
0 0 0
4 0 127 -159.2200 -123.7600 1 127 -79.0700 -150.4100 2 127 -65.1600 -38.0400 3 127 177.9300 -5.6500
-1.2946391743e-001 -1.4067119396e-001 -9.3259274674e-001
0 0 0
4 0 128 -104.9000 -115.9000 1 128 -65.1600 -130.8600 2 128 -78.9000 -69.6200 3 128 93.9600 -22.8500
-1.1255460194e-001 -1.3855766914e-001 -9.3476881622e-001
0 0 0
4 0 129 -89.1400 -115.1100 1 129 -59.0000 -126.4800 2 129 -85.3100 -74.0900 3 129 76.6700 -24.2200
-9.8049035462e-002 -1.3865279242e-001 -9.3756950960e-001
0 0 0
4 0 130 -78.0000 -116.0700 1 130 -52.2500 -123.8000 2 130 -92.3300 -78.5600 3 130 60.0600 -25.6700
-8.4411950368e-002 -1.4063078831e-001 -9.4400640506e-001
0 0 0
4 0 131 -65.7100 -117.7100 1 131 -41.9200 -121.1500 2 131 -102.3100 -82.4600 3 131 45.0000 -25.2500
-7.7933039133e-002 -1.4146845063e-001 -9.4513480030e-001
0 0 0
4 0 132 -60.3200 -118.3600 1 132 -38.0000 -120.4100 2 132 -105.3200 -85.2700 3 132 38.3500 -26.6300
-7.0896105602e-002 -1.3999981167e-001 -9.4460918776e-001
0 0 0
4 0 133 -54.7000 -117.5500 1 133 -36.2200 -118.5000 2 133 -106.3100 -87.1900 3 133 31.0000 -28.0000
-6.6807768025e-002 -1.3930736615e-001 -9.4351802009e-001
0 0 0
4 0 134 -51.7500 -117.6200 1 134 -35.5800 -117.0000 2 134 -106.3900 -89.2600 3 134 27.1800 -29.4000
-5.9317541440e-002 -1.3975325196e-001 -9.4205914166e-001
0 0 0
4 0 135 -45.6000 -118.4000 1 135 -33.1700 -116.2800 2 135 -107.5200 -93.6100 3 135 20.5700 -32.7100
-2.8358125322e-002 -1.4304193579e-001 -9.3058447802e-001
0 0 0
4 0 136 -22.2200 -124.3100 1 136 -27.6500 -116.7700 2 136 -109.0000 -113.0000 3 136 -7.1700 -51.4000
-2.3380316041e-002 -1.4215822013e-001 -9.2640442947e-001
0 0 0
4 0 137 -18.7300 -124.6900 1 137 -28.8700 -116.1300 2 137 -106.9200 -115.5800 3 137 -11.0000 -55.6500
-1.8827331313e-002 -1.4004494392e-001 -9.2100708295e-001
0 0 0
4 0 138 -15.8600 -123.6800 1 138 -31.4400 -115.0500 2 138 -103.3200 -118.1800 3 138 -14.0600 -59.7000
-1.3201671600e-002 -1.3647608279e-001 -9.1377779692e-001
0 0 0
4 0 139 -12.0000 -121.7500 1 139 -35.7900 -112.7900 2 139 -98.5300 -121.1400 3 139 -17.3300 -64.3100
-6.5894095969e-003 -1.3150328443e-001 -9.0598610210e-001
0 0 0
4 0 140 -7.3100 -118.8000 1 140 -40.1500 -109.1000 2 140 -92.4700 -124.0500 3 140 -21.2500 -68.2300
2.9941465194e-003 -1.2437201453e-001 -8.9685422134e-001
0 0 0
4 0 141 0.2500 -113.6200 1 141 -45.6600 -103.7600 2 141 -86.0900 -126.6200 3 141 -27.6100 -72.4600
1.4508466800e-002 -1.1570121980e-001 -8.8719643138e-001
0 0 0
4 0 142 10.3600 -107.4400 1 142 -51.3600 -95.8200 2 142 -79.5200 -129.6100 3 142 -34.3800 -75.9300
2.3947912140e-002 -1.0734299190e-001 -8.7606015763e-001
0 0 0
4 0 143 17.6400 -101.2700 1 143 -58.5600 -88.7900 2 143 -70.6800 -132.1800 3 143 -39.6700 -80.5200
3.0302337100e-002 -9.5547815158e-002 -8.5968217926e-001
0 0 0
4 0 144 22.4600 -91.3900 1 144 -74.3800 -80.3800 2 144 -58.3800 -134.3800 3 144 -39.8000 -85.4100
3.3634537973e-002 -8.2159127828e-002 -8.3835070023e-001
0 0 0
4 0 145 24.0000 -81.0000 1 145 -97.2500 -71.5000 2 145 -41.0900 -136.1100 3 145 -36.3800 -91.2400
3.3593312212e-002 -6.6730887279e-002 -8.1806719032e-001
0 0 0
4 0 146 22.0600 -64.6100 1 146 -121.2600 -62.3300 2 146 -23.7100 -136.0700 3 146 -30.8300 -94.9000
6.7818633524e-003 -3.3486747592e-005 -7.0666475808e-001
0 0 0
4 0 147 -26.2400 19.2200 1 147 -267.9700 -30.4400 2 147 68.7000 -136.4700 3 147 12.5300 -114.3000
3.5070650261e-004 8.8209657486e-003 -6.8321859556e-001
0 0 0
3 0 148 -40.4100 34.2200 1 148 -300.3600 -28.8500 3 148 21.7200 -119.3800
1.4123117748e-001 -4.1310199258e-002 -6.5120992594e-001
0 0 0
4 0 149 164.7400 -43.1100 1 149 -319.0000 -38.0000 2 149 42.8200 -209.3900 3 149 -64.8500 -181.8800
1.4547173886e-001 -4.1473566871e-002 -6.5813695368e-001
0 0 0
4 0 150 169.8400 -43.9800 1 150 -307.1400 -33.9200 2 150 36.5200 -207.1700 3 150 -69.5200 -178.4100
1.4741085720e-001 -4.4428431454e-002 -6.6902402001e-001
0 0 0
4 0 151 170.1600 -48.2800 1 151 -286.6600 -33.6000 2 151 30.1200 -206.0000 3 151 -73.6800 -175.7700
1.4780848795e-001 -4.8455374097e-002 -6.7770630005e-001
0 0 0
4 0 152 168.1100 -54.9600 1 152 -271.0000 -35.7900 2 152 23.8800 -204.9600 3 152 -76.9000 -174.1700
1.4743555353e-001 -5.3865791224e-002 -6.8779280618e-001
0 0 0
4 0 153 165.4500 -61.8400 1 153 -252.2600 -40.8800 2 153 17.0000 -204.7100 3 153 -78.8900 -172.7800
1.4562353759e-001 -5.9035453228e-002 -6.9827409480e-001
0 0 0
4 0 154 160.3400 -69.1700 1 154 -234.1300 -45.1800 2 154 11.0000 -203.1200 3 154 -80.9600 -170.8800
1.4272903652e-001 -6.2588591832e-002 -7.0869844754e-001
0 0 0
4 0 155 154.4800 -72.8000 1 155 -217.4400 -48.3800 2 155 5.2900 -201.0000 3 155 -81.6100 -167.6400
1.3706720130e-001 -6.7096320678e-002 -7.1804282797e-001
0 0 0
4 0 156 145.1000 -77.9400 1 156 -203.5300 -54.1000 2 156 1.0800 -198.9200 3 156 -80.6200 -164.9000
1.2905905414e-001 -7.0506972890e-002 -7.2546877203e-001
0 0 0
4 0 157 132.3700 -82.5300 1 157 -194.6800 -58.3300 2 157 -1.8400 -196.6400 3 157 -77.9700 -162.4500
1.1930921284e-001 -7.5910508892e-002 -7.3554506592e-001
0 0 0
4 0 158 119.1900 -86.9600 1 158 -181.4000 -67.0300 2 158 -5.3100 -194.1400 3 158 -73.2300 -159.0300
1.0887615106e-001 -8.1766388828e-002 -7.4521164445e-001
0 0 0
4 0 159 104.3100 -93.3500 1 159 -170.2500 -74.2700 2 159 -9.2100 -192.1400 3 159 -69.2300 -156.2300
9.8542772973e-002 -8.9918372105e-002 -7.5594208081e-001
0 0 0
4 0 160 91.2100 -100.7900 1 160 -157.2200 -85.0300 2 160 -14.7400 -190.3700 3 160 -64.4500 -154.1800
8.7202480399e-002 -9.8259216323e-002 -7.6976348630e-001
0 0 0
4 0 161 77.1100 -108.2600 1 161 -141.7000 -94.1200 2 161 -21.4100 -187.1900 3 161 -60.4500 -150.1800
7.8087251019e-002 -9.9530416994e-002 -7.8447267601e-001
0 0 0
4 0 162 66.6100 -106.9000 1 162 -128.3800 -93.5300 2 162 -28.2000 -179.9200 3 162 -57.9400 -141.6100
6.8769384668e-002 -9.3036809703e-002 -8.0283365542e-001
0 0 0
4 0 163 58.3400 -97.2900 1 163 -115.8600 -84.3200 2 163 -34.8200 -165.1400 3 163 -55.5000 -124.5000
5.6461619695e-002 -7.9897381292e-002 -8.2113454530e-001
0 0 0
4 0 164 45.7000 -79.5800 1 164 -106.0000 -68.0000 2 164 -38.0700 -147.9300 3 164 -50.4900 -105.3900
4.1006118162e-002 -6.2899425112e-002 -8.3691346116e-001
0 0 0
4 0 165 32.2100 -61.4000 1 165 -103.2000 -50.7000 2 165 -37.6700 -128.9400 3 165 -41.0500 -81.6000
2.2731501715e-002 -4.6776260301e-002 -8.4916943969e-001
0 0 0
4 0 166 15.2600 -43.2600 1 166 -104.1400 -38.7900 2 166 -35.0000 -108.0000 3 166 -30.5000 -63.5000
-8.1997320068e-002 -5.0121441685e-002 -8.4493697729e-001
0 0 0
4 0 167 -85.7800 -43.0800 1 167 -139.4200 -70.1600 2 167 2.8400 -76.2900 3 167 56.3800 -47.2400
-8.2835115637e-002 -6.3030830778e-002 -8.3717891522e-001
0 0 0
4 0 168 -89.5600 -54.9500 1 168 -142.6400 -84.0000 2 168 4.4700 -88.0500 3 168 59.4200 -57.8400
-7.5822635613e-002 -7.3828361490e-002 -8.3180566243e-001
0 0 0
4 0 169 -85.0000 -66.4600 1 169 -142.0800 -93.0000 2 169 2.4200 -98.7300 3 169 55.3300 -69.2600
-6.5250454663e-002 -7.7333230771e-002 -8.2812017013e-001
0 0 0
4 0 170 -75.6800 -70.9900 1 170 -141.3300 -94.4100 2 170 0.0000 -107.0000 3 170 48.0800 -75.0000
-5.5160647175e-002 -7.2486910459e-002 -8.2499468501e-001
0 0 0
4 0 171 -67.1400 -66.8600 1 171 -142.4900 -88.5900 2 171 -0.1700 -108.9700 3 171 39.2900 -76.2600
-1.7672269111e-001 -2.7290596472e-002 -8.0619443120e-001
0 0 0
4 0 172 -186.7700 -16.3200 1 172 -197.5300 -81.8800 2 172 78.0000 -43.0000 3 172 134.6100 -39.3900
-1.7892174600e-001 -4.5258699478e-002 -8.0402337516e-001
0 0 0
4 0 173 -190.1700 -33.0700 1 173 -195.0300 -97.7000 2 173 76.4000 -53.4200 3 173 140.3600 -50.0800
-1.7075443389e-001 -6.0569109558e-002 -8.0262609270e-001
0 0 0
3 0 174 -184.9300 -49.5600 1 174 -191.2800 -106.8600 3 174 137.0800 -60.2800
-9.1070859928e-002 -9.0785540264e-002 -8.2827366772e-001
0 0 0
4 0 175 -100.1800 -82.8700 1 175 -145.0900 -111.6600 2 175 5.5300 -106.0500 3 175 71.8500 -77.1000
-7.0873165219e-002 -8.8333759963e-002 -8.3343916662e-001
0 0 0
4 0 176 -80.9700 -81.1000 1 176 -135.3900 -103.8600 2 176 -5.4400 -109.6600 3 176 51.8800 -76.7700
-5.3600010582e-002 -7.9781519372e-002 -8.3500738605e-001
0 0 0
4 0 177 -62.1500 -72.8900 1 177 -131.4500 -93.3500 2 177 -10.0000 -109.0000 3 177 37.2000 -74.5200
-3.7865923644e-002 -6.5684898119e-002 -8.3309086361e-001
0 0 0
4 0 178 -48.0500 -60.7100 1 178 -132.7100 -76.3200 2 178 -10.0800 -107.0000 3 178 22.6400 -70.8500
-2.4697995604e-002 -4.9019327198e-002 -8.2813266434e-001
0 0 0
4 0 179 -34.4200 -43.0800 1 179 -137.6300 -60.4100 2 179 -6.5600 -103.6600 3 179 13.3200 -67.8200
-1.6326178406e-002 -3.3201621142e-002 -8.2107096426e-001
0 0 0
4 0 180 -27.1000 -27.2500 1 180 -146.3800 -45.2000 2 180 -0.5200 -100.4200 3 180 7.3700 -65.3000
-1.3958258538e-002 -1.6655699505e-002 -8.1323008698e-001
0 0 0
4 0 181 -25.6500 -11.0600 1 181 -158.1600 -30.2300 2 181 8.4500 -95.0700 3 181 6.5600 -61.6600
-1.8047013082e-002 -8.5847090566e-003 -8.1070922115e-001
0 0 0
4 0 182 -30.4800 -1.6700 1 182 -164.0000 -25.0000 2 182 12.8800 -90.7200 3 182 9.6300 -58.6300
-2.5619466180e-002 -5.5244981405e-003 -8.1072827755e-001
0 0 0
4 0 183 -37.4500 1.1100 1 183 -166.9200 -24.3200 2 183 16.7800 -86.5200 3 183 15.9300 -55.4500
-3.7512341044e-002 -1.0472777220e-002 -8.1287202770e-001
0 0 0
4 0 184 -50.0800 -4.1200 1 184 -166.8500 -31.5200 2 184 18.0700 -84.4100 3 184 23.9300 -54.5500
-4.7031875100e-002 -2.4777952129e-002 -8.2099714753e-001
0 0 0
4 0 185 -57.4100 -17.9400 1 185 -157.8200 -46.1800 2 185 12.4800 -85.6200 3 185 31.1400 -55.1000
-5.0485087286e-002 -4.0644070611e-002 -8.2577361256e-001
0 0 0
4 0 186 -60.7900 -35.5700 1 186 -150.5000 -58.5000 2 186 6.3700 -91.3700 3 186 33.5300 -59.3000
-4.5596845216e-002 -5.1348013170e-002 -8.2771037974e-001
0 0 0
4 0 187 -56.2300 -45.4800 1 187 -144.0000 -66.8900 2 187 -0.1000 -98.6800 3 187 29.7400 -65.0000
-3.7165866319e-002 -5.1422973327e-002 -8.2447191903e-001
0 0 0
4 0 188 -48.0800 -45.8100 1 188 -144.0700 -66.0200 2 188 -0.4500 -102.5900 3 188 23.9700 -68.7400
-3.0649354587e-002 -4.1839437135e-002 -8.1707978989e-001
0 0 0
4 0 189 -43.0000 -35.8600 1 189 -151.4900 -57.7700 2 189 4.8200 -102.4300 3 189 19.6300 -69.3700
-2.7586092186e-002 -2.8876685303e-002 -8.1041794578e-001
0 0 0
4 0 190 -41.0000 -22.0700 1 190 -160.3500 -46.8300 2 190 11.6100 -99.2600 3 190 17.9200 -67.0000
-6.2027046667e-002 1.8055526111e-002 -7.9228513275e-001
0 0 0
4 0 191 -77.7700 28.9700 1 191 -198.7600 -19.7900 2 191 47.9000 -68.6800 3 191 45.0000 -48.2200
-7.9594039335e-002 2.4978259463e-002 -7.9409116419e-001
0 0 0
4 0 192 -95.2000 36.8700 1 192 -202.2600 -19.0000 2 192 54.6300 -59.0400 3 192 57.0000 -40.7100
-9.0916379117e-002 -3.5799026080e-002 -7.7270557316e-001
0 0 0
4 0 193 -119.2700 -25.5300 1 193 -207.3100 -77.9100 2 193 58.3400 -98.9400 3 193 74.2000 -80.8700
-7.8862604176e-002 -5.4212019108e-002 -7.7828018115e-001
0 0 0
4 0 194 -105.0800 -48.1200 1 194 -195.5800 -89.4200 2 194 45.6700 -110.4500 3 194 65.5500 -89.4100
-6.5380445234e-002 -7.1188557339e-002 -7.9298652018e-001
0 0 0
4 0 195 -87.5300 -65.2700 1 195 -174.1400 -98.2400 2 195 24.4100 -120.0000 3 195 53.9700 -93.1700
-5.2276734836e-002 -8.3830994802e-002 -8.1295830200e-001
0 0 0
4 0 196 -68.7700 -78.5400 1 196 -149.4400 -101.4400 2 196 2.0000 -122.8200 3 196 40.0800 -91.0000
-4.0331991067e-002 -9.1024002661e-002 -8.4392786996e-001
0 0 0
4 0 197 -48.9300 -84.7600 1 197 -117.0400 -96.9400 2 197 -25.6200 -116.2400 3 197 23.8900 -78.6300
-5.5905566056e-002 -8.3460441669e-002 -9.8878067628e-001
0 0 0
3 0 199 -33.9500 -70.0700 1 199 -17.5400 -60.8900 3 199 0.2300 35.7900
-8.5863443719e-002 -9.4130849673e-002 -1.0151677381e+000
0 0 0
2 0 200 -51.0200 -75.3700 1 200 -9.7900 -70.7900
-1.1711633341e-001 -1.0099935195e-001 -1.0287560867e+000
0 0 0
3 0 201 -72.2900 -78.8400 1 201 -11.0300 -78.4400 3 201 52.6700 79.8700
-1.7615843275e-001 -1.5921070020e-001 -1.0054549186e+000
0 0 0
4 0 202 -120.2000 -120.4000 1 202 -31.0000 -133.1100 2 202 -135.1800 -15.4000 3 202 135.0800 45.8000
-1.7493161099e-001 -1.6111558242e-001 -1.0020635466e+000
0 0 0
4 0 203 -119.7000 -122.0600 1 203 -31.9700 -134.9200 2 203 -133.6000 -19.4200 3 203 135.2200 40.7100
-1.7115590707e-001 -1.6016174736e-001 -1.0005506117e+000
0 0 0
4 0 204 -116.9300 -121.7000 1 204 -31.9400 -134.4700 2 204 -132.6400 -22.0000 3 204 131.0000 38.9300
-1.6786760854e-001 -1.5709652566e-001 -9.9831609829e-001
0 0 0
4 0 205 -115.6900 -119.9400 1 205 -32.6400 -132.2700 2 205 -130.0000 -22.8900 3 205 126.5400 37.2100
-1.6784331009e-001 -1.5108068626e-001 -9.9911130335e-001
0 0 0
4 0 206 -115.1800 -114.8400 1 206 -33.6000 -128.0000 2 206 -127.6600 -18.2700 3 206 125.0000 41.0000
-1.6873125991e-001 -1.4267191687e-001 -1.0021558385e+000
0 0 0
4 0 207 -114.6200 -108.8100 1 207 -34.6400 -122.2700 2 207 -125.2100 -9.8900 3 207 122.8500 49.0800
-1.6714621083e-001 -1.3370377312e-001 -1.0033295163e+000
0 0 0
4 0 208 -113.1400 -102.2600 1 208 -35.7900 -114.8800 2 208 -122.1100 -4.9400 3 208 118.9200 54.7300
-1.6780563250e-001 -1.2827341404e-001 -9.9990250206e-001
0 0 0
3 0 209 -114.3200 -98.1400 1 209 -39.2800 -112.3800 2 209 -116.1700 -3.0000
-1.6404427180e-001 -1.2238218051e-001 -9.9367951433e-001
0 0 0
4 0 210 -113.1400 -94.3400 1 210 -42.7800 -109.0900 2 210 -108.8200 -5.2100 3 210 114.8000 50.5300
-1.6538327540e-001 -1.1814454629e-001 -9.8705493197e-001
0 0 0
4 0 211 -115.6800 -91.8600 1 211 -48.5900 -107.5500 2 211 -100.8400 -5.7100 3 211 116.5400 47.0900
-1.6364996936e-001 -1.0478721492e-001 -9.6871858135e-001
0 0 0
4 0 213 -119.6900 -81.9400 1 213 -61.5200 -102.3800 2 213 -79.7600 -9.0000 3 213 115.0000 36.8300
-1.6691607619e-001 -1.0211507431e-001 -9.5818632636e-001
0 0 0
4 0 214 -124.3800 -80.9100 1 214 -70.7900 -103.0400 2 214 -69.0000 -11.5900 3 214 119.8100 30.3800
-1.6813769936e-001 -9.8708610669e-002 -9.4985630638e-001
0 0 0
4 0 215 -127.8400 -78.0200 1 215 -77.0400 -102.8100 2 215 -60.5300 -13.4700 3 215 121.7400 25.0500
-1.6837112627e-001 -9.4582196107e-002 -9.4599620774e-001
0 0 0
4 0 216 -128.9200 -75.2500 1 216 -80.8000 -100.9200 2 216 -55.4300 -12.5700 3 216 121.5000 23.9800
-1.7070493341e-001 -9.1650429688e-002 -9.4481650898e-001
0 0 0
4 0 217 -131.1600 -72.8200 1 217 -82.9600 -99.1900 2 217 -52.5600 -10.3400 3 217 123.4100 25.0000
-1.7706651311e-001 -9.0255575080e-002 -9.4697866295e-001
0 0 0
4 0 218 -135.0700 -71.3500 1 218 -83.7000 -98.9100 2 218 -51.1800 -4.7900 3 218 129.0200 29.0900
-1.8262236198e-001 -9.0126209493e-002 -9.4701056462e-001
0 0 0
4 0 219 -139.4100 -71.0800 1 219 -86.0000 -100.0000 2 219 -49.2700 -1.9100 3 219 134.1300 31.1300
-1.8597394787e-001 -8.9676677413e-002 -9.4221448911e-001
0 0 0
4 0 220 -143.3000 -70.9400 1 220 -89.5300 -100.7000 2 220 -43.5500 -2.5900 3 220 138.3700 28.0400
-3.2083299547e-002 -8.8285650185e-002 -8.7764123158e-001
0 0 0
3 0 198 -33.5300 -80.6900 2 198 -48.7600 -102.9700 3 198 8.5100 -54.9400
-2.4323828825e-001 -8.5389167965e-002 -9.8562831214e-001
0 0 0
2 1 1 -80.0000 -99.0000 3 1 188.8000 83.0900
-1.6226290242e-001 -1.1182674003e-001 -9.7879480818e-001
0 0 0
3 1 212 -54.0000 -104.7400 2 212 -91.9300 -8.2700 3 212 113.3300 42.0000
