# Bundle file v0.3
4 218
7.7296464032e+002 -9.6800345773e-002 -2.1983312946e-002
9.9985613786e-001 -1.9459326346e-003 -1.6849834500e-002
1.9552285788e-003 9.9999794530e-001 5.3523725171e-004
1.6848758343e-002 -5.6810552929e-004 9.9985788820e-001
-1.5077302401e-002 1.0217560527e-003 2.7729076972e-003
7.4024930711e+002 -4.6801200135e-002 -6.9475907800e-003
3.9588937335e-001 -3.7434144102e-001 -8.3853448921e-001
3.9284931528e-001 8.9440192986e-001 -2.1380973632e-001
8.3002471020e-001 -2.4477269740e-001 5.0114399833e-001
-8.6274878792e-001 -1.8918915273e-001 -4.0175699501e-001
0 0 0
0 0 0
0 0 0
0 0 0
0 0 0
0 0 0
0 0 0
0 0 0
0 0 0
0 0 0
-2.1841045738e-001 -7.9391168202e-002 -9.6010393453e-001
0 0 0
2 0 0 -173.8600 -64.2000 1 0 -81.1000 -98.7000
-2.1098199871e-001 -8.2496675997e-002 -9.6047347145e-001
0 0 0
2 0 2 -167.8700 -66.4900 1 2 -78.4500 -99.4100
-2.0792881203e-001 -8.5126947014e-002 -9.5982589405e-001
0 0 0
2 0 3 -165.5600 -68.6200 1 3 -77.5300 -100.7000
-2.0257072874e-001 -8.7573073429e-002 -9.5861940146e-001
0 0 0
2 0 4 -161.5300 -70.6800 1 4 -76.5000 -101.5000
-1.9718404856e-001 -8.9367673795e-002 -9.5734359524e-001
0 0 0
2 0 5 -157.3300 -71.6000 1 5 -75.5500 -102.5900
-1.9177316628e-001 -9.3361452588e-002 -9.5646620693e-001
0 0 0
2 0 6 -153.1400 -74.7700 1 6 -73.8600 -104.5000
-1.8636355924e-001 -9.9223529039e-002 -9.5344185932e-001
0 0 0
2 0 7 -149.4500 -80.3000 1 7 -73.1800 -107.3900
-1.8197167894e-001 -1.0463554802e-001 -9.5072056210e-001
0 0 0
2 0 8 -146.2400 -84.3500 1 8 -72.4500 -111.4100
-1.7634097662e-001 -1.1257115464e-001 -9.4548536311e-001
0 0 0
2 0 9 -142.6300 -91.6700 1 9 -72.5800 -116.4500
-1.7267427706e-001 -1.1948478958e-001 -9.4035025998e-001
0 0 0
2 0 10 -140.4000 -97.5200 1 10 -73.2600 -122.0000
-1.6916380630e-001 -1.2655331318e-001 -9.3446422613e-001
0 0 0
2 0 11 -138.5300 -104.2800 1 11 -74.5500 -127.2300
-1.6634874235e-001 -1.3235795066e-001 -9.2758057948e-001
0 0 0
2 0 12 -137.2300 -109.5300 1 12 -76.9300 -132.7300
-1.6327728156e-001 -1.3808590428e-001 -9.2156141088e-001
0 0 0
2 0 13 -135.6900 -115.3100 1 13 -78.8100 -137.3200
-1.6134802092e-001 -1.4272964084e-001 -9.1380158463e-001
0 0 0
2 0 14 -135.2100 -119.7200 1 14 -82.3600 -142.6400
-1.5734787893e-001 -1.4852094185e-001 -9.0555694345e-001
0 0 0
2 0 15 -133.1400 -125.6900 1 15 -85.5700 -148.1400
-1.5096257048e-001 -1.5243453702e-001 -8.9813104721e-001
0 0 0
2 0 16 -128.9300 -130.2800 1 16 -88.2500 -151.5000
-1.4208913369e-001 -1.5398481448e-001 -8.9154823100e-001
0 0 0
2 0 17 -122.3400 -132.4800 1 17 -90.4100 -152.8800
-1.3183031215e-001 -1.5195825790e-001 -8.8727098974e-001
0 0 0
2 0 18 -114.1500 -131.3300 1 18 -91.6300 -150.7100
-1.2198982385e-001 -1.4688793722e-001 -8.8527480720e-001
0 0 0
2 0 19 -106.0500 -127.7400 1 19 -92.2400 -145.0800
-1.1112593184e-001 -1.4128996286e-001 -8.8458092662e-001
0 0 0
2 0 20 -96.6600 -122.5200 1 20 -91.6700 -139.4800
-1.0164960235e-001 -1.3632818649e-001 -8.8814950915e-001
0 0 0
2 0 21 -88.1500 -118.2200 1 21 -88.2300 -132.4500
-9.0182646972e-002 -1.3223470207e-001 -8.9163049901e-001
0 0 0
2 0 22 -77.8300 -113.9700 1 22 -83.9600 -126.4200
-8.0596762949e-002 -1.3021778876e-001 -8.9738807428e-001
0 0 0
2 0 23 -69.0800 -111.7300 1 23 -77.8800 -121.2300
-7.0374004852e-002 -1.3016027904e-001 -9.0355873237e-001
0 0 0
2 0 24 -59.8200 -111.0000 1 24 -70.6600 -117.4200
-6.2118824831e-002 -1.3034183234e-001 -9.0701165074e-001
0 0 0
2 0 25 -52.4900 -110.5800 1 25 -65.8000 -115.0800
-5.4225629433e-002 -1.3138423617e-001 -9.0882714674e-001
0 0 0
2 0 26 -45.7000 -111.4500 1 26 -62.0000 -113.5000
-4.3697909494e-002 -1.3665920152e-001 -9.0867525691e-001
0 0 0
2 0 27 -36.8000 -116.1700 1 27 -57.5900 -115.1500
-3.8092502801e-002 -1.4513056620e-001 -9.0058173395e-001
0 0 0
2 0 28 -32.3200 -124.0000 1 28 -59.4600 -123.2300
-3.4232325531e-002 -1.5397906080e-001 -8.8643584227e-001
0 0 0
2 0 29 -29.5400 -133.0700 1 29 -66.4500 -133.9200
-3.0247979862e-002 -1.5982836832e-001 -8.7486325722e-001
0 0 0
2 0 30 -26.8400 -141.3100 1 30 -72.7700 -139.7400
-3.1005003434e-002 -1.6128667067e-001 -8.5802304842e-001
0 0 0
2 0 31 -28.2100 -144.9300 1 31 -85.9400 -146.2100
-3.5669292568e-002 -1.6060887353e-001 -8.4104388961e-001
0 0 0
2 0 32 -33.3300 -147.2600 1 32 -101.2100 -151.3000
-4.1579750417e-002 -1.5715605725e-001 -8.2407366582e-001
0 0 0
2 0 33 -39.8100 -146.9700 1 33 -117.7600 -154.4200
-5.0758357635e-002 -1.5195370145e-001 -8.1261652134e-001
0 0 0
2 0 34 -49.2300 -143.8400 1 34 -131.0000 -155.3000
-5.9772218224e-002 -1.4758294959e-001 -8.0205025082e-001
0 0 0
2 0 35 -58.7400 -141.6100 1 35 -143.1400 -156.2300
-7.0088356251e-002 -1.4499426125e-001 -7.9587101909e-001
0 0 0
2 0 36 -69.2700 -140.1100 1 36 -151.2000 -157.8300
-8.4853885634e-002 -1.4303945591e-001 -7.9162577479e-001
0 0 0
2 0 37 -84.0700 -138.9900 1 37 -158.2100 -160.0600
-9.7805966659e-002 -1.4005398516e-001 -7.8992716683e-001
0 0 0
2 0 38 -96.8900 -136.4100 1 38 -162.9000 -160.3500
-1.0785211330e-001 -1.3700035927e-001 -7.8856664524e-001
0 0 0
2 0 39 -106.8600 -133.6400 1 39 -166.6900 -160.0300
-1.1983534138e-001 -1.3418023615e-001 -7.8923636588e-001
0 0 0
2 0 40 -118.3500 -130.5100 1 40 -169.0000 -159.9700
-1.2922250649e-001 -1.3240126735e-001 -7.8956370488e-001
0 0 0
2 0 41 -127.4100 -128.7900 1 41 -170.8500 -160.0000
-1.3533269720e-001 -1.3017669529e-001 -7.9083015636e-001
0 0 0
2 0 42 -133.0800 -126.3100 1 42 -171.4600 -159.0800
-1.4002512264e-001 -1.2625688586e-001 -7.9279323979e-001
0 0 0
2 0 43 -137.2900 -122.3300 1 43 -171.7600 -156.1400
-1.4269338299e-001 -1.2331910410e-001 -7.9453438739e-001
0 0 0
2 0 44 -139.5000 -119.0000 1 44 -171.5800 -154.1200
-1.4288668629e-001 -1.2391202163e-001 -7.9526675061e-001
0 0 0
2 0 45 -139.6100 -119.8000 1 45 -170.9300 -154.0300
-1.3994232629e-001 -1.2515878211e-001 -7.9715545857e-001
0 0 0
2 0 46 -136.4200 -120.6900 1 46 -168.6100 -154.0400
-1.3517068846e-001 -1.2629731514e-001 -7.9906953533e-001
0 0 0
2 0 47 -131.4900 -121.4500 1 47 -165.9700 -153.6600
-1.3046674592e-001 -1.2804100656e-001 -8.0118887184e-001
0 0 0
2 0 48 -126.6100 -122.7800 1 48 -163.0000 -153.6800
-1.2142455131e-001 -1.3227054904e-001 -8.0606378754e-001
0 0 0
2 0 49 -117.2100 -126.2900 1 49 -156.3900 -153.9000
-1.1144832915e-001 -1.3809967652e-001 -8.1587869103e-001
0 0 0
2 0 50 -106.2300 -130.1400 1 50 -145.0900 -154.3200
-9.8065550822e-002 -1.4594002858e-001 -8.2628331278e-001
0 0 0
2 0 51 -92.3100 -136.0000 1 51 -131.9500 -155.2100
-8.5896962297e-002 -1.5585574147e-001 -8.3935322142e-001
0 0 0
2 0 52 -79.5700 -143.3800 1 52 -116.1500 -157.0700
-7.5110612370e-002 -1.6742511862e-001 -8.6304073453e-001
0 0 0
2 0 53 -67.2700 -149.1800 1 53 -91.5500 -158.7000
-6.0546855182e-002 -1.7520875785e-001 -8.7888833694e-001
0 0 0
2 0 54 -53.0400 -153.2900 1 54 -73.1300 -158.0700
-2.0421664108e-002 -1.9497594458e-001 -9.2473283959e-001
0 0 0
2 0 55 -16.2900 -162.2900 1 55 -19.8600 -153.9800
-7.4372811006e-003 -1.9800073689e-001 -9.3502093980e-001
0 0 0
2 0 56 -5.2300 -162.9200 1 56 -6.7100 -151.1700
7.5595449334e-004 -1.9551151938e-001 -9.3453943938e-001
0 0 0
2 0 57 1.5200 -161.0000 1 57 -5.0500 -147.5400
3.7413454599e-003 -1.8915905977e-001 -9.2951780393e-001
0 0 0
2 0 58 4.0000 -156.2500 1 58 -9.9100 -143.3100
-9.6326773500e-003 -1.4536552032e-001 -8.7082615872e-001
0 0 0
2 0 59 -8.6900 -128.8000 1 59 -74.7200 -124.5300
-6.5590073172e-003 -1.2604124247e-001 -8.5262633928e-001
0 0 0
2 0 60 -6.4100 -114.1000 1 60 -94.9300 -112.1600
4.1341028701e-005 -1.1202856544e-001 -8.3973148244e-001
0 0 0
2 0 61 -0.6000 -102.7500 1 61 -108.4000 -102.0900
9.6177523717e-003 -1.0094045130e-001 -8.2923284484e-001
0 0 0
2 0 62 8.2600 -93.2900 1 62 -118.4000 -93.1200
1.8168755352e-002 -9.4913116819e-002 -8.2201536020e-001
0 0 0
2 0 63 16.1200 -89.0400 1 63 -124.6000 -86.7500
2.7684191400e-002 -8.9666501459e-002 -8.1703875027e-001
0 0 0
2 0 64 25.1700 -84.5700 1 64 -128.3600 -80.7200
3.7289146693e-002 -8.3859078738e-002 -8.1477742527e-001
0 0 0
2 0 65 34.4700 -78.7900 1 65 -129.8400 -73.7700
4.6030059306e-002 -7.7794160381e-002 -8.1641252444e-001
0 0 0
2 0 66 42.5500 -73.5200 1 66 -128.3200 -64.5900
5.1775666953e-002 -6.9416377951e-002 -8.1686463734e-001
0 0 0
2 0 67 48.2200 -64.6900 1 67 -129.0700 -55.9500
5.8991362181e-002 -5.7151139510e-002 -8.1408893457e-001
0 0 0
2 0 68 55.3200 -52.8700 1 68 -133.7700 -43.5500
7.1864583112e-002 -4.7039301407e-002 -8.0843615369e-001
0 0 0
2 0 69 67.9000 -43.7600 1 69 -139.2600 -31.0000
8.7599221042e-002 -4.1015563700e-002 -8.0270505120e-001
0 0 0
2 0 70 83.2400 -39.0300 1 70 -143.0700 -20.2200
1.0587917159e-001 -3.9002773301e-002 -7.9543480086e-001
0 0 0
2 0 71 101.7200 -37.3200 1 71 -146.3700 -13.0000
1.4227224671e-001 -4.4075692428e-002 -7.7515950644e-001
0 0 0
2 0 72 140.3900 -43.2400 1 72 -156.3100 -7.7800
1.4885519179e-001 -5.1504213043e-002 -7.6801395427e-001
0 0 0
2 0 73 148.1300 -51.3000 1 73 -159.6300 -14.0800
1.5489562361e-001 -5.6010575964e-002 -7.6285559785e-001
0 0 0
2 0 74 155.0300 -56.5600 1 74 -162.1400 -17.1200
1.5799556810e-001 -5.9890064929e-002 -7.5469400568e-001
0 0 0
2 0 75 159.8700 -60.7000 1 75 -168.8100 -22.3700
1.6312945039e-001 -6.2037660086e-002 -7.4442060727e-001
0 0 0
2 0 76 167.1500 -63.9000 1 76 -178.3100 -25.0600
1.6436420381e-001 -6.4122122134e-002 -7.2980176400e-001
0 0 0
2 0 77 171.5500 -67.3000 1 77 -193.9400 -30.8700
1.6591872897e-001 -6.2839022648e-002 -7.1215257650e-001
0 0 0
2 0 78 177.2500 -67.2300 1 78 -214.7200 -34.0900
1.6201013430e-001 -5.6782467462e-002 -6.9013485277e-001
0 0 0
2 0 79 178.2900 -62.0900 1 79 -243.9800 -35.8900
1.5700496068e-001 -4.3830284345e-002 -6.5418719543e-001
0 0 0
2 0 80 181.2400 -50.8700 1 80 -294.0900 -33.4000
-1.5977132277e-001 -1.1508365371e-001 -6.4581267657e-001
0 0 0
2 0 81 -194.1500 -136.0200 1 81 -301.0300 -191.2300
-1.5319907023e-001 -1.2256341015e-001 -6.6480305575e-001
0 0 0
2 0 82 -180.8000 -140.8900 1 82 -281.7800 -190.9300
-1.3873346370e-001 -1.3145796443e-001 -6.9524234754e-001
0 0 0
2 0 83 -156.6100 -144.8000 1 83 -251.4400 -187.2000
-1.1850525001e-001 -1.3873209895e-001 -7.1636031476e-001
0 0 0
2 0 84 -130.1100 -148.4400 1 84 -228.8300 -184.0400
-1.0131206041e-001 -1.4378658281e-001 -7.3602841247e-001
0 0 0
2 0 85 -108.4000 -149.6600 1 85 -208.0000 -180.0000
-8.6980371823e-002 -1.4737028777e-001 -7.5393518795e-001
0 0 0
2 0 86 -91.0000 -150.1200 1 86 -189.3000 -175.0500
-6.8942290229e-002 -1.4978897994e-001 -7.6441848990e-001
0 0 0
2 0 87 -71.4700 -150.7000 1 87 -176.4500 -170.7300
-5.8506407686e-002 -1.5102503182e-001 -7.7108588950e-001
0 0 0
2 0 88 -60.3000 -150.5300 1 88 -168.3500 -168.0900
-4.6113403358e-002 -1.4957048581e-001 -7.7824510808e-001
0 0 0
2 0 89 -47.3300 -147.5500 1 89 -160.1100 -162.5900
-3.0341042275e-002 -1.4136117942e-001 -7.9254117985e-001
0 0 0
2 0 90 -31.0400 -137.6000 1 90 -146.9500 -147.3800
-1.3926772217e-002 -1.2968570431e-001 -8.0396307787e-001
0 0 0
2 0 91 -14.4400 -123.4100 1 91 -136.8200 -131.4000
-3.3331458945e-003 -1.1927815906e-001 -8.1976641076e-001
0 0 0
2 0 92 -4.1800 -112.3900 1 92 -124.0600 -114.2100
4.9645201533e-003 -1.0894513583e-001 -8.2701093840e-001
0 0 0
2 0 93 3.7100 -101.8000 1 93 -119.0600 -101.1200
9.4011089122e-003 -9.8821338795e-002 -8.3294616346e-001
0 0 0
2 0 94 8.0600 -90.9800 1 94 -115.9400 -90.3100
6.5193431392e-003 -9.0184767564e-002 -8.3811440714e-001
0 0 0
2 0 95 5.3500 -82.7100 1 95 -115.0000 -82.1000
-1.3955357681e-003 -8.5010436396e-002 -8.3936462609e-001
0 0 0
2 0 96 -2.0000 -78.0000 1 96 -117.5200 -79.4100
-1.1938916392e-002 -8.3315279434e-002 -8.4264064894e-001
0 0 0
2 0 97 -11.6800 -76.3100 1 97 -117.8600 -79.9300
-2.2366325515e-002 -8.2681727415e-002 -8.4662191475e-001
0 0 0
2 0 98 -21.0500 -75.1800 1 98 -117.2000 -81.4800
-2.7136654559e-002 -8.2329882576e-002 -8.5270066986e-001
0 0 0
2 0 99 -25.1300 -74.3000 1 99 -113.4700 -81.0500
-2.6286983574e-002 -8.0475653223e-002 -8.6206759779e-001
0 0 0
2 0 100 -24.0000 -72.0000 1 100 -106.2900 -76.9300
-2.2793183198e-002 -7.8703784311e-002 -8.7187471050e-001
0 0 0
2 0 101 -20.4800 -69.6000 1 101 -98.1100 -72.2900
-1.5682106784e-002 -7.6634660106e-002 -8.8107272904e-001
0 0 0
2 0 102 -13.8700 -67.0000 1 102 -89.6000 -66.6000
-1.3154668629e-002 -8.5200366254e-002 -8.9411578766e-001
0 0 0
2 0 103 -11.2300 -73.2800 1 103 -76.0000 -70.0000
-1.3357263202e-002 -1.0190294550e-001 -9.0829376596e-001
0 0 0
2 0 104 -11.2400 -87.3400 1 104 -60.0400 -79.2800
-1.6153068248e-002 -1.2169345215e-001 -9.2754696928e-001
0 0 0
2 0 105 -12.7800 -101.0000 1 105 -39.8400 -92.3900
-1.7723207017e-002 -1.4027080139e-001 -9.4244532003e-001
0 0 0
2 0 106 -13.8300 -115.5200 1 106 -23.4800 -103.2000
-2.1906211950e-002 -1.5728211082e-001 -9.5926096191e-001
0 0 0
2 0 107 -16.6500 -126.9800 1 107 -7.1000 -113.8100
-2.6242632319e-002 -1.7000559200e-001 -9.7418510906e-001
0 0 0
2 0 108 -19.4800 -134.4800 1 108 6.2700 -121.7300
-3.2289275133e-002 -1.8082633355e-001 -9.8596857125e-001
0 0 0
2 0 109 -23.9100 -141.8500 1 109 15.8500 -128.0700
-3.8209362942e-002 -1.9059492589e-001 -9.9725283491e-001
0 0 0
2 0 110 -27.9300 -147.1500 1 110 24.7600 -134.6500
-4.4585711512e-002 -1.9908486501e-001 -1.0077004898e+000
0 0 0
2 0 111 -32.3400 -151.9500 1 111 32.3100 -139.9700
-5.3575709434e-002 -2.0901787074e-001 -1.0188677565e+000
0 0 0
2 0 112 -38.6200 -157.7600 1 112 39.6900 -146.4600
-6.2353981401e-002 -2.1869222760e-001 -1.0295145000e+000
0 0 0
2 0 113 -44.7100 -163.8000 1 113 46.5000 -152.2500
-7.0539895203e-002 -2.2817228591e-001 -1.0386310091e+000
0 0 0
2 0 114 -50.2600 -169.4700 1 114 52.3700 -158.3700
-8.1850366019e-002 -2.3796934601e-001 -1.0475042022e+000
0 0 0
2 0 115 -57.9500 -174.9200 1 115 56.9700 -165.5200
-9.2104203057e-002 -2.4517989370e-001 -1.0531188344e+000
0 0 0
2 0 116 -64.9500 -178.7400 1 116 59.0400 -171.4600
-1.0215368971e-001 -2.5256501849e-001 -1.0574159265e+000
0 0 0
2 0 117 -72.0000 -184.0000 1 117 60.2700 -176.6500
-1.1342041114e-001 -2.5993780989e-001 -1.0614948484e+000
0 0 0
2 0 118 -79.7300 -188.2700 1 118 61.0000 -182.8600
-1.2411444163e-001 -2.6677813157e-001 -1.0641593875e+000
0 0 0
2 0 119 -87.0700 -192.0700 1 119 60.9300 -189.1400
-2.8176437454e-001 -1.8566856646e-001 -9.3094580167e-001
0 0 0
2 0 120 -229.5900 -151.5100 1 120 -86.6200 -186.7500
-2.7125144768e-001 -1.7766077853e-001 -9.2813470039e-001
0 0 0
2 0 121 -221.9500 -145.4800 1 121 -88.1400 -180.7900
-2.6002799801e-001 -1.7135154806e-001 -9.2562925716e-001
0 0 0
2 0 122 -213.6800 -141.3500 1 122 -89.0000 -175.0000
-2.4682334916e-001 -1.6617206026e-001 -9.2377767748e-001
0 0 0
2 0 123 -203.4100 -137.1300 1 123 -88.6400 -170.5000
-2.3548932549e-001 -1.6152842180e-001 -9.2311496694e-001
0 0 0
2 0 124 -194.4100 -133.6200 1 124 -87.8300 -165.7000
-2.2131901456e-001 -1.5715491366e-001 -9.2431473829e-001
0 0 0
2 0 125 -182.6200 -129.8400 1 125 -85.0700 -160.4100
-2.0645607234e-001 -1.5360022445e-001 -9.2630696945e-001
0 0 0
2 0 126 -170.1300 -126.8100 1 126 -81.3900 -155.0700
-1.9318439970e-001 -1.4998320607e-001 -9.2666850674e-001
0 0 0
2 0 127 -159.2200 -123.7600 1 127 -79.0700 -150.4100
-1.2718769816e-001 -1.3996043017e-001 -9.2778333429e-001
0 0 0
2 0 128 -104.9000 -115.9000 1 128 -65.1600 -130.8600
-1.0843076393e-001 -1.3943821906e-001 -9.2983649502e-001
0 0 0
2 0 129 -89.1400 -115.1100 1 129 -59.0000 -126.4800
-9.5383734226e-002 -1.4093318440e-001 -9.3389263002e-001
0 0 0
2 0 130 -78.0000 -116.0700 1 130 -52.2500 -123.8000
-8.1244690897e-002 -1.4392853325e-001 -9.4173254575e-001
0 0 0
2 0 131 -65.7100 -117.7100 1 131 -41.9200 -121.1500
-7.4923169289e-002 -1.4525395913e-001 -9.4412467703e-001
0 0 0
2 0 132 -60.3200 -118.3600 1 132 -38.0000 -120.4100
-6.8076062932e-002 -1.4444417126e-001 -9.4413093157e-001
0 0 0
2 0 133 -54.7000 -117.5500 1 133 -36.2200 -118.5000
-6.4322394661e-002 -1.4396215505e-001 -9.4376828404e-001
0 0 0
2 0 134 -51.7500 -117.6200 1 134 -35.5800 -117.0000
-5.6805083267e-002 -1.4497192013e-001 -9.4357595996e-001
0 0 0
2 0 135 -45.6000 -118.4000 1 135 -33.1700 -116.2800
-2.7958060437e-002 -1.5120796331e-001 -9.3632981585e-001
0 0 0
2 0 136 -22.2200 -124.3100 1 136 -27.6500 -116.7700
-2.3535154749e-002 -1.5086639686e-001 -9.3299354759e-001
0 0 0
2 0 137 -18.7300 -124.6900 1 137 -28.8700 -116.1300
-1.9935831868e-002 -1.4909494970e-001 -9.2876960851e-001
0 0 0
2 0 138 -15.8600 -123.6800 1 138 -31.4400 -115.0500
-1.5078902448e-002 -1.4573763591e-001 -9.2240420428e-001
0 0 0
2 0 139 -12.0000 -121.7500 1 139 -35.7900 -112.7900
-9.2846393488e-003 -1.4113156290e-001 -9.1627156086e-001
0 0 0
2 0 140 -7.3100 -118.8000 1 140 -40.1500 -109.1000
-3.0561042864e-004 -1.3433498171e-001 -9.0828834643e-001
0 0 0
2 0 141 0.2500 -113.6200 1 141 -45.6600 -103.7600
1.1596545875e-002 -1.2589169856e-001 -8.9985992004e-001
0 0 0
2 0 142 10.3600 -107.4400 1 142 -51.3600 -95.8200
2.0007360997e-002 -1.1756732394e-001 -8.9105470093e-001
0 0 0
2 0 143 17.6400 -101.2700 1 143 -58.5600 -88.7900
2.5312622335e-002 -1.0449197164e-001 -8.7496405452e-001
0 0 0
2 0 144 22.4600 -91.3900 1 144 -74.3800 -80.3800
2.7013940503e-002 -8.9466355505e-002 -8.5312129888e-001
0 0 0
2 0 145 24.0000 -81.0000 1 145 -97.2500 -71.5000
2.4337923399e-002 -7.0895111062e-002 -8.3264303684e-001
0 0 0
2 0 146 22.0600 -64.6100 1 146 -121.2600 -62.3300
-2.0973322320e-002 1.6385309124e-002 -7.0788597321e-001
0 0 0
2 0 147 -26.2400 19.2200 1 147 -267.9700 -30.4400
-3.1716459252e-002 2.9288491530e-002 -6.7866135303e-001
0 0 0
2 0 148 -40.4100 34.2200 1 148 -300.3600 -28.8500
1.3959048391e-001 -3.6517593446e-002 -6.3731658578e-001
0 0 0
2 0 149 164.7400 -43.1100 1 149 -319.0000 -38.0000
1.4563959217e-001 -3.7636776632e-002 -6.4614552461e-001
0 0 0
2 0 150 169.8400 -43.9800 1 150 -307.1400 -33.9200
1.4887208189e-001 -4.2298512803e-002 -6.6095502054e-001
0 0 0
2 0 151 170.1600 -48.2800 1 151 -286.6600 -33.6000
1.4957810522e-001 -4.8116967063e-002 -6.7206789780e-001
0 0 0
2 0 152 168.1100 -54.9600 1 152 -271.0000 -35.7900
1.4966884866e-001 -5.5658603891e-002 -6.8515405106e-001
0 0 0
2 0 153 165.4500 -61.8400 1 153 -252.2600 -40.8800
1.4782618503e-001 -6.2863108062e-002 -6.9848527638e-001
0 0 0
2 0 154 160.3400 -69.1700 1 154 -234.1300 -45.1800
1.4478806418e-001 -6.7774452075e-002 -7.1158171728e-001
0 0 0
2 0 155 154.4800 -72.8000 1 155 -217.4400 -48.3800
1.3807547632e-001 -7.3668355713e-002 -7.2295889058e-001
0 0 0
2 0 156 145.1000 -77.9400 1 156 -203.5300 -54.1000
1.2787924745e-001 -7.7578658359e-002 -7.3164911679e-001
0 0 0
2 0 157 132.3700 -82.5300 1 157 -194.6800 -58.3300
1.1671152435e-001 -8.4232980500e-002 -7.4358963772e-001
0 0 0
2 0 158 119.1900 -86.9600 1 158 -181.4000 -67.0300
1.0394469362e-001 -9.0883215552e-002 -7.5469006164e-001
0 0 0
2 0 159 104.3100 -93.3500 1 159 -170.2500 -74.2700
9.2177174948e-002 -1.0043854000e-001 -7.6659950437e-001
0 0 0
2 0 160 91.2100 -100.7900 1 160 -157.2200 -85.0300
7.9466626247e-002 -1.1005996495e-001 -7.8187097823e-001
0 0 0
2 0 161 77.1100 -108.2600 1 161 -141.7000 -94.1200
6.9924515255e-002 -1.1104227430e-001 -7.9778063041e-001
0 0 0
2 0 162 66.6100 -106.9000 1 162 -128.3800 -93.5300
6.2360205296e-002 -1.0378200784e-001 -8.1585021030e-001
0 0 0
2 0 163 58.3400 -97.2900 1 163 -115.8600 -84.3200
4.9871904861e-002 -8.7405389112e-002 -8.3649929433e-001
0 0 0
2 0 164 45.7000 -79.5800 1 164 -106.0000 -68.0000
3.5991857423e-002 -6.7908828273e-002 -8.5145766300e-001
0 0 0
2 0 165 32.2100 -61.4000 1 165 -103.2000 -50.7000
1.7269789152e-002 -4.9204686775e-002 -8.6297883055e-001
0 0 0
2 0 166 15.2600 -43.2600 1 166 -104.1400 -38.7900
-9.3576125029e-002 -4.6958017846e-002 -8.5102302679e-001
0 0 0
2 0 167 -85.7800 -43.0800 1 167 -139.4200 -70.1600
-9.6954311469e-002 -6.0385557686e-002 -8.4273513464e-001
0 0 0
2 0 168 -89.5600 -54.9500 1 168 -142.6400 -84.0000
-9.1360585884e-002 -7.2467046939e-002 -8.3780594921e-001
0 0 0
2 0 169 -85.0000 -66.4600 1 169 -142.0800 -93.0000
-8.0810324652e-002 -7.6863570917e-002 -8.3459067420e-001
0 0 0
2 0 170 -75.6800 -70.9900 1 170 -141.3300 -94.4100
-7.1281692138e-002 -7.2045590484e-002 -8.3246275651e-001
0 0 0
2 0 171 -67.1400 -66.8600 1 171 -142.4900 -88.5900
-1.9431582303e-001 -1.6600594145e-002 -8.0585470271e-001
0 0 0
2 0 172 -186.7700 -16.3200 1 172 -197.5300 -81.8800
-1.9770039019e-001 -3.5225248103e-002 -8.0351746954e-001
0 0 0
2 0 173 -190.1700 -33.0700 1 173 -195.0300 -97.7000
-1.9166761049e-001 -5.1338668523e-002 -8.0254260295e-001
0 0 0
2 0 174 -184.9300 -49.5600 1 174 -191.2800 -106.8600
-1.0712348219e-001 -8.9813687935e-002 -8.3175249701e-001
0 0 0
2 0 175 -100.1800 -82.8700 1 175 -145.0900 -111.6600
-8.7224972941e-002 -8.8401460677e-002 -8.3967457463e-001
0 0 0
2 0 176 -80.9700 -81.1000 1 176 -135.3900 -103.8600
-6.7151292315e-002 -8.0626655168e-002 -8.4194024013e-001
0 0 0
2 0 177 -62.1500 -72.8900 1 177 -131.4500 -93.3500
-5.1358501295e-002 -6.5965541180e-002 -8.4170846633e-001
0 0 0
2 0 178 -48.0500 -60.7100 1 178 -132.7100 -76.3200
-3.6667828503e-002 -4.8132051310e-002 -8.3777574328e-001
0 0 0
2 0 179 -34.4200 -43.0800 1 179 -137.6300 -60.4100
-2.8337230816e-002 -3.0647272502e-002 -8.3118861039e-001
0 0 0
2 0 180 -27.1000 -27.2500 1 180 -146.3800 -45.2000
-2.6016804223e-002 -1.2120014147e-002 -8.2311654057e-001
0 0 0
2 0 181 -25.6500 -11.0600 1 181 -158.1600 -30.2300
-3.1083962146e-002 -2.4525748681e-003 -8.2045547986e-001
0 0 0
2 0 182 -30.4800 -1.6700 1 182 -164.0000 -25.0000
-3.8283516768e-002 9.2730949834e-004 -8.1978425294e-001
0 0 0
2 0 183 -37.4500 1.1100 1 183 -166.9200 -24.3200
-5.1629025762e-002 -4.0393103022e-003 -8.2127134772e-001
0 0 0
2 0 184 -50.0800 -4.1200 1 184 -166.8500 -31.5200
-6.0470388127e-002 -1.9930193194e-002 -8.2869313863e-001
0 0 0
2 0 185 -57.4100 -17.9400 1 185 -157.8200 -46.1800
-6.4118919752e-002 -3.7513315145e-002 -8.3298504404e-001
0 0 0
2 0 186 -60.7900 -35.5700 1 186 -150.5000 -58.5000
-5.9741411157e-002 -4.9264778507e-002 -8.3568388875e-001
0 0 0
2 0 187 -56.2300 -45.4800 1 187 -144.0000 -66.8900
-5.0844979659e-002 -4.9923312844e-002 -8.3303742843e-001
0 0 0
2 0 188 -48.0800 -45.8100 1 188 -144.0700 -66.0200
-4.4951199927e-002 -3.9271388452e-002 -8.2611873238e-001
0 0 0
2 0 189 -43.0000 -35.8600 1 189 -151.4900 -57.7700
-4.2395003140e-002 -2.4557372541e-002 -8.1976501010e-001
0 0 0
2 0 190 -41.0000 -22.0700 1 190 -160.3500 -46.8300
-7.8626377651e-002 2.9290704051e-002 -7.9814136799e-001
0 0 0
2 0 191 -77.7700 28.9700 1 191 -198.7600 -19.7900
-9.6906753796e-002 3.7554323806e-002 -7.9960281202e-001
0 0 0
2 0 192 -95.2000 36.8700 1 192 -202.2600 -19.0000
-1.1816266266e-001 -2.6262503423e-002 -7.7681867612e-001
0 0 0
2 0 193 -119.2700 -25.5300 1 193 -207.3100 -77.9100
-1.0441688308e-001 -4.8410575855e-002 -7.8203181553e-001
0 0 0
2 0 194 -105.0800 -48.1200 1 194 -195.5800 -89.4200
-8.9022201728e-002 -6.8010743429e-002 -7.9863233198e-001
0 0 0
2 0 195 -87.5300 -65.2700 1 195 -174.1400 -98.2400
-7.1835329945e-002 -8.3729378805e-002 -8.1979141820e-001
0 0 0
2 0 196 -68.7700 -78.5400 1 196 -149.4400 -101.4400
-5.3298366349e-002 -9.3591669070e-002 -8.5173722817e-001
0 0 0
2 0 197 -48.9300 -84.7600 1 197 -117.0400 -96.9400
-4.4705077382e-002 -8.8813965505e-002 -9.8475797831e-001
0 0 0
2 0 199 -33.9500 -70.0700 1 199 -17.5400 -60.8900
-6.8194134668e-002 -9.8192242075e-002 -1.0024417429e+000
0 0 0
2 0 200 -51.0200 -75.3700 1 200 -9.7900 -70.7900
-9.6681279851e-002 -1.0284536087e-001 -1.0116221082e+000
0 0 0
2 0 201 -72.2900 -78.8400 1 201 -11.0300 -78.4400
-1.5554693984e-001 -1.5411286388e-001 -9.8419652583e-001
0 0 0
2 0 202 -120.2000 -120.4000 1 202 -31.0000 -133.1100
-1.5446692962e-001 -1.5593236371e-001 -9.8144690638e-001
0 0 0
2 0 203 -119.7000 -122.0600 1 203 -31.9700 -134.9200
-1.5072644934e-001 -1.5549922592e-001 -9.8006701900e-001
0 0 0
2 0 204 -116.9300 -121.7000 1 204 -31.9400 -134.4700
-1.4895871584e-001 -1.5289765579e-001 -9.7939139791e-001
0 0 0
2 0 205 -115.6900 -119.9400 1 205 -32.6400 -132.2700
-1.4847416841e-001 -1.4683970985e-001 -9.8021368684e-001
0 0 0
2 0 206 -115.1800 -114.8400 1 206 -33.6000 -128.0000
-1.4793162419e-001 -1.3929667940e-001 -9.8157240024e-001
0 0 0
2 0 207 -114.6200 -108.8100 1 207 -34.6400 -122.2700
-1.4605405826e-001 -1.3043829953e-001 -9.8287328599e-001
0 0 0
2 0 208 -113.1400 -102.2600 1 208 -35.7900 -114.8800
-1.4716391690e-001 -1.2520868923e-001 -9.8007060934e-001
0 0 0
2 0 209 -114.3200 -98.1400 1 209 -39.2800 -112.3800
-1.4496491288e-001 -1.1987269374e-001 -9.7603262473e-001
0 0 0
2 0 210 -113.1400 -94.3400 1 210 -42.7800 -109.0900
-1.4705686505e-001 -1.1561266814e-001 -9.6982287729e-001
0 0 0
2 0 211 -115.6800 -91.8600 1 211 -48.5900 -107.5500
-1.4995133889e-001 -1.0242554414e-001 -9.5655414221e-001
0 0 0
2 0 213 -119.6900 -81.9400 1 213 -61.5200 -102.3800
-1.5366955537e-001 -9.9470377226e-002 -9.4527537948e-001
0 0 0
2 0 214 -124.3800 -80.9100 1 214 -70.7900 -103.0400
-1.5677903787e-001 -9.5639824946e-002 -9.3847534157e-001
0 0 0
2 0 215 -127.8400 -78.0200 1 215 -77.0400 -102.8100
-1.5734682310e-001 -9.1763538734e-002 -9.3462759791e-001
0 0 0
2 0 216 -128.9200 -75.2500 1 216 -80.8000 -100.9200
-1.5982350102e-001 -8.8504468244e-002 -9.3357970171e-001
0 0 0
2 0 217 -131.1600 -72.8200 1 217 -82.9600 -99.1900
-1.6484089699e-001 -8.6888334057e-002 -9.3479050957e-001
0 0 0
2 0 218 -135.0700 -71.3500 1 218 -83.7000 -98.9100
-1.6984589987e-001 -8.6444966016e-002 -9.3320158132e-001
0 0 0
2 0 219 -139.4100 -71.0800 1 219 -86.0000 -100.0000
-1.7379599674e-001 -8.5629903577e-002 -9.2962163828e-001
0 0 0
2 0 220 -143.3000 -70.9400 1 220 -89.5300 -100.7000
