# Bundle file v0.3
4 218
7.6800000000e+002 0.0000000000e+000 0.0000000000e+000
1.0000000000e+000 0.0000000000e+000 0.0000000000e+000
0.0000000000e+000 1.0000000000e+000 0.0000000000e+000
0.0000000000e+000 0.0000000000e+000 1.0000000000e+000
-0.0000000000e+000 -0.0000000000e+000 -0.0000000000e+000
7.6800000000e+002 0.0000000000e+000 0.0000000000e+000
3.7965470887e-001 -3.7129962372e-001 -8.4734815244e-001
3.9109932816e-001 8.9446950844e-001 -2.1671551394e-001
8.3839347418e-001 -2.4912022778e-001 4.8480459421e-001
-8.7148973455e-001 -1.9182380650e-001 -4.5134163317e-001
0 0 0
0 0 0
0 0 0
0 0 0
0 0 0
0 0 0
0 0 0
0 0 0
0 0 0
0 0 0
-2.1637254422e-001 -7.8972024410e-002 -9.5686712961e-001
0 0 0
2 0 0 -173.8600 -64.2000 1 0 -81.1000 -98.7000
-2.0907134197e-001 -8.2092787881e-002 -9.5735807096e-001
0 0 0
2 0 2 -167.8700 -66.4900 1 2 -78.4500 -99.4100
-2.0607415431e-001 -8.4723014387e-002 -9.5677805911e-001
0 0 0
2 0 3 -165.5600 -68.6200 1 3 -77.5300 -100.7000
-2.0082307458e-001 -8.7180907101e-002 -9.5568813375e-001
0 0 0
2 0 4 -161.5300 -70.6800 1 4 -76.5000 -101.5000
-1.9554183447e-001 -8.8992530653e-002 -9.5452623871e-001
0 0 0
2 0 5 -157.3300 -71.6000 1 5 -75.5500 -102.5900
-1.9021312572e-001 -9.2994915388e-002 -9.5375797902e-001
0 0 0
2 0 6 -153.1400 -74.7700 1 6 -73.8600 -104.5000
-1.8490940083e-001 -9.8858765369e-002 -9.5088831410e-001
0 0 0
2 0 7 -149.4500 -80.3000 1 7 -73.1800 -107.3900
-1.8059858224e-001 -1.0427310247e-001 -9.4829402778e-001
0 0 0
2 0 8 -146.2400 -84.3500 1 8 -72.4500 -111.4100
-1.7509363753e-001 -1.1220942565e-001 -9.4325724703e-001
0 0 0
2 0 9 -142.6300 -91.6700 1 9 -72.5800 -116.4500
-1.7152490365e-001 -1.1911949964e-001 -9.3828322094e-001
0 0 0
2 0 10 -140.4000 -97.5200 1 10 -73.2600 -122.0000
-1.6812061939e-001 -1.2618422294e-001 -9.3256884656e-001
0 0 0
2 0 11 -138.5300 -104.2800 1 11 -74.5500 -127.2300
-1.6542533935e-001 -1.3198727020e-001 -9.2585920151e-001
0 0 0
2 0 12 -137.2300 -109.5300 1 12 -76.9300 -132.7300
-1.6246045350e-001 -1.3771639985e-001 -9.1999984111e-001
0 0 0
2 0 13 -135.6900 -115.3100 1 13 -78.8100 -137.3200
-1.6065927859e-001 -1.4235852474e-001 -9.1240830321e-001
0 0 0
2 0 14 -135.2100 -119.7200 1 14 -82.3600 -142.6400
-1.5681035168e-001 -1.4816038922e-001 -9.0436680539e-001
0 0 0
2 0 15 -133.1400 -125.6900 1 15 -85.5700 -148.1400
-1.5059719539e-001 -1.5211298314e-001 -8.9715256484e-001
0 0 0
2 0 16 -128.9300 -130.2800 1 16 -88.2500 -151.5000
-1.4191338049e-001 -1.5373244454e-001 -8.9078740598e-001
0 0 0
2 0 17 -122.3400 -132.4800 1 17 -90.4100 -152.8800
-1.3182457768e-001 -1.5179570023e-001 -8.8669419283e-001
0 0 0
2 0 18 -114.1500 -131.3300 1 18 -91.6300 -150.7100
-1.2211126273e-001 -1.4681261918e-001 -8.8483141808e-001
0 0 0
2 0 19 -106.0500 -127.7400 1 19 -92.2400 -145.0800
-1.1133994206e-001 -1.4129887041e-001 -8.8426158809e-001
0 0 0
2 0 20 -96.6600 -122.5200 1 20 -91.6700 -139.4800
-1.0185277186e-001 -1.3640123483e-001 -8.8788329862e-001
0 0 0
2 0 21 -88.1500 -118.2200 1 21 -88.2300 -132.4500
-9.0359007178e-002 -1.3237711943e-001 -8.9144479016e-001
0 0 0
2 0 22 -77.8300 -113.9700 1 22 -83.9600 -126.4200
-8.0678759634e-002 -1.3041370083e-001 -8.9723692360e-001
0 0 0
2 0 23 -69.0800 -111.7300 1 23 -77.8800 -121.2300
-7.0333947910e-002 -1.3041301394e-001 -9.0344847101e-001
0 0 0
2 0 24 -59.8200 -111.0000 1 24 -70.6600 -117.4200
-6.1998885112e-002 -1.3064035983e-001 -9.0695484218e-001
0 0 0
2 0 25 -52.4900 -110.5800 1 25 -65.8000 -115.0800
-5.4044903459e-002 -1.3172796505e-001 -9.0884309408e-001
0 0 0
2 0 26 -45.7000 -111.4500 1 26 -62.0000 -113.5000
-4.3459532307e-002 -1.3707279784e-001 -9.0883119503e-001
0 0 0
2 0 27 -36.8000 -116.1700 1 27 -57.5900 -115.1500
-3.7943704676e-002 -1.4560014363e-001 -9.0092893078e-001
0 0 0
2 0 28 -32.3200 -124.0000 1 28 -59.4600 -123.2300
-3.4285194641e-002 -1.5450108995e-001 -8.8702111983e-001
0 0 0
2 0 29 -29.5400 -133.0700 1 29 -66.4500 -133.9200
-3.0457527898e-002 -1.6039802633e-001 -8.7563460681e-001
0 0 0
2 0 30 -26.8400 -141.3100 1 30 -72.7700 -139.7400
-3.1506109344e-002 -1.6186685589e-001 -8.5895269890e-001
0 0 0
2 0 31 -28.2100 -144.9300 1 31 -85.9400 -146.2100
-3.6486843372e-002 -1.6116580678e-001 -8.4206380947e-001
0 0 0
2 0 32 -33.3300 -147.2600 1 32 -101.2100 -151.3000
-4.2726486496e-002 -1.5766927187e-001 -8.2514617343e-001
0 0 0
2 0 33 -39.8100 -146.9700 1 33 -117.7600 -154.4200
-5.2156885974e-002 -1.5239172483e-001 -8.1365995305e-001
0 0 0
2 0 34 -49.2300 -143.8400 1 34 -131.0000 -155.3000
-6.1397036869e-002 -1.4794765538e-001 -8.0306556395e-001
0 0 0
2 0 35 -58.7400 -141.6100 1 35 -143.1400 -156.2300
-7.1853258782e-002 -1.4528154108e-001 -7.9683035216e-001
0 0 0
2 0 36 -69.2700 -140.1100 1 36 -151.2000 -157.8300
-8.6711879403e-002 -1.4322081679e-001 -7.9248794410e-001
0 0 0
2 0 37 -84.0700 -138.9900 1 37 -158.2100 -160.0600
-9.9694447455e-002 -1.4014017877e-001 -7.9068757983e-001
0 0 0
2 0 38 -96.8900 -136.4100 1 38 -162.9000 -160.3500
-1.0975324316e-001 -1.3701183659e-001 -7.8924643669e-001
0 0 0
2 0 39 -106.8600 -133.6400 1 39 -166.6900 -160.0300
-1.2168864502e-001 -1.3410497703e-001 -7.8980427644e-001
0 0 0
2 0 40 -118.3500 -130.5100 1 40 -169.0000 -159.9700
-1.3102321908e-001 -1.3225919295e-001 -7.9004667537e-001
0 0 0
2 0 41 -127.4100 -128.7900 1 41 -170.8500 -160.0000
-1.3708010578e-001 -1.2999203727e-001 -7.9124306336e-001
0 0 0
2 0 42 -133.0800 -126.3100 1 42 -171.4600 -159.0800
-1.4172550805e-001 -1.2604258037e-001 -7.9313473942e-001
0 0 0
2 0 43 -137.2900 -122.3300 1 43 -171.7600 -156.1400
-1.4435896833e-001 -1.2308839460e-001 -7.9482564588e-001
0 0 0
2 0 44 -139.5000 -119.0000 1 44 -171.5800 -154.1200
-1.4453531435e-001 -1.2368142876e-001 -7.9555236098e-001
0 0 0
2 0 45 -139.6100 -119.8000 1 45 -170.9300 -154.0300
-1.4157800266e-001 -1.2494964129e-001 -7.9745243169e-001
0 0 0
2 0 46 -136.4200 -120.6900 1 46 -168.6100 -154.0400
-1.3680649187e-001 -1.2612225570e-001 -7.9939329913e-001
0 0 0
2 0 47 -131.4900 -121.4500 1 47 -165.9700 -153.6600
-1.3209093978e-001 -1.2789989473e-001 -8.0153956353e-001
0 0 0
2 0 48 -126.6100 -122.7800 1 48 -163.0000 -153.6800
-1.2299736877e-001 -1.3219679623e-001 -8.0646405022e-001
0 0 0
2 0 49 -117.2100 -126.2900 1 49 -156.3900 -153.9000
-1.1286724289e-001 -1.3810297579e-001 -8.1629962084e-001
0 0 0
2 0 50 -106.2300 -130.1400 1 50 -145.0900 -154.3200
-9.9303129599e-002 -1.4604594021e-001 -8.2676263076e-001
0 0 0
2 0 51 -92.3100 -136.0000 1 51 -131.9500 -155.2100
-8.6874812907e-002 -1.5605530577e-001 -8.3986600650e-001
0 0 0
2 0 52 -79.5700 -143.3800 1 52 -116.1500 -157.0700
-7.5626525323e-002 -1.6769358802e-001 -8.6346936105e-001
0 0 0
2 0 53 -67.2700 -149.1800 1 53 -91.5500 -158.7000
-6.0739587888e-002 -1.7556961797e-001 -8.7933031824e-001
0 0 0
2 0 54 -53.0400 -153.2900 1 54 -73.1300 -158.0700
-1.9630225199e-002 -1.9553336737e-001 -9.2512305525e-001
0 0 0
2 0 55 -16.2900 -162.2900 1 55 -19.8600 -153.9800
-6.4038581970e-003 -1.9862040117e-001 -9.3542957791e-001
0 0 0
2 0 56 -5.2300 -162.9200 1 56 -6.7100 -151.1700
1.8177926413e-003 -1.9619586883e-001 -9.3505485940e-001
0 0 0
2 0 57 1.5200 -161.0000 1 57 -5.0500 -147.5400
4.7200167042e-003 -1.8988416033e-001 -9.3013017203e-001
0 0 0
2 0 58 4.0000 -156.2500 1 58 -9.9100 -143.3100
-9.8233155191e-003 -1.4601909058e-001 -8.7181791011e-001
0 0 0
2 0 59 -8.6900 -128.8000 1 59 -74.7200 -124.5300
-7.0759781428e-003 -1.2662154483e-001 -8.5373534844e-001
0 0 0
2 0 60 -6.4100 -114.1000 1 60 -94.9300 -112.1600
-6.6531717055e-004 -1.1254446502e-001 -8.4095058127e-001
0 0 0
2 0 61 -0.6000 -102.7500 1 61 -108.4000 -102.0900
8.8046243813e-003 -1.0140053747e-001 -8.3057133921e-001
0 0 0
2 0 62 8.2600 -93.2900 1 62 -118.4000 -93.1200
1.7316530131e-002 -9.5342935441e-002 -8.2345350327e-001
0 0 0
2 0 63 16.1200 -89.0400 1 63 -124.6000 -86.7500
2.6845695578e-002 -9.0070095827e-002 -8.1857306959e-001
0 0 0
2 0 64 25.1700 -84.5700 1 64 -128.3600 -80.7200
3.6513517197e-002 -8.4227918747e-002 -8.1639633442e-001
0 0 0
2 0 65 34.4700 -78.7900 1 65 -129.8400 -73.7700
4.5379404800e-002 -7.8124811608e-002 -8.1810202080e-001
0 0 0
2 0 66 42.5500 -73.5200 1 66 -128.3200 -64.5900
5.1188488185e-002 -6.9670513769e-002 -8.1859148052e-001
0 0 0
2 0 67 48.2200 -64.6900 1 67 -129.0700 -55.9500
5.8432895158e-002 -5.7274629882e-002 -8.1587237767e-001
0 0 0
2 0 68 55.3200 -52.8700 1 68 -133.7700 -43.5500
7.1369029606e-002 -4.7043987200e-002 -8.1034620907e-001
0 0 0
2 0 69 67.9000 -43.7600 1 69 -139.2600 -31.0000
8.7213331597e-002 -4.0939036742e-002 -8.0477940053e-001
0 0 0
2 0 70 83.2400 -39.0300 1 70 -143.0700 -20.2200
1.0561485888e-001 -3.8879650251e-002 -7.9770018278e-001
0 0 0
2 0 71 101.7200 -37.3200 1 71 -146.3700 -13.0000
1.4213534515e-001 -4.3924974872e-002 -7.7779692641e-001
0 0 0
2 0 72 140.3900 -43.2400 1 72 -156.3100 -7.7800
1.4867163970e-001 -5.1424140111e-002 -7.7070926511e-001
0 0 0
2 0 73 148.1300 -51.3000 1 73 -159.6300 -14.0800
1.5468537559e-001 -5.5967649451e-002 -7.6560639507e-001
0 0 0
2 0 74 155.0300 -56.5600 1 74 -162.1400 -17.1200
1.5767142462e-001 -5.9865251088e-002 -7.5743827989e-001
0 0 0
2 0 75 159.8700 -60.7000 1 75 -168.8100 -22.3700
1.6267156403e-001 -6.1992704106e-002 -7.4716087795e-001
0 0 0
2 0 76 167.1500 -63.9000 1 76 -178.3100 -25.0600
1.6365366091e-001 -6.4044433542e-002 -7.3244484867e-001
0 0 0
2 0 77 171.5500 -67.3000 1 77 -193.9400 -30.8700
1.6490544674e-001 -6.2660189139e-002 -7.1465508316e-001
0 0 0
2 0 78 177.2500 -67.2300 1 78 -214.7200 -34.0900
1.6058702152e-001 -5.6426267382e-002 -6.9238961611e-001
0 0 0
2 0 79 178.2900 -62.0900 1 79 -243.9800 -35.8900
1.5493963638e-001 -4.3149043553e-002 -6.5609611411e-001
0 0 0
2 0 80 181.2400 -50.8700 1 80 -294.0900 -33.4000
-1.6364063392e-001 -1.1449127159e-001 -6.4743824427e-001
0 0 0
2 0 81 -194.1500 -136.0200 1 81 -301.0300 -191.2300
-1.5681741718e-001 -1.2205142289e-001 -6.6625731847e-001
0 0 0
2 0 82 -180.8000 -140.8900 1 82 -281.7800 -190.9300
-1.4198896331e-001 -1.3111283660e-001 -6.9647458204e-001
0 0 0
2 0 83 -156.6100 -144.8000 1 83 -251.4400 -187.2000
-1.2154054935e-001 -1.3858066332e-001 -7.1752562959e-001
0 0 0
2 0 84 -130.1100 -148.4400 1 84 -228.8300 -184.0400
-1.0407310739e-001 -1.4379679851e-001 -7.3715760688e-001
0 0 0
2 0 85 -108.4000 -149.6600 1 85 -208.0000 -180.0000
-8.9451635051e-002 -1.4751302012e-001 -7.5504807586e-001
0 0 0
2 0 86 -91.0000 -150.1200 1 86 -189.3000 -175.0500
-7.1217988463e-002 -1.5007506214e-001 -7.6559585031e-001
0 0 0
2 0 87 -71.4700 -150.7000 1 87 -176.4500 -170.7300
-6.0641052607e-002 -1.5139039035e-001 -7.7230405518e-001
0 0 0
2 0 88 -60.3000 -150.5300 1 88 -168.3500 -168.0900
-4.8088134731e-002 -1.5001699692e-001 -7.7950888739e-001
0 0 0
2 0 89 -47.3300 -147.5500 1 89 -160.1100 -162.5900
-3.2013036336e-002 -1.4187927987e-001 -7.9382350617e-001
0 0 0
2 0 90 -31.0400 -137.6000 1 90 -146.9500 -147.3800
-1.5322327299e-002 -1.3023116957e-001 -8.0528564496e-001
0 0 0
2 0 91 -14.4400 -123.4100 1 91 -136.8200 -131.4000
-4.3898720658e-003 -1.1981692411e-001 -8.2107931751e-001
0 0 0
2 0 92 -4.1800 -112.3900 1 92 -124.0600 -114.2100
4.0864514535e-003 -1.0944883670e-001 -8.2833770660e-001
0 0 0
2 0 93 3.7100 -101.8000 1 93 -119.0600 -101.1200
8.6440715221e-003 -9.9267686683e-002 -8.3425934942e-001
0 0 0
2 0 94 8.0600 -90.9800 1 94 -115.9400 -90.3100
5.8043686604e-003 -9.0557692279e-002 -8.3935230475e-001
0 0 0
2 0 95 5.3500 -82.7100 1 95 -115.0000 -82.1000
-2.1766876218e-003 -8.5317969069e-002 -8.4050618916e-001
0 0 0
2 0 96 -2.0000 -78.0000 1 96 -117.5200 -79.4100
-1.2765612516e-002 -8.3580612794e-002 -8.4365500767e-001
0 0 0
2 0 97 -11.6800 -76.3100 1 97 -117.8600 -79.9300
-2.3216367650e-002 -8.2914094688e-002 -8.4750432036e-001
0 0 0
2 0 98 -21.0500 -75.1800 1 98 -117.2000 -81.4800
-2.7922372948e-002 -8.2551660227e-002 -8.5349051912e-001
0 0 0
2 0 99 -25.1300 -74.3000 1 99 -113.4700 -81.0500
-2.6912564843e-002 -8.0698832416e-002 -8.6279042229e-001
0 0 0
2 0 100 -24.0000 -72.0000 1 100 -106.2900 -76.9300
-2.3231569526e-002 -7.8938546762e-002 -8.7254876432e-001
0 0 0
2 0 101 -20.4800 -69.6000 1 101 -98.1100 -72.2900
-1.5915310162e-002 -7.6890079691e-002 -8.8173764629e-001
0 0 0
2 0 102 -13.8700 -67.0000 1 102 -89.6000 -66.6000
-1.3126701402e-002 -8.5534586167e-002 -8.9469376273e-001
0 0 0
2 0 103 -11.2300 -73.2800 1 103 -76.0000 -70.0000
-1.3043847680e-002 -1.0233796912e-001 -9.0874239247e-001
0 0 0
2 0 104 -11.2400 -87.3400 1 104 -60.0400 -79.2800
-1.5484362615e-002 -1.2220049174e-001 -9.2774964664e-001
0 0 0
2 0 105 -12.7800 -101.0000 1 105 -39.8400 -92.3900
-1.6754171810e-002 -1.4080402083e-001 -9.4244206654e-001
0 0 0
2 0 106 -13.8300 -115.5200 1 106 -23.4800 -103.2000
-2.0622850768e-002 -1.5777941052e-001 -9.5895279643e-001
0 0 0
2 0 107 -16.6500 -126.9800 1 107 -7.1000 -113.8100
-2.4685050574e-002 -1.7043173137e-001 -9.7356189489e-001
0 0 0
2 0 108 -19.4800 -134.4800 1 108 6.2700 -121.7300
-3.0509075430e-002 -1.8115168547e-001 -9.8503503621e-001
0 0 0
2 0 109 -23.9100 -141.8500 1 109 15.8500 -128.0700
-3.6215740752e-002 -1.9080456251e-001 -9.9600373334e-001
0 0 0
2 0 110 -27.9300 -147.1500 1 110 24.7600 -134.6500
-4.2386375482e-002 -1.9916396593e-001 -1.0061252730e+000
0 0 0
2 0 111 -32.3400 -151.9500 1 111 32.3100 -139.9700
-5.1140963053e-002 -2.0891415217e-001 -1.0168928622e+000
0 0 0
2 0 112 -38.6200 -157.7600 1 112 39.6900 -146.4600
-5.9674584509e-002 -2.1838662121e-001 -1.0271305123e+000
0 0 0
2 0 113 -44.7100 -163.8000 1 113 46.5000 -152.2500
-6.7631806611e-002 -2.2765767310e-001 -1.0358722347e+000
0 0 0
2 0 114 -50.2600 -169.4700 1 114 52.3700 -158.3700
-7.8690458052e-002 -2.3719436389e-001 -1.0443187507e+000
0 0 0
2 0 115 -57.9500 -174.9200 1 115 56.9700 -165.5200
-8.8750538644e-002 -2.4418502225e-001 -1.0496107525e+000
0 0 0
2 0 116 -64.9500 -178.7400 1 116 59.0400 -171.4600
-9.8606396701e-002 -2.5134066052e-001 -1.0536102864e+000
0 0 0
2 0 117 -72.0000 -184.0000 1 117 60.2700 -176.6500
-1.0965895498e-001 -2.5846003787e-001 -1.0573824012e+000
0 0 0
2 0 118 -79.7300 -188.2700 1 118 61.0000 -182.8600
-1.2015287456e-001 -2.6505586734e-001 -1.0597927600e+000
0 0 0
2 0 119 -87.0700 -192.0700 1 119 60.9300 -189.1400
-2.7735003758e-001 -1.8362814706e-001 -9.2739985461e-001
0 0 0
2 0 120 -229.5900 -151.5100 1 120 -86.6200 -186.7500
-2.6738667532e-001 -1.7587946409e-001 -9.2482216999e-001
0 0 0
2 0 121 -221.9500 -145.4800 1 121 -88.1400 -180.7900
-2.5668119919e-001 -1.6979544326e-001 -9.2255319979e-001
0 0 0
2 0 122 -213.6800 -141.3500 1 122 -89.0000 -175.0000
-2.4398889324e-001 -1.6482859922e-001 -9.2095311908e-001
0 0 0
2 0 123 -203.4100 -137.1300 1 123 -88.6400 -170.5000
-2.3304613616e-001 -1.6035770604e-001 -9.2048054104e-001
0 0 0
2 0 124 -194.4100 -133.6200 1 124 -87.8300 -165.7000
-2.1926721047e-001 -1.5616846134e-001 -9.2187443329e-001
0 0 0
2 0 125 -182.6200 -129.8400 1 125 -85.0700 -160.4100
-2.0473826501e-001 -1.5278284897e-001 -9.2405289872e-001
0 0 0
2 0 126 -170.1300 -126.8100 1 126 -81.3900 -155.0700
-1.9174693896e-001 -1.4930913675e-001 -9.2460254414e-001
0 0 0
2 0 127 -159.2200 -123.7600 1 127 -79.0700 -150.4100
-1.2656494163e-001 -1.3983737977e-001 -9.2661347027e-001
0 0 0
2 0 128 -104.9000 -115.9000 1 128 -65.1600 -130.8600
-1.0785911839e-001 -1.3944070148e-001 -9.2887991594e-001
0 0 0
2 0 129 -89.1400 -115.1100 1 129 -59.0000 -126.4800
-9.4762443340e-002 -1.4101500351e-001 -9.3304193086e-001
0 0 0
2 0 130 -78.0000 -116.0700 1 130 -52.2500 -123.8000
-8.0479572791e-002 -1.4408971173e-001 -9.4093930489e-001
0 0 0
2 0 131 -65.7100 -117.7100 1 131 -41.9200 -121.1500
-7.4107946768e-002 -1.4545154115e-001 -9.4337519610e-001
0 0 0
2 0 132 -60.3200 -118.3600 1 132 -38.0000 -120.4100
-6.7257799710e-002 -1.4468544397e-001 -9.4346867373e-001
0 0 0
2 0 133 -54.7000 -117.5500 1 133 -36.2200 -118.5000
-6.3505116573e-002 -1.4422673667e-001 -9.4315911164e-001
0 0 0
2 0 134 -51.7500 -117.6200 1 134 -35.5800 -117.0000
-5.5971428116e-002 -1.4528282887e-001 -9.4306841206e-001
0 0 0
2 0 135 -45.6000 -118.4000 1 135 -33.1700 -116.2800
-2.7122778697e-002 -1.5170634314e-001 -9.3631901756e-001
0 0 0
2 0 136 -22.2200 -124.3100 1 136 -27.6500 -116.7700
-2.2734916841e-002 -1.5139531683e-001 -9.3308864254e-001
0 0 0
2 0 137 -18.7300 -124.6900 1 137 -28.8700 -116.1300
-1.9194149647e-002 -1.4964838338e-001 -9.2896887087e-001
0 0 0
2 0 138 -15.8600 -123.6800 1 138 -31.4400 -115.0500
-1.4426457692e-002 -1.4632036018e-001 -9.2274636766e-001
0 0 0
2 0 139 -12.0000 -121.7500 1 139 -35.7900 -112.7900
-8.7102077728e-003 -1.4174096349e-001 -9.1675585730e-001
0 0 0
2 0 140 -7.3100 -118.8000 1 140 -40.1500 -109.1000
1.8032342721e-004 -1.3497512717e-001 -9.0896503826e-001
0 0 0
2 0 141 0.2500 -113.6200 1 141 -45.6600 -103.7600
1.2020730002e-002 -1.2655604383e-001 -9.0075391495e-001
0 0 0
2 0 142 10.3600 -107.4400 1 142 -51.3600 -95.8200
2.0346042877e-002 -1.1822403298e-001 -8.9211719778e-001
0 0 0
2 0 143 17.6400 -101.2700 1 143 -58.5600 -88.7900
2.5415755804e-002 -1.0507691580e-001 -8.7619582533e-001
0 0 0
2 0 144 22.4600 -91.3900 1 144 -74.3800 -80.3800
2.6757708349e-002 -8.9916585590e-002 -8.5448784920e-001
0 0 0
2 0 145 24.0000 -81.0000 1 145 -97.2500 -71.5000
2.3683099092e-002 -7.1138183500e-002 -8.3404501906e-001
0 0 0
2 0 146 22.0600 -64.6100 1 146 -121.2600 -62.3300
-2.4346278401e-002 1.7423881202e-002 -7.0926769296e-001
0 0 0
2 0 147 -26.2400 19.2200 1 147 -267.9700 -30.4400
-3.5706854471e-002 3.0529349744e-002 -6.8013383993e-001
0 0 0
2 0 148 -40.4100 34.2200 1 148 -300.3600 -28.8500
1.3712467559e-001 -3.5736565825e-002 -6.3904019431e-001
0 0 0
2 0 149 164.7400 -43.1100 1 149 -319.0000 -38.0000
1.4337089373e-001 -3.6878706408e-002 -6.4794857060e-001
0 0 0
2 0 150 169.8400 -43.9800 1 150 -307.1400 -33.9200
1.4687475370e-001 -4.1652359193e-002 -6.6287463062e-001
0 0 0
2 0 151 170.1600 -48.2800 1 151 -286.6600 -33.6000
1.4776704841e-001 -4.7603332703e-002 -6.7407778017e-001
0 0 0
2 0 152 168.1100 -54.9600 1 152 -271.0000 -35.7900
1.4806782594e-001 -5.5309715041e-002 -6.8726831417e-001
0 0 0
2 0 153 165.4500 -61.8400 1 153 -252.2600 -40.8800
1.4642621140e-001 -6.2684236030e-002 -7.0070223847e-001
0 0 0
2 0 154 160.3400 -69.1700 1 154 -234.1300 -45.1800
1.4357703064e-001 -6.7725491957e-002 -7.1388230017e-001
0 0 0
2 0 155 154.4800 -72.8000 1 155 -217.4400 -48.3800
1.3698403948e-001 -7.3760559256e-002 -7.2529320271e-001
0 0 0
2 0 156 145.1000 -77.9400 1 156 -203.5300 -54.1000
1.2683042476e-001 -7.7773216537e-002 -7.3395882775e-001
0 0 0
2 0 157 132.3700 -82.5300 1 157 -194.6800 -58.3300
1.1572664709e-001 -8.4557672618e-002 -7.4587485323e-001
0 0 0
2 0 158 119.1900 -86.9600 1 158 -181.4000 -67.0300
1.0299455374e-001 -9.1324893947e-002 -7.5692551856e-001
0 0 0
2 0 159 104.3100 -93.3500 1 159 -170.2500 -74.2700
9.1272390299e-002 -1.0101256207e-001 -7.6879107320e-001
0 0 0
2 0 160 91.2100 -100.7900 1 160 -157.2200 -85.0300
7.8657032326e-002 -1.1075062357e-001 -7.8400301864e-001
0 0 0
2 0 161 77.1100 -108.2600 1 161 -141.7000 -94.1200
6.9265523463e-002 -1.1174516716e-001 -7.9982773679e-001
0 0 0
2 0 162 66.6100 -106.9000 1 162 -128.3800 -93.5300
6.1907584974e-002 -1.0441680542e-001 -8.1777454794e-001
0 0 0
2 0 163 58.3400 -97.2900 1 163 -115.8600 -84.3200
4.9595882453e-002 -8.7877450172e-002 -8.3818564590e-001
0 0 0
2 0 164 45.7000 -79.5800 1 164 -106.0000 -68.0000
3.5770208827e-002 -6.8186624847e-002 -8.5288816105e-001
0 0 0
2 0 165 32.2100 -61.4000 1 165 -103.2000 -50.7000
1.6982784520e-002 -4.9295377804e-002 -8.6410861673e-001
0 0 0
2 0 166 15.2600 -43.2600 1 166 -104.1400 -38.7900
-9.4797227443e-002 -4.6781806696e-002 -8.5110277526e-001
0 0 0
2 0 167 -85.7800 -43.0800 1 167 -139.4200 -70.1600
-9.8277125614e-002 -6.0254936788e-002 -8.4286916506e-001
0 0 0
2 0 168 -89.5600 -54.9500 1 168 -142.6400 -84.0000
-9.2723355369e-002 -7.2403026633e-002 -8.3805845069e-001
0 0 0
2 0 169 -85.0000 -66.4600 1 169 -142.0800 -93.0000
-8.2196924917e-002 -7.6851749530e-002 -8.3498178367e-001
0 0 0
2 0 170 -75.6800 -70.9900 1 170 -141.3300 -94.4100
-7.2694161884e-002 -7.2034964906e-002 -8.3295502692e-001
0 0 0
2 0 171 -67.1400 -66.8600 1 171 -142.4900 -88.5900
-1.9558673943e-001 -1.6181007737e-002 -8.0530818734e-001
0 0 0
2 0 172 -186.7700 -16.3200 1 172 -197.5300 -81.8800
-1.9888730482e-001 -3.4791185564e-002 -8.0297896940e-001
0 0 0
2 0 173 -190.1700 -33.0700 1 173 -195.0300 -97.7000
-1.9293046012e-001 -5.0902718592e-002 -8.0211292863e-001
0 0 0
2 0 174 -184.9300 -49.5600 1 174 -191.2800 -106.8600
-1.0851657427e-001 -8.9755075330e-002 -8.3193494751e-001
0 0 0
2 0 175 -100.1800 -82.8700 1 175 -145.0900 -111.6600
-8.8491986290e-002 -8.8426338922e-002 -8.3998047304e-001
0 0 0
2 0 176 -80.9700 -81.1000 1 176 -135.3900 -103.8600
-6.8358917269e-002 -8.0690501430e-002 -8.4240792635e-001
0 0 0
2 0 177 -62.1500 -72.8900 1 177 -131.4500 -93.3500
-5.2538754335e-002 -6.5987236840e-002 -8.4231457477e-001
0 0 0
2 0 178 -48.0500 -60.7100 1 178 -132.7100 -76.3200
-3.7872427585e-002 -4.8052662847e-002 -8.3852388538e-001
0 0 0
2 0 179 -34.4200 -43.0800 1 179 -137.6300 -60.4100
-2.9632877336e-002 -3.0422492744e-002 -8.3204409709e-001
0 0 0
2 0 180 -27.1000 -27.2500 1 180 -146.3800 -45.2000
-2.7471848996e-002 -1.1711121915e-002 -8.2404008157e-001
0 0 0
2 0 181 -25.6500 -11.0600 1 181 -158.1600 -30.2300
-3.2650441761e-002 -1.9493312579e-003 -8.2134553337e-001
0 0 0
2 0 182 -30.4800 -1.6700 1 182 -164.0000 -25.0000
-3.9925353616e-002 1.4623714053e-003 -8.2061601430e-001
0 0 0
2 0 183 -37.4500 1.1100 1 183 -166.9200 -24.3200
-5.3325013457e-002 -3.5494186430e-003 -8.2197524267e-001
0 0 0
2 0 184 -50.0800 -4.1200 1 184 -166.8500 -31.5200
-6.2053388289e-002 -1.9581519097e-002 -8.2926061550e-001
0 0 0
2 0 185 -57.4100 -17.9400 1 185 -157.8200 -46.1800
-6.5596958521e-002 -3.7295206488e-002 -8.3350572453e-001
0 0 0
2 0 186 -60.7900 -35.5700 1 186 -150.5000 -58.5000
-6.1119693978e-002 -4.9142586930e-002 -8.3623236095e-001
0 0 0
2 0 187 -56.2300 -45.4800 1 187 -144.0000 -66.8900
-5.2217976116e-002 -4.9819141968e-002 -8.3368838688e-001
0 0 0
2 0 188 -48.0800 -45.8100 1 188 -144.0700 -66.0200
-4.6433815676e-002 -3.9082602222e-002 -8.2685886703e-001
0 0 0
2 0 189 -43.0000 -35.8600 1 189 -151.4900 -57.7700
-4.4005737123e-002 -2.4237309368e-002 -8.2055712015e-001
0 0 0
2 0 190 -41.0000 -22.0700 1 190 -160.3500 -46.8300
-8.0906082408e-002 3.0068505510e-002 -7.9876214406e-001
0 0 0
2 0 191 -77.7700 28.9700 1 191 -198.7600 -19.7900
-9.9199713348e-002 3.8332433963e-002 -8.0005605437e-001
0 0 0
2 0 192 -95.2000 36.8700 1 192 -202.2600 -19.0000
-1.2069969306e-001 -2.5807974109e-002 -7.7726023708e-001
0 0 0
2 0 193 -119.2700 -25.5300 1 193 -207.3100 -77.9100
-1.0682490151e-001 -4.8102904525e-002 -7.8256824784e-001
0 0 0
2 0 194 -105.0800 -48.1200 1 194 -195.5800 -89.4200
-9.1074647205e-002 -6.7877141577e-002 -7.9920107850e-001
0 0 0
2 0 195 -87.5300 -65.2700 1 195 -174.1400 -98.2400
-7.3429166887e-002 -8.3768197065e-002 -8.2039129904e-001
0 0 0
2 0 196 -68.7700 -78.5400 1 196 -149.4400 -101.4400
-5.4232090263e-002 -9.3787048166e-002 -8.5229065285e-001
0 0 0
2 0 197 -48.9300 -84.7600 1 197 -117.0400 -96.9400
-4.3311932630e-002 -8.9102600083e-002 -9.8358211343e-001
0 0 0
2 0 199 -33.9500 -70.0700 1 199 -17.5400 -60.8900
-6.6521462025e-002 -9.8393100860e-002 -1.0005844099e+000
0 0 0
2 0 200 -51.0200 -75.3700 1 200 -9.7900 -70.7900
-9.4818903468e-002 -1.0290551083e-001 -1.0091626280e+000
0 0 0
2 0 201 -72.2900 -78.8400 1 201 -11.0300 -78.4400
-1.5357553984e-001 -1.5365888163e-001 -9.8152750345e-001
0 0 0
2 0 202 -120.2000 -120.4000 1 202 -31.0000 -133.1100
-1.5254568359e-001 -1.5548001856e-001 -9.7885813267e-001
0 0 0
2 0 203 -119.7000 -122.0600 1 203 -31.9700 -134.9200
-1.4887168166e-001 -1.5508081299e-001 -9.7756589465e-001
0 0 0
2 0 204 -116.9300 -121.7000 1 204 -31.9400 -134.4700
-1.4715037975e-001 -1.5250843429e-001 -9.7692916192e-001
0 0 0
2 0 205 -115.6900 -119.9400 1 205 -32.6400 -132.2700
-1.4669374885e-001 -1.4648588551e-001 -9.7773501145e-001
0 0 0
2 0 206 -115.1800 -114.8400 1 206 -33.6000 -128.0000
-1.4617754062e-001 -1.3898227973e-001 -9.7906507916e-001
0 0 0
2 0 207 -114.6200 -108.8100 1 207 -34.6400 -122.2700
-1.4434469644e-001 -1.3017312560e-001 -9.8035830116e-001
0 0 0
2 0 208 -113.1400 -102.2600 1 208 -35.7900 -114.8800
-1.4552735464e-001 -1.2496043563e-001 -9.7759530855e-001
0 0 0
2 0 209 -114.3200 -98.1400 1 209 -39.2800 -112.3800
-1.4345151273e-001 -1.1965951997e-001 -9.7367173355e-001
0 0 0
2 0 210 -113.1400 -94.3400 1 210 -42.7800 -109.0900
-1.4566422074e-001 -1.1540354322e-001 -9.6755631033e-001
0 0 0
2 0 211 -115.6800 -91.8600 1 211 -48.5900 -107.5500
-1.4884847334e-001 -1.0223898563e-001 -9.5449381196e-001
0 0 0
2 0 213 -119.6900 -81.9400 1 213 -61.5200 -102.3800
-1.5275454967e-001 -9.9269517046e-002 -9.4337032965e-001
0 0 0
2 0 214 -124.3800 -80.9100 1 214 -70.7900 -103.0400
-1.5597758541e-001 -9.5429912944e-002 -9.3664283764e-001
0 0 0
2 0 215 -127.8400 -78.0200 1 215 -77.0400 -102.8100
-1.5662915246e-001 -9.1555983737e-002 -9.3285036294e-001
0 0 0
2 0 216 -128.9200 -75.2500 1 216 -80.8000 -100.9200
-1.5911661803e-001 -8.8290122999e-002 -9.3178171596e-001
0 0 0
2 0 217 -131.1600 -72.8200 1 217 -82.9600 -99.1900
-1.6406735542e-001 -8.6655365304e-002 -9.3289650701e-001
0 0 0
2 0 218 -135.0700 -71.3500 1 218 -83.7000 -98.9100
-1.6904587607e-001 -8.6190217960e-002 -9.3126195693e-001
0 0 0
2 0 219 -139.4100 -71.0800 1 219 -86.0000 -100.0000
-1.7301608468e-001 -8.5357323143e-002 -9.2768709984e-001
0 0 0
2 0 220 -143.3000 -70.9400 1 220 -89.5300 -100.7000
