# Bundle file v0.3
4 105
7.4630627526e+002 -1.0422130151e-002 -5.6252063097e-004
9.9340047840e-001 9.6700543500e-003 -1.1428901765e-001
-1.1564096784e-002 9.9980637771e-001 -1.5921015886e-002
1.1411293166e-001 1.7137594059e-002 9.9331995938e-001
-9.4474328103e-002 -1.3690364421e-002 2.2638346310e-002
7.8584244932e+002 -5.2509173393e-003 -5.6096071973e-004
4.2517632394e-001 3.4364192402e-001 -8.3733823609e-001
-3.2124971611e-001 9.2218573871e-001 2.1534178236e-001
8.4618184420e-001 1.7743644322e-001 5.0248641291e-001
-7.6507055835e-001 2.0529151508e-001 -4.8368541730e-001
0 0 0
0 0 0
0 0 0
0 0 0
0 0 0
0 0 0
0 0 0
0 0 0
0 0 0
0 0 0
-2.0373925127e-002 1.1309828750e-001 -8.4596006026e-001
0 0 0
2 0 0 -15.4500 103.1700 1 0 -23.0000 116.1700
-2.2727681647e-002 1.1568307395e-001 -8.4735794531e-001
0 0 0
2 0 1 -17.3600 105.2100 1 1 -22.0000 118.5000
-2.3744643676e-002 1.1927769333e-001 -8.4800506531e-001
0 0 0
2 0 2 -18.2900 109.3900 1 2 -21.0000 120.4300
-2.3457852291e-002 1.2830410972e-001 -8.4765712280e-001
0 0 0
2 0 3 -17.9100 116.9700 1 3 -18.3800 128.6200
-2.2497265288e-002 1.3701753391e-001 -8.4448299573e-001
0 0 0
2 0 4 -17.5000 126.5000 1 4 -18.0000 135.3100
-1.9407345096e-002 1.4573635002e-001 -8.4108065948e-001
0 0 0
2 0 5 -14.8900 133.7100 1 5 -16.6200 144.3800
-7.1332082604e-003 1.5262467334e-001 -8.3774212385e-001
0 0 0
2 0 6 -4.0000 140.6200 1 6 -12.6000 149.4000
6.1081031612e-003 1.5364352042e-001 -8.3442909934e-001
0 0 0
2 0 7 7.8600 142.1800 1 7 -9.8900 149.3300
2.0172681581e-002 1.5139663103e-001 -8.2854669673e-001
0 0 0
2 0 8 20.3700 141.3000 1 8 -9.8200 146.8200
3.1113450064e-002 1.4737608311e-001 -8.2415614140e-001
0 0 0
2 0 9 30.3200 137.8400 1 9 -10.2500 143.3300
3.9020251759e-002 1.4203952861e-001 -8.1923293782e-001
0 0 0
2 0 10 37.3600 134.2100 1 10 -12.8800 138.1200
4.6792829669e-002 1.3363185117e-001 -8.1267170942e-001
0 0 0
2 0 11 44.3300 127.1700 1 11 -17.8200 131.1800
5.3630887283e-002 1.2368433410e-001 -8.0817450651e-001
0 0 0
2 0 12 50.6300 118.0000 1 12 -22.0000 122.5000
5.9660886862e-002 1.0960188009e-001 -8.0221236270e-001
0 0 0
2 0 13 56.2000 104.3300 1 13 -29.0000 111.0000
6.2468992693e-002 9.4516306140e-002 -7.9468401439e-001
0 0 0
2 0 14 58.4200 91.1100 1 14 -39.2000 98.0000
6.2910546872e-002 7.8320173667e-002 -7.8918339504e-001
0 0 0
2 0 15 58.4500 75.8500 1 15 -48.9100 84.3600
6.2474182912e-002 6.3805467182e-002 -7.8388752441e-001
0 0 0
2 0 16 57.5000 62.8100 1 16 -58.4000 71.6000
6.1169656472e-002 5.0525915497e-002 -7.8182567876e-001
0 0 0
2 0 17 56.1600 48.4800 1 17 -64.5600 61.6200
5.9621901701e-002 4.0222007844e-002 -7.7817340329e-001
0 0 0
2 0 18 54.3200 38.4500 1 18 -71.4700 53.4700
5.8923030954e-002 3.3545059649e-002 -7.7509364116e-001
0 0 0
2 0 19 53.4400 31.6600 1 19 -76.3800 48.5600
5.8321149560e-002 3.1815435902e-002 -7.7090869910e-001
0 0 0
2 0 20 52.6000 30.1700 1 20 -80.7300 48.0000
5.7751701856e-002 3.6592844362e-002 -7.6677185087e-001
0 0 0
2 0 21 51.8600 35.2900 1 21 -83.0000 53.2900
5.6380857723e-002 4.9723603078e-002 -7.6137241510e-001
0 0 0
2 0 22 50.5300 47.8700 1 22 -83.7100 68.0000
5.2722961528e-002 6.7503003299e-002 -7.6054542684e-001
0 0 0
2 0 23 46.7200 67.4400 1 23 -80.2900 84.0000
4.4069046333e-002 8.9522515282e-002 -7.6280162024e-001
0 0 0
2 0 24 38.2200 89.8300 1 24 -74.2500 105.3800
3.5131591940e-002 1.0543892122e-001 -7.6654535165e-001
0 0 0
2 0 25 29.7000 104.4500 1 25 -68.8200 121.8200
2.4680628567e-002 1.2035857047e-001 -7.7192392381e-001
0 0 0
2 0 26 19.5900 119.9200 1 26 -63.3700 134.4700
1.5359231010e-002 1.3321817076e-001 -7.7912415065e-001
0 0 0
2 0 27 11.0000 132.3900 1 27 -56.7100 144.7100
9.6247516547e-003 1.4381853626e-001 -7.8919738852e-001
0 0 0
2 0 28 6.6300 139.8300 1 28 -47.0000 153.5700
4.1412474478e-003 1.5261710567e-001 -8.0221560042e-001
0 0 0
2 0 29 2.6500 147.2400 1 29 -36.0000 157.2000
-1.4559919584e-003 1.5778148986e-001 -8.1858429201e-001
0 0 0
2 0 30 -0.8000 148.8000 1 30 -23.5700 158.2900
-7.2655233681e-003 1.6002001683e-001 -8.3034352168e-001
0 0 0
2 0 31 -4.8900 148.7900 1 31 -16.0000 157.7100
-1.3070299895e-002 1.6010391099e-001 -8.4084597486e-001
0 0 0
2 0 32 -9.0000 146.8500 1 32 -10.1700 155.8300
-1.9082539200e-002 1.5739169932e-001 -8.4855903358e-001
0 0 0
2 0 33 -13.5900 143.2900 1 33 -7.5000 152.0000
-2.2565493153e-002 1.5273733297e-001 -8.5759429987e-001
0 0 0
2 0 34 -15.7000 138.0000 1 34 -3.6000 145.8000
-2.5189701902e-002 1.4675220675e-001 -8.6594923153e-001
0 0 0
2 0 35 -17.0000 130.8500 1 35 -0.2000 139.6000
-2.8425634826e-002 1.3991033231e-001 -8.7354422417e-001
0 0 0
2 0 36 -19.0000 124.0000 1 36 2.0000 132.2500
-5.3877622727e-002 1.3499241535e-001 -8.7128131293e-001
0 0 0
2 0 37 -41.5000 119.5000 1 37 -10.0000 133.0000
-6.2636373388e-002 1.3606647652e-001 -8.5949874474e-001
0 0 0
2 0 38 -51.0000 122.0000 1 38 -21.0000 138.0000
-6.7243395451e-002 1.3663961508e-001 -8.5148308135e-001
0 0 0
2 0 39 -56.3600 123.2100 1 39 -28.0000 141.5000
-6.8278277031e-002 1.3780068414e-001 -8.4457138474e-001
0 0 0
2 0 40 -58.5000 125.5000 1 40 -33.0000 144.0000
-6.4346515952e-002 1.4063217867e-001 -8.4138795491e-001
0 0 0
2 0 41 -55.5000 128.5000 1 41 -33.2000 146.6000
-5.9784824317e-002 1.4125237633e-001 -8.3718033440e-001
0 0 0
2 0 42 -52.0900 129.6100 1 42 -34.5600 147.6700
-5.2404877791e-002 1.4127968628e-001 -8.3334581133e-001
0 0 0
2 0 43 -46.0300 130.2400 1 43 -34.9200 147.6900
-4.1315441152e-002 1.4207673479e-001 -8.2873859682e-001
0 0 0
2 0 44 -36.6400 132.0000 1 44 -34.4400 147.7500
-2.8053592103e-002 1.4302837127e-001 -8.2271394925e-001
0 0 0
2 0 45 -25.2400 133.6800 1 45 -34.1500 148.5400
-1.3695072142e-002 1.4218762040e-001 -8.1333149318e-001
0 0 0
2 0 46 -13.0500 134.4200 1 46 -36.6200 148.3800
-2.1533700499e-003 1.4088771927e-001 -8.0125614960e-001
0 0 0
2 0 47 -3.5600 135.4400 1 47 -42.4700 148.6700
3.9605631994e-003 1.3756534787e-001 -7.8789065717e-001
0 0 0
2 0 48 0.8300 134.3100 1 48 -52.0000 148.7300
8.8448370155e-003 1.3361202273e-001 -7.7356936263e-001
0 0 0
2 0 49 4.0500 132.6200 1 49 -63.1700 148.7200
1.1568777030e-002 1.2971231146e-001 -7.6324966616e-001
0 0 0
2 0 50 5.6200 130.4000 1 50 -72.0000 147.7600
1.3161370167e-002 1.2277087674e-001 -7.5166076138e-001
0 0 0
2 0 51 5.9200 125.0000 1 51 -83.3200 144.7400
1.2752278974e-002 1.1344525715e-001 -7.4331236771e-001
0 0 0
2 0 52 4.3800 117.2400 1 52 -93.5300 138.0000
7.5802452725e-003 1.0677102681e-001 -7.4154359867e-001
0 0 0
2 0 53 -1.2200 109.9400 1 53 -98.5600 133.8900
-9.7627501617e-005 1.0494748757e-001 -7.4042209391e-001
0 0 0
2 0 54 -9.3600 108.0000 1 54 -102.3300 134.0000
-1.2554212883e-002 1.0700468540e-001 -7.4152243587e-001
0 0 0
2 0 55 -22.1400 110.1400 1 55 -104.4700 137.3300
-2.5458295838e-002 1.1142666041e-001 -7.4382765183e-001
0 0 0
2 0 56 -35.0700 114.5900 1 56 -105.0000 142.3300
-3.0338479930e-002 1.1334908895e-001 -7.4874795925e-001
0 0 0
2 0 57 -39.1900 115.6700 1 57 -101.7500 143.5800
-3.5675101084e-002 1.1727636628e-001 -7.5744154680e-001
0 0 0
2 0 58 -43.0000 118.0000 1 58 -95.0000 145.8300
-3.8801754784e-002 1.2114024763e-001 -7.6221225520e-001
0 0 0
2 0 59 -45.2900 121.4600 1 59 -91.0000 148.0000
-3.4321905730e-002 1.2641752649e-001 -7.6678162882e-001
0 0 0
2 0 60 -40.0000 126.2400 1 60 -84.5000 150.5000
-2.5827698606e-002 1.3155151834e-001 -7.7240312432e-001
0 0 0
2 0 61 -30.6100 130.5400 1 61 -75.9000 152.2000
-1.4158233588e-002 1.3686754477e-001 -7.8126981503e-001
0 0 0
2 0 62 -17.7600 134.5000 1 62 -63.5300 152.6700
-3.9782264097e-003 1.4012337032e-001 -7.9228446544e-001
0 0 0
2 0 63 -6.4000 136.2500 1 63 -50.4400 150.6700
5.7418887863e-003 1.4063329308e-001 -7.9933978580e-001
0 0 0
2 0 64 3.8200 135.6400 1 64 -41.3300 147.7500
1.4123591773e-002 1.3908528656e-001 -8.0872770617e-001
0 0 0
2 0 65 12.8100 132.5900 1 65 -31.3800 142.6200
1.4500910205e-002 1.3724047530e-001 -8.2063224083e-001
0 0 0
2 0 66 14.2300 129.1500 1 66 -22.5000 137.5000
1.5273904588e-002 1.3428321027e-001 -8.2338257265e-001
0 0 0
2 0 67 15.1700 126.0000 1 67 -21.0000 134.0000
1.3177467448e-002 1.3435274261e-001 -8.2173773987e-001
0 0 0
2 0 68 13.0700 126.1400 1 68 -23.0000 135.0000
1.0495333125e-002 1.3445651525e-001 -8.1856122751e-001
0 0 0
2 0 69 10.2500 126.6600 1 69 -26.4100 136.4100
3.8942377904e-003 1.3524086147e-001 -8.1748317847e-001
0 0 0
2 0 70 3.9300 127.4700 1 70 -29.3700 138.4700
-5.0124016089e-004 1.3331956352e-001 -8.1958292877e-001
0 0 0
2 0 71 0.0000 125.3000 1 71 -29.8900 136.9400
-2.1962578483e-003 1.2791234358e-001 -8.2903980690e-001
0 0 0
2 0 72 -0.6000 118.8000 1 72 -24.8600 130.1400
-4.8161639541e-003 1.1749573611e-001 -8.4738764696e-001
0 0 0
2 0 73 -1.1400 106.8900 1 73 -15.1000 117.0000
-3.8369135477e-003 1.1068243317e-001 -8.5689680858e-001
0 0 0
2 0 74 0.6500 99.8200 1 74 -9.7600 108.5900
8.6616645757e-005 1.0861823379e-001 -8.6025098298e-001
0 0 0
2 0 75 4.4800 97.6100 1 75 -6.4700 105.3500
2.7950052882e-003 1.0891427234e-001 -8.6063913058e-001
0 0 0
2 0 76 6.9400 97.8500 1 76 -5.1000 105.0000
5.4651363163e-003 1.0887143348e-001 -8.5905805041e-001
0 0 0
2 0 77 9.1800 98.0000 1 77 -5.3000 104.8500
9.5628427354e-003 1.0827048367e-001 -8.5843650386e-001
0 0 0
2 0 78 12.7900 97.5700 1 78 -4.4300 103.7100
8.7290125150e-003 1.0834627320e-001 -8.5788136010e-001
0 0 0
2 0 79 12.0000 97.6400 1 79 -5.1200 104.1200
7.0507856439e-003 1.0921028979e-001 -8.5852652711e-001
0 0 0
2 0 80 10.5600 98.3400 1 80 -5.0000 105.0000
6.9126377887e-003 1.0923937650e-001 -8.5831371978e-001
0 0 0
2 0 81 10.4100 98.4400 1 81 -5.2100 105.0500
7.8944112864e-003 1.0904600102e-001 -8.5855986474e-001
0 0 0
2 0 82 11.3200 98.1800 1 82 -4.7100 104.7100
7.5541757740e-003 1.0914869822e-001 -8.5827999323e-001
0 0 0
2 0 83 11.0000 98.2300 1 83 -5.0000 105.0000
4.6305850555e-003 1.0964373795e-001 -8.5643083789e-001
0 0 0
2 0 84 8.1900 99.0000 1 84 -7.3300 106.2700
3.6086596056e-003 1.0957338941e-001 -8.5770026085e-001
0 0 0
2 0 85 7.3800 98.8800 1 85 -6.8000 106.0000
4.8238152349e-003 1.0947709089e-001 -8.5746366021e-001
0 0 0
2 0 86 8.4600 98.7300 1 86 -6.5400 105.8500
1.4530042046e-003 1.0932804283e-001 -8.5476161583e-001
0 0 0
2 0 87 5.1700 98.8800 1 87 -9.8300 107.0000
-1.1939141420e-003 1.0873956222e-001 -8.5428566927e-001
0 0 0
2 0 88 2.7600 98.2100 1 88 -11.2900 107.2900
-7.5722547487e-004 1.0889978808e-001 -8.5505588232e-001
0 0 0
2 0 89 3.2400 98.2100 1 89 -10.5000 107.2200
4.7868698224e-003 1.0933841905e-001 -8.5713494566e-001
0 0 0
2 0 90 8.3800 98.7500 1 90 -6.8600 105.7100
4.4108384054e-003 1.0890135693e-001 -8.5755782881e-001
0 0 0
2 0 91 8.0900 98.2200 1 91 -6.8000 105.4000
3.0120330650e-003 1.0896921767e-001 -8.5659409512e-001
0 0 0
2 0 92 6.7500 98.3300 1 92 -8.0000 106.0000
3.6284336076e-003 1.0925280307e-001 -8.5659510222e-001
0 0 0
2 0 93 7.2900 98.7100 1 93 -7.7100 106.0000
3.4119087779e-003 1.0811591958e-001 -8.5456954857e-001
0 0 0
2 0 94 6.9200 97.6900 1 94 -9.6000 105.8000
2.3168397144e-003 1.0740385234e-001 -8.5466546437e-001
0 0 0
2 0 95 5.9100 97.2300 1 95 -10.1800 105.1800
-5.6276387212e-003 1.0871177190e-001 -8.5087745280e-001
0 0 0
2 0 96 -1.6400 98.9300 1 96 -15.5000 108.5000
-1.5118505595e-002 1.1129360859e-001 -8.4627650098e-001
0 0 0
2 0 97 -10.7000 101.7000 1 97 -21.5000 113.5000
-2.0661617405e-002 1.1215764697e-001 -8.4295492980e-001
0 0 0
2 0 98 -16.0900 102.6400 1 98 -25.6000 116.2000
-2.4062837926e-002 1.1173099736e-001 -8.4274881061e-001
0 0 0
2 0 99 -19.1700 102.0000 1 99 -27.0000 116.7500
-2.5407992750e-002 1.1104804005e-001 -8.4165819683e-001
0 0 0
2 0 100 -20.5600 101.6700 1 100 -28.5000 116.5000
-2.6102285087e-002 1.1149024976e-001 -8.4318067687e-001
0 0 0
2 0 101 -21.0000 102.0000 1 101 -27.5000 116.5000
-2.8962254239e-002 1.1070798944e-001 -8.4003884399e-001
0 0 0
2 0 102 -24.0000 101.5000 1 102 -31.0000 117.2500
-3.0871961492e-002 1.1059047661e-001 -8.3985540090e-001
0 0 0
2 0 103 -25.7500 101.3300 1 103 -31.8000 117.6000
-3.0652528840e-002 1.0953117379e-001 -8.3855319932e-001
0 0 0
2 0 104 -25.7400 100.5200 1 104 -33.0000 117.0000
