# Bundle file v0.3
4 105
7.6800000000e+002 0.0000000000e+000 0.0000000000e+000
1.0000000000e+000 0.0000000000e+000 0.0000000000e+000
0.0000000000e+000 1.0000000000e+000 0.0000000000e+000
0.0000000000e+000 0.0000000000e+000 1.0000000000e+000
-0.0000000000e+000 -0.0000000000e+000 -0.0000000000e+000
7.6800000000e+002 0.0000000000e+000 0.0000000000e+000
3.2951131552e-001 3.3137992637e-001 -8.8408689468e-001
-3.0992701807e-001 9.2245906561e-001 2.3024881267e-001
8.9183380538e-001 1.9813282583e-001 4.0666429265e-001
-8.0233322141e-001 2.1922655443e-001 -5.5515864368e-001
0 0 0
0 0 0
0 0 0
0 0 0
0 0 0
0 0 0
0 0 0
0 0 0
0 0 0
0 0 0
-1.6904989532e-002 1.1285203258e-001 -8.4141731511e-001
0 0 0
2 0 0 -15.4500 103.1700 1 0 -23.0000 116.1700
-1.9043262434e-002 1.1541150632e-001 -8.4246762039e-001
0 0 0
2 0 1 -17.3600 105.2100 1 1 -22.0000 118.5000
-1.9951032858e-002 1.1900372306e-001 -8.4298736856e-001
0 0 0
2 0 2 -18.2900 109.3900 1 2 -21.0000 120.4300
-1.9621548600e-002 1.2806409807e-001 -8.4280567104e-001
0 0 0
2 0 3 -17.9100 116.9700 1 3 -18.3800 128.6200
-1.8984305608e-002 1.3683938237e-001 -8.4010046799e-001
0 0 0
2 0 4 -17.5000 126.5000 1 4 -18.0000 135.3100
-1.6224131158e-002 1.4567363632e-001 -8.3742146850e-001
0 0 0
2 0 5 -14.8900 133.7100 1 5 -16.6200 144.3800
-4.3378935041e-003 1.5286212086e-001 -8.3575622362e-001
0 0 0
2 0 6 -4.0000 140.6200 1 6 -12.6000 149.4000
8.5593098607e-003 1.5417236106e-001 -8.3411922779e-001
0 0 0
2 0 7 7.8600 142.1800 1 7 -9.8900 149.3300
2.2065933277e-002 1.5221988799e-001 -8.3014041793e-001
0 0 0
2 0 8 20.3700 141.3000 1 8 -9.8200 146.8200
3.2662687120e-002 1.4839002781e-001 -8.2716935933e-001
0 0 0
2 0 9 30.3200 137.8400 1 9 -10.2500 143.3300
4.0127967237e-002 1.4314982527e-001 -8.2337359803e-001
0 0 0
2 0 10 37.3600 134.2100 1 10 -12.8800 138.1200
4.7289114777e-002 1.3477686294e-001 -8.1801001089e-001
0 0 0
2 0 11 44.3300 127.1700 1 11 -17.8200 131.1800
5.3732923510e-002 1.2477346691e-001 -8.1443333867e-001
0 0 0
2 0 12 50.6300 118.0000 1 12 -22.0000 122.5000
5.9156524452e-002 1.1050281604e-001 -8.0936790011e-001
0 0 0
2 0 13 56.2000 104.3300 1 13 -29.0000 111.0000
6.1059655361e-002 9.5088338518e-002 -8.0249188207e-001
0 0 0
2 0 14 58.4200 91.1100 1 14 -39.2000 98.0000
6.0717579051e-002 7.8458314743e-002 -7.9723106323e-001
0 0 0
2 0 15 58.4500 75.8500 1 15 -48.9100 84.3600
5.9513448378e-002 6.3503561721e-002 -7.9206398611e-001
0 0 0
2 0 16 57.5000 62.8100 1 16 -58.4000 71.6000
5.7763275054e-002 4.9824331447e-002 -7.8984157056e-001
0 0 0
2 0 17 56.1600 48.4800 1 17 -64.5600 61.6200
5.5636181105e-002 3.9170012245e-002 -7.8611634103e-001
0 0 0
2 0 18 54.3200 38.4500 1 18 -71.4700 53.4700
5.4492882280e-002 3.2251078313e-002 -7.8305024822e-001
0 0 0
2 0 19 53.4400 31.6600 1 19 -76.3800 48.5600
5.3391629258e-002 3.0402873356e-002 -7.7899661676e-001
0 0 0
2 0 20 52.6000 30.1700 1 20 -80.7300 48.0000
5.2403770186e-002 3.5259327503e-002 -7.7506051108e-001
0 0 0
2 0 21 51.8600 35.2900 1 21 -83.0000 53.2900
5.0528524530e-002 4.8716222713e-002 -7.6992567015e-001
0 0 0
2 0 22 50.5300 47.8700 1 22 -83.7100 68.0000
4.6860605902e-002 6.7012702354e-002 -7.6896532170e-001
0 0 0
2 0 23 46.7200 67.4400 1 23 -80.2900 84.0000
3.8412388713e-002 8.9613986059e-002 -7.7045703554e-001
0 0 0
2 0 24 38.2200 89.8300 1 24 -74.2500 105.3800
2.9815542450e-002 1.0586858426e-001 -7.7325514690e-001
0 0 0
2 0 25 29.7000 104.4500 1 25 -68.8200 121.8200
1.9872922653e-002 1.2100564244e-001 -7.7741514095e-001
0 0 0
2 0 26 19.5900 119.9200 1 26 -63.3700 134.4700
1.1327057277e-002 1.3397677754e-001 -7.8337628410e-001
0 0 0
2 0 27 11.0000 132.3900 1 27 -56.7100 144.7100
6.8067475176e-003 1.4463376696e-001 -7.9238190262e-001
0 0 0
2 0 28 6.6300 139.8300 1 28 -47.0000 153.5700
2.8423554347e-003 1.5337748525e-001 -8.0408371658e-001
0 0 0
2 0 29 2.6500 147.2400 1 29 -36.0000 157.2000
-8.2896784649e-004 1.5835368968e-001 -8.1876078556e-001
0 0 0
2 0 30 -0.8000 148.8000 1 30 -23.5700 158.2900
-5.2590346203e-003 1.6038155981e-001 -8.2902137434e-001
0 0 0
2 0 31 -4.8900 148.7900 1 31 -16.0000 157.7100
-9.8208794024e-003 1.6024402224e-001 -8.3804837567e-001
0 0 0
2 0 32 -9.0000 146.8500 1 32 -10.1700 155.8300
-1.4922461017e-002 1.5732439131e-001 -8.4442947857e-001
0 0 0
2 0 33 -13.5900 143.2900 1 33 -7.5000 152.0000
-1.7363756516e-002 1.5251038242e-001 -8.5223930783e-001
0 0 0
2 0 34 -15.7000 138.0000 1 34 -3.6000 145.8000
-1.9022302047e-002 1.4640922812e-001 -8.5948114507e-001
0 0 0
2 0 35 -17.0000 130.8500 1 35 -0.2000 139.6000
-2.1387119214e-002 1.3946963283e-001 -8.6593270719e-001
0 0 0
2 0 36 -19.0000 124.0000 1 36 2.0000 132.2500
-4.6544643922e-002 1.3415215149e-001 -8.6100239926e-001
0 0 0
2 0 37 -41.5000 119.5000 1 37 -10.0000 133.0000
-5.6419052280e-002 1.3511746904e-001 -8.4928802840e-001
0 0 0
2 0 38 -51.0000 122.0000 1 38 -21.0000 138.0000
-6.1813385099e-002 1.3563296890e-001 -8.4142623948e-001
0 0 0
2 0 39 -56.3600 123.2100 1 39 -28.0000 141.5000
-6.3636454562e-002 1.3679734860e-001 -8.3497210491e-001
0 0 0
2 0 40 -58.5000 125.5000 1 40 -33.0000 144.0000
-6.0204131790e-002 1.3970882817e-001 -8.3254562093e-001
0 0 0
2 0 41 -55.5000 128.5000 1 41 -33.2000 146.6000
-5.6289122194e-002 1.4043279881e-001 -8.2921098434e-001
0 0 0
2 0 42 -52.0900 129.6100 1 42 -34.5600 147.6700
-4.9581650111e-002 1.4061870341e-001 -8.2653062688e-001
0 0 0
2 0 43 -46.0300 130.2400 1 43 -34.9200 147.6900
-3.9300671761e-002 1.4165415431e-001 -8.2355787379e-001
0 0 0
2 0 44 -36.6400 132.0000 1 44 -34.4400 147.7500
-2.6956590535e-002 1.4289758114e-001 -8.1949574192e-001
0 0 0
2 0 45 -25.2400 133.6800 1 45 -34.1500 148.5400
-1.3822268741e-002 1.4237751832e-001 -8.1237372746e-001
0 0 0
2 0 46 -13.0500 134.4200 1 46 -36.6200 148.3800
-3.7048600699e-003 1.4134985722e-001 -8.0236495643e-001
0 0 0
2 0 47 -3.5600 135.4400 1 47 -42.4700 148.6700
8.6191617564e-004 1.3815817865e-001 -7.9045544496e-001
0 0 0
2 0 48 0.8300 134.3100 1 48 -52.0000 148.7300
4.0962806275e-003 1.3427962876e-001 -7.7741423987e-001
0 0 0
2 0 49 4.0500 132.6200 1 49 -63.1700 148.7200
5.6189226898e-003 1.3037511051e-001 -7.6785344752e-001
0 0 0
2 0 50 5.6200 130.4000 1 50 -72.0000 147.7600
5.8212694440e-003 1.2330759898e-001 -7.5685329151e-001
0 0 0
2 0 51 5.9200 125.0000 1 51 -83.3200 144.7400
4.3330311644e-003 1.1371925447e-001 -7.4863954321e-001
0 0 0
2 0 52 4.3800 117.2400 1 52 -93.5300 138.0000
-1.1785651185e-003 1.0676676841e-001 -7.4624190702e-001
0 0 0
2 0 53 -1.2200 109.9400 1 53 -98.5600 133.8900
-9.0831976989e-003 1.0476711912e-001 -7.4424194365e-001
0 0 0
2 0 54 -9.3600 108.0000 1 54 -102.3300 134.0000
-2.1444657867e-002 1.0668082064e-001 -7.4387923871e-001
0 0 0
2 0 55 -22.1400 110.1400 1 55 -104.4700 137.3300
-3.3991622279e-002 1.1099610240e-001 -7.4465029441e-001
0 0 0
2 0 56 -35.0700 114.5900 1 56 -105.0000 142.3300
-3.8223517746e-002 1.1288381768e-001 -7.4885081976e-001
0 0 0
2 0 57 -39.1900 115.6700 1 57 -101.7500 143.5800
-4.2422445306e-002 1.1680199410e-001 -7.5664642781e-001
0 0 0
2 0 58 -43.0000 118.0000 1 58 -95.0000 145.8300
-4.4907463407e-002 1.2068143924e-001 -7.6091167053e-001
0 0 0
2 0 59 -45.2900 121.4600 1 59 -91.0000 148.0000
-3.9914321934e-002 1.2613035484e-001 -7.6590265882e-001
0 0 0
2 0 60 -40.0000 126.2400 1 60 -84.5000 150.5000
-3.0805448109e-002 1.3150815124e-001 -7.7234110840e-001
0 0 0
2 0 61 -30.6100 130.5400 1 61 -75.9000 152.2000
-1.8101078507e-002 1.3712176792e-001 -7.8217473812e-001
0 0 0
2 0 62 -17.7600 134.5000 1 62 -63.5300 152.6700
-6.5925363128e-003 1.4058584679e-001 -7.9374433181e-001
0 0 0
2 0 63 -6.4000 136.2500 1 63 -50.4400 150.6700
4.0143329207e-003 1.4125315394e-001 -8.0142912962e-001
0 0 0
2 0 64 3.8200 135.6400 1 64 -41.3300 147.7500
1.3552671582e-002 1.3978037243e-001 -8.1106458790e-001
0 0 0
2 0 65 12.8100 132.5900 1 65 -31.3800 142.6200
1.5274871962e-002 1.3784267310e-001 -8.2212220594e-001
0 0 0
2 0 66 14.2300 129.1500 1 66 -22.5000 137.5000
1.6338928874e-002 1.3484390740e-001 -8.2471330414e-001
0 0 0
2 0 67 15.1700 126.0000 1 67 -21.0000 134.0000
1.4035209380e-002 1.3488805800e-001 -8.2297562054e-001
0 0 0
2 0 68 13.0700 126.1400 1 68 -23.0000 135.0000
1.0964970442e-002 1.3496387981e-001 -8.1975571630e-001
0 0 0
2 0 69 10.2500 126.6600 1 69 -26.4100 136.4100
4.1996391416e-003 1.3564862456e-001 -8.1806226328e-001
0 0 0
2 0 70 3.9300 127.4700 1 70 -29.3700 138.4700
9.1978581592e-006 1.3361644228e-001 -8.1951336724e-001
0 0 0
2 0 71 0.0000 125.3000 1 71 -29.8900 136.9400
-6.4689131861e-004 1.2808316499e-001 -8.2801246483e-001
0 0 0
2 0 72 -0.6000 118.8000 1 72 -24.8600 130.1400
-1.2487493068e-003 1.1749335427e-001 -8.4447073388e-001
0 0 0
2 0 73 -1.1400 106.8900 1 73 -15.1000 117.0000
7.5295691580e-004 1.1064692193e-001 -8.5318219927e-001
0 0 0
2 0 74 0.6500 99.8200 1 74 -9.7600 108.5900
5.0291017421e-003 1.0862462054e-001 -8.5662848261e-001
0 0 0
2 0 75 4.4800 97.6100 1 75 -6.4700 105.3500
7.7809223281e-003 1.0895731482e-001 -8.5726884716e-001
0 0 0
2 0 76 6.9400 97.8500 1 76 -5.1000 105.0000
1.0270917921e-002 1.0895047148e-001 -8.5611198273e-001
0 0 0
2 0 77 9.1800 98.0000 1 77 -5.3000 104.8500
1.4299703344e-002 1.0840074047e-001 -8.5596827634e-001
0 0 0
2 0 78 12.7900 97.5700 1 78 -4.4300 103.7100
1.3401802030e-002 1.0846647280e-001 -8.5537805902e-001
0 0 0
2 0 79 12.0000 97.6400 1 79 -5.1200 104.1200
1.1801898728e-002 1.0931243550e-001 -8.5579767179e-001
0 0 0
2 0 80 10.5600 98.3400 1 80 -5.0000 105.0000
1.1639312136e-002 1.0933983072e-001 -8.5559017692e-001
0 0 0
2 0 81 10.4100 98.4400 1 81 -5.2100 105.0500
1.2649350393e-002 1.0915849716e-001 -8.5591424184e-001
0 0 0
2 0 82 11.3200 98.1800 1 82 -4.7100 104.7100
1.2278201952e-002 1.0925764781e-001 -8.5562553918e-001
0 0 0
2 0 83 11.0000 98.2300 1 83 -5.0000 105.0000
9.1445455066e-003 1.0971728606e-001 -8.5364344014e-001
0 0 0
2 0 84 8.1900 99.0000 1 84 -7.3300 106.2700
8.2654095696e-003 1.0963181526e-001 -8.5469006361e-001
0 0 0
2 0 85 7.3800 98.8800 1 85 -6.8000 106.0000
9.4538266887e-003 1.0955163565e-001 -8.5460148362e-001
0 0 0
2 0 86 8.4600 98.7300 1 86 -6.5400 105.8500
5.7734412575e-003 1.0935860456e-001 -8.5178615239e-001
0 0 0
2 0 87 5.1700 98.8800 1 87 -9.8300 107.0000
3.0712894642e-003 1.0873236989e-001 -8.5106593422e-001
0 0 0
2 0 88 2.7600 98.2100 1 88 -11.2900 107.2900
3.5973135339e-003 1.0889900794e-001 -8.5181581567e-001
0 0 0
2 0 89 3.2400 98.2100 1 89 -10.5000 107.2200
9.3772948162e-003 1.0941169673e-001 -8.5429734387e-001
0 0 0
2 0 90 8.3800 98.7500 1 90 -6.8600 105.7100
9.0453807119e-003 1.0896741590e-001 -8.5463836016e-001
0 0 0
2 0 91 8.0900 98.2200 1 91 -6.8000 105.4000
7.5375886355e-003 1.0901775153e-001 -8.5361545380e-001
0 0 0
2 0 92 6.7500 98.3300 1 92 -8.0000 106.0000
8.1561014589e-003 1.0931065288e-001 -8.5368388740e-001
0 0 0
2 0 93 7.2900 98.7100 1 93 -7.7100 106.0000
7.6987891157e-003 1.0816641750e-001 -8.5180628755e-001
0 0 0
2 0 94 6.9200 97.6900 1 94 -9.6000 105.8000
6.6062752383e-003 1.0743561113e-001 -8.5177101207e-001
0 0 0
2 0 95 5.9100 97.2300 1 95 -10.1800 105.1800
-1.7434156125e-003 1.0864587920e-001 -8.4748094177e-001
0 0 0
2 0 96 -1.6400 98.9300 1 96 -15.5000 108.5000
-1.1682609741e-002 1.1111298255e-001 -8.4226670806e-001
0 0 0
2 0 97 -10.7000 101.7000 1 97 -21.5000 113.5000
-1.7548343872e-002 1.1190473853e-001 -8.3861680463e-001
0 0 0
2 0 98 -16.0900 102.6400 1 98 -25.6000 116.2000
-2.0933637529e-002 1.1142776571e-001 -8.3804330021e-001
0 0 0
2 0 99 -19.1700 102.0000 1 99 -27.0000 116.7500
-2.2396045162e-002 1.1072358882e-001 -8.3688152328e-001
0 0 0
2 0 100 -20.5600 101.6700 1 100 -28.5000 116.5000
-2.2899415681e-002 1.1115797756e-001 -8.3820804210e-001
0 0 0
2 0 101 -21.0000 102.0000 1 101 -27.5000 116.5000
-2.6090777650e-002 1.1033210080e-001 -8.3498687621e-001
0 0 0
2 0 102 -24.0000 101.5000 1 102 -31.0000 117.2500
-2.7991526672e-002 1.1018702176e-001 -8.3460021146e-001
0 0 0
2 0 103 -25.7500 101.3300 1 103 -31.8000 117.6000
-2.7937815753e-002 1.0912629550e-001 -8.3341233899e-001
0 0 0
2 0 104 -25.7400 100.5200 1 104 -33.0000 117.0000
