# Bundle file v0.3
4 105
6.8376620298e+002 -8.6144620047e-002 -5.3960955270e-003
9.6782151225e-001 2.5961825327e-002 -2.5029483426e-001
-2.3427036755e-002 9.9963969515e-001 1.3101672774e-002
2.5054479516e-001 -6.8164144753e-003 9.6808101010e-001
-2.0985901771e-001 6.5809090709e-003 9.8000055033e-002
6.5033264449e+002 -7.8164874458e-002 -1.1513947218e-002
5.3519409707e-001 3.8620260385e-001 -7.5127546695e-001
-3.4433521343e-001 9.1186599066e-001 2.2345844328e-001
7.7136278057e-001 1.3909695848e-001 6.2100845155e-001
-6.9570979334e-001 2.1002922756e-001 -2.1069373791e-001
5.2550793826e+002 -5.5636464160e-002 -5.3766318486e-003
-5.4582347494e-001 -3.5438638306e-001 7.5926742700e-001
5.2720089844e-001 5.5905661638e-001 6.3993352184e-001
-6.5125720487e-001 7.4957720829e-001 -1.1831340550e-001
6.0546572400e-001 5.0992855965e-001 -6.3915126216e-001
5.1958880668e+002 -2.0233042043e-002 -8.9513732357e-003
-9.7498550560e-001 6.1816085794e-002 2.1349949744e-001
2.1436371773e-001 5.1540249958e-001 8.2970383869e-001
-5.8749130962e-002 8.5471576267e-001 -5.1576109261e-001
2.4954592104e-001 6.3094135568e-001 -9.4954276976e-001
-2.2871690666e-002 1.1421775212e-001 -8.4865640716e-001
0 0 0
4 0 0 -15.4500 103.1700 1 0 -23.0000 116.1700 2 0 -80.0000 22.0000 3 0 122.7400 -24.0000
-2.5675764096e-002 1.1713792665e-001 -8.5097294604e-001
0 0 0
4 0 1 -17.3600 105.2100 1 1 -22.0000 118.5000 2 1 -82.5800 20.8900 3 1 127.0000 -25.6800
-2.6658016075e-002 1.2148088006e-001 -8.5134726217e-001
0 0 0
4 0 2 -18.2900 109.3900 1 2 -21.0000 120.4300 2 2 -85.5500 23.8500 3 2 130.3300 -23.5500
-2.6362074988e-002 1.2958631481e-001 -8.5031252203e-001
0 0 0
4 0 3 -17.9100 116.9700 1 3 -18.3800 128.6200 2 3 -88.6300 30.4700 3 3 132.4700 -17.7600
-2.5435365202e-002 1.3749636729e-001 -8.4652088629e-001
0 0 0
4 0 4 -17.5000 126.5000 1 4 -18.0000 135.3100 2 4 -89.8900 38.9400 3 4 134.4000 -7.7100
-2.0142886183e-002 1.4635442310e-001 -8.4020484511e-001
0 0 0
4 0 5 -14.8900 133.7100 1 5 -16.6200 144.3800 2 5 -92.7200 55.4400 3 5 131.8200 6.5800
-1.0529942803e-002 1.5220385188e-001 -8.3660917178e-001
0 0 0
4 0 6 -4.0000 140.6200 1 6 -12.6000 149.4000 2 6 -96.5000 69.1900 3 6 123.0500 15.9200
6.7710216898e-003 1.5176898839e-001 -8.2872493334e-001
0 0 0
4 0 7 7.8600 142.1800 1 7 -9.8900 149.3300 2 7 -98.4000 83.0700 3 7 99.7900 30.0000
2.1700922887e-002 1.4836044084e-001 -8.2053508282e-001
0 0 0
4 0 8 20.3700 141.3000 1 8 -9.8200 146.8200 2 8 -96.2700 93.3300 3 8 80.9300 40.2300
3.2598237228e-002 1.4379901721e-001 -8.1446875966e-001
0 0 0
4 0 9 30.3200 137.8400 1 9 -10.2500 143.3300 2 9 -93.4400 99.2500 3 9 67.8700 45.8700
4.2493689321e-002 1.3759770524e-001 -8.0709960455e-001
0 0 0
4 0 10 37.3600 134.2100 1 10 -12.8800 138.1200 2 10 -88.1700 103.8300 3 10 55.0000 51.0000
5.0516128910e-002 1.2928418544e-001 -7.9990922256e-001
0 0 0
4 0 11 44.3300 127.1700 1 11 -17.8200 131.1800 2 11 -82.1200 105.8800 3 11 46.0000 54.0000
5.7811019553e-002 1.1921011915e-001 -7.9400755654e-001
0 0 0
4 0 12 50.6300 118.0000 1 12 -22.0000 122.5000 2 12 -75.2900 105.0000 3 12 37.4100 54.2400
6.5472035892e-002 1.0535955504e-001 -7.8667701796e-001
0 0 0
4 0 13 56.2000 104.3300 1 13 -29.0000 111.0000 2 13 -66.5000 102.5000 3 13 27.8600 53.2900
6.9081910199e-002 9.0771421611e-002 -7.7921975334e-001
0 0 0
4 0 14 58.4200 91.1100 1 14 -39.2000 98.0000 2 14 -55.8300 98.1700 3 14 23.8600 50.7100
7.0850391280e-002 7.5354193418e-002 -7.7358065256e-001
0 0 0
4 0 15 58.4500 75.8500 1 15 -48.9100 84.3600 2 15 -45.6000 91.8000 3 15 21.0000 45.8300
7.0948116122e-002 6.1901100234e-002 -7.6954575161e-001
0 0 0
4 0 16 57.5000 62.8100 1 16 -58.4000 71.6000 2 16 -38.0000 85.5000 3 16 20.5600 40.7500
7.0216226401e-002 4.9479446005e-002 -7.6753118030e-001
0 0 0
4 0 17 56.1600 48.4800 1 17 -64.5600 61.6200 2 17 -30.8900 78.3300 3 17 20.3800 35.0000
6.9455453895e-002 4.0135119948e-002 -7.6432825075e-001
0 0 0
4 0 18 54.3200 38.4500 1 18 -71.4700 53.4700 2 18 -25.4500 74.3600 3 18 21.1300 32.2200
6.9344711621e-002 3.3853635360e-002 -7.6141897650e-001
0 0 0
4 0 19 53.4400 31.6600 1 19 -76.3800 48.5600 2 19 -21.0000 72.0000 3 19 21.0000 31.0000
6.9213286237e-002 3.2111248126e-002 -7.5744877485e-001
0 0 0
4 0 20 52.6000 30.1700 1 20 -80.7300 48.0000 2 20 -17.5000 73.5000 3 20 21.7600 32.5900
6.9654661218e-002 3.6383791477e-002 -7.5232304803e-001
0 0 0
4 0 21 51.8600 35.2900 1 21 -83.0000 53.2900 2 21 -15.3300 79.3300 3 21 22.4200 39.0800
6.8524724528e-002 4.8178645657e-002 -7.4704950584e-001
0 0 0
4 0 22 50.5300 47.8700 1 22 -83.7100 68.0000 2 22 -15.3300 89.3300 3 22 25.9100 49.3600
6.5542345026e-002 6.4709700334e-002 -7.4502919885e-001
0 0 0
4 0 23 46.7200 67.4400 1 23 -80.2900 84.0000 2 23 -18.5000 101.0000 3 23 31.2500 60.3300
5.7303337124e-002 8.4760506705e-002 -7.4773837051e-001
0 0 0
4 0 24 38.2200 89.8300 1 24 -74.2500 105.3800 2 24 -23.5000 109.5000 3 24 40.1800 68.8200
4.7273761449e-002 9.9927120197e-002 -7.5221177262e-001
0 0 0
4 0 25 29.7000 104.4500 1 25 -68.8200 121.8200 2 25 -27.7100 113.1400 3 25 53.0000 74.0000
3.7032091560e-002 1.1430356380e-001 -7.5860945474e-001
0 0 0
4 0 26 19.5900 119.9200 1 26 -63.3700 134.4700 2 26 -33.8500 115.4600 3 26 64.5300 76.5300
2.6361664839e-002 1.2728800771e-001 -7.6678015928e-001
0 0 0
4 0 27 11.0000 132.3900 1 27 -56.7100 144.7100 2 27 -40.6700 115.7500 3 27 78.4000 76.8800
1.7956932108e-002 1.3826600485e-001 -7.7801677397e-001
0 0 0
4 0 28 6.6300 139.8300 1 28 -47.0000 153.5700 2 28 -50.4000 113.6000 3 28 89.8800 72.7900
1.0931312576e-002 1.4793092164e-001 -7.9313131909e-001
0 0 0
4 0 29 2.6500 147.2400 1 29 -36.0000 157.2000 2 29 -65.8300 107.0000 3 29 97.9000 64.8000
3.0170310410e-003 1.5462745970e-001 -8.1125845147e-001
0 0 0
4 0 30 -0.8000 148.8000 1 30 -23.5700 158.2900 2 30 -82.5000 94.5000 3 30 107.1200 51.3300
-5.4635239968e-003 1.5795259521e-001 -8.2576448381e-001
0 0 0
4 0 31 -4.8900 148.7900 1 31 -16.0000 157.7100 2 31 -93.3300 82.7300 3 31 117.3700 35.3300
-1.3627432134e-002 1.5929186324e-001 -8.3837342116e-001
0 0 0
4 0 32 -9.0000 146.8500 1 32 -10.1700 155.8300 2 32 -102.0000 69.5000 3 32 127.4700 20.5300
-2.1785572706e-002 1.5802409991e-001 -8.4902818561e-001
0 0 0
4 0 33 -13.5900 143.2900 1 33 -7.5000 152.0000 2 33 -107.4400 56.7500 3 33 137.2600 4.0000
-2.7095220236e-002 1.5461177527e-001 -8.5997185779e-001
0 0 0
4 0 34 -15.7000 138.0000 1 34 -3.6000 145.8000 2 34 -113.8600 40.7100 3 34 142.1200 -11.2200
-3.2167910182e-002 1.4925149294e-001 -8.7212361102e-001
0 0 0
4 0 35 -17.0000 130.8500 1 35 -0.2000 139.6000 2 35 -119.8600 22.7100 3 35 145.2400 -30.9300
-3.5959447124e-002 1.4395523001e-001 -8.8072601717e-001
0 0 0
4 0 36 -19.0000 124.0000 1 36 2.0000 132.2500 2 36 -123.4000 10.8700 3 36 147.9600 -46.5700
-6.3572133025e-002 1.3880902537e-001 -8.8304652664e-001
0 0 0
4 0 37 -41.5000 119.5000 1 37 -10.0000 133.0000 2 37 -106.7100 -15.4300 3 37 182.8600 -61.0000
-7.1433198329e-002 1.3907894797e-001 -8.7214359998e-001
0 0 0
4 0 38 -51.0000 122.0000 1 38 -21.0000 138.0000 2 38 -90.6000 -10.8000 3 38 193.8800 -51.3100
-7.4701028038e-002 1.3985233828e-001 -8.6177674443e-001
0 0 0
4 0 39 -56.3600 123.2100 1 39 -28.0000 141.5000 2 39 -78.5300 -3.8700 3 39 199.7700 -38.1200
-7.4571868613e-002 1.4069287722e-001 -8.5368896281e-001
0 0 0
4 0 40 -58.5000 125.5000 1 40 -33.0000 144.0000 2 40 -70.6500 4.0000 3 40 200.4300 -28.0000
-6.9695147000e-002 1.4309896459e-001 -8.4954197216e-001
0 0 0
4 0 41 -55.5000 128.5000 1 41 -33.2000 146.6000 2 41 -70.9000 13.0000 3 41 195.2100 -20.4500
-6.2630571306e-002 1.4311349177e-001 -8.4269399443e-001
0 0 0
4 0 42 -52.0900 129.6100 1 42 -34.5600 147.6700 2 42 -68.3300 24.0000 3 42 185.9100 -10.6900
-5.3603046856e-002 1.4256019532e-001 -8.3657441307e-001
0 0 0
4 0 43 -46.0300 130.2400 1 43 -34.9200 147.6900 2 43 -67.2800 34.8800 3 43 174.2000 -1.7600
-4.0446676361e-002 1.4230845785e-001 -8.2915352785e-001
0 0 0
4 0 44 -36.6400 132.0000 1 44 -34.4400 147.7500 2 44 -67.5900 48.8600 3 44 157.2900 9.8000
-2.6663130558e-002 1.4216880061e-001 -8.2124417777e-001
0 0 0
4 0 45 -25.2400 133.6800 1 45 -34.1500 148.5400 2 45 -67.5000 63.0500 3 45 140.6300 21.5700
-1.0056340246e-002 1.3996600533e-001 -8.0842375885e-001
0 0 0
4 0 46 -13.0500 134.4200 1 46 -36.6200 148.3800 2 46 -63.5500 80.1500 3 46 120.4800 37.5200
2.8022199932e-003 1.3727761330e-001 -7.9468181823e-001
0 0 0
4 0 47 -3.5600 135.4400 1 47 -42.4700 148.6700 2 47 -56.6300 94.4700 3 47 105.8700 51.9200
1.3072281873e-002 1.3251464349e-001 -7.7703272061e-001
0 0 0
4 0 48 0.8300 134.3100 1 48 -52.0000 148.7300 2 48 -44.0000 107.8600 3 48 94.2200 67.9700
1.9095575248e-002 1.2752820732e-001 -7.6257098893e-001
0 0 0
4 0 49 4.0500 132.6200 1 49 -63.1700 148.7200 2 49 -32.1000 117.7000 3 49 88.5400 76.6400
2.4499568293e-002 1.2297992828e-001 -7.5028841158e-001
0 0 0
4 0 50 5.6200 130.4000 1 50 -72.0000 147.7600 2 50 -23.0000 123.0000 3 50 82.7100 87.0000
2.8055637698e-002 1.1575170330e-001 -7.3805783289e-001
0 0 0
4 0 51 5.9200 125.0000 1 51 -83.3200 144.7400 2 51 -11.8800 126.6900 3 51 79.0900 92.7800
2.8883456359e-002 1.0684459739e-001 -7.3039096141e-001
0 0 0
4 0 52 4.3800 117.2400 1 52 -93.5300 138.0000 2 52 -3.2100 124.9500 3 52 77.6500 92.8000
2.4569059654e-002 1.0060111221e-001 -7.2862806157e-001
0 0 0
4 0 53 -1.2200 109.9400 1 53 -98.5600 133.8900 2 53 3.6000 119.6000 3 53 80.9100 88.9100
1.6908649766e-002 9.9046664511e-002 -7.2910242336e-001
0 0 0
4 0 54 -9.3600 108.0000 1 54 -102.3300 134.0000 2 54 8.1400 114.7100 3 54 88.4000 85.7000
4.9965932099e-003 1.0131572909e-001 -7.3052678753e-001
0 0 0
4 0 55 -22.1400 110.1400 1 55 -104.4700 137.3300 2 55 13.8300 111.0000 3 55 101.0400 83.5000
-8.2367972849e-003 1.0642704176e-001 -7.3439667450e-001
0 0 0
4 0 56 -35.0700 114.5900 1 56 -105.0000 142.3300 2 56 16.1700 107.0000 3 56 116.3900 81.4400
-1.4315040993e-002 1.0857995575e-001 -7.4038192619e-001
0 0 0
4 0 57 -39.1900 115.6700 1 57 -101.7500 143.5800 2 57 14.2500 101.3300 3 57 122.8100 76.9000
-2.0611039001e-002 1.1270563902e-001 -7.4920233587e-001
0 0 0
4 0 58 -43.0000 118.0000 1 58 -95.0000 145.8300 2 58 9.5000 95.5000 3 58 129.5700 70.8600
-2.5331829041e-002 1.1682904344e-001 -7.5541115902e-001
0 0 0
4 0 59 -45.2900 121.4600 1 59 -91.0000 148.0000 2 59 5.3300 92.2500 3 59 135.7000 66.9000
-2.1700451598e-002 1.2231912377e-001 -7.5999017060e-001
0 0 0
4 0 60 -40.0000 126.2400 1 60 -84.5000 150.5000 2 60 -4.0000 95.5000 3 60 133.2600 67.6500
-1.4233132489e-002 1.2741938227e-001 -7.6508525826e-001
0 0 0
4 0 61 -30.6100 130.5400 1 61 -75.9000 152.2000 2 61 -15.8500 99.4600 3 61 126.0000 68.8600
-4.1719517070e-003 1.3256859348e-001 -7.7323839754e-001
0 0 0
4 0 62 -17.7600 134.5000 1 62 -63.5300 152.6700 2 62 -31.6200 102.5600 3 62 114.9600 67.5700
5.3431964873e-003 1.3484887967e-001 -7.8086845110e-001
0 0 0
4 0 63 -6.4000 136.2500 1 63 -50.4400 150.6700 2 63 -43.0000 103.3300 3 63 102.8200 64.1800
1.2695084298e-002 1.3653606338e-001 -7.9011954489e-001
0 0 0
4 0 64 3.8200 135.6400 1 64 -41.3300 147.7500 2 64 -58.1800 101.1800 3 64 93.7900 59.3700
1.9267752833e-002 1.3539194198e-001 -7.9965887515e-001
0 0 0
4 0 65 12.8100 132.5900 1 65 -31.3800 142.6200 2 65 -69.5600 96.2500 3 65 84.1500 51.2700
1.8001602627e-002 1.3444901711e-001 -8.1269799309e-001
0 0 0
4 0 66 14.2300 129.1500 1 66 -22.5000 137.5000 2 66 -80.0000 85.5000 3 66 83.1100 37.6700
1.7887687757e-002 1.3181809706e-001 -8.1615591029e-001
0 0 0
4 0 67 15.1700 126.0000 1 67 -21.0000 134.0000 2 67 -81.3700 81.5300 3 67 82.2900 31.6800
1.6422519120e-002 1.3179743578e-001 -8.1447834042e-001
0 0 0
4 0 68 13.0700 126.1400 1 68 -23.0000 135.0000 2 68 -79.2300 81.9100 3 68 84.0800 33.0000
1.4101026683e-002 1.3168879978e-001 -8.1149218978e-001
0 0 0
4 0 69 10.2500 126.6600 1 69 -26.4100 136.4100 2 69 -75.1900 82.8600 3 69 87.3300 35.0600
7.7309308954e-003 1.3285189652e-001 -8.1092536771e-001
0 0 0
4 0 70 3.9300 127.4700 1 70 -29.3700 138.4700 2 70 -72.2100 81.1600 3 70 95.7100 35.0600
3.5200980045e-003 1.3124277624e-001 -8.1298782853e-001
0 0 0
4 0 71 0.0000 125.3000 1 71 -29.8900 136.9400 2 71 -70.9100 75.9100 3 71 100.0000 31.3700
-8.5385273747e-004 1.2696430751e-001 -8.2564720096e-001
0 0 0
4 0 72 -0.6000 118.8000 1 72 -24.8600 130.1400 2 72 -78.1600 60.1200 3 72 102.4500 15.1700
-5.8873365173e-003 1.1868307279e-001 -8.4529755233e-001
0 0 0
4 0 73 -1.1400 106.8900 1 73 -15.1000 117.0000 2 73 -88.9600 37.4000 3 73 104.2400 -11.5100
-7.9592695729e-003 1.1218846665e-001 -8.5967252468e-001
0 0 0
4 0 74 0.6500 99.8200 1 74 -9.7600 108.5900 2 74 -96.9100 20.9100 3 74 102.1600 -32.8400
-4.9801703325e-003 1.1043626339e-001 -8.6308693618e-001
0 0 0
4 0 75 4.4800 97.6100 1 75 -6.4700 105.3500 2 75 -100.2800 19.5200 3 75 98.0000 -37.1100
-1.3863419999e-003 1.1049197930e-001 -8.6266074906e-001
0 0 0
4 0 76 6.9400 97.8500 1 76 -5.1000 105.0000 2 76 -101.6800 22.0500 3 76 93.0800 -35.8200
1.4397359641e-003 1.1030638926e-001 -8.6054573978e-001
0 0 0
4 0 77 9.1800 98.0000 1 77 -5.3000 104.8500 2 77 -101.0000 25.2900 3 77 90.0000 -33.0000
6.3576452962e-003 1.0928081552e-001 -8.5858255279e-001
0 0 0
4 0 78 12.7900 97.5700 1 78 -4.4300 103.7100 2 78 -100.8900 28.3300 3 78 83.5500 -29.8500
5.3438728022e-003 1.0950486713e-001 -8.5852008611e-001
0 0 0
4 0 79 12.0000 97.6400 1 79 -5.1200 104.1200 2 79 -100.6700 28.1100 3 79 85.0000 -30.0000
3.2974990252e-003 1.1052496228e-001 -8.5952678334e-001
0 0 0
4 0 80 10.5600 98.3400 1 80 -5.0000 105.0000 2 80 -101.1700 27.0000 3 80 87.8300 -31.0300
3.2372667355e-003 1.1051432279e-001 -8.5935412717e-001
0 0 0
4 0 81 10.4100 98.4400 1 81 -5.2100 105.0500 2 81 -101.0000 27.0000 3 81 87.8400 -30.8400
4.2325761953e-003 1.1021801403e-001 -8.5951938112e-001
0 0 0
4 0 82 11.3200 98.1800 1 82 -4.7100 104.7100 2 82 -101.3800 27.1200 3 82 86.3900 -30.9200
3.8927630402e-003 1.1030899867e-001 -8.5934166185e-001
0 0 0
4 0 83 11.0000 98.2300 1 83 -5.0000 105.0000 2 83 -101.0900 27.2200 3 83 86.8600 -30.8900
2.5582303607e-004 1.1101027191e-001 -8.5848229437e-001
0 0 0
4 0 84 8.1900 99.0000 1 84 -7.3300 106.2700 2 84 -99.1300 26.2200 3 84 92.1700 -30.4200
2.6723362957e-004 1.1088566010e-001 -8.5901213539e-001
0 0 0
4 0 85 7.3800 98.8800 1 85 -6.8000 106.0000 2 85 -99.5500 25.8500 3 85 91.4800 -31.1100
1.0617986773e-003 1.1071198396e-001 -8.5879942596e-001
0 0 0
4 0 86 8.4600 98.7300 1 86 -6.5400 105.8500 2 86 -99.4400 26.3900 3 86 90.7200 -30.8800
-1.5630682768e-003 1.1033052849e-001 -8.5608585269e-001
0 0 0
4 0 87 5.1700 98.8800 1 87 -9.8300 107.0000 2 87 -95.4700 26.5300 3 87 93.9200 -29.0000
-4.4024197818e-003 1.1011537540e-001 -8.5577270862e-001
0 0 0
4 0 88 2.7600 98.2100 1 88 -11.2900 107.2900 2 88 -93.9200 25.0800 3 88 97.8800 -29.2300
-3.9725922338e-003 1.1025026038e-001 -8.5664676802e-001
0 0 0
4 0 89 3.2400 98.2100 1 89 -10.5000 107.2200 2 89 -95.0000 24.7100 3 89 97.1000 -30.0000
9.6956940420e-004 1.1056363414e-001 -8.5851523091e-001
0 0 0
4 0 90 8.3800 98.7500 1 90 -6.8600 105.7100 2 90 -99.0800 26.3100 3 90 90.8700 -30.5700
8.7975979471e-004 1.1020079724e-001 -8.5850789581e-001
0 0 0
4 0 91 8.0900 98.2200 1 91 -6.8000 105.4000 2 91 -98.8200 26.1800 3 91 90.9100 -30.7800
-2.5012129348e-004 1.1035284389e-001 -8.5767107611e-001
0 0 0
4 0 92 6.7500 98.3300 1 92 -8.0000 106.0000 2 92 -97.8800 26.1200 3 92 92.4100 -29.8800
3.0546758317e-004 1.1038073011e-001 -8.5771257530e-001
0 0 0
4 0 93 7.2900 98.7100 1 93 -7.7100 106.0000 2 93 -97.9100 26.3600 3 93 91.5300 -30.0000
4.3248015828e-004 1.0923860076e-001 -8.5557108542e-001
0 0 0
4 0 94 6.9200 97.6900 1 94 -9.6000 105.8000 2 94 -95.5000 27.5000 3 94 91.4700 -28.5300
-6.5169018474e-004 1.0854006393e-001 -8.5548494637e-001
0 0 0
4 0 95 5.9100 97.2300 1 95 -10.1800 105.1800 2 95 -94.3800 26.3800 3 95 92.7100 -29.0000
-7.6785640218e-003 1.0965726193e-001 -8.5157942646e-001
0 0 0
4 0 96 -1.6400 98.9300 1 96 -15.5000 108.5000 2 96 -87.8800 25.8800 3 96 102.0000 -26.0000
-1.7277883011e-002 1.1235148828e-001 -8.4840280834e-001
0 0 0
4 0 97 -10.7000 101.7000 1 97 -21.5000 113.5000 2 97 -81.8000 24.4000 3 97 115.1900 -23.5000
-2.2916813975e-002 1.1310601424e-001 -8.4617740072e-001
0 0 0
4 0 98 -16.0900 102.6400 1 98 -25.6000 116.2000 2 98 -77.1700 23.1700 3 98 122.5600 -22.3800
-2.6193916255e-002 1.1283283435e-001 -8.4570655258e-001
0 0 0
4 0 99 -19.1700 102.0000 1 99 -27.0000 116.7500 2 99 -74.6700 21.6700 3 99 126.7900 -22.9500
-2.7422582634e-002 1.1212435316e-001 -8.4473427707e-001
0 0 0
4 0 100 -20.5600 101.6700 1 100 -28.5000 116.5000 2 100 -72.7500 21.0000 3 100 128.1300 -22.5300
-2.8051563205e-002 1.1258847155e-001 -8.4564396666e-001
0 0 0
4 0 101 -21.0000 102.0000 1 101 -27.5000 116.5000 2 101 -73.3300 20.1100 3 101 129.0000 -23.1000
-3.0432144563e-002 1.1186268601e-001 -8.4339694587e-001
0 0 0
4 0 102 -24.0000 101.5000 1 102 -31.0000 117.2500 2 102 -70.0000 20.0000 3 102 131.6700 -22.0000
-3.2592529351e-002 1.1173634949e-001 -8.4299280033e-001
0 0 0
4 0 103 -25.7500 101.3300 1 103 -31.8000 117.6000 2 103 -68.0000 19.0000 3 103 134.5900 -22.2400
-3.2315962130e-002 1.1066804349e-001 -8.4166391773e-001
0 0 0
4 0 104 -25.7400 100.5200 1 104 -33.0000 117.0000 2 104 -66.3800 19.3800 3 104 134.1200 -21.3100
