# Bundle file v0.3
4 102
6.2409091879e+002 -1.4336332140e-002 -2.8900654230e-004
9.8865856454e-001 1.4050497139e-002 1.4952199265e-001
-1.9935900491e-002 9.9908130223e-001 3.7935621937e-002
-1.4885161278e-001 -4.0486233096e-002 9.8803039544e-001
1.3259719777e-001 3.5045101655e-002 1.4293065537e-001
6.4537566009e+002 1.0221685053e-001 1.3611340596e-002
3.9739700295e-001 -4.3599715807e-001 8.0745408550e-001
3.1532287391e-001 8.9121876854e-001 3.2603771530e-001
-8.6176975303e-001 1.2504233189e-001 4.9164754449e-001
5.7101604315e-001 3.0694729883e-001 -3.9094623232e-001
5.0279550670e+002 -1.0336790018e-003 -5.9983153337e-004
-6.0963420343e-001 3.4641772753e-001 -7.1298029150e-001
-5.0191721408e-001 5.2747909604e-001 6.8545234222e-001
6.1353504238e-001 7.7573227424e-001 -1.4769627783e-001
-6.3195693969e-001 6.3264710046e-001 -7.5350997021e-001
5.3572827063e+002 -1.6761955719e-005 -1.0272655722e-004
-9.8045041739e-001 -1.8159809106e-001 -7.5756929474e-002
-1.6064461345e-001 5.1643173503e-001 8.4112518166e-001
-1.1362344481e-001 8.3685147809e-001 -5.3550846530e-001
-1.1216403461e-001 7.0885072561e-001 -1.0835257533e+000
-1.1322628529e-002 5.1575881806e-002 -8.8266950230e-001
0 0 0
4 0 0 -8.0000 46.6900 1 0 -135.0000 49.0000 2 0 18.5000 51.5000 3 0 -40.4700 -5.3300
-1.3670722023e-002 4.3562645738e-002 -8.8030511278e-001
0 0 0
4 0 1 -10.0000 39.5000 1 1 -132.0000 43.0000 2 1 16.1200 49.8800 3 1 -37.3800 -6.3800
-1.6957590352e-002 3.5300652172e-002 -8.7863302850e-001
0 0 0
4 0 2 -12.4000 33.6000 1 2 -129.0000 36.5000 2 2 14.0000 47.7100 3 2 -32.0000 -8.8000
-2.0325215083e-002 2.6078211607e-002 -8.7619622320e-001
0 0 0
4 0 3 -15.7500 24.6700 1 3 -126.0000 30.2900 2 3 11.8300 45.8300 3 3 -28.1000 -10.2000
-2.1951457606e-002 1.6008498785e-002 -8.7680702226e-001
0 0 0
4 0 4 -17.0000 16.2000 1 4 -123.3300 22.6700 2 4 9.7100 41.1400 3 4 -24.0000 -15.2000
-2.2153294030e-002 1.0442672351e-002 -8.8291251103e-001
0 0 0
4 0 5 -18.0000 11.0000 1 5 -125.0000 16.7500 2 5 11.8800 34.8800 3 5 -22.7000 -21.7000
-2.3475109643e-002 9.3881547950e-003 -8.9159394322e-001
0 0 0
4 0 6 -20.0900 9.3600 1 6 -130.0000 14.0000 2 6 17.2000 30.6000 3 6 -20.7800 -29.3300
-2.6076283204e-002 1.4077884537e-002 -9.0307709896e-001
0 0 0
4 0 7 -23.2500 12.3300 1 7 -140.5000 13.5000 2 7 26.0000 27.7100 3 7 -19.1800 -35.8200
-2.8136707716e-002 2.3674389288e-002 -9.1531167689e-001
0 0 0
4 0 8 -26.0000 20.8000 1 8 -150.0000 16.2500 2 8 38.2900 26.0000 3 8 -18.1000 -41.8000
-3.1396435763e-002 3.4384085107e-002 -9.2714139119e-001
0 0 0
4 0 9 -29.4400 27.6700 1 9 -164.2000 20.4000 2 9 49.3300 25.6700 3 9 -16.9000 -46.3000
-3.6014609931e-002 4.3863707247e-002 -9.3825236780e-001
0 0 0
4 0 10 -34.0000 34.8000 1 10 -176.0000 23.0000 2 10 61.5700 25.7100 3 10 -13.7500 -51.3300
-4.2402603165e-002 5.1314433312e-002 -9.4637231916e-001
0 0 0
4 0 11 -40.0000 40.5000 1 11 -186.0000 24.2500 2 11 72.7100 27.0000 3 11 -8.8200 -54.1800
-5.1325757901e-002 5.6749797531e-002 -9.5048940749e-001
0 0 0
4 0 12 -46.5000 44.5000 1 12 -194.5000 25.0000 2 12 81.8000 31.6000 3 12 -0.2500 -54.6700
-6.1944992646e-002 5.8793511580e-002 -9.4976123253e-001
0 0 0
4 0 13 -55.2000 46.6000 1 13 -201.3300 24.6700 2 13 85.8300 36.1700 3 13 10.1800 -51.1800
-7.2365551623e-002 5.5519783660e-002 -9.4437532393e-001
0 0 0
4 0 14 -63.9100 44.6400 1 14 -202.8000 21.4000 2 14 85.5700 41.7100 3 14 20.2900 -46.3600
-8.0489404331e-002 4.8723077671e-002 -9.3342249553e-001
0 0 0
4 0 15 -69.3300 40.2500 1 15 -198.8000 17.4000 2 15 79.7000 47.3000 3 15 28.8000 -38.2000
-8.4312840502e-002 4.0083990707e-002 -9.2005273580e-001
0 0 0
4 0 16 -72.3100 34.9200 1 16 -189.0000 13.5000 2 16 70.7000 51.7000 3 16 32.4400 -30.2500
-8.4728570479e-002 3.2911349489e-002 -9.0539294821e-001
0 0 0
4 0 17 -72.6700 30.0800 1 17 -178.2500 12.3800 2 17 59.2000 56.0000 3 17 32.1500 -21.4600
-8.2228907058e-002 3.2272225795e-002 -8.9732563697e-001
0 0 0
4 0 18 -70.0000 29.5000 1 18 -172.0000 15.0000 2 18 53.7000 59.3000 3 18 29.0700 -15.4000
-8.1138573254e-002 3.4079766756e-002 -8.9137875307e-001
0 0 0
4 0 19 -68.9100 31.6400 1 19 -168.8000 18.0000 2 19 50.4400 62.6700 3 19 27.0000 -9.5700
-7.0053199868e-002 4.4031171789e-002 -8.8454570487e-001
0 0 0
4 0 20 -58.6700 40.5600 1 20 -162.8200 30.1800 2 20 45.1200 67.5000 3 20 14.7800 -0.9100
-5.3252338901e-002 5.4364757181e-002 -8.8089554824e-001
0 0 0
4 0 21 -44.3300 49.0000 1 21 -155.5000 44.1200 2 21 39.0000 68.7100 3 21 -2.7100 4.1400
-3.8861747390e-002 6.2836089250e-002 -8.8008589761e-001
0 0 0
4 0 22 -31.3300 56.2500 1 22 -151.3300 52.6700 2 22 34.7500 69.0000 3 22 -18.1800 7.1800
-2.2631413794e-002 6.9965877905e-002 -8.7732156473e-001
0 0 0
4 0 23 -16.0000 62.2900 1 23 -144.5000 62.5000 2 23 27.5000 68.5000 3 23 -34.0000 10.2900
-1.4165264108e-002 7.4719296622e-002 -8.7661041083e-001
0 0 0
4 0 24 -10.2900 66.0000 1 24 -142.0000 67.7500 2 24 24.0000 68.2900 3 24 -44.5000 12.1200
-7.3755401570e-003 7.8997875363e-002 -8.7402800794e-001
0 0 0
4 0 25 -3.9000 69.8000 1 25 -139.0000 72.7500 2 25 20.2900 70.0000 3 25 -52.0000 15.2000
-4.7215841846e-003 7.8721494916e-002 -8.6998574759e-001
0 0 0
4 0 26 -1.3600 70.0900 1 26 -135.6000 74.2000 2 26 15.8800 71.1200 3 26 -54.6400 17.9100
-1.9801158739e-003 7.5953669805e-002 -8.6590801046e-001
0 0 0
4 0 27 2.0000 68.5000 1 27 -130.3300 73.6700 2 27 11.5000 71.0000 3 27 -56.1800 19.1800
-2.1452879932e-003 7.4001033861e-002 -8.6252283541e-001
0 0 0
4 0 28 2.1400 66.7100 1 28 -128.0000 73.5000 2 28 8.8000 72.0000 3 28 -55.8300 21.0000
-2.6909082822e-004 7.3185422270e-002 -8.5962292986e-001
0 0 0
4 0 29 4.1500 66.5400 1 29 -124.8000 74.0000 2 29 5.9100 72.6400 3 29 -57.3800 22.3800
-3.3232680246e-004 7.1667381601e-002 -8.5749939389e-001
0 0 0
4 0 30 4.5600 65.2500 1 30 -123.5000 73.5000 2 30 4.0000 72.8000 3 30 -56.9200 23.6900
-2.0455351613e-004 7.0680906497e-002 -8.5651990918e-001
0 0 0
4 0 31 4.7200 64.8300 1 31 -122.1400 73.2900 2 31 3.0000 72.6400 3 31 -56.5600 23.6200
-1.1810613914e-003 7.0316774320e-002 -8.5835811951e-001
0 0 0
4 0 32 3.7100 64.0000 1 32 -124.0000 72.0000 2 32 4.4000 72.2000 3 32 -55.8300 22.1700
-1.1707371578e-003 7.0973044786e-002 -8.6042972152e-001
0 0 0
4 0 33 3.3700 64.4700 1 33 -125.2000 72.0000 2 33 6.0000 71.0000 3 33 -55.8300 21.0000
-7.9300184024e-004 7.1592299084e-002 -8.6148141237e-001
0 0 0
4 0 34 3.5000 65.0000 1 34 -126.0000 72.0000 2 34 6.4700 70.6700 3 34 -56.4000 20.4000
-1.7492365358e-004 7.1591088765e-002 -8.6211399583e-001
0 0 0
4 0 35 4.0000 64.6900 1 35 -126.0000 72.0000 2 35 6.8000 70.0000 3 35 -57.0000 20.0000
-3.8024116206e-005 7.1283724036e-002 -8.6191849694e-001
0 0 0
4 0 36 4.1500 64.5400 1 36 -125.8300 71.8300 2 36 6.2900 70.0000 3 36 -57.0000 19.8000
-1.9934352932e-005 7.1455514768e-002 -8.6298483754e-001
0 0 0
4 0 37 4.0000 64.5000 1 37 -126.1700 71.8300 2 37 7.2900 69.4300 3 37 -57.0000 19.0000
2.9378183287e-004 7.2125739446e-002 -8.6467576925e-001
0 0 0
4 0 38 4.0000 65.0000 1 38 -127.5700 71.7100 2 38 8.0000 68.8000 3 38 -57.4600 17.8500
2.3573565028e-004 7.2298857692e-002 -8.6664331367e-001
0 0 0
4 0 39 3.5000 65.0000 1 39 -128.3000 71.3000 2 39 9.7100 67.5000 3 39 -57.4700 16.5300
5.4588723212e-004 7.2010486252e-002 -8.6663038769e-001
0 0 0
4 0 40 4.0900 64.5500 1 40 -128.1800 71.1800 2 40 9.5000 67.5000 3 40 -57.5600 16.2500
8.6471120356e-004 7.2061077015e-002 -8.6619571699e-001
0 0 0
4 0 41 4.3700 64.6800 1 41 -128.0000 71.2000 2 41 8.9200 67.6900 3 41 -58.0000 16.6500
2.8011273214e-003 7.2209421348e-002 -8.6441808543e-001
0 0 0
4 0 42 5.7000 64.9000 1 42 -125.6000 72.4000 2 42 7.1800 67.8200 3 42 -60.2100 17.9500
5.9537575802e-003 7.2221157583e-002 -8.6218367655e-001
0 0 0
4 0 43 9.5000 65.0000 1 43 -123.5700 73.7100 2 43 3.7100 68.0000 3 43 -62.5600 19.2500
8.8951019525e-003 7.1451166201e-002 -8.5976998661e-001
0 0 0
4 0 44 12.1100 64.7800 1 44 -120.3300 74.3300 2 44 0.2900 68.0000 3 44 -65.2000 20.0000
1.0564509969e-002 7.1292911105e-002 -8.5948704849e-001
0 0 0
4 0 45 13.7800 64.3300 1 45 -119.5000 74.5000 2 45 -0.6700 67.6700 3 45 -66.8000 20.0000
8.5182549640e-003 7.2437483126e-002 -8.6101552422e-001
0 0 0
4 0 46 11.8900 65.3300 1 46 -121.8000 74.4000 2 46 1.7100 68.0000 3 46 -65.1200 19.8800
2.6724209537e-003 7.0366956999e-002 -8.6089435754e-001
0 0 0
4 0 47 6.8000 64.0000 1 47 -123.8000 71.6000 2 47 3.8800 68.8800 3 47 -59.2000 20.0000
-8.8676536153e-003 6.5117990529e-002 -8.5710640796e-001
0 0 0
4 0 48 -2.0900 60.6400 1 48 -124.5000 67.0000 2 48 6.1700 72.1700 3 48 -46.5000 21.8000
-2.0514880056e-002 5.6778894215e-002 -8.5239818216e-001
0 0 0
4 0 49 -13.7700 52.8500 1 49 -124.0000 61.0000 2 49 6.7100 74.5700 3 49 -35.8200 22.8200
-3.0628405449e-002 4.6626375239e-002 -8.4183079342e-001
0 0 0
4 0 50 -21.7700 44.8500 1 50 -119.0000 54.7500 2 50 2.0000 79.0000 3 50 -25.2000 26.6000
-4.0531575428e-002 3.0808587879e-002 -8.2361706525e-001
0 0 0
4 0 51 -28.2900 33.0000 1 51 -106.0000 45.5000 2 51 -7.7100 83.1400 3 51 -13.6700 33.7800
-4.4907594039e-002 1.8078754091e-002 -8.1162354477e-001
0 0 0
4 0 52 -31.1800 21.8200 1 52 -94.5000 38.5000 2 52 -14.1700 84.1700 3 52 -8.4400 36.6700
-4.4953119810e-002 4.7936854551e-003 -7.9813468563e-001
0 0 0
4 0 53 -30.4200 11.0800 1 53 -81.0000 31.5000 2 53 -26.2900 84.0000 3 53 -6.7100 39.0000
-4.4455333873e-002 -9.6407466534e-003 -7.8716839513e-001
0 0 0
4 0 54 -29.1800 -3.8200 1 54 -68.4300 24.2900 2 54 -35.3300 82.3300 3 54 -6.0000 39.7100
-4.2043860908e-002 -2.4899657070e-002 -7.7693073645e-001
0 0 0
4 0 55 -26.2000 -17.9000 1 55 -54.0000 15.5000 2 55 -45.4000 79.2000 3 55 -6.0000 38.2900
-3.8795881861e-002 -3.4612125509e-002 -7.7334308503e-001
0 0 0
4 0 56 -23.0000 -28.1700 1 56 -46.5000 10.0000 2 56 -50.5000 75.5000 3 56 -7.8300 35.8300
-3.4413365271e-002 -2.8643646392e-002 -7.8014370290e-001
0 0 0
4 0 57 -18.1800 -22.8200 1 57 -52.1700 13.8300 2 57 -47.6000 74.2000 3 57 -11.0000 34.0000
-3.2796740518e-002 -1.2046082901e-002 -7.9195492170e-001
0 0 0
4 0 58 -18.0000 -7.5000 1 58 -66.5700 24.7100 2 58 -39.5000 75.5000 3 58 -14.1700 33.8300
-2.5857747462e-002 1.2963977459e-002 -8.0614920042e-001
0 0 0
4 0 59 -12.7100 17.0700 1 59 -81.1700 40.0000 2 59 -28.6700 78.6700 3 59 -23.8800 35.1200
-1.7399806859e-002 3.6338180772e-002 -8.2228805856e-001
0 0 0
4 0 60 -6.2300 36.8500 1 60 -97.6000 55.8000 2 60 -19.0000 79.2500 3 60 -34.1200 34.1200
-1.0917523632e-002 5.1762878211e-002 -8.3339871311e-001
0 0 0
4 0 61 -1.8300 51.0000 1 61 -106.0000 64.0000 2 61 -10.8000 79.4000 3 61 -43.1700 32.8300
-1.0176974973e-002 6.0585144368e-002 -8.3776306804e-001
0 0 0
4 0 62 -1.7100 58.0000 1 62 -112.0000 69.7500 2 62 -6.2000 81.6000 3 62 -45.8300 34.1700
-9.8023978931e-003 6.5913346528e-002 -8.4231598623e-001
0 0 0
4 0 63 -1.7100 62.0000 1 63 -117.0000 72.7500 2 63 -2.4000 81.8000 3 63 -47.0000 33.5000
-9.3357163449e-003 7.1873752859e-002 -8.5243388014e-001
0 0 0
4 0 64 -2.2000 66.5000 1 64 -124.3300 73.6700 2 64 6.0000 79.5000 3 64 -48.4400 28.6700
-1.1810393688e-002 7.6505969977e-002 -8.6234324091e-001
0 0 0
4 0 65 -6.0000 69.3100 1 65 -134.0000 73.5000 2 65 14.0000 77.0000 3 65 -47.3600 24.0900
-1.3931054291e-002 7.9110836381e-002 -8.7220481256e-001
0 0 0
4 0 66 -9.1800 70.1800 1 66 -141.7500 72.0000 2 66 22.2000 73.6000 3 66 -46.0000 18.0000
-1.6008106303e-002 8.0904109483e-002 -8.8050546047e-001
0 0 0
4 0 67 -12.0000 70.8000 1 67 -147.3300 70.6700 2 67 29.8300 70.1700 3 67 -44.0900 12.6400
-1.5871981210e-002 8.3025278308e-002 -8.8964801004e-001
0 0 0
4 0 68 -12.8100 71.3100 1 68 -153.5700 69.7100 2 68 36.0000 66.0000 3 68 -44.3300 6.0000
-1.5316522134e-002 8.5476842270e-002 -8.9881707033e-001
0 0 0
4 0 69 -13.1200 72.6700 1 69 -158.5000 68.5000 2 69 43.2900 61.2900 3 69 -44.9600 -0.2000
-1.3205377300e-002 8.8909727822e-002 -9.0743572520e-001
0 0 0
4 0 70 -12.4300 74.0000 1 70 -164.1800 68.8200 2 70 48.5900 57.7600 3 70 -48.0000 -6.5000
-8.4334860537e-003 9.3634352491e-002 -9.1664407139e-001
0 0 0
4 0 71 -9.9100 76.4300 1 71 -168.5000 70.5000 2 71 53.9400 53.5000 3 71 -54.0900 -13.5700
-5.5283160920e-003 9.8950234285e-002 -9.2805556574e-001
0 0 0
4 0 72 -8.6300 79.2600 1 72 -174.6200 71.7500 2 72 62.6900 47.8800 3 72 -57.9200 -21.5600
-7.6994814492e-003 1.0049440082e-001 -9.3711265592e-001
0 0 0
4 0 73 -11.3000 79.1500 1 73 -180.0000 70.0000 2 73 71.7600 43.4100 3 73 -55.7700 -28.1900
-1.0992628078e-002 1.0207050236e-001 -9.5124044825e-001
0 0 0
4 0 74 -15.0000 78.8600 1 74 -193.5000 65.5000 2 74 80.4700 38.0000 3 74 -53.0800 -41.0800
-1.4290901886e-002 1.0229874511e-001 -9.6367847064e-001
0 0 0
4 0 75 -19.1900 77.1000 1 75 -200.2500 61.6200 2 75 92.5300 30.5300 3 75 -49.3700 -51.3300
-2.1314470464e-002 9.8501802906e-002 -9.7048700077e-001
0 0 0
4 0 76 -25.5000 73.5000 1 76 -206.5000 55.8000 2 76 98.0000 28.0000 3 76 -40.7800 -59.4800
-3.2128660069e-002 9.2098906204e-002 -9.7162203014e-001
0 0 0
4 0 77 -33.4200 69.1100 1 77 -209.5000 50.2000 2 77 100.6900 28.1200 3 77 -26.0700 -62.4100
-4.6762449740e-002 8.0976422935e-002 -9.6491208753e-001
0 0 0
4 0 78 -45.3300 61.6700 1 78 -209.5000 40.0000 2 78 98.5600 32.1100 3 78 -9.5000 -57.5000
-6.0269249974e-002 6.8671328302e-002 -9.4908021880e-001
0 0 0
4 0 79 -53.6700 54.0000 1 79 -203.6700 32.7500 2 79 89.4400 39.8900 3 79 6.8000 -45.4400
-7.0518478422e-002 5.2988715427e-002 -9.2384095662e-001
0 0 0
4 0 80 -60.3300 45.2400 1 80 -189.5400 25.1500 2 80 71.0000 51.0000 3 80 17.8200 -29.5500
-7.6572662489e-002 3.7009477879e-002 -8.9810896931e-001
0 0 0
4 0 81 -65.0900 33.2200 1 81 -171.7600 19.8800 2 81 53.0000 59.0000 3 81 23.2300 -14.4200
-7.8006353060e-002 2.1699649543e-002 -8.6766096544e-001
0 0 0
4 0 82 -65.5500 22.7300 1 82 -149.6200 16.1900 2 82 29.1100 68.5800 3 82 23.7100 1.5700
-7.2655288244e-002 5.3158238129e-003 -8.3283771937e-001
0 0 0
4 0 83 -59.8300 10.3000 1 83 -114.8400 15.3200 2 83 7.0000 75.5000 3 83 18.3300 18.8300
-6.3290977018e-002 -7.1330069984e-003 -8.0501570388e-001
0 0 0
4 0 84 -50.1200 -0.4800 1 84 -89.1100 15.5800 2 84 -17.1700 80.3300 3 84 9.2100 31.0500
-5.2310291385e-002 -1.7328299279e-002 -7.8503779299e-001
0 0 0
4 0 85 -36.5000 -11.5000 1 85 -66.5600 16.7200 2 85 -32.6700 82.2700 3 85 0.8900 38.8900
-4.2157585498e-002 -2.8187089462e-002 -7.6771580293e-001
0 0 0
4 0 86 -24.8800 -21.5000 1 86 -46.2500 15.5600 2 86 -49.7100 82.5000 3 86 -6.0000 42.7300
-3.8156383498e-002 -3.6251404970e-002 -7.6260014551e-001
0 0 0
4 0 87 -20.1800 -30.5700 1 87 -38.8700 12.4700 2 87 -56.5000 80.0000 3 87 -7.6900 41.7500
-4.0173875161e-002 -4.3785088203e-002 -7.6727945483e-001
0 0 0
4 0 88 -22.8800 -38.4000 1 88 -39.8600 4.7100 2 88 -54.2300 74.8500 3 88 -5.0000 36.0000
-4.5280315673e-002 -4.8841033397e-002 -7.8295692253e-001
0 0 0
4 0 89 -29.3200 -42.7600 1 89 -51.4400 -6.3800 2 89 -45.6400 67.0700 3 89 0.2700 25.3300
-5.0557655254e-002 -5.3406528884e-002 -8.0418170272e-001
0 0 0
4 0 90 -37.7600 -46.5200 1 90 -63.1700 -14.7200 2 90 -31.8500 55.4600 3 90 6.7900 9.0500
-5.4273369993e-002 -5.2488823603e-002 -8.3045618744e-001
0 0 0
4 0 91 -43.2900 -44.3800 1 91 -81.7900 -22.6400 2 91 -16.5000 44.2900 3 91 11.3300 -7.0000
-5.5682129541e-002 -4.9042687421e-002 -8.5437909557e-001
0 0 0
4 0 92 -45.5800 -41.1100 1 92 -101.5000 -28.0000 2 92 -4.6700 35.5300 3 92 12.9400 -20.8900
-5.2431559830e-002 -4.5256940443e-002 -8.7510610165e-001
0 0 0
4 0 93 -44.7800 -37.5000 1 93 -113.1400 -28.5700 2 93 6.1500 25.4600 3 93 11.3300 -35.0000
-4.8914092902e-002 -3.4203352049e-002 -8.9242656159e-001
0 0 0
4 0 94 -42.4400 -28.2500 1 94 -127.2200 -23.8900 2 94 16.0000 20.0000 3 94 8.1500 -43.4600
-4.6574352330e-002 -1.7873869027e-002 -9.1052532203e-001
0 0 0
4 0 95 -41.5000 -13.5000 1 95 -141.4300 -16.7100 2 95 30.1800 16.8200 3 95 5.1800 -51.8200
-4.4784077204e-002 2.1149011086e-003 -9.2638863602e-001
0 0 0
4 0 96 -41.0000 3.0000 1 96 -157.6400 -6.0900 2 96 43.4400 16.3800 3 96 1.6200 -57.4400
-4.1271604163e-002 2.3295809815e-002 -9.4039530239e-001
0 0 0
4 0 97 -38.8100 18.9000 1 97 -171.1500 6.2300 2 97 58.3100 16.9400 3 97 -4.6200 -61.0500
-3.4777123683e-002 4.8477395051e-002 -9.5208022472e-001
0 0 0
4 0 98 -33.8900 39.0600 1 98 -182.8200 20.9100 2 98 72.5900 19.7600 3 98 -15.2100 -61.8800
-2.5835011760e-002 7.3943483239e-002 -9.5994754547e-001
0 0 0
4 0 99 -27.4000 56.7500 1 99 -193.3300 40.4700 2 99 82.5600 23.6200 3 99 -29.1900 -59.8800
-1.4672546921e-002 9.7074876153e-002 -9.6662754183e-001
0 0 0
4 0 100 -18.2000 73.9000 1 100 -199.4600 57.8500 2 100 91.9000 26.0500 3 100 -45.5000 -57.7500
-2.1505802521e-003 1.1214527153e-001 -9.7309302347e-001
0 0 0
4 0 101 -9.3500 84.0000 1 101 -202.1800 68.8200 2 101 97.4700 24.5300 3 101 -63.8200 -59.2100
