# Bundle file v0.3
4 102
7.2433879863e+002 -1.1654040936e-002 -1.8332393517e-004
9.9993766649e-001 -9.8497087758e-003 5.2579818387e-003
9.9013822772e-003 9.9990203318e-001 -9.8937690643e-003
-5.1600159870e-003 9.9452136391e-003 9.9993723151e-001
4.1216782478e-003 -6.9028590810e-003 2.2540944678e-002
7.5550510845e+002 4.6015744699e-002 5.6024461602e-003
2.1645053121e-001 -3.7923981211e-001 8.9962566240e-001
2.8592928542e-001 9.0569006938e-001 3.1300150473e-001
-9.3348466044e-001 1.8947998083e-001 3.0447286511e-001
6.4403511332e-001 2.9383696928e-001 -7.0711669588e-001
0 0 0
0 0 0
0 0 0
0 0 0
0 0 0
0 0 0
0 0 0
0 0 0
0 0 0
0 0 0
-8.5367543481e-003 5.2661317437e-002 -8.8192313143e-001
0 0 0
2 0 0 -8.0000 46.6900 1 0 -135.0000 49.0000
-1.0968821098e-002 4.4259374298e-002 -8.8040372507e-001
0 0 0
2 0 1 -10.0000 39.5000 1 1 -132.0000 43.0000
-1.3947978220e-002 3.6439364508e-002 -8.7878693958e-001
0 0 0
2 0 2 -12.4000 33.6000 1 2 -129.0000 36.5000
-1.7870470845e-002 2.6948190029e-002 -8.7676269212e-001
0 0 0
2 0 3 -15.7500 24.6700 1 3 -126.0000 30.2900
-1.9453083383e-002 1.6966437516e-002 -8.7696940971e-001
0 0 0
2 0 4 -17.0000 16.2000 1 4 -123.3300 22.6700
-2.0791532451e-002 1.0866360214e-002 -8.8181326201e-001
0 0 0
2 0 5 -18.0000 11.0000 1 5 -125.0000 16.7500
-2.3374167573e-002 9.5140036788e-003 -8.8849143908e-001
0 0 0
2 0 6 -20.0900 9.3600 1 6 -130.0000 14.0000
-2.7375625169e-002 1.3602308431e-002 -9.0010273261e-001
0 0 0
2 0 7 -23.2500 12.3300 1 7 -140.5000 13.5000
-3.1001353278e-002 2.2802811803e-002 -9.0854299684e-001
0 0 0
2 0 8 -26.0000 20.8000 1 8 -150.0000 16.2500
-3.5435104717e-002 3.3003039117e-002 -9.2189266872e-001
0 0 0
2 0 9 -29.4400 27.6700 1 9 -164.2000 20.4000
-4.1442347904e-002 4.2067896764e-002 -9.3196338370e-001
0 0 0
2 0 10 -34.0000 34.8000 1 10 -176.0000 23.0000
-4.9311013164e-002 4.9106276180e-002 -9.3930636010e-001
0 0 0
2 0 11 -40.0000 40.5000 1 11 -186.0000 24.2500
-5.7791692462e-002 5.4432127528e-002 -9.4458063186e-001
0 0 0
2 0 12 -46.5000 44.5000 1 12 -194.5000 25.0000
-6.8946030724e-002 5.7590445105e-002 -9.4667838677e-001
0 0 0
2 0 13 -55.2000 46.6000 1 13 -201.3300 24.6700
-7.9823434717e-002 5.5199564352e-002 -9.4385708187e-001
0 0 0
2 0 14 -63.9100 44.6400 1 14 -202.8000 21.4000
-8.6183533853e-002 4.9460207488e-002 -9.3744429110e-001
0 0 0
2 0 15 -69.3300 40.2500 1 15 -198.8000 17.4000
-8.9001931482e-002 4.1740477736e-002 -9.2602790864e-001
0 0 0
2 0 16 -72.3100 34.9200 1 16 -189.0000 13.5000
-8.8352224130e-002 3.5629789450e-002 -9.1408514681e-001
0 0 0
2 0 17 -72.6700 30.0800 1 17 -178.2500 12.3800
-8.4417547095e-002 3.5103502788e-002 -9.0735825290e-001
0 0 0
2 0 18 -70.0000 29.5000 1 18 -172.0000 15.0000
-8.2684038283e-002 3.7213197400e-002 -9.0275569430e-001
0 0 0
2 0 19 -68.9100 31.6400 1 19 -168.8000 18.0000
-6.9648763132e-002 4.7305951135e-002 -8.9582905759e-001
0 0 0
2 0 20 -58.6700 40.5600 1 20 -162.8200 30.1800
-5.1805645416e-002 5.7627367333e-002 -8.8865421211e-001
0 0 0
2 0 21 -44.3300 49.0000 1 21 -155.5000 44.1200
-3.6185398090e-002 6.5241331039e-002 -8.8663575488e-001
0 0 0
2 0 22 -31.3300 56.2500 1 22 -151.3300 52.6700
-1.7745706355e-002 7.2144512348e-002 -8.8181628146e-001
0 0 0
2 0 23 -16.0000 62.2900 1 23 -144.5000 62.5000
-1.0894740551e-002 7.6476503552e-002 -8.7907688075e-001
0 0 0
2 0 24 -10.2900 66.0000 1 24 -142.0000 67.7500
-3.3073519221e-003 8.0595883308e-002 -8.7609754289e-001
0 0 0
2 0 25 -3.9000 69.8000 1 25 -139.0000 72.7500
-3.2982065764e-004 8.0583202192e-002 -8.7239024488e-001
0 0 0
2 0 26 -1.3600 70.0900 1 26 -135.6000 74.2000
3.5156884980e-003 7.7861268167e-002 -8.6775142864e-001
0 0 0
2 0 27 2.0000 68.5000 1 27 -130.3300 73.6700
3.6712310496e-003 7.6023296645e-002 -8.6505140453e-001
0 0 0
2 0 28 2.1400 66.7100 1 28 -128.0000 73.5000
5.9471269319e-003 7.5294499311e-002 -8.6172548009e-001
0 0 0
2 0 29 4.1500 66.5400 1 29 -124.8000 74.0000
6.4071331395e-003 7.3881210154e-002 -8.6060126852e-001
0 0 0
2 0 30 4.5600 65.2500 1 30 -123.5000 73.5000
6.5577179906e-003 7.3144639074e-002 -8.5904677844e-001
0 0 0
2 0 31 4.7200 64.8300 1 31 -122.1400 73.2900
5.4175166589e-003 7.2473736956e-002 -8.6162051185e-001
0 0 0
2 0 32 3.7100 64.0000 1 32 -124.0000 72.0000
5.0407642940e-003 7.3091746344e-002 -8.6296089260e-001
0 0 0
2 0 33 3.3700 64.4700 1 33 -125.2000 72.0000
5.1967226442e-003 7.3636743888e-002 -8.6401993943e-001
0 0 0
2 0 34 3.5000 65.0000 1 34 -126.0000 72.0000
5.7887046641e-003 7.3440420270e-002 -8.6431572061e-001
0 0 0
2 0 35 4.0000 64.6900 1 35 -126.0000 72.0000
5.9566647301e-003 7.3212410161e-002 -8.6426560896e-001
0 0 0
2 0 36 4.1500 64.5400 1 36 -125.8300 71.8300
5.7930720139e-003 7.3280313974e-002 -8.6463516317e-001
0 0 0
2 0 37 4.0000 64.5000 1 37 -126.1700 71.8300
5.8120277026e-003 7.3908866632e-002 -8.6647070043e-001
0 0 0
2 0 38 4.0000 65.0000 1 38 -127.5700 71.7100
5.2325047784e-003 7.3897795696e-002 -8.6734717937e-001
0 0 0
2 0 39 3.5000 65.0000 1 39 -128.3000 71.3000
5.9285030953e-003 7.3518781541e-002 -8.6760675281e-001
0 0 0
2 0 40 4.0900 64.5500 1 40 -128.1800 71.1800
6.2470775356e-003 7.3559698980e-002 -8.6749787954e-001
0 0 0
2 0 41 4.3700 64.6800 1 41 -128.0000 71.2000
7.7657794797e-003 7.3658419185e-002 -8.6448525338e-001
0 0 0
2 0 42 5.7000 64.9000 1 42 -125.6000 72.4000
1.2171198193e-002 7.3821941776e-002 -8.6320405319e-001
0 0 0
2 0 43 9.5000 65.0000 1 43 -123.5700 73.7100
1.5109109401e-002 7.3109303906e-002 -8.6002306621e-001
0 0 0
2 0 44 12.1100 64.7800 1 44 -120.3300 74.3300
1.7037182935e-002 7.2678755100e-002 -8.5975484237e-001
0 0 0
2 0 45 13.7800 64.3300 1 45 -119.5000 74.5000
1.4900441337e-002 7.3889159843e-002 -8.6176415315e-001
0 0 0
2 0 46 11.8900 65.3300 1 46 -121.8000 74.4000
8.9877505421e-003 7.2191245417e-002 -8.6316094331e-001
0 0 0
2 0 47 6.8000 64.0000 1 47 -123.8000 71.6000
-1.3890960449e-003 6.7999633268e-002 -8.6184521677e-001
0 0 0
2 0 48 -2.0900 60.6400 1 48 -124.5000 67.0000
-1.4849061085e-002 6.0144627398e-002 -8.5854896338e-001
0 0 0
2 0 49 -13.7700 52.8500 1 49 -124.0000 61.0000
-2.3965345701e-002 5.0960976737e-002 -8.5164170551e-001
0 0 0
2 0 50 -21.7700 44.8500 1 50 -119.0000 54.7500
-3.1158960290e-002 3.6157008240e-002 -8.3738867210e-001
0 0 0
2 0 51 -28.2900 33.0000 1 51 -106.0000 45.5000
-3.4099799047e-002 2.3410063333e-002 -8.2588530975e-001
0 0 0
2 0 52 -31.1800 21.8200 1 52 -94.5000 38.5000
-3.3035806872e-002 1.0551724984e-002 -8.1367142784e-001
0 0 0
2 0 53 -30.4200 11.0800 1 53 -81.0000 31.5000
-3.1354852047e-002 -4.5881206077e-003 -8.0306625560e-001
0 0 0
2 0 54 -29.1800 -3.8200 1 54 -68.4300 24.2900
-2.8056504468e-002 -2.0247852391e-002 -7.9155469356e-001
0 0 0
2 0 55 -26.2000 -17.9000 1 55 -54.0000 15.5000
-2.4608866143e-002 -3.0714243919e-002 -7.8671608975e-001
0 0 0
2 0 56 -23.0000 -28.1700 1 56 -46.5000 10.0000
-1.9557929041e-002 -2.5078438315e-002 -7.9355191969e-001
0 0 0
2 0 57 -18.1800 -22.8200 1 57 -52.1700 13.8300
-1.9279227631e-002 -7.7928216028e-003 -8.0553173953e-001
0 0 0
2 0 58 -18.0000 -7.5000 1 58 -66.5700 24.7100
-1.3615666539e-002 1.7516584437e-002 -8.1750351618e-001
0 0 0
2 0 59 -12.7100 17.0700 1 59 -81.1700 40.0000
-6.2111546688e-003 4.0983203913e-002 -8.3250841058e-001
0 0 0
2 0 60 -6.2300 36.8500 1 60 -97.6000 55.8000
-1.2530315352e-003 5.5767813010e-002 -8.4042174880e-001
0 0 0
2 0 61 -1.8300 51.0000 1 61 -106.0000 64.0000
-9.7581872181e-004 6.4511432786e-002 -8.4493860822e-001
0 0 0
2 0 62 -1.7100 58.0000 1 62 -112.0000 69.7500
-8.8141354282e-004 6.9801065660e-002 -8.4963259784e-001
0 0 0
2 0 63 -1.7100 62.0000 1 63 -117.0000 72.7500
-1.4151541782e-003 7.5005524815e-002 -8.5796231674e-001
0 0 0
2 0 64 -2.2000 66.5000 1 64 -124.3300 73.6700
-5.7728904608e-003 7.9300271625e-002 -8.6819988031e-001
0 0 0
2 0 65 -6.0000 69.3100 1 65 -134.0000 73.5000
-9.5224541425e-003 8.1204979002e-002 -8.7701181160e-001
0 0 0
2 0 66 -9.1800 70.1800 1 66 -141.7500 72.0000
-1.2906526901e-002 8.2445292999e-002 -8.8312288937e-001
0 0 0
2 0 67 -12.0000 70.8000 1 67 -147.3300 70.6700
-1.3934585962e-002 8.4006713495e-002 -8.9105375263e-001
0 0 0
2 0 68 -12.8100 71.3100 1 68 -153.5700 69.7100
-1.4416959891e-002 8.5596486358e-002 -8.9761823402e-001
0 0 0
2 0 69 -13.1200 72.6700 1 69 -158.5000 68.5000
-1.3624488117e-002 8.8221873785e-002 -9.0508657529e-001
0 0 0
2 0 70 -12.4300 74.0000 1 70 -164.1800 68.8200
-1.0561230226e-002 9.1911440314e-002 -9.1121898221e-001
0 0 0
2 0 71 -9.9100 76.4300 1 71 -168.5000 70.5000
-9.0018511896e-003 9.6173176650e-002 -9.1912583251e-001
0 0 0
2 0 72 -8.6300 79.2600 1 72 -174.6200 71.7500
-1.2358924634e-002 9.6715962141e-002 -9.2526337616e-001
0 0 0
2 0 73 -11.3000 79.1500 1 73 -180.0000 70.0000
-1.7223550487e-002 9.8046187758e-002 -9.4258420374e-001
0 0 0
2 0 74 -15.0000 78.8600 1 74 -193.5000 65.5000
-2.2713117038e-002 9.6744843864e-002 -9.5050215050e-001
0 0 0
2 0 75 -19.1900 77.1000 1 75 -200.2500 61.6200
-3.1014788735e-002 9.3007319881e-002 -9.5724723003e-001
0 0 0
2 0 76 -25.5000 73.5000 1 76 -206.5000 55.8000
-4.1294545349e-002 8.7931109854e-002 -9.5843461827e-001
0 0 0
2 0 77 -33.4200 69.1100 1 77 -209.5000 50.2000
-5.6633197980e-002 7.7557465033e-002 -9.5524388532e-001
0 0 0
2 0 78 -45.3300 61.6700 1 78 -209.5000 40.0000
-6.6832542721e-002 6.7266989125e-002 -9.4613295677e-001
0 0 0
2 0 79 -53.6700 54.0000 1 79 -203.6700 32.7500
-7.4186227866e-002 5.4120163893e-002 -9.2863385903e-001
0 0 0
2 0 80 -60.3300 45.2400 1 80 -189.5400 25.1500
-7.8396171671e-002 3.9725429462e-002 -9.0772087009e-001
0 0 0
2 0 81 -65.0900 33.2200 1 81 -171.7600 19.8800
-7.7073198954e-002 2.6241284842e-002 -8.8377678833e-001
0 0 0
2 0 82 -65.5500 22.7300 1 82 -149.6200 16.1900
-6.7712377056e-002 1.0433397383e-002 -8.4730318834e-001
0 0 0
2 0 83 -59.8300 10.3000 1 83 -114.8400 15.3200
-5.5191737459e-002 -1.6665594730e-003 -8.2227986885e-001
0 0 0
2 0 84 -50.1200 -0.4800 1 84 -89.1100 15.5800
-3.9267385710e-002 -1.2844844218e-002 -8.0154328913e-001
0 0 0
2 0 85 -36.5000 -11.5000 1 85 -66.5600 16.7200
-2.6435059778e-002 -2.3719854874e-002 -7.8282399845e-001
0 0 0
2 0 86 -24.8800 -21.5000 1 86 -46.2500 15.5600
-2.1370508289e-002 -3.2288769022e-002 -7.7745208890e-001
0 0 0
2 0 87 -20.1800 -30.5700 1 87 -38.8700 12.4700
-2.4363912165e-002 -4.0596835868e-002 -7.8153523584e-001
0 0 0
2 0 88 -22.8800 -38.4000 1 88 -39.8600 4.7100
-3.1845205631e-002 -4.6764972932e-002 -7.9842976454e-001
0 0 0
2 0 89 -29.3200 -42.7600 1 89 -51.4400 -6.3800
-4.1496105322e-002 -5.0965904945e-002 -8.1307262077e-001
0 0 0
2 0 90 -37.7600 -46.5200 1 90 -63.1700 -14.7200
-4.8879458515e-002 -5.0638689648e-002 -8.3674764576e-001
0 0 0
2 0 91 -43.2900 -44.3800 1 91 -81.7900 -22.6400
-5.2847191086e-002 -4.8335120152e-002 -8.6200836491e-001
0 0 0
2 0 92 -45.5800 -41.1100 1 92 -101.5000 -28.0000
-5.2661640153e-002 -4.4650643144e-002 -8.7683768224e-001
0 0 0
2 0 93 -44.7800 -37.5000 1 93 -113.1400 -28.5700
-5.0584362044e-002 -3.4058244930e-002 -8.9283924976e-001
0 0 0
2 0 94 -42.4400 -28.2500 1 94 -127.2200 -23.8900
-5.0196467420e-002 -1.8097818857e-002 -9.0669847430e-001
0 0 0
2 0 95 -41.5000 -13.5000 1 95 -141.4300 -16.7100
-5.0144764427e-002 1.6672007467e-003 -9.2093688514e-001
0 0 0
2 0 96 -41.0000 3.0000 1 96 -157.6400 -6.0900
-4.7751812034e-002 2.1606034835e-002 -9.3210738192e-001
0 0 0
2 0 97 -38.8100 18.9000 1 97 -171.1500 6.2300
-4.1897422391e-002 4.5238551073e-002 -9.4129892111e-001
0 0 0
2 0 98 -33.8900 39.0600 1 98 -182.8200 20.9100
-3.3449475619e-002 7.0091943696e-002 -9.4810596351e-001
0 0 0
2 0 99 -27.4000 56.7500 1 99 -193.3300 40.4700
-2.1553117448e-002 9.2402599656e-002 -9.5236400723e-001
0 0 0
2 0 100 -18.2000 73.9000 1 100 -199.4600 57.8500
-1.0079124942e-002 1.0590529728e-001 -9.5584547735e-001
0 0 0
2 0 101 -9.3500 84.0000 1 101 -202.1800 68.8200
