# Bundle file v0.3
4 102
7.6800000000e+002 0.0000000000e+000 0.0000000000e+000
1.0000000000e+000 0.0000000000e+000 0.0000000000e+000
0.0000000000e+000 1.0000000000e+000 0.0000000000e+000
0.0000000000e+000 0.0000000000e+000 1.0000000000e+000
-0.0000000000e+000 -0.0000000000e+000 -0.0000000000e+000
7.6800000000e+002 0.0000000000e+000 0.0000000000e+000
2.1193390498e-001 -3.7143719819e-001 9.0394603142e-001
2.8886362321e-001 9.0743776667e-001 3.0514669718e-001
-9.3361760218e-001 1.9644619470e-001 2.9961152428e-001
6.5148124775e-001 2.8581591316e-001 -7.0276699383e-001
0 0 0
0 0 0
0 0 0
0 0 0
0 0 0
0 0 0
0 0 0
0 0 0
0 0 0
0 0 0
-9.3030597548e-003 5.2491671341e-002 -8.8171524874e-001
0 0 0
2 0 0 -8.0000 46.6900 1 0 -135.0000 49.0000
-1.1568751298e-002 4.4309100836e-002 -8.8022176716e-001
0 0 0
2 0 1 -10.0000 39.5000 1 1 -132.0000 43.0000
-1.4388963518e-002 3.6696594350e-002 -8.7861482210e-001
0 0 0
2 0 2 -12.4000 33.6000 1 2 -129.0000 36.5000
-1.8066278223e-002 2.7444036236e-002 -8.7667000320e-001
0 0 0
2 0 3 -15.7500 24.6700 1 3 -126.0000 30.2900
-1.9507775610e-002 1.7727701933e-002 -8.7683619153e-001
0 0 0
2 0 4 -17.0000 16.2000 1 4 -123.3300 22.6700
-2.0770895095e-002 1.1793664509e-002 -8.8152978621e-001
0 0 0
2 0 5 -18.0000 11.0000 1 5 -125.0000 16.7500
-2.3277530942e-002 1.0471944561e-002 -8.8806353845e-001
0 0 0
2 0 6 -20.0900 9.3600 1 6 -130.0000 14.0000
-2.7229068311e-002 1.4440191920e-002 -8.9943761131e-001
0 0 0
2 0 7 -23.2500 12.3300 1 7 -140.5000 13.5000
-3.0880295046e-002 2.3389322412e-002 -9.0770290226e-001
0 0 0
2 0 8 -26.0000 20.8000 1 8 -150.0000 16.2500
-3.5285769592e-002 3.3289074833e-002 -9.2085170103e-001
0 0 0
2 0 9 -29.4400 27.6700 1 9 -164.2000 20.4000
-4.1216610870e-002 4.2092509873e-002 -9.3078997931e-001
0 0 0
2 0 10 -34.0000 34.8000 1 10 -176.0000 23.0000
-4.8920368768e-002 4.8926833362e-002 -9.3809239477e-001
0 0 0
2 0 11 -40.0000 40.5000 1 11 -186.0000 24.2500
-5.7182851561e-002 5.4095748937e-002 -9.4340124655e-001
0 0 0
2 0 12 -46.5000 44.5000 1 12 -194.5000 25.0000
-6.7993815144e-002 5.7155050971e-002 -9.4565761442e-001
0 0 0
2 0 13 -55.2000 46.6000 1 13 -201.3300 24.6700
-7.8478584797e-002 5.4815912599e-002 -9.4306915460e-001
0 0 0
2 0 14 -63.9100 44.6400 1 14 -202.8000 21.4000
-8.4560708139e-002 4.9219369532e-002 -9.3686956314e-001
0 0 0
2 0 15 -69.3300 40.2500 1 15 -198.8000 17.4000
-8.7203502179e-002 4.1700940391e-002 -9.2568847282e-001
0 0 0
2 0 16 -72.3100 34.9200 1 16 -189.0000 13.5000
-8.6488804772e-002 3.5746529635e-002 -9.1397545986e-001
0 0 0
2 0 17 -72.6700 30.0800 1 17 -178.2500 12.3800
-8.2654128133e-002 3.5237757105e-002 -9.0735328553e-001
0 0 0
2 0 18 -70.0000 29.5000 1 18 -172.0000 15.0000
-8.0995467879e-002 3.7299903268e-002 -9.0283431592e-001
0 0 0
2 0 19 -68.9100 31.6400 1 19 -168.8000 18.0000
-6.8462245721e-002 4.7160567167e-002 -8.9594745439e-001
0 0 0
2 0 20 -58.6700 40.5600 1 20 -162.8200 30.1800
-5.1246281257e-002 5.7243539036e-002 -8.8881211332e-001
0 0 0
2 0 21 -44.3300 49.0000 1 21 -155.5000 44.1200
-3.6197646812e-002 6.4688875013e-002 -8.8669181510e-001
0 0 0
2 0 22 -31.3300 56.2500 1 22 -151.3300 52.6700
-1.8379681092e-002 7.1442244484e-002 -8.8184948179e-001
0 0 0
2 0 23 -16.0000 62.2900 1 23 -144.5000 62.5000
-1.1767900589e-002 7.5673788758e-002 -8.7914699973e-001
0 0 0
2 0 24 -10.2900 66.0000 1 24 -142.0000 67.7500
-4.4434113404e-003 7.9701004463e-002 -8.7619899567e-001
0 0 0
2 0 25 -3.9000 69.8000 1 25 -139.0000 72.7500
-1.5393771465e-003 7.9698005684e-002 -8.7256848677e-001
0 0 0
2 0 26 -1.3600 70.0900 1 26 -135.6000 74.2000
2.2279425665e-003 7.7059897408e-002 -8.6799887444e-001
0 0 0
2 0 27 2.0000 68.5000 1 27 -130.3300 73.6700
2.4207803279e-003 7.5271637013e-002 -8.6537748500e-001
0 0 0
2 0 28 2.1400 66.7100 1 28 -128.0000 73.5000
4.6472313883e-003 7.4570365403e-002 -8.6211690442e-001
0 0 0
2 0 29 4.1500 66.5400 1 29 -124.8000 74.0000
5.1161867107e-003 7.3195129557e-002 -8.6101767145e-001
0 0 0
2 0 30 4.5600 65.2500 1 30 -123.5000 73.5000
5.2755096677e-003 7.2480053360e-002 -8.5949960235e-001
0 0 0
2 0 31 4.7200 64.8300 1 31 -122.1400 73.2900
4.1629314993e-003 7.1821213969e-002 -8.6200626489e-001
0 0 0
2 0 32 3.7100 64.0000 1 32 -124.0000 72.0000
3.7835902278e-003 7.2421151562e-002 -8.6331360992e-001
0 0 0
2 0 33 3.3700 64.4700 1 33 -125.2000 72.0000
3.9203258360e-003 7.2951563206e-002 -8.6433936044e-001
0 0 0
2 0 34 3.5000 65.0000 1 34 -126.0000 72.0000
4.4969185965e-003 7.2760507576e-002 -8.6462372505e-001
0 0 0
2 0 35 4.0000 64.6900 1 35 -126.0000 72.0000
4.6610105543e-003 7.2538915431e-002 -8.6457083843e-001
0 0 0
2 0 36 4.1500 64.5400 1 36 -125.8300 71.8300
4.5014423967e-003 7.2604063521e-002 -8.6493376259e-001
0 0 0
2 0 37 4.0000 64.5000 1 37 -126.1700 71.8300
4.5011529380e-003 7.3214469945e-002 -8.6671645186e-001
0 0 0
2 0 38 4.0000 65.0000 1 38 -127.5700 71.7100
3.9329104211e-003 7.3201944280e-002 -8.6757035862e-001
0 0 0
2 0 39 3.5000 65.0000 1 39 -128.3000 71.3000
4.6117038013e-003 7.2833218579e-002 -8.6781697793e-001
0 0 0
2 0 40 4.0900 64.5500 1 40 -128.1800 71.1800
4.9184978557e-003 7.2874080737e-002 -8.6770583165e-001
0 0 0
2 0 41 4.3700 64.6800 1 41 -128.0000 71.2000
6.4088492914e-003 7.2976134453e-002 -8.6477060079e-001
0 0 0
2 0 42 5.7000 64.9000 1 42 -125.6000 72.4000
1.0686939504e-002 7.3144142539e-002 -8.6349265984e-001
0 0 0
2 0 43 9.5000 65.0000 1 43 -123.5700 73.7100
1.3556227762e-002 7.2459857600e-002 -8.6037045778e-001
0 0 0
2 0 44 12.1100 64.7800 1 44 -120.3300 74.3300
1.5432413093e-002 7.2044084612e-002 -8.6009392637e-001
0 0 0
2 0 45 13.7800 64.3300 1 45 -119.5000 74.5000
1.3335783166e-002 7.3216890329e-002 -8.6206624773e-001
0 0 0
2 0 46 11.8900 65.3300 1 46 -121.8000 74.4000
7.6076213139e-003 7.1551804597e-002 -8.6345677965e-001
0 0 0
2 0 47 6.8000 64.0000 1 47 -123.8000 71.6000
-2.4069594287e-003 6.7452674011e-002 -8.6224231248e-001
0 0 0
2 0 48 -2.0900 60.6400 1 48 -124.5000 67.0000
-1.5338203690e-002 5.9773082525e-002 -8.5915266271e-001
0 0 0
2 0 49 -13.7700 52.8500 1 49 -124.0000 61.0000
-2.4054444365e-002 5.0807283007e-002 -8.5247781950e-001
0 0 0
2 0 50 -21.7700 44.8500 1 50 -119.0000 54.7500
-3.0851032470e-002 3.6362881187e-002 -8.3857373514e-001
0 0 0
2 0 51 -28.2900 33.0000 1 51 -106.0000 45.5000
-3.3537615002e-002 2.3917861517e-002 -8.2733918331e-001
0 0 0
2 0 52 -31.1800 21.8200 1 52 -94.5000 38.5000
-3.2348168492e-002 1.1367918213e-002 -8.1535169397e-001
0 0 0
2 0 53 -30.4200 11.0800 1 53 -81.0000 31.5000
-3.0501895992e-002 -3.4227568650e-003 -8.0497559554e-001
0 0 0
2 0 54 -29.1800 -3.8200 1 54 -68.4300 24.2900
-2.7108331854e-002 -1.8717466986e-002 -7.9363977548e-001
0 0 0
2 0 55 -26.2000 -17.9000 1 55 -54.0000 15.5000
-2.3624866718e-002 -2.8935339681e-002 -7.8886511475e-001
0 0 0
2 0 56 -23.0000 -28.1700 1 56 -46.5000 10.0000
-1.8794071014e-002 -2.3395647774e-002 -7.9553054280e-001
0 0 0
2 0 57 -18.1800 -22.8200 1 57 -52.1700 13.8300
-1.8723760647e-002 -6.5082974027e-003 -8.0731447057e-001
0 0 0
2 0 58 -18.0000 -7.5000 1 58 -66.5700 24.7100
-1.3552075051e-002 1.8218550365e-002 -8.1899811109e-001
0 0 0
2 0 59 -12.7100 17.0700 1 59 -81.1700 40.0000
-6.6375003901e-003 4.1121853857e-002 -8.3368712349e-001
0 0 0
2 0 60 -6.2300 36.8500 1 60 -97.6000 55.8000
-2.0381018104e-003 5.5548353259e-002 -8.4137231391e-001
0 0 0
2 0 61 -1.8300 51.0000 1 61 -106.0000 64.0000
-1.8647580242e-003 6.4066895409e-002 -8.4582159555e-001
0 0 0
2 0 62 -1.7100 58.0000 1 62 -112.0000 69.7500
-1.8402150107e-003 6.9217469668e-002 -8.5042066923e-001
0 0 0
2 0 63 -1.7100 62.0000 1 63 -117.0000 72.7500
-2.4646025748e-003 7.4281421789e-002 -8.5852842576e-001
0 0 0
2 0 64 -2.2000 66.5000 1 64 -124.3300 73.6700
-6.7798336904e-003 7.8446437372e-002 -8.6854223411e-001
0 0 0
2 0 65 -6.0000 69.3100 1 65 -134.0000 73.5000
-1.0473051900e-002 8.0284951476e-002 -8.7715489680e-001
0 0 0
2 0 66 -9.1800 70.1800 1 66 -141.7500 72.0000
-1.3793008170e-002 8.1480981165e-002 -8.8313550463e-001
0 0 0
2 0 67 -12.0000 70.8000 1 67 -147.3300 70.6700
-1.4835454810e-002 8.2988712443e-002 -8.9087196923e-001
0 0 0
2 0 68 -12.8100 71.3100 1 68 -153.5700 69.7100
-1.5360832639e-002 8.4529814718e-002 -8.9725359202e-001
0 0 0
2 0 69 -13.1200 72.6700 1 69 -158.5000 68.5000
-1.4646758764e-002 8.7074859220e-002 -9.0453116369e-001
0 0 0
2 0 70 -12.4300 74.0000 1 70 -164.1800 68.8200
-1.1744323307e-002 9.0659655346e-002 -9.1048474109e-001
0 0 0
2 0 71 -9.9100 76.4300 1 71 -168.5000 70.5000
-1.0314470957e-002 9.4796785184e-002 -9.1818196847e-001
0 0 0
2 0 72 -8.6300 79.2600 1 72 -174.6200 71.7500
-1.3592807400e-002 9.5312928883e-002 -9.2419978473e-001
0 0 0
2 0 73 -11.3000 79.1500 1 73 -180.0000 70.0000
-1.8386416511e-002 9.6578238197e-002 -9.4113010211e-001
0 0 0
2 0 74 -15.0000 78.8600 1 74 -193.5000 65.5000
-2.3707552856e-002 9.5297643846e-002 -9.4891682109e-001
0 0 0
2 0 75 -19.1900 77.1000 1 75 -200.2500 61.6200
-3.1711747772e-002 9.1647738091e-002 -9.5559884097e-001
0 0 0
2 0 76 -25.5000 73.5000 1 76 -206.5000 55.8000
-4.1585843666e-002 8.6700385311e-002 -9.5689938518e-001
0 0 0
2 0 77 -33.4200 69.1100 1 77 -209.5000 50.2000
-5.6305601501e-002 7.6601952590e-002 -9.5395355752e-001
0 0 0
2 0 78 -45.3300 61.6700 1 78 -209.5000 40.0000
-6.6037300380e-002 6.6580753116e-002 -9.4515706141e-001
0 0 0
2 0 79 -53.6700 54.0000 1 79 -203.6700 32.7500
-7.3002463174e-002 5.3785177529e-002 -9.2806584003e-001
0 0 0
2 0 80 -60.3300 45.2400 1 80 -189.5400 25.1500
-7.6867100760e-002 3.9751250517e-002 -9.0765192193e-001
0 0 0
2 0 81 -65.0900 33.2200 1 81 -171.7600 19.8800
-7.5409863303e-002 2.6612053973e-002 -8.8418270934e-001
0 0 0
2 0 82 -65.5500 22.7300 1 82 -149.6200 16.1900
-6.6117271148e-002 1.1203904855e-002 -8.4840087540e-001
0 0 0
2 0 83 -59.8300 10.3000 1 83 -114.8400 15.3200
-5.3776633716e-002 -5.9992613121e-004 -8.2384519999e-001
0 0 0
2 0 84 -50.1200 -0.4800 1 84 -89.1100 15.5800
-3.8109009687e-002 -1.1507214737e-002 -8.0349925659e-001
0 0 0
2 0 85 -36.5000 -11.5000 1 85 -66.5600 16.7200
-2.5457865502e-002 -2.2130188756e-002 -7.8511316600e-001
0 0 0
2 0 86 -24.8800 -21.5000 1 86 -46.2500 15.5600
-2.0404194206e-002 -3.0500313461e-002 -7.7983997233e-001
0 0 0
2 0 87 -20.1800 -30.5700 1 87 -38.8700 12.4700
-2.3252766569e-002 -3.8602313407e-002 -7.8379323017e-001
0 0 0
2 0 88 -22.8800 -38.4000 1 88 -39.8600 4.7100
-3.0553560577e-002 -4.4570780320e-002 -8.0024129358e-001
0 0 0
2 0 89 -29.3200 -42.7600 1 89 -51.4400 -6.3800
-3.9930814817e-002 -4.8653603764e-002 -8.1458603992e-001
0 0 0
2 0 90 -37.7600 -46.5200 1 90 -63.1700 -14.7200
-4.7195892041e-002 -4.8275357228e-002 -8.3770100014e-001
0 0 0
2 0 91 -43.2900 -44.3800 1 91 -81.7900 -22.6400
-5.1149182470e-002 -4.5975072621e-002 -8.6237752876e-001
0 0 0
2 0 92 -45.5800 -41.1100 1 92 -101.5000 -28.0000
-5.1049605892e-002 -4.2354823905e-002 -8.7685779001e-001
0 0 0
2 0 93 -44.7800 -37.5000 1 93 -113.1400 -28.5700
-4.9187219193e-002 -3.2012802355e-002 -8.9248250419e-001
0 0 0
2 0 94 -42.4400 -28.2500 1 94 -127.2200 -23.8900
-4.9037166168e-002 -1.6454900348e-002 -9.0599795860e-001
0 0 0
2 0 95 -41.5000 -13.5000 1 95 -141.4300 -16.7100
-4.9225715419e-002 2.7805264107e-003 -9.1994930003e-001
0 0 0
2 0 96 -41.0000 3.0000 1 96 -157.6400 -6.0900
-4.7135530521e-002 2.2180453361e-002 -9.3090013848e-001
0 0 0
2 0 97 -38.8100 18.9000 1 97 -171.1500 6.2300
-4.1772566884e-002 4.5190850882e-002 -9.3984221660e-001
0 0 0
2 0 98 -33.8900 39.0600 1 98 -182.8200 20.9100
-3.3828955285e-002 6.9360637041e-002 -9.4655334177e-001
0 0 0
2 0 99 -27.4000 56.7500 1 99 -193.3300 40.4700
-2.2564599412e-002 9.1071462249e-002 -9.5067081520e-001
0 0 0
2 0 100 -18.2000 73.9000 1 100 -199.4600 57.8500
-1.1625221581e-002 1.0420602471e-001 -9.5398666502e-001
0 0 0
2 0 101 -9.3500 84.0000 1 101 -202.1800 68.8200
