# Bundle file v0.3
4 200
5.6290531268e+002 -7.4719116373e-002 3.6346997786e-003
9.9076510059e-001 4.4223949999e-003 1.3551737110e-001
4.5080023142e-004 9.9935499234e-001 -3.5908161577e-002
-1.3558876143e-001 3.5637644579e-002 9.9012405590e-001
1.3289761210e-001 -3.3380890578e-002 2.6255662635e-001
5.6153616283e+002 5.2430675896e-003 1.5424245176e-002
5.3707195351e-001 3.8858612252e-001 7.4870190472e-001
-3.2532911317e-001 9.1432737726e-001 -2.4117714508e-001
-7.7827674054e-001 -1.1404504625e-001 6.1747796929e-001
6.8610865021e-001 -2.7088955531e-001 -1.6915578239e-001
5.5244182227e+002 -9.7128557145e-002 -2.1957554275e-003
-5.5424255046e-001 -3.9368348021e-001 -7.3336792449e-001
4.3845822131e-001 6.1083363953e-001 -6.5926978771e-001
7.0750942285e-001 -6.8694656432e-001 -1.6593623579e-001
-7.5050375897e-001 -5.6995757330e-001 -8.3513575039e-001
5.4934908650e+002 2.2572387895e-002 -3.1845289892e-002
-9.8407853727e-001 1.7052438196e-001 -5.0108558650e-002
1.2811937840e-001 4.8519224056e-001 -8.6497047035e-001
-1.2318627103e-001 -8.5761875263e-001 -4.9931474820e-001
-1.0287442432e-001 -7.7610802394e-001 -1.1129087503e+000
3.4217574094e-002 -1.5606150971e-001 -9.9399025290e-001
0 0 0
4 0 0 23.7800 -117.6700 1 0 -71.1400 -131.7100 2 0 21.3300 5.3300 3 0 -128.0000 14.0000
3.7588321116e-002 -1.5966908870e-001 -9.9393545568e-001
0 0 0
4 0 1 26.4000 -120.4000 1 1 -70.4000 -134.4000 2 1 21.2000 4.6000 3 1 -133.1200 12.5000
3.7844139865e-002 -1.6226774277e-001 -9.9394050038e-001
0 0 0
4 0 2 26.5000 -122.5000 1 2 -71.2000 -136.0000 2 2 22.0000 3.0000 3 2 -134.5900 11.2600
3.5204188582e-002 -1.6538847511e-001 -9.9381586324e-001
0 0 0
4 0 3 24.5000 -124.5000 1 3 -73.2000 -138.0000 2 3 24.8000 -0.6000 3 3 -133.1900 9.1900
3.0198439486e-002 -1.6717986982e-001 -9.9328622900e-001
0 0 0
4 0 4 20.5000 -126.2900 1 4 -75.8200 -138.8200 2 4 27.8300 -3.8300 3 4 -128.4500 6.5900
2.0103526021e-002 -1.6700090637e-001 -9.9333240091e-001
0 0 0
4 0 5 13.5600 -126.2500 1 5 -80.5000 -137.8000 2 5 33.3300 -8.3300 3 5 -116.9000 5.3200
8.5351733246e-003 -1.6349020848e-001 -9.9458628189e-001
0 0 0
4 0 6 3.6200 -123.4400 1 6 -85.5000 -134.0000 2 6 38.5000 -10.0000 3 6 -103.2800 6.6200
-3.2789157531e-003 -1.5862139412e-001 -9.9729677767e-001
0 0 0
4 0 7 -5.3800 -119.3800 1 7 -91.3300 -127.7500 2 7 44.5000 -10.5000 3 7 -88.8200 9.8800
-1.5750705929e-002 -1.5102702650e-001 -9.9918949997e-001
0 0 0
4 0 8 -15.2100 -113.6400 1 8 -95.8500 -121.4600 2 8 48.1700 -9.8300 3 8 -72.1800 14.6800
-2.6052774866e-002 -1.4347392337e-001 -1.0029122008e+000
0 0 0
4 0 9 -22.3300 -108.0000 1 9 -100.3800 -113.3800 2 9 52.5000 -7.5000 3 9 -58.0000 21.0000
-3.4714026686e-002 -1.3489308501e-001 -1.0077207668e+000
0 0 0
4 0 10 -30.0000 -100.7300 1 10 -104.8700 -104.4700 2 10 56.2000 -2.4000 3 10 -46.7400 28.0000
-4.4093854465e-002 -1.2630134897e-001 -1.0134757291e+000
0 0 0
4 0 11 -36.6900 -93.8800 1 11 -109.4600 -96.1500 2 11 60.2000 1.6000 3 11 -33.3500 37.6100
-5.2402551887e-002 -1.1686909333e-001 -1.0184432485e+000
0 0 0
4 0 12 -44.0000 -85.2700 1 12 -113.2500 -87.6700 2 12 63.3300 6.6700 3 12 -22.4300 45.5300
-6.0558122288e-002 -1.0564830948e-001 -1.0223324960e+000
0 0 0
4 0 13 -50.0000 -76.5000 1 13 -116.0000 -77.2000 2 13 64.5000 11.0000 3 13 -11.1100 53.7100
-6.7102836618e-002 -9.5528058872e-002 -1.0238145882e+000
0 0 0
4 0 14 -55.2100 -69.6400 1 14 -117.0000 -67.8300 2 14 64.0000 15.0000 3 14 -2.2400 58.3200
-7.3099424719e-002 -8.5326518919e-002 -1.0232467678e+000
0 0 0
4 0 15 -59.5000 -61.5000 1 15 -116.6700 -60.2500 2 15 62.0000 17.0000 3 15 6.0000 61.6200
-7.6861177887e-002 -7.3526853323e-002 -1.0212300946e+000
0 0 0
4 0 16 -62.2300 -52.8500 1 16 -113.9000 -51.8000 2 16 57.6700 20.3300 3 16 11.8800 64.0000
-7.8391404217e-002 -6.1937677076e-002 -1.0187681061e+000
0 0 0
4 0 17 -63.4300 -46.0000 1 17 -109.8200 -42.8200 2 17 51.6700 24.3300 3 17 15.2600 66.2200
-7.8510445752e-002 -4.9239127007e-002 -1.0146886189e+000
0 0 0
4 0 18 -63.5900 -35.8800 1 18 -103.8200 -35.1800 2 18 45.0000 28.0000 3 18 16.8300 67.1200
-7.6265741357e-002 -3.6233520072e-002 -1.0087920556e+000
0 0 0
4 0 19 -61.5900 -25.8800 1 19 -95.3000 -27.7000 2 19 36.5000 31.0000 3 19 16.0000 67.1100
-7.1185008888e-002 -2.3184030992e-002 -1.0035037005e+000
0 0 0
4 0 20 -57.2900 -15.2900 1 20 -86.3300 -21.2500 2 20 27.0000 36.0000 3 20 12.7900 67.5400
-6.4902444875e-002 -1.1089091805e-002 -1.0018131433e+000
0 0 0
3 0 21 -52.8300 -6.9400 1 21 -78.5000 -14.0000 2 21 19.0000 43.5000
-6.0257894507e-002 -1.1476839026e-003 -9.9748917104e-001
0 0 0
3 0 22 -48.7100 1.2900 1 22 -71.2700 -9.2700 2 22 11.5000 47.0000
-5.7892247267e-002 6.7649617797e-003 -9.8727047635e-001
0 0 0
3 0 23 -46.5000 7.0000 1 23 -61.5000 -6.0000 2 23 3.0000 46.0000
-5.5778970992e-002 1.2055528388e-002 -9.7195001357e-001
0 0 0
3 0 24 -43.8800 11.3100 1 24 -51.4600 -5.8500 2 24 -8.5000 41.0000
-5.4925941434e-002 1.2771055465e-002 -9.5128370343e-001
0 0 0
3 0 25 -42.1000 11.7000 1 25 -39.6000 -9.6000 2 25 -20.5000 31.0000
-5.3419681548e-002 6.4344954996e-003 -9.3203425493e-001
0 0 0
4 0 26 -40.3300 5.8100 1 26 -29.3800 -19.3800 2 26 -30.5000 19.0000 3 26 -1.6700 23.3800
-5.5085799855e-002 -1.2807318191e-003 -9.1484323882e-001
0 0 0
4 0 27 -40.3000 -1.1000 1 27 -23.6000 -27.6000 2 27 -37.0000 6.0000 3 27 -2.6100 6.4800
-5.7895251167e-002 -1.1384052670e-002 -9.0524043001e-001
0 0 0
4 0 28 -42.6400 -11.1800 1 28 -21.9300 -36.4000 2 28 -38.3300 -4.3300 3 28 -2.2100 -4.8400
-6.3627676017e-002 -2.4845543493e-002 -9.0049237258e-001
0 0 0
4 0 29 -46.9100 -22.7800 1 29 -26.7900 -47.0500 2 29 -34.6700 -15.3300 3 29 0.8300 -15.0000
-6.8813020753e-002 -3.8624225037e-002 -8.9801259718e-001
0 0 0
4 0 30 -52.2300 -35.8200 1 30 -32.4000 -57.6000 2 30 -30.6700 -24.6700 3 30 3.0900 -23.2200
-7.4881470504e-002 -5.1804877992e-002 -8.9709293049e-001
0 0 0
4 0 31 -57.5600 -48.5600 1 31 -38.7300 -66.0000 2 31 -24.0000 -33.7500 3 31 6.3000 -31.1000
-8.0595499660e-002 -6.3268419968e-002 -9.0236889149e-001
0 0 0
4 0 32 -62.5700 -57.2900 1 32 -49.0000 -72.9000 2 32 -14.5000 -39.0000 3 32 9.8700 -33.8700
-8.7218830540e-002 -7.1287550140e-002 -9.0972869519e-001
0 0 0
4 0 33 -69.1900 -64.6200 1 33 -59.3300 -75.7300 2 33 -5.5000 -41.0000 3 33 15.3100 -32.5800
-9.4158620583e-002 -7.8021956868e-002 -9.2200448021e-001
0 0 0
4 0 34 -74.5200 -68.2400 1 34 -72.6700 -76.4700 2 34 7.3300 -40.6700 3 34 22.0800 -27.5600
-9.9474412454e-002 -8.5862103232e-002 -9.3730243688e-001
0 0 0
4 0 35 -79.5000 -73.0000 1 35 -88.0000 -77.5000 2 35 20.0000 -38.2500 3 35 26.8900 -19.7100
-1.0106808577e-001 -9.5823718988e-002 -9.5275561069e-001
0 0 0
4 0 36 -81.1200 -79.6900 1 36 -99.6700 -80.5300 2 36 34.0000 -36.0000 3 36 28.3400 -11.5900
-1.0076787199e-001 -1.0495765832e-001 -9.6724554982e-001
0 0 0
4 0 37 -80.5000 -85.0000 1 37 -110.4000 -83.6000 2 37 46.0000 -33.0000 3 37 28.1100 -3.6400
-9.6678784267e-002 -1.1653771316e-001 -9.8639863446e-001
0 0 0
4 0 38 -77.6200 -90.5600 1 38 -122.0000 -88.5700 2 38 60.5000 -27.5000 3 38 23.3700 8.6700
-8.8874558439e-002 -1.2805585272e-001 -1.0012166633e+000
0 0 0
4 0 39 -70.7100 -97.2900 1 39 -129.2100 -94.3600 2 39 71.0000 -22.7500 3 39 14.6900 18.0900
-7.5549107733e-002 -1.4019762140e-001 -1.0155042908e+000
0 0 0
4 0 40 -60.4000 -104.4000 1 40 -132.0000 -100.8300 2 40 80.6700 -16.6700 3 40 -1.4200 28.0800
-5.9173819239e-002 -1.5138513624e-001 -1.0245503406e+000
0 0 0
4 0 41 -49.7100 -110.5000 1 41 -130.5300 -109.1300 2 41 85.2000 -11.4000 3 41 -23.0000 34.2400
-4.0441404001e-002 -1.6151399543e-001 -1.0275042754e+000
0 0 0
4 0 42 -34.2900 -117.5000 1 42 -125.5000 -117.5000 2 42 84.0000 -8.2900 3 42 -46.7400 34.9800
-1.6138426654e-002 -1.7077829652e-001 -1.0256732090e+000
0 0 0
4 0 43 -18.2700 -123.3300 1 43 -114.5500 -127.6400 2 43 76.5000 -5.0000 3 43 -79.3600 31.7500
4.3876207807e-003 -1.7784747285e-001 -1.0183063662e+000
0 0 0
4 0 44 -0.6700 -130.4700 1 44 -103.2000 -136.0000 2 44 65.0000 -5.2500 3 44 -104.8200 23.0000
2.4076941845e-002 -1.8396580885e-001 -1.0035753877e+000
0 0 0
4 0 45 15.7300 -137.3300 1 45 -88.6400 -146.3600 2 45 46.8000 -10.6000 3 45 -129.1600 7.0300
3.8382267205e-002 -1.8757659836e-001 -9.8936689778e-001
0 0 0
4 0 46 28.0000 -142.5700 1 46 -76.1200 -154.1200 2 46 29.8300 -16.1700 3 46 -146.0300 -7.9200
4.9875138465e-002 -1.8891663165e-001 -9.6984492876e-001
0 0 0
4 0 47 38.4100 -147.0600 1 47 -62.0000 -162.0000 2 47 7.8800 -25.8800 3 47 -158.2500 -26.3800
5.4349436061e-002 -1.8768524447e-001 -9.5141204797e-001
0 0 0
4 0 48 45.2800 -150.8300 1 48 -50.1800 -167.1800 2 48 -10.2000 -37.0000 3 48 -160.2900 -41.2900
5.1971796408e-002 -1.8566036837e-001 -9.3489476532e-001
0 0 0
4 0 49 46.7900 -153.0500 1 49 -42.6700 -170.1100 2 49 -22.0000 -47.2000 3 49 -155.1100 -57.1100
4.5336017981e-002 -1.8218200222e-001 -9.1946938903e-001
0 0 0
4 0 50 44.5200 -154.2400 1 50 -36.6700 -172.1100 2 50 -31.0000 -58.0000 3 50 -145.0000 -69.6300
3.4513626420e-002 -1.7898612227e-001 -9.0801724281e-001
0 0 0
4 0 51 37.0000 -155.0000 1 51 -34.0000 -173.0000 2 51 -34.0000 -67.0000 3 51 -131.6900 -79.2800
1.8547741586e-002 -1.7340571401e-001 -8.9424313814e-001
0 0 0
4 0 52 26.9100 -154.7800 1 52 -32.2000 -172.1000 2 52 -36.1700 -77.8300 3 52 -111.5800 -89.4800
4.1131990731e-003 -1.6633107283e-001 -8.8266045353e-001
0 0 0
4 0 53 14.5300 -151.7400 1 53 -30.1000 -170.2000 2 53 -38.6700 -84.3300 3 53 -94.9300 -96.8100
-1.1989816984e-002 -1.5683728656e-001 -8.6785425146e-001
0 0 0
4 0 54 3.4400 -148.3900 1 54 -26.0000 -166.5000 2 54 -42.4000 -91.8000 3 54 -74.5300 -104.5300
-2.6108596119e-002 -1.4490472970e-001 -8.5348187683e-001
0 0 0
4 0 55 -9.3800 -141.3800 1 55 -19.8200 -160.8200 2 55 -47.6700 -96.3300 3 55 -58.7100 -110.0000
-4.1170827038e-002 -1.3032282212e-001 -8.3971284368e-001
0 0 0
4 0 56 -22.1200 -131.2500 1 56 -13.8300 -153.0000 2 56 -52.6700 -98.6700 3 56 -40.7100 -113.0000
-5.3211020772e-002 -1.1310532729e-001 -8.2968718613e-001
0 0 0
4 0 57 -33.1800 -118.2100 1 57 -6.6200 -139.6200 2 57 -56.6700 -96.6700 3 57 -26.4500 -111.2700
-6.5097433684e-002 -9.4553484519e-002 -8.2374978702e-001
0 0 0
4 0 58 -44.3000 -101.7000 1 58 -1.8600 -125.2900 2 58 -59.5000 -91.0000 3 58 -11.2000 -105.4400
-7.4026722094e-002 -7.3900653655e-002 -8.1639663505e-001
0 0 0
4 0 59 -53.9000 -82.0000 1 59 5.9300 -108.3600 2 59 -64.5000 -85.0000 3 59 -1.4400 -100.3900
-7.9919862129e-002 -5.4179383828e-002 -8.1035839324e-001
0 0 0
4 0 60 -59.8200 -61.5500 1 60 14.0000 -93.3100 2 60 -70.0000 -79.0000 3 60 6.3300 -94.0000
-8.4460229267e-002 -3.6396532399e-002 -8.0560710758e-001
0 0 0
4 0 61 -64.5200 -44.4400 1 61 22.1100 -76.9400 2 61 -74.0000 -73.0000 3 61 11.7800 -88.6700
-8.7259158276e-002 -1.9989773115e-002 -8.0188564935e-001
0 0 0
4 0 62 -67.1600 -27.0000 1 62 29.5800 -63.1100 2 62 -77.8000 -67.6000 3 62 15.8900 -82.9400
-8.7786133422e-002 -5.3884370376e-003 -8.0018834803e-001
0 0 0
4 0 63 -68.1800 -11.5500 1 63 35.7200 -51.0600 2 63 -82.3300 -60.3300 3 63 18.0000 -77.0000
-8.9604182436e-002 1.8454330715e-002 -8.0332735690e-001
0 0 0
4 0 64 -69.6200 15.0000 1 64 41.3800 -29.3800 2 64 -84.0000 -49.0000 3 64 22.4000 -63.6000
-9.4136940028e-002 1.4739559295e-002 -8.1135366020e-001
0 0 0
4 0 65 -74.7700 11.5800 1 65 31.7500 -29.5600 2 65 -77.0000 -48.0000 3 65 25.5300 -61.3300
-9.8044357374e-002 1.1113895961e-003 -8.1631445554e-001
0 0 0
4 0 66 -79.1100 -3.7100 1 66 21.8700 -38.4300 2 66 -70.0000 -53.0000 3 66 27.6200 -64.5600
-1.0230840523e-001 -1.7171285984e-002 -8.2227810556e-001
0 0 0
4 0 67 -83.2200 -21.0000 1 67 8.3800 -52.6700 2 67 -60.5000 -61.5000 3 67 29.4400 -69.6100
-1.0329248962e-001 -3.7113376022e-002 -8.2631086239e-001
0 0 0
4 0 68 -84.3100 -42.9300 1 68 -1.9100 -67.2700 2 68 -53.5000 -69.0000 3 68 28.4400 -77.4400
-1.0016723253e-001 -5.7348596999e-002 -8.3831478587e-001
0 0 0
4 0 69 -80.8900 -61.7100 1 69 -16.0900 -82.2200 2 69 -43.5000 -73.0000 3 69 24.4400 -79.4000
-9.2604824544e-002 -7.0974779299e-002 -8.5127768552e-001
0 0 0
4 0 70 -73.0900 -72.9100 1 70 -25.8900 -91.4400 2 70 -36.2500 -72.0000 3 70 17.0800 -76.8000
-7.7129925469e-002 -8.0638408047e-002 -8.5727467689e-001
0 0 0
4 0 71 -59.5000 -80.5000 1 71 -25.6400 -101.2100 2 71 -38.2000 -69.6000 3 71 1.1000 -75.6600
-5.5282618861e-002 -8.9422316331e-002 -8.5484010650e-001
0 0 0
4 0 72 -36.5000 -89.5000 1 72 -16.5400 -111.8500 2 72 -48.0000 -70.0000 3 72 -18.5900 -79.5600
-3.3362041773e-002 -9.8247969751e-002 -8.4561863057e-001
0 0 0
4 0 73 -14.5000 -99.3100 1 73 -3.3300 -124.6700 2 73 -62.4000 -73.8000 3 73 -40.3800 -88.4800
-1.5224773555e-002 -1.0375845797e-001 -8.3646559553e-001
0 0 0
4 0 74 3.8700 -106.1300 1 74 9.4600 -135.8500 2 74 -76.8000 -76.6000 3 74 -57.3100 -94.4600
-9.3914771228e-003 -1.0714396709e-001 -8.2654667587e-001
0 0 0
4 0 75 11.0900 -111.0900 1 75 17.1800 -141.8200 2 75 -84.8000 -82.6000 3 75 -63.9200 -103.5600
-1.2704582447e-002 -1.0875178829e-001 -8.2022938751e-001
0 0 0
4 0 76 8.9100 -114.7800 1 76 19.7000 -144.7000 2 76 -86.1700 -87.8300 3 76 -61.0900 -109.2200
-2.4699434832e-002 -1.1066882273e-001 -8.1908870186e-001
0 0 0
4 0 77 -3.2800 -117.1200 1 77 14.7000 -145.7000 2 77 -79.3300 -92.6700 3 77 -51.1700 -113.0000
-3.8727331187e-002 -1.1112271811e-001 -8.2297744079e-001
0 0 0
4 0 78 -17.5000 -116.8800 1 78 5.3300 -142.2500 2 78 -68.6700 -95.3300 3 78 -39.0000 -113.0000
-5.5865593455e-002 -1.0672496972e-001 -8.2936949593e-001
0 0 0
4 0 79 -35.7200 -111.5200 1 79 -5.6000 -134.4000 2 79 -57.0000 -93.2500 3 79 -22.8000 -108.5600
-7.0616930801e-002 -9.8820539988e-002 -8.3690663982e-001
0 0 0
4 0 80 -51.3500 -102.2700 1 80 -14.7900 -124.3600 2 80 -47.5000 -88.5000 3 80 -7.5000 -99.5000
-8.2415038545e-002 -8.8496770616e-002 -8.4710323398e-001
0 0 0
4 0 81 -63.1900 -90.9000 1 81 -24.1700 -109.0000 2 81 -38.5000 -80.0000 3 81 5.0000 -89.1200
-8.9841170413e-002 -7.3750181129e-002 -8.5548788974e-001
0 0 0
4 0 82 -70.8400 -74.2600 1 82 -28.5000 -94.2900 2 82 -35.0000 -70.0000 3 82 14.6400 -74.8200
-9.5840361416e-002 -5.7927105277e-002 -8.6169283747e-001
0 0 0
4 0 83 -77.0000 -58.0000 1 83 -30.0000 -78.0000 2 83 -33.0000 -60.0000 3 83 22.1000 -62.9000
-1.0222386774e-001 -3.6509105419e-002 -8.6701904719e-001
0 0 0
4 0 84 -83.0900 -36.7800 1 84 -29.0000 -57.0000 2 84 -32.6700 -48.6700 3 84 30.3800 -49.0000
-1.0796220353e-001 1.2722002776e-002 -8.7951350191e-001
0 0 0
4 0 85 -88.5000 10.0000 1 85 -22.5500 -10.3600 2 85 -36.0000 -21.0000 3 85 40.2700 -19.0000
-1.0771803545e-001 1.8702562316e-002 -8.8716802516e-001
0 0 0
4 0 86 -88.0000 15.8900 1 86 -25.2100 -4.3600 2 86 -34.0000 -15.0000 3 86 41.6200 -10.5600
-1.0631667489e-001 1.6012350386e-002 -8.9517345680e-001
0 0 0
4 0 87 -86.5300 13.7400 1 87 -30.1200 -5.3100 2 87 -29.0000 -12.0000 3 87 40.6900 -6.1200
-1.0547327544e-001 1.1052805807e-002 -9.0393879588e-001
0 0 0
4 0 88 -85.4700 9.3700 1 88 -37.6000 -7.6000 2 88 -24.3300 -9.6700 3 88 40.3300 -2.0000
-1.0252747526e-001 4.7470156359e-003 -9.1349180147e-001
0 0 0
4 0 89 -82.9500 3.3200 1 89 -43.3300 -11.0000 2 89 -18.5000 -7.0000 3 89 37.8900 2.9400
-9.9849145018e-002 -2.2052562517e-003 -9.1910898700e-001
0 0 0
4 0 90 -80.3200 -1.8400 1 90 -47.8700 -16.5300 2 90 -14.5000 -7.0000 3 90 35.3500 4.6000
-9.8121171112e-002 -1.0865430733e-002 -9.2242761546e-001
0 0 0
4 0 91 -78.6000 -10.1500 1 91 -52.0000 -22.1200 2 91 -11.3300 -8.6700 3 91 33.2300 3.5000
-9.5210103949e-002 -2.4066628157e-002 -9.2421799136e-001
0 0 0
4 0 92 -76.2500 -20.7000 1 92 -56.2700 -33.3300 2 92 -7.5000 -13.0000 3 92 29.0000 -0.7100
-9.4242840510e-002 -3.8000082429e-002 -9.2274311506e-001
0 0 0
4 0 93 -75.4300 -34.0000 1 93 -59.2100 -44.3600 2 93 -5.0000 -20.0000 3 93 26.8000 -7.4400
-9.6217426940e-002 -5.0397343880e-002 -9.1742259267e-001
0 0 0
4 0 94 -76.9100 -44.7800 1 94 -61.6000 -55.6000 2 94 -3.6700 -30.3300 3 94 26.9100 -16.7800
-9.8100837688e-002 -5.9479384569e-002 -9.0895021350e-001
0 0 0
4 0 95 -78.6500 -54.3000 1 95 -61.0000 -64.1700 2 95 -5.0000 -38.7500 3 95 26.9100 -28.7800
-1.0125344537e-001 -6.2335088390e-002 -8.9344673687e-001
0 0 0
4 0 96 -81.4800 -58.2400 1 96 -54.6700 -70.4700 2 96 -11.5000 -49.0000 3 96 28.3500 -42.5800
-1.0138805553e-001 -6.1656735359e-002 -8.7948581352e-001
0 0 0
4 0 97 -81.9000 -59.8100 1 97 -45.7500 -73.5600 2 97 -19.5000 -55.5000 3 97 27.4600 -52.6500
-1.0250101050e-001 -5.3374908662e-002 -8.6788958921e-001
0 0 0
4 0 98 -83.0900 -52.9100 1 98 -35.8700 -70.5300 2 98 -27.5000 -57.0000 3 98 28.8300 -57.0000
-1.0630238838e-001 -3.7247899636e-002 -8.5994501522e-001
0 0 0
4 0 99 -86.9100 -39.2200 1 99 -26.4300 -57.1400 2 99 -34.0000 -54.0000 3 99 33.0000 -55.0000
-1.0211233331e-001 -1.9697959178e-002 -8.5424375645e-001
0 0 0
4 0 100 -83.2500 -23.0000 1 100 -14.2100 -45.1600 2 100 -44.3300 -46.3300 3 100 31.2500 -49.5000
-9.5432982729e-002 -7.7396834744e-003 -8.5150492427e-001
0 0 0
4 0 101 -76.7200 -11.1200 1 101 -4.9400 -37.8900 2 101 -52.0000 -39.7500 3 101 27.0000 -45.0000
-8.2496522800e-002 -4.9755930425e-003 -8.4614600387e-001
0 0 0
4 0 102 -63.1100 -8.1900 1 102 5.3500 -39.5300 2 102 -61.0000 -38.0000 3 102 16.2800 -46.4400
-6.8428742879e-002 -9.6167863512e-003 -8.3537122132e-001
0 0 0
4 0 103 -49.7300 -12.6900 1 103 17.4400 -50.3900 2 103 -72.5000 -41.0000 3 103 2.9000 -54.1000
-5.3964445775e-002 -2.0175177306e-002 -8.3027976312e-001
0 0 0
4 0 104 -34.8000 -23.4400 1 104 23.8600 -63.2900 2 104 -79.5000 -45.0000 3 104 -10.9100 -60.9100
-3.5251177728e-002 -3.2842889039e-002 -8.2798509267e-001
0 0 0
4 0 105 -15.6200 -36.4800 1 105 29.5900 -78.1200 2 105 -87.5000 -47.0000 3 105 -27.7000 -66.1500
-1.9988907262e-002 -4.2591125094e-002 -8.2779906067e-001
0 0 0
4 0 106 0.5900 -46.5600 1 106 33.3300 -89.0000 2 106 -93.3300 -47.3300 3 106 -40.5000 -69.0500
-9.6696964510e-003 -5.0128652683e-002 -8.2738352861e-001
0 0 0
4 0 107 11.2400 -54.5200 1 107 35.3300 -95.7500 2 107 -97.5000 -49.0000 3 107 -50.5600 -71.8900
1.1574062155e-003 -5.6178580323e-002 -8.2548326567e-001
0 0 0
4 0 108 22.3600 -60.5700 1 108 38.5600 -102.7500 2 108 -103.7500 -50.0000 3 108 -60.6300 -75.0500
1.0749817956e-002 -6.0491248027e-002 -8.2170053955e-001
0 0 0
4 0 109 32.5400 -65.3600 1 109 43.6200 -108.6200 2 109 -110.5000 -51.5000 3 109 -69.4700 -78.5300
1.4542900414e-002 -6.2355107039e-002 -8.1633958030e-001
0 0 0
4 0 110 37.0000 -68.0000 1 110 48.1500 -112.5400 2 110 -115.8000 -54.4000 3 110 -73.0600 -82.1200
1.4725254332e-002 -6.0923694893e-002 -8.0692015265e-001
0 0 0
3 0 111 39.7700 -67.8100 1 111 55.0000 -114.1700 3 111 -72.5300 -88.5300
1.1684953103e-002 -5.7571500607e-002 -7.9661908858e-001
0 0 0
3 0 112 38.4800 -66.3800 1 112 62.4400 -114.2500 3 112 -69.3900 -93.3900
-5.1289987771e-004 -5.4520185134e-002 -7.9038985371e-001
0 0 0
3 0 113 27.0700 -64.2300 1 113 63.0000 -112.1700 3 113 -58.8300 -97.2800
-1.3368640411e-002 -4.9590408468e-002 -7.8538215226e-001
0 0 0
3 0 114 15.1900 -60.1200 1 114 62.9200 -107.6900 3 114 -46.5300 -99.4700
-2.8489861127e-002 -4.2645496181e-002 -7.8229719012e-001
0 0 0
3 0 115 -1.4800 -53.1000 1 115 61.4700 -100.1300 3 115 -34.4700 -100.0000
-4.1801345741e-002 -3.8174083791e-002 -7.8399641070e-001
0 0 0
4 0 116 -15.6300 -48.3700 1 116 56.4400 -93.7500 2 116 -106.5000 -73.5000 3 116 -22.1000 -97.8100
-5.7559925555e-002 -3.8161964230e-002 -7.9438437575e-001
0 0 0
4 0 117 -34.3400 -46.5600 1 117 42.0000 -87.3500 2 117 -92.0000 -73.0000 3 117 -10.7200 -93.8300
-7.2145947222e-002 -3.8635706183e-002 -8.0409145165e-001
0 0 0
4 0 118 -50.1200 -46.0000 1 118 28.3500 -82.6000 2 118 -79.5000 -72.5000 3 118 2.5000 -89.0000
-8.4719777901e-002 -4.1690505966e-002 -8.1750935632e-001
0 0 0
4 0 119 -64.6300 -47.3300 1 119 11.2800 -78.2800 2 119 -65.5000 -71.0000 3 119 11.6700 -84.0000
-9.5310530065e-002 -4.5408405931e-002 -8.3136025598e-001
0 0 0
4 0 120 -76.1200 -50.0000 1 120 -4.1500 -75.5500 2 120 -52.0000 -69.0000 3 120 21.1000 -77.0500
-1.0560084860e-001 -4.9741792722e-002 -8.5074170627e-001
0 0 0
4 0 121 -86.1900 -51.5800 1 121 -24.9100 -70.9100 2 121 -35.5000 -64.0000 3 121 30.2100 -68.8400
-1.1152789515e-001 -5.3544841991e-002 -8.7096382138e-001
0 0 0
4 0 122 -91.3900 -53.0000 1 122 -43.8400 -66.8400 2 122 -22.5000 -58.5000 3 122 36.6200 -56.4800
-1.1250675539e-001 -5.7577282918e-002 -8.9231248071e-001
0 0 0
4 0 123 -92.3300 -54.1900 1 123 -57.0000 -64.9000 2 123 -7.0000 -49.0000 3 123 39.0900 -43.2200
-1.1122912869e-001 -6.1486325089e-002 -9.1604376163e-001
0 0 0
4 0 124 -90.2100 -54.8400 1 124 -73.9300 -61.1400 2 124 5.0000 -40.0000 3 124 39.0000 -26.5000
-1.0732341405e-001 -6.5569007259e-002 -9.4080159620e-001
0 0 0
4 0 125 -86.5300 -55.7400 1 125 -86.2000 -58.8000 2 125 19.5000 -28.5000 3 125 37.1100 -7.7100
-1.0639037571e-001 -6.9586526238e-002 -9.6304876069e-001
0 0 0
4 0 126 -85.1600 -56.5800 1 126 -100.5400 -55.8500 2 126 32.5000 -19.0000 3 126 37.1900 8.8800
-1.0606535877e-001 -7.2891667087e-002 -9.8507983333e-001
0 0 0
4 0 127 -85.0000 -56.9000 1 127 -111.3300 -53.5300 2 127 47.5000 -9.0000 3 127 38.8100 27.1200
-1.0816114519e-001 -7.4608892038e-002 -1.0046987391e+000
0 0 0
4 0 128 -86.3500 -56.1200 1 128 -123.2500 -49.4400 2 128 60.5000 -0.5000 3 128 42.3200 44.0000
-1.1339955698e-001 -7.1928533021e-002 -1.0165451943e+000
0 0 0
4 0 129 -90.4700 -52.6700 1 129 -131.1500 -43.7700 2 129 68.5000 5.0000 3 129 48.9700 55.7900
-1.2271979490e-001 -6.5387363581e-002 -1.0201477218e+000
0 0 0
4 0 130 -97.0000 -47.8300 1 130 -136.5000 -35.5000 2 130 71.3300 6.6700 3 130 59.7200 60.6200
-1.3144254529e-001 -5.5746400180e-002 -1.0141209751e+000
0 0 0
4 0 131 -104.6700 -40.4700 1 131 -135.4600 -28.1500 2 131 67.5000 5.0000 3 131 68.2000 57.9200
-1.4049485905e-001 -4.4068335177e-002 -9.9901229593e-001
0 0 0
4 0 132 -112.4700 -32.6700 1 132 -129.6000 -20.4000 2 132 57.6700 -0.3300 3 132 76.0800 47.9200
-1.4591272659e-001 -3.7209044534e-002 -9.8467276460e-001
0 0 0
4 0 133 -117.6200 -28.5600 1 133 -123.1700 -16.7200 2 133 49.0000 -6.0000 3 133 80.0000 37.6200
-1.5093821971e-001 -3.1283166568e-002 -9.6584279052e-001
0 0 0
4 0 134 -122.7200 -24.8300 1 134 -113.9300 -14.8600 2 134 39.0000 -14.0000 3 134 82.8800 23.3300
-1.5320850775e-001 -2.7519312487e-002 -9.5211614107e-001
0 0 0
4 0 135 -125.7200 -22.7200 1 135 -105.6000 -14.4000 2 135 32.0000 -19.0000 3 135 83.7900 13.1600
-1.5448048014e-001 -2.5228428658e-002 -9.4217250815e-001
0 0 0
4 0 136 -127.3900 -21.3900 1 136 -100.4000 -14.4000 2 136 26.0000 -23.0000 3 136 83.9000 5.9500
-1.3739133435e-001 -4.2069167340e-002 -9.4394258986e-001
0 0 0
4 0 137 -112.3300 -36.0000 1 137 -96.8500 -31.7700 2 137 26.0000 -25.0000 3 137 67.5300 2.0000
-1.3156503446e-001 -5.2277598998e-002 -9.5916067357e-001
0 0 0
4 0 138 -106.3800 -43.4400 1 138 -106.4300 -37.7100 2 138 34.0000 -21.0000 3 138 63.0900 11.2200
-1.2645096771e-001 -6.3188842864e-002 -9.8155240958e-001
0 0 0
4 0 139 -101.8800 -49.3100 1 139 -118.2900 -42.5000 2 139 50.0000 -13.0000 3 139 59.1700 25.6200
-1.2240433149e-001 -7.2368379812e-002 -1.0002272152e+000
0 0 0
4 0 140 -97.4100 -55.1200 1 140 -128.7900 -45.6400 2 140 62.0000 -7.0000 3 140 56.7300 39.3500
-1.1663018647e-001 -8.0618097639e-002 -1.0145845242e+000
0 0 0
4 0 141 -93.2900 -59.2900 1 141 -135.1700 -50.0800 2 141 72.0000 -1.0000 3 141 51.0000 49.5000
-1.0840782526e-001 -8.9916506797e-002 -1.0244443052e+000
0 0 0
4 0 142 -86.1500 -65.4600 1 142 -138.5000 -56.5000 2 142 78.0000 3.0000 3 142 43.0000 56.1000
-1.0127981573e-001 -9.8322324531e-002 -1.0327027666e+000
0 0 0
4 0 143 -81.1100 -70.8900 1 143 -141.0000 -61.8300 2 143 83.5000 5.0000 3 143 34.6500 62.3900
-9.6776955613e-002 -1.0630300133e-001 -1.0436754551e+000
0 0 0
4 0 144 -77.2200 -75.1700 1 144 -146.0000 -65.4300 2 144 93.0000 9.5000 3 144 29.7500 69.7900
-9.0258818683e-002 -1.1265804574e-001 -1.0565598788e+000
0 0 0
4 0 145 -72.0000 -78.3600 1 145 -150.1000 -67.8000 2 145 101.3300 15.3300 3 145 22.7600 82.2100
-8.0894763672e-002 -1.1857643972e-001 -1.0715890368e+000
0 0 0
4 0 146 -66.6200 -80.3800 1 146 -153.1500 -70.2300 2 146 110.5000 25.0000 3 146 11.5900 97.5300
-7.1276235838e-002 -1.2571371562e-001 -1.0832302259e+000
0 0 0
4 0 147 -59.0000 -84.0000 1 147 -155.0000 -74.0000 2 147 118.0000 32.0000 3 147 0.3200 109.5500
-6.0678682589e-002 -1.3876617920e-001 -1.0951923873e+000
0 0 0
4 0 148 -51.9100 -91.3600 1 148 -158.2500 -81.3300 2 148 129.0000 37.2500 3 148 -14.8300 120.0300
-4.9347659077e-002 -1.5159094555e-001 -1.1029556517e+000
0 0 0
4 0 149 -44.1800 -98.8200 1 149 -159.2000 -90.0000 2 149 137.0000 40.7500 3 149 -31.7400 126.3600
-3.8011472110e-002 -1.6568664630e-001 -1.1091789753e+000
0 0 0
4 0 150 -36.7300 -107.0000 1 150 -159.6000 -100.4000 2 150 144.8000 42.6000 3 150 -50.0800 131.0500
-2.4234944665e-002 -1.8144961723e-001 -1.1122437507e+000
0 0 0
4 0 151 -27.8300 -117.0000 1 151 -158.3600 -110.5500 2 151 151.3300 42.3300 3 151 -74.4100 130.8500
-9.1351253602e-003 -1.9719949986e-001 -1.1107666256e+000
0 0 0
4 0 152 -17.9100 -127.3600 1 152 -154.4400 -122.6700 2 152 154.0000 39.7100 3 152 -101.6100 124.7800
5.0223827492e-003 -2.1048908912e-001 -1.1052516573e+000
0 0 0
4 0 153 -8.0900 -136.6400 1 153 -148.0000 -136.0000 2 153 152.0000 35.0000 3 153 -126.6200 114.4400
2.4396260415e-002 -2.2270442183e-001 -1.0974115452e+000
0 0 0
4 0 154 4.1500 -144.5400 1 154 -139.5000 -146.0000 2 154 146.0000 32.0000 3 154 -160.7600 99.5300
4.2012645423e-002 -2.2977122579e-001 -1.0864676181e+000
0 0 0
4 0 155 18.2000 -152.1000 1 155 -128.0000 -156.0000 2 155 132.8000 28.0000 3 155 -186.9800 85.2000
5.8766013659e-002 -2.3550950870e-001 -1.0721173998e+000
0 0 0
4 0 156 31.5000 -158.5000 1 156 -116.6700 -163.5600 2 156 116.1800 22.8200 3 156 -211.2400 64.3400
7.1265605323e-002 -2.3906016103e-001 -1.0586829422e+000
0 0 0
4 0 157 40.7700 -163.3800 1 157 -105.8000 -171.0000 2 157 99.1800 15.8200 3 157 -227.9800 47.7500
8.2855727509e-002 -2.4194360778e-001 -1.0457299002e+000
0 0 0
4 0 158 51.1800 -167.8200 1 158 -95.1200 -176.8800 2 158 83.6000 10.4000 3 158 -242.1500 30.4900
9.4759339675e-002 -2.4071072249e-001 -1.0319106877e+000
0 0 0
4 0 159 60.6200 -169.3800 1 159 -84.8000 -180.0000 2 159 62.0000 6.5000 3 159 -253.9600 15.9400
1.0631579501e-001 -2.3811083457e-001 -1.0172346077e+000
0 0 0
4 0 160 72.8300 -170.7800 1 160 -73.0000 -183.0000 2 160 39.5000 2.5000 3 160 -262.3600 2.2600
1.1889878004e-001 -2.3382008166e-001 -9.9829490519e-001
0 0 0
4 0 161 85.4100 -172.2400 1 161 -58.2500 -186.3800 2 161 10.3100 -2.9200 3 161 -269.5900 -14.2000
1.2932673051e-001 -2.2812327021e-001 -9.8235247826e-001
0 0 0
4 0 162 96.3900 -171.4400 1 162 -43.5000 -188.0000 2 162 -14.5000 -6.2900 3 162 -273.6700 -25.8000
1.3991363106e-001 -2.1532144675e-001 -9.6357750529e-001
0 0 0
4 0 163 109.1100 -165.9400 1 163 -29.2000 -186.0000 2 163 -47.0000 -6.1700 3 163 -271.7900 -34.9400
1.4324880154e-001 -2.0135071705e-001 -9.4659336236e-001
0 0 0
4 0 164 115.3700 -160.0000 1 164 -17.0000 -182.0000 2 164 -72.0000 -8.0000 3 164 -262.2100 -41.0600
1.3782973362e-001 -1.8932469077e-001 -9.3168253013e-001
0 0 0
4 0 165 115.5600 -154.2500 1 165 -6.8000 -178.0000 2 165 -83.8800 -13.5000 3 165 -246.2200 -48.7500
1.2951327067e-001 -1.8007281391e-001 -9.1972853847e-001
0 0 0
4 0 166 113.0600 -150.2800 1 166 -2.1800 -175.1800 2 166 -90.7100 -19.8600 3 166 -229.7900 -54.9400
1.2111983905e-001 -1.7377475535e-001 -9.1176518827e-001
0 0 0
4 0 167 108.0000 -147.0000 1 167 0.1800 -173.1800 2 167 -93.2000 -25.4000 3 167 -216.9600 -59.0900
1.0967689329e-001 -1.7367323615e-001 -9.0572850696e-001
0 0 0
4 0 168 101.1000 -148.7000 1 168 -0.8200 -174.1800 2 168 -88.8300 -35.1700 3 168 -204.5000 -65.9300
9.7265105655e-002 -1.7790830610e-001 -9.0584325757e-001
0 0 0
4 0 169 89.7600 -152.5900 1 169 -7.1500 -176.2300 2 169 -78.8000 -43.4000 3 169 -194.8000 -70.6000
7.9667596423e-002 -1.8371079290e-001 -9.1077206774e-001
0 0 0
4 0 170 73.7900 -157.0000 1 170 -17.6000 -177.6000 2 170 -60.0000 -51.5000 3 170 -180.6500 -72.7300
6.4315972812e-002 -1.9321831919e-001 -9.2246413760e-001
0 0 0
4 0 171 59.8100 -161.1400 1 171 -33.0000 -179.5000 2 171 -36.0000 -57.0000 3 171 -170.6100 -71.7400
4.9001064605e-002 -2.0144009896e-001 -9.3639256472e-001
0 0 0
3 0 172 45.0000 -165.0000 1 172 -49.3300 -180.2700 2 172 -12.1700 -59.8300
3.3013328207e-002 -2.0945357207e-001 -9.5541958446e-001
0 0 0
3 0 173 28.7000 -167.1500 1 173 -68.2700 -179.0000 2 173 16.0000 -58.5000
2.0821741644e-002 -2.1521555702e-001 -9.7320729696e-001
0 0 0
4 0 174 15.3000 -167.1500 1 174 -84.4000 -176.4000 2 174 39.8300 -54.1700 3 174 -138.2800 -45.6600
8.5381387282e-003 -2.2089076319e-001 -9.9691053368e-001
0 0 0
3 0 175 4.3300 -166.0000 1 175 -103.6000 -172.4000 2 175 68.0000 -47.7100
-4.4938397998e-003 -2.2166572598e-001 -1.0161874465e+000
0 0 0
3 0 176 -7.8000 -162.5300 1 176 -119.3300 -166.4700 2 176 90.0000 -39.7100
-1.5903623891e-002 -2.2115299704e-001 -1.0368035781e+000
0 0 0
3 0 177 -17.4700 -157.8700 1 177 -134.6700 -158.4700 2 177 111.2900 -30.1400
-2.9148684838e-002 -2.1626422445e-001 -1.0513615498e+000
0 0 0
3 0 178 -27.5000 -151.5000 1 178 -147.4400 -149.6200 2 178 125.2000 -22.6000
-3.9592107980e-002 -2.1114019810e-001 -1.0653800123e+000
0 0 0
3 0 179 -36.3600 -144.7900 1 179 -156.5000 -141.7100 2 179 137.8300 -14.1700
-4.9165772498e-002 -2.0373819644e-001 -1.0768190520e+000
0 0 0
3 0 180 -43.4500 -138.3600 1 180 -164.5400 -131.8500 2 180 145.7500 -6.0000
-5.7693124876e-002 -1.9427730785e-001 -1.0847391157e+000
0 0 0
4 0 181 -50.1700 -129.8300 1 181 -170.0000 -122.2900 2 181 149.5000 1.0000 3 181 -34.8800 83.5000
-7.4425725278e-002 -1.6831297706e-001 -1.0978861286e+000
0 0 0
4 0 182 -62.2000 -110.5000 1 182 -177.1500 -97.7700 2 182 151.0000 16.7500 3 182 -5.5000 109.5000
-7.9996148116e-002 -1.5157648175e-001 -1.1091477369e+000
0 0 0
4 0 183 -65.9100 -98.6400 1 183 -178.9200 -83.6900 2 183 151.5000 31.0000 3 183 7.2300 130.2300
-8.3331728613e-002 -1.3299443370e-001 -1.1186119083e+000
0 0 0
4 0 184 -68.4000 -83.6000 1 184 -179.2900 -68.7100 2 184 150.0000 44.2500 3 184 15.4200 148.1600
-8.4865289433e-002 -1.1717974353e-001 -1.1256884207e+000
0 0 0
4 0 185 -69.4500 -73.1800 1 185 -177.8200 -55.1800 2 185 147.5000 55.0000 3 185 20.5700 161.9400
-8.3941568050e-002 -1.0358890164e-001 -1.1332626331e+000
0 0 0
3 0 186 -68.1700 -63.0000 1 186 -176.0000 -46.0000 2 186 145.0000 66.0000
-8.2827010562e-002 -9.1881315062e-002 -1.1386136763e+000
0 0 0
2 0 187 -68.0900 -55.6400 1 187 -173.7000 -37.3000
-7.9839853358e-002 -8.0773615639e-002 -1.1436178628e+000
0 0 0
2 0 188 -66.2200 -47.6700 1 188 -170.8000 -30.0000
-7.6146117046e-002 -7.1485491452e-002 -1.1469469925e+000
0 0 0
2 0 189 -63.8500 -41.4600 1 189 -167.3600 -24.0900
-7.3476046282e-002 -6.8287680355e-002 -1.1489146943e+000
0 0 0
2 0 190 -62.1200 -39.5000 1 190 -165.7100 -22.0000
-7.3084415802e-002 -7.2000305778e-002 -1.1480578050e+000
0 0 0
2 0 191 -61.8300 -42.1700 1 191 -166.2000 -24.4000
-7.3458459705e-002 -8.2708056952e-002 -1.1463204045e+000
0 0 0
2 0 192 -62.0900 -48.6400 1 192 -169.0000 -32.0000
-7.4140793898e-002 -9.7192081371e-002 -1.1425711914e+000
0 0 0
2 0 193 -62.4000 -59.1000 1 193 -172.0000 -41.2000
-7.4728528065e-002 -1.1498827934e-001 -1.1358070526e+000
0 0 0
3 0 194 -62.2700 -71.0000 1 194 -175.2000 -54.0000 2 194 149.3300 66.6700
-7.3843213263e-002 -1.3204660180e-001 -1.1306143569e+000
0 0 0
4 0 195 -62.0000 -82.3600 1 195 -177.9000 -67.8000 2 195 153.6700 56.3300 3 195 5.3600 166.0000
-6.6328194958e-002 -1.6255336101e-001 -1.1103781591e+000
0 0 0
4 0 197 -56.2300 -105.1500 1 197 -174.5000 -94.0000 2 197 153.3300 31.3300 3 197 -12.4600 130.4100
-6.0424161782e-002 -1.7460657672e-001 -1.1002727943e+000
0 0 0
4 0 198 -52.1000 -115.1000 1 198 -171.3600 -104.0900 2 198 150.6700 20.6700 3 198 -24.5300 112.9400
-7.1200288989e-002 -1.4491475151e-001 -1.1241049835e+000
0 0 0
2 0 196 -60.0000 -91.5000 3 196 -1.5000 153.5000
-7.1444560010e-002 -1.4810500781e-001 -1.1202789859e+000
0 0 0
2 1 196 -176.9200 -80.3100 2 196 155.0000 42.7500
