# Bundle file v0.3
4 198
7.6800000000e+002 0.0000000000e+000 0.0000000000e+000
1.0000000000e+000 0.0000000000e+000 0.0000000000e+000
0.0000000000e+000 1.0000000000e+000 0.0000000000e+000
0.0000000000e+000 0.0000000000e+000 1.0000000000e+000
-0.0000000000e+000 -0.0000000000e+000 -0.0000000000e+000
7.6800000000e+002 0.0000000000e+000 0.0000000000e+000
4.1647517172e-001 3.4031996312e-001 8.4304848855e-001
-3.0388812033e-001 9.2607013199e-001 -2.2370990356e-001
-8.5685497119e-001 -1.6302280003e-001 4.8910441116e-001
7.6903794926e-001 -2.5494233567e-001 -5.8616127310e-001
0 0 0
0 0 0
0 0 0
0 0 0
0 0 0
0 0 0
0 0 0
0 0 0
0 0 0
0 0 0
3.0456202759e-002 -1.5058546899e-001 -9.8396683288e-001
0 0 0
2 0 0 23.7800 -117.6700 1 0 -71.1400 -131.7100
3.3784273669e-002 -1.5387859503e-001 -9.8330132824e-001
0 0 0
2 0 1 26.4000 -120.4000 1 1 -70.4000 -134.4000
3.3916513992e-002 -1.5648249973e-001 -9.8365891706e-001
0 0 0
2 0 2 26.5000 -122.5000 1 2 -71.2000 -136.0000
3.1392515662e-002 -1.5949628983e-001 -9.8413458584e-001
0 0 0
2 0 3 24.5000 -124.5000 1 3 -73.2000 -138.0000
2.6270642429e-002 -1.6174278903e-001 -9.8451224442e-001
0 0 0
2 0 4 20.5000 -126.2900 1 4 -75.8200 -138.8200
1.7422996349e-002 -1.6221634846e-001 -9.8678935139e-001
0 0 0
2 0 5 13.5600 -126.2500 1 5 -80.5000 -137.8000
4.6732167812e-003 -1.5912112248e-001 -9.8859157973e-001
0 0 0
2 0 6 3.6200 -123.4400 1 6 -85.5000 -134.0000
-6.9728226001e-003 -1.5419710217e-001 -9.9340480002e-001
0 0 0
2 0 7 -5.3800 -119.3800 1 7 -91.3300 -127.7500
-1.9698373711e-002 -1.4761688307e-001 -9.9562256876e-001
0 0 0
2 0 8 -15.2100 -113.6400 1 8 -95.8500 -121.4600
-2.9123510837e-002 -1.4029253523e-001 -1.0006314729e+000
0 0 0
2 0 9 -22.3300 -108.0000 1 9 -100.3800 -113.3800
-3.9320279403e-002 -1.3135550995e-001 -1.0055705296e+000
0 0 0
2 0 10 -30.0000 -100.7300 1 10 -104.8700 -104.4700
-4.8340228050e-002 -1.2310882818e-001 -1.0110583032e+000
0 0 0
2 0 11 -36.6900 -93.8800 1 11 -109.4600 -96.1500
-5.8098167978e-002 -1.1333369276e-001 -1.0150220780e+000
0 0 0
2 0 12 -44.0000 -85.2700 1 12 -113.2500 -87.6700
-6.6320838616e-002 -1.0199727423e-001 -1.0193329708e+000
0 0 0
2 0 13 -50.0000 -76.5000 1 13 -116.0000 -77.2000
-7.3445385345e-002 -9.2064363569e-002 -1.0209770134e+000
0 0 0
2 0 14 -55.2100 -69.6400 1 14 -117.0000 -67.8300
-7.9065298431e-002 -8.2054653672e-002 -1.0209314879e+000
0 0 0
2 0 15 -59.5000 -61.5000 1 15 -116.6700 -60.2500
-8.2536700371e-002 -7.0563536208e-002 -1.0191746632e+000
0 0 0
2 0 16 -62.2300 -52.8500 1 16 -113.9000 -51.8000
-8.4131105057e-002 -5.9598997777e-002 -1.0168774113e+000
0 0 0
2 0 17 -63.4300 -46.0000 1 17 -109.8200 -42.8200
-8.3897505003e-002 -4.6868231006e-002 -1.0126349752e+000
0 0 0
2 0 18 -63.5900 -35.8800 1 18 -103.8200 -35.1800
-8.0748549435e-002 -3.3687125019e-002 -1.0065420036e+000
0 0 0
2 0 19 -61.5900 -25.8800 1 19 -95.3000 -27.7000
-7.4615086064e-002 -2.0557204965e-002 -1.0013312298e+000
0 0 0
2 0 20 -57.2900 -15.2900 1 20 -86.3300 -21.2500
-6.8690493872e-002 -8.6496746047e-003 -9.9784680655e-001
0 0 0
2 0 21 -52.8300 -6.9400 1 21 -78.5000 -14.0000
-6.3001752271e-002 1.4890758332e-003 -9.9373106737e-001
0 0 0
2 0 22 -48.7100 1.2900 1 22 -71.2700 -9.2700
-5.9580232967e-002 9.2759156932e-003 -9.8329380796e-001
0 0 0
2 0 23 -46.5000 7.0000 1 23 -61.5000 -6.0000
-5.5479755344e-002 1.4211734834e-002 -9.7125477378e-001
0 0 0
2 0 24 -43.8800 11.3100 1 24 -51.4600 -5.8500
-5.2259487953e-002 1.4323872658e-002 -9.5388338614e-001
0 0 0
2 0 25 -42.1000 11.7000 1 25 -39.6000 -9.6000
-4.9062340272e-002 6.4928244323e-003 -9.3586937104e-001
0 0 0
2 0 26 -40.3300 5.8100 1 26 -29.3800 -19.3800
-4.8404177975e-002 -1.8014868916e-003 -9.2369213549e-001
0 0 0
2 0 27 -40.3000 -1.1000 1 27 -23.6000 -27.6000
-5.0832809834e-002 -1.3205543491e-002 -9.1528224702e-001
0 0 0
2 0 28 -42.6400 -11.1800 1 28 -21.9300 -36.4000
-5.5729718636e-002 -2.7792113238e-002 -9.1379074916e-001
0 0 0
2 0 29 -46.9100 -22.7800 1 29 -26.7900 -47.0500
-6.1969358491e-002 -4.3316991746e-002 -9.1250345397e-001
0 0 0
2 0 30 -52.2300 -35.8200 1 30 -32.4000 -57.6000
-6.8449755303e-002 -5.7497885014e-002 -9.1296539383e-001
0 0 0
2 0 31 -57.5600 -48.5600 1 31 -38.7300 -66.0000
-7.4872736794e-002 -6.9225052022e-002 -9.1978521453e-001
0 0 0
2 0 32 -62.5700 -57.2900 1 32 -49.0000 -72.9000
-8.3530905126e-002 -7.7902154253e-002 -9.2706920548e-001
0 0 0
2 0 33 -69.1900 -64.6200 1 33 -59.3300 -75.7300
-9.1196439011e-002 -8.3940095319e-002 -9.4026246457e-001
0 0 0
2 0 34 -74.5200 -68.2400 1 34 -72.6700 -76.4700
-9.8901436047e-002 -9.1444604127e-002 -9.5595498825e-001
0 0 0
2 0 35 -79.5000 -73.0000 1 35 -88.0000 -77.5000
-1.0227813836e-001 -1.0043137318e-001 -9.6827920904e-001
0 0 0
2 0 36 -81.1200 -79.6900 1 36 -99.6700 -80.5300
-1.0287262478e-001 -1.0851089768e-001 -9.8135733051e-001
0 0 0
2 0 37 -80.5000 -85.0000 1 37 -110.4000 -83.6000
-1.0069157109e-001 -1.1835377816e-001 -9.9693668121e-001
0 0 0
2 0 38 -77.6200 -90.5600 1 38 -122.0000 -88.5700
-9.2923722647e-002 -1.2849865504e-001 -1.0097669895e+000
0 0 0
2 0 39 -70.7100 -97.2900 1 39 -129.2100 -94.3600
-8.0184704555e-002 -1.3833686618e-001 -1.0193492577e+000
0 0 0
2 0 40 -60.4000 -104.4000 1 40 -132.0000 -100.8300
-6.6172070409e-002 -1.4744983698e-001 -1.0226648772e+000
0 0 0
2 0 41 -49.7100 -110.5000 1 41 -130.5300 -109.1300
-4.5769438925e-002 -1.5649794259e-001 -1.0247047555e+000
0 0 0
2 0 42 -34.2900 -117.5000 1 42 -125.5000 -117.5000
-2.4172999735e-002 -1.6385772921e-001 -1.0173660929e+000
0 0 0
2 0 43 -18.2700 -123.3300 1 43 -114.5500 -127.6400
-9.1905524264e-004 -1.7099991207e-001 -1.0105175709e+000
0 0 0
2 0 44 -0.6700 -130.4700 1 44 -103.2000 -136.0000
2.0377874706e-002 -1.7766476942e-001 -9.9602498008e-001
0 0 0
2 0 45 15.7300 -137.3300 1 45 -88.6400 -146.3600
3.5786067833e-002 -1.8194826312e-001 -9.8202097631e-001
0 0 0
2 0 46 28.0000 -142.5700 1 46 -76.1200 -154.1200
4.8209287650e-002 -1.8478655369e-001 -9.6371193188e-001
0 0 0
2 0 47 38.4100 -147.0600 1 47 -62.0000 -162.0000
5.5856890163e-002 -1.8606215151e-001 -9.4739604243e-001
0 0 0
2 0 48 45.2800 -150.8300 1 48 -50.1800 -167.1800
5.6970870083e-002 -1.8619676544e-001 -9.3522609101e-001
0 0 0
2 0 49 46.7900 -153.0500 1 49 -42.6700 -170.1100
5.3530880464e-002 -1.8535073911e-001 -9.2353066308e-001
0 0 0
2 0 50 44.5200 -154.2400 1 50 -36.6700 -172.1100
4.4040311180e-002 -1.8442291918e-001 -9.1420392636e-001
0 0 0
2 0 51 37.0000 -155.0000 1 51 -34.0000 -173.0000
3.1711411045e-002 -1.8205740924e-001 -9.0554052298e-001
0 0 0
2 0 52 26.9100 -154.7800 1 52 -32.2000 -172.1000
1.6956655392e-002 -1.7714609842e-001 -8.9600743078e-001
0 0 0
2 0 53 14.5300 -151.7400 1 53 -30.1000 -170.2000
3.9479211598e-003 -1.7066507937e-001 -8.8530547445e-001
0 0 0
2 0 54 3.4400 -148.3900 1 54 -26.0000 -166.5000
-1.0666272857e-002 -1.6029647174e-001 -8.7222292290e-001
0 0 0
2 0 55 -9.3800 -141.3800 1 55 -19.8200 -160.8200
-2.4781932893e-002 -1.4740354164e-001 -8.6094358716e-001
0 0 0
2 0 56 -22.1200 -131.2500 1 56 -13.8300 -153.0000
-3.6844094329e-002 -1.3013868180e-001 -8.5143888858e-001
0 0 0
2 0 57 -33.1800 -118.2100 1 57 -6.6200 -139.6200
-4.8841947802e-002 -1.1143658274e-001 -8.4597169804e-001
0 0 0
2 0 58 -44.3000 -101.7000 1 58 -1.8600 -125.2900
-5.8903378534e-002 -8.9118806432e-002 -8.3874555642e-001
0 0 0
2 0 59 -53.9000 -82.0000 1 59 5.9300 -108.3600
-6.4765748893e-002 -6.7579978314e-002 -8.3259682732e-001
0 0 0
2 0 60 -59.8200 -61.5500 1 60 14.0000 -93.3100
-6.9525097601e-002 -4.7597503713e-002 -8.2721745081e-001
0 0 0
2 0 61 -64.5200 -44.4400 1 61 22.1100 -76.9400
-7.1956660149e-002 -2.8928439540e-002 -8.2285166369e-001
0 0 0
2 0 62 -67.1600 -27.0000 1 62 29.5800 -63.1100
-7.2773027484e-002 -1.2604613232e-002 -8.2014243725e-001
0 0 0
2 0 63 -68.1800 -11.5500 1 63 35.7200 -51.0600
-7.4381397674e-002 1.5186152767e-002 -8.2195579890e-001
0 0 0
2 0 64 -69.6200 15.0000 1 64 41.3800 -29.3800
-8.0711151711e-002 1.1260732926e-002 -8.3094772428e-001
0 0 0
2 0 65 -74.7700 11.5800 1 65 31.7500 -29.5600
-8.6131818987e-002 -4.3906664121e-003 -8.3663838565e-001
0 0 0
2 0 66 -79.1100 -3.7100 1 66 21.8700 -38.4300
-9.1325066772e-002 -2.4677617234e-002 -8.4465833901e-001
0 0 0
2 0 67 -83.2200 -21.0000 1 67 8.3800 -52.6700
-9.3310563460e-002 -4.7305618966e-002 -8.4978374725e-001
0 0 0
2 0 68 -84.3100 -42.9300 1 68 -1.9100 -67.2700
-9.0832725890e-002 -6.9169618694e-002 -8.6228680808e-001
0 0 0
2 0 69 -80.8900 -61.7100 1 69 -16.0900 -82.2200
-8.3263049002e-002 -8.2938182738e-002 -8.7478533016e-001
0 0 0
2 0 70 -73.0900 -72.9100 1 70 -25.8900 -91.4400
-6.8001061872e-002 -9.2633116036e-002 -8.7837425468e-001
0 0 0
2 0 71 -59.5000 -80.5000 1 71 -25.6400 -101.2100
-4.1632921224e-002 -1.0161351619e-001 -8.7532004122e-001
0 0 0
2 0 72 -36.5000 -89.5000 1 72 -16.5400 -111.8500
-1.6374916227e-002 -1.1109211169e-001 -8.6451338839e-001
0 0 0
2 0 73 -14.5000 -99.3100 1 73 -3.3300 -124.6700
4.2960784857e-003 -1.1780089408e-001 -8.5234623502e-001
0 0 0
2 0 74 3.8700 -106.1300 1 74 9.4600 -135.8500
1.2160600051e-002 -1.2176253859e-001 -8.4287222398e-001
0 0 0
2 0 75 11.0900 -111.0900 1 75 17.1800 -141.8200
9.6760170869e-003 -1.2456373672e-001 -8.3694215806e-001
0 0 0
2 0 76 8.9100 -114.7800 1 76 19.7000 -144.7000
-3.5880514648e-003 -1.2743286739e-001 -8.3699715767e-001
0 0 0
2 0 77 -3.2800 -117.1200 1 77 14.7000 -145.7000
-1.9253349414e-002 -1.2779111893e-001 -8.4335986064e-001
0 0 0
2 0 78 -17.5000 -116.8800 1 78 5.3300 -142.2500
-3.9622617415e-002 -1.2316258335e-001 -8.5124869068e-001
0 0 0
2 0 79 -35.7200 -111.5200 1 79 -5.6000 -134.4000
-5.7403405070e-002 -1.1469614485e-001 -8.5889625484e-001
0 0 0
2 0 80 -51.3500 -102.2700 1 80 -14.7900 -124.3600
-7.1677062491e-002 -1.0239849656e-001 -8.7050937627e-001
0 0 0
2 0 81 -63.1900 -90.9000 1 81 -24.1700 -109.0000
-8.0924467621e-002 -8.5895673121e-002 -8.7830826753e-001
0 0 0
2 0 82 -70.8400 -74.2600 1 82 -28.5000 -94.2900
-8.8485694125e-002 -6.7976666132e-002 -8.8382982727e-001
0 0 0
2 0 83 -77.0000 -58.0000 1 83 -30.0000 -78.0000
-9.5953239434e-002 -4.3884061180e-002 -8.8835141889e-001
0 0 0
2 0 84 -83.0900 -36.7800 1 84 -29.0000 -57.0000
-1.0343095000e-001 1.1235534986e-002 -8.9816180157e-001
0 0 0
2 0 85 -88.5000 10.0000 1 85 -22.5500 -10.3600
-1.0353861046e-001 1.7909660435e-002 -9.0468152965e-001
0 0 0
2 0 86 -88.0000 15.8900 1 86 -25.2100 -4.3600
-1.0255694172e-001 1.5406488396e-002 -9.1144878862e-001
0 0 0
2 0 87 -86.5300 13.7400 1 87 -30.1200 -5.3100
-1.0231186208e-001 1.0254715645e-002 -9.2062939890e-001
0 0 0
2 0 88 -85.4700 9.3700 1 88 -37.6000 -7.6000
-1.0019701926e-001 3.7516681731e-003 -9.2802931167e-001
0 0 0
2 0 89 -82.9500 3.3200 1 89 -43.3300 -11.0000
-9.7457032987e-002 -3.2692855689e-003 -9.3324143610e-001
0 0 0
2 0 90 -80.3200 -1.8400 1 90 -47.8700 -16.5300
-9.5892596345e-002 -1.2380862967e-002 -9.3696289620e-001
0 0 0
2 0 91 -78.6000 -10.1500 1 91 -52.0000 -22.1200
-9.3107603963e-002 -2.6171310636e-002 -9.3890326754e-001
0 0 0
2 0 92 -76.2500 -20.7000 1 92 -56.2700 -33.3300
-9.2114323348e-002 -4.1404463237e-002 -9.3773964255e-001
0 0 0
2 0 93 -75.4300 -34.0000 1 93 -59.2100 -44.3600
-9.3506903160e-002 -5.5059633492e-002 -9.3438119702e-001
0 0 0
2 0 94 -76.9100 -44.7800 1 94 -61.6000 -55.6000
-9.5043627920e-002 -6.5618159394e-002 -9.2808025311e-001
0 0 0
2 0 95 -78.6500 -54.3000 1 95 -61.0000 -64.1700
-9.7027572340e-002 -7.0003966202e-002 -9.1514064341e-001
0 0 0
2 0 96 -81.4800 -58.2400 1 96 -54.6700 -70.4700
-9.6180432562e-002 -7.0485556179e-002 -9.0213439630e-001
0 0 0
2 0 97 -81.9000 -59.8100 1 97 -45.7500 -73.5600
-9.6245475720e-002 -6.2392650707e-002 -8.9062366751e-001
0 0 0
2 0 98 -83.0900 -52.9100 1 98 -35.8700 -70.5300
-9.9869941835e-002 -4.5016612511e-002 -8.8247249906e-001
0 0 0
2 0 99 -86.9100 -39.2200 1 99 -26.4300 -57.1400
-9.4864658441e-002 -2.6208854584e-002 -8.7514784004e-001
0 0 0
2 0 100 -83.2500 -23.0000 1 100 -14.2100 -45.1600
-8.6955109365e-002 -1.3006771440e-002 -8.7098812866e-001
0 0 0
2 0 101 -76.7200 -11.1200 1 101 -4.9400 -37.8900
-7.1082582812e-002 -9.4428089000e-003 -8.6537191002e-001
0 0 0
2 0 102 -63.1100 -8.1900 1 102 5.3500 -39.5300
-5.5093787260e-002 -1.5075510284e-002 -8.5281567670e-001
0 0 0
2 0 103 -49.7300 -12.6900 1 103 17.4400 -50.3900
-3.8281793630e-002 -2.6563569569e-002 -8.4678563603e-001
0 0 0
2 0 104 -34.8000 -23.4400 1 104 23.8600 -63.2900
-1.7082925073e-002 -4.0497927082e-002 -8.4257871550e-001
0 0 0
2 0 105 -15.6200 -36.4800 1 105 29.5900 -78.1200
6.6665533108e-004 -5.1171712815e-002 -8.4085942569e-001
0 0 0
2 0 106 0.5900 -46.5600 1 106 33.3300 -89.0000
1.2231007707e-002 -5.8994221184e-002 -8.4024133840e-001
0 0 0
2 0 107 11.2400 -54.5200 1 107 35.3300 -95.7500
2.4341808796e-002 -6.5485855628e-002 -8.3811493138e-001
0 0 0
2 0 108 22.3600 -60.5700 1 108 38.5600 -102.7500
3.5241721566e-002 -7.0203013581e-002 -8.3335323507e-001
0 0 0
2 0 109 32.5400 -65.3600 1 109 43.6200 -108.6200
3.9811124621e-002 -7.2704068912e-002 -8.2740839620e-001
0 0 0
2 0 110 37.0000 -68.0000 1 110 48.1500 -112.5400
4.2335225578e-002 -7.1722278634e-002 -8.1850597605e-001
0 0 0
2 0 111 39.7700 -67.8100 1 111 55.0000 -114.1700
4.0402668165e-002 -6.9096393837e-002 -8.0769509482e-001
0 0 0
2 0 112 38.4800 -66.3800 1 112 62.4400 -114.2500
2.8254600589e-002 -6.6662459860e-002 -8.0291483987e-001
0 0 0
2 0 113 27.0700 -64.2300 1 113 63.0000 -112.1700
1.5768374563e-002 -6.2085368905e-002 -7.9984712207e-001
0 0 0
2 0 114 15.1900 -60.1200 1 114 62.9200 -107.6900
-1.5857927605e-003 -5.4692299887e-002 -7.9782323301e-001
0 0 0
2 0 115 -1.4800 -53.1000 1 115 61.4700 -100.1300
-1.6337884948e-002 -5.0053467673e-002 -8.0078522772e-001
0 0 0
2 0 116 -15.6300 -48.3700 1 116 56.4400 -93.7500
-3.6367339371e-002 -4.9210821288e-002 -8.1313306344e-001
0 0 0
2 0 117 -34.3400 -46.5600 1 117 42.0000 -87.3500
-5.3772078512e-002 -4.9707784679e-002 -8.2450630253e-001
0 0 0
2 0 118 -50.1200 -46.0000 1 118 28.3500 -82.6000
-7.0623914042e-002 -5.2259457498e-002 -8.3987901741e-001
0 0 0
2 0 119 -64.6300 -47.3300 1 119 11.2800 -78.2800
-8.4551459346e-002 -5.6031434014e-002 -8.5357455987e-001
0 0 0
2 0 120 -76.1200 -50.0000 1 120 -4.1500 -75.5500
-9.8132931018e-002 -5.9354940440e-002 -8.7498923014e-001
0 0 0
2 0 121 -86.1900 -51.5800 1 121 -24.9100 -70.9100
-1.0663938969e-001 -6.2439005507e-002 -8.9665852258e-001
0 0 0
2 0 122 -91.3900 -53.0000 1 122 -43.8400 -66.8400
-1.0970404103e-001 -6.5185644075e-002 -9.1318839883e-001
0 0 0
2 0 123 -92.3300 -54.1900 1 123 -57.0000 -64.9000
-1.1008136377e-001 -6.7515005741e-002 -9.3768296831e-001
0 0 0
2 0 124 -90.2100 -54.8400 1 124 -73.9300 -61.1400
-1.0783419123e-001 -6.9703722903e-002 -9.5729829899e-001
0 0 0
2 0 125 -86.5300 -55.7400 1 125 -86.2000 -58.8000
-1.0851031814e-001 -7.2096155739e-002 -9.7858262111e-001
0 0 0
2 0 126 -85.1600 -56.5800 1 126 -100.5400 -55.8500
-1.1003602014e-001 -7.3683104004e-002 -9.9422893143e-001
0 0 0
2 0 127 -85.0000 -56.9000 1 127 -111.3300 -53.5300
-1.1369266695e-001 -7.3837467248e-002 -1.0111398546e+000
0 0 0
2 0 128 -86.3500 -56.1200 1 128 -123.2500 -49.4400
-1.2024802733e-001 -7.0308929363e-002 -1.0210480755e+000
0 0 0
2 0 129 -90.4700 -52.6700 1 129 -131.1500 -43.7700
-1.2965517475e-001 -6.3664832875e-002 -1.0263229151e+000
0 0 0
2 0 130 -97.0000 -47.8300 1 130 -136.5000 -35.5000
-1.3916586076e-001 -5.4485250105e-002 -1.0216658522e+000
0 0 0
2 0 131 -104.6700 -40.4700 1 131 -135.4600 -28.1500
-1.4791427087e-001 -4.3806483295e-002 -1.0107116792e+000
0 0 0
2 0 132 -112.4700 -32.6700 1 132 -129.6000 -20.4000
-1.5300322994e-001 -3.7824125810e-002 -9.9957183292e-001
0 0 0
2 0 133 -117.6200 -28.5600 1 133 -123.1700 -16.7200
-1.5718245694e-001 -3.2669876892e-002 -9.8435218184e-001
0 0 0
2 0 134 -122.7200 -24.8300 1 134 -113.9300 -14.8600
-1.5895893174e-001 -2.9508767434e-002 -9.7165909895e-001
0 0 0
2 0 135 -125.7200 -22.7200 1 135 -105.6000 -14.4000
-1.5977128922e-001 -2.7714285141e-002 -9.6390568204e-001
0 0 0
2 0 136 -127.3900 -21.3900 1 136 -100.4000 -14.4000
-1.4090447120e-001 -4.5165213334e-002 -9.6336960280e-001
0 0 0
2 0 137 -112.3300 -36.0000 1 137 -96.8500 -31.7700
-1.3540776689e-001 -5.5174171330e-002 -9.7746784927e-001
0 0 0
2 0 138 -106.3800 -43.4400 1 138 -106.4300 -37.7100
-1.3184530862e-001 -6.4373011487e-002 -9.9433288646e-001
0 0 0
2 0 139 -101.8800 -49.3100 1 139 -118.2900 -42.5000
-1.2816136351e-001 -7.2435926946e-002 -1.0103819711e+000
0 0 0
2 0 140 -97.4100 -55.1200 1 140 -128.7900 -45.6400
-1.2390294039e-001 -7.9371697302e-002 -1.0205220266e+000
0 0 0
2 0 141 -93.2900 -59.2900 1 141 -135.1700 -50.0800
-1.1531138175e-001 -8.8083818378e-002 -1.0283506396e+000
0 0 0
2 0 142 -86.1500 -65.4600 1 142 -138.5000 -56.5000
-1.0915710405e-001 -9.5537422073e-002 -1.0336804716e+000
0 0 0
2 0 143 -81.1100 -70.8900 1 143 -141.0000 -61.8300
-1.0481518075e-001 -1.0198971251e-001 -1.0424143199e+000
0 0 0
2 0 144 -77.2200 -75.1700 1 144 -146.0000 -65.4300
-9.8665948093e-002 -1.0686233807e-001 -1.0519766026e+000
0 0 0
2 0 145 -72.0000 -78.3600 1 145 -150.1000 -67.8000
-9.2010085965e-002 -1.1079793483e-001 -1.0604969613e+000
0 0 0
2 0 146 -66.6200 -80.3800 1 146 -153.1500 -70.2300
-8.2153268536e-002 -1.1641160404e-001 -1.0688277880e+000
0 0 0
2 0 147 -59.0000 -84.0000 1 147 -155.0000 -74.0000
-7.2844162424e-002 -1.2724982665e-001 -1.0767036902e+000
0 0 0
2 0 148 -51.9100 -91.3600 1 148 -158.2500 -81.3300
-6.2248992580e-002 -1.3845505061e-001 -1.0812081357e+000
0 0 0
2 0 149 -44.1800 -98.8200 1 149 -159.2000 -90.0000
-5.1815891246e-002 -1.5115034031e-001 -1.0836863146e+000
0 0 0
2 0 150 -36.7300 -107.0000 1 150 -159.6000 -100.4000
-3.9356617113e-002 -1.6455938363e-001 -1.0848202009e+000
0 0 0
2 0 151 -27.8300 -117.0000 1 151 -158.3600 -110.5500
-2.5267846331e-002 -1.7864039897e-001 -1.0816671809e+000
0 0 0
2 0 152 -17.9100 -127.3600 1 152 -154.4400 -122.6700
-1.1274663160e-002 -1.9174625411e-001 -1.0737828124e+000
0 0 0
2 0 153 -8.0900 -136.6400 1 153 -148.0000 -136.0000
5.7928953211e-003 -2.0134660637e-001 -1.0663234755e+000
0 0 0
2 0 154 4.1500 -144.5400 1 154 -139.5000 -146.0000
2.5033965585e-002 -2.0963927142e-001 -1.0552216123e+000
0 0 0
2 0 155 18.2000 -152.1000 1 155 -128.0000 -156.0000
4.2833328038e-002 -2.1553406679e-001 -1.0443086065e+000
0 0 0
2 0 156 31.5000 -158.5000 1 156 -116.6700 -163.5600
5.4717104490e-002 -2.1974507688e-001 -1.0303687782e+000
0 0 0
2 0 157 40.7700 -163.3800 1 157 -105.8000 -171.0000
6.7863543698e-002 -2.2290562612e-001 -1.0181485628e+000
0 0 0
2 0 158 51.1800 -167.8200 1 158 -95.1200 -176.8800
7.9500700678e-002 -2.2247641884e-001 -1.0070558522e+000
0 0 0
2 0 159 60.6200 -169.3800 1 159 -84.8000 -180.0000
9.4400587786e-002 -2.2153994924e-001 -9.9540390934e-001
0 0 0
2 0 160 72.8300 -170.7800 1 160 -73.0000 -183.0000
1.0880260254e-001 -2.1940917540e-001 -9.7834575528e-001
0 0 0
2 0 161 85.4100 -172.2400 1 161 -58.2500 -186.3800
1.2058188195e-001 -2.1446061753e-001 -9.6075362065e-001
0 0 0
2 0 162 96.3900 -171.4400 1 162 -43.5000 -188.0000
1.3454164336e-001 -2.0482244526e-001 -9.4695923918e-001
0 0 0
2 0 163 109.1100 -165.9400 1 163 -29.2000 -186.0000
1.4012915458e-001 -1.9401023746e-001 -9.3289890395e-001
0 0 0
2 0 164 115.3700 -160.0000 1 164 -17.0000 -182.0000
1.3814862802e-001 -1.8367405808e-001 -9.1831997712e-001
0 0 0
2 0 165 115.5600 -154.2500 1 165 -6.8000 -178.0000
1.3405095948e-001 -1.7737746419e-001 -9.1082671214e-001
0 0 0
2 0 166 113.0600 -150.2800 1 166 -2.1800 -175.1800
1.2727114105e-001 -1.7271556575e-001 -9.0520664447e-001
0 0 0
2 0 167 108.0000 -147.0000 1 167 0.1800 -173.1800
1.1873290436e-001 -1.7411699039e-001 -9.0212454768e-001
0 0 0
2 0 168 101.1000 -148.7000 1 168 -0.8200 -174.1800
1.0566300206e-001 -1.7919680611e-001 -9.0422663090e-001
0 0 0
2 0 169 89.7600 -152.5900 1 169 -7.1500 -176.2300
8.7404671717e-002 -1.8540594849e-001 -9.0994287790e-001
0 0 0
2 0 170 73.7900 -157.0000 1 170 -17.6000 -177.6000
7.1954247714e-002 -1.9386031060e-001 -9.2393957218e-001
0 0 0
2 0 171 59.8100 -161.1400 1 171 -33.0000 -179.5000
5.5001589883e-002 -2.0177781710e-001 -9.3862463116e-001
0 0 0
2 0 172 45.0000 -165.0000 1 172 -49.3300 -180.2700
3.5749966617e-002 -2.0831378301e-001 -9.5654042660e-001
0 0 0
2 0 173 28.7000 -167.1500 1 173 -68.2700 -179.0000
1.9377128346e-002 -2.1183362318e-001 -9.7229030096e-001
0 0 0
2 0 174 15.3000 -167.1500 1 174 -84.4000 -176.4000
5.6214056654e-003 -2.1539593668e-001 -9.9476062610e-001
0 0 0
2 0 175 4.3300 -166.0000 1 175 -103.6000 -172.4000
-1.0254697818e-002 -2.1460316320e-001 -1.0115697575e+000
0 0 0
2 0 176 -7.8000 -162.5300 1 176 -119.3300 -166.4700
-2.3435629492e-002 -2.1193023101e-001 -1.0304482976e+000
0 0 0
2 0 177 -17.4700 -157.8700 1 177 -134.6700 -158.4700
-3.7423074699e-002 -2.0637538805e-001 -1.0453286236e+000
0 0 0
2 0 178 -27.5000 -151.5000 1 178 -147.4400 -149.6200
-4.9908208409e-002 -1.9971130133e-001 -1.0549880006e+000
0 0 0
2 0 179 -36.3600 -144.7900 1 179 -156.5000 -141.7100
-6.0276544399e-002 -1.9182286469e-001 -1.0653231306e+000
0 0 0
2 0 180 -43.4500 -138.3600 1 180 -164.5400 -131.8500
-7.0014606279e-002 -1.8176184590e-001 -1.0722231148e+000
0 0 0
2 0 181 -50.1700 -129.8300 1 181 -170.0000 -122.2900
-8.7832923970e-002 -1.5549217328e-001 -1.0840739996e+000
0 0 0
2 0 182 -62.2000 -110.5000 1 182 -177.1500 -97.7700
-9.3676444308e-002 -1.3931341702e-001 -1.0908211719e+000
0 0 0
2 0 183 -65.9100 -98.6400 1 183 -178.9200 -83.6900
-9.7724557830e-002 -1.2001071396e-001 -1.0977633291e+000
0 0 0
2 0 184 -68.4000 -83.6000 1 184 -179.2900 -68.7100
-9.9761137164e-002 -1.0397102229e-001 -1.1020964677e+000
0 0 0
2 0 185 -69.4500 -73.1800 1 185 -177.8200 -55.1800
-9.8225562174e-002 -9.0776156420e-002 -1.1066045735e+000
0 0 0
2 0 186 -68.1700 -63.0000 1 186 -176.0000 -46.0000
-9.8346791850e-002 -7.9505690343e-002 -1.1083302245e+000
0 0 0
2 0 187 -68.0900 -55.6400 1 187 -173.7000 -37.3000
-9.5810360810e-002 -6.8525602475e-002 -1.1106516859e+000
0 0 0
2 0 188 -66.2200 -47.6700 1 188 -170.8000 -30.0000
-9.2497280951e-002 -5.9427645441e-002 -1.1117641167e+000
0 0 0
2 0 189 -63.8500 -41.4600 1 189 -167.3600 -24.0900
-9.0096514609e-002 -5.6216739436e-002 -1.1124517785e+000
0 0 0
2 0 190 -62.1200 -39.5000 1 190 -165.7100 -22.0000
-8.9672309878e-002 -5.9754513435e-002 -1.1119893042e+000
0 0 0
2 0 191 -61.8300 -42.1700 1 191 -166.2000 -24.4000
-8.9906575456e-002 -6.9959850630e-002 -1.1114796518e+000
0 0 0
2 0 192 -62.0900 -48.6400 1 192 -169.0000 -32.0000
-9.0324406229e-002 -8.3922100556e-002 -1.1098012310e+000
0 0 0
2 0 193 -62.4000 -59.1000 1 193 -172.0000 -41.2000
-8.9871444247e-002 -1.0119850540e-001 -1.1070647723e+000
0 0 0
2 0 194 -62.2700 -71.0000 1 194 -175.2000 -54.0000
-8.9059835176e-002 -1.1851371361e-001 -1.1033955689e+000
0 0 0
2 0 195 -62.0000 -82.3600 1 195 -177.9000 -67.8000
-7.9718966687e-002 -1.4934764351e-001 -1.0890573670e+000
0 0 0
2 0 197 -56.2300 -105.1500 1 197 -174.5000 -94.0000
-7.3498907387e-002 -1.6137780805e-001 -1.0825762187e+000
0 0 0
2 0 198 -52.1000 -115.1000 1 198 -171.3600 -104.0900
