# Bundle file v0.3
4 198
6.7323685241e+002 -9.3972369216e-002 -4.1698369607e-003
9.9915947993e-001 8.0729391863e-003 4.0189069611e-002
-8.4038703391e-003 9.9993210468e-001 8.0722357853e-003
-4.0121174292e-002 -8.4031946392e-003 9.9915948561e-001
3.8918621266e-002 5.7234334180e-003 1.0710277116e-001
7.5218529834e+002 -4.3714832842e-003 2.0351245774e-003
4.5417092695e-001 3.4749349520e-001 8.2035177814e-001
-3.0433869475e-001 9.2591966484e-001 -2.2372021174e-001
-8.3732116179e-001 -1.4805757345e-001 5.2628150923e-001
7.4782657891e-001 -2.5625742743e-001 -5.3817605798e-001
0 0 0
0 0 0
0 0 0
0 0 0
0 0 0
0 0 0
0 0 0
0 0 0
0 0 0
0 0 0
3.3253627545e-002 -1.5200503589e-001 -9.8819818261e-001
0 0 0
2 0 0 23.7800 -117.6700 1 0 -71.1400 -131.7100
3.6679610953e-002 -1.5539517478e-001 -9.8764973441e-001
0 0 0
2 0 1 26.4000 -120.4000 1 1 -70.4000 -134.4000
3.6856691019e-002 -1.5806755995e-001 -9.8803282395e-001
0 0 0
2 0 2 26.5000 -122.5000 1 2 -71.2000 -136.0000
3.4303026290e-002 -1.6113474664e-001 -9.8840120920e-001
0 0 0
2 0 3 24.5000 -124.5000 1 3 -73.2000 -138.0000
2.9063196697e-002 -1.6338039868e-001 -9.8852658500e-001
0 0 0
2 0 4 20.5000 -126.2900 1 4 -75.8200 -138.8200
2.0071384715e-002 -1.6381503633e-001 -9.9050970268e-001
0 0 0
2 0 5 13.5600 -126.2500 1 5 -80.5000 -137.8000
7.0351608762e-003 -1.6055033081e-001 -9.9179933000e-001
0 0 0
2 0 6 3.6200 -123.4400 1 6 -85.5000 -134.0000
-4.7284739424e-003 -1.5550232948e-001 -9.9639586062e-001
0 0 0
2 0 7 -5.3800 -119.3800 1 7 -91.3300 -127.7500
-1.7706720164e-002 -1.4870942268e-001 -9.9816410541e-001
0 0 0
2 0 8 -15.2100 -113.6400 1 8 -95.8500 -121.4600
-2.7188535175e-002 -1.4124983799e-001 -1.0031026487e+000
0 0 0
2 0 9 -22.3300 -108.0000 1 9 -100.3800 -113.3800
-3.7474953348e-002 -1.3214271229e-001 -1.0079359954e+000
0 0 0
2 0 10 -30.0000 -100.7300 1 10 -104.8700 -104.4700
-4.6540114249e-002 -1.2376095594e-001 -1.0134152232e+000
0 0 0
2 0 11 -36.6900 -93.8800 1 11 -109.4600 -96.1500
-5.6434200910e-002 -1.1379454473e-001 -1.0172143412e+000
0 0 0
2 0 12 -44.0000 -85.2700 1 12 -113.2500 -87.6700
-6.4751226600e-002 -1.0225309047e-001 -1.0214742995e+000
0 0 0
2 0 13 -50.0000 -76.5000 1 13 -116.0000 -77.2000
-7.2008693917e-002 -9.2114895790e-002 -1.0229330080e+000
0 0 0
2 0 14 -55.2100 -69.6400 1 14 -117.0000 -67.8300
-7.7808730109e-002 -8.1898917228e-002 -1.0226191980e+000
0 0 0
2 0 15 -59.5000 -61.5000 1 15 -116.6700 -60.2500
-8.1470150709e-002 -7.0179363767e-002 -1.0205831855e+000
0 0 0
2 0 16 -62.2300 -52.8500 1 16 -113.9000 -51.8000
-8.3199801533e-002 -5.9007987399e-002 -1.0180998382e+000
0 0 0
2 0 17 -63.4300 -46.0000 1 17 -109.8200 -42.8200
-8.3189719725e-002 -4.6058242164e-002 -1.0135602761e+000
0 0 0
2 0 18 -63.5900 -35.8800 1 18 -103.8200 -35.1800
-8.0270156138e-002 -3.2671397879e-002 -1.0071944915e+000
0 0 0
2 0 19 -61.5900 -25.8800 1 19 -95.3000 -27.7000
-7.4326833377e-002 -1.9368651908e-002 -1.0018914935e+000
0 0 0
2 0 20 -57.2900 -15.2900 1 20 -86.3300 -21.2500
-6.8498866219e-002 -7.3088421190e-003 -9.9848676702e-001
0 0 0
2 0 21 -52.8300 -6.9400 1 21 -78.5000 -14.0000
-6.2956403904e-002 2.9456138784e-003 -9.9434520911e-001
0 0 0
2 0 22 -48.7100 1.2900 1 22 -71.2700 -9.2700
-5.9867876322e-002 1.0795677232e-002 -9.8340116631e-001
0 0 0
2 0 23 -46.5000 7.0000 1 23 -61.5000 -6.0000
-5.6156599458e-002 1.5732032334e-002 -9.7076758025e-001
0 0 0
2 0 24 -43.8800 11.3100 1 24 -51.4600 -5.8500
-5.3472144008e-002 1.5766395579e-002 -9.5247574504e-001
0 0 0
2 0 25 -42.1000 11.7000 1 25 -39.6000 -9.6000
-5.0786230285e-002 7.8184693875e-003 -9.3353818669e-001
0 0 0
2 0 26 -40.3300 5.8100 1 26 -29.3800 -19.3800
-5.0448315036e-002 -5.3635008935e-004 -9.2071586151e-001
0 0 0
2 0 27 -40.3000 -1.1000 1 27 -23.6000 -27.6000
-5.3032986066e-002 -1.1964543367e-002 -9.1176640628e-001
0 0 0
2 0 28 -42.6400 -11.1800 1 28 -21.9300 -36.4000
-5.7860612162e-002 -2.6548117190e-002 -9.0994964682e-001
0 0 0
2 0 29 -46.9100 -22.7800 1 29 -26.7900 -47.0500
-6.3988513550e-002 -4.2055721051e-002 -9.0832262517e-001
0 0 0
2 0 30 -52.2300 -35.8200 1 30 -32.4000 -57.6000
-7.0292987699e-002 -5.6223644291e-002 -9.0855229965e-001
0 0 0
2 0 31 -57.5600 -48.5600 1 31 -38.7300 -66.0000
-7.6426891103e-002 -6.7988056292e-002 -9.1542907860e-001
0 0 0
2 0 32 -62.5700 -57.2900 1 32 -49.0000 -72.9000
-8.4789277496e-002 -7.6717479763e-002 -9.2275208797e-001
0 0 0
2 0 33 -69.1900 -64.6200 1 33 -59.3300 -75.7300
-9.2083139123e-002 -8.2880163924e-002 -9.3632738247e-001
0 0 0
2 0 34 -74.5200 -68.2400 1 34 -72.6700 -76.4700
-9.9378709576e-002 -9.0571472878e-002 -9.5256796768e-001
0 0 0
2 0 35 -79.5000 -73.0000 1 35 -88.0000 -77.5000
-1.0242102902e-001 -9.9771433745e-002 -9.6545991059e-001
0 0 0
2 0 36 -81.1200 -79.6900 1 36 -99.6700 -80.5300
-1.0267759578e-001 -1.0811320568e-001 -9.7928798776e-001
0 0 0
2 0 37 -80.5000 -85.0000 1 37 -110.4000 -83.6000
-1.0007867142e-001 -1.1833303110e-001 -9.9592267747e-001
0 0 0
2 0 38 -77.6200 -90.5600 1 38 -122.0000 -88.5700
-9.1852233199e-002 -1.2890370395e-001 -1.0099410734e+000
0 0 0
2 0 39 -70.7100 -97.2900 1 39 -129.2100 -94.3600
-7.8605224203e-002 -1.3919017767e-001 -1.0207701798e+000
0 0 0
2 0 40 -60.4000 -104.4000 1 40 -132.0000 -100.8300
-6.4191941911e-002 -1.4867185515e-001 -1.0249677232e+000
0 0 0
2 0 41 -49.7100 -110.5000 1 41 -130.5300 -109.1300
-4.3225662992e-002 -1.5814961186e-001 -1.0281382627e+000
0 0 0
2 0 42 -34.2900 -117.5000 1 42 -125.5000 -117.5000
-2.1322151664e-002 -1.6574319788e-001 -1.0212937258e+000
0 0 0
2 0 43 -18.2700 -123.3300 1 43 -114.5500 -127.6400
2.3460718767e-003 -1.7315417925e-001 -1.0150846773e+000
0 0 0
2 0 44 -0.6700 -130.4700 1 44 -103.2000 -136.0000
2.3679889338e-002 -1.7989203355e-001 -1.0005583615e+000
0 0 0
2 0 45 15.7300 -137.3300 1 45 -88.6400 -146.3600
3.8926152428e-002 -1.8412713930e-001 -9.8628293774e-001
0 0 0
2 0 46 28.0000 -142.5700 1 46 -76.1200 -154.1200
5.0825273285e-002 -1.8672656425e-001 -9.6726496961e-001
0 0 0
2 0 47 38.4100 -147.0600 1 47 -62.0000 -162.0000
5.7842173227e-002 -1.8769613198e-001 -9.5017462443e-001
0 0 0
2 0 48 45.2800 -150.8300 1 48 -50.1800 -167.1800
5.8320733254e-002 -1.8751152762e-001 -9.3722110306e-001
0 0 0
2 0 49 46.7900 -153.0500 1 49 -42.6700 -170.1100
5.4141314421e-002 -1.8627253044e-001 -9.2458431646e-001
0 0 0
2 0 50 44.5200 -154.2400 1 50 -36.6700 -172.1100
4.3930800199e-002 -1.8493152969e-001 -9.1421161889e-001
0 0 0
2 0 51 37.0000 -155.0000 1 51 -34.0000 -173.0000
3.0920450083e-002 -1.8212029092e-001 -9.0445793961e-001
0 0 0
2 0 52 26.9100 -154.7800 1 52 -32.2000 -172.1000
1.5491857843e-002 -1.7670811723e-001 -8.9376118676e-001
0 0 0
2 0 53 14.5300 -151.7400 1 53 -30.1000 -170.2000
1.8690227550e-003 -1.6973843194e-001 -8.8196762399e-001
0 0 0
2 0 54 3.4400 -148.3900 1 54 -26.0000 -166.5000
-1.3371216660e-002 -1.5884082794e-001 -8.6771152637e-001
0 0 0
2 0 55 -9.3800 -141.3800 1 55 -19.8200 -160.8200
-2.7930172429e-002 -1.4554493417e-001 -8.5545525172e-001
0 0 0
2 0 56 -22.1200 -131.2500 1 56 -13.8300 -153.0000
-4.0305850071e-002 -1.2804270782e-001 -8.4519066532e-001
0 0 0
2 0 57 -33.1800 -118.2100 1 57 -6.6200 -139.6200
-5.2428572059e-002 -1.0927872928e-001 -8.3917702153e-001
0 0 0
2 0 58 -44.3000 -101.7000 1 58 -1.8600 -125.2900
-6.2675902301e-002 -8.7004195625e-002 -8.3144262225e-001
0 0 0
2 0 59 -53.9000 -82.0000 1 59 5.9300 -108.3600
-6.8765982747e-002 -6.5616622499e-002 -8.2495955482e-001
0 0 0
2 0 60 -59.8200 -61.5500 1 60 14.0000 -93.3100
-7.3698385703e-002 -4.5868830045e-002 -8.1935095827e-001
0 0 0
2 0 61 -64.5200 -44.4400 1 61 22.1100 -76.9400
-7.6349057554e-002 -2.7467128857e-002 -8.1484178536e-001
0 0 0
2 0 62 -67.1600 -27.0000 1 62 29.5800 -63.1100
-7.7371460857e-002 -1.1412241628e-002 -8.1208231114e-001
0 0 0
2 0 63 -68.1800 -11.5500 1 63 35.7200 -51.0600
-7.9193414138e-002 1.5913950837e-002 -8.1398113100e-001
0 0 0
2 0 64 -69.6200 15.0000 1 64 41.3800 -29.3800
-8.5125982281e-002 1.2113052609e-002 -8.2301432592e-001
0 0 0
2 0 65 -74.7700 11.5800 1 65 31.7500 -29.5600
-9.0105558642e-002 -3.2741274748e-003 -8.2869533696e-001
0 0 0
2 0 66 -79.1100 -3.7100 1 66 21.8700 -38.4300
-9.4839720628e-002 -2.3252889764e-002 -8.3671484422e-001
0 0 0
2 0 67 -83.2200 -21.0000 1 67 8.3800 -52.6700
-9.6432703608e-002 -4.5623053281e-002 -8.4192747963e-001
0 0 0
2 0 68 -84.3100 -42.9300 1 68 -1.9100 -67.2700
-9.3566624772e-002 -6.7362539561e-002 -8.5488160248e-001
0 0 0
2 0 69 -80.8900 -61.7100 1 69 -16.0900 -82.2200
-8.5739771882e-002 -8.1191457835e-002 -8.6806573359e-001
0 0 0
2 0 70 -73.0900 -72.9100 1 70 -25.8900 -91.4400
-7.0531803181e-002 -9.0951024991e-002 -8.7228018447e-001
0 0 0
2 0 71 -59.5000 -80.5000 1 71 -25.6400 -101.2100
-4.4458005015e-002 -1.0000231968e-001 -8.6999951529e-001
0 0 0
2 0 72 -36.5000 -89.5000 1 72 -16.5400 -111.8500
-1.9717026317e-002 -1.0943918071e-001 -8.5960943446e-001
0 0 0
2 0 73 -14.5000 -99.3100 1 73 -3.3300 -124.6700
3.7201392110e-004 -1.1605755850e-001 -8.4766721023e-001
0 0 0
2 0 74 3.8700 -106.1300 1 74 9.4600 -135.8500
7.8071830068e-003 -1.1989063011e-001 -8.3807853045e-001
0 0 0
2 0 75 11.0900 -111.0900 1 75 17.1800 -141.8200
5.1005620554e-003 -1.2254809372e-001 -8.3180193842e-001
0 0 0
2 0 76 8.9100 -114.7800 1 76 19.7000 -144.7000
-8.0155042131e-003 -1.2530008243e-001 -8.3136373714e-001
0 0 0
2 0 77 -3.2800 -117.1200 1 77 14.7000 -145.7000
-2.3245875304e-002 -1.2566866697e-001 -8.3741459001e-001
0 0 0
2 0 78 -17.5000 -116.8800 1 78 5.3300 -142.2500
-4.3104236145e-002 -1.2107702434e-001 -8.4492354555e-001
0 0 0
2 0 79 -35.7200 -111.5200 1 79 -5.6000 -134.4000
-6.0458410925e-002 -1.1267850932e-001 -8.5229875927e-001
0 0 0
2 0 80 -51.3500 -102.2700 1 80 -14.7900 -124.3600
-7.4281000518e-002 -1.0055445780e-001 -8.6394469651e-001
0 0 0
2 0 81 -63.1900 -90.9000 1 81 -24.1700 -109.0000
-8.3345730083e-002 -8.4177802454e-002 -8.7178835143e-001
0 0 0
2 0 82 -70.8400 -74.2600 1 82 -28.5000 -94.2900
-9.0819493665e-002 -6.6368502046e-002 -8.7732745932e-001
0 0 0
2 0 83 -77.0000 -58.0000 1 83 -30.0000 -78.0000
-9.8293836585e-002 -4.2403622789e-002 -8.8183828994e-001
0 0 0
2 0 84 -83.0900 -36.7800 1 84 -29.0000 -57.0000
-1.0598353820e-001 1.2437271299e-002 -8.9193238593e-001
0 0 0
2 0 85 -88.5000 10.0000 1 85 -22.5500 -10.3600
-1.0603616870e-001 1.9113006255e-002 -8.9872233797e-001
0 0 0
2 0 86 -88.0000 15.8900 1 86 -25.2100 -4.3600
-1.0489986843e-001 1.6651835106e-002 -9.0581628015e-001
0 0 0
2 0 87 -86.5300 13.7400 1 87 -30.1200 -5.3100
-1.0441396756e-001 1.1550908056e-002 -9.1541879776e-001
0 0 0
2 0 88 -85.4700 9.3700 1 88 -37.6000 -7.6000
-1.0206899563e-001 5.0757867019e-003 -9.2327186545e-001
0 0 0
2 0 89 -82.9500 3.3200 1 89 -43.3300 -11.0000
-9.9177509466e-002 -1.9414701946e-003 -9.2881098426e-001
0 0 0
2 0 90 -80.3200 -1.8400 1 90 -47.8700 -16.5300
-9.7423539186e-002 -1.1064256247e-002 -9.3280648291e-001
0 0 0
2 0 91 -78.6000 -10.1500 1 91 -52.0000 -22.1200
-9.4497028342e-002 -2.4892277701e-002 -9.3490965742e-001
0 0 0
2 0 92 -76.2500 -20.7000 1 92 -56.2700 -33.3300
-9.3381029748e-002 -4.0165575476e-002 -9.3372709483e-001
0 0 0
2 0 93 -75.4300 -34.0000 1 93 -59.2100 -44.3600
-9.4749290803e-002 -5.3833424213e-002 -9.3010016292e-001
0 0 0
2 0 94 -76.9100 -44.7800 1 94 -61.6000 -55.6000
-9.6327994018e-002 -6.4365335267e-002 -9.2341112106e-001
0 0 0
2 0 95 -78.6500 -54.3000 1 95 -61.0000 -64.1700
-9.8560014678e-002 -6.8634904915e-002 -9.0974446400e-001
0 0 0
2 0 96 -81.4800 -58.2400 1 96 -54.6700 -70.4700
-9.7987918388e-002 -6.9004925500e-002 -8.9617239457e-001
0 0 0
2 0 97 -81.9000 -59.8100 1 97 -45.7500 -73.5600
-9.8373221153e-002 -6.0837045361e-002 -8.8416226619e-001
0 0 0
2 0 98 -83.0900 -52.9100 1 98 -35.8700 -70.5300
-1.0223882306e-001 -4.3495891459e-002 -8.7561895135e-001
0 0 0
2 0 99 -86.9100 -39.2200 1 99 -26.4300 -57.1400
-9.7627085238e-002 -2.4813815804e-002 -8.6821617424e-001
0 0 0
2 0 100 -83.2500 -23.0000 1 100 -14.2100 -45.1600
-9.0064767960e-002 -1.1735849258e-002 -8.6417822420e-001
0 0 0
2 0 101 -76.7200 -11.1200 1 101 -4.9400 -37.8900
-7.4602606904e-002 -8.2381156700e-003 -8.5889035587e-001
0 0 0
2 0 102 -63.1100 -8.1900 1 102 5.3500 -39.5300
-5.9178375346e-002 -1.3849622041e-002 -8.4635614437e-001
0 0 0
2 0 103 -49.7300 -12.6900 1 103 17.4400 -50.3900
-4.2709601584e-002 -2.5243111097e-002 -8.4064165286e-001
0 0 0
2 0 104 -34.8000 -23.4400 1 104 23.8600 -63.2900
-2.1834406673e-002 -3.9068447969e-002 -8.3697253275e-001
0 0 0
2 0 105 -15.6200 -36.4800 1 105 29.5900 -78.1200
-4.2610103946e-003 -4.9681701616e-002 -8.3579768258e-001
0 0 0
2 0 106 0.5900 -46.5600 1 106 33.3300 -89.0000
7.2552031307e-003 -5.7475181304e-002 -8.3557486977e-001
0 0 0
2 0 107 11.2400 -54.5200 1 107 35.3300 -95.7500
1.9243146680e-002 -6.3944865174e-002 -8.3380279053e-001
0 0 0
2 0 108 22.3600 -60.5700 1 108 38.5600 -102.7500
2.9902405614e-002 -6.8630688831e-002 -8.2925831254e-001
0 0 0
2 0 109 32.5400 -65.3600 1 109 43.6200 -108.6200
3.4170545796e-002 -7.1074945531e-002 -8.2324173335e-001
0 0 0
2 0 110 37.0000 -68.0000 1 110 48.1500 -112.5400
3.6213345248e-002 -7.0024065078e-002 -8.1409335091e-001
0 0 0
2 0 111 39.7700 -67.8100 1 111 55.0000 -114.1700
3.3712015110e-002 -6.7312707419e-002 -8.0281916208e-001
0 0 0
2 0 112 38.4800 -66.3800 1 112 62.4400 -114.2500
2.1427812936e-002 -6.4812808215e-002 -7.9742465563e-001
0 0 0
2 0 113 27.0700 -64.2300 1 113 63.0000 -112.1700
8.9425880927e-003 -6.0227786785e-002 -7.9382801594e-001
0 0 0
2 0 114 15.1900 -60.1200 1 114 62.9200 -107.6900
-8.2356085723e-003 -5.2880556809e-002 -7.9117835200e-001
0 0 0
2 0 115 -1.4800 -53.1000 1 115 61.4700 -100.1300
-2.2586833540e-002 -4.8295853255e-002 -7.9376376983e-001
0 0 0
2 0 116 -15.6300 -48.3700 1 116 56.4400 -93.7500
-4.1730124711e-002 -4.7477710543e-002 -8.0584348493e-001
0 0 0
2 0 117 -34.3400 -46.5600 1 117 42.0000 -87.3500
-5.8384706434e-002 -4.7976004463e-002 -8.1701743547e-001
0 0 0
2 0 118 -50.1200 -46.0000 1 118 28.3500 -82.6000
-7.4428520104e-002 -5.0529420132e-002 -8.3235700262e-001
0 0 0
2 0 119 -64.6300 -47.3300 1 119 11.2800 -78.2800
-8.7711237317e-002 -5.4299766933e-002 -8.4608049438e-001
0 0 0
2 0 120 -76.1200 -50.0000 1 120 -4.1500 -75.5500
-1.0057028372e-001 -5.7694596902e-002 -8.6784740862e-001
0 0 0
2 0 121 -86.1900 -51.5800 1 121 -24.9100 -70.9100
-1.0850960913e-001 -6.0892094661e-002 -8.9011303908e-001
0 0 0
2 0 122 -91.3900 -53.0000 1 122 -43.8400 -66.8400
-1.1121273126e-001 -6.3749911380e-002 -9.0726115089e-001
0 0 0
2 0 123 -92.3300 -54.1900 1 123 -57.0000 -64.9000
-1.1109852615e-001 -6.6282932595e-002 -9.3293117030e-001
0 0 0
2 0 124 -90.2100 -54.8400 1 124 -73.9300 -61.1400
-1.0844168147e-001 -6.8659498935e-002 -9.5368305623e-001
0 0 0
2 0 125 -86.5300 -55.7400 1 125 -86.2000 -58.8000
-1.0865796525e-001 -7.1256163236e-002 -9.7617613429e-001
0 0 0
2 0 126 -85.1600 -56.5800 1 126 -100.5400 -55.8500
-1.0985410593e-001 -7.2995652437e-002 -9.9272675057e-001
0 0 0
2 0 127 -85.0000 -56.9000 1 127 -111.3300 -53.5300
-1.1318879055e-001 -7.3291300039e-002 -1.0105873588e+000
0 0 0
2 0 128 -86.3500 -56.1200 1 128 -123.2500 -49.4400
-1.1964827300e-001 -6.9771027723e-002 -1.0208742463e+000
0 0 0
2 0 129 -90.4700 -52.6700 1 129 -131.1500 -43.7700
-1.2910531829e-001 -6.3028346247e-002 -1.0261087840e+000
0 0 0
2 0 130 -97.0000 -47.8300 1 130 -136.5000 -35.5000
-1.3888703430e-001 -5.3645470126e-002 -1.0206959663e+000
0 0 0
2 0 131 -104.6700 -40.4700 1 131 -135.4600 -28.1500
-1.4796768988e-001 -4.2736570312e-002 -1.0086483880e+000
0 0 0
2 0 132 -112.4700 -32.6700 1 132 -129.6000 -20.4000
-1.5328744453e-001 -3.6622861014e-002 -9.9661193267e-001
0 0 0
2 0 133 -117.6200 -28.5600 1 133 -123.1700 -16.7200
-1.5771982549e-001 -3.1355497465e-002 -9.8032994198e-001
0 0 0
2 0 134 -122.7200 -24.8300 1 134 -113.9300 -14.8600
-1.5967000901e-001 -2.8130432941e-002 -9.6687288438e-001
0 0 0
2 0 135 -125.7200 -22.7200 1 135 -105.6000 -14.4000
-1.6058477423e-001 -2.6304495344e-002 -9.5867813845e-001
0 0 0
2 0 136 -127.3900 -21.3900 1 136 -100.4000 -14.4000
-1.4158268311e-001 -4.3897343827e-002 -9.5884790772e-001
0 0 0
2 0 137 -112.3300 -36.0000 1 137 -96.8500 -31.7700
-1.3578983248e-001 -5.4070799349e-002 -9.7393595754e-001
0 0 0
2 0 138 -106.3800 -43.4400 1 138 -106.4300 -37.7100
-1.3188193264e-001 -6.3487696102e-002 -9.9192354236e-001
0 0 0
2 0 139 -101.8800 -49.3100 1 139 -118.2900 -42.5000
-1.2782215651e-001 -7.1797612022e-002 -1.0091530896e+000
0 0 0
2 0 140 -97.4100 -55.1200 1 140 -128.7900 -45.6400
-1.2329569437e-001 -7.8948682642e-002 -1.0201366948e+000
0 0 0
2 0 141 -93.2900 -59.2900 1 141 -135.1700 -50.0800
-1.1437775248e-001 -8.7927354935e-002 -1.0288898783e+000
0 0 0
2 0 142 -86.1500 -65.4600 1 142 -138.5000 -56.5000
-1.0796413414e-001 -9.5608489647e-002 -1.0348821688e+000
0 0 0
2 0 143 -81.1100 -70.8900 1 143 -141.0000 -61.8300
-1.0330775613e-001 -1.0232123145e-001 -1.0444614000e+000
0 0 0
2 0 144 -77.2200 -75.1700 1 144 -146.0000 -65.4300
-9.6776418504e-002 -1.0746291100e-001 -1.0550542762e+000
0 0 0
2 0 145 -72.0000 -78.3600 1 145 -150.1000 -67.8000
-8.9740916870e-002 -1.1165306978e-001 -1.0645726204e+000
0 0 0
2 0 146 -66.6200 -80.3800 1 146 -153.1500 -70.2300
-7.9380243980e-002 -1.1759538562e-001 -1.0740884910e+000
0 0 0
2 0 147 -59.0000 -84.0000 1 147 -155.0000 -74.0000
-6.9515589625e-002 -1.2891687180e-001 -1.0831123026e+000
0 0 0
2 0 148 -51.9100 -91.3600 1 148 -158.2500 -81.3300
-5.8392275042e-002 -1.4061014832e-001 -1.0885613904e+000
0 0 0
2 0 149 -44.1800 -98.8200 1 149 -159.2000 -90.0000
-4.7461685492e-002 -1.5383866028e-001 -1.0918058461e+000
0 0 0
2 0 150 -36.7300 -107.0000 1 150 -159.6000 -100.4000
-3.4429414851e-002 -1.6782309279e-001 -1.0937175461e+000
0 0 0
2 0 151 -27.8300 -117.0000 1 151 -158.3600 -110.5500
-1.9834490824e-002 -1.8246303519e-001 -1.0910392816e+000
0 0 0
2 0 152 -17.9100 -127.3600 1 152 -154.4400 -122.6700
-5.5158615166e-003 -1.9601196568e-001 -1.0831958968e+000
0 0 0
2 0 153 -8.0900 -136.6400 1 153 -148.0000 -136.0000
1.2012888611e-002 -2.0599105930e-001 -1.0760153984e+000
0 0 0
2 0 154 4.1500 -144.5400 1 154 -139.5000 -146.0000
3.1652385909e-002 -2.1456474002e-001 -1.0650029538e+000
0 0 0
2 0 155 18.2000 -152.1000 1 155 -128.0000 -156.0000
4.9782702462e-002 -2.2064312538e-001 -1.0541310384e+000
0 0 0
2 0 156 31.5000 -158.5000 1 156 -116.6700 -163.5600
6.1541587740e-002 -2.2480007525e-001 -1.0396374732e+000
0 0 0
2 0 157 40.7700 -163.3800 1 157 -105.8000 -171.0000
7.4687889468e-002 -2.2793865222e-001 -1.0271158940e+000
0 0 0
2 0 158 51.1800 -167.8200 1 158 -95.1200 -176.8800
8.6265870320e-002 -2.2737032949e-001 -1.0157664643e+000
0 0 0
2 0 159 60.6200 -169.3800 1 159 -84.8000 -180.0000
1.0123060309e-001 -2.2633251550e-001 -1.0040345596e+000
0 0 0
2 0 160 72.8300 -170.7800 1 160 -73.0000 -183.0000
1.1530404332e-001 -2.2388611598e-001 -9.8643965755e-001
0 0 0
2 0 161 85.4100 -172.2400 1 161 -58.2500 -186.3800
1.2650739559e-001 -2.1846992840e-001 -9.6816830736e-001
0 0 0
2 0 162 96.3900 -171.4400 1 162 -43.5000 -188.0000
1.4018930551e-001 -2.0840551488e-001 -9.5421056494e-001
0 0 0
2 0 163 109.1100 -165.9400 1 163 -29.2000 -186.0000
1.4493975949e-001 -1.9695561052e-001 -9.3945283613e-001
0 0 0
2 0 164 115.3700 -160.0000 1 164 -17.0000 -182.0000
1.4165085762e-001 -1.8587199466e-001 -9.2370972774e-001
0 0 0
2 0 165 115.5600 -154.2500 1 165 -6.8000 -178.0000
1.3671902151e-001 -1.7913377074e-001 -9.1546349953e-001
0 0 0
2 0 166 113.0600 -150.2800 1 166 -2.1800 -175.1800
1.2915927196e-001 -1.7409602199e-001 -9.0908306946e-001
0 0 0
2 0 167 108.0000 -147.0000 1 167 0.1800 -173.1800
1.2004838209e-001 -1.7529412894e-001 -9.0529776169e-001
0 0 0
2 0 168 101.1000 -148.7000 1 168 -0.8200 -174.1800
1.0666057363e-001 -1.8030466712e-001 -9.0678704655e-001
0 0 0
2 0 169 89.7600 -152.5900 1 169 -7.1500 -176.2300
8.8194695757e-002 -1.8647883457e-001 -9.1185767845e-001
0 0 0
2 0 170 73.7900 -157.0000 1 170 -17.6000 -177.6000
7.3191382016e-002 -1.9524884620e-001 -9.2593310834e-001
0 0 0
2 0 171 59.8100 -161.1400 1 171 -33.0000 -179.5000
5.6640629950e-002 -2.0348818778e-001 -9.4069256847e-001
0 0 0
2 0 172 45.0000 -165.0000 1 172 -49.3300 -180.2700
3.7842722089e-002 -2.1040187923e-001 -9.5883179679e-001
0 0 0
2 0 173 28.7000 -167.1500 1 173 -68.2700 -179.0000
2.1818182327e-002 -2.1423134641e-001 -9.7485825542e-001
0 0 0
2 0 174 15.3000 -167.1500 1 174 -84.4000 -176.4000
8.7361686003e-003 -2.1836623687e-001 -9.9828554615e-001
0 0 0
2 0 175 4.3300 -166.0000 1 175 -103.6000 -172.4000
-6.8827486558e-003 -2.1782872015e-001 -1.0155831580e+000
0 0 0
2 0 176 -7.8000 -162.5300 1 176 -119.3300 -166.4700
-1.9713175771e-002 -2.1545151932e-001 -1.0352981097e+000
0 0 0
2 0 177 -17.4700 -157.8700 1 177 -134.6700 -158.4700
-3.3597552295e-002 -2.0997259577e-001 -1.0506997578e+000
0 0 0
2 0 178 -27.5000 -151.5000 1 178 -147.4400 -149.6200
-4.6159362989e-002 -2.0322076533e-001 -1.0605454880e+000
0 0 0
2 0 179 -36.3600 -144.7900 1 179 -156.5000 -141.7100
-5.6539901910e-002 -1.9523741539e-001 -1.0712403047e+000
0 0 0
2 0 180 -43.4500 -138.3600 1 180 -164.5400 -131.8500
-6.6412292405e-002 -1.8493927068e-001 -1.0782554310e+000
0 0 0
2 0 181 -50.1700 -129.8300 1 181 -170.0000 -122.2900
-8.4551315658e-002 -1.5797412349e-001 -1.0902703770e+000
0 0 0
2 0 182 -62.2000 -110.5000 1 182 -177.1500 -97.7700
-9.0473656081e-002 -1.4140393483e-001 -1.0973383528e+000
0 0 0
2 0 183 -65.9100 -98.6400 1 183 -178.9200 -83.6900
-9.4593101925e-002 -1.2163474196e-001 -1.1046934028e+000
0 0 0
2 0 184 -68.4000 -83.6000 1 184 -179.2900 -68.7100
-9.6659689444e-002 -1.0517519726e-001 -1.1093466722e+000
0 0 0
2 0 185 -69.4500 -73.1800 1 185 -177.8200 -55.1800
-9.5065806104e-002 -9.1669833972e-002 -1.1143344908e+000
0 0 0
2 0 186 -68.1700 -63.0000 1 186 -176.0000 -46.0000
-9.5209199250e-002 -8.0087196562e-002 -1.1162323415e+000
0 0 0
2 0 187 -68.0900 -55.6400 1 187 -173.7000 -37.3000
-9.2616059743e-002 -6.8824595898e-002 -1.1188991784e+000
0 0 0
2 0 188 -66.2200 -47.6700 1 188 -170.8000 -30.0000
-8.9228833667e-002 -5.9483129759e-002 -1.1203037029e+000
0 0 0
2 0 189 -63.8500 -41.4600 1 189 -167.3600 -24.0900
-8.6746429019e-002 -5.6189279406e-002 -1.1212016489e+000
0 0 0
2 0 190 -62.1200 -39.5000 1 190 -165.7100 -22.0000
-8.6290151127e-002 -5.9827237462e-002 -1.1207287730e+000
0 0 0
2 0 191 -61.8300 -42.1700 1 191 -166.2000 -24.4000
-8.6491122924e-002 -7.0333600535e-002 -1.1201343877e+000
0 0 0
2 0 192 -62.0900 -48.6400 1 192 -169.0000 -32.0000
-8.6854200673e-002 -8.4685413152e-002 -1.1182974238e+000
0 0 0
2 0 193 -62.4000 -59.1000 1 193 -172.0000 -41.2000
-8.6352633546e-002 -1.0244907603e-001 -1.1153131088e+000
0 0 0
2 0 194 -62.2700 -71.0000 1 194 -175.2000 -54.0000
-8.5522247915e-002 -1.2024359037e-001 -1.1113117482e+000
0 0 0
2 0 195 -62.0000 -82.3600 1 195 -177.9000 -67.8000
-7.6102121464e-002 -1.5182719910e-001 -1.0961363446e+000
0 0 0
2 0 197 -56.2300 -105.1500 1 197 -174.5000 -94.0000
-6.9801250584e-002 -1.6413810940e-001 -1.0893910795e+000
0 0 0
2 0 198 -52.1000 -115.1000 1 198 -171.3600 -104.0900
