# Bundle file v0.3
4 141
6.9451678050e+002 -4.7356338314e-002 -2.0054714615e-003
9.9744407827e-001 6.7981251554e-003 7.1127324013e-002
-6.9770965332e-003 9.9997308764e-001 2.2680653459e-003
-7.1109991217e-002 -2.7585305542e-003 9.9746466587e-001
6.4511769027e-002 1.6567078639e-003 8.4171711376e-002
7.8015963800e+002 4.3446591630e-002 2.3118829136e-003
3.9777758377e-001 3.3270818241e-001 8.5503114517e-001
-2.5453455415e-001 9.3536898169e-001 -2.4555453334e-001
-8.8146761403e-001 -1.1995888236e-001 4.5675454234e-001
7.1964771726e-001 -2.5086338177e-001 -5.7493341676e-001
0 0 0
0 0 0
0 0 0
0 0 0
0 0 0
0 0 0
0 0 0
0 0 0
0 0 0
0 0 0
3.0296696721e-002 -6.0859323425e-002 -9.5449348201e-001
0 0 0
2 0 0 21.0900 -49.0900 1 0 -79.3300 -61.5300
3.0020540414e-002 -6.4927322348e-002 -9.5588625556e-001
0 0 0
2 0 1 20.7500 -52.5000 1 1 -81.2900 -63.8600
2.9740245813e-002 -7.4989761495e-002 -9.5464248663e-001
0 0 0
2 0 2 20.5600 -60.3900 1 2 -83.3300 -71.5300
2.9590459053e-002 -8.4968746330e-002 -9.5135334895e-001
0 0 0
2 0 3 20.6500 -68.6000 1 3 -84.0000 -79.4300
2.6754895992e-002 -9.4866996130e-002 -9.4826621591e-001
0 0 0
2 0 4 18.5800 -76.8900 1 4 -85.7700 -86.8500
2.2599060571e-002 -1.0243252228e-001 -9.4506623413e-001
0 0 0
2 0 5 15.4700 -83.7400 1 5 -87.2900 -92.1400
1.8511538691e-002 -1.1116971984e-001 -9.4320630856e-001
0 0 0
2 0 6 12.2400 -90.3300 1 6 -90.2000 -99.2000
1.7531011667e-002 -1.2173902381e-001 -9.4163714721e-001
0 0 0
2 0 7 11.5000 -99.0000 1 7 -92.4700 -107.3300
1.9415937848e-002 -1.2889891095e-001 -9.4147058624e-001
0 0 0
2 0 8 13.0000 -105.0000 1 8 -93.5300 -112.6700
2.0705565305e-002 -1.3460753284e-001 -9.4397757944e-001
0 0 0
2 0 9 13.8200 -109.1800 1 9 -96.1500 -116.5400
2.2565900826e-002 -1.3765421961e-001 -9.4792989464e-001
0 0 0
2 0 10 15.0000 -111.0000 1 10 -98.7100 -118.1400
2.2721234675e-002 -1.4010591101e-001 -9.5304906639e-001
0 0 0
2 0 11 14.7400 -112.6300 1 11 -102.4000 -118.4000
1.7985355970e-002 -1.4052944427e-001 -9.5887238937e-001
0 0 0
2 0 12 10.5600 -112.1100 1 12 -108.0000 -117.0000
1.0758864689e-002 -1.3969387016e-001 -9.6637817999e-001
0 0 0
2 0 13 4.3800 -110.5600 1 13 -115.2900 -113.8600
4.3196220120e-004 -1.3699005838e-001 -9.7033730573e-001
0 0 0
2 0 14 -3.9400 -107.7200 1 14 -121.2900 -110.1400
-9.2729789030e-003 -1.3278796747e-001 -9.7593597593e-001
0 0 0
2 0 15 -11.7600 -104.0600 1 15 -127.6000 -104.4000
-2.2625980073e-002 -1.2671163638e-001 -9.7731673189e-001
0 0 0
2 0 16 -22.2100 -98.8400 1 16 -132.5600 -98.3800
-3.3496991806e-002 -1.1998173892e-001 -9.7916187874e-001
0 0 0
2 0 17 -30.6900 -93.8800 1 17 -136.4700 -91.1300
-4.5506470284e-002 -1.1299054689e-001 -9.7602648174e-001
0 0 0
2 0 18 -40.0000 -88.7300 1 18 -137.8600 -85.0700
-5.4014481840e-002 -1.0724059740e-001 -9.7196443388e-001
0 0 0
2 0 19 -46.6300 -84.7400 1 19 -137.4400 -80.3800
-6.0107011160e-002 -1.0149987323e-001 -9.6548345557e-001
0 0 0
2 0 20 -51.4200 -80.8900 1 20 -134.3800 -76.5600
-6.5025956366e-002 -9.5726075239e-002 -9.5866396505e-001
0 0 0
2 0 21 -55.3700 -76.4700 1 21 -130.6200 -73.3800
-6.8148776998e-002 -8.9345781851e-002 -9.5162381246e-001
0 0 0
2 0 22 -57.9000 -72.1900 1 22 -125.5300 -69.3500
-6.9037688359e-002 -8.4238000493e-002 -9.4588107071e-001
0 0 0
2 0 23 -58.6500 -68.6000 1 23 -120.6500 -66.4700
-6.9295830432e-002 -7.9672731098e-002 -9.3978978737e-001
0 0 0
2 0 24 -58.9100 -65.2200 1 24 -115.4400 -64.3800
-6.8134282942e-002 -7.7344676415e-002 -9.3372958689e-001
0 0 0
2 0 25 -58.0000 -63.8600 1 25 -110.2100 -64.0500
-6.8074675029e-002 -7.4537650156e-002 -9.2682741946e-001
0 0 0
2 0 26 -58.0000 -62.1400 1 26 -104.7400 -63.3700
-6.8986217387e-002 -7.0316109945e-002 -9.1921309660e-001
0 0 0
2 0 27 -58.8300 -59.0000 1 27 -98.8200 -61.8200
-6.9781491485e-002 -6.5826818304e-002 -9.1044784102e-001
0 0 0
2 0 28 -59.5700 -56.0000 1 28 -91.8600 -60.0000
-7.0272581504e-002 -5.9173761840e-002 -9.0013462134e-001
0 0 0
2 0 29 -60.1200 -50.3600 1 29 -83.2100 -57.6300
-6.9020832342e-002 -5.0245332478e-002 -8.8369390468e-001
0 0 0
2 0 30 -59.1200 -44.6700 1 30 -68.3900 -53.4400
-6.7239003927e-002 -4.1068065089e-002 -8.7248569153e-001
0 0 0
2 0 31 -57.6500 -36.5800 1 31 -57.2500 -49.5000
-6.5256519617e-002 -3.1687052896e-002 -8.6248913151e-001
0 0 0
2 0 32 -55.9200 -28.4400 1 32 -46.6800 -44.7400
-6.3527852242e-002 -2.2669418862e-002 -8.5356784080e-001
0 0 0
2 0 33 -54.3600 -20.5700 1 33 -37.0000 -39.7900
-5.9776688317e-002 -1.3036261830e-002 -8.4639647129e-001
0 0 0
2 0 34 -50.9300 -11.4100 1 34 -27.7900 -34.8400
-5.4534047121e-002 -1.6205369794e-003 -8.3495234005e-001
0 0 0
2 0 35 -45.9300 -1.5700 1 35 -14.1100 -28.5600
-4.7286541513e-002 6.4171719345e-003 -8.2668510851e-001
0 0 0
2 0 36 -39.0000 6.0000 1 36 -3.2600 -25.3700
-4.1015395399e-002 4.4454130736e-003 -8.2227052098e-001
0 0 0
2 0 37 -33.0000 4.1000 1 37 1.5500 -29.1000
-3.2738572315e-002 -2.2626808528e-003 -8.1866074613e-001
0 0 0
2 0 38 -25.1000 -2.1300 1 38 5.0000 -37.0000
-2.7784593088e-002 -9.3781851067e-003 -8.1619555628e-001
0 0 0
2 0 39 -20.3300 -9.0600 1 39 6.4700 -44.0000
-1.9928321955e-002 -1.8766732575e-002 -8.1329204006e-001
0 0 0
2 0 40 -12.7600 -18.1200 1 40 8.5300 -53.4700
-1.1799357564e-002 -2.9756074115e-002 -8.1357118353e-001
0 0 0
2 0 41 -5.0400 -29.3100 1 41 8.1200 -62.6900
-5.0975385507e-003 -4.0357797536e-002 -8.1641353957e-001
0 0 0
2 0 42 1.0400 -38.6900 1 42 5.1400 -72.0700
1.7181013635e-003 -4.9585445113e-002 -8.2113508267e-001
0 0 0
2 0 43 7.1100 -47.7100 1 43 1.6200 -78.5600
7.1669056331e-003 -5.8230007424e-002 -8.2701790575e-001
0 0 0
2 0 44 11.6700 -55.0600 1 44 -3.2100 -85.0500
1.1461685730e-002 -6.6466264694e-002 -8.3407077707e-001
0 0 0
2 0 45 15.0000 -62.0000 1 45 -9.0000 -90.5000
1.6869955937e-002 -7.4337960977e-002 -8.4202516907e-001
0 0 0
2 0 46 19.2200 -68.7000 1 46 -14.7800 -95.1700
2.1802525922e-002 -8.3000552924e-002 -8.5207704605e-001
0 0 0
2 0 47 22.6900 -75.2300 1 47 -22.4000 -100.4000
2.7453047244e-002 -9.1344153937e-002 -8.6198796586e-001
0 0 0
2 0 48 26.7700 -82.4200 1 48 -29.2000 -104.2000
3.2196272496e-002 -9.6842341618e-002 -8.6987548220e-001
0 0 0
2 0 49 30.1200 -86.0000 1 49 -34.3800 -107.4400
4.1586586778e-002 -1.0342824004e-001 -8.7851007766e-001
0 0 0
2 0 50 37.3800 -91.1500 1 50 -38.4700 -110.8700
4.5862275515e-002 -1.0994246913e-001 -8.8778421208e-001
0 0 0
2 0 51 40.0000 -95.6200 1 51 -44.7300 -114.0000
4.7596899345e-002 -1.1605486803e-001 -8.9824606620e-001
0 0 0
2 0 52 40.2800 -99.5200 1 52 -52.4400 -116.2500
4.9595345968e-002 -1.2020465203e-001 -9.1032294984e-001
0 0 0
2 0 53 40.6100 -101.4800 1 53 -60.4700 -116.6700
5.2198206453e-002 -1.2229403661e-001 -9.2138983833e-001
0 0 0
2 0 54 41.5500 -101.8500 1 54 -67.0000 -115.8300
5.5942284412e-002 -1.2259487787e-001 -9.3045731887e-001
0 0 0
2 0 55 43.6200 -101.0000 1 55 -71.3300 -114.2700
5.9700933428e-002 -1.2288996778e-001 -9.4066150937e-001
0 0 0
2 0 56 45.5300 -100.0000 1 56 -76.2900 -112.5000
6.3259731732e-002 -1.2385136797e-001 -9.4903089890e-001
0 0 0
2 0 57 47.4400 -99.8900 1 57 -80.2900 -111.5000
6.8960433641e-002 -1.2561441239e-001 -9.5730128869e-001
0 0 0
2 0 58 51.0000 -100.3500 1 58 -83.6200 -111.3800
7.4257634682e-002 -1.2789957210e-001 -9.6249819590e-001
0 0 0
2 0 59 54.5300 -101.4700 1 59 -85.3800 -112.3800
8.1907815143e-002 -1.3106701854e-001 -9.6732217546e-001
0 0 0
2 0 60 59.8800 -103.3100 1 60 -86.2700 -114.2700
8.8791401782e-002 -1.3358225804e-001 -9.6887010539e-001
0 0 0
2 0 61 65.0000 -105.1000 1 61 -85.3300 -116.2500
1.0037932277e-001 -1.3630367207e-001 -9.6941716444e-001
0 0 0
2 0 62 73.8600 -107.2900 1 62 -82.1800 -118.8200
1.0958370025e-001 -1.3758391271e-001 -9.6593492965e-001
0 0 0
2 0 63 81.4400 -108.3800 1 63 -77.3300 -121.5600
1.2080238131e-001 -1.3739235228e-001 -9.6021212954e-001
0 0 0
2 0 64 91.0000 -109.0000 1 64 -70.1200 -123.5000
1.3355166970e-001 -1.3430107268e-001 -9.4064705466e-001
0 0 0
2 0 65 104.2800 -108.8900 1 65 -53.8200 -126.8200
1.2603078526e-001 -1.3834785788e-001 -9.4159594150e-001
0 0 0
2 0 66 98.1400 -112.0000 1 66 -57.8200 -128.8200
1.1370678952e-001 -1.4221094110e-001 -9.4458722406e-001
0 0 0
2 0 67 87.8800 -114.6900 1 67 -64.6400 -129.9100
1.0161082189e-001 -1.4373270797e-001 -9.5087853540e-001
0 0 0
2 0 68 77.3900 -115.3900 1 68 -72.8000 -128.3000
9.2071680311e-002 -1.4415969250e-001 -9.5810087735e-001
0 0 0
2 0 69 68.9000 -114.8100 1 69 -80.5000 -126.2000
7.9877182515e-002 -1.4225549837e-001 -9.6495432810e-001
0 0 0
2 0 70 58.5300 -112.5300 1 70 -88.4200 -122.2500
6.9812503483e-002 -1.3968398351e-001 -9.7042939448e-001
0 0 0
2 0 71 50.1000 -109.9500 1 71 -94.6700 -118.2500
5.5101147907e-002 -1.3593854010e-001 -9.7764444112e-001
0 0 0
2 0 72 38.0000 -106.0000 1 72 -103.5400 -112.8500
4.1132716885e-002 -1.3120529219e-001 -9.8211561314e-001
0 0 0
2 0 73 26.8800 -102.0600 1 73 -110.3100 -106.9200
2.5758113865e-002 -1.2303003951e-001 -9.8756600155e-001
0 0 0
2 0 74 14.7100 -95.2900 1 74 -117.4600 -98.1500
1.5979897797e-002 -1.1391247138e-001 -9.8859407377e-001
0 0 0
2 0 75 7.2000 -88.2000 1 75 -119.5800 -90.2500
5.7242792337e-003 -1.0240607931e-001 -9.8721107629e-001
0 0 0
2 0 76 -0.5300 -79.4700 1 76 -119.8300 -81.0000
-3.9716363187e-003 -9.2264605317e-002 -9.8543676217e-001
0 0 0
2 0 77 -7.8900 -71.0600 1 77 -120.1500 -73.4600
-9.1530135024e-003 -8.0955929320e-002 -9.8453618585e-001
0 0 0
2 0 78 -11.7600 -63.0600 1 78 -118.5000 -64.0000
-1.2437921290e-002 -6.9015863557e-002 -9.8127739595e-001
0 0 0
2 0 79 -14.0600 -54.8800 1 79 -114.3800 -54.6200
-1.5026468776e-002 -5.7111865558e-002 -9.8006367891e-001
0 0 0
2 0 80 -16.0000 -45.0000 1 80 -111.6000 -46.4000
-1.6169888445e-002 -4.6730375876e-002 -9.7883063954e-001
0 0 0
2 0 81 -16.7900 -36.9500 1 81 -108.4700 -38.8700
-1.6616357985e-002 -3.6325188441e-002 -9.7675517347e-001
0 0 0
2 0 82 -17.0000 -29.0000 1 82 -104.5000 -31.5000
-1.6702219257e-002 -2.7385766431e-002 -9.7461859826e-001
0 0 0
2 0 83 -17.0000 -21.2400 1 83 -101.0000 -26.1700
-1.7713740782e-002 -1.9738811457e-002 -9.7009421081e-001
0 0 0
2 0 84 -17.5500 -15.8500 1 84 -96.3600 -20.7900
-1.6487828679e-002 -1.2299970668e-002 -9.6802387149e-001
0 0 0
2 0 85 -16.4700 -10.0000 1 85 -92.5700 -16.0000
-1.6728906464e-002 -8.3204386526e-003 -9.6174250018e-001
0 0 0
2 0 86 -16.4200 -6.6800 1 86 -87.7100 -14.5000
-9.7340213542e-003 -1.7053106109e-002 -9.5262312003e-001
0 0 0
2 0 87 -10.5000 -13.9100 1 87 -81.5900 -23.8800
1.5984059882e-003 -3.3738041629e-002 -9.4064921169e-001
0 0 0
2 0 88 -0.8500 -27.6300 1 88 -74.2400 -40.5900
1.1095862231e-002 -4.5517663325e-002 -9.3208482049e-001
0 0 0
2 0 89 7.3600 -37.7300 1 89 -68.4000 -52.4000
2.2622217603e-002 -5.7045266670e-002 -9.2467152495e-001
0 0 0
2 0 90 17.2900 -47.5000 1 90 -62.5900 -64.2400
2.5837121915e-002 -6.4301526600e-002 -9.1830127067e-001
0 0 0
2 0 91 20.4300 -54.0000 1 91 -59.2900 -71.2900
2.6741637203e-002 -7.0455990215e-002 -9.0990358004e-001
0 0 0
2 0 92 21.8700 -59.8700 1 92 -55.2100 -77.6400
2.1199070411e-002 -7.4334458570e-002 -9.0181480887e-001
0 0 0
2 0 93 17.8700 -63.8700 1 93 -53.0000 -81.5000
9.6529216293e-003 -7.3216638591e-002 -8.9207432656e-001
0 0 0
2 0 94 8.7800 -63.4800 1 94 -50.5600 -81.6200
-3.9166961812e-003 -6.6695062765e-002 -8.7942958381e-001
0 0 0
2 0 95 -2.1200 -58.3600 1 95 -45.4100 -78.2400
-1.3288668800e-002 -5.7172115783e-002 -8.6686120348e-001
0 0 0
2 0 96 -9.6000 -51.3200 1 96 -37.5300 -72.0000
-2.1637323381e-002 -4.4681221669e-002 -8.5695441277e-001
0 0 0
2 0 97 -16.5400 -40.6200 1 97 -30.2400 -63.4100
-2.9639116841e-002 -2.6976434717e-002 -8.4691620063e-001
0 0 0
2 0 98 -23.3800 -23.9700 1 98 -21.3700 -51.5300
-3.4745169769e-002 -8.6986149833e-003 -8.3874403387e-001
0 0 0
2 0 99 -27.6300 -8.3300 1 99 -11.8900 -36.9400
-3.7671986067e-002 8.6810211756e-003 -8.3477812809e-001
0 0 0
2 0 100 -30.1200 7.7700 1 100 -5.1300 -23.4300
-3.7521269504e-002 2.2037391334e-002 -8.3432712685e-001
0 0 0
2 0 101 -29.8800 20.2300 1 101 -1.0000 -13.0000
-3.7771562137e-002 3.2602413352e-002 -8.3701018208e-001
0 0 0
2 0 102 -30.2600 31.4800 1 102 -0.6000 -5.6500
-3.6130744549e-002 4.2506493131e-002 -8.4710012897e-001
0 0 0
2 0 103 -28.8300 38.8800 1 103 -4.0600 5.1200
-3.1378149668e-002 4.3212961291e-002 -8.6047544697e-001
0 0 0
2 0 104 -24.8800 38.5000 1 104 -11.6000 7.6000
-2.2114796892e-002 3.1033804936e-002 -8.6759717882e-001
0 0 0
2 0 105 -17.0000 27.9000 1 105 -17.0000 -3.0000
-1.2721935860e-002 1.4854285006e-002 -8.6831527757e-001
0 0 0
2 0 106 -8.6800 12.2500 1 106 -18.3200 -15.8400
-5.8941764547e-003 -1.3663487529e-003 -8.6550775408e-001
0 0 0
2 0 107 -2.6300 -1.3300 1 107 -18.7900 -30.9500
-8.5312599380e-003 -1.2757478855e-002 -8.6472480436e-001
0 0 0
2 0 108 -5.0000 -11.5000 1 108 -22.2500 -39.3300
-1.7254491250e-002 -1.8550901687e-002 -8.6545559880e-001
0 0 0
2 0 109 -12.8300 -16.8800 1 109 -27.2900 -41.8600
-2.9719607110e-002 -1.8928720867e-002 -8.6911940288e-001
0 0 0
2 0 110 -24.0800 -17.0800 1 110 -34.3600 -39.2100
-4.1926298976e-002 -1.2726929293e-002 -8.7327632916e-001
0 0 0
2 0 111 -35.0000 -11.2900 1 111 -40.0000 -31.4300
-4.8630755656e-002 -3.7508547813e-003 -8.7235995833e-001
0 0 0
2 0 112 -40.8800 -3.3300 1 112 -39.2900 -23.2900
-5.0958763996e-002 8.8476403443e-003 -8.6812535142e-001
0 0 0
2 0 113 -42.9100 8.7800 1 113 -33.8800 -14.6900
-4.9387588438e-002 2.2691026665e-002 -8.5841393837e-001
0 0 0
2 0 114 -41.2300 20.4200 1 114 -22.2100 -5.1600
-4.7097017489e-002 3.6027085177e-002 -8.4603738852e-001
0 0 0
2 0 115 -38.9100 33.0900 1 115 -8.8400 2.2100
-4.1888655309e-002 4.3892371948e-002 -8.3296927123e-001
0 0 0
2 0 116 -33.8100 41.0500 1 116 4.5300 4.5300
-3.6796233480e-002 4.7222164925e-002 -8.2150020226e-001
0 0 0
2 0 117 -28.7200 44.8800 1 117 15.4400 3.6200
-3.0739594606e-002 4.8527686220e-002 -8.1208680803e-001
0 0 0
2 0 118 -22.6300 46.6700 1 118 24.6100 1.3900
-2.3148849748e-002 5.0060450004e-002 -8.0239983784e-001
0 0 0
2 0 119 -14.8800 48.6900 1 119 34.5000 -1.0000
-1.6948100059e-002 5.2658934814e-002 -7.9729449870e-001
0 0 0
2 0 120 -8.5400 51.3600 1 120 40.8900 -1.1600
-1.1978378520e-002 5.6130194051e-002 -7.9404399737e-001
0 0 0
2 0 121 -3.4800 55.1600 1 121 45.6000 -0.4000
-7.2864156570e-003 5.5016646646e-002 -7.8885498697e-001
0 0 0
2 0 122 1.4800 54.4200 1 122 50.4700 -3.3300
-4.8844553139e-003 4.4628501681e-002 -7.8374162116e-001
0 0 0
2 0 123 4.1700 44.4500 1 123 52.1200 -13.0000
-8.5792960970e-003 2.9224872025e-002 -7.8047288910e-001
0 0 0
2 0 124 0.6400 29.2100 1 124 49.3300 -25.0000
-1.2395986137e-002 1.5473530414e-002 -7.8037988397e-001
0 0 0
2 0 125 -3.2700 15.6000 1 125 44.4700 -35.3500
-2.1689275192e-002 -4.3968940240e-004 -7.8613880070e-001
0 0 0
2 0 126 -12.9700 -0.3800 1 126 33.0000 -45.0000
-3.1281805515e-002 -1.2032233544e-002 -7.9289158864e-001
0 0 0
2 0 127 -22.8400 -11.7800 1 127 21.7000 -51.1000
-4.2583074597e-002 -2.5380445322e-002 -8.0116809699e-001
0 0 0
2 0 128 -34.2600 -24.5900 1 128 8.0000 -58.1400
-4.9091032199e-002 -4.0777842107e-002 -8.0803868461e-001
0 0 0
2 0 129 -40.8000 -39.2400 1 129 -3.7900 -68.0500
-5.1636759215e-002 -6.3764681448e-002 -8.1805995374e-001
0 0 0
2 0 130 -43.5600 -59.4000 1 130 -19.1300 -85.4300
-5.1135508975e-002 -7.9491466830e-002 -8.2315713945e-001
0 0 0
2 0 131 -43.1600 -75.0000 1 131 -27.0000 -96.0000
-4.6758930786e-002 -9.6687389674e-002 -8.2950384338e-001
0 0 0
2 0 132 -39.2000 -90.5600 1 132 -35.0000 -109.0000
-4.2029855306e-002 -1.0932588150e-001 -8.3560817342e-001
0 0 0
2 0 133 -34.9600 -101.4000 1 133 -41.3300 -118.4700
-3.8661583520e-002 -1.1749794162e-001 -8.4130466793e-001
0 0 0
2 0 134 -32.0000 -108.3800 1 134 -46.4400 -123.7500
-3.4616592366e-002 -1.2498278729e-001 -8.4727539351e-001
0 0 0
2 0 135 -28.4800 -114.2900 1 135 -51.2900 -128.7100
-3.1457811842e-002 -1.3045739326e-001 -8.5223423436e-001
0 0 0
2 0 136 -25.7800 -118.3900 1 136 -55.1500 -132.2300
-2.7083964666e-002 -1.3504843818e-001 -8.5689267384e-001
0 0 0
2 0 137 -22.0000 -121.8600 1 137 -58.0000 -135.0000
-2.3852027475e-002 -1.3931663899e-001 -8.6097108926e-001
0 0 0
2 0 138 -19.2700 -125.0000 1 138 -60.7900 -137.6400
-2.1175936497e-002 -1.4280152171e-001 -8.6568677532e-001
0 0 0
2 0 139 -17.0900 -127.2200 1 139 -64.0000 -139.5000
-2.0061314511e-002 -1.4603869281e-001 -8.7094921535e-001
0 0 0
2 0 140 -16.3300 -129.6700 1 140 -68.0000 -140.2900
