# Bundle file v0.3
4 141
5.7780229307e+002 -2.1044049723e-002 -2.2598169953e-003
9.7851157672e-001 -2.3418496397e-002 2.0485767806e-001
3.1355326018e-002 9.9887472157e-001 -3.5582778745e-002
-2.0379386096e-001 4.1241540217e-002 9.7814477333e-001
1.8540694426e-001 -3.3429784585e-002 2.1359041230e-001
5.7510995555e+002 7.2149502798e-002 6.1400953447e-003
4.9329851100e-001 3.5554538655e-001 7.9387911998e-001
-2.5067827301e-001 9.3203901571e-001 -2.6165564514e-001
-8.3295677108e-001 -6.9933906626e-002 5.4890096212e-001
6.6410503303e-001 -2.6608421304e-001 -2.2790371406e-001
5.4116020681e+002 -5.5102207439e-002 -8.2440490636e-003
-4.6973340937e-001 -3.3700177659e-001 -8.1595363024e-001
5.8507381432e-001 5.7329852480e-001 -5.7360041253e-001
6.6108937060e-001 -7.4683238014e-001 -7.2126555776e-002
-7.5922808328e-001 -5.4849876691e-001 -6.4922469344e-001
5.4902300739e+002 -8.1307682525e-003 5.0312707817e-003
-9.7198112102e-001 1.9558650586e-001 -1.3037875251e-001
2.1977133428e-001 5.5939608794e-001 -7.9923499512e-001
-8.3386215952e-002 -8.0549483892e-001 -5.8670674401e-001
-1.7253422653e-001 -6.7668531067e-001 -1.0576939279e+000
3.9617154866e-002 -6.5708915295e-002 -9.6840292324e-001
0 0 0
3 0 0 21.0900 -49.0900 1 0 -79.3300 -61.5300 2 0 37.0000 -8.0000
3.9202545166e-002 -7.0046075697e-002 -9.6970304362e-001
0 0 0
3 0 1 20.7500 -52.5000 1 1 -81.2900 -63.8600 2 1 40.2400 -10.2900
3.7895711722e-002 -8.0189941623e-002 -9.6698413256e-001
0 0 0
3 0 2 20.5600 -60.3900 1 2 -83.3300 -71.5300 2 2 42.7600 -19.4100
3.6115233448e-002 -8.9950516405e-002 -9.6173745060e-001
0 0 0
4 0 3 20.6500 -68.6000 1 3 -84.0000 -79.4300 2 3 43.3100 -30.0900 3 3 -129.0500 63.9300
3.2105563277e-002 -9.9075816884e-002 -9.5680170635e-001
0 0 0
4 0 4 18.5800 -76.8900 1 4 -85.7700 -86.8500 2 4 44.0700 -42.5600 3 4 -128.5600 52.5600
2.7530399830e-002 -1.0599711686e-001 -9.5249891997e-001
0 0 0
4 0 5 15.4700 -83.7400 1 5 -87.2900 -92.1400 2 5 45.4600 -52.0000 3 5 -126.3200 41.4100
2.2036355448e-002 -1.1442286042e-001 -9.4856277403e-001
0 0 0
4 0 6 12.2400 -90.3300 1 6 -90.2000 -99.2000 2 6 48.0800 -64.8900 3 6 -123.7700 30.4500
2.0138941511e-002 -1.2415656822e-001 -9.4560246947e-001
0 0 0
4 0 7 11.5000 -99.0000 1 7 -92.4700 -107.3300 2 7 50.6300 -74.0300 3 7 -125.9500 19.1700
2.1338408483e-002 -1.3184218610e-001 -9.4465537951e-001
0 0 0
4 0 8 13.0000 -105.0000 1 8 -93.5300 -112.6700 2 8 53.0000 -80.4600 3 8 -131.7100 12.8300
2.3295347255e-002 -1.3796076326e-001 -9.4768357201e-001
0 0 0
4 0 9 13.8200 -109.1800 1 9 -96.1500 -116.5400 2 9 57.6600 -82.2700 3 9 -137.8000 12.3700
2.5641546275e-002 -1.4203511663e-001 -9.5274940393e-001
0 0 0
4 0 10 15.0000 -111.0000 1 10 -98.7100 -118.1400 2 10 63.8800 -80.7700 3 10 -143.3700 15.4600
2.7190462152e-002 -1.4539457606e-001 -9.5977141413e-001
0 0 0
4 0 11 14.7400 -112.6300 1 11 -102.4000 -118.4000 2 11 71.7900 -77.7700 3 11 -147.7500 21.5600
2.3980328322e-002 -1.4620802911e-001 -9.6746768235e-001
0 0 0
4 0 12 10.5600 -112.1100 1 12 -108.0000 -117.0000 2 12 80.9300 -75.5300 3 12 -144.1600 29.7600
1.7220575894e-002 -1.4534663336e-001 -9.7367259074e-001
0 0 0
4 0 13 4.3800 -110.5600 1 13 -115.2900 -113.8600 2 13 89.1600 -74.3700 3 13 -134.6300 35.4400
7.5127690071e-003 -1.4226188082e-001 -9.7902240506e-001
0 0 0
4 0 14 -3.9400 -107.7200 1 14 -121.2900 -110.1400 2 14 96.9200 -74.0300 3 14 -119.0000 41.5800
-2.2589524078e-003 -1.3781135852e-001 -9.8315051180e-001
0 0 0
4 0 15 -11.7600 -104.0600 1 15 -127.6000 -104.4000 2 15 102.3300 -73.6400 3 15 -102.9100 46.7100
-1.5251127365e-002 -1.3034161976e-001 -9.8466965598e-001
0 0 0
4 0 16 -22.2100 -98.8400 1 16 -132.5600 -98.3800 2 16 104.6900 -73.9100 3 16 -80.5800 50.1500
-2.6709197689e-002 -1.2266698685e-001 -9.8358906158e-001
0 0 0
4 0 17 -30.6900 -93.8800 1 17 -136.4700 -91.1300 2 17 103.8200 -75.4200 3 17 -61.5300 50.6100
-3.9197566401e-002 -1.1415538228e-001 -9.7841954465e-001
0 0 0
4 0 18 -40.0000 -88.7300 1 18 -137.8600 -85.0700 2 18 99.7200 -78.5900 3 18 -41.5500 46.3300
-4.9780095777e-002 -1.0652104330e-001 -9.7096235184e-001
0 0 0
4 0 19 -46.6300 -84.7400 1 19 -137.4400 -80.3800 2 19 93.5200 -82.3900 3 19 -24.9200 39.5600
-5.5954893144e-002 -1.0007000137e-001 -9.6319351860e-001
0 0 0
4 0 20 -51.4200 -80.8900 1 20 -134.3800 -76.5600 2 20 86.5600 -85.6600 3 20 -16.2800 33.3900
-6.1747016545e-002 -9.3013816783e-002 -9.5366434171e-001
0 0 0
4 0 21 -55.3700 -76.4700 1 21 -130.6200 -73.3800 2 21 77.5500 -88.5900 3 21 -8.3100 25.9000
-6.5485726881e-002 -8.5637882686e-002 -9.4495334920e-001
0 0 0
4 0 22 -57.9000 -72.1900 1 22 -125.5300 -69.3500 2 22 68.4300 -90.4700 3 22 -3.0700 21.0400
-6.7254732219e-002 -8.0003405852e-002 -9.3795795237e-001
0 0 0
4 0 23 -58.6500 -68.6000 1 23 -120.6500 -66.4700 2 23 61.4800 -90.8900 3 23 -0.4300 16.7400
-6.7842830246e-002 -7.5108412874e-002 -9.3116635359e-001
0 0 0
4 0 24 -58.9100 -65.2200 1 24 -115.4400 -64.3800 2 24 54.3700 -92.0400 3 24 0.1500 13.3200
-6.8025389088e-002 -7.2425359687e-002 -9.2358050695e-001
0 0 0
4 0 25 -58.0000 -63.8600 1 25 -110.2100 -64.0500 2 25 47.8800 -94.0000 3 25 0.0000 7.0000
-6.8242257398e-002 -6.9101529662e-002 -9.1606891418e-001
0 0 0
4 0 26 -58.0000 -62.1400 1 26 -104.7400 -63.3700 2 26 40.6200 -96.3100 3 26 -0.3800 2.4000
-6.9893093210e-002 -6.4560675969e-002 -9.0804010636e-001
0 0 0
4 0 27 -58.8300 -59.0000 1 27 -98.8200 -61.8200 2 27 34.1200 -98.0000 3 27 1.3800 -2.9300
-7.2171921627e-002 -5.9025299096e-002 -8.9630380582e-001
0 0 0
4 0 28 -59.5700 -56.0000 1 28 -91.8600 -60.0000 2 28 23.5000 -101.0400 3 28 3.5500 -10.8200
-7.3802607603e-002 -5.1546253114e-002 -8.8338103214e-001
0 0 0
4 0 29 -60.1200 -50.3600 1 29 -83.2100 -57.6300 2 29 11.0800 -103.6900 3 29 4.8100 -17.5000
-7.3693229134e-002 -4.2389402329e-002 -8.6871064103e-001
0 0 0
4 0 30 -59.1200 -44.6700 1 30 -68.3900 -53.4400 2 30 -1.0900 -105.0900 3 30 4.6900 -23.8100
-7.3382329649e-002 -3.3045012490e-002 -8.5552993871e-001
0 0 0
4 0 31 -57.6500 -36.5800 1 31 -57.2500 -49.5000 2 31 -14.0000 -105.8600 3 31 4.1800 -28.5800
-7.2447550789e-002 -2.4058577150e-002 -8.4568345230e-001
0 0 0
4 0 32 -55.9200 -28.4400 1 32 -46.6800 -44.7400 2 32 -23.0900 -104.7800 3 32 3.4700 -30.8400
-7.1383653036e-002 -1.4907587223e-002 -8.3626589138e-001
0 0 0
4 0 33 -54.3600 -20.5700 1 33 -37.0000 -39.7900 2 33 -33.3900 -103.0000 3 33 3.0000 -32.0000
-6.8812716201e-002 -5.8788275984e-003 -8.2859979565e-001
0 0 0
4 0 34 -50.9300 -11.4100 1 34 -27.7900 -34.8400 2 34 -42.0000 -100.1400 3 34 1.2400 -32.2100
-6.4257472837e-002 5.1781724475e-003 -8.1827652293e-001
0 0 0
4 0 35 -45.9300 -1.5700 1 35 -14.1100 -28.5600 2 35 -53.8700 -96.1300 3 35 -2.3300 -32.2200
-5.8614426242e-002 1.2548355042e-002 -8.1014743270e-001
0 0 0
4 0 36 -39.0000 6.0000 1 36 -3.2600 -25.3700 2 36 -63.4800 -93.7600 3 36 -6.9600 -32.6000
-5.2845941499e-002 1.0568980832e-002 -8.0633836942e-001
0 0 0
4 0 37 -33.0000 4.1000 1 37 1.5500 -29.1000 2 37 -68.2400 -94.3200 3 37 -13.5500 -35.4100
-4.6245077695e-002 4.2712478989e-003 -8.0309232247e-001
0 0 0
4 0 38 -25.1000 -2.1300 1 38 5.0000 -37.0000 2 38 -72.0800 -96.9200 3 38 -20.4800 -39.9000
-4.1860976058e-002 -2.5899961439e-003 -8.0020879841e-001
0 0 0
4 0 39 -20.3300 -9.0600 1 39 6.4700 -44.0000 2 39 -75.0000 -101.0000 3 39 -26.9200 -45.2000
-3.5367284212e-002 -1.1283111884e-002 -7.9762297760e-001
0 0 0
4 0 40 -12.7600 -18.1200 1 40 8.5300 -53.4700 2 40 -78.4300 -105.1400 3 40 -34.4800 -50.3800
-2.8229415450e-002 -2.1966079261e-002 -7.9817349193e-001
0 0 0
4 0 41 -5.0400 -29.3100 1 41 8.1200 -62.6900 2 41 -79.0900 -108.7800 3 41 -43.4800 -55.2200
-2.1577870870e-002 -3.2270799287e-002 -8.0142798323e-001
0 0 0
4 0 42 1.0400 -38.6900 1 42 5.1400 -72.0700 2 42 -78.2300 -111.2300 3 42 -52.1200 -57.6400
-1.4554642436e-002 -4.1690531777e-002 -8.0688995938e-001
0 0 0
4 0 43 7.1100 -47.7100 1 43 1.6200 -78.5600 2 43 -75.5400 -111.7100 3 43 -61.1000 -58.3400
-7.9317103601e-003 -5.0772044194e-002 -8.1376751878e-001
0 0 0
4 0 44 11.6700 -55.0600 1 44 -3.2100 -85.0500 2 44 -71.8900 -111.8100 3 44 -70.3600 -57.4600
-2.8531640822e-003 -5.9335046421e-002 -8.2156283485e-001
0 0 0
4 0 45 15.0000 -62.0000 1 45 -9.0000 -90.5000 2 45 -66.5400 -111.3600 3 45 -77.5400 -56.0000
2.7617903147e-003 -6.7636085895e-002 -8.2995643573e-001
0 0 0
4 0 46 19.2200 -68.7000 1 46 -14.7800 -95.1700 2 46 -60.7300 -110.0900 3 46 -85.0300 -53.7900
9.3061558566e-003 -7.7182040454e-002 -8.4075367470e-001
0 0 0
4 0 47 22.6900 -75.2300 1 47 -22.4000 -100.4000 2 47 -53.3900 -108.2600 3 47 -95.0800 -49.9700
1.6480994858e-002 -8.6471115910e-002 -8.5295246261e-001
0 0 0
4 0 48 26.7700 -82.4200 1 48 -29.2000 -104.2000 2 48 -44.2600 -104.6100 3 48 -105.5500 -44.3300
2.3966079865e-002 -9.3541457675e-002 -8.6383927772e-001
0 0 0
4 0 49 30.1200 -86.0000 1 49 -34.3800 -107.4400 2 49 -36.6500 -99.6100 3 49 -117.0000 -38.4200
3.3969052531e-002 -1.0131619420e-001 -8.7338802063e-001
0 0 0
4 0 50 37.3800 -91.1500 1 50 -38.4700 -110.8700 2 50 -31.6100 -95.2600 3 50 -131.1500 -32.3800
3.9771138510e-002 -1.0907878246e-001 -8.8453941272e-001
0 0 0
4 0 51 40.0000 -95.6200 1 51 -44.7300 -114.0000 2 51 -21.9100 -90.9100 3 51 -141.4200 -26.5800
4.4228226831e-002 -1.1662542742e-001 -8.9759881069e-001
0 0 0
4 0 52 40.2800 -99.5200 1 52 -52.4400 -116.2500 2 52 -9.8600 -86.5100 3 52 -151.0500 -17.9200
4.7933407461e-002 -1.2244806429e-001 -9.1166983144e-001
0 0 0
4 0 53 40.6100 -101.4800 1 53 -60.4700 -116.6700 2 53 4.2100 -79.2300 3 53 -159.0500 -8.0700
5.3223082813e-002 -1.2629597307e-001 -9.2603060421e-001
0 0 0
4 0 54 41.5500 -101.8500 1 54 -67.0000 -115.8300 2 54 16.9300 -69.5300 3 54 -168.5500 5.4500
5.9215963821e-002 -1.2802892550e-001 -9.3783289597e-001
0 0 0
4 0 55 43.6200 -101.0000 1 55 -71.3300 -114.2700 2 55 26.0800 -59.0500 3 55 -177.8900 18.5600
6.5469413257e-002 -1.3020287701e-001 -9.5144766068e-001
0 0 0
4 0 56 45.5300 -100.0000 1 56 -76.2900 -112.5000 2 56 37.6000 -47.4200 3 56 -188.4400 34.0400
7.2154832504e-002 -1.3282293260e-001 -9.6361180829e-001
0 0 0
4 0 57 47.4400 -99.8900 1 57 -80.2900 -111.5000 2 57 47.2000 -37.4800 3 57 -200.4600 49.5000
7.9367647295e-002 -1.3597145890e-001 -9.7450067617e-001
0 0 0
4 0 58 51.0000 -100.3500 1 58 -83.6200 -111.3800 2 58 57.0000 -26.0000 3 58 -213.2200 61.7600
8.7814910608e-002 -1.4026834604e-001 -9.8343534975e-001
0 0 0
4 0 59 54.5300 -101.4700 1 59 -85.3800 -112.3800 2 59 64.0000 -17.7500 3 59 -229.7300 73.5800
9.6295118674e-002 -1.4465043112e-001 -9.9016601741e-001
0 0 0
4 0 60 59.8800 -103.3100 1 60 -86.2700 -114.2700 2 60 69.9300 -9.0500 3 60 -245.7100 81.4500
1.0625023816e-001 -1.4917638758e-001 -9.9456063030e-001
0 0 0
4 0 61 65.0000 -105.1000 1 61 -85.3300 -116.2500 2 61 71.9800 -1.9100 3 61 -264.9700 87.6300
1.1766177154e-001 -1.5277320851e-001 -9.9595970476e-001
0 0 0
4 0 62 73.8600 -107.2900 1 62 -82.1800 -118.8200 2 62 69.9600 5.5800 3 62 -284.1600 90.8800
1.2809122212e-001 -1.5481118409e-001 -9.9446344675e-001
0 0 0
4 0 63 81.4400 -108.3800 1 63 -77.3300 -121.5600 2 63 63.8200 11.6000 3 63 -300.2300 90.9000
1.4089373105e-001 -1.5534995695e-001 -9.8870977161e-001
0 0 0
3 0 64 91.0000 -109.0000 1 64 -70.1200 -123.5000 2 64 49.4300 17.5900
1.5091971550e-001 -1.5046043890e-001 -9.6507239772e-001
0 0 0
3 0 65 104.2800 -108.8900 1 65 -53.8200 -126.8200 2 65 11.6900 10.5600
1.4152575469e-001 -1.5363186807e-001 -9.6370752295e-001
0 0 0
4 0 66 98.1400 -112.0000 1 66 -57.8200 -128.8200 2 66 17.9100 -1.1200 3 66 -308.9100 55.5400
1.2875467508e-001 -1.5758593113e-001 -9.6631116129e-001
0 0 0
4 0 67 87.8800 -114.6900 1 67 -64.6400 -129.9100 2 67 31.2300 -13.4600 3 67 -296.5900 52.3200
1.1651431434e-001 -1.5824591367e-001 -9.7138409172e-001
0 0 0
4 0 68 77.3900 -115.3900 1 68 -72.8000 -128.3000 2 68 44.4000 -19.6000 3 68 -281.9700 54.4900
1.0599944694e-001 -1.5884994461e-001 -9.7889164086e-001
0 0 0
4 0 69 68.9000 -114.8100 1 69 -80.5000 -126.2000 2 69 60.0600 -22.3100 3 69 -269.5400 60.0900
9.4776354228e-002 -1.5573726905e-001 -9.8510314081e-001
0 0 0
4 0 70 58.5300 -112.5300 1 70 -88.4200 -122.2500 2 70 70.1100 -23.6300 3 70 -252.7400 67.5100
8.2765385545e-002 -1.5262593544e-001 -9.9144307302e-001
0 0 0
4 0 71 50.1000 -109.9500 1 71 -94.6700 -118.2500 2 71 82.4100 -25.1500 3 71 -233.5800 74.2400
6.9040101649e-002 -1.4911233892e-001 -9.9759635538e-001
0 0 0
4 0 72 38.0000 -106.0000 1 72 -103.5400 -112.8500 2 72 93.3200 -27.7100 3 72 -213.0000 79.9000
5.3316954374e-002 -1.4218811100e-001 -1.0022688775e+000
0 0 0
4 0 73 26.8800 -102.0600 1 73 -110.3100 -106.9200 2 73 101.2100 -29.7900 3 73 -184.8500 86.5800
3.9000063732e-002 -1.3383063070e-001 -1.0061974110e+000
0 0 0
4 0 74 14.7100 -95.2900 1 74 -117.4600 -98.1500 2 74 106.3000 -30.2700 3 74 -159.8900 92.0700
2.7334137351e-002 -1.2222661658e-001 -1.0063664892e+000
0 0 0
4 0 75 7.2000 -88.2000 1 75 -119.5800 -90.2500 2 75 104.3900 -29.1400 3 75 -135.2000 96.6900
1.7381165153e-002 -1.1016360516e-001 -1.0030662096e+000
0 0 0
4 0 76 -0.5300 -79.4700 1 76 -119.8300 -81.0000 2 76 98.7300 -29.5800 3 76 -115.5700 96.4700
7.0797438033e-003 -9.8278641148e-002 -1.0002896138e+000
0 0 0
4 0 77 -7.8900 -71.0600 1 77 -120.1500 -73.4600 2 77 94.0800 -29.0000 3 77 -95.4600 96.9000
1.2874200392e-003 -8.5979354461e-002 -9.9789461001e-001
0 0 0
3 0 78 -11.7600 -63.0600 1 78 -118.5000 -64.0000 2 78 87.9400 -26.0600
-2.0492469838e-003 -7.3447630692e-002 -9.9476009445e-001
0 0 0
3 0 79 -14.0600 -54.8800 1 79 -114.3800 -54.6200 2 79 80.9100 -22.0300
-4.5552116500e-003 -6.0736338687e-002 -9.9294316654e-001
0 0 0
2 0 80 -16.0000 -45.0000 1 80 -111.6000 -46.4000
-5.5402190187e-003 -4.9953796384e-002 -9.9183004755e-001
0 0 0
2 0 81 -16.7900 -36.9500 1 81 -108.4700 -38.8700
-5.9328857954e-003 -3.9140984728e-002 -9.8974869636e-001
0 0 0
2 0 82 -17.0000 -29.0000 1 82 -104.5000 -31.5000
-6.0175269701e-003 -2.9853873827e-002 -9.8756086878e-001
0 0 0
2 0 83 -17.0000 -21.2400 1 83 -101.0000 -26.1700
-7.5809435551e-003 -2.1696770011e-002 -9.8200173633e-001
0 0 0
2 0 84 -17.5500 -15.8500 1 84 -96.3600 -20.7900
-6.3247196938e-003 -1.4064403889e-002 -9.8004686635e-001
0 0 0
2 0 85 -16.4700 -10.0000 1 85 -92.5700 -16.0000
-7.5453156962e-003 -9.6368402372e-003 -9.7216498931e-001
0 0 0
2 0 86 -16.4200 -6.6800 1 86 -87.7100 -14.5000
-2.5731647385e-003 -1.8409874947e-002 -9.6072664959e-001
0 0 0
3 0 87 -10.5000 -13.9100 1 87 -81.5900 -23.8800 2 87 30.6900 -9.2300
7.4018831546e-003 -3.5180407837e-002 -9.4837434518e-001
0 0 0
3 0 88 -0.8500 -27.6300 1 88 -74.2400 -40.5900 2 88 23.0000 -20.0000
1.5091345519e-002 -4.7251908621e-002 -9.3675919075e-001
0 0 0
4 0 89 7.3600 -37.7300 1 89 -68.4000 -52.4000 2 89 14.4300 -29.5300 3 89 -87.0800 56.2800
2.4721552528e-002 -5.8275901358e-002 -9.2911906683e-001
0 0 0
4 0 90 17.2900 -47.5000 1 90 -62.5900 -64.2400 2 90 7.0000 -36.0000 3 90 -101.5300 45.9500
2.6848876191e-002 -6.5653357910e-002 -9.2096925375e-001
0 0 0
4 0 91 20.4300 -54.0000 1 91 -59.2900 -71.2900 2 91 2.0400 -44.1100 3 91 -107.6200 33.2400
2.5480561902e-002 -7.0663114632e-002 -9.1024259161e-001
0 0 0
4 0 92 21.8700 -59.8700 1 92 -55.2100 -77.6400 2 92 -5.3100 -55.5200 3 92 -108.0500 20.6300
1.8520781848e-002 -7.3437410854e-002 -8.9991690681e-001
0 0 0
4 0 93 17.8700 -63.8700 1 93 -53.0000 -81.5000 2 93 -9.3100 -66.0900 3 93 -101.7600 6.2000
5.0363179343e-003 -7.0781505465e-002 -8.8653477907e-001
0 0 0
4 0 94 8.7800 -63.4800 1 94 -50.5600 -81.6200 2 94 -15.0000 -80.0000 3 94 -86.8100 -7.0800
-1.1043383969e-002 -6.2094821646e-002 -8.7007599392e-001
0 0 0
4 0 95 -2.1200 -58.3600 1 95 -45.4100 -78.2400 2 95 -23.0000 -90.0000 3 95 -67.0000 -20.6700
-2.2030322345e-002 -5.1466055677e-002 -8.5555587199e-001
0 0 0
4 0 96 -9.6000 -51.3200 1 96 -37.5300 -72.0000 2 96 -31.7900 -95.7900 3 96 -53.3000 -28.6700
-3.1089195137e-002 -3.8099583345e-002 -8.4372921032e-001
0 0 0
4 0 97 -16.5400 -40.6200 1 97 -30.2400 -63.4100 2 97 -40.7200 -97.1200 3 97 -41.4200 -31.5500
-4.0323723072e-002 -2.0312464255e-002 -8.3228155235e-001
0 0 0
4 0 98 -23.3800 -23.9700 1 98 -21.3700 -51.5300 2 98 -49.0000 -95.5000 3 98 -28.5600 -31.6600
-4.5729980284e-002 -2.8337109539e-003 -8.2409004058e-001
0 0 0
4 0 99 -27.6300 -8.3300 1 99 -11.8900 -36.9400 2 99 -55.7200 -91.5200 3 99 -20.6200 -28.5900
-4.8429649291e-002 1.3685049369e-002 -8.2005046973e-001
0 0 0
4 0 100 -30.1200 7.7700 1 100 -5.1300 -23.4300 2 100 -61.0400 -84.6000 3 100 -15.1700 -22.8800
-4.7944342729e-002 2.6226738626e-002 -8.1984361807e-001
0 0 0
4 0 101 -29.8800 20.2300 1 101 -1.0000 -13.0000 2 101 -64.4200 -77.2100 3 101 -13.0000 -16.0000
-4.6638896840e-002 3.6488303078e-002 -8.2525330710e-001
0 0 0
4 0 102 -30.2600 31.4800 1 102 -0.6000 -5.6500 2 102 -63.5700 -68.0000 3 102 -11.0700 -5.5900
-4.3572283181e-002 4.5242652960e-002 -8.3574033212e-001
0 0 0
4 0 103 -28.8300 38.8800 1 103 -4.0600 5.1200 2 103 -59.5500 -56.1500 3 103 -11.2700 5.7300
-3.7029079150e-002 4.5477139812e-002 -8.5145426470e-001
0 0 0
4 0 104 -24.8800 38.5000 1 104 -11.6000 7.6000 2 104 -52.0900 -46.7700 3 104 -15.3800 19.8400
-2.7309049168e-002 3.3563962319e-002 -8.6012905880e-001
0 0 0
4 0 105 -17.0000 27.9000 1 105 -17.0000 -3.0000 2 105 -48.0000 -44.3800 3 105 -25.5500 22.5900
-1.8807841575e-002 1.7369476129e-002 -8.6002261230e-001
0 0 0
4 0 106 -8.6800 12.2500 1 106 -18.3200 -15.8400 2 106 -48.0800 -49.5600 3 106 -37.7200 15.4100
-1.2469732586e-002 1.5486673776e-003 -8.5750105152e-001
0 0 0
4 0 107 -2.6300 -1.3300 1 107 -18.7900 -30.9500 2 107 -49.0000 -57.0000 3 107 -48.2900 6.3200
-1.6123043034e-002 -9.1014684867e-003 -8.5577887541e-001
0 0 0
4 0 108 -5.0000 -11.5000 1 108 -22.2500 -39.3300 2 108 -45.9100 -66.4300 3 108 -47.2800 -1.1200
-2.5370994666e-002 -1.4015477444e-002 -8.5486908025e-001
0 0 0
4 0 109 -12.8300 -16.8800 1 109 -27.2900 -41.8600 2 109 -40.9100 -73.3200 3 109 -39.0800 -7.2000
-3.6484996652e-002 -1.4288312782e-002 -8.5796179412e-001
0 0 0
4 0 110 -24.0800 -17.0800 1 110 -34.3600 -39.2100 2 110 -33.0900 -77.2200 3 110 -28.7100 -7.3900
-4.7766136060e-002 -7.8207713635e-003 -8.6082023986e-001
0 0 0
4 0 111 -35.0000 -11.2900 1 111 -40.0000 -31.4300 2 111 -28.2100 -77.0000 3 111 -15.6800 -3.5500
-5.3618278894e-002 1.0501532526e-003 -8.5999253266e-001
0 0 0
4 0 112 -40.8800 -3.3300 1 112 -39.2900 -23.2900 2 112 -28.4300 -74.3900 3 112 -8.3700 -0.6300
-5.6559285291e-002 1.3189187182e-002 -8.5520016141e-001
0 0 0
4 0 113 -42.9100 8.7800 1 113 -33.8800 -14.6900 2 113 -33.2900 -71.0000 3 113 -3.4000 1.4800
-5.5547734032e-002 2.6726918477e-002 -8.4536091921e-001
0 0 0
4 0 114 -41.2300 20.4200 1 114 -22.2100 -5.1600 2 114 -44.2000 -67.4800 3 114 -2.9300 1.5900
-5.4613887541e-002 3.9265114057e-002 -8.3355168226e-001
0 0 0
4 0 115 -38.9100 33.0900 1 115 -8.8400 2.2100 2 115 -54.1300 -65.8700 3 115 -3.0000 -0.7100
-5.1094839563e-002 4.7119396633e-002 -8.1951444465e-001
0 0 0
4 0 116 -33.8100 41.0500 1 116 4.5300 4.5300 2 116 -68.0000 -66.4700 3 116 -5.9000 -5.7000
-4.7443619882e-002 5.0332841902e-002 -8.0819979349e-001
0 0 0
4 0 117 -28.7200 44.8800 1 117 15.4400 3.6200 2 117 -77.7600 -68.5900 3 117 -9.8900 -11.0600
-4.2959056401e-002 5.1377976746e-002 -7.9831108433e-001
0 0 0
4 0 118 -22.6300 46.6700 1 118 24.6100 1.3900 2 118 -86.4700 -70.6300 3 118 -15.0000 -17.0000
-3.7560942044e-002 5.3036948667e-002 -7.8914005542e-001
0 0 0
4 0 119 -14.8800 48.6900 1 119 34.5000 -1.0000 2 119 -95.3700 -71.5300 3 119 -19.0000 -21.0000
-3.2272094071e-002 5.5104796605e-002 -7.8440637897e-001
0 0 0
4 0 120 -8.5400 51.3600 1 120 40.8900 -1.1600 2 120 -100.9100 -70.9100 3 120 -24.1000 -22.1900
-2.7686878920e-002 5.8243818144e-002 -7.8133422782e-001
0 0 0
4 0 121 -3.4800 55.1600 1 121 45.6000 -0.4000 2 121 -106.0000 -68.4700 3 121 -27.7900 -22.0500
-2.3827906994e-002 5.7134320803e-002 -7.7621231279e-001
0 0 0
4 0 122 1.4800 54.4200 1 122 50.4700 -3.3300 2 122 -111.1400 -69.6700 3 122 -31.9500 -25.5800
-2.3167043044e-002 4.7644358081e-002 -7.7074252121e-001
0 0 0
4 0 123 4.1700 44.4500 1 123 52.1200 -13.0000 2 123 -113.5000 -77.9100 3 123 -34.3300 -33.1700
-2.7285822629e-002 3.3947724489e-002 -7.6685168237e-001
0 0 0
4 0 124 0.6400 29.2100 1 124 49.3300 -25.0000 2 124 -112.1700 -88.2500 3 124 -33.9000 -44.1900
-3.2474574630e-002 2.1070883154e-002 -7.6487468417e-001
0 0 0
4 0 125 -3.2700 15.6000 1 125 44.4700 -35.3500 2 125 -108.0000 -99.8600 3 125 -32.4500 -53.8500
-4.0566080908e-002 6.6808673791e-003 -7.6988849419e-001
0 0 0
4 0 126 -12.9700 -0.3800 1 126 33.0000 -45.0000 2 126 -98.0000 -109.8800 3 126 -28.4500 -59.8500
-4.9362234980e-002 -3.6324749086e-003 -7.7539636871e-001
0 0 0
4 0 127 -22.8400 -11.7800 1 127 21.7000 -51.1000 2 127 -87.8800 -116.4600 3 127 -21.7700 -64.5000
-5.8879126666e-002 -1.5915543497e-002 -7.8272281406e-001
0 0 0
4 0 128 -34.2600 -24.5900 1 128 8.0000 -58.1400 2 128 -75.3900 -125.0000 3 128 -15.7000 -68.8300
-6.5011336593e-002 -2.9977035392e-002 -7.8783711713e-001
0 0 0
4 0 129 -40.8000 -39.2400 1 129 -3.7900 -68.0500 2 129 -66.0000 -133.8600 3 129 -12.1200 -76.0000
-6.6679456576e-002 -5.1185538929e-002 -7.9663061837e-001
0 0 0
4 0 130 -43.5600 -59.4000 1 130 -19.1300 -85.4300 2 130 -54.8700 -144.2200 3 130 -14.0400 -84.2600
-6.6128285244e-002 -6.6235815687e-002 -8.0167407030e-001
0 0 0
4 0 131 -43.1600 -75.0000 1 131 -27.0000 -96.0000 2 131 -47.1100 -152.1900 3 131 -17.5600 -91.3700
-6.1533334504e-002 -8.2643155323e-002 -8.0808380192e-001
0 0 0
4 0 132 -39.2000 -90.5600 1 132 -35.0000 -109.0000 2 132 -40.7300 -159.0000 3 132 -25.4600 -97.3600
-5.6625234684e-002 -9.4931493614e-002 -8.1458288893e-001
0 0 0
3 0 133 -34.9600 -101.4000 1 133 -41.3300 -118.4700 2 133 -35.0900 -162.7800
-5.3089292757e-002 -1.0351235522e-001 -8.2083095632e-001
0 0 0
3 0 134 -32.0000 -108.3800 1 134 -46.4400 -123.7500 2 134 -29.0900 -165.0900
-4.8616497102e-002 -1.1136063133e-001 -8.2731861110e-001
0 0 0
3 0 135 -28.4800 -114.2900 1 135 -51.2900 -128.7100 2 135 -23.8800 -166.0000
-4.5010919997e-002 -1.1738090012e-001 -8.3312393936e-001
0 0 0
3 0 136 -25.7800 -118.3900 1 136 -55.1500 -132.2300 2 136 -18.8900 -166.2900
-4.0299691844e-002 -1.2255257737e-001 -8.3835584647e-001
0 0 0
3 0 137 -22.0000 -121.8600 1 137 -58.0000 -135.0000 2 137 -15.3600 -165.7600
-3.6631690843e-002 -1.2736097007e-001 -8.4320676387e-001
0 0 0
3 0 138 -19.2700 -125.0000 1 138 -60.7900 -137.6400 2 138 -11.5000 -165.5000
-3.3634491502e-002 -1.3146680440e-001 -8.4824967905e-001
0 0 0
2 0 139 -17.0900 -127.2200 1 139 -64.0000 -139.5000
-3.1861729626e-002 -1.3527875145e-001 -8.5411820254e-001
0 0 0
2 0 140 -16.3300 -129.6700 1 140 -68.0000 -140.2900
