# Bundle file v0.3
4 141
7.6800000000e+002 0.0000000000e+000 0.0000000000e+000
1.0000000000e+000 0.0000000000e+000 0.0000000000e+000
0.0000000000e+000 1.0000000000e+000 0.0000000000e+000
0.0000000000e+000 0.0000000000e+000 1.0000000000e+000
-0.0000000000e+000 -0.0000000000e+000 -0.0000000000e+000
7.6800000000e+002 0.0000000000e+000 0.0000000000e+000
3.3530450708e-001 3.2553515389e-001 8.8408017234e-001
-2.5398306306e-001 9.3489525966e-001 -2.4791824691e-001
-9.0722846693e-001 -1.4141328458e-001 3.9615500973e-001
7.4579441102e-001 -2.5298213436e-001 -6.1627164156e-001
0 0 0
0 0 0
0 0 0
0 0 0
0 0 0
0 0 0
0 0 0
0 0 0
0 0 0
0 0 0
2.6046374115e-002 -6.0483979034e-002 -9.4893042541e-001
0 0 0
2 0 0 21.0900 -49.0900 1 0 -79.3300 -61.5300
2.5642544541e-002 -6.4503046350e-002 -9.5024133985e-001
0 0 0
2 0 1 20.7500 -52.5000 1 1 -81.2900 -63.8600
2.5399918616e-002 -7.4480582569e-002 -9.4915401116e-001
0 0 0
2 0 2 20.5600 -60.3900 1 2 -83.3300 -71.5300
2.5434415070e-002 -8.4404324120e-002 -9.4617492399e-001
0 0 0
2 0 3 20.6500 -68.6000 1 3 -84.0000 -79.4300
2.2818034499e-002 -9.4284415698e-002 -9.4356942042e-001
0 0 0
2 0 4 18.5800 -76.8900 1 4 -85.7700 -86.8500
1.8919879148e-002 -1.0188284041e-001 -9.4093986404e-001
0 0 0
2 0 5 15.4700 -83.7400 1 5 -87.2900 -92.1400
1.4979030721e-002 -1.1062740288e-001 -9.3954062922e-001
0 0 0
2 0 6 12.2400 -90.3300 1 6 -90.2000 -99.2000
1.4056359818e-002 -1.2115616628e-001 -9.3820040604e-001
0 0 0
2 0 7 11.5000 -99.0000 1 7 -92.4700 -107.3300
1.5876829962e-002 -1.2823901233e-001 -9.3794646475e-001
0 0 0
2 0 8 13.0000 -105.0000 1 8 -93.5300 -112.6700
1.6923501835e-002 -1.3383113605e-001 -9.4019057756e-001
0 0 0
2 0 9 13.8200 -109.1800 1 9 -96.1500 -116.5400
1.8441325359e-002 -1.3674030759e-001 -9.4371325748e-001
0 0 0
2 0 10 15.0000 -111.0000 1 10 -98.7100 -118.1400
1.8201956986e-002 -1.3905868140e-001 -9.4842191991e-001
0 0 0
2 0 11 14.7400 -112.6300 1 11 -102.4000 -118.4000
1.3122714894e-002 -1.3942205320e-001 -9.5409340794e-001
0 0 0
2 0 12 10.5600 -112.1100 1 12 -108.0000 -117.0000
5.4869816215e-003 -1.3854053721e-001 -9.6145740777e-001
0 0 0
2 0 13 4.3800 -110.5600 1 13 -115.2900 -113.8600
-4.9403542880e-003 -1.3592836926e-001 -9.6575229364e-001
0 0 0
2 0 14 -3.9400 -107.7200 1 14 -121.2900 -110.1400
-1.4870571346e-002 -1.3179147544e-001 -9.7148430044e-001
0 0 0
2 0 15 -11.7600 -104.0600 1 15 -127.6000 -104.4000
-2.8131536507e-002 -1.2592688029e-001 -9.7356377000e-001
0 0 0
2 0 16 -22.2100 -98.8400 1 16 -132.5600 -98.3800
-3.8994599454e-002 -1.1936628054e-001 -9.7589313220e-001
0 0 0
2 0 17 -30.6900 -93.8800 1 17 -136.4700 -91.1300
-5.0708305397e-002 -1.1263749740e-001 -9.7372013278e-001
0 0 0
2 0 18 -40.0000 -88.7300 1 18 -137.8600 -85.0700
-5.8922987002e-002 -1.0709840694e-001 -9.7047996998e-001
0 0 0
2 0 19 -46.6300 -84.7400 1 19 -137.4400 -80.3800
-6.4604379889e-002 -1.0156634386e-001 -9.6487376932e-001
0 0 0
2 0 20 -51.4200 -80.8900 1 20 -134.3800 -76.5600
-6.9104184966e-002 -9.5980355694e-002 -9.5887795181e-001
0 0 0
2 0 21 -55.3700 -76.4700 1 21 -130.6200 -73.3800
-7.1801767574e-002 -8.9756402093e-002 -9.5256361058e-001
0 0 0
2 0 22 -57.9000 -72.1900 1 22 -125.5300 -69.3500
-7.2335772955e-002 -8.4747262868e-002 -9.4731361956e-001
0 0 0
2 0 23 -58.6500 -68.6000 1 23 -120.6500 -66.4700
-7.2215151099e-002 -8.0268892392e-002 -9.4170147243e-001
0 0 0
2 0 24 -58.9100 -65.2200 1 24 -115.4400 -64.3800
-7.0679111086e-002 -7.8003487153e-002 -9.3603409129e-001
0 0 0
2 0 25 -58.0000 -63.8600 1 25 -110.2100 -64.0500
-7.0203208064e-002 -7.5274876803e-002 -9.2963631096e-001
0 0 0
2 0 26 -58.0000 -62.1400 1 26 -104.7400 -63.3700
-7.0656176609e-002 -7.1140312782e-002 -9.2261715104e-001
0 0 0
2 0 27 -58.8300 -59.0000 1 27 -98.8200 -61.8200
-7.0929805157e-002 -6.6734816616e-002 -9.1450224217e-001
0 0 0
2 0 28 -59.5700 -56.0000 1 28 -91.8600 -60.0000
-7.0777088245e-002 -6.0154986302e-002 -9.0490860087e-001
0 0 0
2 0 29 -60.1200 -50.3600 1 29 -83.2100 -57.6300
-6.8503013540e-002 -5.1279416634e-002 -8.8942679588e-001
0 0 0
2 0 30 -59.1200 -44.6700 1 30 -68.3900 -53.4400
-6.5947638523e-002 -4.2073151958e-002 -8.7878231371e-001
0 0 0
2 0 31 -57.6500 -36.5800 1 31 -57.2500 -49.5000
-6.3252307220e-002 -3.2613970381e-002 -8.6922690145e-001
0 0 0
2 0 32 -55.9200 -28.4400 1 32 -46.6800 -44.7400
-6.0877583629e-002 -2.3487385681e-002 -8.6066965869e-001
0 0 0
2 0 33 -54.3600 -20.5700 1 33 -37.0000 -39.7900
-5.6506023852e-002 -1.3692709672e-002 -8.5363607857e-001
0 0 0
2 0 34 -50.9300 -11.4100 1 34 -27.7900 -34.8400
-5.0344173395e-002 -2.0448668780e-003 -8.4239931643e-001
0 0 0
2 0 35 -45.9300 -1.5700 1 35 -14.1100 -28.5600
-4.2317405427e-002 6.1947343480e-003 -8.3404983552e-001
0 0 0
2 0 36 -39.0000 6.0000 1 36 -3.2600 -25.3700
-3.5617118497e-002 4.2179956183e-003 -8.2945698890e-001
0 0 0
2 0 37 -33.0000 4.1000 1 37 1.5500 -29.1000
-2.6948035028e-002 -2.5880005519e-003 -8.2552381687e-001
0 0 0
2 0 38 -25.1000 -2.1300 1 38 5.0000 -37.0000
-2.1770817203e-002 -9.8251260103e-003 -8.2288285284e-001
0 0 0
2 0 39 -20.3300 -9.0600 1 39 6.4700 -44.0000
-1.3615262408e-002 -1.9367753968e-002 -8.1964332038e-001
0 0 0
2 0 40 -12.7600 -18.1200 1 40 8.5300 -53.4700
-5.4426856887e-003 -3.0522459069e-002 -8.1942702779e-001
0 0 0
2 0 41 -5.0400 -29.3100 1 41 8.1200 -62.6900
1.1017097741e-003 -4.1258792893e-002 -8.2176700671e-001
0 0 0
2 0 42 1.0400 -38.6900 1 42 5.1400 -72.0700
7.5909355491e-003 -5.0555468066e-002 -8.2586779543e-001
0 0 0
2 0 43 7.1100 -47.7100 1 43 1.6200 -78.5600
1.2605812876e-002 -5.9232545441e-002 -8.3116277707e-001
0 0 0
2 0 44 11.6700 -55.0600 1 44 -3.2100 -85.0500
1.6350287108e-002 -6.7465165529e-002 -8.3763228621e-001
0 0 0
2 0 45 15.0000 -62.0000 1 45 -9.0000 -90.5000
2.1126499436e-002 -7.5279365884e-002 -8.4485963821e-001
0 0 0
2 0 46 19.2200 -68.7000 1 46 -14.7800 -95.1700
2.5242503562e-002 -8.3835594123e-002 -8.5408965837e-001
0 0 0
2 0 47 22.6900 -75.2300 1 47 -22.4000 -100.4000
3.0056384130e-002 -9.2029504257e-002 -8.6309898463e-001
0 0 0
2 0 48 26.7700 -82.4200 1 48 -29.2000 -104.2000
3.4125794240e-002 -9.7372793226e-002 -8.7022466403e-001
0 0 0
2 0 49 30.1200 -86.0000 1 49 -34.3800 -107.4400
4.2700769198e-002 -1.0371824815e-001 -8.7770137108e-001
0 0 0
2 0 50 37.3800 -91.1500 1 50 -38.4700 -110.8700
4.6140254074e-002 -1.1001644164e-001 -8.8611866196e-001
0 0 0
2 0 51 40.0000 -95.6200 1 51 -44.7300 -114.0000
4.6976712342e-002 -1.1590331621e-001 -8.9580222896e-001
0 0 0
2 0 52 40.2800 -99.5200 1 52 -52.4400 -116.2500
4.7954340507e-002 -1.1978262650e-001 -9.0692845414e-001
0 0 0
2 0 53 40.6100 -101.4800 1 53 -60.4700 -116.6700
4.9612410232e-002 -1.2161313525e-001 -9.1702388093e-001
0 0 0
2 0 54 41.5500 -101.8500 1 54 -67.0000 -115.8300
5.2546015858e-002 -1.2168763213e-001 -9.2514404010e-001
0 0 0
2 0 55 43.6200 -101.0000 1 55 -71.3300 -114.2700
5.5391021861e-002 -1.2173550395e-001 -9.3428705796e-001
0 0 0
2 0 56 45.5300 -100.0000 1 56 -76.2900 -112.5000
5.8171323722e-002 -1.2247988150e-001 -9.4173163445e-001
0 0 0
2 0 57 47.4400 -99.8900 1 57 -80.2900 -111.5000
6.3013051360e-002 -1.2398280682e-001 -9.4890498743e-001
0 0 0
2 0 58 51.0000 -100.3500 1 58 -83.6200 -111.3800
6.7688512776e-002 -1.2605700446e-001 -9.5327363077e-001
0 0 0
2 0 59 54.5300 -101.4700 1 59 -85.3800 -112.3800
7.4631523504e-002 -1.2896390176e-001 -9.5710986498e-001
0 0 0
2 0 60 59.8800 -103.3100 1 60 -86.2700 -114.2700
8.1086342117e-002 -1.3129794387e-001 -9.5799510242e-001
0 0 0
2 0 61 65.0000 -105.1000 1 61 -85.3300 -116.2500
9.2092264428e-002 -1.3377446246e-001 -9.5758019371e-001
0 0 0
2 0 62 73.8600 -107.2900 1 62 -82.1800 -118.8200
1.0113659657e-001 -1.3494232600e-001 -9.5364818117e-001
0 0 0
2 0 63 81.4400 -108.3800 1 63 -77.3300 -121.5600
1.1227156974e-001 -1.3468093914e-001 -9.4747444696e-001
0 0 0
2 0 64 91.0000 -109.0000 1 64 -70.1200 -123.5000
1.2606391630e-001 -1.3181354938e-001 -9.2839744552e-001
0 0 0
2 0 65 104.2800 -108.8900 1 65 -53.8200 -126.8200
1.1884031539e-001 -1.3589290078e-001 -9.2993659857e-001
0 0 0
2 0 66 98.1400 -112.0000 1 66 -57.8200 -128.8200
1.0685499829e-001 -1.3983916679e-001 -9.3374427788e-001
0 0 0
2 0 67 87.8800 -114.6900 1 67 -64.6400 -129.9100
9.4778093988e-002 -1.4141821929e-001 -9.4053054823e-001
0 0 0
2 0 68 77.3900 -115.3900 1 68 -72.8000 -128.3000
8.5045366991e-002 -1.4184936614e-001 -9.4792815269e-001
0 0 0
2 0 69 68.9000 -114.8100 1 69 -80.5000 -126.2000
7.2795660300e-002 -1.4003836480e-001 -9.5515779596e-001
0 0 0
2 0 70 58.5300 -112.5300 1 70 -88.4200 -122.2500
6.2685392592e-002 -1.3755983954e-001 -9.6093026129e-001
0 0 0
2 0 71 50.1000 -109.9500 1 71 -94.6700 -118.2500
4.7934098316e-002 -1.3395459083e-001 -9.6860940914e-001
0 0 0
2 0 72 38.0000 -106.0000 1 72 -103.5400 -112.8500
3.4079890711e-002 -1.2941542463e-001 -9.7369078516e-001
0 0 0
2 0 73 26.8800 -102.0600 1 73 -110.3100 -106.9200
1.8761947313e-002 -1.2147635175e-001 -9.7971708731e-001
0 0 0
2 0 74 14.7100 -95.2900 1 74 -117.4600 -98.1500
9.1955444023e-003 -1.1260172777e-001 -9.8129821854e-001
0 0 0
2 0 75 7.2000 -88.2000 1 75 -119.5800 -90.2500
-6.8079600548e-004 -1.0139958818e-001 -9.8069769392e-001
0 0 0
2 0 76 -0.5300 -79.4700 1 76 -119.8300 -81.0000
-1.0016020365e-002 -9.1517860967e-002 -9.7969856364e-001
0 0 0
2 0 77 -7.8900 -71.0600 1 77 -120.1500 -73.4600
-1.4993168156e-002 -8.0409806227e-002 -9.7918412763e-001
0 0 0
2 0 78 -11.7600 -63.0600 1 78 -118.5000 -64.0000
-1.7951142506e-002 -6.8670328391e-002 -9.7638746955e-001
0 0 0
2 0 79 -14.0600 -54.8800 1 79 -114.3800 -54.6200
-2.0339132828e-002 -5.6920407790e-002 -9.7542757276e-001
0 0 0
2 0 80 -16.0000 -45.0000 1 80 -111.6000 -46.4000
-2.1319315697e-002 -4.6658080093e-002 -9.7435452916e-001
0 0 0
2 0 81 -16.7900 -36.9500 1 81 -108.4700 -38.8700
-2.1557114444e-002 -3.6364395989e-002 -9.7246501241e-001
0 0 0
2 0 82 -17.0000 -29.0000 1 82 -104.5000 -31.5000
-2.1420863380e-002 -2.7509620904e-002 -9.7051581628e-001
0 0 0
2 0 83 -17.0000 -21.2400 1 83 -101.0000 -26.1700
-2.2084058383e-002 -1.9944883398e-002 -9.6641416725e-001
0 0 0
2 0 84 -17.5500 -15.8500 1 84 -96.3600 -20.7900
-2.0682392712e-002 -1.2557614559e-002 -9.6442479814e-001
0 0 0
2 0 85 -16.4700 -10.0000 1 85 -92.5700 -16.0000
-2.0468569935e-002 -8.6102402644e-003 -9.5867242596e-001
0 0 0
2 0 86 -16.4200 -6.6800 1 86 -87.7100 -14.5000
-1.2979412859e-002 -1.7271933299e-002 -9.4984058246e-001
0 0 0
2 0 87 -10.5000 -13.9100 1 87 -81.5900 -23.8800
-1.0292522052e-003 -3.3852263706e-002 -9.3808595100e-001
0 0 0
2 0 88 -0.8500 -27.6300 1 88 -74.2400 -40.5900
8.9004075115e-003 -4.5568809253e-002 -9.2955555474e-001
0 0 0
2 0 89 7.3600 -37.7300 1 89 -68.4000 -52.4000
2.0755404519e-002 -5.7020313906e-002 -9.2192844379e-001
0 0 0
2 0 90 17.2900 -47.5000 1 90 -62.5900 -64.2400
2.4354616012e-002 -6.4282036286e-002 -9.1581631337e-001
0 0 0
2 0 91 20.4300 -54.0000 1 91 -59.2900 -71.2900
2.5837829450e-002 -7.0498639723e-002 -9.0796681849e-001
0 0 0
2 0 92 21.8700 -59.8700 1 92 -55.2100 -77.6400
2.0936272501e-002 -7.4514866459e-002 -9.0083210047e-001
0 0 0
2 0 93 17.8700 -63.8700 1 93 -53.0000 -81.5000
1.0194105869e-002 -7.3618493585e-002 -8.9252196551e-001
0 0 0
2 0 94 8.7800 -63.4800 1 94 -50.5600 -81.6200
-2.4106487451e-003 -6.7338264125e-002 -8.8155359768e-001
0 0 0
2 0 95 -2.1200 -58.3600 1 95 -45.4100 -78.2400
-1.0893097850e-002 -5.7953732172e-002 -8.7029878152e-001
0 0 0
2 0 96 -9.6000 -51.3200 1 96 -37.5300 -72.0000
-1.8558368829e-002 -4.5483680513e-002 -8.6143214500e-001
0 0 0
2 0 97 -16.5400 -40.6200 1 97 -30.2400 -63.4100
-2.5852344430e-002 -2.7663939729e-002 -8.5237286942e-001
0 0 0
2 0 98 -23.3800 -23.9700 1 98 -21.3700 -51.5300
-3.0395675337e-002 -9.1504657014e-003 -8.4483714755e-001
0 0 0
2 0 99 -27.6300 -8.3300 1 99 -11.8900 -36.9400
-3.2990346823e-002 8.5176788213e-003 -8.4116646661e-001
0 0 0
2 0 100 -30.1200 7.7700 1 100 -5.1300 -23.4300
-3.2703499891e-002 2.2113957200e-002 -8.4066792162e-001
0 0 0
2 0 101 -29.8800 20.2300 1 101 -1.0000 -13.0000
-3.2999994756e-002 3.2852533922e-002 -8.4323410840e-001
0 0 0
2 0 102 -30.2600 31.4800 1 102 -0.6000 -5.6500
-3.1963413336e-002 4.2841155520e-002 -8.5265837483e-001
0 0 0
2 0 103 -28.8300 38.8800 1 103 -4.0600 5.1200
-2.8034249466e-002 4.3442767252e-002 -8.6503446862e-001
0 0 0
2 0 104 -24.8800 38.5000 1 104 -11.6000 7.6000
-1.9211777262e-002 3.1076431083e-002 -8.7124060344e-001
0 0 0
2 0 105 -17.0000 27.9000 1 105 -17.0000 -3.0000
-9.9462690552e-003 1.4739287762e-002 -8.7133727530e-001
0 0 0
2 0 106 -8.6800 12.2500 1 106 -18.3200 -15.8400
-2.9625867939e-003 -1.6070034060e-003 -8.6831972028e-001
0 0 0
2 0 107 -2.6300 -1.3300 1 107 -18.7900 -30.9500
-5.6377748570e-003 -1.3115316886e-002 -8.6780135761e-001
0 0 0
2 0 108 -5.0000 -11.5000 1 108 -22.2500 -39.3300
-1.4527787597e-002 -1.9005735417e-002 -8.6907955002e-001
0 0 0
2 0 109 -12.8300 -16.8800 1 109 -27.2900 -41.8600
-2.7380266881e-002 -1.9445305033e-002 -8.7332847060e-001
0 0 0
2 0 110 -24.0800 -17.0800 1 110 -34.3600 -39.2100
-3.9978385873e-002 -1.3238472727e-002 -8.7797694339e-001
0 0 0
2 0 111 -35.0000 -11.2900 1 111 -40.0000 -31.4300
-4.6665539710e-002 -4.1993015033e-003 -8.7748766274e-001
0 0 0
2 0 112 -40.8800 -3.3300 1 112 -39.2900 -23.2900
-4.8643944179e-002 8.5456519066e-003 -8.7361484531e-001
0 0 0
2 0 113 -42.9100 8.7800 1 113 -33.8800 -14.6900
-4.6353768446e-002 2.2621340303e-002 -8.6427560063e-001
0 0 0
2 0 114 -41.2300 20.4200 1 114 -22.2100 -5.1600
-4.3120248370e-002 3.6251316167e-002 -8.5235179353e-001
0 0 0
2 0 115 -38.9100 33.0900 1 115 -8.8400 2.2100
-3.6890364388e-002 4.4373801028e-002 -8.3955499605e-001
0 0 0
2 0 116 -33.8100 41.0500 1 116 4.5300 4.5300
-3.0899683877e-002 4.7880480281e-002 -8.2825709708e-001
0 0 0
2 0 117 -28.7200 44.8800 1 117 15.4400 3.6200
-2.4063429902e-002 4.9305598112e-002 -8.1883514001e-001
0 0 0
2 0 118 -22.6300 46.6700 1 118 24.6100 1.3900
-1.5627916372e-002 5.0963395780e-002 -8.0901222276e-001
0 0 0
2 0 119 -14.8800 48.6900 1 119 34.5000 -1.0000
-8.9246696670e-003 5.3662543102e-002 -8.0365793730e-001
0 0 0
2 0 120 -8.5400 51.3600 1 120 40.8900 -1.1600
-3.5916022157e-003 5.7237158418e-002 -8.0016962115e-001
0 0 0
2 0 121 -3.4800 55.1600 1 121 45.6000 -0.4000
1.5579872740e-003 5.6141215905e-002 -7.9483834619e-001
0 0 0
2 0 122 1.4800 54.4200 1 122 50.4700 -3.3300
4.3102803187e-003 4.5551946877e-002 -7.8978736387e-001
0 0 0
2 0 123 4.1700 44.4500 1 123 52.1200 -13.0000
6.7261560122e-004 2.9799879731e-002 -7.8696858813e-001
0 0 0
2 0 124 0.6400 29.2100 1 124 49.3300 -25.0000
-3.3173268944e-003 1.5698294770e-002 -7.8722772447e-001
0 0 0
2 0 125 -3.2700 15.6000 1 125 44.4700 -35.3500
-1.3372539613e-002 -6.5656749529e-004 -7.9351576505e-001
0 0 0
2 0 126 -12.9700 -0.3800 1 126 33.0000 -45.0000
-2.3783470271e-002 -1.2578325303e-002 -8.0072115869e-001
0 0 0
2 0 127 -22.8400 -11.7800 1 127 21.7000 -51.1000
-3.6075338230e-002 -2.6294286045e-002 -8.0946565790e-001
0 0 0
2 0 128 -34.2600 -24.5900 1 128 8.0000 -58.1400
-4.3350444753e-002 -4.2059629597e-002 -8.1652808588e-001
0 0 0
2 0 129 -40.8000 -39.2400 1 129 -3.7900 -68.0500
-4.6768193762e-002 -6.5480993560e-002 -8.2637538242e-001
0 0 0
2 0 130 -43.5600 -59.4000 1 130 -19.1300 -85.4300
-4.6701130524e-002 -8.1438428678e-002 -8.3126642798e-001
0 0 0
2 0 131 -43.1600 -75.0000 1 131 -27.0000 -96.0000
-4.2724471825e-002 -9.8794478260e-002 -8.3712221332e-001
0 0 0
2 0 132 -39.2000 -90.5600 1 132 -35.0000 -109.0000
-3.8352867028e-002 -1.1146867636e-001 -8.4269548776e-001
0 0 0
2 0 133 -34.9600 -101.4000 1 133 -41.3300 -118.4700
-3.5332434444e-002 -1.1960083966e-001 -8.4793486899e-001
0 0 0
2 0 134 -32.0000 -108.3800 1 134 -46.4400 -123.7500
-3.1645996094e-002 -1.2700257250e-001 -8.5337961442e-001
0 0 0
2 0 135 -28.4800 -114.2900 1 135 -51.2900 -128.7100
-2.8794608863e-002 -1.3238732227e-001 -8.5790160498e-001
0 0 0
2 0 136 -25.7800 -118.3900 1 136 -55.1500 -132.2300
-2.4692821705e-002 -1.3685757610e-001 -8.6205632212e-001
0 0 0
2 0 137 -22.0000 -121.8600 1 137 -58.0000 -135.0000
-2.1719883001e-002 -1.4102225400e-001 -8.6572387564e-001
0 0 0
2 0 138 -19.2700 -125.0000 1 138 -60.7900 -137.6400
-1.9355819135e-002 -1.4438248998e-001 -8.7001634990e-001
0 0 0
2 0 139 -17.0900 -127.2200 1 139 -64.0000 -139.5000
-1.8606730151e-002 -1.4749597467e-001 -8.7491710491e-001
0 0 0
2 0 140 -16.3300 -129.6700 1 140 -68.0000 -140.2900
