# Bundle file v0.3
4 66
7.6800000000e+002 0.0000000000e+000 0.0000000000e+000
1.0000000000e+000 0.0000000000e+000 0.0000000000e+000
0.0000000000e+000 1.0000000000e+000 0.0000000000e+000
0.0000000000e+000 0.0000000000e+000 1.0000000000e+000
-0.0000000000e+000 -0.0000000000e+000 -0.0000000000e+000
7.6800000000e+002 0.0000000000e+000 0.0000000000e+000
3.8744683248e-001 3.6730567694e-001 8.4555986878e-001
-3.9244412980e-001 8.9565848257e-001 -2.0924504197e-001
-8.3418976077e-001 -2.5076367818e-001 4.9116699882e-001
8.7330907801e-001 -1.8673163247e-001 -4.4995838886e-001
0 0 0
0 0 0
0 0 0
0 0 0
0 0 0
0 0 0
0 0 0
0 0 0
0 0 0
0 0 0
2.1539410391e-001 -8.7453771537e-002 -9.3632175898e-001
0 0 0
2 0 1 176.6700 -71.7200 1 1 95.6200 -110.5600
2.0366554393e-001 -9.3790904277e-002 -9.3817361250e-001
0 0 0
2 0 2 166.6700 -76.5500 1 2 90.4000 -112.4000
1.9070099981e-001 -1.0230986560e-001 -9.3559435152e-001
0 0 0
2 0 3 156.5900 -84.2000 1 3 87.3100 -115.6900
1.8044036819e-001 -1.1209763575e-001 -9.2956272534e-001
0 0 0
2 0 4 149.0000 -92.2600 1 4 86.5600 -122.3900
1.6708113605e-001 -1.2183119160e-001 -9.2162395887e-001
0 0 0
2 0 5 139.1800 -101.2900 1 5 86.5300 -128.2600
1.5236514562e-001 -1.2807205984e-001 -9.1352181965e-001
0 0 0
2 0 6 128.1600 -107.9800 1 6 87.2800 -131.1200
1.4238872600e-001 -1.3085743211e-001 -9.0635188177e-001
0 0 0
2 0 7 120.6700 -110.9600 1 7 89.2800 -133.1200
1.2896268020e-001 -1.3050575288e-001 -9.0023830815e-001
0 0 0
2 0 8 110.0800 -111.6200 1 8 90.6900 -131.4200
1.1705183918e-001 -1.2687752203e-001 -8.9670984931e-001
0 0 0
2 0 9 100.4000 -109.3500 1 9 91.5300 -126.7000
1.0376789693e-001 -1.1768474366e-001 -8.8993585375e-001
0 0 0
2 0 10 89.5500 -101.5600 1 10 95.8200 -119.2900
9.1879886397e-002 -1.0066520036e-001 -8.8020428422e-001
0 0 0
2 0 11 80.1500 -87.7600 1 11 105.0000 -106.0000
8.5984379207e-002 -8.1909834099e-002 -8.7220624192e-001
0 0 0
2 0 12 75.6800 -72.0000 1 12 114.8500 -92.1200
8.2745174564e-002 -5.9133573769e-002 -8.6363524413e-001
0 0 0
2 0 13 73.5700 -52.5400 1 13 126.8900 -75.7100
8.3138871692e-002 -4.0371567182e-002 -8.5406059905e-001
0 0 0
2 0 14 75.0000 -37.1400 1 14 139.5500 -62.5900
8.6096810877e-002 -2.5481708308e-002 -8.4727606072e-001
0 0 0
2 0 15 78.0300 -23.0600 1 15 149.1200 -54.5000
9.0060815173e-002 -1.6457378371e-002 -8.3663159547e-001
0 0 0
2 0 16 82.7400 -15.3300 1 16 160.5400 -50.6400
9.6859139858e-002 -1.3024736014e-002 -8.2590174649e-001
0 0 0
2 0 17 90.0500 -12.0500 1 17 170.9300 -52.4100
1.0380236386e-001 -1.8047881999e-002 -8.1489624299e-001
0 0 0
2 0 18 97.8200 -16.9800 1 18 179.4600 -60.2700
1.0838355931e-001 -2.6305973189e-002 -8.0618473174e-001
0 0 0
2 0 19 103.2500 -25.0600 1 19 185.0000 -69.5000
1.0962504442e-001 -3.8124458466e-002 -8.0114403698e-001
0 0 0
2 0 20 105.1100 -36.6200 1 20 186.2300 -79.8100
1.0738309572e-001 -5.3275087239e-002 -8.0540347169e-001
0 0 0
2 0 21 102.1400 -49.8400 1 21 178.3800 -91.1600
1.0552074828e-001 -6.8300726440e-002 -8.1216865186e-001
0 0 0
2 0 22 99.6400 -64.0300 1 22 168.8700 -100.3200
1.0171510311e-001 -8.1579311112e-002 -8.2145277967e-001
0 0 0
2 0 23 95.0000 -75.8800 1 23 157.3800 -107.4100
9.5699251408e-002 -9.0148562837e-002 -8.3253020229e-001
0 0 0
2 0 24 88.3200 -83.3200 1 24 145.3300 -109.5000
9.0200341293e-002 -9.4973344094e-002 -8.5068168160e-001
0 0 0
2 0 25 81.4400 -85.7700 1 25 128.7300 -107.9100
8.4727584385e-002 -9.6869934845e-002 -8.6539180661e-001
0 0 0
2 0 26 75.2000 -86.0000 1 26 115.7100 -104.7100
8.0578078392e-002 -9.4847503133e-002 -8.8155178888e-001
0 0 0
2 0 27 70.2900 -83.0000 1 27 103.1000 -98.1300
7.7537759003e-002 -8.9977477434e-002 -8.9349212174e-001
0 0 0
2 0 28 66.6500 -77.3500 1 28 94.7100 -91.3900
7.5506734555e-002 -8.2857074558e-002 -9.0618203481e-001
0 0 0
2 0 29 64.0000 -70.2500 1 29 86.7800 -82.7000
7.5436695206e-002 -7.5645048119e-002 -9.1647178853e-001
0 0 0
2 0 30 63.3400 -63.8600 1 30 81.2900 -74.6100
7.8195184814e-002 -6.8800639135e-002 -9.2539555593e-001
0 0 0
2 0 31 64.9200 -57.1900 1 31 77.3100 -68.7700
8.3649777972e-002 -6.1204243636e-002 -9.3432613114e-001
0 0 0
2 0 32 68.7700 -50.3500 1 32 74.3200 -62.8400
9.0458471079e-002 -5.7405666228e-002 -9.3999771314e-001
0 0 0
2 0 33 73.9200 -46.9500 1 33 73.0000 -60.7100
9.7832664335e-002 -5.6971636991e-002 -9.4521946710e-001
0 0 0
2 0 34 79.4900 -46.2900 1 34 71.2400 -61.3200
1.0582886275e-001 -6.2710051460e-002 -9.4877878974e-001
0 0 0
2 0 35 85.7100 -50.9300 1 35 69.2000 -66.5600
1.1279404092e-001 -7.4407365982e-002 -9.4903236980e-001
0 0 0
2 0 36 91.1700 -59.8000 1 36 67.4800 -77.1700
1.1876076716e-001 -8.9324700718e-002 -9.4694028120e-001
0 0 0
2 0 37 96.3800 -72.6900 1 37 66.5000 -88.9500
1.2255231237e-001 -1.0486536879e-001 -9.4643277554e-001
0 0 0
2 0 38 99.5200 -85.4000 1 38 63.6200 -101.0000
1.2430384480e-001 -1.1697556679e-001 -9.4596474257e-001
0 0 0
2 0 39 100.8200 -94.5400 1 39 61.0000 -111.0000
1.2468146819e-001 -1.2447694702e-001 -9.4852382507e-001
0 0 0
2 0 40 101.0000 -101.0000 1 40 57.4100 -115.2700
1.2540176291e-001 -1.2573339056e-001 -9.5463310064e-001
0 0 0
2 0 41 100.9500 -101.4400 1 41 53.0900 -114.9100
1.2546283446e-001 -1.2039640433e-001 -9.6294445916e-001
0 0 0
2 0 42 100.1200 -96.2700 1 42 48.9100 -109.3200
1.2781623155e-001 -1.1568332842e-001 -9.7043294043e-001
0 0 0
2 0 43 101.2300 -91.8800 1 43 45.7700 -104.7700
1.3131745324e-001 -1.1182160098e-001 -9.7674823534e-001
0 0 0
2 0 44 103.3200 -88.2100 1 44 43.5000 -101.5000
1.3469855683e-001 -1.1701618647e-001 -9.8347959772e-001
0 0 0
2 0 46 105.2400 -91.6100 1 46 38.5300 -104.5300
1.3730956744e-001 -1.2667134987e-001 -9.8388552959e-001
0 0 0
2 0 47 107.0600 -98.3400 1 47 36.2400 -112.5900
1.4557136310e-001 -1.4192347128e-001 -9.7997522916e-001
0 0 0
2 0 48 114.1400 -111.4900 1 48 37.0000 -125.0000
1.5328903764e-001 -1.5306605002e-001 -9.7254443219e-001
0 0 0
2 0 49 120.9200 -120.2400 1 49 40.7900 -136.9500
1.6440642357e-001 -1.6287418783e-001 -9.6715635417e-001
0 0 0
2 0 50 130.5000 -129.0700 1 50 44.6300 -146.7400
1.7588863366e-001 -1.6602040378e-001 -9.6610497935e-001
0 0 0
2 0 51 139.8300 -132.0200 1 51 47.4300 -150.8600
1.8525139817e-001 -1.6426826065e-001 -9.6365834449e-001
0 0 0
2 0 52 147.6700 -131.0800 1 52 51.8200 -151.6400
1.9790321779e-001 -1.5875435421e-001 -9.6397322459e-001
0 0 0
2 0 53 157.6700 -126.4800 1 53 56.0800 -150.0400
2.0748740469e-001 -1.5148697439e-001 -9.6465644419e-001
0 0 0
2 0 54 165.1700 -120.5100 1 54 59.7400 -146.6100
2.1466451524e-001 -1.4284127899e-001 -9.6333090996e-001
0 0 0
2 0 55 171.1100 -113.7400 1 55 64.4100 -142.2800
2.1931808086e-001 -1.3674873944e-001 -9.6099531805e-001
0 0 0
2 0 56 175.2900 -109.3700 1 56 68.5000 -139.2100
2.2304022484e-001 -1.3445829872e-001 -9.5876740015e-001
0 0 0
2 0 57 178.6400 -107.6000 1 57 71.2900 -139.0000
2.3048276891e-001 -1.3558842384e-001 -9.4884979769e-001
0 0 0
2 0 58 186.5600 -109.7800 1 58 79.0000 -143.0000
2.3559736679e-001 -1.3994377822e-001 -9.3834858598e-001
0 0 0
2 0 59 192.7500 -114.1500 1 59 85.7200 -149.5600
2.4327707689e-001 -1.4547257295e-001 -9.3036285224e-001
0 0 0
2 0 60 200.8300 -120.1300 1 60 91.2000 -155.8000
2.4703697098e-001 -1.5092433986e-001 -9.2384132215e-001
0 0 0
2 0 61 205.3000 -125.1200 1 61 94.8300 -162.0000
2.5104869806e-001 -1.5223522570e-001 -9.2028799594e-001
0 0 0
2 0 62 209.4900 -126.9600 1 62 97.6700 -164.0000
2.5771814390e-001 -1.4575853392e-001 -9.1690505467e-001
0 0 0
2 0 63 215.9200 -122.3800 1 63 102.7900 -160.9500
2.5902018309e-001 -1.3798473814e-001 -9.1786396095e-001
0 0 0
2 0 64 216.7200 -115.4100 1 64 104.2200 -156.1100
2.5965098007e-001 -1.2858725676e-001 -9.1822899559e-001
0 0 0
2 0 65 217.2800 -108.1000 1 65 106.4100 -149.1200
2.5870317038e-001 -1.1923056037e-001 -9.2030181374e-001
0 0 0
2 0 66 215.8800 -99.4500 1 66 107.0000 -143.0000
2.5902978855e-001 -1.0496897711e-001 -9.2069639868e-001
0 0 0
2 0 67 216.0700 -87.5600 1 67 110.1500 -133.4600
