# Bundle file v0.3
4 66
7.6851004055e+002 1.0187802472e-002 1.6495453772e-003
9.9952627740e-001 -5.5737674750e-003 -3.0268034399e-002
5.4337594609e-003 9.9997416408e-001 -4.7058921479e-003
3.0293481946e-002 4.5391936422e-003 9.9953074023e-001
-2.7073026933e-002 -5.7878062316e-003 -1.2241502809e-002
7.6419910915e+002 2.9989516639e-003 6.0320522014e-004
3.6211994723e-001 3.6431551392e-001 8.5798796620e-001
-3.9290634139e-001 8.9434905611e-001 -2.1392609176e-001
-8.4527732178e-001 -2.5964200770e-001 4.6700350869e-001
8.8873203865e-001 -1.9179630985e-001 -4.7186464752e-001
0 0 0
0 0 0
0 0 0
0 0 0
0 0 0
0 0 0
0 0 0
0 0 0
0 0 0
0 0 0
2.1423280996e-001 -8.7326977378e-002 -9.3369611618e-001
0 0 0
2 0 1 176.6700 -71.7200 1 1 95.6200 -110.5600
2.0254931009e-001 -9.3722430024e-002 -9.3591957243e-001
0 0 0
2 0 2 166.6700 -76.5500 1 2 90.4000 -112.4000
1.8975695120e-001 -1.0230825264e-001 -9.3383327140e-001
0 0 0
2 0 3 156.5900 -84.2000 1 3 87.3100 -115.6900
1.7973407326e-001 -1.1216294919e-001 -9.2826242754e-001
0 0 0
2 0 4 149.0000 -92.2600 1 4 86.5600 -122.3900
1.6667102612e-001 -1.2198524609e-001 -9.2090614381e-001
0 0 0
2 0 5 139.1800 -101.2900 1 5 86.5300 -128.2600
1.5224481323e-001 -1.2831266207e-001 -9.1340764886e-001
0 0 0
2 0 6 128.1600 -107.9800 1 6 87.2800 -131.1200
1.4250752025e-001 -1.3114979486e-001 -9.0665995835e-001
0 0 0
2 0 7 120.6700 -110.9600 1 7 89.2800 -133.1200
1.2928014273e-001 -1.3084493948e-001 -9.0103808185e-001
0 0 0
2 0 8 110.0800 -111.6200 1 8 90.6900 -131.4200
1.1747683757e-001 -1.2723109908e-001 -8.9790193047e-001
0 0 0
2 0 9 100.4000 -109.3500 1 9 91.5300 -126.7000
1.0441124405e-001 -1.1799304172e-001 -8.9158576065e-001
0 0 0
2 0 10 89.5500 -101.5600 1 10 95.8200 -119.2900
9.2863104679e-002 -1.0080956430e-001 -8.8228581808e-001
0 0 0
2 0 11 80.1500 -87.7600 1 11 105.0000 -106.0000
8.7286503705e-002 -8.1823500929e-002 -8.7450849342e-001
0 0 0
2 0 12 75.6800 -72.0000 1 12 114.8500 -92.1200
8.4418580789e-002 -5.8729343036e-002 -8.6606461058e-001
0 0 0
2 0 13 73.5700 -52.5400 1 13 126.8900 -75.7100
8.5209226534e-002 -3.9666337193e-002 -8.5651884295e-001
0 0 0
2 0 14 75.0000 -37.1400 1 14 139.5500 -62.5900
8.8482308520e-002 -2.4529306670e-002 -8.4965096134e-001
0 0 0
2 0 15 78.0300 -23.0600 1 15 149.1200 -54.5000
9.2846996103e-002 -1.5309996824e-002 -8.3893100357e-001
0 0 0
2 0 16 82.7400 -15.3300 1 16 160.5400 -50.6400
1.0003913163e-001 -1.1758621285e-002 -8.2803817329e-001
0 0 0
2 0 17 90.0500 -12.0500 1 17 170.9300 -52.4100
1.0734107001e-001 -1.6781981859e-002 -8.1688353992e-001
0 0 0
2 0 18 97.8200 -16.9800 1 18 179.4600 -60.2700
1.1218235693e-001 -2.5101329011e-002 -8.0808981527e-001
0 0 0
2 0 19 103.2500 -25.0600 1 19 185.0000 -69.5000
1.1353908017e-001 -3.7054893076e-002 -8.0307234775e-001
0 0 0
2 0 20 105.1100 -36.6200 1 20 186.2300 -79.8100
1.1109176752e-001 -5.2441106292e-002 -8.0745004926e-001
0 0 0
2 0 21 102.1400 -49.8400 1 21 178.3800 -91.1600
1.0893448288e-001 -6.7714645848e-002 -8.1431329307e-001
0 0 0
2 0 22 99.6400 -64.0300 1 22 168.8700 -100.3200
1.0474660755e-001 -8.1227621372e-002 -8.2372172932e-001
0 0 0
2 0 23 95.0000 -75.8800 1 23 157.3800 -107.4100
9.8292658817e-002 -8.9976717289e-002 -8.3494279583e-001
0 0 0
2 0 24 88.3200 -83.3200 1 24 145.3300 -109.5000
9.2148621233e-002 -9.4952259636e-002 -8.5312359572e-001
0 0 0
2 0 25 81.4400 -85.7700 1 25 128.7300 -107.9100
8.6153549990e-002 -9.6945798382e-002 -8.6784544021e-001
0 0 0
2 0 26 75.2000 -86.0000 1 26 115.7100 -104.7100
8.1466145530e-002 -9.4971525784e-002 -8.8392182564e-001
0 0 0
2 0 27 70.2900 -83.0000 1 27 103.1000 -98.1300
7.8052077820e-002 -9.0100913369e-002 -8.9576950949e-001
0 0 0
2 0 28 66.6500 -77.3500 1 28 94.7100 -91.3900
7.5645236412e-002 -8.2958093976e-002 -9.0830795127e-001
0 0 0
2 0 29 64.0000 -70.2500 1 29 86.7800 -82.7000
7.5289972641e-002 -7.5711548633e-002 -9.1841865521e-001
0 0 0
2 0 30 63.3400 -63.8600 1 30 81.2900 -74.6100
7.7829655601e-002 -6.8828952750e-002 -9.2709811305e-001
0 0 0
2 0 31 64.9200 -57.1900 1 31 77.3100 -68.7700
8.3080859413e-002 -6.1185327782e-002 -9.3570238186e-001
0 0 0
2 0 32 68.7700 -50.3500 1 32 74.3200 -62.8400
8.9766358124e-002 -5.7362329426e-002 -9.4107059618e-001
0 0 0
2 0 33 73.9200 -46.9500 1 33 73.0000 -60.7100
9.7006474321e-002 -5.6933885446e-002 -9.4598136265e-001
0 0 0
2 0 34 79.4900 -46.2900 1 34 71.2400 -61.3200
1.0487880181e-001 -6.2719523133e-002 -9.4925066276e-001
0 0 0
2 0 35 85.7100 -50.9300 1 35 69.2000 -66.5600
1.1178909335e-001 -7.4494241084e-002 -9.4931449430e-001
0 0 0
2 0 36 91.1700 -59.8000 1 36 67.4800 -77.1700
1.1774719175e-001 -8.9498677847e-002 -9.4711825284e-001
0 0 0
2 0 37 96.3800 -72.6900 1 37 66.5000 -88.9500
1.2147363965e-001 -1.0513856020e-001 -9.4653503978e-001
0 0 0
2 0 38 99.5200 -85.4000 1 38 63.6200 -101.0000
1.2317697555e-001 -1.1732790161e-001 -9.4604134630e-001
0 0 0
2 0 39 100.8200 -94.5400 1 39 61.0000 -111.0000
1.2342628058e-001 -1.2488341551e-001 -9.4854753279e-001
0 0 0
2 0 40 101.0000 -101.0000 1 40 57.4100 -115.2700
1.2393722679e-001 -1.2615684882e-001 -9.5450548993e-001
0 0 0
2 0 41 100.9500 -101.4400 1 41 53.0900 -114.9100
1.2375290010e-001 -1.2080345076e-001 -9.6262184298e-001
0 0 0
2 0 42 100.1200 -96.2700 1 42 48.9100 -109.3200
1.2588474874e-001 -1.1606964519e-001 -9.6986426270e-001
0 0 0
2 0 43 101.2300 -91.8800 1 43 45.7700 -104.7700
1.2919662523e-001 -1.1218825221e-001 -9.7592431398e-001
0 0 0
2 0 44 103.3200 -88.2100 1 44 43.5000 -101.5000
1.3232051482e-001 -1.1741239957e-001 -9.8239642605e-001
0 0 0
2 0 46 105.2400 -91.6100 1 46 38.5300 -104.5300
1.3486125172e-001 -1.2710517176e-001 -9.8272296598e-001
0 0 0
2 0 47 107.0600 -98.3400 1 47 36.2400 -112.5900
1.4315118894e-001 -1.4237978817e-001 -9.7869088486e-001
0 0 0
2 0 48 114.1400 -111.4900 1 48 37.0000 -125.0000
1.5103851837e-001 -1.5352727677e-001 -9.7123069857e-001
0 0 0
2 0 49 120.9200 -120.2400 1 49 40.7900 -136.9500
1.6224500808e-001 -1.6331331001e-001 -9.6566089613e-001
0 0 0
2 0 50 130.5000 -129.0700 1 50 44.6300 -146.7400
1.7368865166e-001 -1.6640736807e-001 -9.6429917421e-001
0 0 0
2 0 51 139.8300 -132.0200 1 51 47.4300 -150.8600
1.8308482880e-001 -1.6459681513e-001 -9.6162469693e-001
0 0 0
2 0 52 147.6700 -131.0800 1 52 51.8200 -151.6400
1.9565197871e-001 -1.5899796051e-001 -9.6153264082e-001
0 0 0
2 0 53 157.6700 -126.4800 1 53 56.0800 -150.0400
2.0515515660e-001 -1.5166203248e-001 -9.6188417206e-001
0 0 0
2 0 54 165.1700 -120.5100 1 54 59.7400 -146.6100
2.1234056472e-001 -1.4295862397e-001 -9.6033962129e-001
0 0 0
2 0 55 171.1100 -113.7400 1 55 64.4100 -142.2800
2.1704796830e-001 -1.3682715358e-001 -9.5789079659e-001
0 0 0
2 0 56 175.2900 -109.3700 1 56 68.5000 -139.2100
2.2081051418e-001 -1.3451146890e-001 -9.5558366347e-001
0 0 0
2 0 57 178.6400 -107.6000 1 57 71.2900 -139.0000
2.2849131347e-001 -1.3559508207e-001 -9.4563335595e-001
0 0 0
2 0 58 186.5600 -109.7800 1 58 79.0000 -143.0000
2.3387566751e-001 -1.3991948358e-001 -9.3518380532e-001
0 0 0
2 0 59 192.7500 -114.1500 1 59 85.7200 -149.5600
2.4169032371e-001 -1.4541321666e-001 -9.2711213156e-001
0 0 0
2 0 60 200.8300 -120.1300 1 60 91.2000 -155.8000
2.4558998884e-001 -1.5084849464e-001 -9.2060178467e-001
0 0 0
2 0 61 205.3000 -125.1200 1 61 94.8300 -162.0000
2.4965171206e-001 -1.5213691601e-001 -9.1698151725e-001
0 0 0
2 0 62 209.4900 -126.9600 1 62 97.6700 -164.0000
2.5634596804e-001 -1.4560753313e-001 -9.1340618092e-001
0 0 0
2 0 63 215.9200 -122.3800 1 63 102.7900 -160.9500
2.5762033448e-001 -1.3781244515e-001 -9.1427274673e-001
0 0 0
2 0 64 216.7200 -115.4100 1 64 104.2200 -156.1100
2.5826324721e-001 -1.2839596743e-001 -9.1457294631e-001
0 0 0
2 0 65 217.2800 -108.1000 1 65 106.4100 -149.1200
2.5729563181e-001 -1.1902732635e-001 -9.1660433885e-001
0 0 0
2 0 66 215.8800 -99.4500 1 66 107.0000 -143.0000
2.5765280448e-001 -1.0473759568e-001 -9.1692271520e-001
0 0 0
2 0 67 216.0700 -87.5600 1 67 110.1500 -133.4600
