# Bundle file v0.3
4 68
5.9674117834e+002 3.0476195631e-002 2.1244851013e-002
9.9023909980e-001 -4.8635935004e-002 1.3061803496e-001
4.8189563532e-002 9.9881654860e-001 6.5778567872e-003
-1.3078337508e-001 -2.1922488950e-004 9.9141094443e-001
1.2907646405e-001 -7.2588241485e-003 1.7306528668e-001
6.4770804602e+002 -8.9514377254e-002 -1.4643535603e-002
5.3815485947e-001 3.9978666042e-001 7.4199728664e-001
-3.5675909857e-001 9.0564154405e-001 -2.2920806982e-001
-7.6361789713e-001 -1.4136484652e-001 6.3000292646e-001
7.6411012399e-001 -2.1781525262e-001 -2.0639456242e-001
5.0846202499e+002 -4.7096514398e-002 -3.3551206669e-003
-4.9844152425e-001 -3.9551377976e-001 -7.7144338543e-001
5.3672741104e-001 5.5801946729e-001 -6.3288068415e-001
6.8079345850e-001 -7.2950882390e-001 -6.5856986797e-002
-6.2488683529e-001 -6.4361374773e-001 -7.8160485457e-001
5.0371910369e+002 -6.6842952061e-003 1.1094168864e-002
-9.6857313918e-001 1.3447214517e-002 -2.4836514746e-001
2.2317743602e-001 4.8781829705e-001 -8.4393432275e-001
1.0980849741e-001 -8.7284161306e-001 -4.7548881418e-001
-2.0608106551e-001 -7.6002018101e-001 -1.0761134146e+000
2.2925667547e-001 -9.3018066372e-002 -9.5219999478e-001
0 0 0
4 0 1 176.6700 -71.7200 1 1 95.6200 -110.5600 2 1 32.7900 31.5300 3 1 -187.3200 47.9200
2.1285983730e-001 -9.9186744335e-002 -9.4972978589e-001
0 0 0
4 0 2 166.6700 -76.5500 1 2 90.4000 -112.4000 2 2 41.6400 16.7300 3 2 -173.3900 39.3900
1.9738404514e-001 -1.0667691941e-001 -9.4436461255e-001
0 0 0
4 0 3 156.5900 -84.2000 1 3 87.3100 -115.6900 2 3 47.4900 0.9400 3 3 -161.1300 28.1300
1.8178595260e-001 -1.1584116706e-001 -9.3311567752e-001
0 0 0
4 0 4 149.0000 -92.2600 1 4 86.5600 -122.3900 2 4 49.7400 -21.1100 3 4 -149.7300 12.2700
1.6380273465e-001 -1.2354519168e-001 -9.2021120787e-001
0 0 0
4 0 5 139.1800 -101.2900 1 5 86.5300 -128.2600 2 5 51.0000 -40.7000 3 5 -135.1400 -7.3600
1.4426158038e-001 -1.2778330299e-001 -9.0644349550e-001
0 0 0
4 0 6 128.1600 -107.9800 1 6 87.2800 -131.1200 2 6 50.5600 -60.4400 3 6 -119.0700 -25.0200
1.3100546995e-001 -1.2903972766e-001 -8.9612099027e-001
0 0 0
3 0 7 120.6700 -110.9600 1 7 89.2800 -133.1200 2 7 49.0000 -73.3800
1.1454477782e-001 -1.2664290663e-001 -8.8627351123e-001
0 0 0
3 0 8 110.0800 -111.6200 1 8 90.6900 -131.4200 2 8 47.3100 -84.0900
1.0041708946e-001 -1.2153343975e-001 -8.7967155801e-001
0 0 0
4 0 9 100.4000 -109.3500 1 9 91.5300 -126.7000 2 9 46.0000 -90.5200 3 9 -80.6600 -50.5800
8.5268219015e-002 -1.1038383082e-001 -8.7084412639e-001
0 0 0
4 0 10 89.5500 -101.5600 1 10 95.8200 -119.2900 2 10 41.4400 -93.6600 3 10 -66.7000 -54.1600
7.1848845438e-002 -9.1590200671e-002 -8.5910832001e-001
0 0 0
4 0 11 80.1500 -87.7600 1 11 105.0000 -106.0000 2 11 31.5500 -93.4100 3 11 -55.0300 -55.1800
6.5283264677e-002 -7.2124187456e-002 -8.5063774579e-001
0 0 0
4 0 12 75.6800 -72.0000 1 12 114.8500 -92.1200 2 12 21.8300 -89.4000 3 12 -49.3100 -52.0900
6.1635262668e-002 -4.9236559286e-002 -8.4171643573e-001
0 0 0
4 0 13 73.5700 -52.5400 1 13 126.8900 -75.7100 2 13 10.4500 -82.5900 3 13 -46.4800 -48.3900
6.1802150806e-002 -3.0401872263e-002 -8.3337899461e-001
0 0 0
4 0 14 75.0000 -37.1400 1 14 139.5500 -62.5900 2 14 -0.1200 -76.9600 3 14 -46.4500 -44.5900
6.4263077151e-002 -1.5670471607e-002 -8.2638326377e-001
0 0 0
4 0 15 78.0300 -23.0600 1 15 149.1200 -54.5000 2 15 -10.1300 -71.8700 3 15 -48.1200 -42.3600
6.7539418572e-002 -6.7561033074e-003 -8.1687761283e-001
0 0 0
4 0 16 82.7400 -15.3300 1 16 160.5400 -50.6400 2 16 -19.0000 -70.7100 3 16 -51.3100 -43.4200
7.2475903298e-002 -3.7896319132e-003 -8.0484219197e-001
0 0 0
4 0 17 90.0500 -12.0500 1 17 170.9300 -52.4100 2 17 -29.2100 -73.2100 3 17 -56.7200 -49.1200
7.6871234977e-002 -9.0419429896e-003 -7.9264966429e-001
0 0 0
4 0 18 97.8200 -16.9800 1 18 179.4600 -60.2700 2 18 -36.8900 -80.2900 3 18 -62.0000 -57.8600
7.9176121343e-002 -1.7227946790e-002 -7.8320876587e-001
0 0 0
4 0 19 103.2500 -25.0600 1 19 185.0000 -69.5000 2 19 -41.0000 -88.0000 3 19 -65.5000 -66.7100
7.8649244168e-002 -2.8630942352e-002 -7.7716762424e-001
0 0 0
4 0 20 105.1100 -36.6200 1 20 186.2300 -79.8100 2 20 -41.2800 -97.1200 3 20 -67.0000 -75.2900
7.5613196598e-002 -4.3505021538e-002 -7.8028009767e-001
0 0 0
4 0 21 102.1400 -49.8400 1 21 178.3800 -91.1600 2 21 -33.5000 -105.2100 3 21 -65.7900 -80.8800
7.3984470941e-002 -5.8092249152e-002 -7.8612520840e-001
0 0 0
4 0 22 99.6400 -64.0300 1 22 168.8700 -100.3200 2 22 -25.3100 -110.7700 3 22 -65.1700 -85.1200
7.1409432265e-002 -7.0536541911e-002 -7.9467091646e-001
0 0 0
4 0 23 95.0000 -75.8800 1 23 157.3800 -107.4100 2 23 -16.4600 -114.0000 3 23 -62.9300 -86.4100
6.7317956692e-002 -7.8898047165e-002 -8.0684469747e-001
0 0 0
4 0 24 88.3200 -83.3200 1 24 145.3300 -109.5000 2 24 -4.0000 -114.0000 3 24 -58.6200 -83.4100
6.3957555218e-002 -8.4503474018e-002 -8.2492087299e-001
0 0 0
4 0 25 81.4400 -85.7700 1 25 128.7300 -107.9100 2 25 10.9700 -109.3800 3 25 -53.6800 -76.3900
6.1925601309e-002 -8.6596731302e-002 -8.4276789879e-001
0 0 0
4 0 26 75.2000 -86.0000 1 26 115.7100 -104.7100 2 26 24.2500 -101.5400 3 26 -48.9400 -65.9100
6.0254630797e-002 -8.5091798173e-002 -8.5905697815e-001
0 0 0
4 0 27 70.2900 -83.0000 1 27 103.1000 -98.1300 2 27 33.8200 -93.4300 3 27 -44.8400 -54.7100
6.0229473066e-002 -8.0463692886e-002 -8.7387424740e-001
0 0 0
4 0 28 66.6500 -77.3500 1 28 94.7100 -91.3900 2 28 41.2000 -84.1300 3 28 -41.7400 -41.0000
6.0363703290e-002 -7.4166812808e-002 -8.8733110186e-001
0 0 0
4 0 29 64.0000 -70.2500 1 29 86.7800 -82.7000 2 29 47.2900 -74.2900 3 29 -39.5500 -29.2100
6.2871361372e-002 -6.7395066591e-002 -9.0095999006e-001
0 0 0
4 0 30 63.3400 -63.8600 1 30 81.2900 -74.6100 2 30 52.6900 -62.7700 3 30 -38.3800 -15.8800
6.8029524509e-002 -6.1089544888e-002 -9.1321652128e-001
0 0 0
4 0 31 64.9200 -57.1900 1 31 77.3100 -68.7700 2 31 56.6100 -50.5400 3 31 -39.6700 -4.0000
7.6145595629e-002 -5.4386566578e-002 -9.2538241132e-001
0 0 0
4 0 32 68.7700 -50.3500 1 32 74.3200 -62.8400 2 32 58.9200 -39.0800 3 32 -44.1700 10.0700
8.5628889224e-002 -5.0865849947e-002 -9.3535166315e-001
0 0 0
4 0 33 73.9200 -46.9500 1 33 73.0000 -60.7100 2 33 60.6900 -27.2300 3 33 -49.4400 20.3400
9.5807558540e-002 -5.1182524151e-002 -9.4349467018e-001
0 0 0
4 0 34 79.4900 -46.2900 1 34 71.2400 -61.3200 2 34 62.3100 -19.1900 3 34 -57.2900 28.6100
1.0504002169e-001 -5.8010751550e-002 -9.4858669128e-001
0 0 0
4 0 35 85.7100 -50.9300 1 35 69.2000 -66.5600 2 35 65.1000 -16.1300 3 35 -65.2700 31.9100
1.1216109645e-001 -7.0964360192e-002 -9.4960363378e-001
0 0 0
4 0 36 91.1700 -59.8000 1 36 67.4800 -77.1700 2 36 68.8300 -19.2800 3 36 -73.0000 29.4700
1.1752999810e-001 -8.6952678088e-002 -9.4628442422e-001
0 0 0
4 0 37 96.3800 -72.6900 1 37 66.5000 -88.9500 2 37 71.5200 -26.3900 3 37 -80.8300 20.7200
1.1995934831e-001 -1.0321120137e-001 -9.4473791975e-001
0 0 0
4 0 38 99.5200 -85.4000 1 38 63.6200 -101.0000 2 38 76.4300 -35.4300 3 38 -85.3600 13.7300
1.2119924786e-001 -1.1589849757e-001 -9.4300368517e-001
0 0 0
4 0 39 100.8200 -94.5400 1 39 61.0000 -111.0000 2 39 80.5800 -42.2400 3 39 -89.0800 6.0000
1.2151580496e-001 -1.2432655201e-001 -9.4543804987e-001
0 0 0
4 0 40 101.0000 -101.0000 1 40 57.4100 -115.2700 2 40 86.5500 -45.9100 3 40 -90.6900 4.0900
1.2347382938e-001 -1.2603505256e-001 -9.5285932438e-001
0 0 0
4 0 41 100.9500 -101.4400 1 41 53.0900 -114.9100 2 41 92.0800 -41.0000 3 41 -91.5000 9.5000
1.2674598247e-001 -1.2144592493e-001 -9.6526729158e-001
0 0 0
4 0 42 100.1200 -96.2700 1 42 48.9100 -109.3200 2 42 97.7900 -30.6800 3 42 -92.2200 24.1700
1.3143905959e-001 -1.1725193741e-001 -9.7520864506e-001
0 0 0
4 0 43 101.2300 -91.8800 1 43 45.7700 -104.7700 2 43 101.2300 -20.2300 3 43 -94.6000 35.7700
1.3731473533e-001 -1.1403604862e-001 -9.8470726214e-001
0 0 0
4 0 44 103.3200 -88.2100 1 44 43.5000 -101.5000 2 44 104.6900 -9.9100 3 44 -98.2600 47.0000
1.4283483485e-001 -1.2052028721e-001 -9.9438502552e-001
0 0 0
4 0 46 105.2400 -91.6100 1 46 38.5300 -104.5300 2 46 113.5700 -4.5700 3 46 -103.5200 54.3900
1.4478510604e-001 -1.3119763338e-001 -9.9444179647e-001
0 0 0
4 0 47 107.0600 -98.3400 1 47 36.2400 -112.5900 2 47 118.6900 -9.9100 3 47 -107.6600 50.9400
1.5120520536e-001 -1.4716647795e-001 -9.8884080686e-001
0 0 0
4 0 48 114.1400 -111.4900 1 48 37.0000 -125.0000 2 48 120.5700 -18.9500 3 48 -118.2600 40.5300
1.5920121567e-001 -1.5992464059e-001 -9.8094788600e-001
0 0 0
4 0 49 120.9200 -120.2400 1 49 40.7900 -136.9500 2 49 119.2400 -27.7300 3 49 -132.2000 28.7100
1.7039493901e-001 -1.7109601188e-001 -9.7522019345e-001
0 0 0
4 0 50 130.5000 -129.0700 1 50 44.6300 -146.7400 2 50 117.2200 -32.1100 3 50 -148.7600 19.8600
1.8249398786e-001 -1.7578885727e-001 -9.7404864488e-001
0 0 0
4 0 51 139.8300 -132.0200 1 51 47.4300 -150.8600 2 51 114.5400 -29.7800 3 51 -164.4300 19.2500
1.9455156696e-001 -1.7459813142e-001 -9.7494716865e-001
0 0 0
4 0 52 147.6700 -131.0800 1 52 51.8200 -151.6400 2 52 110.0000 -20.8900 3 52 -177.4900 23.7100
2.0957970438e-001 -1.7091415426e-001 -9.7783842090e-001
0 0 0
4 0 53 157.6700 -126.4800 1 53 56.0800 -150.0400 2 53 104.5800 -8.9000 3 53 -193.4500 32.9400
2.2132905915e-001 -1.6435811884e-001 -9.8076454547e-001
0 0 0
4 0 54 165.1700 -120.5100 1 54 59.7400 -146.6100 2 54 98.5000 4.5000 3 54 -204.0000 42.0000
2.3129577956e-001 -1.5579306727e-001 -9.8215110500e-001
0 0 0
4 0 55 171.1100 -113.7400 1 55 64.4100 -142.2800 2 55 90.3200 17.1300 3 55 -211.7500 50.0000
2.3693429865e-001 -1.4955513980e-001 -9.8095676405e-001
0 0 0
4 0 56 175.2900 -109.3700 1 56 68.5000 -139.2100 2 56 83.3100 23.9100 3 56 -215.4000 52.8200
2.4041608272e-001 -1.4694016563e-001 -9.7730501978e-001
0 0 0
4 0 57 178.6400 -107.6000 1 57 71.2900 -139.0000 2 57 76.6300 25.1700 3 57 -218.4600 51.0700
2.4622399302e-001 -1.4812170536e-001 -9.6783058961e-001
0 0 0
4 0 58 186.5600 -109.7800 1 58 79.0000 -143.0000 2 58 66.9000 21.6200 3 58 -225.0800 43.0000
2.5026400183e-001 -1.5247046545e-001 -9.5512273590e-001
0 0 0
4 0 59 192.7500 -114.1500 1 59 85.7200 -149.5600 2 59 55.5800 12.2300 3 59 -232.4600 29.7700
2.5517663020e-001 -1.5794877009e-001 -9.4390802252e-001
0 0 0
4 0 60 200.8300 -120.1300 1 60 91.2000 -155.8000 2 60 45.3300 2.7400 3 60 -240.6600 18.7000
2.5754492426e-001 -1.6368977000e-001 -9.3524916837e-001
0 0 0
4 0 61 205.3000 -125.1200 1 61 94.8300 -162.0000 2 61 39.0500 -6.0700 3 61 -246.5700 8.0200
2.6076044569e-001 -1.6540552332e-001 -9.3089172397e-001
0 0 0
4 0 62 209.4900 -126.9600 1 62 97.6700 -164.0000 2 62 34.4900 -8.1500 3 62 -251.0800 3.2000
2.6807045320e-001 -1.5938438885e-001 -9.2819474594e-001
0 0 0
4 0 63 215.9200 -122.3800 1 63 102.7900 -160.9500 2 63 25.0000 -1.9000 3 63 -256.4600 5.7600
2.7079850227e-001 -1.5092671521e-001 -9.3045851899e-001
0 0 0
4 0 64 216.7200 -115.4100 1 64 104.2200 -156.1100 2 64 21.0000 7.3500 3 64 -255.0400 12.9400
2.7305124278e-001 -1.4066301419e-001 -9.3233052837e-001
0 0 0
4 0 65 217.2800 -108.1000 1 65 106.4100 -149.1200 2 65 16.0800 16.9500 3 65 -252.3500 20.3300
2.7331774438e-001 -1.3096293030e-001 -9.3542596504e-001
0 0 0
4 0 66 215.8800 -99.4500 1 66 107.0000 -143.0000 2 66 14.0800 25.1100 3 66 -248.2800 27.7200
2.7641778696e-001 -1.1631578321e-001 -9.3798360165e-001
0 0 0
4 0 67 216.0700 -87.5600 1 67 110.1500 -133.4600 2 67 8.1800 38.4000 3 67 -245.3300 35.8300
2.5502834388e-001 -7.9283575377e-002 -9.5302102526e-001
0 0 0
3 0 0 193.3800 -60.1800 2 0 14.4600 53.9100 3 0 -208.5400 60.6200
1.4126000408e-001 -1.1510747017e-001 -9.9057956997e-001
0 0 0
3 1 45 41.5800 -101.5800 2 45 108.4900 -4.9400 3 45 -101.4700 52.7800
