# Bundle file v0.3
4 468
5.8871386629e+002 -6.8222400023e-002 7.9807686922e-002
9.9588560720e-001 -1.3504351391e-002 8.9607420796e-002
1.5044663205e-002 9.9975007098e-001 -1.6536435000e-002
-8.9361711472e-002 1.7816511078e-002 9.9583987491e-001
8.1083920173e-002 -1.6402560135e-002 2.0567380368e-001
6.1693536548e+002 -2.8000261794e-002 -2.1117736082e-002
4.9053934891e-001 3.0766553455e-001 8.1529937203e-001
-2.5076177470e-001 9.4586340177e-001 -2.0606056767e-001
-8.3455957218e-001 -1.0336510074e-001 5.4113397271e-001
7.1256398839e-001 -2.4462730680e-001 -3.2210906647e-001
0 0 0
0 0 0
0 0 0
0 0 0
0 0 0
0 0 0
0 0 0
0 0 0
0 0 0
0 0 0
1.3961226608e-001 -8.5030295729e-002 -9.5574106224e-001
0 0 0
2 0 0 104.7500 -64.5000 1 0 -15.8300 -106.1700
1.3313843440e-001 -8.9475575799e-002 -9.3564031584e-001
0 0 0
2 0 1 104.0000 -70.0000 1 1 -8.3000 -112.7000
1.2881753289e-001 -8.9825679285e-002 -9.1684588503e-001
0 0 0
2 0 2 104.6200 -72.5200 1 2 0.4000 -116.4000
1.1929608387e-001 -8.6295950559e-002 -8.8854277598e-001
0 0 0
2 0 3 103.0900 -73.0900 1 3 13.8500 -119.4600
1.0765778371e-001 -8.1094786442e-002 -8.6372273698e-001
0 0 0
2 0 4 98.7900 -71.8800 1 4 25.6200 -120.6200
9.1995846430e-002 -7.4068284241e-002 -8.3934640736e-001
0 0 0
2 0 5 90.4100 -68.9300 1 5 36.8500 -120.2300
8.2764212271e-004 -3.0281669562e-002 -7.5348165006e-001
0 0 0
2 0 6 16.0000 -37.5900 1 6 75.8800 -99.3100
-2.3828712871e-002 -2.1534769786e-002 -7.4653915673e-001
0 0 0
2 0 7 -10.1700 -28.3300 1 7 74.8900 -92.2800
-4.0936302579e-002 -1.5901627267e-002 -7.4308326164e-001
0 0 0
2 0 8 -28.9200 -22.2000 1 8 73.0000 -87.0000
-8.9981630065e-002 -1.5338967247e-002 -7.5417277010e-001
0 0 0
2 0 9 -83.0000 -22.5800 1 9 46.0800 -76.5400
-1.1822902241e-001 -2.2955563837e-003 -7.5445072198e-001
0 0 0
2 0 11 -114.4000 -8.6200 1 11 37.8100 -60.4200
-1.3013363351e-001 1.2670859270e-002 -7.4020594909e-001
0 0 0
2 0 12 -129.9100 7.4900 1 12 49.2200 -47.6900
-1.3570039200e-001 2.7896242778e-002 -7.1469301533e-001
0 0 0
2 0 13 -140.8200 25.2000 1 13 74.1000 -37.9800
-1.3551236941e-001 4.9261725584e-002 -6.7188919189e-001
0 0 0
2 0 14 -149.2500 54.2100 1 14 121.1600 -26.9300
-1.0021542274e-001 8.4629366986e-002 -5.9858588267e-001
0 0 0
2 0 15 -113.3400 118.1500 1 15 216.7100 -17.3900
-7.5605895180e-002 9.1315288793e-002 -5.7790102612e-001
0 0 0
2 0 16 -76.5900 135.0900 1 16 245.4700 -21.3400
-2.4717649732e-002 9.2392385186e-002 -5.7360884868e-001
0 0 0
2 0 17 6.1600 138.2400 1 17 257.6700 -32.8000
-2.0221133900e-003 8.7619224595e-002 -5.8508929596e-001
0 0 0
2 0 18 39.6900 127.3700 1 18 247.7700 -40.1200
2.0730257541e-002 7.9695100999e-002 -6.0903691463e-001
0 0 0
2 0 19 67.3800 107.8800 1 19 227.3000 -44.6100
3.1004091014e-002 7.0551588159e-002 -6.5211828545e-001
0 0 0
2 0 20 69.3400 86.3300 1 20 189.1400 -44.6700
2.6709005496e-002 6.2540377714e-002 -7.0084413846e-001
0 0 0
2 0 21 52.3800 69.9800 1 21 146.0000 -41.3000
9.0430841657e-003 5.2840550986e-002 -7.3473057401e-001
0 0 0
2 0 22 26.3500 54.2700 1 22 113.0000 -38.0000
-9.9997944641e-003 4.4479399229e-002 -7.7689859744e-001
0 0 0
2 0 23 0.8900 42.9700 1 23 73.1700 -34.0800
-3.7514054786e-002 3.7352740187e-002 -8.0461093741e-001
0 0 0
2 0 24 -28.7400 33.6100 1 24 41.9200 -28.9200
-6.4378056096e-002 3.5325771593e-002 -8.1276674160e-001
0 0 0
2 0 25 -55.5000 31.1200 1 25 25.2400 -24.1400
-8.9781515822e-002 4.0732316581e-002 -8.4059912901e-001
0 0 0
2 0 26 -79.5400 35.3200 1 26 -3.9100 -9.5900
-1.4723273702e-001 4.2782730848e-002 -8.5131813039e-001
0 0 0
2 0 27 -132.8500 34.1200 1 27 -37.1700 9.1200
-1.4317881663e-001 1.8891046541e-002 -8.4724959706e-001
0 0 0
2 0 28 -129.1300 11.2600 1 28 -39.0000 -13.0000
-1.3361119274e-001 -1.5079342232e-002 -8.4923828528e-001
0 0 0
2 0 29 -119.4800 -18.1200 1 29 -46.1300 -46.5300
-1.1430605920e-001 -5.5683730808e-002 -8.5092680032e-001
0 0 0
2 0 30 -100.5100 -55.4100 1 30 -49.2200 -84.4400
-8.6795618265e-002 -9.3579566138e-002 -8.5168190180e-001
0 0 0
2 0 31 -74.2000 -89.5500 1 31 -46.7700 -119.5800
-6.0696711623e-002 -1.1885524950e-001 -8.5171432756e-001
0 0 0
2 0 32 -49.6700 -111.9500 1 32 -41.2300 -142.4200
-2.6941272300e-002 -1.3710773153e-001 -8.5119249913e-001
0 0 0
2 0 33 -18.4400 -128.3700 1 33 -30.2900 -157.9600
4.0584837056e-003 -1.4722506277e-001 -8.4369994329e-001
0 0 0
2 0 34 10.5900 -137.8100 1 34 -14.9100 -169.2200
2.5009414794e-002 -1.4760388110e-001 -8.3021360202e-001
0 0 0
2 0 35 31.4700 -140.2600 1 35 2.0000 -174.0000
4.5203146900e-002 -1.4400891931e-001 -8.2077956253e-001
0 0 0
2 0 36 51.6800 -138.4500 1 36 16.5600 -174.1100
5.7477307351e-002 -1.3745018628e-001 -8.1312399788e-001
0 0 0
2 0 37 64.5300 -133.4700 1 37 27.4400 -171.6100
6.8326662321e-002 -1.3109055778e-001 -8.0722497474e-001
0 0 0
2 0 38 75.9300 -127.7100 1 38 36.3800 -169.4400
6.8505601635e-002 -1.2113235739e-001 -7.9205462783e-001
0 0 0
2 0 39 79.3000 -123.1100 1 39 49.0000 -164.0000
6.0626910442e-002 -1.1123920969e-001 -7.8594703095e-001
0 0 0
2 0 40 72.8200 -114.1200 1 40 52.6700 -159.0000
4.7089306520e-002 -1.0491505243e-001 -7.8704681558e-001
0 0 0
2 0 41 59.1600 -108.4400 1 41 49.0000 -153.0000
2.4080164090e-002 -1.0147913598e-001 -7.9397451906e-001
0 0 0
2 0 42 35.1900 -103.9700 1 42 37.0500 -148.1900
2.9758898997e-003 -1.0145943389e-001 -8.0891868791e-001
0 0 0
2 0 43 12.6200 -101.9100 1 43 19.0900 -143.0900
-2.1108451481e-002 -1.0054397239e-001 -8.1914506830e-001
0 0 0
2 0 44 -11.5500 -99.4200 1 44 2.7800 -138.9100
-3.5575597814e-002 -1.0391496168e-001 -8.5455726185e-001
0 0 0
2 0 45 -26.9300 -97.5500 1 45 -27.7600 -130.5200
-5.7826278048e-002 -1.0583662779e-001 -8.7266323106e-001
0 0 0
2 0 46 -47.4100 -96.7400 1 46 -50.1400 -126.0000
-7.4745087111e-002 -1.0533481352e-001 -8.8756588804e-001
0 0 0
2 0 47 -62.3300 -94.1900 1 47 -67.7300 -120.6400
-8.4119193797e-002 -1.0048423568e-001 -9.0318835220e-001
0 0 0
2 0 48 -70.2100 -88.8400 1 48 -80.8300 -111.0000
-9.4416640007e-002 -8.5714860901e-002 -9.1284987604e-001
0 0 0
2 0 49 -78.9600 -73.4000 1 49 -88.5000 -97.5000
-1.0640381595e-001 2.8321431887e-002 -8.9456989838e-001
0 0 0
2 0 50 -91.7700 21.8300 1 50 -51.5900 -5.8200
-1.0787143196e-001 4.3002391601e-002 -8.7695084395e-001
0 0 0
2 0 51 -94.2500 34.3900 1 51 -36.2300 4.1800
-1.1356722698e-001 5.3975783128e-002 -8.6091611427e-001
0 0 0
2 0 52 -100.7600 45.8800 1 52 -25.0900 10.9100
-1.2021912170e-001 5.9383759491e-002 -8.4188608275e-001
0 0 0
2 0 53 -108.6000 51.7700 1 53 -13.0000 14.0000
-1.2941322921e-001 6.2477951966e-002 -8.2664039865e-001
0 0 0
2 0 54 -119.0600 56.0900 1 54 -5.2300 15.9100
-1.3717468165e-001 6.5878402704e-002 -8.1303449456e-001
0 0 0
2 0 55 -128.3400 59.9200 1 55 2.7100 19.0000
-1.4672321706e-001 7.0257733620e-002 -8.0209909350e-001
0 0 0
2 0 56 -139.6400 65.8100 1 56 7.9200 22.9200
-1.5843412101e-001 7.5529564217e-002 -7.9094484712e-001
0 0 0
2 0 57 -153.6800 72.6100 1 57 12.8800 28.6700
-2.5541875513e-001 1.2040359245e-001 -7.1302471848e-001
0 0 0
2 0 58 -289.4200 136.1300 1 58 52.0000 97.0000
-2.6540531895e-001 1.2884703375e-001 -6.8958003732e-001
0 0 0
2 0 59 -314.8000 153.3400 1 59 75.3900 108.1500
4.3127928778e-002 1.0717253222e-001 -5.2593735394e-001
0 0 0
2 0 60 137.6800 182.1000 1 60 316.3100 -41.9200
7.3278804440e-002 8.9792382508e-002 -5.6849723618e-001
0 0 0
2 0 62 162.9200 134.2900 1 62 273.5000 -53.6400
8.4338923606e-002 7.8521433349e-002 -6.0062815873e-001
0 0 0
2 0 63 161.5900 108.4600 1 63 243.3500 -58.7800
8.5955409326e-002 6.6874597020e-002 -6.2175025959e-001
0 0 0
2 0 64 153.4300 86.5300 1 64 223.5800 -62.4200
8.6099669514e-002 5.7830710835e-002 -6.4357899101e-001
0 0 0
2 0 65 143.7300 70.5600 1 65 203.7400 -64.5300
3.7722800192e-002 2.4907643969e-002 -7.3902143091e-001
0 0 0
2 0 66 57.4900 23.2200 1 66 111.1100 -63.4200
1.5574427665e-002 2.4472915009e-002 -7.5812066425e-001
0 0 0
2 0 67 30.3000 22.2800 1 67 90.3700 -57.0000
-1.3870425880e-002 2.6106712013e-002 -7.6795201962e-001
0 0 0
2 0 68 -2.0000 23.3600 1 68 74.2100 -49.1600
-3.8348371960e-002 2.8426417967e-002 -7.7067411903e-001
0 0 0
2 0 69 -28.0000 25.3600 1 69 64.4700 -42.6500
-6.6645772854e-002 3.0603951474e-002 -7.7096975471e-001
0 0 0
2 0 70 -58.0000 27.3600 1 70 54.5600 -35.8900
-9.4082070550e-002 3.1965684899e-002 -7.6687943958e-001
0 0 0
2 0 71 -87.5200 28.6000 1 71 47.5800 -30.4200
-2.3767513714e-001 6.0635517334e-002 -7.2620900313e-001
0 0 0
2 0 72 -260.4700 61.8200 1 72 26.6400 26.0000
-2.6710035210e-001 7.1243534456e-002 -7.1487742328e-001
0 0 0
2 0 73 -301.8600 75.5400 1 73 25.8200 46.4000
-2.6807363176e-001 1.2862851473e-001 -6.9210314407e-001
0 0 0
2 0 74 -316.7800 151.7400 1 74 71.4500 110.1200
-2.4783144661e-001 6.3507714104e-002 -7.7463477015e-001
0 0 0
2 0 75 -253.4400 60.2700 1 75 -23.9500 42.4700
-2.2841320501e-001 5.9344614667e-002 -7.6772155190e-001
0 0 0
2 0 76 -234.4100 56.6500 1 76 -7.9700 30.0800
-2.0063816045e-001 5.5596512603e-002 -7.5807767070e-001
0 0 0
2 0 77 -206.4500 53.6800 1 77 14.2500 15.6200
-1.7705226256e-001 5.2171800108e-002 -7.5132767108e-001
0 0 0
2 0 78 -181.6700 50.5800 1 78 30.7600 4.2100
-1.6581889825e-001 4.9361741022e-002 -7.4828707937e-001
0 0 0
2 0 79 -169.6700 48.1800 1 79 37.6400 -2.5700
-1.5678388357e-001 4.6080772754e-002 -7.4896114848e-001
0 0 0
2 0 80 -159.2200 44.1600 1 80 40.2600 -7.4800
-1.5254235453e-001 4.5032003593e-002 -7.4974075963e-001
0 0 0
2 0 81 -154.2900 43.2100 1 81 41.0700 -9.5900
-1.5125622145e-001 4.3502195383e-002 -7.5112294907e-001
0 0 0
2 0 82 -152.5500 41.3700 1 82 40.0000 -11.0000
-1.4970269630e-001 4.1593595413e-002 -7.5085974306e-001
0 0 0
2 0 83 -150.8400 39.4900 1 83 40.2600 -13.4800
-1.4675403004e-001 3.8396709215e-002 -7.5081417973e-001
0 0 0
2 0 84 -147.4600 35.7400 1 84 40.7100 -17.0000
-1.4138646949e-001 3.5318295363e-002 -7.5055905065e-001
0 0 0
2 0 85 -141.4500 32.6500 1 85 42.2600 -21.4800
-1.3107477735e-001 3.4035152679e-002 -7.4952728636e-001
0 0 0
2 0 86 -130.0000 31.1100 1 86 47.2800 -24.8800
-1.1952167421e-001 3.5480226690e-002 -7.4197968763e-001
0 0 0
2 0 87 -118.0000 33.1100 1 87 58.9300 -27.5900
-1.1261671633e-001 3.7361880037e-002 -7.3296986443e-001
0 0 0
2 0 88 -111.2000 35.7600 1 88 69.9200 -29.3100
-1.0569781099e-001 4.0259016791e-002 -7.2366618849e-001
0 0 0
2 0 89 -104.2000 39.7000 1 89 81.4200 -30.1500
-1.0120369102e-001 4.3216137317e-002 -7.1275934257e-001
0 0 0
2 0 90 -100.0000 44.0000 1 90 93.4100 -30.8800
-8.8211383298e-002 6.9103905589e-002 -6.3453161516e-001
0 0 0
2 0 91 -90.8400 86.9500 1 91 178.0000 -27.0000
-9.1086063387e-002 7.1074472898e-002 -6.1131424377e-001
0 0 0
2 0 92 -97.4000 94.3500 1 92 201.4500 -29.9300
-9.3128944107e-002 7.0860908996e-002 -5.9282310653e-001
0 0 0
2 0 93 -102.8000 98.2900 1 93 220.3800 -34.4800
-9.3805942802e-002 7.1528909039e-002 -5.8048196455e-001
0 0 0
2 0 94 -105.5600 102.0700 1 94 234.0000 -36.4000
-9.2287095309e-002 7.4231309275e-002 -5.6737842941e-001
0 0 0
2 0 95 -105.0100 110.1100 1 95 249.5500 -37.4100
-8.7789617747e-002 7.6804192581e-002 -5.5769758497e-001
0 0 0
2 0 96 -98.7500 117.5900 1 96 261.7700 -38.5300
-3.5997890199e-002 -1.7081910964e-002 -5.1115986836e-001
0 0 0
2 0 99 -0.6600 -50.2900 1 99 294.0300 -157.3400
-3.3621574932e-002 -1.3312320578e-002 -5.3229890611e-001
0 0 0
2 0 100 0.1800 -39.9500 1 100 272.0500 -145.2300
-3.2833316699e-002 -6.5322916840e-003 -5.5065693659e-001
0 0 0
2 0 101 -1.5200 -24.5900 1 101 253.9200 -133.9200
-3.2104547146e-002 5.1601470158e-003 -5.8361954412e-001
0 0 0
2 0 102 -5.1200 -3.7200 1 102 223.5100 -111.1400
-3.8254351461e-002 1.6750298424e-002 -6.1563093415e-001
0 0 0
2 0 103 -18.0600 14.0600 1 103 193.9400 -90.1600
-4.6918369117e-002 2.5462192610e-002 -6.3762435314e-001
0 0 0
2 0 104 -32.0200 25.8400 1 104 173.3300 -75.0300
-5.2941020420e-002 3.2076533138e-002 -6.5843065055e-001
0 0 0
2 0 105 -41.0700 33.5400 1 105 154.3800 -62.3800
-6.2523069639e-002 3.6312902193e-002 -6.6876421287e-001
0 0 0
2 0 106 -53.8800 38.7700 1 106 143.2800 -54.8800
-7.3739542368e-002 3.8627640493e-002 -6.7645194704e-001
0 0 0
2 0 107 -68.2700 41.1800 1 107 133.6100 -49.0000
-8.4279538932e-002 3.9195005930e-002 -6.8613641791e-001
0 0 0
2 0 108 -81.2100 40.9800 1 108 121.7800 -44.0400
-9.6179044288e-002 3.7212708586e-002 -6.9430360804e-001
0 0 0
2 0 109 -95.4600 38.0000 1 109 109.8700 -41.8700
-1.0600783545e-001 3.3348507962e-002 -7.1126247607e-001
0 0 0
2 0 110 -105.7700 32.6800 1 110 90.0000 -40.0000
-1.1385842513e-001 2.6696564077e-002 -7.2564546120e-001
0 0 0
2 0 111 -113.3100 23.9100 1 111 72.6000 -40.9600
-1.2281540075e-001 2.1193295606e-002 -7.4162667613e-001
0 0 0
2 0 112 -121.5700 17.5300 1 112 53.5000 -41.0000
-1.2635737142e-001 1.7716994929e-002 -7.5265757144e-001
0 0 0
2 0 113 -124.0000 13.0000 1 113 41.8100 -40.4200
-1.2862187044e-001 1.8272852363e-002 -7.5992667703e-001
0 0 0
2 0 114 -125.5300 13.3000 1 114 35.0000 -37.5000
-1.3096134950e-001 2.0324796860e-002 -7.6521668444e-001
0 0 0
2 0 115 -127.4300 15.6700 1 115 30.1300 -34.1300
-1.3553117708e-001 2.2753739115e-002 -7.6778663185e-001
0 0 0
2 0 116 -132.0700 18.0700 1 116 26.7400 -30.2200
-1.4452362229e-001 2.3475445320e-002 -7.6314386923e-001
0 0 0
2 0 117 -142.6100 18.9400 1 117 26.7200 -28.8800
-1.5188862862e-001 2.3581709145e-002 -7.5380674764e-001
0 0 0
2 0 118 -152.3900 19.1400 1 118 31.3100 -29.4200
-1.5442604772e-001 2.5234325325e-002 -7.4002177686e-001
0 0 0
2 0 119 -157.9500 21.1800 1 119 42.6800 -30.5000
-1.5643263750e-001 2.7926935901e-002 -7.2842993250e-001
0 0 0
2 0 120 -162.7400 24.5400 1 120 52.9700 -30.2100
-1.5774528909e-001 2.9966439277e-002 -7.1788029766e-001
0 0 0
2 0 121 -166.6800 27.3700 1 121 62.6200 -30.5900
-1.5938298489e-001 3.3628468670e-002 -7.0573229671e-001
0 0 0
2 0 122 -171.5900 32.1300 1 122 74.4500 -29.4100
-1.6098341429e-001 3.9625633203e-002 -6.9546950232e-001
0 0 0
2 0 123 -176.3300 40.6300 1 123 85.2700 -26.0900
-1.6379599358e-001 4.6831864328e-002 -6.8460760799e-001
0 0 0
2 0 124 -182.8900 49.6400 1 124 97.3600 -19.7300
-1.6727906670e-001 5.3180584290e-002 -6.7606412868e-001
0 0 0
2 0 125 -190.0200 58.6200 1 125 106.5600 -14.3400
-1.7350605218e-001 5.7584437263e-002 -6.6610867170e-001
0 0 0
2 0 126 -201.5400 65.6200 1 126 115.7400 -10.6100
-1.8116043390e-001 6.0344840343e-002 -6.5572443312e-001
0 0 0
2 0 127 -215.6700 70.5400 1 127 124.7400 -8.0000
-1.9199262000e-001 6.4071644338e-002 -6.4388820921e-001
0 0 0
2 0 128 -235.6900 77.4200 1 128 134.8400 -3.8100
-2.0316518423e-001 6.9724934012e-002 -6.3604134565e-001
0 0 0
2 0 129 -255.5100 86.6700 1 129 141.5300 4.0500
-2.1587964216e-001 7.5680425198e-002 -6.3213028564e-001
0 0 0
2 0 130 -276.3400 95.9600 1 130 143.4500 14.1100
-2.2830456831e-001 8.1545892437e-002 -6.2953835661e-001
0 0 0
2 0 131 -296.4600 104.9400 1 131 144.0000 24.8900
-2.3748339598e-001 8.6068519519e-002 -6.2740793317e-001
0 0 0
2 0 132 -311.6800 111.6800 1 132 144.9200 33.7200
-2.3701188303e-001 9.1596116988e-002 -6.1778549705e-001
0 0 0
2 0 133 -317.5000 122.6900 1 133 158.9500 37.9300
-1.7466761048e-001 9.4067687005e-002 -6.1254086617e-001
0 0 0
2 0 175 -224.3400 128.1800 1 175 185.9500 17.0700
-2.0552800444e-001 9.3317574208e-002 -6.3066088985e-001
0 0 0
2 0 176 -262.2300 121.9000 1 176 154.9800 30.7100
-2.3007982448e-001 9.3697263685e-002 -6.4076392500e-001
0 0 0
2 0 177 -292.8200 119.7800 1 177 134.2400 42.4500
-2.2877778131e-001 3.1567890769e-002 -6.4582773086e-001
0 0 0
2 0 178 -286.4100 31.3600 1 178 106.3400 -31.0600
-2.0720752725e-001 3.3922870708e-002 -6.5137520263e-001
0 0 0
2 0 179 -253.1200 34.8500 1 179 110.0700 -32.4300
-1.9410916302e-001 3.4555949576e-002 -6.5889636104e-001
0 0 0
2 0 180 -231.6700 35.2500 1 180 107.5500 -32.5900
-1.8497239325e-001 3.3349576971e-002 -6.6937628244e-001
0 0 0
2 0 181 -215.2600 33.3300 1 181 99.7400 -33.3900
-1.8037826086e-001 2.7139891996e-002 -6.8187712394e-001
0 0 0
2 0 182 -204.7700 24.8900 1 182 86.7300 -37.9100
-1.8683499743e-001 2.1056011530e-002 -6.9212336833e-001
0 0 0
2 0 183 -209.5900 17.3300 1 183 71.4500 -40.7600
-2.0925416003e-001 1.2363443348e-002 -6.9866622255e-001
0 0 0
2 0 184 -235.3800 5.5300 1 184 51.5900 -42.8500
-2.2972456773e-001 8.7223098143e-003 -7.0243765122e-001
0 0 0
2 0 185 -259.5100 0.6600 1 185 36.0000 -41.1100
-2.4648120983e-001 7.2510409554e-003 -7.0265010074e-001
0 0 0
2 0 186 -280.4900 -1.2900 1 186 26.0000 -38.8900
-2.5123240898e-001 6.4907551676e-003 -7.0048941368e-001
0 0 0
2 0 187 -287.5400 -2.2300 1 187 25.2300 -39.4000
-2.3860483025e-001 2.8137157968e-003 -6.9518419101e-001
0 0 0
2 0 188 -273.9300 -6.0500 1 188 36.2600 -49.0500
-2.0534597139e-001 -2.6826965172e-003 -6.8874283931e-001
0 0 0
2 0 189 -233.8300 -13.3500 1 189 58.2400 -63.6300
-1.7541806109e-001 -6.2769460232e-003 -6.7789359546e-001
0 0 0
2 0 190 -198.7600 -18.0000 1 190 81.7300 -76.2700
-1.4779671840e-001 -7.6947678503e-003 -6.6157725702e-001
0 0 0
2 0 191 -166.7500 -20.4500 1 191 108.9300 -87.0200
-1.2667558703e-001 -3.2147622569e-003 -6.3760694907e-001
0 0 0
2 0 192 -143.3300 -15.4100 1 192 142.1800 -92.7100
-1.0842905764e-001 9.3683318668e-003 -6.1423228774e-001
0 0 0
2 0 193 -121.6000 1.9000 1 193 175.9000 -88.8700
-9.1481379982e-002 2.6424750147e-002 -6.0349460960e-001
0 0 0
2 0 194 -98.0500 29.5600 1 194 195.9200 -79.0500
-7.0621660465e-002 5.6134265367e-002 -6.0444063894e-001
0 0 0
2 0 195 -66.6700 72.9200 1 195 209.0000 -50.0000
-6.0030450408e-002 1.0881741479e-001 -6.4607828430e-001
0 0 0
2 0 197 -51.8500 139.1500 1 197 184.5900 6.3400
-6.8485022881e-002 1.2209536401e-001 -6.7258202781e-001
0 0 0
2 0 198 -63.0700 149.0200 1 198 161.2700 25.2700
-1.0575863433e-001 1.2533487660e-001 -7.3335948870e-001
0 0 0
2 0 199 -104.7500 137.1900 1 199 96.6300 48.4400
-1.2653623660e-001 1.1614956676e-001 -7.5031328850e-001
0 0 0
2 0 200 -126.1100 122.3700 1 200 72.3100 49.9200
-1.4893625831e-001 1.0529793832e-001 -7.6769502692e-001
0 0 0
2 0 201 -148.0000 107.1100 1 201 45.3800 49.7200
-1.6817360229e-001 9.7758656443e-002 -7.8059344046e-001
0 0 0
2 0 202 -166.2100 96.7700 1 202 23.7900 50.9700
-1.9089574817e-001 8.9459049467e-002 -7.8640732162e-001
0 0 0
2 0 203 -188.9100 86.4600 1 203 5.6600 52.0000
-2.0736030247e-001 8.1469534261e-002 -7.9076538618e-001
0 0 0
2 0 204 -205.1700 77.9700 1 204 -9.2700 49.9100
-2.1630721977e-001 7.1330607953e-002 -7.9093267663e-001
0 0 0
2 0 205 -214.4200 67.4200 1 205 -17.6100 42.7400
-2.1917110124e-001 6.4522772158e-002 -7.9095628916e-001
0 0 0
2 0 206 -217.3200 60.2600 1 206 -21.4700 36.8700
-2.0947479069e-001 4.4236701553e-002 -8.2316231613e-001
0 0 0
2 0 207 -198.5700 38.3300 1 207 -49.4700 19.3700
-2.1281161119e-001 3.5867071444e-002 -8.3275393201e-001
0 0 0
2 0 208 -199.3700 29.1700 1 208 -61.5500 14.5900
-2.1755022993e-001 2.7076088900e-002 -8.4643103542e-001
0 0 0
2 0 209 -200.5700 20.3300 1 209 -77.8600 10.1400
-2.2022571428e-001 1.8928985715e-002 -8.5809069285e-001
0 0 0
2 0 210 -200.2600 12.6100 1 210 -91.0400 5.2900
-2.2162906966e-001 1.0266326800e-002 -8.7281882550e-001
0 0 0
2 0 211 -198.0700 4.5500 1 211 -105.6200 0.4800
-2.2092380586e-001 1.9331902432e-003 -8.8519906869e-001
0 0 0
2 0 212 -194.5900 -2.7200 1 212 -116.8100 -5.0700
-2.2039694611e-001 -7.2817000520e-003 -8.9671931871e-001
0 0 0
2 0 213 -191.5500 -10.5900 1 213 -127.5500 -11.4100
-2.1612177707e-001 -1.5533334661e-002 -9.0913112004e-001
0 0 0
2 0 214 -185.1900 -17.1900 1 214 -135.9300 -17.4500
-2.0966831843e-001 -2.2746390076e-002 -9.1932587571e-001
0 0 0
2 0 215 -177.6000 -22.8800 1 215 -140.8100 -23.1900
-2.0220155944e-001 -2.8120610963e-002 -9.3020348872e-001
0 0 0
2 0 216 -169.2900 -27.0000 1 216 -144.7100 -27.0000
-1.9513569642e-001 -3.2577748851e-002 -9.3928657476e-001
0 0 0
2 0 217 -161.8700 -30.1300 1 217 -147.3600 -30.3600
-1.8741537641e-001 -3.8335451130e-002 -9.4947966093e-001
0 0 0
2 0 218 -153.9600 -33.5800 1 218 -150.7200 -35.1200
-1.7707358536e-001 -4.6117231743e-002 -9.5967450939e-001
0 0 0
2 0 219 -144.0800 -39.5600 1 219 -152.7100 -41.0000
-1.6972721387e-001 -5.5133349611e-002 -9.6921655236e-001
0 0 0
2 0 220 -137.0000 -44.5000 1 220 -156.8300 -49.0000
-1.5452164946e-001 -6.8726816766e-002 -9.8838122764e-001
0 0 0
2 0 221 -122.9200 -53.7100 1 221 -162.5400 -58.0400
-1.4070851854e-001 -8.2846962662e-002 -1.0047981606e+000
0 0 0
2 0 222 -110.7900 -63.5400 1 222 -167.2900 -67.0000
-1.2803166924e-001 -9.7578420240e-002 -1.0222526387e+000
0 0 0
2 0 223 -100.0000 -71.8600 1 223 -173.4500 -76.8600
-1.1733485931e-001 -1.0970593144e-001 -1.0361547514e+000
0 0 0
2 0 224 -91.3000 -78.9500 1 224 -177.8100 -84.3300
-1.0063649961e-001 -1.2828453658e-001 -1.0553099116e+000
0 0 0
2 0 225 -78.4100 -89.5900 1 225 -182.9000 -95.7000
-7.8536134378e-002 -1.4862542855e-001 -1.0768251025e+000
0 0 0
2 0 226 -62.3800 -101.2500 1 226 -186.1800 -106.9400
-5.6837820523e-002 -1.6273114292e-001 -1.0901887497e+000
0 0 0
2 0 227 -47.5000 -108.5000 1 227 -184.2500 -115.5600
-2.8981576123e-002 -1.7558579087e-001 -1.0998889479e+000
0 0 0
2 0 228 -29.0000 -115.1000 1 228 -177.2700 -124.0000
-4.9684153379e-003 -1.8405731636e-001 -1.1015402876e+000
0 0 0
2 0 229 -13.1900 -119.5000 1 229 -168.0000 -131.0000
2.2077637117e-002 -1.9107595176e-001 -1.1013105659e+000
0 0 0
2 0 230 4.5600 -123.6200 1 230 -156.4600 -136.8500
1.6364647059e-001 -1.4621564908e-001 -9.9298428594e-001
0 0 0
2 0 231 115.0000 -105.0000 1 231 -38.8000 -138.0000
1.5620704878e-001 -1.3343932567e-001 -9.7536485357e-001
0 0 0
2 0 232 113.2500 -98.5000 1 232 -30.0000 -133.2000
1.4499764669e-001 -1.2302425861e-001 -9.6062827503e-001
0 0 0
2 0 233 108.0000 -93.1400 1 233 -24.1700 -129.0000
1.2735530517e-001 -1.1300517765e-001 -9.4885842990e-001
0 0 0
2 0 234 97.0000 -86.7100 1 234 -22.1700 -125.0000
1.0468814879e-001 -1.0010018263e-001 -9.4148260495e-001
0 0 0
2 0 235 80.8800 -78.5000 1 235 -23.3800 -116.3800
8.2506914324e-002 -8.8412901045e-002 -9.3916817324e-001
0 0 0
2 0 236 63.8900 -70.0700 1 236 -27.6000 -107.6000
5.3990011885e-002 -7.5377316736e-002 -9.3871652105e-001
0 0 0
2 0 237 41.3900 -60.2900 1 237 -35.1700 -96.7200
2.8447218614e-002 -6.5188850454e-002 -9.4188319097e-001
0 0 0
2 0 238 20.7000 -52.4700 1 238 -44.6200 -86.6200
1.3835082021e-003 -5.5749214454e-002 -9.4976936629e-001
0 0 0
2 0 239 -1.5000 -44.8800 1 239 -58.0000 -75.5300
-1.5676065117e-002 -4.9761012279e-002 -9.5977720399e-001
0 0 0
2 0 240 -15.5900 -39.7300 1 240 -69.5800 -67.3200
-2.2359874114e-002 -4.0722333281e-002 -9.7342211552e-001
0 0 0
2 0 241 -21.5000 -32.0900 1 241 -78.0000 -57.2700
-1.8370437540e-002 -3.0552450375e-002 -9.8945895128e-001
0 0 0
2 0 242 -19.2100 -24.1200 1 242 -82.5000 -47.0000
-1.2267624522e-002 -2.2957863520e-002 -1.0083177471e+000
0 0 0
2 0 243 -15.6200 -17.0000 1 243 -88.3500 -39.8800
-2.9565508850e-003 -1.7064070791e-002 -1.0302371428e+000
0 0 0
2 0 244 -10.0000 -12.0000 1 244 -94.3800 -33.4400
9.3249513260e-003 -2.1307347200e-002 -1.0523271423e+000
0 0 0
2 0 245 -2.5300 -14.2600 1 245 -101.2100 -34.3600
1.9995072035e-002 -3.6276955838e-002 -1.0767330611e+000
0 0 0
2 0 246 3.4000 -23.6500 1 246 -111.8500 -41.4600
2.8400966388e-002 -5.6351943530e-002 -1.0919981856e+000
0 0 0
2 0 247 8.2100 -37.1600 1 247 -119.6400 -51.9100
3.8050164980e-002 -7.7582132764e-002 -1.0956361910e+000
0 0 0
2 0 248 14.4400 -49.7500 1 248 -122.0000 -66.8000
5.0855139191e-002 -9.9621737336e-002 -1.0914596138e+000
0 0 0
2 0 249 23.3800 -64.6200 1 249 -119.2500 -82.3800
1.0315785209e-001 -1.6087348701e-001 -1.0338799968e+000
0 0 0
2 0 250 65.5300 -111.3700 1 250 -83.6700 -135.6700
1.1497590609e-001 -1.5180313734e-001 -1.0184037371e+000
0 0 0
2 0 251 76.0000 -107.5300 1 251 -69.6700 -133.1100
1.3874798113e-001 -1.2757467941e-001 -1.0070866155e+000
0 0 0
2 0 252 94.5000 -90.5900 1 252 -50.6200 -122.2500
1.5261538463e-001 -1.0253341856e-001 -9.9502093334e-001
0 0 0
2 0 253 106.5000 -73.5400 1 253 -34.8800 -110.1200
1.6300686489e-001 -7.2124627330e-002 -9.7972018963e-001
0 0 0
2 0 254 116.9600 -52.1200 1 254 -17.8800 -95.5000
1.6773271442e-001 -4.5626853960e-002 -9.6650778377e-001
0 0 0
2 0 255 123.1700 -33.1200 1 255 -4.5000 -82.1200
1.7237098076e-001 -1.6550382369e-002 -9.5442603849e-001
0 0 0
2 0 256 129.2200 -11.3000 1 256 8.7500 -67.1200
1.7350561255e-001 8.7562220159e-003 -9.4578285492e-001
0 0 0
2 0 257 131.9000 9.2600 1 257 18.1100 -54.6700
1.6728912427e-001 2.8578346497e-002 -9.3909603079e-001
0 0 0
2 0 258 128.7000 23.7000 1 258 24.0000 -41.7100
-3.4115985877e-002 -3.1552649363e-002 -9.8824413539e-001
0 0 0
2 0 259 -31.1100 -24.4200 1 259 -89.3300 -46.4700
-5.4463075184e-002 -4.8659756129e-002 -9.7660198810e-001
0 0 0
2 0 260 -46.2800 -38.3200 1 260 -96.5600 -58.3800
-7.4002052537e-002 -6.1484513507e-002 -9.5587706023e-001
0 0 0
2 0 261 -61.4700 -50.2600 1 261 -97.4400 -69.6200
-8.7804104878e-002 -6.7973324478e-002 -9.3365968091e-001
0 0 0
2 0 262 -73.0000 -57.3900 1 262 -92.9400 -78.1100
-1.0103346417e-001 -7.2662647897e-002 -9.0104667256e-001
0 0 0
2 0 263 -85.2900 -65.0000 1 263 -80.6700 -87.8600
-1.0534130577e-001 -7.1426642373e-002 -8.6474482295e-001
0 0 0
2 0 264 -91.0400 -68.1100 1 264 -58.6500 -95.4600
-1.0433627362e-001 -6.2647529852e-002 -8.3583252310e-001
0 0 0
2 0 265 -92.0000 -63.3200 1 265 -35.6400 -95.6100
-9.9727712231e-002 -4.2684199405e-002 -8.0637019442e-001
0 0 0
2 0 266 -89.6700 -47.0600 1 266 -6.3700 -86.3000
-9.2641741110e-002 -1.6505515699e-002 -7.7901630974e-001
0 0 0
2 0 267 -84.3500 -24.4300 1 267 25.5400 -68.7500
6.5091421125e-002 1.8063037551e-001 -6.7473247409e-001
0 0 0
2 0 268 103.2100 219.5300 1 268 202.0000 39.2700
6.9953239337e-002 1.7969291052e-001 -6.7415432660e-001
0 0 0
2 0 269 109.3100 218.6100 1 269 203.0000 37.1000
7.3230902687e-002 1.8069481547e-001 -6.7437001510e-001
0 0 0
2 0 270 113.2200 219.4900 1 270 203.7300 37.3300
7.7929329364e-002 1.8247810588e-001 -6.7536778301e-001
0 0 0
2 0 271 118.4900 221.2800 1 271 204.0000 37.4300
8.1300139353e-002 1.8224793245e-001 -6.7848610815e-001
0 0 0
2 0 272 121.4100 219.6400 1 272 202.0000 36.7300
3.5936081637e-002 1.6436646077e-001 -7.0639960526e-001
0 0 0
2 0 273 60.2400 188.3300 1 273 167.6000 38.4000
1.9189812474e-002 1.6158784916e-001 -7.0818886082e-001
0 0 0
2 0 274 40.5400 184.5700 1 274 162.0000 41.0000
2.8205219445e-004 1.6113387861e-001 -7.1071158692e-001
0 0 0
2 0 275 18.1600 183.4500 1 275 155.5300 46.0000
-2.4918268287e-002 1.6388070990e-001 -7.1455525136e-001
0 0 0
2 0 276 -11.6900 185.8500 1 276 146.7900 55.5400
-2.5186226675e-001 7.2893129849e-002 -8.6060224274e-001
0 0 0
2 0 277 -230.4100 62.5100 1 277 -95.1000 68.0000
-2.1351341556e-001 6.9799172737e-002 -8.4177154431e-001
0 0 0
2 0 278 -198.4800 61.3800 1 278 -58.0000 49.0000
-1.7085960814e-001 7.1798681339e-002 -8.1259586245e-001
0 0 0
2 0 279 -162.4600 66.2400 1 279 -11.5400 32.8900
-1.4401850920e-001 7.6382479260e-002 -7.8078700734e-001
0 0 0
2 0 280 -140.0600 73.6900 1 280 28.3800 24.6500
-1.1233498377e-001 8.7458572975e-002 -7.4732112724e-001
0 0 0
2 0 281 -110.1100 90.8500 1 281 72.1800 19.5600
-9.3918620854e-002 9.9220571758e-002 -7.1536820730e-001
0 0 0
2 0 282 -92.0000 110.1000 1 282 109.3900 19.3900
-6.5565720853e-002 1.9133447645e-001 -6.6848766847e-001
0 0 0
2 0 283 -60.0000 237.1200 1 283 185.5800 88.4200
-7.4955403187e-002 1.6979773161e-001 -6.2259033165e-001
0 0 0
2 0 284 -74.3100 233.5900 1 284 221.0000 63.9000
-6.0451002112e-002 1.4668794800e-001 -6.1947344776e-001
0 0 0
2 0 285 -52.8800 201.2500 1 285 221.0000 37.8800
-4.0810756211e-002 1.1362530269e-001 -6.2232708192e-001
0 0 0
2 0 286 -24.3400 154.3700 1 286 211.9300 -0.1000
-7.4588266894e-003 8.3864419281e-002 -6.3535907190e-001
0 0 0
2 0 287 21.4800 108.2000 1 287 199.0400 -30.7600
2.5814249500e-002 6.0190081809e-002 -6.5408826121e-001
0 0 0
2 0 288 62.4200 70.8500 1 288 184.6800 -49.8400
4.8913641779e-002 3.7821969128e-002 -6.7427244090e-001
0 0 0
2 0 289 86.1800 41.9100 1 289 166.8000 -69.4400
6.5487370410e-002 1.4049556146e-002 -6.9896370018e-001
0 0 0
2 0 290 98.8000 13.5300 1 290 145.2100 -86.4600
7.6648752467e-002 -7.8606796887e-003 -7.2382324649e-001
0 0 0
2 0 291 104.2500 -12.3800 1 291 124.8600 -97.0000
8.5594621802e-002 -2.5259119632e-002 -7.5825784277e-001
0 0 0
2 0 292 104.0000 -29.1100 1 292 98.7800 -103.0900
9.2731955297e-002 -3.5792720910e-002 -7.9292395321e-001
0 0 0
2 0 293 101.9100 -37.2700 1 293 75.1100 -103.4200
9.7700816002e-002 -4.1017418696e-002 -8.3069141121e-001
0 0 0
2 0 294 97.2800 -39.1200 1 294 51.2200 -99.5000
1.0023079183e-001 -4.0468605428e-002 -8.6144893567e-001
0 0 0
2 0 295 92.5600 -36.5900 1 295 33.3800 -92.6200
1.0200492963e-001 -3.6705769271e-002 -8.9624308679e-001
0 0 0
2 0 296 86.7900 -31.2100 1 296 14.3600 -83.2100
-3.5450991986e-003 -1.1871467474e-001 -1.0574449469e+000
0 0 0
2 0 297 -10.8000 -81.5300 1 297 -131.5300 -96.6700
-3.3122222098e-003 -1.3913076929e-001 -1.0500924325e+000
0 0 0
2 0 298 -10.0700 -96.5000 1 298 -132.5000 -112.0000
-8.6928842886e-003 -1.8123729070e-001 -1.0131671942e+000
0 0 0
2 0 299 -11.5900 -131.5900 1 299 -126.4000 -149.6000
-1.4163458276e-002 -1.8800423372e-001 -9.9530876531e-001
0 0 0
2 0 300 -14.6500 -140.0000 1 300 -121.3800 -158.6200
-2.0572549351e-002 -1.8734873089e-001 -9.7883567023e-001
0 0 0
2 0 301 -18.7100 -142.7100 1 301 -115.6000 -162.4000
-2.5117852023e-002 -1.7872169884e-001 -9.6066394293e-001
0 0 0
2 0 302 -21.5300 -140.0000 1 302 -105.7600 -160.5900
-2.8824311992e-002 -1.6581421284e-001 -9.4567963106e-001
0 0 0
2 0 303 -24.0000 -133.0000 1 303 -95.9500 -154.7900
-3.0583002901e-002 -1.4823959719e-001 -9.2939641661e-001
0 0 0
2 0 304 -25.0000 -123.0000 1 304 -82.9000 -144.8100
-3.1516140962e-002 -1.2784716069e-001 -9.1764888881e-001
0 0 0
2 0 305 -25.5700 -107.6200 1 305 -71.4200 -133.1100
-3.5252756159e-002 -1.0413077897e-001 -9.0614763470e-001
0 0 0
2 0 306 -28.5800 -89.6700 1 306 -60.2600 -117.6800
-7.9823924095e-002 9.0775252073e-002 -8.5329052784e-001
0 0 0
2 0 307 -70.3400 80.4500 1 307 4.8900 31.7200
-9.3472153118e-002 9.0395427440e-002 -8.5443951948e-001
0 0 0
2 0 308 -83.0000 80.1000 1 308 -1.7900 34.8400
-1.3735628290e-001 5.1844641336e-002 -8.5880570785e-001
0 0 0
2 0 309 -123.0000 44.0000 1 309 -35.5900 14.2700
-1.4380361721e-001 3.8002146372e-002 -8.4527301429e-001
0 0 0
2 0 310 -130.4300 31.5300 1 310 -32.9600 1.4000
-1.4911359022e-001 2.5255095137e-002 -8.2746254518e-001
0 0 0
2 0 311 -137.6900 19.6900 1 311 -26.1200 -12.2300
-1.5303692602e-001 8.1433912185e-003 -8.0201166084e-001
0 0 0
2 0 312 -145.1000 2.7900 1 312 -13.6200 -32.6900
-1.4874641105e-001 -7.2400224981e-003 -7.7154455704e-001
0 0 0
2 0 313 -145.2400 -13.8800 1 313 8.3300 -55.5000
-1.3668758581e-001 -1.7010873035e-002 -7.4386483538e-001
0 0 0
2 0 314 -136.2100 -25.7300 1 314 34.1800 -74.3600
-1.1484540101e-001 -2.6688563299e-002 -7.1253565385e-001
0 0 0
2 0 315 -115.0000 -39.0000 1 315 67.8200 -95.6400
-8.8494144308e-002 -3.2066000471e-002 -6.8996269581e-001
0 0 0
2 0 316 -84.8400 -47.4900 1 316 96.3700 -110.2700
-5.0892820632e-002 -3.3360233302e-002 -6.7170919925e-001
0 0 0
2 0 317 -37.5800 -50.5100 1 317 124.8000 -120.2400
-1.5734343862e-002 -3.0511390624e-002 -6.6486553091e-001
0 0 0
2 0 318 8.0800 -46.9700 1 318 141.8700 -122.1300
2.3916323184e-002 -2.4589337931e-002 -6.7012889632e-001
0 0 0
2 0 319 57.2600 -37.7800 1 319 149.3800 -118.4800
5.2349031191e-002 -1.7125462467e-002 -6.8404499274e-001
0 0 0
2 0 320 88.2700 -26.5300 1 320 147.0000 -111.0000
7.7748864549e-002 -6.3823580320e-003 -7.1079673453e-001
0 0 0
2 0 321 109.4800 -11.6400 1 321 135.2200 -98.3900
9.3116204095e-002 2.9216476845e-003 -7.4288804891e-001
0 0 0
2 0 322 116.1100 -0.5100 1 322 118.1100 -85.1100
9.5210239708e-002 9.8764555106e-003 -7.7121945238e-001
0 0 0
2 0 323 109.7900 7.7100 1 323 100.4200 -75.1100
9.2061281747e-002 1.5257978149e-002 -8.0307741063e-001
0 0 0
2 0 324 98.2100 12.8700 1 324 79.6000 -64.4000
3.2990253885e-002 3.3958092117e-002 -8.7145256732e-001
0 0 0
2 0 325 31.3700 28.3700 1 325 21.6000 -30.4000
-1.1970391905e-001 5.2528313188e-002 -8.3347003802e-001
0 0 0
2 0 326 -108.7800 45.9400 1 326 -8.6000 6.3500
-1.4355059167e-001 5.5623127227e-002 -8.2296741025e-001
0 0 0
2 0 327 -133.3100 49.6400 1 327 -11.0900 12.6800
-1.6817846202e-001 5.7790412529e-002 -8.1295314691e-001
0 0 0
2 0 328 -159.5000 52.5000 1 328 -14.8300 19.0000
-1.9732343972e-001 5.9406504345e-002 -8.0388841816e-001
0 0 0
2 0 329 -191.0500 54.0700 1 329 -22.0000 27.5400
-2.1978182496e-001 6.0081519469e-002 -7.9597067815e-001
0 0 0
2 0 330 -216.4500 55.2300 1 330 -27.5700 33.5300
-2.4352177408e-001 6.1001299717e-002 -7.8885765635e-001
0 0 0
2 0 331 -243.7600 56.4600 1 331 -34.9400 41.0000
-2.6553799914e-001 6.2542135636e-002 -7.8511886070e-001
0 0 0
2 0 332 -268.7500 58.1000 1 332 -44.6800 49.8200
-2.7997184942e-001 6.2715614461e-002 -7.8644655574e-001
0 0 0
2 0 333 -283.8500 58.3000 1 333 -55.3400 55.4700
-2.9077395871e-001 6.0044015188e-002 -7.9598209314e-001
0 0 0
2 0 334 -291.4400 54.7100 1 334 -72.3900 58.3900
-2.9289406018e-001 5.3432876807e-002 -8.1356396648e-001
0 0 0
2 0 335 -286.3600 46.7700 1 335 -91.9200 55.0500
-2.9001394661e-001 3.9092540014e-002 -8.4305789898e-001
0 0 0
2 0 336 -272.1000 31.3200 1 336 -119.8600 43.9200
-2.8337096984e-001 2.4301048990e-002 -8.6811462597e-001
0 0 0
2 0 337 -257.0300 16.8600 1 337 -140.0000 31.0000
-2.2675906701e-001 -2.7242877566e-002 -9.4025312258e-001
0 0 0
2 0 338 -188.1400 -26.0000 1 338 -167.2900 -19.0000
-2.2099758027e-001 -3.3597543859e-002 -9.4761145641e-001
0 0 0
2 0 339 -181.9100 -30.7700 1 339 -170.0400 -24.3700
-2.1654789307e-001 -3.9982154057e-002 -9.5412568653e-001
0 0 0
2 0 340 -177.0000 -36.0000 1 340 -173.0000 -29.1700
-2.1534418987e-001 -4.7616536475e-002 -9.5538742107e-001
0 0 0
2 0 341 -175.7100 -41.3800 1 341 -175.5000 -36.5000
-2.2291767579e-001 -5.9463661714e-002 -9.5642317237e-001
0 0 0
2 0 342 -181.5000 -50.9500 1 342 -185.1200 -45.5000
-2.3157978147e-001 -7.2798840778e-002 -9.5317689269e-001
0 0 0
2 0 343 -188.9200 -62.0800 1 343 -193.5700 -56.9600
-2.3912380796e-001 -8.8166222969e-002 -9.4769160092e-001
0 0 0
2 0 344 -195.8800 -75.2500 1 344 -200.7200 -71.4100
-2.4431030135e-001 -9.6027039916e-002 -9.4339549238e-001
0 0 0
2 0 345 -200.8800 -82.4000 1 345 -204.5200 -79.1100
-2.4993807932e-001 -9.6957850774e-002 -9.4746550327e-001
0 0 0
2 0 346 -204.6900 -82.5800 1 346 -211.7000 -78.1900
-2.5614698353e-001 -9.3458621293e-002 -9.5755283578e-001
0 0 0
2 0 347 -207.7500 -78.6200 1 347 -221.5700 -71.1800
-2.5402579796e-001 -8.0793862882e-002 -9.5982053576e-001
0 0 0
2 0 348 -205.7900 -68.2100 1 348 -217.0500 -58.9200
-2.3638919835e-001 -9.4209631027e-002 -9.2629825672e-001
0 0 0
2 0 349 -197.7600 -82.5500 1 349 -187.1700 -83.5800
-2.1613838694e-001 -1.0780065558e-001 -8.8281103795e-001
0 0 0
2 0 350 -188.6100 -100.2600 1 350 -148.0800 -111.9200
-1.9853024876e-001 -1.1101293265e-001 -8.4561556712e-001
0 0 0
2 0 351 -179.7200 -109.6600 1 351 -110.7300 -128.2300
-1.8195731935e-001 -1.0557733048e-001 -7.9852688370e-001
0 0 0
2 0 352 -173.0000 -112.8000 1 352 -62.7600 -140.3100
-1.6738246562e-001 -9.6684444206e-002 -7.6116159315e-001
0 0 0
2 0 353 -165.4100 -111.1500 1 353 -21.0200 -145.2400
-1.5766888982e-001 -8.3557248126e-002 -7.1997045528e-001
0 0 0
2 0 354 -163.3900 -105.9200 1 354 24.2600 -146.4200
-1.5093287169e-001 -7.0155124552e-002 -6.8327473116e-001
0 0 0
2 0 355 -163.7900 -98.6200 1 355 66.1000 -145.2000
-1.4824406904e-001 -5.6150330556e-002 -6.5621026137e-001
0 0 0
2 0 356 -167.3600 -86.0000 1 356 98.4400 -140.7000
-1.4457969014e-001 -3.9102577424e-002 -6.2801234886e-001
0 0 0
2 0 357 -170.3500 -69.4800 1 357 135.0500 -130.8500
-1.4556651116e-001 -1.7759062373e-002 -6.1346519537e-001
0 0 0
2 0 358 -176.8400 -39.5200 1 358 157.2100 -113.6000
-1.4286086060e-001 6.6487125394e-003 -6.0765915194e-001
0 0 0
2 0 359 -175.2400 -3.4500 1 359 172.5000 -88.5000
-1.3380676381e-001 2.7750613552e-002 -6.0492283796e-001
0 0 0
2 0 360 -162.6900 28.8900 1 360 184.8400 -67.7100
-9.9190767462e-002 5.4705816739e-002 -6.0324460681e-001
0 0 0
2 0 362 -110.4200 71.1300 1 362 203.3100 -46.8600
-7.4906548557e-002 6.1049237900e-002 -6.0231873997e-001
0 0 0
2 0 363 -73.4400 81.1900 1 363 211.4100 -45.5500
-5.4031285250e-002 6.8502748615e-002 -5.9914773789e-001
0 0 0
2 0 364 -41.7200 93.2800 1 364 220.8900 -43.1100
-2.7592561289e-002 8.0136722516e-002 -5.9514159012e-001
0 0 0
2 0 365 -1.2200 111.9600 1 365 232.7700 -38.0700
-3.0287884551e-003 9.3435032840e-002 -5.8974675421e-001
0 0 0
2 0 366 37.0500 133.6900 1 366 245.3800 -31.7200
1.6342857897e-002 1.0973442871e-001 -5.8593911489e-001
0 0 0
2 0 367 67.3500 159.8500 1 367 255.7900 -21.7900
5.0778558607e-002 1.5479590805e-001 -5.8945155368e-001
0 0 0
2 0 369 116.7400 226.4000 1 369 267.0000 9.2900
9.3584144415e-002 9.9036819811e-002 -5.9297898986e-001
0 0 0
2 0 371 178.5800 140.5800 1 371 255.7700 -44.9300
9.5040663371e-002 6.0521485102e-002 -5.9847287152e-001
0 0 0
2 0 372 178.3100 81.7400 1 372 243.0000 -74.1200
9.4245959505e-002 3.0873934516e-002 -6.1193676761e-001
0 0 0
2 0 373 170.3600 35.7500 1 373 225.5800 -92.3100
9.4692807803e-002 7.5485814583e-003 -6.3361480145e-001
0 0 0
2 0 374 160.1300 4.2600 1 374 201.8100 -108.0000
9.3547306366e-002 -1.9193536336e-002 -6.5955431685e-001
0 0 0
2 0 375 147.1300 -29.5800 1 375 174.8300 -122.5200
9.7045036920e-002 -4.0513979916e-002 -6.8545387031e-001
0 0 0
2 0 376 140.8600 -52.9800 1 376 150.8000 -132.9200
1.0210904570e-001 -5.7056637946e-002 -7.1312947778e-001
0 0 0
2 0 377 136.2900 -68.8300 1 377 128.0000 -138.0000
1.1241363357e-001 -6.7029500629e-002 -7.4286394111e-001
0 0 0
2 0 378 136.8900 -74.5100 1 378 107.3000 -139.1500
1.2216628735e-001 -7.4813556049e-002 -7.7073374432e-001
0 0 0
2 0 379 137.4900 -78.1400 1 379 89.4400 -138.3800
1.2979887776e-001 -8.0216751917e-002 -7.9564482972e-001
0 0 0
2 0 380 136.9400 -79.5500 1 380 74.2700 -136.6700
1.3883815286e-001 -8.4524776426e-002 -8.2364688397e-001
0 0 0
2 0 381 136.7800 -79.3000 1 381 58.5000 -133.7100
1.4734436666e-001 -8.8923618361e-002 -8.5050233698e-001
0 0 0
2 0 382 136.5000 -79.3200 1 382 44.0000 -131.1700
1.5261860437e-001 -9.4074825583e-002 -8.7388281184e-001
0 0 0
2 0 383 134.5000 -80.5000 1 383 31.0000 -129.8300
1.5904662285e-001 -9.8163328460e-002 -9.0384210954e-001
0 0 0
2 0 384 131.8600 -80.0000 1 384 15.4500 -126.3600
1.6581815180e-001 -1.0212681657e-001 -9.2347569110e-001
0 0 0
2 0 385 132.2500 -80.7500 1 385 6.2000 -125.0000
1.6370971544e-001 -1.0975958387e-001 -9.4668355900e-001
0 0 0
2 0 386 125.0600 -83.8900 1 386 -8.2000 -125.0000
1.0702925119e-001 -1.3748941659e-001 -1.0213544213e+000
0 0 0
2 0 387 69.8800 -96.4100 1 387 -71.3100 -124.0000
7.4139370300e-002 -1.3373324780e-001 -1.0416717074e+000
0 0 0
2 0 388 44.2900 -91.7100 1 388 -93.3800 -115.8500
3.8419530887e-002 -1.2762876353e-001 -1.0755475812e+000
0 0 0
2 0 389 16.6700 -85.1700 1 389 -123.1700 -101.9200
-9.2439214839e-002 -8.7973464286e-002 -1.0867607708e+000
0 0 0
2 0 390 -72.4000 -59.6000 1 390 -183.5000 -60.0000
-1.1041946552e-001 -8.6988496645e-002 -1.0706399295e+000
0 0 0
2 0 391 -85.2200 -60.8300 1 391 -185.2900 -59.8600
-1.1861719852e-001 -1.0000050621e-001 -1.0475099615e+000
0 0 0
2 0 392 -91.8100 -71.5000 1 392 -181.7700 -73.8200
-1.0562631944e-001 -1.4715439519e-001 -9.9996563812e-001
0 0 0
2 0 394 -83.6700 -111.1700 1 394 -161.6900 -122.5000
-9.2149524957e-002 -1.6263678482e-001 -9.7748648277e-001
0 0 0
2 0 395 -73.9000 -126.1000 1 395 -145.8600 -141.4100
-7.4099542196e-002 -1.7147019654e-001 -9.6006418853e-001
0 0 0
2 0 396 -60.0000 -135.6200 1 396 -128.5600 -153.8900
-5.9387818383e-002 -1.7154082074e-001 -9.6116541099e-001
0 0 0
2 0 397 -48.4300 -135.1400 1 397 -121.4400 -154.1100
-4.7509419984e-002 -1.5219507184e-001 -9.7232927243e-001
0 0 0
2 0 398 -39.5700 -118.4300 1 398 -116.6100 -136.5700
-2.9920763316e-002 -1.2327690631e-001 -9.8473910127e-001
0 0 0
2 0 399 -26.7700 -94.4200 1 399 -107.5800 -113.1600
1.2647410662e-001 -5.8819774961e-002 -9.4501212727e-001
0 0 0
2 0 400 96.7500 -45.4000 1 400 -9.2000 -90.6000
1.3151803087e-001 -5.3995059896e-002 -9.1080830827e-001
0 0 0
2 0 401 107.8700 -43.8700 1 401 12.0000 -94.5700
7.1256306658e-002 -4.9406921184e-002 -8.2695648346e-001
0 0 0
2 0 402 73.9200 -47.8800 1 402 43.4300 -104.0000
2.1885811713e-003 -7.3599994356e-002 -7.8488675402e-001
0 0 0
2 0 404 14.1700 -78.0800 1 404 42.4000 -127.6000
-2.6742215695e-002 -7.9370275115e-002 -7.7414698274e-001
0 0 0
2 0 405 -14.4300 -86.6600 1 405 38.0000 -133.2700
-5.8756055769e-002 -7.8233789747e-002 -7.6168340510e-001
0 0 0
2 0 406 -47.7700 -88.5100 1 406 35.1400 -133.9300
-8.5311466662e-002 -7.9186566304e-002 -7.5849387456e-001
0 0 0
2 0 407 -76.4700 -90.8900 1 407 26.3300 -134.0000
-1.0947586569e-001 -7.7168508257e-002 -7.5551590336e-001
0 0 0
2 0 408 -103.1100 -89.7100 1 408 18.6000 -131.6500
-1.2736031779e-001 -6.7451953361e-002 -7.4853945121e-001
0 0 0
2 0 409 -123.9200 -81.0500 1 409 19.0900 -122.9100
-1.3862854473e-001 -5.8963763743e-002 -7.4036461097e-001
0 0 0
2 0 410 -138.0300 -73.1700 1 410 23.3300 -116.2500
-1.5553016235e-001 -5.2827629059e-002 -7.3708529456e-001
0 0 0
2 0 411 -158.1100 -67.1100 1 411 20.0000 -109.5000
-1.6830098177e-001 -4.4615645419e-002 -7.3649331073e-001
0 0 0
2 0 412 -173.1500 -58.2900 1 412 16.8900 -99.7100
-1.7292691525e-001 -2.8417458496e-002 -7.2978305687e-001
0 0 0
2 0 413 -180.5300 -40.8300 1 413 25.9700 -84.1900
-1.7652199730e-001 -1.1133920057e-002 -7.2313757147e-001
0 0 0
2 0 414 -186.8800 -21.6100 1 414 36.0600 -67.3100
-1.7962427581e-001 1.3391473279e-002 -7.1376600048e-001
0 0 0
2 0 415 -193.7300 6.9100 1 415 51.5000 -43.5000
-1.8427914501e-001 4.1597806351e-002 -7.0430549649e-001
0 0 0
2 0 416 -202.8200 40.9600 1 416 67.8900 -14.8600
-1.9062357779e-001 6.8845895984e-002 -6.9396109530e-001
0 0 0
2 0 417 -214.6700 75.5900 1 417 84.4100 13.4600
-2.0622655950e-001 1.2064491108e-001 -6.6693210901e-001
0 0 0
2 0 419 -246.6500 148.9300 1 419 123.3300 69.0300
-1.5892357810e-002 1.2767700639e-001 -6.0893147519e-001
0 0 0
2 0 425 13.2900 178.0300 1 425 233.7200 5.9700
-4.0756792169e-003 1.1367769819e-001 -6.5557261949e-001
0 0 0
2 0 426 21.9700 143.2400 1 426 189.0000 -2.0000
-1.9245516691e-003 9.0537028418e-002 -6.9969951157e-001
0 0 0
2 0 427 18.0500 105.0600 1 427 145.7900 -15.3600
-4.1163755558e-002 4.2257530280e-002 -7.6734622495e-001
0 0 0
2 0 428 -31.0700 40.4100 1 428 69.4800 -31.7400
-5.9956143074e-002 3.0625628185e-002 -7.8468243710e-001
0 0 0
2 0 429 -50.9700 27.3100 1 429 46.5000 -34.5000
-7.4091492618e-002 2.1809451232e-002 -7.9612076313e-001
0 0 0
2 0 430 -65.2400 17.7900 1 430 30.0900 -36.9100
-7.4340873592e-002 6.5620798518e-003 -8.1230763135e-001
0 0 0
2 0 431 -64.9100 2.3000 1 431 14.0000 -46.0000
-7.5641514164e-002 4.8117195107e-003 -8.1758841119e-001
0 0 0
2 0 432 -66.0800 1.0000 1 432 9.0400 -46.5000
-8.0730628173e-002 4.0046568373e-003 -8.2541590030e-001
0 0 0
2 0 433 -70.8200 0.0300 1 433 1.0900 -44.3900
-9.2123460239e-002 6.1844458120e-003 -8.3613371181e-001
0 0 0
2 0 434 -81.4200 2.0800 1 434 -10.9600 -38.2900
-1.0813906074e-001 9.8222744943e-003 -8.4225005530e-001
0 0 0
2 0 435 -96.3800 5.3400 1 435 -21.6100 -31.0000
-1.3026883542e-001 1.4999329599e-002 -8.4551019143e-001
0 0 0
2 0 436 -117.1800 9.8800 1 436 -33.0500 -21.5000
-1.4714710234e-001 1.7768561013e-002 -8.4507802787e-001
0 0 0
2 0 437 -133.3300 12.5000 1 437 -40.4500 -15.8500
-1.5943710443e-001 2.1614505193e-002 -8.4427877165e-001
0 0 0
2 0 438 -145.2400 16.2100 1 438 -45.1500 -10.0800
-1.6427548708e-001 2.9776435515e-002 -8.4157895982e-001
0 0 0
2 0 439 -150.3700 23.3700 1 439 -43.0700 -1.5900
-1.6078856619e-001 3.5472289233e-002 -8.4557781212e-001
0 0 0
2 0 440 -146.6200 29.9700 1 440 -42.8900 2.2900
-1.5203920493e-001 4.7604809995e-002 -8.5654303043e-001
0 0 0
2 0 441 -136.9100 39.9700 1 441 -42.5000 13.9100
-1.3701195199e-001 5.7426849575e-002 -8.7182708003e-001
0 0 0
2 0 442 -121.3600 48.2700 1 442 -43.0000 21.2900
-1.2068992638e-001 6.2822057366e-002 -8.8626020051e-001
0 0 0
2 0 443 -105.4200 52.4500 1 443 -43.5300 24.0000
-1.0411053981e-001 6.5146006929e-002 -8.9899164635e-001
0 0 0
2 0 444 -90.0000 53.6600 1 444 -43.5300 24.0000
-8.4180263907e-002 6.2328644394e-002 -9.1339832925e-001
0 0 0
2 0 445 -72.2400 50.5500 1 445 -44.4700 19.3500
-6.7519483886e-002 5.2443954357e-002 -9.3028914395e-001
0 0 0
2 0 446 -57.8800 41.6700 1 446 -50.1200 10.6900
-5.9304330840e-002 4.0546213934e-002 -9.4977076175e-001
0 0 0
2 0 447 -51.0000 31.2900 1 447 -61.1700 3.2800
-5.4537100332e-002 2.2495431714e-002 -9.7633548799e-001
0 0 0
2 0 448 -47.1800 16.7700 1 448 -78.9500 -6.7000
-5.2271343383e-002 2.7638071105e-003 -9.9733428671e-001
0 0 0
2 0 449 -45.3900 1.5200 1 449 -94.4100 -17.5900
-4.9391484161e-002 -2.2338932861e-002 -1.0205606729e+000
0 0 0
2 0 450 -43.2200 -16.6500 1 450 -111.6700 -31.8000
-4.5429138060e-002 -4.2788386638e-002 -1.0401354325e+000
0 0 0
2 0 451 -40.4100 -30.4100 1 451 -124.9500 -43.3700
-4.1222834901e-002 -6.5136953172e-002 -1.0630720948e+000
0 0 0
2 0 452 -37.5900 -44.8800 1 452 -139.7900 -55.0700
-3.7452021445e-002 -8.5490892802e-002 -1.0841526596e+000
0 0 0
2 0 453 -35.2100 -57.0500 1 453 -153.0700 -65.6400
-3.2131649027e-002 -1.0136557966e-001 -1.1008514521e+000
0 0 0
2 0 454 -31.8500 -66.5400 1 454 -162.0000 -73.4300
-2.5747504990e-002 -1.1570945887e-001 -1.1135759535e+000
0 0 0
2 0 455 -27.8500 -74.5400 1 455 -168.0800 -81.3100
-1.4034501761e-002 -1.3151346060e-001 -1.1239135259e+000
0 0 0
2 0 456 -20.4700 -82.6700 1 456 -170.7700 -91.5400
2.8548423321e-004 -1.4279497418e-001 -1.1311882448e+000
0 0 0
2 0 457 -11.5000 -89.5000 1 457 -169.5000 -98.0000
1.5804690443e-002 -1.5129779745e-001 -1.1334899580e+000
0 0 0
2 0 458 -1.7100 -94.5000 1 458 -165.0000 -104.0000
3.5118862445e-002 -1.6004035162e-001 -1.1339571116e+000
0 0 0
2 0 459 10.5000 -99.5000 1 459 -158.1800 -110.8200
5.4572650463e-002 -1.6709720720e-001 -1.1309304088e+000
0 0 0
2 0 460 23.0000 -103.8300 1 460 -149.6400 -117.0900
7.4466385696e-002 -1.7253880120e-001 -1.1182697445e+000
0 0 0
2 0 461 36.7100 -108.1400 1 461 -136.6400 -124.3600
2.0945240106e-001 -1.1055782561e-001 -9.0251198307e-001
0 0 0
2 0 462 172.3200 -89.4300 1 462 28.8200 -136.1800
1.9246605422e-001 -1.0523305546e-001 -8.8705338027e-001
0 0 0
2 0 463 163.5000 -87.1200 1 463 33.2000 -136.0000
1.7863966979e-001 -1.0150218179e-001 -8.7252262059e-001
0 0 0
2 0 464 156.5900 -86.4500 1 464 38.0000 -136.0000
1.5817741132e-001 -9.9914986611e-002 -8.5762008736e-001
0 0 0
2 0 465 143.8100 -87.7700 1 465 40.8100 -137.3100
1.3686386339e-001 -1.0169469349e-001 -8.4780186262e-001
0 0 0
2 0 466 128.2200 -91.6700 1 466 39.8500 -139.4600
1.2089590002e-001 -1.0900085684e-001 -8.4744389027e-001
0 0 0
2 0 467 114.3800 -98.3800 1 467 33.5000 -144.2900
1.0493882080e-001 -1.2396053769e-001 -8.5290148372e-001
0 0 0
2 0 468 99.1700 -111.2800 1 468 21.8600 -152.7100
9.1718217666e-002 -1.4264865790e-001 -8.6082809655e-001
0 0 0
2 0 469 86.0400 -127.4800 1 469 8.6700 -162.4700
8.3950595683e-002 -1.5769600109e-001 -8.7315492662e-001
0 0 0
2 0 470 77.0000 -137.2900 1 470 -4.8800 -170.8800
7.8485872954e-002 -1.6965842923e-001 -8.8024159176e-001
0 0 0
2 0 471 71.1200 -146.6700 1 471 -13.6400 -176.7900
7.4158353361e-002 -1.7860521458e-001 -8.8906380372e-001
0 0 0
2 0 472 66.0000 -151.8600 1 472 -22.4700 -181.3300
7.0658136573e-002 -1.8357973857e-001 -8.9855510571e-001
0 0 0
2 0 473 61.5500 -153.8500 1 473 -30.4000 -182.4000
6.8652126675e-002 -1.8652963111e-001 -9.0784994665e-001
0 0 0
2 0 474 58.4500 -154.1500 1 474 -37.1400 -182.0700
6.7022371174e-002 -1.9024792224e-001 -9.1885411900e-001
0 0 0
2 0 475 55.4800 -154.8300 1 475 -44.7900 -181.6400
6.3846034391e-002 -1.9468615553e-001 -9.3319351936e-001
0 0 0
2 0 476 50.9100 -155.2200 1 476 -55.0000 -181.0000
5.5705567001e-002 -2.0009323173e-001 -9.5356254745e-001
0 0 0
2 0 477 41.9100 -155.2300 1 477 -70.6100 -179.3900
4.5553670542e-002 -2.0411763672e-001 -9.7441396432e-001
0 0 0
2 0 478 31.7900 -154.0500 1 478 -86.9000 -176.8100
3.0136518075e-002 -2.0838664909e-001 -1.0072294414e+000
0 0 0
2 0 479 17.2500 -151.5000 1 479 -111.5300 -170.6300
1.6309349886e-002 -2.0876935749e-001 -1.0286553593e+000
0 0 0
2 0 480 5.6700 -148.0000 1 480 -128.7100 -165.2900
1.8028899755e-003 -2.0633524855e-001 -1.0457749870e+000
0 0 0
2 0 481 -5.6200 -143.4400 1 481 -143.4700 -159.1300
-1.1072735768e-002 -2.0274031979e-001 -1.0666617754e+000
0 0 0
2 0 482 -15.5600 -137.7500 1 482 -159.0000 -151.1000
-2.5352264443e-002 -1.9602628879e-001 -1.0865814748e+000
0 0 0
2 0 483 -26.0000 -130.5700 1 483 -174.0000 -141.0000
-3.3490897307e-002 -1.8718073501e-001 -1.1000871575e+000
0 0 0
2 0 484 -31.8600 -122.7100 1 484 -182.4000 -131.6000
-4.3217350343e-002 -1.7540670971e-001 -1.1130969460e+000
0 0 0
2 0 485 -38.6200 -112.6200 1 485 -190.7800 -120.8300
-5.0134391876e-002 -1.6139901621e-001 -1.1259055137e+000
0 0 0
2 0 486 -43.4100 -103.1200 1 486 -196.7800 -107.1700
-5.8864268062e-002 -1.4769843728e-001 -1.1327716329e+000
0 0 0
2 0 487 -49.2100 -93.6400 1 487 -201.2900 -95.8600
-7.4559194345e-002 -1.3016803244e-001 -1.1352660991e+000
0 0 0
2 0 488 -59.4400 -82.7800 1 488 -206.6700 -81.7300
-9.0717440813e-002 -1.1359397025e-001 -1.1299382389e+000
0 0 0
2 0 489 -70.1100 -72.0000 1 489 -209.3300 -70.4700
-1.0172960719e-001 -9.8297916862e-002 -1.1256092968e+000
0 0 0
2 0 490 -77.5000 -63.5000 1 490 -209.6200 -58.6200
-1.1287137247e-001 -8.7965178845e-002 -1.1143667024e+000
0 0 0
2 0 491 -85.2900 -57.2900 1 491 -208.2500 -52.4400
-1.2016991959e-001 -8.1367271297e-002 -1.1023897747e+000
0 0 0
2 0 492 -90.6700 -54.4700 1 492 -205.0000 -48.5000
-1.2757287792e-001 -7.6280519599e-002 -1.0871161199e+000
0 0 0
2 0 493 -96.4400 -52.2500 1 493 -200.6000 -46.6500
-1.3304720114e-001 -7.3082354368e-002 -1.0729809759e+000
0 0 0
2 0 494 -101.0000 -51.0000 1 494 -196.0000 -46.3300
-1.3827995732e-001 -6.9634931332e-002 -1.0549185102e+000
0 0 0
2 0 495 -105.7900 -49.9500 1 495 -189.0000 -46.5000
-1.4104794571e-001 -6.4203299127e-002 -1.0375288278e+000
0 0 0
2 0 496 -109.0000 -47.0000 1 496 -180.1600 -45.6800
-1.4008238220e-001 -5.6213684936e-002 -1.0186985115e+000
0 0 0
2 0 497 -109.6900 -42.8100 1 497 -167.2200 -43.0900
-1.3556207807e-001 -4.6124574477e-002 -1.0038886742e+000
0 0 0
2 0 498 -107.4700 -36.2600 1 498 -153.6500 -38.8000
-1.2798885717e-001 -3.6429097633e-002 -1.0013181724e+000
0 0 0
2 0 499 -102.1000 -27.7000 1 499 -145.5800 -34.1600
-1.2008867204e-001 -2.5116625863e-002 -9.9764409360e-001
0 0 0
2 0 500 -96.4400 -19.7500 1 500 -136.0000 -27.0000
-1.1253144440e-001 -1.2854128144e-002 -9.9161251727e-001
0 0 0
2 0 501 -91.1100 -11.1100 1 501 -125.1300 -19.5300
-1.0115499607e-001 -2.6093028395e-003 -9.8880537139e-001
0 0 0
2 0 502 -82.6300 -3.2600 1 502 -114.8900 -14.2800
-8.9354285352e-002 4.3989411400e-003 -9.9301667693e-001
0 0 0
2 0 503 -73.5300 2.0000 1 503 -109.4100 -10.2400
-7.5552729170e-002 7.6237575419e-003 -1.0069293427e+000
0 0 0
2 0 504 -62.9000 5.0000 1 504 -109.6000 -8.4000
-6.2891266994e-002 5.6842018843e-003 -1.0255442025e+000
0 0 0
2 0 505 -53.4100 3.7600 1 505 -114.0000 -9.0000
-5.3187721655e-002 2.6370003398e-004 -1.0428768699e+000
0 0 0
2 0 506 -46.4100 -0.1200 1 506 -119.7100 -11.5000
-3.8517249876e-002 -8.3879741080e-003 -1.0618283655e+000
0 0 0
2 0 507 -36.3100 -5.0600 1 507 -124.6700 -17.5300
-1.9467552528e-002 -1.6444599302e-002 -1.0791653294e+000
0 0 0
2 0 508 -23.6000 -10.4000 1 508 -126.1800 -22.8200
-1.2999234213e-003 -2.1447534363e-002 -1.0953397883e+000
0 0 0
2 0 509 -12.0000 -13.4300 1 509 -126.8000 -26.0000
9.5445355251e-003 -2.6011106681e-002 -1.1054392405e+000
0 0 0
2 0 510 -5.3300 -15.7500 1 510 -127.8200 -29.1800
1.6914221358e-002 -3.0587580870e-002 -1.1144332659e+000
0 0 0
2 0 511 -1.0000 -18.1700 1 511 -129.8000 -31.9000
1.8147588483e-002 -3.5671020244e-002 -1.1228986481e+000
0 0 0
2 0 512 -0.6200 -21.6200 1 512 -134.1200 -33.5000
1.3934542489e-002 -3.7757843724e-002 -1.1311915819e+000
0 0 0
2 0 513 -3.7500 -22.6700 1 513 -140.2000 -33.0000
3.4809954074e-003 -3.9288925789e-002 -1.1415027643e+000
0 0 0
2 0 514 -10.8500 -23.5400 1 514 -149.8200 -30.8200
-6.3529108680e-003 -4.0106566395e-002 -1.1488189037e+000
0 0 0
2 0 515 -17.3300 -23.7500 1 515 -157.8000 -29.0000
-1.7532079946e-002 -4.1357148678e-002 -1.1487287073e+000
0 0 0
2 0 516 -24.3100 -24.9200 1 516 -163.2000 -28.0000
-2.7255243444e-002 -4.2092495794e-002 -1.1433731211e+000
0 0 0
2 0 517 -30.2900 -25.5000 1 517 -165.6400 -28.0900
-3.2011834466e-002 -4.5636292578e-002 -1.1306488868e+000
0 0 0
2 0 518 -33.0000 -28.1700 1 518 -163.0000 -31.8300
-3.4671803018e-002 -4.7885008642e-002 -1.1168950892e+000
0 0 0
2 0 519 -34.4000 -30.4000 1 519 -158.4300 -35.0000
-3.6954197542e-002 -4.8770963597e-002 -1.1021664488e+000
0 0 0
2 0 520 -35.6000 -31.6000 1 520 -152.8500 -37.7700
-4.1451903477e-002 -4.5744763108e-002 -1.0898997967e+000
0 0 0
2 0 521 -38.4000 -30.4000 1 521 -148.4300 -37.0000
-4.5574076754e-002 -3.9567565559e-002 -1.0760125771e+000
0 0 0
2 0 522 -41.0500 -26.7900 1 522 -142.2500 -34.6700
-4.5461998648e-002 -3.3432853726e-002 -1.0617636092e+000
0 0 0
2 0 523 -40.8300 -23.2800 1 523 -133.6400 -32.7900
-4.1426824278e-002 -2.9534925537e-002 -1.0483436891e+000
0 0 0
2 0 524 -37.8300 -21.0000 1 524 -124.0000 -33.0000
