# Bundle file v0.3
4 468
7.6800000000e+002 0.0000000000e+000 0.0000000000e+000
1.0000000000e+000 0.0000000000e+000 0.0000000000e+000
0.0000000000e+000 1.0000000000e+000 0.0000000000e+000
0.0000000000e+000 0.0000000000e+000 1.0000000000e+000
-0.0000000000e+000 -0.0000000000e+000 -0.0000000000e+000
7.6800000000e+002 0.0000000000e+000 0.0000000000e+000
4.0445254897e-001 2.8841814396e-001 8.6789003328e-001
-2.3418165578e-001 9.4999357894e-001 -2.0656996893e-001
-8.8406848588e-001 -1.1969617456e-001 4.5176956302e-001
7.5746615101e-001 -2.4416632820e-001 -6.0549800516e-001
0 0 0
0 0 0
0 0 0
0 0 0
0 0 0
0 0 0
0 0 0
0 0 0
0 0 0
0 0 0
1.2722108323e-001 -7.8544254275e-002 -9.3271605227e-001
0 0 0
2 0 0 104.7500 -64.5000 1 0 -15.8300 -106.1700
1.2411920382e-001 -8.3941606673e-002 -9.1651254145e-001
0 0 0
2 0 1 104.0000 -70.0000 1 1 -8.3000 -112.7000
1.2271917128e-001 -8.5356497858e-002 -9.0082315436e-001
0 0 0
2 0 2 104.6200 -72.5200 1 2 0.4000 -116.4000
1.1772078963e-001 -8.3691773355e-002 -8.7696487547e-001
0 0 0
2 0 3 103.0900 -73.0900 1 3 13.8500 -119.4600
1.1009292823e-001 -8.0241836571e-002 -8.5584885241e-001
0 0 0
2 0 4 98.7900 -71.8800 1 4 25.6200 -120.6200
9.8297551972e-002 -7.5000917389e-002 -8.3499143635e-001
0 0 0
2 0 5 90.4100 -68.9300 1 5 36.8500 -120.2300
1.5780520984e-002 -3.6208350750e-002 -7.5941041747e-001
0 0 0
2 0 6 16.0000 -37.5900 1 6 75.8800 -99.3100
-9.9901012307e-003 -2.7703581507e-002 -7.5401198787e-001
0 0 0
2 0 7 -10.1700 -28.3300 1 7 74.8900 -92.2800
-2.8280057654e-002 -2.2141334214e-002 -7.5158338840e-001
0 0 0
2 0 8 -28.9200 -22.2000 1 8 73.0000 -87.0000
-8.2832816820e-002 -2.2264017488e-002 -7.6631881098e-001
0 0 0
2 0 9 -83.0000 -22.5800 1 9 46.0800 -76.5400
-1.1444479972e-001 -8.6487520984e-003 -7.6831179099e-001
0 0 0
2 0 11 -114.4000 -8.6200 1 11 37.8100 -60.4200
-1.2754540729e-001 7.2302371409e-003 -7.5407709420e-001
0 0 0
2 0 12 -129.9100 7.4900 1 12 49.2200 -47.6900
-1.3334396243e-001 2.3643424946e-002 -7.2733554623e-001
0 0 0
2 0 13 -140.8200 25.2000 1 13 74.1000 -37.9800
-1.3226120852e-001 4.7519792536e-002 -6.8088559524e-001
0 0 0
2 0 14 -149.2500 54.2100 1 14 121.1600 -26.9300
-8.7845566265e-002 8.9884406418e-002 -5.9726572950e-001
0 0 0
2 0 15 -113.3400 118.1500 1 15 216.7100 -17.3900
-5.6807098338e-002 9.8663458897e-002 -5.7294687448e-001
0 0 0
2 0 16 -76.5900 135.0900 1 16 245.4700 -21.3400
4.8376091097e-003 1.0010838572e-001 -5.6689775752e-001
0 0 0
2 0 17 6.1600 138.2400 1 17 257.6700 -32.8000
3.0242970359e-002 9.3946550618e-002 -5.7938083304e-001
0 0 0
2 0 18 39.6900 127.3700 1 18 247.7700 -40.1200
5.3237486117e-002 8.3924974341e-002 -6.0522262072e-001
0 0 0
2 0 19 67.3800 107.8800 1 19 227.3000 -44.6100
5.8872528523e-002 7.2551186170e-002 -6.5123543902e-001
0 0 0
2 0 20 69.3400 86.3300 1 20 189.1400 -44.6700
4.8004100723e-002 6.2999423254e-002 -7.0230247180e-001
0 0 0
2 0 21 52.3800 69.9800 1 21 146.0000 -41.3000
2.5309985999e-002 5.2240489845e-002 -7.3795524108e-001
0 0 0
2 0 22 26.3500 54.2700 1 22 113.0000 -38.0000
9.5722125695e-004 4.3158315620e-002 -7.8138133444e-001
0 0 0
2 0 23 0.8900 42.9700 1 23 73.1700 -34.0800
-3.0345399845e-002 3.5538662562e-002 -8.1076533553e-001
0 0 0
2 0 24 -28.7400 33.6100 1 24 41.9200 -28.9200
-5.9326660545e-002 3.3225063548e-002 -8.2100489999e-001
0 0 0
2 0 25 -55.5000 31.1200 1 25 25.2400 -24.1400
-8.7997871552e-002 3.8805088940e-002 -8.4991675068e-001
0 0 0
2 0 26 -79.5400 35.3200 1 26 -3.9100 -9.5900
-1.4993141007e-001 4.0562340091e-002 -8.6557325620e-001
0 0 0
2 0 27 -132.8500 34.1200 1 27 -37.1700 9.1200
-1.4516069287e-001 1.5442738146e-002 -8.6199362475e-001
0 0 0
2 0 28 -129.1300 11.2600 1 28 -39.0000 -13.0000
-1.3444107639e-001 -2.0090718590e-002 -8.6405590120e-001
0 0 0
2 0 29 -119.4800 -18.1200 1 29 -46.1300 -46.5300
-1.1322056295e-001 -6.2143624608e-002 -8.6505409579e-001
0 0 0
2 0 30 -100.5100 -55.4100 1 30 -49.2200 -84.4400
-8.3500300874e-002 -1.0071617706e-001 -8.6425609999e-001
0 0 0
2 0 31 -74.2000 -89.5500 1 31 -46.7700 -119.5800
-5.5782576320e-002 -1.2583619388e-001 -8.6250414207e-001
0 0 0
2 0 32 -49.6700 -111.9500 1 32 -41.2300 -142.4200
-2.0623376923e-002 -1.4308518942e-001 -8.5927246690e-001
0 0 0
2 0 33 -18.4400 -128.3700 1 33 -30.2900 -157.9600
1.1714095522e-002 -1.5243815237e-001 -8.4952110220e-001
0 0 0
2 0 34 10.5900 -137.8100 1 34 -14.9100 -169.2200
3.4202554350e-002 -1.5280337022e-001 -8.3486667905e-001
0 0 0
2 0 35 31.4700 -140.2600 1 35 2.0000 -174.0000
5.5443037211e-002 -1.4882943491e-001 -8.2400938539e-001
0 0 0
2 0 36 51.6800 -138.4500 1 36 16.5600 -174.1100
6.8512585831e-002 -1.4210993276e-001 -8.1548100508e-001
0 0 0
2 0 37 64.5300 -133.4700 1 37 27.4400 -171.6100
7.9942067827e-002 -1.3552214673e-001 -8.0873424921e-001
0 0 0
2 0 38 75.9300 -127.7100 1 38 36.3800 -169.4400
8.2003084424e-002 -1.2647373886e-001 -7.9409321698e-001
0 0 0
2 0 39 79.3000 -123.1100 1 39 49.0000 -164.0000
7.4774266883e-002 -1.1710511879e-001 -7.8860595806e-001
0 0 0
2 0 40 72.8200 -114.1200 1 40 52.6700 -159.0000
6.0904448646e-002 -1.1112059924e-001 -7.9063122889e-001
0 0 0
2 0 41 59.1600 -108.4400 1 41 49.0000 -153.0000
3.6616158162e-002 -1.0810375627e-001 -7.9912541449e-001
0 0 0
2 0 42 35.1900 -103.9700 1 42 37.0500 -148.1900
1.3397108906e-002 -1.0800603534e-001 -8.1530964987e-001
0 0 0
2 0 43 12.6200 -101.9100 1 43 19.0900 -143.0900
-1.2439623860e-002 -1.0739237938e-001 -8.2721465352e-001
0 0 0
2 0 44 -11.5500 -99.4200 1 44 2.7800 -138.9100
-3.0236197280e-002 -1.0920669298e-001 -8.6224722034e-001
0 0 0
2 0 45 -26.9300 -97.5500 1 45 -27.7600 -130.5200
-5.4414454830e-002 -1.1092551691e-001 -8.8145736400e-001
0 0 0
2 0 46 -47.4100 -96.7400 1 46 -50.1400 -126.0000
-7.2801482550e-002 -1.1014495371e-001 -8.9703518986e-001
0 0 0
2 0 47 -62.3300 -94.1900 1 47 -67.7300 -120.6400
-8.3410549719e-002 -1.0460459969e-001 -9.1228725058e-001
0 0 0
2 0 48 -70.2100 -88.8400 1 48 -80.8300 -111.0000
-9.4743246140e-002 -8.9377925198e-002 -9.2176122445e-001
0 0 0
2 0 49 -78.9600 -73.4000 1 49 -88.5000 -97.5000
-1.0790856464e-001 2.6209998056e-002 -9.0266895608e-001
0 0 0
2 0 50 -91.7700 21.8300 1 50 -51.5900 -5.8200
-1.0886715972e-001 4.1165632580e-002 -8.8596931475e-001
0 0 0
2 0 51 -94.2500 34.3900 1 51 -36.2300 4.1800
-1.1433332108e-001 5.2469512358e-002 -8.7112633224e-001
0 0 0
2 0 52 -100.7600 45.8800 1 52 -25.0900 10.9100
-1.2074436529e-001 5.8126157238e-002 -8.5343625895e-001
0 0 0
2 0 53 -108.6000 51.7700 1 53 -13.0000 14.0000
-1.3014793203e-001 6.1413141812e-002 -8.3944916213e-001
0 0 0
2 0 54 -119.0600 56.0900 1 54 -5.2300 15.9100
-1.3821429115e-001 6.5072069905e-002 -8.2670279864e-001
0 0 0
2 0 55 -128.3400 59.9200 1 55 2.7100 19.0000
-1.4845462114e-001 6.9800663688e-002 -8.1659074215e-001
0 0 0
2 0 56 -139.6400 65.8100 1 56 7.9200 22.9200
-1.6125559573e-001 7.5546233874e-002 -8.0627707569e-001
0 0 0
2 0 57 -153.6800 72.6100 1 57 12.8800 28.6700
-2.7481382181e-001 1.2691787143e-001 -7.3048419858e-001
0 0 0
2 0 58 -289.4200 136.1300 1 58 52.0000 97.0000
-2.8828086242e-001 1.3741281313e-001 -7.0492222211e-001
0 0 0
2 0 59 -314.8000 153.3400 1 59 75.3900 108.1500
9.1833924119e-002 1.1972873296e-001 -5.1095665704e-001
0 0 0
2 0 60 137.6800 182.1000 1 60 316.3100 -41.9200
1.1871453087e-001 9.6585114332e-002 -5.5888957609e-001
0 0 0
2 0 62 162.9200 134.2900 1 62 273.5000 -53.6400
1.2513851211e-001 8.2498982567e-002 -5.9396274355e-001
0 0 0
2 0 63 161.5900 108.4600 1 63 243.3500 -58.7800
1.2326848942e-001 6.8979310125e-002 -6.1674726543e-001
0 0 0
2 0 64 153.4300 86.5300 1 64 223.5800 -62.4200
1.1978537121e-001 5.8648574117e-002 -6.3997505342e-001
0 0 0
2 0 65 143.7300 70.5600 1 65 203.7400 -64.5300
5.5442308672e-002 2.2733783977e-002 -7.4098810046e-001
0 0 0
2 0 66 57.4900 23.2200 1 66 111.1100 -63.4200
3.0035250878e-002 2.2197708321e-002 -7.6150050701e-001
0 0 0
2 0 67 30.3000 22.2800 1 67 90.3700 -57.0000
-2.0274219127e-003 2.3690227799e-002 -7.7335047563e-001
0 0 0
2 0 68 -2.0000 23.3600 1 68 74.2100 -49.1600
-2.8377114630e-002 2.5908872062e-002 -7.7783211933e-001
0 0 0
2 0 69 -28.0000 25.3600 1 69 64.4700 -42.6500
-5.8934316435e-002 2.7928406740e-002 -7.8021997917e-001
0 0 0
2 0 70 -58.0000 27.3600 1 70 54.5600 -35.8900
-8.8685635884e-002 2.9062167908e-002 -7.7816356129e-001
0 0 0
2 0 71 -87.5200 28.6000 1 71 47.5800 -30.4200
-2.5270655714e-001 5.9238737914e-002 -7.4538855576e-001
0 0 0
2 0 72 -260.4700 61.8200 1 72 26.6400 26.0000
-2.8860892980e-001 7.1089537124e-002 -7.3470102637e-001
0 0 0
2 0 73 -301.8600 75.5400 1 73 25.8200 46.4000
-2.9141784620e-001 1.3707754987e-001 -7.0785060168e-001
0 0 0
2 0 74 -316.7800 151.7400 1 74 71.4500 110.1200
-2.6307578495e-001 6.2213539333e-002 -7.9733284831e-001
0 0 0
2 0 75 -253.4400 60.2700 1 75 -23.9500 42.4700
-2.4067475164e-001 5.7752582046e-002 -7.8868966127e-001
0 0 0
2 0 76 -234.4100 56.6500 1 76 -7.9700 30.0800
-2.0870587977e-001 5.3827421438e-002 -7.7658370350e-001
0 0 0
2 0 77 -206.4500 53.6800 1 77 14.2500 15.6200
-1.8160544402e-001 5.0242952748e-002 -7.6787986213e-001
0 0 0
2 0 78 -181.6700 50.5800 1 78 30.7600 4.2100
-1.6870865168e-001 4.7239297630e-002 -7.6398175438e-001
0 0 0
2 0 79 -169.6700 48.1800 1 79 37.6400 -2.5700
-1.5839017786e-001 4.3714290129e-002 -7.6410829282e-001
0 0 0
2 0 80 -159.2200 44.1600 1 80 40.2600 -7.4800
-1.5357208311e-001 4.2601274602e-002 -7.6464063475e-001
0 0 0
2 0 81 -154.2900 43.2100 1 81 41.0700 -9.5900
-1.5212339391e-001 4.0938280294e-002 -7.6601774448e-001
0 0 0
2 0 82 -152.5500 41.3700 1 82 40.0000 -11.0000
-1.5033504519e-001 3.8856932387e-002 -7.6568981973e-001
0 0 0
2 0 83 -150.8400 39.4900 1 83 40.2600 -13.4800
-1.4695910519e-001 3.5382378304e-002 -7.6551334799e-001
0 0 0
2 0 84 -147.4600 35.7400 1 84 40.7100 -17.0000
-1.4084507213e-001 3.2062866772e-002 -7.6494969388e-001
0 0 0
2 0 85 -141.4500 32.6500 1 85 42.2600 -21.4800
-1.2916913980e-001 3.0770406127e-002 -7.6317034933e-001
0 0 0
2 0 86 -130.0000 31.1100 1 86 47.2800 -24.8800
-1.1592179901e-001 3.2435759329e-002 -7.5453090093e-001
0 0 0
2 0 87 -118.0000 33.1100 1 87 58.9300 -27.5900
-1.0781122877e-001 3.4529163103e-002 -7.4469067265e-001
0 0 0
2 0 88 -111.2000 35.7600 1 88 69.9200 -29.3100
-9.9633421938e-002 3.7755949078e-002 -7.3449360739e-001
0 0 0
2 0 89 -104.2000 39.7000 1 89 81.4200 -30.1500
-9.4071321827e-002 4.1046493747e-002 -7.2274281944e-001
0 0 0
2 0 90 -100.0000 44.0000 1 90 93.4100 -30.8800
-7.5241793501e-002 7.0986662444e-002 -6.3738506237e-001
0 0 0
2 0 91 -90.8400 86.9500 1 91 178.0000 -27.0000
-7.7388923842e-002 7.3744475899e-002 -6.1166904009e-001
0 0 0
2 0 92 -97.4000 94.3500 1 92 201.4500 -29.9300
-7.8869557897e-002 7.3932849462e-002 -5.9092653188e-001
0 0 0
2 0 93 -102.8000 98.2900 1 93 220.3800 -34.4800
-7.9069063474e-002 7.5059112834e-002 -5.7687749134e-001
0 0 0
2 0 94 -105.5600 102.0700 1 94 234.0000 -36.4000
-7.6544758594e-002 7.8690185350e-002 -5.6174641232e-001
0 0 0
2 0 95 -105.0100 110.1100 1 95 249.5500 -37.4100
-7.0461045873e-002 8.2145262911e-002 -5.5042419908e-001
0 0 0
2 0 96 -98.7500 117.5900 1 96 261.7700 -38.5300
-4.5564810779e-004 -3.1817149476e-002 -4.9803565209e-001
0 0 0
2 0 99 -0.6600 -50.2900 1 99 294.0300 -157.3400
8.0405369904e-005 -2.6167205873e-002 -5.2255542781e-001
0 0 0
2 0 100 0.1800 -39.9500 1 100 272.0500 -145.2300
-1.0802413522e-003 -1.7312255351e-002 -5.4351788521e-001
0 0 0
2 0 101 -1.5200 -24.5900 1 101 253.9200 -133.9200
-3.8902885557e-003 -2.5029189655e-003 -5.8058625614e-001
0 0 0
2 0 102 -5.1200 -3.7200 1 102 223.5100 -111.1400
-1.4497139166e-002 1.1412078515e-002 -6.1606092830e-001
0 0 0
2 0 103 -18.0600 14.0600 1 103 193.9400 -90.1600
-2.6688134759e-002 2.1483678715e-002 -6.4023037285e-001
0 0 0
2 0 104 -32.0200 25.8400 1 104 173.3300 -75.0300
-3.5451482127e-002 2.9026544435e-002 -6.6280016087e-001
0 0 0
2 0 105 -41.0700 33.5400 1 105 154.3800 -62.3800
-4.7270498091e-002 3.3704271414e-002 -6.7422852306e-001
0 0 0
2 0 106 -53.8800 38.7700 1 106 143.2800 -54.8800
-6.0667680406e-002 3.6186977298e-002 -6.8294146812e-001
0 0 0
2 0 107 -68.2700 41.1800 1 107 133.6100 -49.0000
-7.3333789403e-002 3.6722206617e-002 -6.9378551558e-001
0 0 0
2 0 108 -81.2100 40.9800 1 108 121.7800 -44.0400
-8.7362887976e-002 3.4392431513e-002 -7.0316176785e-001
0 0 0
2 0 109 -95.4600 38.0000 1 109 109.8700 -41.8700
-9.9338442439e-002 3.0054344194e-002 -7.2173845469e-001
0 0 0
2 0 110 -105.7700 32.6800 1 110 90.0000 -40.0000
-1.0878262208e-001 2.2718020170e-002 -7.3745568752e-001
0 0 0
2 0 111 -113.3100 23.9100 1 111 72.6000 -40.9600
-1.1943868738e-001 1.6722147963e-002 -7.5480019367e-001
0 0 0
2 0 112 -121.5700 17.5300 1 112 53.5000 -41.0000
-1.2376226296e-001 1.3024340479e-002 -7.6650292238e-001
0 0 0
2 0 113 -124.0000 13.0000 1 113 41.8100 -40.4200
-1.2655054104e-001 1.3707019695e-002 -7.7409518892e-001
0 0 0
2 0 114 -125.5300 13.3000 1 114 35.0000 -37.5000
-1.2936283393e-001 1.5980397289e-002 -7.7961256852e-001
0 0 0
2 0 115 -127.4300 15.6700 1 115 30.1300 -34.1300
-1.3458039452e-001 1.8592759695e-002 -7.8250945798e-001
0 0 0
2 0 116 -132.0700 18.0700 1 116 26.7400 -30.2200
-1.4454941554e-001 1.9197575706e-002 -7.7844436335e-001
0 0 0
2 0 117 -142.6100 18.9400 1 117 26.7200 -28.8800
-1.5266127997e-001 1.9095009968e-002 -7.6940175767e-001
0 0 0
2 0 118 -152.3900 19.1400 1 118 31.3100 -29.4200
-1.5531510743e-001 2.0709803041e-002 -7.5523873791e-001
0 0 0
2 0 119 -157.9500 21.1800 1 119 42.6800 -30.5000
-1.5745796640e-001 2.3533964061e-002 -7.4316345767e-001
0 0 0
2 0 120 -162.7400 24.5400 1 120 52.9700 -30.2100
-1.5884181791e-001 2.5679868233e-002 -7.3205851889e-001
0 0 0
2 0 121 -166.6800 27.3700 1 121 62.6200 -30.5900
-1.6062988121e-001 2.9655962826e-002 -7.1912922445e-001
0 0 0
2 0 122 -171.5900 32.1300 1 122 74.4500 -29.4100
-1.6245186391e-001 3.6318049475e-002 -7.0805944076e-001
0 0 0
2 0 123 -176.3300 40.6300 1 123 85.2700 -26.0900
-1.6574368106e-001 4.4427738400e-002 -6.9626177012e-001
0 0 0
2 0 124 -182.8900 49.6400 1 124 97.3600 -19.7300
-1.6987771618e-001 5.1624417756e-002 -6.8697066706e-001
0 0 0
2 0 125 -190.0200 58.6200 1 125 106.5600 -14.3400
-1.7732342161e-001 5.6642617659e-002 -6.7624553394e-001
0 0 0
2 0 126 -201.5400 65.6200 1 126 115.7400 -10.6100
-1.8659670560e-001 5.9817415252e-002 -6.6503888107e-001
0 0 0
2 0 127 -215.6700 70.5400 1 127 124.7400 -8.0000
-1.9993397500e-001 6.4132930894e-002 -6.5218603767e-001
0 0 0
2 0 128 -235.6900 77.4200 1 128 134.8400 -3.8100
-2.1386030087e-001 7.0706104525e-002 -6.4363098535e-001
0 0 0
2 0 129 -255.5100 86.6700 1 129 141.5300 4.0500
-2.2976285944e-001 7.7616181434e-002 -6.3951022206e-001
0 0 0
2 0 130 -276.3400 95.9600 1 130 143.4500 14.1100
-2.4541652200e-001 8.4442696423e-002 -6.3683118122e-001
0 0 0
2 0 131 -296.4600 104.9400 1 131 144.0000 24.8900
-2.5710134333e-001 8.9743606240e-002 -6.3455342745e-001
0 0 0
2 0 132 -311.6800 111.6800 1 132 144.9200 33.7200
-2.5712379705e-001 9.6522443384e-002 -6.2324733551e-001
0 0 0
2 0 133 -317.5000 122.6900 1 133 158.9500 37.9300
-1.7925200529e-001 1.0005153964e-001 -6.1515102303e-001
0 0 0
2 0 175 -224.3400 128.1800 1 175 185.9500 17.0700
-2.1702677318e-001 9.8402626763e-002 -6.3693720132e-001
0 0 0
2 0 176 -262.2300 121.9000 1 176 154.9800 30.7100
-2.4710639236e-001 9.8414200432e-002 -6.4938235759e-001
0 0 0
2 0 177 -292.8200 119.7800 1 177 134.2400 42.4500
-2.4485297809e-001 2.5722312890e-002 -6.5687017891e-001
0 0 0
2 0 178 -286.4100 31.3600 1 178 106.3400 -31.0600
-2.1810018095e-001 2.8871600557e-002 -6.6211228440e-001
0 0 0
2 0 179 -253.1200 34.8500 1 179 110.0700 -32.4300
-2.0198603728e-001 2.9872363357e-002 -6.6989172568e-001
0 0 0
2 0 180 -231.6700 35.2500 1 180 107.5500 -32.5900
-1.9081545933e-001 2.8698868421e-002 -6.8109220629e-001
0 0 0
2 0 181 -215.2600 33.3300 1 181 99.7400 -33.3900
-1.8517107706e-001 2.1784769686e-002 -6.9474757614e-001
0 0 0
2 0 182 -204.7700 24.8900 1 182 86.7300 -37.9100
-1.9270248462e-001 1.4885671739e-002 -7.0645687633e-001
0 0 0
2 0 183 -209.5900 17.3300 1 183 71.4500 -40.7600
-2.1915003656e-001 4.7393004359e-003 -7.1515283318e-001
0 0 0
2 0 184 -235.3800 5.5300 1 184 51.5900 -42.8500
-2.4347881155e-001 2.9333310138e-004 -7.2063278005e-001
0 0 0
2 0 185 -259.5100 0.6600 1 185 36.0000 -41.1100
-2.6363295311e-001 -1.7083274915e-003 -7.2195059020e-001
0 0 0
2 0 186 -280.4900 -1.2900 1 186 26.0000 -38.8900
-2.6947817611e-001 -2.7270186285e-003 -7.1989050730e-001
0 0 0
2 0 187 -287.5400 -2.2300 1 187 25.2300 -39.4000
-2.5436590250e-001 -6.8252024702e-003 -7.1339846276e-001
0 0 0
2 0 188 -273.9300 -6.0500 1 188 36.2600 -49.0500
-2.1447784576e-001 -1.2576989401e-002 -7.0451161888e-001
0 0 0
2 0 189 -233.8300 -13.3500 1 189 58.2400 -63.6300
-1.7883400431e-001 -1.6345945721e-002 -6.9104259815e-001
0 0 0
2 0 190 -198.7600 -18.0000 1 190 81.7300 -76.2700
-1.4585554173e-001 -1.7844062755e-002 -6.7175472750e-001
0 0 0
2 0 191 -166.7500 -20.4500 1 191 108.9300 -87.0200
-1.2022741673e-001 -1.2922613049e-002 -6.4420909113e-001
0 0 0
2 0 192 -143.3300 -15.4100 1 192 142.1800 -92.7100
-9.7711192718e-002 1.5276168521e-003 -6.1712288682e-001
0 0 0
2 0 193 -121.6000 1.9000 1 193 175.9000 -88.8700
-7.6981604168e-002 2.1609512382e-002 -6.0411340494e-001
0 0 0
2 0 194 -98.0500 29.5600 1 194 195.9200 -79.0500
-5.2331498268e-002 5.6656003293e-002 -6.0371680159e-001
0 0 0
2 0 195 -66.6700 72.9200 1 195 209.0000 -50.0000
-4.3492791754e-002 1.1582857425e-001 -6.4780704800e-001
0 0 0
2 0 197 -51.8500 139.1500 1 197 184.5900 6.3400
-5.5268358051e-002 1.2955375907e-001 -6.7638936547e-001
0 0 0
2 0 198 -63.0700 149.0200 1 198 161.2700 25.2700
-1.0095339450e-001 1.3078001376e-001 -7.4232060350e-001
0 0 0
2 0 199 -104.7500 137.1900 1 199 96.6300 48.4400
-1.2487413273e-001 1.2032155412e-001 -7.6141142810e-001
0 0 0
2 0 200 -126.1100 122.3700 1 200 72.3100 49.9200
-1.5041416301e-001 1.0814149714e-001 -7.8113430995e-001
0 0 0
2 0 201 -148.0000 107.1100 1 201 45.3800 49.7200
-1.7218365415e-001 9.9726929362e-002 -7.9597169349e-001
0 0 0
2 0 202 -166.2100 96.7700 1 202 23.7900 50.9700
-1.9777447607e-001 9.0655714846e-002 -8.0395594769e-001
0 0 0
2 0 203 -188.9100 86.4600 1 203 5.6600 52.0000
-2.1635268917e-001 8.1906760043e-002 -8.1002154670e-001
0 0 0
2 0 204 -205.1700 77.9700 1 204 -9.2700 49.9100
-2.2645165869e-001 7.0846960523e-002 -8.1125992236e-001
0 0 0
2 0 205 -214.4200 67.4200 1 205 -17.6100 42.7400
-2.2966188079e-001 6.3410999124e-002 -8.1173439572e-001
0 0 0
2 0 206 -217.3200 60.2600 1 206 -21.4700 36.8700
-2.1815273454e-001 4.1497541950e-002 -8.4398604180e-001
0 0 0
2 0 207 -198.5700 38.3300 1 207 -49.4700 19.3700
-2.2172699725e-001 3.2539777108e-002 -8.5408511323e-001
0 0 0
2 0 208 -199.3700 29.1700 1 208 -61.5500 14.5900
-2.2679059504e-001 2.3220316246e-002 -8.6832013276e-001
0 0 0
2 0 209 -200.5700 20.3300 1 209 -77.8600 10.1400
-2.2955111161e-001 1.4663305294e-002 -8.8026390332e-001
0 0 0
2 0 210 -200.2600 12.6100 1 210 -91.0400 5.2900
-2.3084873721e-001 5.7052624869e-003 -8.9497415815e-001
0 0 0
2 0 211 -198.0700 4.5500 1 211 -105.6200 0.4800
-2.2985287263e-001 -2.8292130217e-003 -9.0706357567e-001
0 0 0
2 0 212 -194.5900 -2.7200 1 212 -116.8100 -5.0700
-2.2906139841e-001 -1.2233053602e-002 -9.1828226499e-001
0 0 0
2 0 213 -191.5500 -10.5900 1 213 -127.5500 -11.4100
-2.2422375282e-001 -2.0448459896e-002 -9.2978292174e-001
0 0 0
2 0 214 -185.1900 -17.1900 1 214 -135.9300 -17.4500
-2.1712473073e-001 -2.7521361584e-002 -9.3880567828e-001
0 0 0
2 0 215 -177.6000 -22.8800 1 215 -140.8100 -23.1900
-2.0904819371e-001 -3.2577223088e-002 -9.4817834548e-001
0 0 0
2 0 216 -169.2900 -27.0000 1 216 -144.7100 -27.0000
-2.0149841938e-001 -3.6705082792e-002 -9.5582166200e-001
0 0 0
2 0 217 -161.8700 -30.1300 1 217 -147.3600 -30.3600
-1.9332934865e-001 -4.2064178643e-002 -9.6436144407e-001
0 0 0
2 0 218 -153.9600 -33.5800 1 218 -150.7200 -35.1200
-1.8248766489e-001 -4.9366285353e-002 -9.7255120432e-001
0 0 0
2 0 219 -144.0800 -39.5600 1 219 -152.7100 -41.0000
-1.7485811883e-001 -5.7922377655e-002 -9.8047920377e-001
0 0 0
2 0 220 -137.0000 -44.5000 1 220 -156.8300 -49.0000
-1.5937892615e-001 -7.0334025998e-002 -9.9593987187e-001
0 0 0
2 0 221 -122.9200 -53.7100 1 221 -162.5400 -58.0400
-1.4555113995e-001 -8.3202474063e-002 -1.0089137038e+000
0 0 0
2 0 222 -110.7900 -63.5400 1 222 -167.2900 -67.0000
-1.3314886090e-001 -9.6408174243e-002 -1.0227011327e+000
0 0 0
2 0 223 -100.0000 -71.8600 1 223 -173.4500 -76.8600
-1.2284057385e-001 -1.0712238103e-001 -1.0334367169e+000
0 0 0
2 0 224 -91.3000 -78.9500 1 224 -177.8100 -84.3300
-1.0696226489e-001 -1.2335417181e-001 -1.0477616105e+000
0 0 0
2 0 225 -78.4100 -89.5900 1 225 -182.9000 -95.7000
-8.6341010895e-002 -1.4053966935e-001 -1.0630080990e+000
0 0 0
2 0 226 -62.3800 -101.2500 1 226 -186.1800 -106.9400
-6.6253900837e-002 -1.5200868598e-001 -1.0711878711e+000
0 0 0
2 0 227 -47.5000 -108.5000 1 227 -184.2500 -115.5600
-4.0612892296e-002 -1.6205329921e-001 -1.0753693080e+000
0 0 0
2 0 228 -29.0000 -115.1000 1 228 -177.2700 -124.0000
-1.8453389789e-002 -1.6862346702e-001 -1.0735089225e+000
0 0 0
2 0 229 -13.1900 -119.5000 1 229 -168.0000 -131.0000
6.3311957377e-003 -1.7375304952e-001 -1.0696983933e+000
0 0 0
2 0 230 4.5600 -123.6200 1 230 -156.4600 -136.8500
1.4412394149e-001 -1.3281227010e-001 -9.6250521902e-001
0 0 0
2 0 231 115.0000 -105.0000 1 231 -38.8000 -138.0000
1.3987232643e-001 -1.2236540300e-001 -9.4852330877e-001
0 0 0
2 0 232 113.2500 -98.5000 1 232 -30.0000 -133.2000
1.3180558120e-001 -1.1396495656e-001 -9.3727055963e-001
0 0 0
2 0 233 108.0000 -93.1400 1 233 -24.1700 -129.0000
1.1735719364e-001 -1.0587976905e-001 -9.2910128713e-001
0 0 0
2 0 234 97.0000 -86.7100 1 234 -22.1700 -125.0000
9.7426503683e-002 -9.4856614726e-002 -9.2507427032e-001
0 0 0
2 0 235 80.8800 -78.5000 1 235 -23.3800 -116.3800
7.6977537445e-002 -8.4535379888e-002 -9.2529220583e-001
0 0 0
2 0 236 63.8900 -70.0700 1 236 -27.6000 -107.6000
5.0001977134e-002 -7.2874721676e-002 -9.2777571667e-001
0 0 0
2 0 237 41.3900 -60.2900 1 237 -35.1700 -96.7200
2.5145575468e-002 -6.3580313217e-002 -9.3314314156e-001
0 0 0
2 0 238 20.7000 -52.4700 1 238 -44.6200 -86.6200
-1.8536776340e-003 -5.4772775087e-002 -9.4283920372e-001
0 0 0
2 0 239 -1.5000 -44.8800 1 239 -58.0000 -75.5300
-1.9367279228e-002 -4.8958632592e-002 -9.5334745272e-001
0 0 0
2 0 240 -15.5900 -39.7300 1 240 -69.5800 -67.3200
-2.7059555458e-002 -3.9783406861e-002 -9.6565638783e-001
0 0 0
2 0 241 -21.5000 -32.0900 1 241 -78.0000 -57.2700
-2.4552046496e-002 -2.9287661767e-002 -9.7857741588e-001
0 0 0
2 0 242 -19.2100 -24.1200 1 242 -82.5000 -47.0000
-2.0245786689e-002 -2.1291201940e-002 -9.9351664316e-001
0 0 0
2 0 243 -15.6200 -17.0000 1 243 -88.3500 -39.8800
-1.3206381231e-002 -1.4931654928e-002 -1.0103827470e+000
0 0 0
2 0 244 -10.0000 -12.0000 1 244 -94.3800 -33.4400
-3.4325895581e-003 -1.8203971272e-002 -1.0269849873e+000
0 0 0
2 0 245 -2.5300 -14.2600 1 245 -101.2100 -34.3600
4.5872675826e-003 -3.1378762545e-002 -1.0456481094e+000
0 0 0
2 0 246 3.4000 -23.6500 1 246 -111.8500 -41.4600
1.1225502550e-002 -4.9372516422e-002 -1.0572252107e+000
0 0 0
2 0 247 8.2100 -37.1600 1 247 -119.6400 -51.9100
1.9917994821e-002 -6.8591820714e-002 -1.0594147330e+000
0 0 0
2 0 248 14.4400 -49.7500 1 248 -122.0000 -66.8000
3.2117276479e-002 -8.8723782028e-002 -1.0550461856e+000
0 0 0
2 0 249 23.3800 -64.6200 1 249 -119.2500 -82.3800
8.5659282012e-002 -1.4661518325e-001 -1.0039686636e+000
0 0 0
2 0 250 65.5300 -111.3700 1 250 -83.6700 -135.6700
9.7931549166e-002 -1.3867728547e-001 -9.8962641862e-001
0 0 0
2 0 251 76.0000 -107.5300 1 251 -69.6700 -133.1100
1.2017711551e-001 -1.1577843665e-001 -9.7664049612e-001
0 0 0
2 0 252 94.5000 -90.5900 1 252 -50.6200 -122.2500
1.3372784261e-001 -9.2613013116e-002 -9.6431151534e-001
0 0 0
2 0 253 106.5000 -73.5400 1 253 -34.8800 -110.1200
1.4461933642e-001 -6.4641920548e-002 -9.4958104047e-001
0 0 0
2 0 254 116.9600 -52.1200 1 254 -17.8800 -95.5000
1.5031882145e-001 -4.0245940074e-002 -9.3732629943e-001
0 0 0
2 0 255 123.1700 -33.1200 1 255 -4.5000 -82.1200
1.5576708254e-001 -1.3238236872e-002 -9.2590293907e-001
0 0 0
2 0 256 129.2200 -11.3000 1 256 8.7500 -67.1200
1.5767899516e-001 1.0404175525e-002 -9.1784735668e-001
0 0 0
2 0 257 131.9000 9.2600 1 257 18.1100 -54.6700
1.5283485895e-001 2.8934241732e-002 -9.1236959769e-001
0 0 0
2 0 258 128.7000 23.7000 1 258 24.0000 -41.7100
-3.9705104288e-002 -3.0613392117e-002 -9.7950764368e-001
0 0 0
2 0 259 -31.1100 -24.4200 1 259 -89.3300 -46.4700
-5.8618242575e-002 -4.8220349123e-002 -9.7253155827e-001
0 0 0
2 0 260 -46.2800 -38.3200 1 260 -96.5600 -58.3800
-7.6627049052e-002 -6.2264902022e-002 -9.5720304829e-001
0 0 0
2 0 261 -61.4700 -50.2600 1 261 -97.4400 -69.6200
-8.9280590426e-002 -7.0160690042e-002 -9.3927165575e-001
0 0 0
2 0 262 -73.0000 -57.3900 1 262 -92.9400 -78.1100
-1.0120551936e-001 -7.6909627355e-002 -9.1126160318e-001
0 0 0
2 0 263 -85.2900 -65.0000 1 263 -80.6700 -87.8600
-1.0406140139e-001 -7.7613804959e-002 -8.7779879224e-001
0 0 0
2 0 264 -91.0400 -68.1100 1 264 -58.6500 -95.4600
-1.0180541929e-001 -6.9860233051e-002 -8.4980697377e-001
0 0 0
2 0 265 -92.0000 -63.3200 1 265 -35.6400 -95.6100
-9.5761752782e-002 -4.9968357248e-002 -8.2008133605e-001
0 0 0
2 0 266 -89.6700 -47.0600 1 266 -6.3700 -86.3000
-8.7070650489e-002 -2.2815649256e-002 -7.9159556455e-001
0 0 0
2 0 267 -84.3500 -24.4300 1 267 25.5400 -68.7500
9.0319264911e-002 1.9049981239e-001 -6.7045277230e-001
0 0 0
2 0 268 103.2100 219.5300 1 268 202.0000 39.2700
9.5543195126e-002 1.8938292068e-001 -6.6964143085e-001
0 0 0
2 0 269 109.3100 218.6100 1 269 203.0000 37.1000
9.8922454247e-002 1.9032242009e-001 -6.6965327108e-001
0 0 0
2 0 270 113.2200 219.4900 1 270 203.7300 37.3300
1.0365646119e-001 1.9198712939e-001 -6.7041024363e-001
0 0 0
2 0 271 118.4900 221.2800 1 271 204.0000 37.4300
1.0669161390e-001 1.9138392106e-001 -6.7344743753e-001
0 0 0
2 0 272 121.4100 219.6400 1 272 202.0000 36.7300
5.5475388592e-002 1.7179695070e-001 -7.0488035683e-001
0 0 0
2 0 273 60.2400 188.3300 1 273 167.6000 38.4000
3.7525127662e-002 1.6915203612e-001 -7.0774800675e-001
0 0 0
2 0 274 40.5400 184.5700 1 274 162.0000 41.0000
1.6998598777e-002 1.6895927514e-001 -7.1145791831e-001
0 0 0
2 0 275 18.1600 183.4500 1 275 155.5300 46.0000
-1.0684032995e-002 1.7222946499e-001 -7.1684857175e-001
0 0 0
2 0 276 -11.6900 185.8500 1 276 146.7900 55.5400
-2.6527567383e-001 7.1969032152e-002 -8.8421385470e-001
0 0 0
2 0 277 -230.4100 62.5100 1 277 -95.1000 68.0000
-2.2276314003e-001 6.8853296519e-002 -8.6197867058e-001
0 0 0
2 0 278 -198.4800 61.3800 1 278 -58.0000 49.0000
-1.7535817146e-001 7.1300164819e-002 -8.2909164988e-001
0 0 0
2 0 279 -162.4600 66.2400 1 279 -11.5400 32.8900
-1.4499352673e-001 7.6615975928e-002 -7.9481406775e-001
0 0 0
2 0 280 -140.0600 73.6900 1 280 28.3800 24.6500
-1.0862477124e-001 8.9176587322e-002 -7.5810191854e-001
0 0 0
2 0 281 -110.1100 90.8500 1 281 72.1800 19.5600
-8.6539949703e-002 1.0278524675e-001 -7.2353977755e-001
0 0 0
2 0 282 -92.0000 110.1000 1 282 109.3900 19.3900
-5.2260116234e-002 2.0649326317e-001 -6.6985940003e-001
0 0 0
2 0 283 -60.0000 237.1200 1 283 185.5800 88.4200
-5.9569601404e-002 1.8655443965e-001 -6.2089576454e-001
0 0 0
2 0 284 -74.3100 233.5900 1 284 221.0000 63.9000
-4.2218576501e-002 1.6029426986e-001 -6.1756065000e-001
0 0 0
2 0 285 -52.8800 201.2500 1 285 221.0000 37.8800
-1.9264985889e-002 1.2227286550e-001 -6.2107252920e-001
0 0 0
2 0 286 -24.3400 154.3700 1 286 211.9300 -0.1000
1.7951802188e-002 8.7899289538e-002 -6.3472583173e-001
0 0 0
2 0 287 21.4800 108.2000 1 287 199.0400 -30.7600
5.3054198755e-002 6.1069069728e-002 -6.5375944993e-001
0 0 0
2 0 288 62.4200 70.8500 1 288 184.6800 -49.8400
7.5696906657e-002 3.6432134420e-002 -6.7429653853e-001
0 0 0
2 0 289 86.1800 41.9100 1 289 166.8000 -69.4400
9.0041453227e-002 1.1046468928e-002 -6.9923548710e-001
0 0 0
2 0 290 98.8000 13.5300 1 290 145.2100 -86.4600
9.8276932371e-002 -1.1627848378e-002 -7.2401421740e-001
0 0 0
2 0 291 104.2500 -12.3800 1 291 124.8600 -97.0000
1.0259835166e-001 -2.8707020651e-002 -7.5765289899e-001
0 0 0
2 0 292 104.0000 -29.1100 1 292 98.7800 -103.0900
1.0490313648e-001 -3.8231213454e-002 -7.9059694747e-001
0 0 0
2 0 293 101.9100 -37.2700 1 293 75.1100 -103.4200
1.0457753995e-001 -4.2067354125e-002 -8.2560822013e-001
0 0 0
2 0 294 97.2800 -39.1200 1 294 51.2200 -99.5000
1.0284681022e-001 -4.0388400703e-002 -8.5344432567e-001
0 0 0
2 0 295 92.5600 -36.5900 1 295 33.3800 -92.6200
9.9907169644e-002 -3.5500950191e-002 -8.8424092627e-001
0 0 0
2 0 296 86.7900 -31.2100 1 296 14.3600 -83.2100
-1.4563604943e-002 -1.1028768848e-001 -1.0359523884e+000
0 0 0
2 0 297 -10.8000 -81.5300 1 297 -131.5300 -96.6700
-1.3510613371e-002 -1.3003670938e-001 -1.0305952003e+000
0 0 0
2 0 298 -10.0700 -96.5000 1 298 -132.5000 -112.0000
-1.5148669955e-002 -1.7310794242e-001 -1.0021464773e+000
0 0 0
2 0 299 -11.5900 -131.5900 1 299 -126.4000 -149.6000
-1.8877209860e-002 -1.8140138778e-001 -9.8802552917e-001
0 0 0
2 0 300 -14.6500 -140.0000 1 300 -121.3800 -158.6200
-2.3781875965e-002 -1.8252286209e-001 -9.7474910739e-001
0 0 0
2 0 301 -18.7100 -142.7100 1 301 -115.6000 -162.4000
-2.6917099677e-002 -1.7588854322e-001 -9.5932402554e-001
0 0 0
2 0 302 -21.5300 -140.0000 1 302 -105.7600 -160.5900
-2.9583959077e-002 -1.6461400111e-001 -9.4623937029e-001
0 0 0
2 0 303 -24.0000 -133.0000 1 303 -95.9500 -154.7900
-3.0314848016e-002 -1.4856539962e-001 -9.3149308259e-001
0 0 0
2 0 304 -25.0000 -123.0000 1 304 -82.9000 -144.8100
-3.0645364865e-002 -1.2910415518e-001 -9.2043120171e-001
0 0 0
2 0 305 -25.5700 -107.6200 1 305 -71.4200 -133.1100
-3.3854430147e-002 -1.0621863653e-001 -9.0973458951e-001
0 0 0
2 0 306 -28.5800 -89.6700 1 306 -60.2600 -117.6800
-7.8799573373e-002 9.0633396382e-002 -8.5957896318e-001
0 0 0
2 0 307 -70.3400 80.4500 1 307 4.8900 31.7200
-9.3202383157e-002 9.0273849048e-002 -8.6198071719e-001
0 0 0
2 0 308 -83.0000 80.1000 1 308 -1.7900 34.8400
-1.3960162502e-001 5.0134593961e-002 -8.7153048322e-001
0 0 0
2 0 309 -123.0000 44.0000 1 309 -35.5900 14.2700
-1.4600747381e-001 3.5532075698e-002 -8.5959078530e-001
0 0 0
2 0 310 -130.4300 31.5300 1 310 -32.9600 1.4000
-1.5118512880e-001 2.1839465766e-002 -8.4316629971e-001
0 0 0
2 0 311 -137.6900 19.6900 1 311 -26.1200 -12.2300
-1.5472155893e-001 3.0963181797e-003 -8.1887819564e-001
0 0 0
2 0 312 -145.1000 2.7900 1 312 -13.6200 -32.6900
-1.4907339524e-001 -1.4188301951e-002 -7.8825108009e-001
0 0 0
2 0 313 -145.2400 -13.8800 1 313 8.3300 -55.5000
-1.3464445966e-001 -2.5453239859e-002 -7.5917861477e-001
0 0 0
2 0 314 -136.2100 -25.7300 1 314 34.1800 -74.3600
-1.0860273172e-001 -3.6737282446e-002 -7.2525016989e-001
0 0 0
2 0 315 -115.0000 -39.0000 1 315 67.8200 -95.6400
-7.7335174579e-002 -4.2945350662e-002 -6.9994803602e-001
0 0 0
2 0 316 -84.8400 -47.4900 1 316 96.3700 -110.2700
-3.3219656749e-002 -4.4141487148e-002 -6.7854330819e-001
0 0 0
2 0 317 -37.5800 -50.5100 1 317 124.8000 -120.2400
7.0187372862e-003 -4.0277355867e-002 -6.6942338105e-001
0 0 0
2 0 318 8.0800 -46.9700 1 318 141.8700 -122.1300
5.0135802285e-002 -3.2461899780e-002 -6.7279421987e-001
0 0 0
2 0 319 57.2600 -37.7800 1 319 149.3800 -118.4800
7.8762379420e-002 -2.3146386610e-002 -6.8549515880e-001
0 0 0
2 0 320 88.2700 -26.5300 1 320 147.0000 -111.0000
1.0131439681e-001 -1.0346821752e-002 -7.1088277742e-001
0 0 0
2 0 321 109.4800 -11.6400 1 321 135.2200 -98.3900
1.1203647132e-001 3.9020002142e-004 -7.4141447699e-001
0 0 0
2 0 322 116.1100 -0.5100 1 322 118.1100 -85.1100
1.0984354830e-001 8.0912814154e-003 -7.6854838422e-001
0 0 0
2 0 323 109.7900 7.7100 1 323 100.4200 -75.1100
1.0212407696e-001 1.3985059523e-002 -7.9893363023e-001
0 0 0
2 0 324 98.2100 12.8700 1 324 79.6000 -64.4000
3.5346870139e-002 3.2906827076e-002 -8.6712589719e-001
0 0 0
2 0 325 31.3700 28.3700 1 325 21.6000 -30.4000
-1.1979223888e-001 5.0951756326e-002 -8.4547685694e-001
0 0 0
2 0 326 -108.7800 45.9400 1 326 -8.6000 6.3500
-1.4534572886e-001 5.4107302687e-002 -8.3734707703e-001
0 0 0
2 0 327 -133.3100 49.6400 1 327 -11.0900 12.6800
-1.7225473678e-001 5.6309426420e-002 -8.2962712336e-001
0 0 0
2 0 328 -159.5000 52.5000 1 328 -14.8300 19.0000
-2.0475290549e-001 5.7918424572e-002 -8.2309813153e-001
0 0 0
2 0 329 -191.0500 54.0700 1 329 -22.0000 27.5400
-2.3024616343e-001 5.8548819344e-002 -8.1703652796e-001
0 0 0
2 0 330 -216.4500 55.2300 1 330 -27.5700 33.5300
-2.5762687396e-001 5.9438367046e-002 -8.1177975727e-001
0 0 0
2 0 331 -243.7600 56.4600 1 331 -34.9400 41.0000
-2.8332758118e-001 6.1018178781e-002 -8.0974207807e-001
0 0 0
2 0 332 -268.7500 58.1000 1 332 -44.6800 49.8200
-3.0017229928e-001 6.1123589955e-002 -8.1234476251e-001
0 0 0
2 0 333 -283.8500 58.3000 1 333 -55.3400 55.4700
-3.1234818334e-001 5.8097280171e-002 -8.2327411577e-001
0 0 0
2 0 334 -291.4400 54.7100 1 334 -72.3900 58.3900
-3.1383238942e-001 5.0830715508e-002 -8.4181404069e-001
0 0 0
2 0 335 -286.3600 46.7700 1 335 -91.9200 55.0500
-3.0889447215e-001 3.5384172675e-002 -8.7190231738e-001
0 0 0
2 0 336 -272.1000 31.3200 1 336 -119.8600 43.9200
-3.0006685655e-001 1.9788980825e-002 -8.9656419696e-001
0 0 0
2 0 337 -257.0300 16.8600 1 337 -140.0000 31.0000
-2.3530043976e-001 -3.1855643167e-002 -9.6036127194e-001
0 0 0
2 0 338 -188.1400 -26.0000 1 338 -167.2900 -19.0000
-2.2899218594e-001 -3.8037397912e-002 -9.6662133406e-001
0 0 0
2 0 339 -181.9100 -30.7700 1 339 -170.0400 -24.3700
-2.2413222227e-001 -4.4267828204e-002 -9.7222785213e-001
0 0 0
2 0 340 -177.0000 -36.0000 1 340 -173.0000 -29.1700
-2.2274467018e-001 -5.2026278485e-002 -9.7349758063e-001
0 0 0
2 0 341 -175.7100 -41.3800 1 341 -175.5000 -36.5000
-2.3062633473e-001 -6.4357561273e-002 -9.7581230439e-001
0 0 0
2 0 342 -181.5000 -50.9500 1 342 -185.1200 -45.5000
-2.3970754982e-001 -7.8506543481e-002 -9.7443019633e-001
0 0 0
2 0 343 -188.9200 -62.0800 1 343 -193.5700 -56.9600
-2.4763920380e-001 -9.4940236680e-002 -9.7091999762e-001
0 0 0
2 0 344 -195.8800 -75.2500 1 344 -200.7200 -71.4100
-2.5317336634e-001 -1.0353427991e-001 -9.6790765829e-001
0 0 0
2 0 345 -200.8800 -82.4000 1 345 -204.5200 -79.1100
-2.5916627754e-001 -1.0445456432e-001 -9.7238974617e-001
0 0 0
2 0 346 -204.6900 -82.5800 1 346 -211.7000 -78.1900
-2.6571904781e-001 -1.0043493109e-001 -9.8228872989e-001
0 0 0
2 0 347 -207.7500 -78.6200 1 347 -221.5700 -71.1800
-2.6357373999e-001 -8.7124108590e-002 -9.8362340687e-001
0 0 0
2 0 348 -205.7900 -68.2100 1 348 -217.0500 -58.9200
-2.4488795387e-001 -1.0239479909e-001 -9.5103146974e-001
0 0 0
2 0 349 -197.7600 -82.5500 1 349 -187.1700 -83.5800
-2.2301072054e-001 -1.1868813085e-001 -9.0807771416e-001
0 0 0
2 0 350 -188.6100 -100.2600 1 350 -148.0800 -111.9200
-2.0364683136e-001 -1.2395149490e-001 -8.7025160735e-001
0 0 0
2 0 351 -179.7200 -109.6600 1 351 -110.7300 -128.2300
-1.8506866753e-001 -1.2074911863e-001 -8.2157435485e-001
0 0 0
2 0 352 -173.0000 -112.8000 1 352 -62.7600 -140.3100
-1.6839021070e-001 -1.1308679590e-001 -7.8183858330e-001
0 0 0
2 0 353 -165.4100 -111.1500 1 353 -21.0200 -145.2400
-1.5691367320e-001 -1.0100339846e-001 -7.3756064777e-001
0 0 0
2 0 354 -163.3900 -105.9200 1 354 24.2600 -146.4200
-1.4873053171e-001 -8.8086758220e-002 -6.9735213407e-001
0 0 0
2 0 355 -163.7900 -98.6200 1 355 66.1000 -145.2000
-1.4540018748e-001 -7.3689289951e-002 -6.6716430956e-001
0 0 0
2 0 356 -167.3600 -86.0000 1 356 98.4400 -140.7000
-1.4093812760e-001 -5.5394872891e-002 -6.3515539394e-001
0 0 0
2 0 357 -170.3500 -69.4800 1 357 135.0500 -130.8500
-1.4238435225e-001 -3.1131371455e-002 -6.1822476584e-001
0 0 0
2 0 358 -176.8400 -39.5200 1 358 157.2100 -113.6000
-1.3941627483e-001 -2.5040491146e-003 -6.1092497390e-001
0 0 0
2 0 359 -175.2400 -3.4500 1 359 172.5000 -88.5000
-1.2855062212e-001 2.2515696192e-002 -6.0697983111e-001
0 0 0
2 0 360 -162.6900 28.8900 1 360 184.8400 -67.7100
-8.6603139894e-002 5.4703409822e-002 -6.0330703983e-001
0 0 0
2 0 362 -110.4200 71.1300 1 362 203.3100 -46.8600
-5.7359406010e-002 6.2373129071e-002 -6.0135989649e-001
0 0 0
2 0 363 -73.4400 81.1900 1 363 211.4100 -45.5500
-3.2273296602e-002 7.1270986612e-002 -5.9698641056e-001
0 0 0
2 0 364 -41.7200 93.2800 1 364 220.8900 -43.1100
-7.7115083310e-004 8.4972975201e-002 -5.9142622672e-001
0 0 0
2 0 365 -1.2200 111.9600 1 365 232.7700 -38.0700
2.8369298895e-002 1.0049226073e-001 -5.8435593913e-001
0 0 0
2 0 366 37.0500 133.6900 1 366 245.3800 -31.7200
5.0990588220e-002 1.1925908978e-001 -5.7913732969e-001
0 0 0
2 0 367 67.3500 159.8500 1 367 255.7900 -21.7900
8.8619502692e-002 1.6953031904e-001 -5.8085105343e-001
0 0 0
2 0 369 116.7400 226.4000 1 369 267.0000 9.2900
1.3618880273e-001 1.0569116299e-001 -5.8488288652e-001
0 0 0
2 0 371 178.5800 140.5800 1 371 255.7700 -44.9300
1.3743335132e-001 6.2330113056e-002 -5.9165088004e-001
0 0 0
2 0 372 178.3100 81.7400 1 372 243.0000 -74.1200
1.3452610420e-001 2.9100193354e-002 -6.0676658481e-001
0 0 0
2 0 373 170.3600 35.7500 1 373 225.5800 -92.3100
1.3141773182e-001 3.4486391430e-003 -6.3027887078e-001
0 0 0
2 0 374 160.1300 4.2600 1 374 201.8100 -108.0000
1.2605190879e-001 -2.5183285475e-002 -6.5801112964e-001
0 0 0
2 0 375 147.1300 -29.5800 1 375 174.8300 -122.5200
1.2561052102e-001 -4.7116666599e-002 -6.8487747948e-001
0 0 0
2 0 376 140.8600 -52.9800 1 376 150.8000 -132.9200
1.2648835696e-001 -6.3274902650e-002 -7.1283943237e-001
0 0 0
2 0 377 136.2900 -68.8300 1 377 128.0000 -138.0000
1.3219786573e-001 -7.1873966586e-002 -7.4168348096e-001
0 0 0
2 0 378 136.8900 -74.5100 1 378 107.3000 -139.1500
1.3749639667e-001 -7.8104661687e-002 -7.6803912004e-001
0 0 0
2 0 379 137.4900 -78.1400 1 379 89.4400 -138.3800
1.4106543936e-001 -8.2009644209e-002 -7.9113156042e-001
0 0 0
2 0 380 136.9400 -79.5500 1 380 74.2700 -136.6700
1.4541115485e-001 -8.4525351892e-002 -8.1644469347e-001
0 0 0
2 0 381 136.7800 -79.3000 1 381 58.5000 -133.7100
1.4933795365e-001 -8.7154257557e-002 -8.4020081380e-001
0 0 0
2 0 382 136.5000 -79.3200 1 382 44.0000 -131.1700
1.5074486132e-001 -9.0761984753e-002 -8.6071676177e-001
0 0 0
2 0 383 134.5000 -80.5000 1 383 31.0000 -129.8300
1.5220482701e-001 -9.2893777942e-002 -8.8645091565e-001
0 0 0
2 0 384 131.8600 -80.0000 1 384 15.4500 -126.3600
1.5546095650e-001 -9.5389438816e-002 -9.0275348528e-001
0 0 0
2 0 385 132.2500 -80.7500 1 385 6.2000 -125.0000
1.5029806157e-001 -1.0146059596e-001 -9.2294226946e-001
0 0 0
2 0 386 125.0600 -83.8900 1 386 -8.2000 -125.0000
9.0320677459e-002 -1.2551014716e-001 -9.9260532829e-001
0 0 0
2 0 387 69.8800 -96.4100 1 387 -71.3100 -124.0000
5.8442330100e-002 -1.2218001375e-001 -1.0132579094e+000
0 0 0
2 0 388 44.2900 -91.7100 1 388 -93.3800 -115.8500
2.2684652885e-002 -1.1596050452e-001 -1.0450635800e+000
0 0 0
2 0 389 16.6700 -85.1700 1 389 -123.1700 -101.9200
-1.0097490762e-001 -8.2611061972e-002 -1.0709576524e+000
0 0 0
2 0 390 -72.4000 -59.6000 1 390 -183.5000 -60.0000
-1.1768681807e-001 -8.3014824616e-002 -1.0603332799e+000
0 0 0
2 0 391 -85.2200 -60.8300 1 391 -185.2900 -59.8600
-1.2465979907e-001 -9.7071541311e-002 -1.0427899054e+000
0 0 0
2 0 392 -91.8100 -71.5000 1 392 -181.7700 -73.8200
-1.0920911648e-001 -1.4579021465e-001 -1.0023903117e+000
0 0 0
2 0 394 -83.6700 -111.1700 1 394 -161.6900 -122.5000
-9.4479500811e-002 -1.6216927627e-001 -9.8171968885e-001
0 0 0
2 0 395 -73.9000 -126.1000 1 395 -145.8600 -141.4100
-7.5376191661e-002 -1.7142053004e-001 -9.6451969515e-001
0 0 0
2 0 396 -60.0000 -135.6200 1 396 -128.5600 -153.8900
-6.0791781256e-002 -1.7062022829e-001 -9.6369187109e-001
0 0 0
2 0 397 -48.4300 -135.1400 1 397 -121.4400 -154.1100
-5.0049320316e-002 -1.5006882206e-001 -9.7133840281e-001
0 0 0
2 0 398 -39.5700 -118.4300 1 398 -116.6100 -136.5700
-3.4123535866e-002 -1.2010956154e-001 -9.7892004529e-001
0 0 0
2 0 399 -26.7700 -94.4200 1 399 -107.5800 -113.1600
1.1645092140e-001 -5.4511622437e-002 -9.2442319162e-001
0 0 0
2 0 400 96.7500 -45.4000 1 400 -9.2000 -90.6000
1.2560815446e-001 -5.1026554583e-002 -8.9430482962e-001
0 0 0
2 0 401 107.8700 -43.8700 1 401 12.0000 -94.5700
7.9385680060e-002 -5.1379902826e-002 -8.2480069293e-001
0 0 0
2 0 402 73.9200 -47.8800 1 402 43.4300 -104.0000
1.4601144720e-002 -8.0455617738e-002 -7.9136686794e-001
0 0 0
2 0 404 14.1700 -78.0800 1 404 42.4000 -127.6000
-1.4720132595e-002 -8.8179819861e-002 -7.8331620058e-001
0 0 0
2 0 405 -14.4300 -86.6600 1 405 38.0000 -133.2700
-4.8105338040e-002 -8.8874907120e-002 -7.7334930656e-001
0 0 0
2 0 406 -47.7700 -88.5100 1 406 35.1400 -133.9300
-7.6889060325e-002 -9.1060429794e-002 -7.7217910141e-001
0 0 0
2 0 407 -76.4700 -90.8900 1 407 26.3300 -134.0000
-1.0350300313e-001 -8.9928380111e-002 -7.7091818567e-001
0 0 0
2 0 408 -103.1100 -89.7100 1 408 18.6000 -131.6500
-1.2341103370e-001 -8.0353813940e-002 -7.6480975742e-001
0 0 0
2 0 409 -123.9200 -81.0500 1 409 19.0900 -122.9100
-1.3604299343e-001 -7.1848429641e-002 -7.5691235117e-001
0 0 0
2 0 410 -138.0300 -73.1700 1 410 23.3300 -116.2500
-1.5533987657e-001 -6.5769572462e-002 -7.5452381396e-001
0 0 0
2 0 411 -158.1100 -67.1100 1 411 20.0000 -109.5000
-1.7012987808e-001 -5.7070844180e-002 -7.5457540544e-001
0 0 0
2 0 412 -173.1500 -58.2900 1 412 16.8900 -99.7100
-1.7568790558e-001 -3.9461373703e-002 -7.4734893802e-001
0 0 0
2 0 413 -180.5300 -40.8300 1 413 25.9700 -84.1900
-1.8009862223e-001 -2.0476223032e-002 -7.4004680380e-001
0 0 0
2 0 414 -186.8800 -21.6100 1 414 36.0600 -67.3100
-1.8404513201e-001 6.7278960165e-003 -7.2955460455e-001
0 0 0
2 0 415 -193.7300 6.9100 1 415 51.5000 -43.5000
-1.8984782325e-001 3.8312253173e-002 -7.1889076127e-001
0 0 0
2 0 416 -202.8200 40.9600 1 416 67.8900 -14.8600
-1.9763944860e-001 6.9095062132e-002 -7.0731539736e-001
0 0 0
2 0 417 -214.6700 75.5900 1 417 84.4100 13.4600
-2.1696110947e-001 1.2878442754e-001 -6.7700828586e-001
0 0 0
2 0 419 -246.6500 148.9300 1 419 123.3300 69.0300
1.0726545520e-002 1.3877846606e-001 -6.0501082994e-001
0 0 0
2 0 425 13.2900 178.0300 1 425 233.7200 5.9700
1.9034210140e-002 1.2039064088e-001 -6.5546953323e-001
0 0 0
2 0 426 21.9700 143.2400 1 426 189.0000 -2.0000
1.6844753621e-002 9.3392142147e-002 -7.0217180389e-001
0 0 0
2 0 427 18.0500 105.0600 1 427 145.7900 -15.3600
-3.1313066093e-002 4.0584761624e-002 -7.7437662387e-001
0 0 0
2 0 428 -31.0700 40.4100 1 428 69.4800 -31.7400
-5.2642299156e-002 2.8123069887e-002 -7.9330965261e-001
0 0 0
2 0 429 -50.9700 27.3100 1 429 46.5000 -34.5000
-6.8468872974e-002 1.8720287050e-002 -8.0596189101e-001
0 0 0
2 0 430 -65.2400 17.7900 1 430 30.0900 -36.9100
-6.9521191679e-002 2.8551646037e-003 -8.2223243079e-001
0 0 0
2 0 431 -64.9100 2.3000 1 431 14.0000 -46.0000
-7.1202666704e-002 1.0932382465e-003 -8.2752438184e-001
0 0 0
2 0 432 -66.0800 1.0000 1 432 9.0400 -46.5000
-7.7070329058e-002 3.1935965320e-004 -8.3556677820e-001
0 0 0
2 0 433 -70.8200 0.0300 1 433 1.0900 -44.3900
-8.9804494206e-002 2.6336169975e-003 -8.4686043069e-001
0 0 0
2 0 434 -81.4200 2.0800 1 434 -10.9600 -38.2900
-1.0721605196e-001 6.3158555086e-003 -8.5412527264e-001
0 0 0
2 0 435 -96.3800 5.3400 1 435 -21.6100 -31.0000
-1.3113145675e-001 1.1491922184e-002 -8.5921451546e-001
0 0 0
2 0 436 -117.1800 9.8800 1 436 -33.0500 -21.5000
-1.4937578969e-001 1.4176675552e-002 -8.6034570118e-001
0 0 0
2 0 437 -133.3300 12.5000 1 437 -40.4500 -15.8500
-1.6275336405e-001 1.8070963457e-002 -8.6064882922e-001
0 0 0
2 0 438 -145.2400 16.2100 1 438 -45.1500 -10.0800
-1.6808254043e-001 2.6621081973e-002 -8.5823532349e-001
0 0 0
2 0 439 -150.3700 23.3700 1 439 -43.0700 -1.5900
-1.6440966460e-001 3.2715050584e-002 -8.6162297796e-001
0 0 0
2 0 440 -146.6200 29.9700 1 440 -42.8900 2.2900
-1.5528990203e-001 4.5608489712e-002 -8.7094579026e-001
0 0 0
2 0 441 -136.9100 39.9700 1 441 -42.5000 13.9100
-1.3968290312e-001 5.5938759275e-002 -8.8369048030e-001
0 0 0
2 0 442 -121.3600 48.2700 1 442 -43.0000 21.2900
-1.2294668950e-001 6.1520156834e-002 -8.9539959044e-001
0 0 0
2 0 443 -105.4200 52.4500 1 443 -43.5300 24.0000
-1.0616364324e-001 6.3869369527e-002 -9.0537890424e-001
0 0 0
2 0 444 -90.0000 53.6600 1 444 -43.5300 24.0000
-8.6274314742e-002 6.0972442768e-002 -9.1649587018e-001
0 0 0
2 0 445 -72.2400 50.5500 1 445 -44.4700 19.3500
-7.0157333160e-002 5.1043083693e-002 -9.3017789563e-001
0 0 0
2 0 446 -57.8800 41.6700 1 446 -50.1200 10.6900
-6.2940677585e-002 3.9270804796e-002 -9.4688962506e-001
0 0 0
2 0 447 -51.0000 31.2900 1 447 -61.1700 3.2800
-5.9634108680e-002 2.1705044172e-002 -9.7005868112e-001
0 0 0
2 0 448 -47.1800 16.7700 1 448 -78.9500 -6.7000
-5.8470804844e-002 2.7400949840e-003 -9.8841297258e-001
0 0 0
2 0 449 -45.3900 1.5200 1 449 -94.4100 -17.5900
-5.6799531956e-002 -2.1048632932e-002 -1.0084755222e+000
0 0 0
2 0 450 -43.2200 -16.6500 1 450 -111.6700 -31.8000
-5.3953239911e-002 -4.0061749420e-002 -1.0249167684e+000
0 0 0
2 0 451 -40.4100 -30.4100 1 451 -124.9500 -43.3700
-5.1114877852e-002 -6.0452836386e-002 -1.0438933992e+000
0 0 0
2 0 452 -37.5900 -44.8800 1 452 -139.7900 -55.0700
-4.8649710269e-002 -7.8698471574e-002 -1.0610662195e+000
0 0 0
2 0 453 -35.2100 -57.0500 1 453 -153.0700 -65.6400
-4.4556809294e-002 -9.2639590860e-002 -1.0741487576e+000
0 0 0
2 0 454 -31.8500 -66.5400 1 454 -162.0000 -73.4300
-3.9300541503e-002 -1.0513624172e-001 -1.0837378578e+000
0 0 0
2 0 455 -27.8500 -74.5400 1 455 -168.0800 -81.3100
-2.9051258842e-002 -1.1875957433e-001 -1.0906274054e+000
0 0 0
2 0 456 -20.4700 -82.6700 1 456 -170.7700 -91.5400
-1.6384251066e-002 -1.2816764285e-001 -1.0945555440e+000
0 0 0
2 0 457 -11.5000 -89.5000 1 457 -169.5000 -98.0000
-2.4334801299e-003 -1.3518059691e-001 -1.0943403675e+000
0 0 0
2 0 458 -1.7100 -94.5000 1 458 -165.0000 -104.0000
1.4933946360e-002 -1.4229241795e-001 -1.0921568603e+000
0 0 0
2 0 459 10.5000 -99.5000 1 459 -158.1800 -110.8200
3.2560003311e-002 -1.4802927511e-001 -1.0872264487e+000
0 0 0
2 0 460 23.0000 -103.8300 1 460 -149.6400 -117.0900
5.1370216168e-002 -1.5289082921e-001 -1.0748011692e+000
0 0 0
2 0 461 36.7100 -108.1400 1 461 -136.6400 -124.3600
1.9749023464e-001 -1.0274946912e-001 -8.8016972148e-001
0 0 0
2 0 462 172.3200 -89.4300 1 462 28.8200 -136.1800
1.8488975965e-001 -9.9222103392e-002 -8.6844156117e-001
0 0 0
2 0 463 163.5000 -87.1200 1 463 33.2000 -136.0000
1.7474915479e-001 -9.6994068438e-002 -8.5703661238e-001
0 0 0
2 0 464 156.5900 -86.4500 1 464 38.0000 -136.0000
1.5838554654e-001 -9.7102770855e-002 -8.4581710563e-001
0 0 0
2 0 465 143.8100 -87.7700 1 465 40.8100 -137.3100
1.4009696606e-001 -1.0028120614e-001 -8.3913425323e-001
0 0 0
2 0 466 128.2200 -91.6700 1 466 39.8500 -139.4600
1.2518702177e-001 -1.0818858748e-001 -8.4055220783e-001
0 0 0
2 0 467 114.3800 -98.3800 1 467 33.5000 -144.2900
1.0943158878e-001 -1.2337257280e-001 -8.4748822738e-001
0 0 0
2 0 468 99.1700 -111.2800 1 468 21.8600 -152.7100
9.5964087776e-002 -1.4199163240e-001 -8.5656003905e-001
0 0 0
2 0 469 86.0400 -127.4800 1 469 8.6700 -162.4700
8.7095688056e-002 -1.5632561557e-001 -8.6889709838e-001
0 0 0
2 0 470 77.0000 -137.2900 1 470 -4.8800 -170.8800
8.1127745633e-002 -1.6786725845e-001 -8.7621783991e-001
0 0 0
2 0 471 71.1200 -146.6700 1 471 -13.6400 -176.7900
7.6004395902e-002 -1.7617143113e-001 -8.8482828844e-001
0 0 0
2 0 472 66.0000 -151.8600 1 472 -22.4700 -181.3300
7.1590496604e-002 -1.8044491114e-001 -8.9381536916e-001
0 0 0
2 0 473 61.5500 -153.8500 1 473 -30.4000 -182.4000
6.8628688426e-002 -1.8264584226e-001 -9.0236453005e-001
0 0 0
2 0 474 58.4500 -154.1500 1 474 -37.1400 -182.0700
6.5861943903e-002 -1.8541558311e-001 -9.1236095186e-001
0 0 0
2 0 475 55.4800 -154.8300 1 475 -44.7900 -181.6400
6.1291429480e-002 -1.8866285616e-001 -9.2539292472e-001
0 0 0
2 0 476 50.9100 -155.2200 1 476 -55.0000 -181.0000
5.1465484900e-002 -1.9258964047e-001 -9.4413787376e-001
0 0 0
2 0 477 41.9100 -155.2300 1 477 -70.6100 -179.3900
3.9811440842e-002 -1.9522826300e-001 -9.6331632103e-001
0 0 0
2 0 478 31.7900 -154.0500 1 478 -86.9000 -176.8100
2.2260951326e-002 -1.9734638429e-001 -9.9304187803e-001
0 0 0
2 0 479 17.2500 -151.5000 1 479 -111.5300 -170.6300
7.4337165315e-003 -1.9664670997e-001 -1.0126239872e+000
0 0 0
2 0 480 5.6700 -148.0000 1 480 -128.7100 -165.2900
-7.5671642897e-003 -1.9369731877e-001 -1.0285338635e+000
0 0 0
2 0 481 -5.6200 -143.4400 1 481 -143.4700 -159.1300
-2.1247091540e-002 -1.8925207576e-001 -1.0471496743e+000
0 0 0
2 0 482 -15.5600 -137.7500 1 482 -159.0000 -151.1000
-3.6070044068e-002 -1.8206892181e-001 -1.0649355204e+000
0 0 0
2 0 483 -26.0000 -130.5700 1 483 -174.0000 -141.0000
-4.4673541836e-002 -1.7311467181e-001 -1.0765486773e+000
0 0 0
2 0 484 -31.8600 -122.7100 1 484 -182.4000 -131.6000
-5.4715760307e-002 -1.6157044129e-001 -1.0878249522e+000
0 0 0
2 0 485 -38.6200 -112.6200 1 485 -190.7800 -120.8300
-6.2087006478e-002 -1.4791638998e-001 -1.0984337006e+000
0 0 0
2 0 486 -43.4100 -103.1200 1 486 -196.7800 -107.1700
-7.0776206616e-002 -1.3506073380e-001 -1.1046148983e+000
0 0 0
2 0 487 -49.2100 -93.6400 1 487 -201.2900 -95.8600
-8.5780934486e-002 -1.1918043982e-001 -1.1082894001e+000
0 0 0
2 0 488 -59.4400 -82.7800 1 488 -206.6700 -81.7300
-1.0094238549e-001 -1.0453642259e-001 -1.1059399768e+000
0 0 0
2 0 489 -70.1100 -72.0000 1 489 -209.3300 -70.4700
-1.1138327708e-001 -9.0754714198e-002 -1.1036383803e+000
0 0 0
2 0 490 -77.5000 -63.5000 1 490 -209.6200 -58.6200
-1.2171346050e-001 -8.1877684742e-002 -1.0960112824e+000
0 0 0
2 0 491 -85.2900 -57.2900 1 491 -208.2500 -52.4400
-1.2838739765e-001 -7.6392313548e-002 -1.0872714189e+000
0 0 0
2 0 492 -90.6700 -54.4700 1 492 -205.0000 -48.5000
-1.3512047413e-001 -7.2437428187e-002 -1.0758201987e+000
0 0 0
2 0 493 -96.4400 -52.2500 1 493 -200.6000 -46.6500
-1.4007098957e-001 -7.0146712557e-002 -1.0649373325e+000
0 0 0
2 0 494 -101.0000 -51.0000 1 494 -196.0000 -46.3300
-1.4474026449e-001 -6.7754159467e-002 -1.0506113855e+000
0 0 0
2 0 495 -105.7900 -49.9500 1 495 -189.0000 -46.5000
-1.4707462960e-001 -6.3277909895e-002 -1.0362314358e+000
0 0 0
2 0 496 -109.0000 -47.0000 1 496 -180.1600 -45.6800
-1.4568743517e-001 -5.6184701429e-002 -1.0198431480e+000
0 0 0
2 0 497 -109.6900 -42.8100 1 497 -167.2200 -43.0900
-1.4083992514e-001 -4.6671729918e-002 -1.0061912166e+000
0 0 0
2 0 498 -107.4700 -36.2600 1 498 -153.6500 -38.8000
-1.3325651232e-001 -3.6971788031e-002 -1.0026707962e+000
0 0 0
2 0 499 -102.1000 -27.7000 1 499 -145.5800 -34.1600
-1.2533155644e-001 -2.5730774379e-002 -9.9810644614e-001
0 0 0
2 0 500 -96.4400 -19.7500 1 500 -136.0000 -27.0000
-1.1767213473e-001 -1.3625810631e-002 -9.9152352408e-001
0 0 0
2 0 501 -91.1100 -11.1100 1 501 -125.1300 -19.5300
-1.0628315829e-001 -3.3794079418e-003 -9.8733388216e-001
0 0 0
2 0 502 -82.6300 -3.2600 1 502 -114.8900 -14.2800
-9.4799277305e-002 3.7733091525e-003 -9.8926706191e-001
0 0 0
2 0 503 -73.5300 2.0000 1 503 -109.4100 -10.2400
-8.1907203647e-002 7.3506716678e-003 -9.9933251266e-001
0 0 0
2 0 504 -62.9000 5.0000 1 504 -109.6000 -8.4000
-7.0550435840e-002 5.9333588233e-003 -1.0134783164e+000
0 0 0
2 0 505 -53.4100 3.7600 1 505 -114.0000 -9.0000
-6.2138000330e-002 1.1447491305e-003 -1.0267972821e+000
0 0 0
2 0 506 -46.4100 -0.1200 1 506 -119.7100 -11.5000
-4.9222874641e-002 -6.5183773887e-003 -1.0406647369e+000
0 0 0
2 0 507 -36.3100 -5.0600 1 507 -124.6700 -17.5300
-3.2385304238e-002 -1.3455753442e-002 -1.0523339940e+000
0 0 0
2 0 508 -23.6000 -10.4000 1 508 -126.1800 -22.8200
-1.6672891434e-002 -1.7455706971e-002 -1.0628592795e+000
0 0 0
2 0 509 -12.0000 -13.4300 1 509 -126.8000 -26.0000
-7.4604871414e-003 -2.1247581361e-002 -1.0694416413e+000
0 0 0
2 0 510 -5.3300 -15.7500 1 510 -127.8200 -29.1800
-1.4193061416e-003 -2.5100800266e-002 -1.0755732688e+000
0 0 0
2 0 511 -1.0000 -18.1700 1 511 -129.8000 -31.9000
-9.2270758789e-004 -2.9526495362e-002 -1.0821235270e+000
0 0 0
2 0 512 -0.6200 -21.6200 1 512 -134.1200 -33.5000
-5.3633012036e-003 -3.1283680629e-002 -1.0891904836e+000
0 0 0
2 0 513 -3.7500 -22.6700 1 513 -140.2000 -33.0000
-1.5577451951e-002 -3.2591643292e-002 -1.0986634581e+000
0 0 0
2 0 514 -10.8500 -23.5400 1 514 -149.8200 -30.8200
-2.4996027595e-002 -3.3313516000e-002 -1.1057162134e+000
0 0 0
2 0 515 -17.3300 -23.7500 1 515 -157.8000 -29.0000
-3.5114547406e-002 -3.4686910669e-002 -1.1073225027e+000
0 0 0
2 0 516 -24.3100 -24.9200 1 516 -163.2000 -28.0000
-4.3617038046e-002 -3.5716864564e-002 -1.1046628628e+000
0 0 0
2 0 517 -30.2900 -25.5000 1 517 -165.6400 -28.0900
-4.7113093988e-002 -3.9485714582e-002 -1.0956455358e+000
0 0 0
2 0 518 -33.0000 -28.1700 1 518 -163.0000 -31.8300
-4.8658047200e-002 -4.2083855733e-002 -1.0853787677e+000
0 0 0
2 0 519 -34.4000 -30.4000 1 519 -158.4300 -35.0000
-4.9825522228e-002 -4.3454953890e-002 -1.0741338232e+000
0 0 0
2 0 520 -35.6000 -31.6000 1 520 -152.8500 -37.7700
-5.3294805409e-002 -4.1128010724e-002 -1.0649099681e+000
0 0 0
2 0 521 -38.4000 -30.4000 1 521 -148.4300 -37.0000
-5.6391052401e-002 -3.5833476085e-002 -1.0541285443e+000
0 0 0
2 0 522 -41.0500 -26.7900 1 522 -142.2500 -34.6700
-5.5476804784e-002 -3.0448137492e-002 -1.0423602555e+000
0 0 0
2 0 523 -40.8300 -23.2800 1 523 -133.6400 -32.7900
-5.0832563147e-002 -2.7045604834e-002 -1.0307167764e+000
0 0 0
2 0 524 -37.8300 -21.0000 1 524 -124.0000 -33.0000
