# Bundle file v0.3
4 527
5.3426147247e+002 -4.3999175828e-002 3.7931225342e-002
9.8669736544e-001 -2.6997986409e-002 1.6031037949e-001
3.3815584705e-002 9.9862922000e-001 -3.9952311574e-002
-1.5901199726e-001 4.4841829790e-002 9.8625777311e-001
1.4255812538e-001 -3.5711336096e-002 2.6556712244e-001
5.3875213864e+002 -7.4578880197e-003 -9.0271743379e-002
5.1567270094e-001 3.2155906549e-001 7.9415453969e-001
-2.4547434566e-001 9.4349215050e-001 -2.2263177573e-001
-8.2086784023e-001 -8.0139436876e-002 5.6546764676e-001
6.8987414579e-001 -2.5538610820e-001 -1.8813503147e-001
5.6542556139e+002 -3.5026444323e-003 1.6218663432e-001
-5.0808007301e-001 -3.1808995115e-001 -8.0042077833e-001
5.3064362803e-001 6.1639055370e-001 -5.8179036202e-001
6.7843347459e-001 -7.2033427538e-001 -1.4438335181e-001
-7.8378228048e-001 -5.8302510377e-001 -8.0705696471e-001
5.5320001690e+002 1.8901298694e-002 -8.9961347954e-002
-9.7378215743e-001 2.1238124579e-001 -8.1501633770e-002
1.9177294603e-001 5.7371507349e-001 -7.9628773168e-001
-1.2235786465e-001 -7.9104059371e-001 -5.9940247920e-001
-1.2735084249e-001 -7.3141090455e-001 -1.1499376463e+000
1.5070293688e-001 -9.3866312014e-002 -9.6117296564e-001
0 0 0
3 0 0 104.7500 -64.5000 1 0 -15.8300 -106.1700 2 0 -69.0500 -1.8800
1.4101475731e-001 -9.6762912739e-002 -9.3734518546e-001
0 0 0
4 0 1 104.0000 -70.0000 1 1 -8.3000 -112.7000 2 1 -83.9100 -27.4900 3 1 -218.9100 -11.3600
1.3291478503e-001 -9.5438616094e-002 -9.1442031334e-001
0 0 0
4 0 2 104.6200 -72.5200 1 2 0.4000 -116.4000 2 2 -98.0900 -43.8000 3 2 -206.6000 -32.4000
1.2312390062e-001 -9.1075865160e-002 -8.8847413470e-001
0 0 0
4 0 3 103.0900 -73.0900 1 3 13.8500 -119.4600 2 3 -113.8900 -62.8400 3 3 -192.6100 -49.3700
1.0634310617e-001 -8.3488331786e-002 -8.5928861344e-001
0 0 0
4 0 4 98.7900 -71.8800 1 4 25.6200 -120.6200 2 4 -126.9800 -80.9000 3 4 -170.1400 -70.1900
8.9735163500e-002 -7.5602009275e-002 -8.3514805745e-001
0 0 0
4 0 5 90.4100 -68.9300 1 5 36.8500 -120.2300 2 5 -135.9700 -97.1800 3 5 -151.4400 -83.4400
-1.0260088081e-002 -2.6327365248e-002 -7.4493123352e-001
0 0 0
4 0 6 16.0000 -37.5900 1 6 75.8800 -99.3100 2 6 -143.3000 -141.9100 3 6 -50.6100 -126.2600
-3.4394616830e-002 -1.7324459230e-002 -7.3850500347e-001
0 0 0
4 0 7 -10.1700 -28.3300 1 7 74.8900 -92.2800 2 7 -134.4600 -146.2900 3 7 -29.7900 -128.2100
-5.0337388377e-002 -1.1229970198e-002 -7.3561830678e-001
0 0 0
4 0 8 -28.9200 -22.2000 1 8 73.0000 -87.0000 2 8 -129.0400 -147.4000 3 8 -16.0800 -128.4400
-9.6651675740e-002 -1.0382619123e-002 -7.4494449044e-001
0 0 0
4 0 9 -83.0000 -22.5800 1 9 46.0800 -76.5400 2 9 -100.0000 -156.1400 3 9 21.7700 -132.1900
-1.2172047672e-001 2.4212476010e-003 -7.4531850520e-001
0 0 0
4 0 11 -114.4000 -8.6200 1 11 37.8100 -60.4200 2 11 -91.0500 -154.5000 3 11 42.5500 -128.1900
-1.3280016232e-001 1.6792292277e-002 -7.3265776361e-001
0 0 0
4 0 12 -129.9100 7.4900 1 12 49.2200 -47.6900 2 12 -94.4200 -153.5800 3 12 51.1000 -128.1300
-1.3879463029e-001 3.1400962099e-002 -7.0953397259e-001
0 0 0
4 0 13 -140.8200 25.2000 1 13 74.1000 -37.9800 2 13 -105.0900 -155.0900 3 13 54.8000 -132.5600
-1.4005594001e-001 5.1692505262e-002 -6.7085461713e-001
0 0 0
4 0 14 -149.2500 54.2100 1 14 121.1600 -26.9300 2 14 -126.5600 -158.8000 3 14 53.8900 -138.9400
-1.1070116699e-001 8.4016863832e-002 -6.0425119039e-001
0 0 0
2 0 15 -113.3400 118.1500 1 15 216.7100 -17.3900
-8.9235258303e-002 9.0245655397e-002 -5.8556060163e-001
0 0 0
4 0 16 -76.5900 135.0900 1 16 245.4700 -21.3400 2 16 -202.3800 -156.4300 3 16 16.9100 -147.2200
-4.3852439062e-002 9.0706092722e-002 -5.8018625609e-001
0 0 0
4 0 17 6.1600 138.2400 1 17 257.6700 -32.8000 2 17 -229.1000 -148.3000 3 17 -12.0000 -144.0000
-2.2533286112e-002 8.6157739530e-002 -5.8976266895e-001
0 0 0
4 0 18 39.6900 127.3700 1 18 247.7700 -40.1200 2 18 -235.7400 -141.9600 3 18 -25.6100 -139.7200
1.7944211728e-004 7.8955986803e-002 -6.1213708642e-001
0 0 0
4 0 19 67.3800 107.8800 1 19 227.3000 -44.6100 2 19 -234.3700 -130.6700 3 19 -40.3200 -130.1600
1.2552521838e-002 7.0065646775e-002 -6.5242665346e-001
0 0 0
4 0 20 69.3400 86.3300 1 20 189.1400 -44.6700 2 20 -216.0900 -115.5800 3 20 -48.8200 -115.2300
1.0605490156e-002 6.1557340980e-002 -6.9563300844e-001
0 0 0
4 0 21 52.3800 69.9800 1 21 146.0000 -41.3000 2 21 -191.0000 -104.6600 3 21 -47.0000 -99.0000
-1.7118287246e-003 5.2455967987e-002 -7.2982281071e-001
0 0 0
4 0 22 26.3500 54.2700 1 22 113.0000 -38.0000 2 22 -163.9300 -97.3300 3 22 -41.4800 -88.8300
-1.9777938090e-002 4.4012409062e-002 -7.6520315405e-001
0 0 0
4 0 23 0.8900 42.9700 1 23 73.1700 -34.0800 2 23 -136.3700 -94.4800 3 23 -25.6300 -76.5300
-4.3410141557e-002 3.6484206940e-002 -7.9514104666e-001
0 0 0
4 0 24 -28.7400 33.6100 1 24 41.9200 -28.9200 2 24 -102.2100 -92.9700 3 24 -10.2100 -68.9700
-6.6038392960e-002 3.6640521979e-002 -8.1135702406e-001
0 0 0
4 0 25 -55.5000 31.1200 1 25 25.2400 -24.1400 2 25 -80.7000 -91.2200 3 25 9.9700 -59.4400
-8.9194806114e-002 4.1077278313e-002 -8.3523642732e-001
0 0 0
4 0 26 -79.5400 35.3200 1 26 -3.9100 -9.5900 2 26 -59.2900 -87.0000 3 26 30.6100 -47.7400
-1.4259368046e-001 4.3496660701e-002 -8.4255299558e-001
0 0 0
4 0 27 -132.8500 34.1200 1 27 -37.1700 9.1200 2 27 -35.5900 -97.5900 3 27 74.8300 -52.3800
-1.4076819597e-001 2.0226780779e-002 -8.3619274052e-001
0 0 0
4 0 28 -129.1300 11.2600 1 28 -39.0000 -13.0000 2 28 -35.0000 -115.0000 3 28 70.7600 -68.1200
-1.3181853881e-001 -1.3065344616e-002 -8.3589399262e-001
0 0 0
4 0 29 -119.4800 -18.1200 1 29 -46.1300 -46.5300 2 29 -31.0000 -131.0000 3 29 57.1000 -89.1700
-1.1472808374e-001 -5.1330083581e-002 -8.3728517047e-001
0 0 0
4 0 30 -100.5100 -55.4100 1 30 -49.2200 -84.4400 2 30 -30.3800 -149.0000 3 30 38.6900 -108.1000
-8.9059073412e-002 -8.7789816571e-002 -8.3822932541e-001
0 0 0
4 0 31 -74.2000 -89.5500 1 31 -46.7700 -119.5800 2 31 -33.0000 -163.1400 3 31 9.0200 -128.9000
-6.4451171366e-002 -1.1287280290e-001 -8.3823352067e-001
0 0 0
4 0 32 -49.6700 -111.9500 1 32 -41.2300 -142.4200 2 32 -38.7600 -174.3200 3 32 -20.2800 -142.3300
-3.0228146292e-002 -1.3293757740e-001 -8.3576200291e-001
0 0 0
4 0 33 -18.4400 -128.3700 1 33 -30.2900 -157.9600 2 33 -54.7700 -181.9700 3 33 -62.1600 -153.5600
-3.4315403850e-003 -1.4307628899e-001 -8.3053511641e-001
0 0 0
4 0 34 10.5900 -137.8100 1 34 -14.9100 -169.2200 2 34 -68.5900 -184.4500 3 34 -89.1500 -158.4100
1.7095081793e-002 -1.4418310789e-001 -8.2025806418e-001
0 0 0
4 0 35 31.4700 -140.2600 1 35 2.0000 -174.0000 2 35 -87.2500 -184.6800 3 35 -109.4600 -160.4000
3.6229620230e-002 -1.3996626705e-001 -8.0940289177e-001
0 0 0
3 0 36 51.6800 -138.4500 1 36 16.5600 -174.1100 2 36 -110.0300 -180.8300
4.7650680161e-002 -1.3279167969e-001 -8.0026203969e-001
0 0 0
4 0 37 64.5300 -133.4700 1 37 27.4400 -171.6100 2 37 -127.1900 -175.2200 3 37 -132.2800 -156.6900
5.7588111691e-002 -1.2678469056e-001 -7.9371056106e-001
0 0 0
4 0 38 75.9300 -127.7100 1 38 36.3800 -169.4400 2 38 -140.2100 -171.5000 3 38 -138.5500 -153.3700
5.8698243650e-002 -1.1717905211e-001 -7.8266019141e-001
0 0 0
4 0 39 79.3000 -123.1100 1 39 49.0000 -164.0000 2 39 -149.7100 -168.7100 3 39 -135.9200 -152.1400
4.9769989188e-002 -1.0698242177e-001 -7.7572241044e-001
0 0 0
4 0 40 72.8200 -114.1200 1 40 52.6700 -159.0000 2 40 -150.1000 -167.2900 3 40 -123.9500 -150.9200
3.5821213429e-002 -1.0055782102e-001 -7.7640476649e-001
0 0 0
4 0 41 59.1600 -108.4400 1 41 49.0000 -153.0000 2 41 -140.5900 -166.4500 3 41 -109.5100 -149.1700
1.4480493919e-002 -9.6381249890e-002 -7.8326057578e-001
0 0 0
4 0 42 35.1900 -103.9700 1 42 37.0500 -148.1900 2 42 -123.5500 -165.6800 3 42 -89.7300 -146.2700
-5.5845736900e-003 -9.7012720192e-002 -7.9916531918e-001
0 0 0
4 0 43 12.6200 -101.9100 1 43 19.0900 -143.0900 2 43 -98.3300 -164.5700 3 43 -72.1300 -141.9200
-2.5092127001e-002 -9.6472900891e-002 -8.1415460587e-001
0 0 0
4 0 44 -11.5500 -99.4200 1 44 2.7800 -138.9100 2 44 -76.0000 -161.5000 3 44 -55.6100 -135.7800
-4.2263388041e-002 -9.8867557429e-002 -8.3769896650e-001
0 0 0
4 0 45 -26.9300 -97.5500 1 45 -27.7600 -130.5200 2 45 -54.5300 -158.5300 3 45 -36.8000 -127.4800
-6.1761299393e-002 -1.0122471552e-001 -8.5873788690e-001
0 0 0
4 0 46 -47.4100 -96.7400 1 46 -50.1400 -126.0000 2 46 -28.7100 -155.7100 3 46 -17.6300 -118.9500
-7.5666634380e-002 -1.0133895320e-001 -8.7499206712e-001
0 0 0
4 0 47 -62.3300 -94.1900 1 47 -67.7300 -120.6400 2 47 -11.1100 -152.2500 3 47 -3.7900 -110.7700
-8.4214494044e-002 -9.6868396983e-002 -8.9160458617e-001
0 0 0
4 0 48 -70.2100 -88.8400 1 48 -80.8300 -111.0000 2 48 3.2000 -142.5600 3 48 8.1000 -98.1300
-9.2186934178e-002 -8.3576900837e-002 -9.0191797572e-001
0 0 0
4 0 49 -78.9600 -73.4000 1 49 -88.5000 -97.5000 2 49 10.1000 -132.2000 3 49 18.4400 -82.8100
-1.0313715900e-001 2.7627889924e-002 -8.8618405928e-001
0 0 0
4 0 50 -91.7700 21.8300 1 50 -51.5900 -5.8200 2 50 -22.3900 -78.5600 3 50 45.0000 -25.6000
-1.0504267695e-001 4.2348758704e-002 -8.6902800185e-001
0 0 0
4 0 51 -94.2500 34.3900 1 51 -36.2300 4.1800 2 51 -34.7500 -78.5000 3 51 46.8300 -29.0000
-1.1126652490e-001 5.2905629836e-002 -8.5214848117e-001
0 0 0
4 0 52 -100.7600 45.8800 1 52 -25.0900 10.9100 2 52 -43.4400 -81.6100 3 52 51.0400 -36.1200
-1.1754886233e-001 5.8719569691e-002 -8.3532155356e-001
0 0 0
4 0 53 -108.6000 51.7700 1 53 -13.0000 14.0000 2 53 -50.2800 -86.8900 3 53 54.4500 -43.8500
-1.2752213531e-001 6.1671638228e-002 -8.1766784005e-001
0 0 0
4 0 54 -119.0600 56.0900 1 54 -5.2300 15.9100 2 54 -57.6200 -95.4400 3 54 61.0900 -55.0900
-1.3532662308e-001 6.5090420903e-002 -8.0415483347e-001
0 0 0
4 0 55 -128.3400 59.9200 1 55 2.7100 19.0000 2 55 -62.4000 -101.6000 3 55 66.0000 -62.0000
-1.4455181445e-001 6.9395469776e-002 -7.9316388733e-001
0 0 0
4 0 56 -139.6400 65.8100 1 56 7.9200 22.9200 2 56 -65.4400 -105.6200 3 56 72.3500 -67.9500
-1.5508089646e-001 7.4679329787e-002 -7.8282463224e-001
0 0 0
4 0 57 -153.6800 72.6100 1 57 12.8800 28.6700 2 57 -67.4400 -109.2500 3 57 78.7900 -72.4600
-2.4260348967e-001 1.1635572152e-001 -7.0963218875e-001
0 0 0
4 0 58 -289.4200 136.1300 1 58 52.0000 97.0000 2 58 -76.8000 -136.0000 3 58 133.9100 -101.7800
-2.5162234862e-001 1.2360592744e-001 -6.8809328793e-001
0 0 0
4 0 59 -314.8000 153.3400 1 59 75.3900 108.1500 2 59 -84.5000 -141.5000 3 59 137.4300 -110.7100
1.4465726331e-002 1.0404018396e-001 -5.3693228599e-001
0 0 0
4 0 60 137.6800 182.1000 1 60 316.3100 -41.9200 2 60 -285.3300 -143.1200 3 60 -45.5600 -146.2500
4.6531230816e-002 8.8120532335e-002 -5.7470331789e-001
0 0 0
4 0 62 162.9200 134.2900 1 62 273.5000 -53.6400 2 62 -285.0000 -129.0000 3 62 -69.1100 -134.3300
5.7964303154e-002 7.6954996162e-002 -6.0155065549e-001
0 0 0
4 0 63 161.5900 108.4600 1 63 243.3500 -58.7800 2 63 -277.3000 -121.5300 3 63 -76.3200 -128.1600
6.1998566980e-002 6.6322378730e-002 -6.2170983198e-001
0 0 0
4 0 64 153.4300 86.5300 1 64 223.5800 -62.4200 2 64 -268.4300 -117.1700 3 64 -81.1300 -123.4300
6.4197187515e-002 5.7712109198e-002 -6.4283309681e-001
0 0 0
4 0 65 143.7300 70.5600 1 65 203.7400 -64.5300 2 65 -255.6300 -112.1000 3 65 -85.1100 -117.9400
2.6244446396e-002 2.6159385454e-002 -7.3549983783e-001
0 0 0
4 0 66 57.4900 23.2200 1 66 111.1100 -63.4200 2 66 -174.0000 -101.0000 3 66 -65.8100 -93.5200
4.9193485816e-003 2.5063320394e-002 -7.5258552439e-001
0 0 0
4 0 67 30.3000 22.2800 1 67 90.3700 -57.0000 2 67 -150.2300 -101.8800 3 67 -50.2300 -89.4700
-1.9899029939e-002 2.6352097235e-002 -7.6182644191e-001
0 0 0
4 0 68 -2.0000 23.3600 1 68 74.2100 -49.1600 2 68 -133.1200 -105.2800 3 68 -35.2900 -88.2900
-4.5553481093e-002 2.9592749628e-002 -7.6313787066e-001
0 0 0
4 0 69 -28.0000 25.3600 1 69 64.4700 -42.6500 2 69 -120.1300 -110.1300 3 69 -10.7800 -89.4800
-7.1233396487e-002 3.1801852197e-002 -7.6350392682e-001
0 0 0
4 0 70 -58.0000 27.3600 1 70 54.5600 -35.8900 2 70 -107.6300 -116.6700 3 70 7.1000 -92.3400
-9.6802675074e-002 3.3921803353e-002 -7.5914029149e-001
0 0 0
4 0 71 -87.5200 28.6000 1 71 47.5800 -30.4200 2 71 -99.7400 -123.4800 3 71 26.9000 -97.6600
-2.2831004827e-001 6.2174785515e-002 -7.2020770333e-001
0 0 0
4 0 72 -260.4700 61.8200 1 72 26.6400 26.0000 2 72 -69.3100 -156.1200 3 72 125.3900 -123.7400
-2.5364153678e-001 7.2180520605e-002 -7.1002462843e-001
0 0 0
4 0 73 -301.8600 75.5400 1 73 25.8200 46.4000 2 73 -66.7100 -159.2900 3 73 142.3200 -127.3800
-2.5387213376e-001 1.2340176700e-001 -6.9030867223e-001
0 0 0
4 0 74 -316.7800 151.7400 1 74 71.4500 110.1200 2 74 -82.8800 -141.4100 3 74 139.3200 -110.1800
-2.3592943075e-001 6.4374650474e-002 -7.6544290460e-001
0 0 0
4 0 75 -253.4400 60.2700 1 75 -23.9500 42.4700 2 75 -45.0000 -140.9000 3 75 137.6100 -100.7600
-2.1819232025e-001 6.0456944659e-002 -7.5831492602e-001
0 0 0
4 0 76 -234.4100 56.6500 1 76 -7.9700 30.0800 2 76 -55.1000 -141.0000 3 76 120.6900 -104.1900
-1.9462034777e-001 5.6917182393e-002 -7.5003099718e-001
0 0 0
4 0 77 -206.4500 53.6800 1 77 14.2500 15.6200 2 77 -66.4700 -140.0000 3 77 103.3400 -106.3800
-1.7398478721e-001 5.3568798191e-002 -7.4404873255e-001
0 0 0
4 0 78 -181.6700 50.5800 1 78 30.7600 4.2100 2 78 -76.2100 -139.1600 3 78 86.8100 -107.8800
-1.6363393742e-001 5.1081224748e-002 -7.4084844984e-001
0 0 0
4 0 79 -169.6700 48.1800 1 79 37.6400 -2.5700 2 79 -83.0000 -139.0000 3 79 78.1100 -108.8100
-1.5591967344e-001 4.7827574048e-002 -7.4138430332e-001
0 0 0
4 0 80 -159.2200 44.1600 1 80 40.2600 -7.4800 2 80 -85.0000 -139.0000 3 80 72.6900 -109.2300
-1.5207429803e-001 4.6854033972e-002 -7.4222762631e-001
0 0 0
4 0 81 -154.2900 43.2100 1 81 41.0700 -9.5900 2 81 -86.0000 -138.0000 3 81 69.9300 -108.7400
-1.5089752141e-001 4.5374952257e-002 -7.4347490195e-001
0 0 0
4 0 82 -152.5500 41.3700 1 82 40.0000 -11.0000 2 82 -85.5300 -138.0000 3 82 69.0000 -108.8800
-1.4955178969e-001 4.3577412443e-002 -7.4309765233e-001
0 0 0
4 0 83 -150.8400 39.4900 1 83 40.2600 -13.4800 2 83 -86.1000 -138.9500 3 83 67.7700 -109.8100
-1.4688111447e-001 4.0617301184e-002 -7.4315703421e-001
0 0 0
4 0 84 -147.4600 35.7400 1 84 40.7100 -17.0000 2 84 -86.5600 -139.6100 3 84 65.3800 -111.1200
-1.4188263207e-001 3.7901625987e-002 -7.4313258558e-001
0 0 0
4 0 85 -141.4500 32.6500 1 85 42.2600 -21.4800 2 85 -88.6300 -139.5300 3 85 61.4000 -111.4400
-1.3271174408e-001 3.6408820235e-002 -7.4179704164e-001
0 0 0
4 0 86 -130.0000 31.1100 1 86 47.2800 -24.8800 2 86 -92.9100 -138.9100 3 86 54.0000 -111.8600
-1.2243326738e-001 3.7773045149e-002 -7.3480034821e-001
0 0 0
4 0 87 -118.0000 33.1100 1 87 58.9300 -27.5900 2 87 -101.4000 -138.1500 3 87 45.7000 -112.9100
-1.1667477127e-001 3.9819808194e-002 -7.2667569927e-001
0 0 0
4 0 88 -111.2000 35.7600 1 88 69.9200 -29.3100 2 88 -108.9100 -138.6800 3 88 41.8400 -114.1200
-1.1060981443e-001 4.2293661105e-002 -7.1755529794e-001
0 0 0
4 0 89 -104.2000 39.7000 1 89 81.4200 -30.1500 2 89 -116.5500 -139.1500 3 89 35.8500 -117.4600
-1.0683766957e-001 4.5073529716e-002 -7.0717997536e-001
0 0 0
4 0 90 -100.0000 44.0000 1 90 93.4100 -30.8800 2 90 -124.3700 -140.7900 3 90 32.0700 -120.5900
-9.8437449429e-002 6.9678824288e-002 -6.3551980706e-001
0 0 0
4 0 91 -90.8400 86.9500 1 91 178.0000 -27.0000 2 91 -170.0000 -153.1800 3 91 24.3000 -138.0000
-1.0217403981e-001 7.1731838689e-002 -6.1516518997e-001
0 0 0
4 0 92 -97.4000 94.3500 1 92 201.4500 -29.9300 2 92 -177.7900 -159.7900 3 92 25.2600 -146.8700
-1.0503247158e-001 7.1582933508e-002 -5.9846231398e-001
0 0 0
4 0 93 -102.8000 98.2900 1 93 220.3800 -34.4800 2 93 -184.9500 -166.5700 3 93 26.1700 -155.5000
-1.0615200295e-001 7.2427087671e-002 -5.8779453579e-001
0 0 0
4 0 94 -105.5600 102.0700 1 94 234.0000 -36.4000 2 94 -190.0900 -170.2200 3 94 26.4100 -158.8600
-1.0526697629e-001 7.4875794753e-002 -5.7610392050e-001
0 0 0
4 0 95 -105.0100 110.1100 1 95 249.5500 -37.4100 2 95 -196.9100 -172.9100 3 95 24.7100 -162.5400
-1.0176483896e-001 7.7179209720e-002 -5.6753517500e-001
0 0 0
4 0 96 -98.7500 117.5900 1 96 261.7700 -38.5300 2 96 -203.0000 -174.0000 3 96 22.2600 -164.5200
-5.9878553129e-002 -5.6793960061e-003 -5.2435050900e-001
0 0 0
4 0 99 -0.6600 -50.2900 1 99 294.0300 -157.3400 2 99 -247.7800 -233.0000 3 99 -18.2500 -221.1200
-5.6443144200e-002 -3.0712233520e-003 -5.4230026756e-001
0 0 0
4 0 100 0.1800 -39.9500 1 100 272.0500 -145.2300 2 100 -240.7600 -224.0000 3 100 -19.0000 -213.0000
-5.4347049043e-002 2.8221493063e-003 -5.6042086106e-001
0 0 0
4 0 101 -1.5200 -24.5900 1 101 253.9200 -133.9200 2 101 -228.9500 -209.8500 3 101 -18.7700 -200.4200
-5.1709569606e-002 1.2125141173e-002 -5.8806400957e-001
0 0 0
4 0 102 -5.1200 -3.7200 1 102 223.5100 -111.1400 2 102 -217.1400 -194.8600 3 102 -17.7000 -184.1300
-5.5210504631e-002 2.1981470048e-002 -6.1712520171e-001
0 0 0
4 0 103 -18.0600 14.0600 1 103 193.9400 -90.1600 2 103 -198.7000 -177.4800 3 103 -12.5400 -166.6700
-6.1674828771e-002 2.9604108090e-002 -6.3736301078e-001
0 0 0
4 0 104 -32.0200 25.8400 1 104 173.3300 -75.0300 2 104 -184.1200 -166.0000 3 104 -5.9100 -154.4300
-6.6085240701e-002 3.5193103336e-002 -6.5640031232e-001
0 0 0
4 0 105 -41.0700 33.5400 1 105 154.3800 -62.3800 2 105 -170.9600 -155.5700 3 105 -0.9600 -144.6000
-7.4108151304e-002 3.9161920258e-002 -6.6633405241e-001
0 0 0
4 0 106 -53.8800 38.7700 1 106 143.2800 -54.8800 2 106 -161.8800 -151.6900 3 106 6.0000 -137.8600
-8.3570123448e-002 4.1353510301e-002 -6.7411644507e-001
0 0 0
4 0 107 -68.2700 41.1800 1 107 133.6100 -49.0000 2 107 -152.4200 -149.1200 3 107 12.5400 -134.5800
-9.3169853093e-002 4.1567875506e-002 -6.8245393110e-001
0 0 0
4 0 108 -81.2100 40.9800 1 108 121.7800 -44.0400 2 108 -143.0800 -148.9200 3 108 20.4400 -132.6000
-1.0296482054e-001 3.9864585842e-002 -6.9015169829e-001
0 0 0
4 0 109 -95.4600 38.0000 1 109 109.8700 -41.8700 2 109 -134.6000 -148.9600 3 109 26.5200 -131.1700
-1.1167544617e-001 3.5830601187e-002 -7.0536145610e-001
0 0 0
4 0 110 -105.7700 32.6800 1 110 90.0000 -40.0000 2 110 -121.2800 -148.0000 3 110 34.0000 -128.3800
-1.1782982994e-001 3.0075620658e-002 -7.1885931967e-001
0 0 0
4 0 111 -113.3100 23.9100 1 111 72.6000 -40.9600 2 111 -112.2900 -146.9200 3 111 39.7600 -124.6000
-1.2574168037e-001 2.4437565757e-002 -7.3297605866e-001
0 0 0
4 0 112 -121.5700 17.5300 1 112 53.5000 -41.0000 2 112 -100.0000 -147.1400 3 112 46.3000 -123.0900
-1.2860893981e-001 2.1260896036e-002 -7.4452528531e-001
0 0 0
4 0 113 -124.0000 13.0000 1 113 41.8100 -40.4200 2 113 -91.0900 -145.0900 3 113 49.8100 -118.4200
-1.3044713036e-001 2.1545568337e-002 -7.5104303483e-001
0 0 0
4 0 114 -125.5300 13.3000 1 114 35.0000 -37.5000 2 114 -86.9100 -142.9100 3 114 51.9200 -115.5600
-1.3220886121e-001 2.3503671690e-002 -7.5647645701e-001
0 0 0
4 0 115 -127.4300 15.6700 1 115 30.1300 -34.1300 2 115 -83.5300 -140.0000 3 115 54.1800 -111.4300
-1.3624354654e-001 2.5730799961e-002 -7.5893911835e-001
0 0 0
4 0 116 -132.0700 18.0700 1 116 26.7400 -30.2200 2 116 -80.7300 -139.0000 3 116 57.7400 -109.4800
-1.4484919837e-001 2.6558434501e-002 -7.5445883777e-001
0 0 0
4 0 117 -142.6100 18.9400 1 117 26.7200 -28.8800 2 117 -79.3900 -143.0000 3 117 64.2600 -112.5900
-1.5131413925e-001 2.7172755729e-002 -7.4553034846e-001
0 0 0
4 0 118 -152.3900 19.1400 1 118 31.3100 -29.4200 2 118 -82.5000 -147.5000 3 118 67.6400 -117.4300
-1.5446602576e-001 2.8868947708e-002 -7.3248098503e-001
0 0 0
4 0 119 -157.9500 21.1800 1 119 42.6800 -30.5000 2 119 -87.6700 -151.6200 3 119 69.0800 -124.8000
-1.5666961376e-001 3.1570592751e-002 -7.2158297479e-001
0 0 0
4 0 120 -162.7400 24.5400 1 120 52.9700 -30.2100 2 120 -92.9100 -154.7800 3 120 69.7000 -129.1700
-1.5816213261e-001 3.3635926974e-002 -7.1140243784e-001
0 0 0
4 0 121 -166.6800 27.3700 1 121 62.6200 -30.5900 2 121 -98.6100 -158.1300 3 121 69.8800 -133.1600
-1.5999193495e-001 3.7271873837e-002 -7.0064617738e-001
0 0 0
4 0 122 -171.5900 32.1300 1 122 74.4500 -29.4100 2 122 -103.2900 -160.1000 3 122 70.2400 -136.6000
-1.6166056917e-001 4.2838785691e-002 -6.9119794226e-001
0 0 0
4 0 123 -176.3300 40.6300 1 123 85.2700 -26.0900 2 123 -108.0900 -160.9500 3 123 70.6100 -138.4800
-1.6440667003e-001 4.9684608527e-002 -6.8155403823e-001
0 0 0
4 0 124 -182.8900 49.6400 1 124 97.3600 -19.7300 2 124 -112.9100 -160.9100 3 124 72.4300 -139.3900
-1.6776689604e-001 5.5478108442e-002 -6.7371659930e-001
0 0 0
4 0 125 -190.0200 58.6200 1 125 106.5600 -14.3400 2 125 -116.2600 -161.6800 3 125 74.6100 -140.4800
-1.7333983943e-001 5.9645817677e-002 -6.6487482299e-001
0 0 0
4 0 126 -201.5400 65.6200 1 126 115.7400 -10.6100 2 126 -118.7500 -164.0500 3 126 77.2900 -142.7100
-1.8047068584e-001 6.2332165137e-002 -6.5582366162e-001
0 0 0
4 0 127 -215.6700 70.5400 1 127 124.7400 -8.0000 2 127 -120.0000 -166.6200 3 127 81.8100 -146.9500
-1.8976002970e-001 6.5945213127e-002 -6.4536321434e-001
0 0 0
4 0 128 -235.6900 77.4200 1 128 134.8400 -3.8100 2 128 -121.7900 -170.8400 3 128 85.6500 -150.0500
-1.9997087396e-001 7.1001663059e-002 -6.3850871755e-001
0 0 0
4 0 129 -255.5100 86.6700 1 129 141.5300 4.0500 2 129 -121.3800 -172.6200 3 129 93.7500 -152.7000
-2.1092797013e-001 7.6409714449e-002 -6.3537126447e-001
0 0 0
4 0 130 -276.3400 95.9600 1 130 143.4500 14.1100 2 130 -118.7000 -172.9500 3 130 101.0800 -152.8000
-2.2144394970e-001 8.1707983305e-002 -6.3324599956e-001
0 0 0
4 0 131 -296.4600 104.9400 1 131 144.0000 24.8900 2 131 -116.5000 -173.0000 3 131 108.1200 -152.3300
-2.2918853829e-001 8.5725428424e-002 -6.3147846961e-001
0 0 0
4 0 132 -311.6800 111.6800 1 132 144.9200 33.7200 2 132 -114.7200 -173.1700 3 132 112.9600 -152.2200
-2.2916708798e-001 9.0609320210e-002 -6.2333600116e-001
0 0 0
4 0 133 -317.5000 122.6900 1 133 158.9500 37.9300 2 133 -118.3800 -173.4400 3 133 113.0000 -153.1200
-1.7614539354e-001 9.2776112874e-002 -6.1904982254e-001
0 0 0
4 0 175 -224.3400 128.1800 1 175 185.9500 17.0700 2 175 -139.4000 -162.6500 3 175 77.6000 -145.1200
-2.0188166828e-001 9.1929380415e-002 -6.3429346946e-001
0 0 0
4 0 176 -262.2300 121.9000 1 176 154.9800 30.7100 2 176 -124.5300 -163.4700 3 176 96.1300 -143.8700
-2.2290230299e-001 9.2348186118e-002 -6.4389797187e-001
0 0 0
4 0 177 -292.8200 119.7800 1 177 134.2400 42.4500 2 177 -109.8900 -164.5600 3 177 111.0900 -142.3200
-2.2198741091e-001 3.7632094610e-002 -6.4667262816e-001
0 0 0
4 0 178 -286.4100 31.3600 1 178 106.3400 -31.0600 2 178 -105.7200 -190.4400 3 178 107.9600 -171.2900
-2.0351007299e-001 3.9075733424e-002 -6.5149849572e-001
0 0 0
4 0 179 -253.1200 34.8500 1 179 110.0700 -32.4300 2 179 -109.7900 -186.0500 3 179 95.2900 -165.4600
-1.9203123448e-001 3.9455672375e-002 -6.5830286982e-001
0 0 0
4 0 180 -231.6700 35.2500 1 180 107.5500 -32.5900 2 180 -111.4400 -180.3900 3 180 88.6800 -160.4000
-1.8362265776e-001 3.8092303912e-002 -6.6759049958e-001
0 0 0
4 0 181 -215.2600 33.3300 1 181 99.7400 -33.3900 2 181 -110.4000 -176.2500 3 181 83.2900 -155.4600
-1.7945409638e-001 3.2162506947e-002 -6.7868225728e-001
0 0 0
4 0 182 -204.7700 24.8900 1 182 86.7300 -37.9100 2 182 -105.7900 -174.8400 3 182 81.5600 -153.4000
-1.8482547237e-001 2.6252298881e-002 -6.8764776583e-001
0 0 0
4 0 183 -209.5900 17.3300 1 183 71.4500 -40.7600 2 183 -97.3200 -177.0900 3 183 84.8900 -154.1900
-2.0477975736e-001 1.8930615923e-002 -6.9369792294e-001
0 0 0
4 0 184 -235.3800 5.5300 1 184 51.5900 -42.8500 2 184 -86.0000 -182.2400 3 184 102.3300 -158.6700
-2.2270388124e-001 1.5728846126e-002 -6.9712952279e-001
0 0 0
4 0 185 -259.5100 0.6600 1 185 36.0000 -41.1100 2 185 -75.8000 -187.1300 3 185 116.0700 -162.3200
-2.3658382930e-001 1.4925568644e-002 -6.9729547150e-001
0 0 0
4 0 186 -280.4900 -1.2900 1 186 26.0000 -38.8900 2 186 -71.0000 -189.5700 3 186 125.2800 -164.5500
-2.4098707223e-001 1.4401109527e-002 -6.9534441168e-001
0 0 0
4 0 187 -287.5400 -2.2300 1 187 25.2300 -39.4000 2 187 -70.4700 -191.3300 3 187 129.3500 -166.5400
-2.2964432061e-001 1.1137769444e-002 -6.9033484714e-001
0 0 0
4 0 188 -273.9300 -6.0500 1 188 36.2600 -49.0500 2 188 -77.2000 -192.2000 3 188 118.0300 -168.8100
-2.0166618693e-001 5.4816841716e-003 -6.8471127122e-001
0 0 0
4 0 189 -233.8300 -13.3500 1 189 58.2400 -63.6300 2 189 -88.3800 -192.5600 3 189 96.4700 -170.8100
-1.7558568636e-001 2.0878436622e-003 -6.7415497803e-001
0 0 0
4 0 190 -198.7600 -18.0000 1 190 81.7300 -76.2700 2 190 -106.2700 -192.9100 3 190 75.2600 -173.4100
-1.5147598909e-001 8.2871982363e-004 -6.5821229399e-001
0 0 0
4 0 191 -166.7500 -20.4500 1 191 108.9300 -87.0200 2 191 -128.1900 -194.9500 3 191 55.6800 -177.2800
-1.3394004458e-001 4.9559014592e-003 -6.3744344366e-001
0 0 0
4 0 192 -143.3300 -15.4100 1 192 142.1800 -92.7100 2 192 -145.6100 -196.5600 3 192 41.0900 -181.2200
-1.1853827891e-001 1.6512609483e-002 -6.1666857486e-001
0 0 0
4 0 193 -121.6000 1.9000 1 193 175.9000 -88.8700 2 193 -165.4400 -194.3800 3 193 29.9100 -180.4300
-1.0346945334e-001 3.1835169456e-002 -6.0706996153e-001
0 0 0
4 0 194 -98.0500 29.5600 1 194 195.9200 -79.0500 2 194 -180.1100 -185.4400 3 194 20.6400 -172.9100
-8.4294705937e-002 5.8284851485e-002 -6.0848951189e-001
0 0 0
4 0 195 -66.6700 72.9200 1 195 209.0000 -50.0000 2 195 -189.8600 -165.0900 3 195 11.3200 -154.5900
-7.1890429020e-002 1.0520536282e-001 -6.4646276815e-001
0 0 0
4 0 197 -51.8500 139.1500 1 197 184.5900 6.3400 2 197 -177.5900 -121.5200 3 197 11.2900 -114.5400
-7.7892169883e-002 1.1810776229e-001 -6.7341309413e-001
0 0 0
4 0 198 -63.0700 149.0200 1 198 161.2700 25.2700 2 198 -159.5600 -105.8000 3 198 19.3800 -95.0500
-1.0944065950e-001 1.2025158372e-001 -7.2819294251e-001
0 0 0
4 0 199 -104.7500 137.1900 1 199 96.6300 48.4400 2 199 -119.0000 -95.1000 3 199 44.7100 -73.0000
-1.2777599592e-001 1.1230093386e-001 -7.4580556375e-001
0 0 0
4 0 200 -126.1100 122.3700 1 200 72.3100 49.9200 2 200 -100.2100 -97.3700 3 200 58.7900 -69.2100
-1.4719401996e-001 1.0240044138e-001 -7.6133283544e-001
0 0 0
4 0 201 -148.0000 107.1100 1 201 45.3800 49.7200 2 201 -85.2200 -101.0900 3 201 73.2900 -69.0000
-1.6482936285e-001 9.5137751873e-002 -7.7357313546e-001
0 0 0
4 0 202 -166.2100 96.7700 1 202 23.7900 50.9700 2 202 -69.6000 -105.7000 3 202 87.2000 -68.9200
-1.8469050505e-001 8.8217331907e-002 -7.7904462524e-001
0 0 0
4 0 203 -188.9100 86.4600 1 203 5.6600 52.0000 2 203 -60.5600 -110.3900 3 203 103.0400 -72.1200
-1.9878354571e-001 8.0535776153e-002 -7.8280978133e-001
0 0 0
4 0 204 -205.1700 77.9700 1 204 -9.2700 49.9100 2 204 -51.0000 -119.0000 3 204 110.8100 -75.1900
-2.0764739854e-001 7.1213381027e-002 -7.8194438434e-001
0 0 0
4 0 205 -214.4200 67.4200 1 205 -17.6100 42.7400 2 205 -47.6200 -124.5600 3 205 119.2000 -83.4400
-2.1037775783e-001 6.4913003770e-002 -7.8169919823e-001
0 0 0
4 0 206 -217.3200 60.2600 1 206 -21.4700 36.8700 2 206 -45.6200 -128.5600 3 206 121.1200 -87.5000
-2.0132050011e-001 4.5592266050e-002 -8.1179087519e-001
0 0 0
4 0 207 -198.5700 38.3300 1 207 -49.4700 19.3700 2 207 -31.0000 -125.1000 3 207 118.5800 -80.0600
-2.0421311609e-001 3.7542038534e-002 -8.2182752953e-001
0 0 0
4 0 208 -199.3700 29.1700 1 208 -61.5500 14.5900 2 208 -21.6200 -126.5600 3 208 122.0600 -79.1800
-2.0823940139e-001 2.9267541233e-002 -8.3439561219e-001
0 0 0
4 0 209 -200.5700 20.3300 1 209 -77.8600 10.1400 2 209 -13.0000 -127.0000 3 209 127.6200 -77.1600
-2.1050280062e-001 2.1457597437e-002 -8.4585625841e-001
0 0 0
4 0 210 -200.2600 12.6100 1 210 -91.0400 5.2900 2 210 -4.3800 -127.4400 3 210 131.5900 -75.0000
-2.1154002040e-001 1.2992562163e-002 -8.6012204370e-001
0 0 0
4 0 211 -198.0700 4.5500 1 211 -105.6200 0.4800 2 211 5.4100 -126.8800 3 211 135.0600 -71.2800
-2.1075903271e-001 4.6415898407e-003 -8.7287715663e-001
0 0 0
4 0 212 -194.5900 -2.7200 1 212 -116.8100 -5.0700 2 212 14.8700 -126.4700 3 212 136.7400 -68.0000
-2.1022087157e-001 -4.0196762866e-003 -8.8325084579e-001
0 0 0
4 0 213 -191.5500 -10.5900 1 213 -127.5500 -11.4100 2 213 20.7800 -126.8300 3 213 138.7400 -66.0000
-2.0612630773e-001 -1.2544754064e-002 -8.9610626187e-001
0 0 0
4 0 214 -185.1900 -17.1900 1 214 -135.9300 -17.4500 2 214 29.6200 -125.4400 3 214 137.3100 -62.0900
-2.0001642617e-001 -1.9949729097e-002 -9.0683626930e-001
0 0 0
4 0 215 -177.6000 -22.8800 1 215 -140.8100 -23.1900 2 215 36.0000 -123.2700 3 215 133.6600 -58.3400
-1.9306738598e-001 -2.5601176532e-002 -9.1790008888e-001
0 0 0
4 0 216 -169.2900 -27.0000 1 216 -144.7100 -27.0000 2 216 41.2900 -120.7100 3 216 129.3100 -52.0900
-1.8609263585e-001 -3.0532817109e-002 -9.2805180479e-001
0 0 0
4 0 217 -161.8700 -30.1300 1 217 -147.3600 -30.3600 2 217 46.9000 -117.0000 3 217 124.2100 -46.6800
-1.7781337169e-001 -3.6365469637e-002 -9.3893157385e-001
0 0 0
4 0 218 -153.9600 -33.5800 1 218 -150.7200 -35.1200 2 218 51.5000 -113.2200 3 218 117.3100 -40.0900
-1.6868857448e-001 -4.4533328224e-002 -9.4910733994e-001
0 0 0
4 0 219 -144.0800 -39.5600 1 219 -152.7100 -41.0000 2 219 57.0000 -111.0000 3 219 110.3400 -35.6600
-1.5929035983e-001 -5.4231890181e-002 -9.6202965999e-001
0 0 0
4 0 220 -137.0000 -44.5000 1 220 -156.8300 -49.0000 2 220 65.2500 -108.5000 3 220 100.8900 -29.0600
-1.4750097659e-001 -6.8399617370e-002 -9.7980347776e-001
0 0 0
4 0 221 -122.9200 -53.7100 1 221 -162.5400 -58.0400 2 221 77.2900 -104.3800 3 221 92.9500 -22.0800
-1.3269894417e-001 -8.3340522250e-002 -9.9822348557e-001
0 0 0
4 0 222 -110.7900 -63.5400 1 222 -167.2900 -67.0000 2 222 88.9100 -101.0900 3 222 77.4700 -11.5500
-1.2006084098e-001 -9.9451345545e-002 -1.0177820961e+000
0 0 0
4 0 223 -100.0000 -71.8600 1 223 -173.4500 -76.8600 2 223 104.7100 -97.0000 3 223 64.1600 -1.9200
-1.0752401624e-001 -1.1393056226e-001 -1.0354373713e+000
0 0 0
4 0 224 -91.3000 -78.9500 1 224 -177.8100 -84.3300 2 224 119.7800 -93.6700 3 224 48.3800 8.3800
-8.9539749988e-002 -1.3460783674e-001 -1.0580280649e+000
0 0 0
4 0 225 -78.4100 -89.5900 1 225 -182.9000 -95.7000 2 225 139.6800 -89.0000 3 225 23.8500 22.3300
-6.8741381377e-002 -1.5505908203e-001 -1.0785649091e+000
0 0 0
4 0 226 -62.3800 -101.2500 1 226 -186.1800 -106.9400 2 226 157.3700 -84.3700 3 226 -7.7200 37.9300
-4.6137076079e-002 -1.7179777659e-001 -1.0958263767e+000
0 0 0
4 0 227 -47.5000 -108.5000 1 227 -184.2500 -115.5600 2 227 174.6300 -76.0000 3 227 -46.0000 52.6900
-1.6606533617e-002 -1.8691334089e-001 -1.1087546703e+000
0 0 0
4 0 228 -29.0000 -115.1000 1 228 -177.2700 -124.0000 2 228 184.9100 -67.4800 3 228 -99.4800 68.5700
1.1594664215e-002 -1.9889327061e-001 -1.1166405228e+000
0 0 0
3 0 229 -13.1900 -119.5000 1 229 -168.0000 -131.0000 2 229 191.5900 -56.4700
4.1525031660e-002 -2.0865291650e-001 -1.1208839491e+000
0 0 0
4 0 230 4.5600 -123.6200 1 230 -156.4600 -136.8500 2 230 192.1900 -45.8600 3 230 -210.2700 86.6400
1.8013326450e-001 -1.5974307743e-001 -1.0018632939e+000
0 0 0
4 0 231 115.0000 -105.0000 1 231 -38.8000 -138.0000 2 231 -30.6400 -5.0400 3 231 -315.8400 13.0500
1.7061636105e-001 -1.4595680208e-001 -9.8375865908e-001
0 0 0
4 0 232 113.2500 -98.5000 1 232 -30.0000 -133.2000 2 232 -46.3900 -13.4300 3 232 -289.8300 1.7800
1.5740796525e-001 -1.3417077088e-001 -9.6701260997e-001
0 0 0
4 0 233 108.0000 -93.1400 1 233 -24.1700 -129.0000 2 233 -57.4400 -25.4400 3 233 -263.9700 -7.8600
1.3674391465e-001 -1.2114516826e-001 -9.5253080123e-001
0 0 0
4 0 234 97.0000 -86.7100 1 234 -22.1700 -125.0000 2 234 -60.5400 -36.0000 3 234 -230.8700 -17.1300
1.1390426757e-001 -1.0863655758e-001 -9.4389189286e-001
0 0 0
4 0 235 80.8800 -78.5000 1 235 -23.3800 -116.3800 2 235 -56.8400 -45.8100 3 235 -200.9000 -21.3900
8.5219904254e-002 -9.2123625506e-002 -9.3681977224e-001
0 0 0
4 0 236 63.8900 -70.0700 1 236 -27.6000 -107.6000 2 236 -49.6600 -51.0600 3 236 -160.1200 -22.0600
6.3387407181e-002 -8.3361723869e-002 -9.3908503664e-001
0 0 0
4 0 237 41.3900 -60.2900 1 237 -35.1700 -96.7200 2 237 -37.4900 -55.8600 3 237 -140.2500 -21.2700
3.5022241308e-002 -7.0535030321e-002 -9.4003816685e-001
0 0 0
4 0 238 20.7000 -52.4700 1 238 -44.6200 -86.6200 2 238 -25.1900 -58.7800 3 238 -105.5100 -17.7800
5.6730586435e-003 -5.9032347707e-002 -9.4646854496e-001
0 0 0
4 0 239 -1.5000 -44.8800 1 239 -58.0000 -75.5300 2 239 -9.3100 -60.1900 3 239 -70.6100 -10.6100
-1.0649022738e-002 -5.3459665012e-002 -9.5790861299e-001
0 0 0
4 0 240 -15.5900 -39.7300 1 240 -69.5800 -67.3200 2 240 5.8000 -57.3000 3 240 -52.4500 -1.7900
-1.6300410278e-002 -4.4661717764e-002 -9.7192444580e-001
0 0 0
4 0 241 -21.5000 -32.0900 1 241 -78.0000 -57.2700 2 241 15.0000 -48.0000 3 241 -43.8400 14.6600
-1.1083571428e-002 -3.5219780747e-002 -9.8918319202e-001
0 0 0
4 0 242 -19.2100 -24.1200 1 242 -82.5000 -47.0000 2 242 22.5800 -29.9400 3 242 -45.6600 34.2600
-3.2911874313e-003 -2.8602596324e-002 -1.0111680548e+000
0 0 0
4 0 243 -15.6200 -17.0000 1 243 -88.3500 -39.8800 2 243 32.4700 -13.3000 3 243 -51.0300 60.4100
6.4827943892e-003 -2.3711082866e-002 -1.0337236777e+000
0 0 0
4 0 244 -10.0000 -12.0000 1 244 -94.3800 -33.4400 2 244 43.0700 5.4100 3 244 -58.8500 85.6400
2.0504253483e-002 -2.8810465399e-002 -1.0605365956e+000
0 0 0
4 0 245 -2.5300 -14.2600 1 245 -101.2100 -34.3600 2 245 59.9700 26.0800 3 245 -74.1700 110.9300
3.6035592862e-002 -4.5880558509e-002 -1.0915291762e+000
0 0 0
3 0 246 3.4000 -23.6500 1 246 -111.8500 -41.4600 2 246 82.8100 40.4700
4.6149237902e-002 -6.7448779979e-002 -1.1089197799e+000
0 0 0
3 0 247 8.2100 -37.1600 1 247 -119.6400 -51.9100 2 247 101.7300 44.6400
5.6797950579e-002 -9.0435041365e-002 -1.1144444702e+000
0 0 0
3 0 248 14.4400 -49.7500 1 248 -122.0000 -66.8000 2 248 113.1400 41.1000
6.8585174329e-002 -1.1404603477e-001 -1.1086698843e+000
0 0 0
3 0 249 23.3800 -64.6200 1 249 -119.2500 -82.3800 2 249 115.3100 29.9100
1.1677841581e-001 -1.7482949600e-001 -1.0456149799e+000
0 0 0
4 0 250 65.5300 -111.3700 1 250 -83.6700 -135.6700 2 250 62.5900 -26.9200 3 250 -266.4700 33.7800
1.3297872567e-001 -1.6649406238e-001 -1.0329515073e+000
0 0 0
4 0 251 76.0000 -107.5300 1 251 -69.6700 -133.1100 2 251 36.1000 -18.1200 3 251 -276.7800 28.7600
1.5440851515e-001 -1.4198055426e-001 -1.0196190231e+000
0 0 0
4 0 252 94.5000 -90.5900 1 252 -50.6200 -122.2500 2 252 0.0000 4.8900 3 252 -278.7600 36.0000
1.6867807193e-001 -1.1579574416e-001 -1.0072503399e+000
0 0 0
3 0 253 106.5000 -73.5400 1 253 -34.8800 -110.1200 2 253 -30.9500 25.2900
1.7691129663e-001 -8.4594419524e-002 -9.9266719124e-001
0 0 0
3 0 254 116.9600 -52.1200 1 254 -17.8800 -95.5000 2 254 -58.3100 41.4100
1.8336710804e-001 -5.5349956098e-002 -9.7802386787e-001
0 0 0
3 0 255 123.1700 -33.1200 1 255 -4.5000 -82.1200 2 255 -85.1100 55.3200
1.8765743411e-001 -2.4672531532e-002 -9.6544051879e-001
0 0 0
3 0 256 129.2200 -11.3000 1 256 8.7500 -67.1200 2 256 -105.6300 68.2400
1.8761821780e-001 1.9275672715e-003 -9.5481634858e-001
0 0 0
3 0 257 131.9000 9.2600 1 257 18.1100 -54.6700 2 257 -119.6400 76.2600
1.8133772497e-001 2.2714714120e-002 -9.4929016620e-001
0 0 0
3 0 258 128.7000 23.7000 1 258 24.0000 -41.7100 2 258 -123.0000 80.0000
-2.6399233784e-002 -3.5369476833e-002 -9.8855148393e-001
0 0 0
4 0 259 -31.1100 -24.4200 1 259 -89.3300 -46.4700 2 259 27.7500 -37.8400 3 259 -30.1000 32.1800
-4.8834662464e-002 -5.1980890760e-002 -9.7301330279e-001
0 0 0
4 0 260 -46.2800 -38.3200 1 260 -96.5600 -58.3800 2 260 31.2500 -66.7200 3 260 -12.7300 5.9100
-6.9234444879e-002 -6.2360878675e-002 -9.4991752909e-001
0 0 0
4 0 261 -61.4700 -50.2600 1 261 -97.4400 -69.6200 2 261 26.6700 -88.7300 3 261 4.5500 -25.4800
-8.4867733943e-002 -6.7209836563e-002 -9.2316950994e-001
0 0 0
4 0 262 -73.0000 -57.3900 1 262 -92.9400 -78.1100 2 262 15.4300 -111.9700 3 262 16.6500 -51.7200
-9.9292252064e-002 -6.9666299371e-002 -8.9002106779e-001
0 0 0
4 0 263 -85.2900 -65.0000 1 263 -80.6700 -87.8600 2 263 1.0400 -130.5900 3 263 27.5500 -82.5200
-1.0586279117e-001 -6.6597389470e-002 -8.5196731114e-001
0 0 0
4 0 264 -91.0400 -68.1100 1 264 -58.6500 -95.4600 2 264 -21.5000 -147.5000 3 264 30.6400 -108.0000
-1.0568072245e-001 -5.6846077730e-002 -8.2405854522e-001
0 0 0
4 0 265 -92.0000 -63.3200 1 265 -35.6400 -95.6100 2 265 -41.5000 -153.5000 3 265 29.0000 -118.0000
-1.0241217707e-001 -3.7164985888e-002 -7.9543236186e-001
0 0 0
4 0 266 -89.6700 -47.0600 1 266 -6.3700 -86.3000 2 266 -64.0000 -152.0000 3 266 26.0000 -122.0000
-9.6245367740e-002 -1.1436335907e-002 -7.7007468545e-001
0 0 0
4 0 267 -84.3500 -24.4300 1 267 25.5400 -68.7500 2 267 -86.8600 -144.0000 3 267 22.6100 -118.5400
4.9620160187e-002 1.7326298896e-001 -6.7582340475e-001
0 0 0
4 0 268 103.2100 219.5300 1 268 202.0000 39.2700 2 268 -229.2200 -40.0400 3 268 -52.7300 -52.0000
5.4196693865e-002 1.7240746545e-001 -6.7519827685e-001
0 0 0
4 0 269 109.3100 218.6100 1 269 203.0000 37.1000 2 269 -232.1000 -39.0000 3 269 -55.5600 -52.2500
5.7621667381e-002 1.7352843809e-001 -6.7563277658e-001
0 0 0
4 0 270 113.2200 219.4900 1 270 203.7300 37.3300 2 270 -234.1000 -37.0000 3 270 -57.3300 -51.0000
6.1940105709e-002 1.7506527158e-001 -6.7624460751e-001
0 0 0
4 0 271 118.4900 221.2800 1 271 204.0000 37.4300 2 271 -236.1000 -34.9700 3 271 -59.6200 -49.4400
6.5557212893e-002 1.7494891460e-001 -6.7930361123e-001
0 0 0
4 0 272 121.4100 219.6400 1 272 202.0000 36.7300 2 272 -236.3800 -32.4800 3 272 -61.9500 -47.7000
2.3321965611e-002 1.5791998590e-001 -7.0520870592e-001
0 0 0
4 0 273 60.2400 188.3300 1 273 167.6000 38.4000 2 273 -198.1400 -44.5900 3 273 -38.0000 -48.0000
6.9242667714e-003 1.5504554757e-001 -7.0702498640e-001
0 0 0
4 0 274 40.5400 184.5700 1 274 162.0000 41.0000 2 274 -187.0000 -51.2700 3 274 -28.3000 -50.4000
-1.0652351861e-002 1.5461553363e-001 -7.0909954961e-001
0 0 0
4 0 275 18.1600 183.4500 1 275 155.5300 46.0000 2 275 -178.2000 -55.8000 3 275 -16.7100 -52.0000
-3.4215925174e-002 1.5705195008e-001 -7.1281692753e-001
0 0 0
4 0 276 -11.6900 185.8500 1 276 146.7900 55.5400 2 276 -164.8500 -60.7000 3 276 -1.0000 -52.1700
-2.3769542377e-001 7.2333568028e-002 -8.4944247095e-001
0 0 0
4 0 277 -230.4100 62.5100 1 277 -95.1000 68.0000 2 277 -3.6800 -107.7400 3 277 154.5100 -48.8400
-2.0335312622e-001 6.9602989198e-002 -8.3022102256e-001
0 0 0
4 0 278 -198.4800 61.3800 1 278 -58.0000 49.0000 2 278 -27.3500 -106.7800 3 278 123.5100 -55.7000
-1.6568005506e-001 7.1105721870e-002 -8.0346338532e-001
0 0 0
4 0 279 -162.4600 66.2400 1 279 -11.5400 32.8900 2 279 -52.3800 -106.0000 3 279 89.4500 -64.7300
-1.4125728261e-001 7.6840673300e-002 -7.7383827609e-001
0 0 0
4 0 280 -140.0600 73.6900 1 280 28.3800 24.6500 2 280 -82.3800 -106.0000 3 280 69.3400 -71.6200
-1.1399100388e-001 8.6127496798e-002 -7.4050606934e-001
0 0 0
4 0 281 -110.1100 90.8500 1 281 72.1800 19.5600 2 281 -111.1000 -107.1900 3 281 45.5000 -82.5000
-9.8972148868e-002 9.6743473455e-002 -7.1128048517e-001
0 0 0
4 0 282 -92.0000 110.1000 1 282 109.3900 19.3900 2 282 -131.2900 -109.0000 3 282 33.1700 -90.3500
-7.3699434678e-002 1.8178101018e-001 -6.7064001822e-001
0 0 0
4 0 283 -60.0000 237.1200 1 283 185.5800 88.4200 2 283 -170.2100 -75.1600 3 283 24.2500 -66.4400
-8.5636863305e-002 1.6037820990e-001 -6.2655095843e-001
0 0 0
4 0 284 -74.3100 233.5900 1 284 221.0000 63.9000 2 284 -185.3300 -106.1100 3 284 26.0000 -97.2700
-7.3240840697e-002 1.3940818381e-001 -6.2274461374e-001
0 0 0
4 0 285 -52.8800 201.2500 1 285 221.0000 37.8800 2 285 -192.1600 -115.0000 3 285 15.9400 -106.8900
-5.4714882542e-002 1.0948414593e-001 -6.2443236589e-001
0 0 0
4 0 286 -24.3400 154.3700 1 286 211.9300 -0.1000 2 286 -199.3500 -124.1000 3 286 -3.5700 -118.8600
-2.3944987821e-002 8.2665491768e-002 -6.3645526977e-001
0 0 0
4 0 287 21.4800 108.2000 1 287 199.0400 -30.7600 2 287 -207.4400 -125.2000 3 287 -24.0800 -121.3800
6.3164923570e-003 6.0793925693e-002 -6.5218902480e-001
0 0 0
4 0 288 62.4200 70.8500 1 288 184.6800 -49.8400 2 288 -215.1600 -122.1600 3 288 -41.8900 -120.7400
3.1389969866e-002 3.9036202072e-002 -6.7127553264e-001
0 0 0
4 0 289 86.1800 41.9100 1 289 166.8000 -69.4400 2 289 -218.5000 -120.5000 3 289 -67.5400 -119.2100
4.9499431865e-002 1.5513876833e-002 -6.9358396073e-001
0 0 0
4 0 290 98.8000 13.5300 1 290 145.2100 -86.4600 2 290 -215.9200 -119.9200 3 290 -86.7800 -118.9100
6.1163827186e-002 -5.4505068779e-003 -7.1700895641e-001
0 0 0
4 0 291 104.2500 -12.3800 1 291 124.8600 -97.0000 2 291 -207.2100 -117.6400 3 291 -98.4500 -116.5900
7.3957887983e-002 -2.3696878255e-002 -7.5146489075e-001
0 0 0
4 0 292 104.0000 -29.1100 1 292 98.7800 -103.0900 2 292 -191.3300 -109.2200 3 292 -115.2800 -106.0000
8.4364318758e-002 -3.5353020177e-002 -7.8798005115e-001
0 0 0
4 0 293 101.9100 -37.2700 1 293 75.1100 -103.4200 2 293 -170.1800 -93.3700 3 293 -128.1900 -91.3100
9.2940167790e-002 -4.1841757704e-002 -8.2430321841e-001
0 0 0
4 0 294 97.2800 -39.1200 1 294 51.2200 -99.5000 2 294 -150.9700 -76.5800 3 294 -139.3800 -70.1500
9.9010278100e-002 -4.2734358876e-002 -8.5918456924e-001
0 0 0
4 0 295 92.5600 -36.5900 1 295 33.3800 -92.6200 2 295 -127.2600 -53.9700 3 295 -146.6100 -48.3400
1.0295168867e-001 -4.0115213021e-002 -8.9295392863e-001
0 0 0
4 0 296 86.7900 -31.2100 1 296 14.3600 -83.2100 2 296 -106.1100 -33.4100 3 296 -151.3100 -21.1400
8.2745501289e-003 -1.2749832377e-001 -1.0649924397e+000
0 0 0
4 0 297 -10.8000 -81.5300 1 297 -131.5300 -96.6700 2 297 106.5800 -38.1800 3 297 -101.3100 61.0000
7.2111577824e-003 -1.4870558794e-001 -1.0560542689e+000
0 0 0
4 0 298 -10.0700 -96.5000 1 298 -132.5000 -112.0000 2 298 109.0500 -61.5900 3 298 -110.4200 37.4800
-1.3192136649e-003 -1.8770977916e-001 -1.0123004455e+000
0 0 0
4 0 299 -11.5900 -131.5900 1 299 -126.4000 -149.6000 2 299 93.2900 -118.1800 3 299 -117.0000 -46.8500
-7.8593705708e-003 -1.9274405000e-001 -9.9349988550e-001
0 0 0
4 0 300 -14.6500 -140.0000 1 300 -121.3800 -158.6200 2 300 82.0000 -135.6200 3 300 -109.8100 -72.4600
-1.5047207583e-002 -1.9076281218e-001 -9.7462415991e-001
0 0 0
4 0 301 -18.7100 -142.7100 1 301 -115.6000 -162.4000 2 301 67.5500 -148.5800 3 301 -99.2500 -90.3400
-2.1313553280e-002 -1.8090889182e-001 -9.5395307524e-001
0 0 0
4 0 302 -21.5300 -140.0000 1 302 -105.7600 -160.5900 2 302 49.2700 -154.0900 3 302 -86.6700 -102.4300
-2.7329525001e-002 -1.6621002870e-001 -9.3623666870e-001
0 0 0
3 0 303 -24.0000 -133.0000 1 303 -95.9500 -154.7900 3 303 -73.0000 -106.0000
-3.0005497340e-002 -1.4720390840e-001 -9.2022709859e-001
0 0 0
4 0 304 -25.0000 -123.0000 1 304 -82.9000 -144.8100 2 304 14.3000 -147.6700 3 304 -62.6200 -103.1500
-3.1091863264e-002 -1.2627973328e-001 -9.0730271073e-001
0 0 0
4 0 305 -25.5700 -107.6200 1 305 -71.4200 -133.1100 2 305 -2.1100 -138.4800 3 305 -55.0300 -96.9200
-3.5479902015e-002 -1.0314039292e-001 -8.9660458743e-001
0 0 0
4 0 306 -28.5800 -89.6700 1 306 -60.2600 -117.6800 2 306 -13.4300 -129.8600 3 306 -43.8700 -88.0800
-7.9298702095e-002 8.7976746264e-002 -8.4651900346e-001
0 0 0
4 0 307 -70.3400 80.4500 1 307 4.8900 31.7200 2 307 -65.2700 -56.0000 3 307 30.0000 -17.2900
-9.1877973012e-002 8.7661007601e-002 -8.4801929324e-001
0 0 0
4 0 308 -83.0000 80.1000 1 308 -1.7900 34.8400 2 308 -58.7600 -59.7600 3 308 39.2900 -18.3800
-1.3345461819e-001 5.1431553233e-002 -8.4984234980e-001
0 0 0
4 0 309 -123.0000 44.0000 1 309 -35.5900 14.2700 2 309 -36.0000 -89.0000 3 309 68.8900 -42.2900
-1.4032837900e-001 3.8616586495e-002 -8.3546778918e-001
0 0 0
4 0 310 -130.4300 31.5300 1 310 -32.9600 1.4000 2 310 -39.0000 -103.0000 3 310 71.5500 -59.4200
-1.4654418762e-001 2.6778334273e-002 -8.1608209903e-001
0 0 0
4 0 311 -137.6900 19.6900 1 311 -26.1200 -12.2300 2 311 -45.7600 -120.5700 3 311 72.9400 -77.9100
-1.5114248114e-001 1.1643747040e-002 -7.9148622134e-001
0 0 0
4 0 312 -145.1000 2.7900 1 312 -13.6200 -32.6900 2 312 -54.2400 -137.4300 3 312 72.2500 -103.0000
-1.4858946078e-001 -1.8408192551e-003 -7.6178384382e-001
0 0 0
4 0 313 -145.2400 -13.8800 1 313 8.3300 -55.5000 2 313 -69.5000 -155.5000 3 313 65.1500 -127.4700
-1.3878545521e-001 -1.0167316363e-002 -7.3381780842e-001
0 0 0
4 0 314 -136.2100 -25.7300 1 314 34.1800 -74.3600 2 314 -90.5000 -170.5000 3 314 53.3500 -144.7100
-1.2036204975e-001 -1.8568393788e-002 -7.0590523611e-001
0 0 0
4 0 315 -115.0000 -39.0000 1 315 67.8200 -95.6400 2 315 -111.1700 -180.6600 3 315 34.5900 -161.5000
-9.8215948289e-002 -2.3014933244e-002 -6.8478484294e-001
0 0 0
4 0 316 -84.8400 -47.4900 1 316 96.3700 -110.2700 2 316 -134.0700 -186.9300 3 316 17.4700 -169.6900
-6.4225377910e-002 -2.5257981043e-002 -6.6900234953e-001
0 0 0
4 0 317 -37.5800 -50.5100 1 317 124.8000 -120.2400 2 317 -157.7000 -187.7000 3 317 -12.6400 -173.7300
-3.1473928821e-002 -2.2902605137e-002 -6.6157918708e-001
0 0 0
4 0 318 8.0800 -46.9700 1 318 141.8700 -122.1300 2 318 -183.7100 -181.1100 3 318 -36.3800 -169.6200
4.9009751771e-003 -1.8272067689e-002 -6.6506389766e-001
0 0 0
4 0 319 57.2600 -37.7800 1 319 149.3800 -118.4800 2 319 -204.0000 -166.6300 3 319 -59.2700 -160.0900
3.4871497824e-002 -1.2767222383e-002 -6.7958027745e-001
0 0 0
4 0 320 88.2700 -26.5300 1 320 147.0000 -111.0000 2 320 -213.9200 -149.0000 3 320 -82.1600 -143.5200
6.2129901815e-002 -3.8719749526e-003 -7.0568331118e-001
0 0 0
4 0 321 109.4800 -11.6400 1 321 135.2200 -98.3900 2 321 -215.1500 -122.1200 3 321 -99.5300 -120.7000
7.9168295499e-002 3.7828315677e-003 -7.3577602681e-001
0 0 0
4 0 322 116.1100 -0.5100 1 322 118.1100 -85.1100 2 322 -206.5800 -95.3800 3 322 -109.7700 -100.1900
8.5600105004e-002 9.8679199819e-003 -7.6790210063e-001
0 0 0
4 0 323 109.7900 7.7100 1 323 100.4200 -75.1100 2 323 -187.9300 -72.9300 3 323 -113.9300 -77.4100
8.3928387106e-002 1.3825978437e-002 -7.9632869096e-001
0 0 0
4 0 324 98.2100 12.8700 1 324 79.6000 -64.4000 2 324 -169.0800 -57.9800 3 324 -112.6600 -59.9700
3.0069531699e-002 3.1705195739e-002 -8.6545412511e-001
0 0 0
4 0 325 31.3700 28.3700 1 325 21.6000 -30.4000 2 325 -95.4000 -36.9600 3 325 -65.3000 -15.2200
-1.1738719691e-001 5.2028574939e-002 -8.2510594581e-001
0 0 0
4 0 326 -108.7800 45.9400 1 326 -8.6000 6.3500 2 326 -55.7000 -95.1000 3 326 51.4100 -53.5500
-1.3983993694e-001 5.5721301489e-002 -8.1492441554e-001
0 0 0
4 0 327 -133.3100 49.6400 1 327 -11.0900 12.6800 2 327 -53.1000 -102.7000 3 327 68.8100 -61.1900
-1.6382086058e-001 5.8197030811e-002 -8.0437278648e-001
0 0 0
4 0 328 -159.5000 52.5000 1 328 -14.8300 19.0000 2 328 -49.8900 -111.0600 3 328 88.4500 -70.5900
-1.9073221106e-001 5.9849568356e-002 -7.9417045289e-001
0 0 0
4 0 329 -191.0500 54.0700 1 329 -22.0000 27.5400 2 329 -45.7900 -121.1600 3 329 108.1400 -80.5700
-2.1100492302e-001 6.0824694647e-002 -7.8634595459e-001
0 0 0
4 0 330 -216.4500 55.2300 1 330 -27.5700 33.5300 2 330 -42.6300 -128.4700 3 330 122.7900 -87.6600
-2.3233904435e-001 6.1821908996e-002 -7.7917711800e-001
0 0 0
4 0 331 -243.7600 56.4600 1 331 -34.9400 41.0000 2 331 -38.4400 -136.2500 3 331 138.1400 -94.5700
-2.5100958872e-001 6.3716723715e-002 -7.7556893771e-001
0 0 0
4 0 332 -268.7500 58.1000 1 332 -44.6800 49.8200 2 332 -34.4100 -140.1200 3 332 150.5000 -98.5000
-2.6409550914e-001 6.3960634128e-002 -7.7669634109e-001
0 0 0
4 0 333 -283.8500 58.3000 1 333 -55.3400 55.4700 2 333 -29.6000 -142.4000 3 333 162.2900 -100.1400
-2.7328444521e-001 6.1725702130e-002 -7.8553029524e-001
0 0 0
4 0 334 -291.4400 54.7100 1 334 -72.3900 58.3900 2 334 -23.0000 -142.5000 3 334 171.4100 -97.5500
-2.7508139023e-001 5.5459833061e-002 -8.0176645380e-001
0 0 0
4 0 335 -286.3600 46.7700 1 335 -91.9200 55.0500 2 335 -13.8800 -140.6900 3 335 176.3800 -92.4800
-2.7305491976e-001 4.1699794514e-002 -8.3067327692e-001
0 0 0
3 0 336 -272.1000 31.3200 1 336 -119.8600 43.9200 2 336 3.9400 -136.8800
-2.6716894852e-001 2.7376100888e-002 -8.5621541082e-001
0 0 0
3 0 337 -257.0300 16.8600 1 337 -140.0000 31.0000 2 337 19.6000 -133.6000
-2.1516756018e-001 -2.4305063403e-002 -9.2787127536e-001
0 0 0
4 0 338 -188.1400 -26.0000 1 338 -167.2900 -19.0000 2 338 53.5900 -121.1200 3 338 153.6800 -48.6100
-2.0974873255e-001 -3.0671910105e-002 -9.3524793052e-001
0 0 0
4 0 339 -181.9100 -30.7700 1 339 -170.0400 -24.3700 2 339 57.5600 -120.2500 3 339 150.0500 -45.9300
-2.0568664334e-001 -3.7366972260e-002 -9.4160741385e-001
0 0 0
4 0 340 -177.0000 -36.0000 1 340 -173.0000 -29.1700 2 340 62.2900 -120.5000 3 340 147.2700 -44.9000
-2.0464882014e-001 -4.4551175743e-002 -9.4309302343e-001
0 0 0
4 0 341 -175.7100 -41.3800 1 341 -175.5000 -36.5000 2 341 64.6200 -123.3800 3 341 146.8700 -48.1000
-2.1176893271e-001 -5.5608138045e-002 -9.4295646561e-001
0 0 0
4 0 342 -181.5000 -50.9500 1 342 -185.1200 -45.5000 2 342 69.7300 -131.3300 3 342 154.2900 -57.6200
-2.2067218844e-001 -6.8223379737e-002 -9.3902372464e-001
0 0 0
3 0 343 -188.9200 -62.0800 1 343 -193.5700 -56.9600 2 343 74.3300 -144.0000
-2.2795214310e-001 -8.1936710849e-002 -9.3184203580e-001
0 0 0
3 0 344 -195.8800 -75.2500 1 344 -200.7200 -71.4100 2 344 75.5900 -156.4100
-2.3267698855e-001 -8.8747735489e-002 -9.2735463802e-001
0 0 0
3 0 345 -200.8800 -82.4000 1 345 -204.5200 -79.1100 2 345 76.1400 -162.7100
-2.3774070491e-001 -8.9556903700e-002 -9.3146332752e-001
0 0 0
3 0 346 -204.6900 -82.5800 1 346 -211.7000 -78.1900 2 346 80.2900 -162.5000
-2.4291405414e-001 -8.6631312356e-002 -9.4326080074e-001
0 0 0
3 0 347 -207.7500 -78.6200 1 347 -221.5700 -71.1800 2 347 88.4700 -156.6500
-2.4103727567e-001 -7.4773078463e-002 -9.4499465346e-001
0 0 0
3 0 348 -205.7900 -68.2100 1 348 -217.0500 -58.9200 2 348 84.9100 -149.0900
-2.2629259797e-001 -8.6183322384e-002 -9.0715676302e-001
0 0 0
3 0 349 -197.7600 -82.5500 1 349 -187.1700 -83.5800 2 349 59.8100 -168.9500
-2.0880293936e-001 -9.7557709973e-002 -8.7048614962e-001
0 0 0
4 0 350 -188.6100 -100.2600 1 350 -148.0800 -111.9200 2 350 38.5900 -183.5200 3 350 135.5400 -140.7500
-1.9295223298e-001 -1.0040785655e-001 -8.2824700363e-001
0 0 0
3 0 351 -179.7200 -109.6600 1 351 -110.7300 -128.2300 3 351 105.9100 -170.1500
-1.7910853695e-001 -9.2512379727e-002 -7.8479324216e-001
0 0 0
4 0 352 -173.0000 -112.8000 1 352 -62.7600 -140.3100 2 352 -27.0000 -209.0000 3 352 86.5600 -184.5600
-1.6760840656e-001 -8.3052145234e-002 -7.4938079616e-001
0 0 0
4 0 353 -165.4100 -111.1500 1 353 -21.0200 -145.2400 2 353 -54.5600 -214.8000 3 353 72.4000 -194.3400
-1.5959137087e-001 -6.9109531011e-002 -7.0998992540e-001
0 0 0
4 0 354 -163.3900 -105.9200 1 354 24.2600 -146.4200 2 354 -86.3800 -219.9200 3 354 61.5800 -201.6400
-1.5513727284e-001 -5.5777108118e-002 -6.7799259001e-001
0 0 0
4 0 355 -163.7900 -98.6200 1 355 66.1000 -145.2000 2 355 -106.2100 -222.2100 3 355 56.1600 -206.1000
-1.5335786066e-001 -4.2390714814e-002 -6.5361695976e-001
0 0 0
4 0 356 -167.3600 -86.0000 1 356 98.4400 -140.7000 2 356 -122.3500 -222.8300 3 356 52.8000 -208.0000
-1.5083639625e-001 -2.6099142274e-002 -6.2897358484e-001
0 0 0
4 0 357 -170.3500 -69.4800 1 357 135.0500 -130.8500 2 357 -139.0000 -220.7100 3 357 50.1900 -206.6700
-1.5204020214e-001 -6.9719196464e-003 -6.1633752554e-001
0 0 0
4 0 358 -176.8400 -39.5200 1 358 157.2100 -113.6000 2 358 -146.2500 -215.3000 3 358 51.3300 -200.4100
-1.4918965539e-001 1.5037567021e-002 -6.1165353899e-001
0 0 0
4 0 359 -175.2400 -3.4500 1 359 172.5000 -88.5000 2 359 -152.9100 -201.6800 3 359 50.8200 -188.2100
-1.4104478628e-001 3.3548268962e-002 -6.0932616132e-001
0 0 0
3 0 360 -162.6900 28.8900 1 360 184.8400 -67.7100 3 360 46.5400 -176.6700
-1.0955944216e-001 5.7527434267e-002 -6.0780387250e-001
0 0 0
4 0 362 -110.4200 71.1300 1 362 203.3100 -46.8600 2 362 -178.8300 -169.2800 3 362 27.6900 -159.5800
-8.7793258424e-002 6.2953374780e-002 -6.0661900102e-001
0 0 0
4 0 363 -73.4400 81.1900 1 363 211.4100 -45.5500 2 363 -190.8400 -162.1600 3 363 14.0000 -154.0000
-6.9225901658e-002 6.9404317203e-002 -6.0383668867e-001
0 0 0
4 0 364 -41.7200 93.2800 1 364 220.8900 -43.1100 2 364 -200.8200 -156.1800 3 364 2.2700 -148.9500
-4.5178562104e-002 7.9786772298e-002 -6.0009974622e-001
0 0 0
4 0 365 -1.2200 111.9600 1 365 232.7700 -38.0700 2 365 -216.1400 -146.0000 3 365 -12.0000 -141.6200
-2.3197578248e-002 9.1747284457e-002 -5.9490351423e-001
0 0 0
4 0 366 37.0500 133.6900 1 366 245.3800 -31.7200 2 366 -231.4000 -135.3500 3 366 -22.7100 -135.2900
-4.8716014494e-003 1.0663458212e-001 -5.9187152114e-001
0 0 0
4 0 367 67.3500 159.8500 1 367 255.7900 -21.7900 2 367 -243.8600 -124.0000 3 367 -33.0000 -125.6500
2.8883772373e-002 1.4844679407e-001 -5.9634954412e-001
0 0 0
4 0 369 116.7400 226.4000 1 369 267.0000 9.2900 2 369 -261.5900 -88.4100 3 369 -45.6900 -100.8100
6.6922230910e-002 9.5836036634e-002 -5.9510255254e-001
0 0 0
4 0 371 178.5800 140.5800 1 371 255.7700 -44.9300 2 371 -287.0000 -111.0000 3 371 -79.1500 -119.8500
6.8352847861e-002 6.0459981824e-002 -5.9998549406e-001
0 0 0
4 0 372 178.3100 81.7400 1 372 243.0000 -74.1200 2 372 -285.6300 -129.1500 3 372 -87.0900 -135.0900
6.9598286546e-002 3.3341809305e-002 -6.1344194366e-001
0 0 0
4 0 373 170.3600 35.7500 1 373 225.5800 -92.3100 2 373 -279.6000 -138.5000 3 373 -93.5200 -142.1900
7.1025993610e-002 1.0874647869e-002 -6.3185643318e-001
0 0 0
4 0 374 160.1300 4.2600 1 374 201.8100 -108.0000 2 374 -270.0000 -144.7400 3 374 -100.1400 -147.0500
7.2355667166e-002 -1.4905434411e-002 -6.5594966372e-001
0 0 0
4 0 375 147.1300 -29.5800 1 375 174.8300 -122.5200 2 375 -255.6100 -150.4800 3 375 -108.6800 -150.4000
7.7104733228e-002 -3.5459224174e-002 -6.7943544361e-001
0 0 0
4 0 376 140.8600 -52.9800 1 376 150.8000 -132.9200 2 376 -243.3900 -151.7300 3 376 -117.1200 -150.2500
8.5752076388e-002 -5.2625907532e-002 -7.0772412191e-001
0 0 0
4 0 377 136.2900 -68.8300 1 377 128.0000 -138.0000 2 377 -228.6600 -146.7800 3 377 -130.9200 -145.2000
9.8689484452e-002 -6.3973857218e-002 -7.3627288307e-001
0 0 0
4 0 378 136.8900 -74.5100 1 378 107.3000 -139.1500 2 378 -217.2200 -136.1900 3 378 -146.4500 -135.4200
1.1144576962e-001 -7.3228428082e-002 -7.6320300450e-001
0 0 0
4 0 379 137.4900 -78.1400 1 379 89.4400 -138.3800 2 379 -207.0000 -125.0000 3 379 -162.0900 -123.2700
1.2181458724e-001 -7.9773268621e-002 -7.8968934716e-001
0 0 0
4 0 380 136.9400 -79.5500 1 380 74.2700 -136.6700 2 380 -193.0200 -109.7100 3 380 -174.9000 -110.9700
1.3425302265e-001 -8.5842726837e-002 -8.1739161847e-001
0 0 0
4 0 381 136.7800 -79.3000 1 381 58.5000 -133.7100 2 381 -181.0000 -94.3800 3 381 -191.0600 -94.3400
1.4621494405e-001 -9.1892362343e-002 -8.4583476882e-001
0 0 0
4 0 382 136.5000 -79.3200 1 382 44.0000 -131.1700 2 382 -166.1800 -76.3900 3 382 -207.5400 -77.2900
1.5462502128e-001 -9.8372251187e-002 -8.7064763784e-001
0 0 0
4 0 383 134.5000 -80.5000 1 383 31.0000 -129.8300 2 383 -151.0400 -61.6900 3 383 -221.6600 -62.6100
1.6276164040e-001 -1.0365206003e-001 -8.9901798048e-001
0 0 0
4 0 384 131.8600 -80.0000 1 384 15.4500 -126.3600 2 384 -132.3500 -43.2900 3 384 -236.3000 -43.7800
1.7412937562e-001 -1.0964028677e-001 -9.2467401701e-001
0 0 0
4 0 385 132.2500 -80.7500 1 385 6.2000 -125.0000 2 385 -116.0000 -24.0800 3 385 -255.1900 -25.0200
1.7513551433e-001 -1.1866904137e-001 -9.5051632446e-001
0 0 0
4 0 386 125.0600 -83.8900 1 386 -8.2000 -125.0000 2 386 -90.7100 -12.2700 3 386 -267.2100 -9.2600
1.2211447880e-001 -1.5013990234e-001 -1.0296202478e+000
0 0 0
4 0 387 69.8800 -96.4100 1 387 -71.3100 -124.0000 2 387 31.3000 -14.0500 3 387 -250.5900 33.0700
8.9049014883e-002 -1.4626843211e-001 -1.0515996140e+000
0 0 0
2 0 388 44.2900 -91.7100 1 388 -93.3800 -115.8500
5.5100444542e-002 -1.4096012614e-001 -1.0874805231e+000
0 0 0
4 0 389 16.6700 -85.1700 1 389 -123.1700 -101.9200 2 389 114.4100 -8.5900 3 389 -172.6100 89.9400
-7.8747909743e-002 -9.5281715621e-002 -1.0943540400e+000
0 0 0
4 0 390 -72.4000 -59.6000 1 390 -183.5000 -60.0000 2 390 144.8900 -41.7100 3 390 24.2300 95.0200
-9.6872805250e-002 -9.2436848522e-002 -1.0756457594e+000
0 0 0
4 0 391 -85.2200 -60.8300 1 391 -185.2900 -59.8600 2 391 132.9600 -61.2400 3 391 44.9100 73.8500
-1.0887348231e-001 -1.0322862599e-001 -1.0469616765e+000
0 0 0
4 0 392 -91.8100 -71.5000 1 392 -181.7700 -73.8200 2 392 122.4800 -81.6700 3 392 54.8400 28.8400
-1.0010060762e-001 -1.4700470824e-001 -9.9240084475e-001
0 0 0
4 0 394 -83.6700 -111.1700 1 394 -161.6900 -122.5000 2 394 97.6600 -133.3400 3 394 26.3700 -58.6200
-8.8380690088e-002 -1.6196282942e-001 -9.6740106441e-001
0 0 0
3 0 395 -73.9000 -126.1000 1 395 -145.8600 -141.4100 3 395 4.2400 -91.3600
-7.2014574520e-002 -1.7018612558e-001 -9.4874192542e-001
0 0 0
3 0 396 -60.0000 -135.6200 1 396 -128.5600 -153.8900 3 396 -20.1100 -110.9700
-5.7018417609e-002 -1.7105378509e-001 -9.5083455109e-001
0 0 0
4 0 397 -48.4300 -135.1400 1 397 -121.4400 -154.1100 2 397 58.7400 -158.7800 3 397 -38.7300 -106.7300
-4.4202640733e-002 -1.5381048166e-001 -9.6402989999e-001
0 0 0
4 0 398 -39.5700 -118.4300 1 398 -116.6100 -136.5700 2 398 57.4200 -134.4200 3 398 -47.8100 -76.5600
-2.4988410157e-002 -1.2676324677e-001 -9.7941776214e-001
0 0 0
3 0 399 -26.7700 -94.4200 1 399 -107.5800 -113.1600 3 399 -60.4800 -35.4200
1.3733225895e-001 -6.5334550190e-002 -9.4891114800e-001
0 0 0
3 0 400 96.7500 -45.4000 1 400 -9.2000 -90.6000 2 400 -79.0700 2.4700
1.3761460645e-001 -5.9117282058e-002 -9.1364693888e-001
0 0 0
4 0 401 107.8700 -43.8700 1 401 12.0000 -94.5700 2 401 -108.2000 -15.2000 3 401 -192.4100 -10.5700
6.6038209021e-002 -4.8895953103e-002 -8.2089923206e-001
0 0 0
4 0 402 73.9200 -47.8800 1 402 43.4300 -104.0000 2 402 -134.7900 -92.6600 3 402 -118.9300 -82.1600
-7.1515640324e-003 -6.8193678768e-002 -7.7503612196e-001
0 0 0
4 0 404 14.1700 -78.0800 1 404 42.4000 -127.6000 2 404 -120.5000 -153.9100 3 404 -62.4000 -136.4000
-3.6227071472e-002 -7.2645214998e-002 -7.6405764751e-001
0 0 0
4 0 405 -14.4300 -86.6600 1 405 38.0000 -133.2700 2 405 -110.1200 -171.7700 3 405 -39.3400 -151.0800
-6.5802507239e-002 -7.0439010915e-002 -7.5294199365e-001
0 0 0
4 0 406 -47.7700 -88.5100 1 406 35.1400 -133.9300 2 406 -101.5000 -183.4600 3 406 -16.4100 -161.0300
-9.2468477571e-002 -6.9826369456e-002 -7.4850745182e-001
0 0 0
4 0 407 -76.4700 -90.8900 1 407 26.3300 -134.0000 2 407 -90.9600 -190.6000 3 407 8.4600 -169.2200
-1.1457857498e-001 -6.6588352542e-002 -7.4534589608e-001
0 0 0
4 0 408 -103.1100 -89.7100 1 408 18.6000 -131.6500 2 408 -83.8800 -193.6700 3 408 27.7400 -172.8900
-1.2986354424e-001 -5.7224340798e-002 -7.3886156677e-001
0 0 0
4 0 409 -123.9200 -81.0500 1 409 19.0900 -122.9100 2 409 -82.0000 -193.8600 3 409 38.5300 -173.1500
-1.4155160954e-001 -4.8376157334e-002 -7.3103443847e-001
0 0 0
4 0 410 -138.0300 -73.1700 1 410 23.3300 -116.2500 2 410 -83.0000 -193.6200 3 410 51.3200 -172.9400
-1.5677010479e-001 -4.2105764937e-002 -7.2787099267e-001
0 0 0
4 0 411 -158.1100 -67.1100 1 411 20.0000 -109.5000 2 411 -79.4700 -194.2600 3 411 64.2600 -172.8900
-1.6804971369e-001 -3.4337728454e-002 -7.2757450195e-001
0 0 0
4 0 412 -173.1500 -58.2900 1 412 16.8900 -99.7100 2 412 -75.6700 -192.0000 3 412 73.9400 -169.9100
-1.7218647788e-001 -1.9557444303e-002 -7.2149950277e-001
0 0 0
4 0 413 -180.5300 -40.8300 1 413 25.9700 -84.1900 2 413 -78.9000 -187.0000 3 413 77.1500 -164.3300
-1.7507992084e-001 -3.0235005162e-003 -7.1606367766e-001
0 0 0
4 0 414 -186.8800 -21.6100 1 414 36.0600 -67.3100 2 414 -84.3300 -178.0000 3 414 80.8300 -156.2700
-1.7785965585e-001 1.9283158476e-002 -7.0800476255e-001
0 0 0
4 0 415 -193.7300 6.9100 1 415 51.5000 -43.5000 2 415 -89.6700 -170.0000 3 415 83.1700 -146.7200
-1.8180673910e-001 4.4907653610e-002 -6.9959326409e-001
0 0 0
4 0 416 -202.8200 40.9600 1 416 67.8900 -14.8600 2 416 -95.6200 -159.4400 3 416 86.4200 -137.5400
-1.8731055278e-001 6.9885449326e-002 -6.9110243464e-001
0 0 0
4 0 417 -214.6700 75.5900 1 417 84.4100 13.4600 2 417 -100.7800 -150.8300 3 417 91.3700 -127.3300
-2.0085618555e-001 1.1655916463e-001 -6.6773492910e-001
0 0 0
4 0 419 -246.6500 148.9300 1 419 123.3300 69.0300 2 419 -111.8500 -138.5400 3 419 100.2000 -115.8000
-3.2872638326e-002 1.2343923342e-001 -6.1480449911e-001
0 0 0
4 0 425 13.2900 178.0300 1 425 233.7200 5.9700 2 425 -213.8400 -111.3200 3 425 -11.5000 -113.0000
-1.9045947059e-002 1.1012165954e-001 -6.5587076356e-001
0 0 0
4 0 426 21.9700 143.2400 1 426 189.0000 -2.0000 2 426 -200.3600 -100.5700 3 426 -21.3300 -99.0000
-1.5071954703e-002 8.8039790504e-002 -6.9474139637e-001
0 0 0
4 0 427 18.0500 105.0600 1 427 145.7900 -15.3600 2 427 -181.3700 -96.7700 3 427 -25.3800 -90.9500
-4.7151448139e-002 4.2661004592e-002 -7.6080990228e-001
0 0 0
4 0 428 -31.0700 40.4100 1 428 69.4800 -31.7400 2 428 -122.0000 -103.0000 3 428 -9.0000 -85.1200
-6.4740839983e-002 3.1876607179e-002 -7.7708928465e-001
0 0 0
4 0 429 -50.9700 27.3100 1 429 46.5000 -34.5000 2 429 -103.1200 -107.2800 3 429 5.0700 -84.5900
-7.7106802536e-002 2.3408000048e-002 -7.8810620340e-001
0 0 0
4 0 430 -65.2400 17.7900 1 430 30.0900 -36.9100 2 430 -89.7400 -111.4800 3 430 13.2700 -85.0000
-7.6921113616e-002 8.6873635768e-003 -8.0357693916e-001
0 0 0
4 0 431 -64.9100 2.3000 1 431 14.0000 -46.0000 2 431 -78.6100 -113.0000 3 431 12.5400 -84.6400
-7.8070867314e-002 6.8376628535e-003 -8.0849503860e-001
0 0 0
4 0 432 -66.0800 1.0000 1 432 9.0400 -46.5000 2 432 -74.9100 -112.9100 3 432 13.6100 -82.7400
-8.2793379078e-002 6.2722721983e-003 -8.1632204598e-001
0 0 0
4 0 433 -70.8200 0.0300 1 433 1.0900 -44.3900 2 433 -68.4300 -111.1400 3 433 19.0000 -78.7900
-9.2861199567e-002 7.9047467842e-003 -8.2636232852e-001
0 0 0
4 0 434 -81.4200 2.0800 1 434 -10.9600 -38.2900 2 434 -58.0000 -109.0000 3 434 27.6800 -74.4500
-1.0681571337e-001 1.0994970747e-002 -8.3317763837e-001
0 0 0
4 0 435 -96.3800 5.3400 1 435 -21.6100 -31.0000 2 435 -47.3300 -109.0000 3 435 38.7900 -71.3100
-1.2726947071e-001 1.6508392133e-002 -8.3535397766e-001
0 0 0
4 0 436 -117.1800 9.8800 1 436 -33.0500 -21.5000 2 436 -40.0000 -111.0000 3 436 57.0900 -70.0000
-1.4308692472e-001 1.9602015604e-002 -8.3560626426e-001
0 0 0
4 0 437 -133.3300 12.5000 1 437 -40.4500 -15.8500 2 437 -33.7600 -113.4100 3 437 71.3300 -70.5000
-1.5464592163e-001 2.3490241766e-002 -8.3410665031e-001
0 0 0
4 0 438 -145.2400 16.2100 1 438 -45.1500 -10.0800 2 438 -31.3300 -115.0000 3 438 81.4600 -71.3600
-1.5944952942e-001 3.1285915343e-002 -8.3130937781e-001
0 0 0
4 0 439 -150.3700 23.3700 1 439 -43.0700 -1.5900 2 439 -32.5600 -113.2500 3 439 86.1900 -69.5800
-1.5548858098e-001 3.7025677885e-002 -8.3675452971e-001
0 0 0
4 0 440 -146.6200 29.9700 1 440 -42.8900 2.2900 2 440 -32.3800 -105.4400 3 440 84.4800 -62.3800
-1.4675767821e-001 4.8035872397e-002 -8.4799935595e-001
0 0 0
4 0 441 -136.9100 39.9700 1 441 -42.5000 13.9100 2 441 -31.4100 -93.1200 3 441 79.4300 -48.3300
-1.3319572167e-001 5.6404243646e-002 -8.6242943135e-001
0 0 0
4 0 442 -121.3600 48.2700 1 442 -43.0000 21.2900 2 442 -29.6700 -80.0000 3 442 71.5500 -33.4100
-1.1592488332e-001 6.1545380239e-002 -8.7941658987e-001
0 0 0
4 0 443 -105.4200 52.4500 1 443 -43.5300 24.0000 2 443 -28.1100 -66.3900 3 443 59.1200 -15.3500
-1.0024247926e-001 6.3591178897e-002 -8.9256581470e-001
0 0 0
4 0 444 -90.0000 53.6600 1 444 -43.5300 24.0000 2 444 -26.9000 -53.0000 3 444 49.1500 -4.7000
-7.9259331722e-002 6.0296509559e-002 -9.0915182968e-001
0 0 0
4 0 445 -72.2400 50.5500 1 445 -44.4700 19.3500 2 445 -25.0000 -43.0000 3 445 31.4500 10.2400
-6.2474951560e-002 5.0151378867e-002 -9.2686059182e-001
0 0 0
4 0 446 -57.8800 41.6700 1 446 -50.1200 10.6900 2 446 -19.1600 -34.5800 3 446 17.4600 20.6400
-5.2254326794e-002 3.7671865037e-002 -9.5042060529e-001
0 0 0
4 0 447 -51.0000 31.2900 1 447 -61.1700 3.2800 2 447 -4.9100 -26.9100 3 447 7.6900 33.9000
-4.7215081401e-002 1.9374395722e-002 -9.7551967891e-001
0 0 0
4 0 448 -47.1800 16.7700 1 448 -78.9500 -6.7000 2 448 12.1500 -22.4500 3 448 2.2100 45.3200
-4.3734474841e-002 -9.4599766760e-004 -9.9831905860e-001
0 0 0
4 0 449 -45.3900 1.5200 1 449 -94.4100 -17.5900 2 449 31.2200 -21.0900 3 449 -3.6200 55.1600
-3.9603328314e-002 -2.6897441043e-002 -1.0236807297e+000
0 0 0
4 0 450 -43.2200 -16.6500 1 450 -111.6700 -31.8000 2 450 54.7100 -21.0000 3 450 -11.8500 65.6800
-3.4774411392e-002 -4.8529115016e-002 -1.0450468604e+000
0 0 0
4 0 451 -40.4100 -30.4100 1 451 -124.9500 -43.3700 2 451 75.5500 -20.3400 3 451 -21.2400 76.0300
-2.9331448203e-002 -7.2285087245e-002 -1.0698961835e+000
0 0 0
4 0 452 -37.5900 -44.8800 1 452 -139.7900 -55.0700 2 452 100.7900 -18.6400 3 452 -33.1400 90.5600
-2.4017068266e-002 -9.4081651881e-002 -1.0943653484e+000
0 0 0
4 0 453 -35.2100 -57.0500 1 453 -153.0700 -65.6400 2 453 127.0000 -15.8200 3 453 -45.8900 108.2000
-1.9111612905e-002 -1.1101059919e-001 -1.1118117126e+000
0 0 0
4 0 454 -31.8500 -66.5400 1 454 -162.0000 -73.4300 2 454 148.0300 -12.9100 3 454 -57.8600 121.0000
-1.0656652398e-002 -1.2797275645e-001 -1.1290929269e+000
0 0 0
4 0 455 -27.8500 -74.5400 1 455 -168.0800 -81.3100 2 455 169.0000 -9.9200 3 455 -77.3600 137.1000
1.7363650809e-003 -1.4440241576e-001 -1.1418051175e+000
0 0 0
4 0 456 -20.4700 -82.6700 1 456 -170.7700 -91.5400 2 456 185.1800 -5.8800 3 456 -104.0300 149.7300
1.7351125597e-002 -1.5716858388e-001 -1.1503517828e+000
0 0 0
4 0 457 -11.5000 -89.5000 1 457 -169.5000 -98.0000 2 457 195.4500 -1.0800 3 457 -136.6200 160.2400
3.3756554861e-002 -1.6738794556e-001 -1.1547565267e+000
0 0 0
3 0 458 -1.7100 -94.5000 1 458 -165.0000 -104.0000 3 458 -170.0600 165.9500
5.4189529222e-002 -1.7697408870e-001 -1.1562791594e+000
0 0 0
4 0 459 10.5000 -99.5000 1 459 -158.1800 -110.8200 2 459 202.9300 11.3800 3 459 -210.2300 168.2500
7.4574677067e-002 -1.8525973269e-001 -1.1539112112e+000
0 0 0
4 0 460 23.0000 -103.8300 1 460 -149.6400 -117.0900 2 460 199.7100 17.0700 3 460 -249.1500 164.7200
1.0023771401e-001 -1.9396503673e-001 -1.1472097451e+000
0 0 0
3 0 461 36.7100 -108.1400 1 461 -136.6400 -124.3600 3 461 -295.7700 154.6900
2.1885472104e-001 -1.1902986188e-001 -9.0475930766e-001
0 0 0
4 0 462 172.3200 -89.4300 1 462 28.8200 -136.1800 2 462 -170.2900 -17.2500 3 462 -298.0000 -38.0000
2.0046824543e-001 -1.1240405692e-001 -8.8809778549e-001
0 0 0
4 0 463 163.5000 -87.1200 1 463 33.2000 -136.0000 2 463 -171.2500 -35.3700 3 463 -273.9100 -50.0900
1.8124761034e-001 -1.0571407486e-001 -8.6979803172e-001
0 0 0
4 0 464 156.5900 -86.4500 1 464 38.0000 -136.0000 2 464 -172.0000 -52.0000 3 464 -248.1700 -64.0000
1.5932249594e-001 -1.0367687865e-001 -8.5450271469e-001
0 0 0
4 0 465 143.8100 -87.7700 1 465 40.8100 -137.3100 2 465 -167.8800 -73.2300 3 465 -226.1000 -76.8000
1.3549354034e-001 -1.0421165495e-001 -8.4327093423e-001
0 0 0
4 0 466 128.2200 -91.6700 1 466 39.8500 -139.4600 2 466 -158.4600 -92.3100 3 466 -203.8100 -89.5800
1.1704936758e-001 -1.0998155239e-001 -8.4011148707e-001
0 0 0
4 0 467 114.3800 -98.3800 1 467 33.5000 -144.2900 2 467 -146.5100 -106.1400 3 467 -189.0600 -100.3400
1.0173251382e-001 -1.2486864134e-001 -8.4578708318e-001
0 0 0
4 0 468 99.1700 -111.2800 1 468 21.8600 -152.7100 2 468 -128.4500 -122.2100 3 468 -183.1700 -109.6100
9.0409163095e-002 -1.4281769062e-001 -8.5434650036e-001
0 0 0
4 0 469 86.0400 -127.4800 1 469 8.6700 -162.4700 2 469 -110.8700 -136.1300 3 469 -182.1600 -119.3300
8.0869603055e-002 -1.5957537918e-001 -8.6603700399e-001
0 0 0
4 0 470 77.0000 -137.2900 1 470 -4.8800 -170.8800 2 470 -88.7300 -149.4000 3 470 -182.6000 -127.0000
7.7400185170e-002 -1.7060715865e-001 -8.7321460461e-001
0 0 0
4 0 471 71.1200 -146.6700 1 471 -13.6400 -176.7900 2 471 -78.9200 -155.2000 3 471 -185.6800 -131.4800
7.3122193760e-002 -1.8053380814e-001 -8.8245156829e-001
0 0 0
4 0 472 66.0000 -151.8600 1 472 -22.4700 -181.3300 2 472 -64.6200 -160.7200 3 472 -187.7700 -134.5800
6.9134560914e-002 -1.8499702275e-001 -8.9000527761e-001
0 0 0
3 0 473 61.5500 -153.8500 1 473 -30.4000 -182.4000 2 473 -54.5100 -161.8600
6.7766011352e-002 -1.8867265717e-001 -8.9969583277e-001
0 0 0
3 0 474 58.4500 -154.1500 1 474 -37.1400 -182.0700 2 474 -43.7100 -160.0000
6.7198966188e-002 -1.9304406814e-001 -9.1125675935e-001
0 0 0
3 0 475 55.4800 -154.8300 1 475 -44.7900 -181.6400 2 475 -31.5800 -157.0000
6.5001260985e-002 -1.9855557541e-001 -9.2620009910e-001
0 0 0
3 0 476 50.9100 -155.2200 1 476 -55.0000 -181.0000 2 476 -14.5100 -153.8600
5.9063398497e-002 -2.0550874131e-001 -9.4902023330e-001
0 0 0
2 0 477 41.9100 -155.2300 1 477 -70.6100 -179.3900
5.1223003410e-002 -2.1188250780e-001 -9.7364675057e-001
0 0 0
3 0 478 31.7900 -154.0500 1 478 -86.9000 -176.8100 2 478 44.2000 -141.8700
3.7552644489e-002 -2.1708869409e-001 -1.0067804343e+000
0 0 0
2 0 479 17.2500 -151.5000 1 479 -111.5300 -170.6300
2.5141651996e-002 -2.1860255180e-001 -1.0300706791e+000
0 0 0
2 0 480 5.6700 -148.0000 1 480 -128.7100 -165.2900
1.2704886857e-002 -2.1676335198e-001 -1.0503377863e+000
0 0 0
3 0 481 -5.6200 -143.4400 1 481 -143.4700 -159.1300 2 481 137.6800 -113.4500
-2.8275676546e-004 -2.1277277566e-001 -1.0697343629e+000
0 0 0
3 0 482 -15.5600 -137.7500 1 482 -159.0000 -151.1000 2 482 158.3800 -103.6200
-1.3170526414e-002 -2.0680283452e-001 -1.0922545239e+000
0 0 0
3 0 483 -26.0000 -130.5700 1 483 -174.0000 -141.0000 2 483 180.5800 -90.4500
-1.9854294072e-002 -1.9892018819e-001 -1.1067884386e+000
0 0 0
4 0 484 -31.8600 -122.7100 1 484 -182.4000 -131.6000 2 484 191.4400 -78.3400 3 484 -102.1500 53.8800
-2.7764127538e-002 -1.8851302299e-001 -1.1222845462e+000
0 0 0
4 0 485 -38.6200 -112.6200 1 485 -190.7800 -120.8300 2 485 201.9200 -65.0000 3 485 -84.1500 82.6600
-3.4422216871e-002 -1.7346332730e-001 -1.1374944197e+000
0 0 0
4 0 486 -43.4100 -103.1200 1 486 -196.7800 -107.1700 2 486 208.4500 -46.5900 3 486 -64.5500 114.7800
-4.4424255219e-002 -1.5870306698e-001 -1.1458871290e+000
0 0 0
4 0 487 -49.2100 -93.6400 1 487 -201.2900 -95.8600 2 487 208.5300 -38.5300 3 487 -40.3500 136.7500
-5.9620461351e-002 -1.4136553631e-001 -1.1484112660e+000
0 0 0
3 0 488 -59.4400 -82.7800 1 488 -206.6700 -81.7300 2 488 205.4700 -32.5300
-7.3105696871e-002 -1.2508679553e-001 -1.1446557336e+000
0 0 0
3 0 489 -70.1100 -72.0000 1 489 -209.3300 -70.4700 3 489 15.2600 146.4000
-8.5081978571e-002 -1.0783425847e-001 -1.1374641329e+000
0 0 0
4 0 490 -77.5000 -63.5000 1 490 -209.6200 -58.6200 2 490 184.8800 -30.4000 3 490 36.4000 143.2300
-9.8307558386e-002 -9.5286023387e-002 -1.1236519774e+000
0 0 0
4 0 491 -85.2900 -57.2900 1 491 -208.2500 -52.4400 2 491 171.6900 -34.9200 3 491 56.2000 127.9300
-1.0666033267e-001 -8.7243195789e-002 -1.1086439160e+000
0 0 0
4 0 492 -90.6700 -54.4700 1 492 -205.0000 -48.5000 2 492 158.3200 -42.2400 3 492 66.0600 111.9400
-1.1488189921e-001 -8.1514292953e-002 -1.0917024583e+000
0 0 0
4 0 493 -96.4400 -52.2500 1 493 -200.6000 -46.6500 2 493 147.1200 -49.2800 3 493 74.4900 91.5800
-1.2134899865e-001 -7.7022416570e-002 -1.0745495833e+000
0 0 0
4 0 494 -101.0000 -51.0000 1 494 -196.0000 -46.3300 2 494 134.1900 -58.4200 3 494 79.8100 73.7900
-1.2718847279e-001 -7.2880031853e-002 -1.0550079926e+000
0 0 0
4 0 495 -105.7900 -49.9500 1 495 -189.0000 -46.5000 2 495 121.7900 -66.2100 3 495 83.5300 52.6400
-1.3103165525e-001 -6.6421251566e-002 -1.0334469859e+000
0 0 0
4 0 496 -109.0000 -47.0000 1 496 -180.1600 -45.6800 2 496 105.6800 -73.7600 3 496 84.1200 33.3000
-1.3081558936e-001 -5.7264168693e-002 -1.0140968369e+000
0 0 0
4 0 497 -109.6900 -42.8100 1 497 -167.2200 -43.0900 2 497 89.0000 -77.1700 3 497 81.5400 20.9200
-1.2668409858e-001 -4.7628891292e-002 -9.9984805347e-001
0 0 0
4 0 498 -107.4700 -36.2600 1 498 -153.6500 -38.8000 2 498 76.5000 -76.7500 3 498 75.0500 14.0800
-1.2025879062e-001 -3.7382206662e-002 -9.9402292229e-001
0 0 0
4 0 499 -102.1000 -27.7000 1 499 -145.5800 -34.1600 2 499 65.8900 -70.5600 3 499 68.6400 16.0000
-1.1231238014e-001 -2.6795748769e-002 -9.9232422202e-001
0 0 0
4 0 500 -96.4400 -19.7500 1 500 -136.0000 -27.0000 2 500 59.6900 -63.0600 3 500 61.2100 22.3100
-1.0425610821e-001 -1.5031819756e-002 -9.8864840151e-001
0 0 0
4 0 501 -91.1100 -11.1100 1 501 -125.1300 -19.5300 2 501 51.5900 -56.1200 3 501 53.5700 27.8000
-9.2562016751e-002 -4.5341578001e-003 -9.8684453099e-001
0 0 0
4 0 502 -82.6300 -3.2600 1 502 -114.8900 -14.2800 2 502 42.6300 -46.0000 3 502 43.2600 34.0000
-7.9214543945e-002 1.6704266580e-003 -9.9466639071e-001
0 0 0
4 0 503 -73.5300 2.0000 1 503 -109.4100 -10.2400 2 503 41.5000 -35.0000 3 503 31.1700 46.9100
-6.5979522362e-002 3.9843411784e-003 -1.0089165306e+000
0 0 0
4 0 504 -62.9000 5.0000 1 504 -109.6000 -8.4000 2 504 45.4500 -22.3600 3 504 20.4000 62.6200
-5.2324929362e-002 1.1235444524e-003 -1.0298622392e+000
0 0 0
4 0 505 -53.4100 3.7600 1 505 -114.0000 -9.0000 2 505 55.1200 -8.6700 3 505 8.1200 82.7700
-4.1317934211e-002 -5.3661513121e-003 -1.0509828108e+000
0 0 0
4 0 506 -46.4100 -0.1200 1 506 -119.7100 -11.5000 2 506 68.8000 4.5600 3 506 -2.5500 100.4500
-2.5351491563e-002 -1.4760067230e-002 -1.0726911590e+000
0 0 0
4 0 507 -36.3100 -5.0600 1 507 -124.6700 -17.5300 2 507 81.0000 18.0000 3 507 -20.0700 121.2600
-3.9719780114e-003 -2.3915751239e-002 -1.0927008966e+000
0 0 0
2 0 508 -23.6000 -10.4000 1 508 -126.1800 -22.8200
1.6468798552e-002 -3.0210560208e-002 -1.1129412550e+000
0 0 0
2 0 509 -12.0000 -13.4300 1 509 -126.8000 -26.0000
2.8839662977e-002 -3.5681613217e-002 -1.1256484836e+000
0 0 0
2 0 510 -5.3300 -15.7500 1 510 -127.8200 -29.1800
3.7496466190e-002 -4.1068849959e-002 -1.1368579993e+000
0 0 0
2 0 511 -1.0000 -18.1700 1 511 -129.8000 -31.9000
3.9552363314e-002 -4.6817854017e-002 -1.1469666895e+000
0 0 0
2 0 512 -0.6200 -21.6200 1 512 -134.1200 -33.5000
3.5793369734e-002 -4.9263889644e-002 -1.1565511570e+000
0 0 0
2 0 513 -3.7500 -22.6700 1 513 -140.2000 -33.0000
2.5511834222e-002 -5.1030889165e-002 -1.1680870608e+000
0 0 0
2 0 514 -10.8500 -23.5400 1 514 -149.8200 -30.8200
1.5614591903e-002 -5.1928269359e-002 -1.1760813331e+000
0 0 0
2 0 515 -17.3300 -23.7500 1 515 -157.8000 -29.0000
3.6057734354e-003 -5.2884184888e-002 -1.1749027636e+000
0 0 0
2 0 516 -24.3100 -24.9200 1 516 -163.2000 -28.0000
-7.2396960463e-003 -5.3089852008e-002 -1.1674875978e+000
0 0 0
2 0 517 -30.2900 -25.5000 1 517 -165.6400 -28.0900
-1.3423916815e-002 -5.6025332970e-002 -1.1515658787e+000
0 0 0
2 0 518 -33.0000 -28.1700 1 518 -163.0000 -31.8300
-1.7403347986e-002 -5.7607546615e-002 -1.1347971655e+000
0 0 0
2 0 519 -34.4000 -30.4000 1 519 -158.4300 -35.0000
-2.1002981335e-002 -5.7733916414e-002 -1.1171170953e+000
0 0 0
2 0 520 -35.6000 -31.6000 1 520 -152.8500 -37.7700
-2.7327242091e-002 -5.4308925487e-002 -1.1027650754e+000
0 0 0
4 0 521 -38.4000 -30.4000 1 521 -148.4300 -37.0000 2 521 118.7200 10.8800 3 521 -27.6000 136.6400
-3.1593056437e-002 -4.7346038197e-002 -1.0878030512e+000
0 0 0
4 0 522 -41.0500 -26.7900 1 522 -142.2500 -34.6700 2 522 105.5000 3.5000 3 522 -21.8000 122.8800
-3.2426228293e-002 -4.0623410886e-002 -1.0734293367e+000
0 0 0
4 0 523 -40.8300 -23.2800 1 523 -133.6400 -32.7900 2 523 93.0900 -0.9100 3 523 -19.6200 110.4000
-2.7630214419e-002 -3.5284296710e-002 -1.0581238483e+000
0 0 0
4 0 524 -37.8300 -21.0000 1 524 -124.0000 -33.0000 2 524 76.9000 -3.0000 3 524 -24.9000 98.1300
-9.7656010109e-002 7.6644362990e-002 -5.5723073706e-001
0 0 0
4 0 97 -90.7100 120.0800 1 97 275.6100 -43.6500 2 97 -210.6700 -177.3300 3 97 19.7100 -167.5700
-9.0405764938e-002 7.3314875224e-002 -5.3532442613e-001
0 0 0
4 0 98 -75.0600 121.5700 1 98 304.1200 -56.8100 2 98 -225.6800 -185.7600 3 98 12.9200 -176.5600
-2.2003180573e-001 9.0827257103e-002 -6.1551236340e-001
0 0 0
4 0 134 -306.7000 126.0000 1 134 173.2000 31.4800 2 134 -126.6900 -173.6900 3 134 105.3600 -154.8200
-2.0736836720e-001 9.0562087584e-002 -6.0926389161e-001
0 0 0
4 0 135 -287.3200 127.6500 1 135 186.5600 23.4400 2 135 -135.3700 -172.9500 3 135 96.9100 -154.9100
-1.9250981312e-001 9.0046536565e-002 -6.0484045126e-001
0 0 0
4 0 136 -262.3100 128.2800 1 136 197.0800 16.1800 2 136 -143.0600 -172.2800 3 136 84.6500 -155.4000
-1.8058377319e-001 9.0204203211e-002 -6.0156749354e-001
0 0 0
4 0 137 -241.2000 129.8700 1 137 205.3800 11.0300 2 137 -149.1900 -171.1000 3 137 77.3200 -155.4100
-1.7460220877e-001 9.0758544300e-002 -5.9841948136e-001
0 0 0
4 0 138 -231.7300 131.9600 1 138 211.5000 8.5000 2 138 -153.7600 -170.5900 3 138 73.0000 -155.0000
-1.7187497244e-001 9.4242287006e-002 -5.9963712781e-001
0 0 0
4 0 139 -226.2700 137.3500 1 139 212.0800 13.0000 2 139 -154.7900 -167.9500 3 139 71.4000 -152.1500
-1.6713486504e-001 9.9566012139e-002 -6.0257414471e-001
0 0 0
4 0 140 -216.5700 146.1200 1 140 211.3200 18.1800 2 140 -155.5700 -162.8600 3 140 69.1200 -147.3300
-1.6349039849e-001 1.0564886629e-001 -6.0600942962e-001
0 0 0
4 0 141 -208.7700 155.8800 1 141 209.7400 25.0000 2 141 -155.9000 -158.1900 3 141 67.8000 -142.2000
-1.6193758206e-001 1.1043878426e-001 -6.0911302178e-001
0 0 0
4 0 142 -205.1200 162.7600 1 142 207.8200 31.4200 2 142 -155.4800 -153.7600 3 142 67.2100 -138.9500
-1.6121087076e-001 1.1260724805e-001 -6.1035939080e-001
0 0 0
4 0 143 -203.4300 165.9500 1 143 207.1600 34.2200 2 143 -155.4400 -152.3900 3 143 67.0900 -137.0900
-1.6245242213e-001 1.1272594613e-001 -6.0962855199e-001
0 0 0
4 0 144 -205.7600 166.6200 1 144 207.7900 34.7900 2 144 -155.0900 -153.0900 3 144 68.0000 -137.8600
-1.7034924320e-001 1.1126061010e-001 -6.1123672380e-001
0 0 0
4 0 145 -219.2500 163.5400 1 145 203.0000 36.3100 2 145 -150.9100 -154.9100 3 145 73.5000 -139.0000
-1.8201078066e-001 1.0976232020e-001 -6.1435989292e-001
0 0 0
4 0 146 -239.0600 159.5500 1 146 195.3100 39.9100 2 146 -143.5700 -156.8600 3 146 80.5300 -139.7400
-1.8858370411e-001 1.0921149424e-001 -6.1705268469e-001
0 0 0
4 0 147 -249.4600 157.4000 1 147 189.6700 42.5600 2 147 -139.5300 -157.3500 3 147 85.6500 -139.7000
-1.8774986607e-001 1.0915546754e-001 -6.1726648374e-001
0 0 0
4 0 148 -248.0900 157.3000 1 148 189.3100 42.0900 2 148 -140.2100 -157.1600 3 148 84.6500 -139.4000
-1.7985326273e-001 1.0990039864e-001 -6.1121553803e-001
0 0 0
4 0 149 -236.6900 160.9800 1 149 200.0500 38.4700 2 149 -147.0900 -157.2200 3 149 79.4200 -140.5300
-1.6585021314e-001 1.1031391632e-001 -5.9814993946e-001
0 0 0
4 0 150 -217.0300 167.8800 1 150 221.1000 30.0000 2 150 -159.5300 -158.6300 3 150 68.0000 -144.1400
-1.5237278002e-001 1.0988541534e-001 -5.8567957190e-001
0 0 0
4 0 151 -196.2300 173.0000 1 151 240.8500 21.2800 2 151 -171.5600 -160.2800 3 151 58.2000 -147.8000
-1.3889156862e-001 1.0913491046e-001 -5.7449252426e-001
0 0 0
4 0 152 -173.3800 177.3200 1 152 258.2600 12.3600 2 152 -182.9400 -161.7200 3 152 48.9100 -150.7800
-1.2338472669e-001 1.0934714450e-001 -5.6278834867e-001
0 0 0
4 0 153 -145.3300 183.9200 1 153 275.9200 4.3600 2 153 -197.5000 -162.5000 3 153 38.5000 -153.0000
-1.1267860625e-001 1.0979053110e-001 -5.5357248840e-001
0 0 0
4 0 154 -124.4900 190.2500 1 154 290.0900 -1.3100 2 154 -205.9000 -163.2500 3 154 31.3300 -155.0000
-1.0652678942e-001 1.0930197121e-001 -5.4648722100e-001
0 0 0
4 0 155 -112.1000 193.6400 1 155 300.0800 -5.8700 2 155 -212.1900 -164.9500 3 155 27.3300 -157.0000
-1.0224960434e-001 1.0778730152e-001 -5.4308428780e-001
0 0 0
4 0 156 -102.9500 192.4500 1 156 304.5000 -9.7800 2 156 -215.8600 -166.0000 3 156 24.5000 -158.7800
-9.8893092753e-002 1.0975530583e-001 -5.3930516684e-001
0 0 0
4 0 157 -96.6300 197.9300 1 157 311.4000 -8.4900 2 157 -220.7100 -164.5800 3 157 21.3700 -157.5300
-9.2265040396e-002 1.1567695612e-001 -5.3645993126e-001
0 0 0
4 0 158 -82.2000 213.0400 1 158 317.1900 -4.5900 2 158 -225.0500 -161.3000 3 158 18.4100 -155.2900
-8.8500656384e-002 1.1953379566e-001 -5.3669350785e-001
0 0 0
4 0 159 -73.9100 221.9900 1 159 317.4200 -2.1200 2 159 -226.3200 -159.0900 3 159 17.2000 -153.2000
-9.0006117531e-002 1.1740462659e-001 -5.3801316706e-001
0 0 0
4 0 160 -76.8600 216.2900 1 160 315.3200 -3.4300 2 160 -223.8100 -160.4800 3 160 17.6700 -154.0000
-9.4284602055e-002 1.1231883237e-001 -5.4407148515e-001
0 0 0
4 0 161 -85.8500 202.2100 1 161 304.1400 -7.4900 2 161 -218.8200 -162.5900 3 161 20.3800 -155.4400
-1.0064319213e-001 1.0716885121e-001 -5.5181842068e-001
0 0 0
4 0 162 -98.6400 185.8600 1 162 292.7200 -8.9400 2 162 -211.1000 -163.1900 3 162 24.4100 -155.5900
-1.0688464485e-001 1.0472760819e-001 -5.6140937789e-001
0 0 0
4 0 163 -110.7700 175.7300 1 163 278.0900 -7.3100 2 163 -203.6100 -162.5600 3 163 28.4100 -154.4100
-1.1493370714e-001 1.0422314018e-001 -5.7046650098e-001
0 0 0
4 0 164 -125.6700 169.4900 1 164 265.8200 -2.6800 2 164 -194.5700 -160.9500 3 164 34.2900 -151.5900
-1.2122735925e-001 1.0462033341e-001 -5.7797855289e-001
0 0 0
4 0 165 -137.1900 166.4000 1 165 254.9700 1.8100 2 165 -188.8400 -159.1600 3 165 38.5800 -148.8900
-1.2308587199e-001 1.0495581483e-001 -5.8254781517e-001
0 0 0
4 0 166 -139.9900 164.7900 1 166 248.6800 4.1800 2 166 -186.0000 -158.0000 3 166 40.1100 -147.0600
-1.2419206521e-001 1.0483387329e-001 -5.8446285563e-001
0 0 0
4 0 167 -141.6300 163.7300 1 167 245.9200 5.0000 2 167 -184.2500 -157.5600 3 167 40.9000 -147.0000
-1.2499114073e-001 1.0420097788e-001 -5.8529338436e-001
0 0 0
4 0 168 -142.9300 162.2400 1 168 244.3900 4.7600 2 168 -183.4400 -158.1100 3 168 41.3300 -147.0000
-1.2585436941e-001 1.0369752840e-001 -5.8560810921e-001
0 0 0
4 0 169 -144.5600 161.1000 1 169 243.6800 4.4500 2 169 -183.0600 -158.2800 3 169 41.8900 -147.0600
-1.2700427087e-001 1.0370741996e-001 -5.8641277610e-001
0 0 0
4 0 170 -146.4800 160.5800 1 170 242.6200 5.2800 2 170 -181.9500 -158.1000 3 170 42.7900 -147.0500
-1.2814611145e-001 1.0402114977e-001 -5.8706835275e-001
0 0 0
4 0 171 -148.5600 161.0000 1 171 241.4800 6.1500 2 171 -181.2800 -158.1700 3 171 43.5000 -146.7800
-1.3189497989e-001 1.0307351930e-001 -5.8896327604e-001
0 0 0
4 0 172 -155.1400 158.4100 1 172 238.0000 6.7400 2 172 -178.5600 -158.7800 3 172 46.0000 -147.0000
-1.3793899600e-001 1.0058638704e-001 -5.9503873579e-001
0 0 0
4 0 173 -164.2700 151.8600 1 173 227.8200 6.9200 2 173 -171.9400 -159.8300 3 173 51.0000 -147.0000
-1.5379200649e-001 9.6176852543e-002 -6.0649471539e-001
0 0 0
4 0 174 -188.9500 139.1100 1 174 208.8500 10.0800 2 174 -157.1000 -161.1900 3 174 63.0400 -146.6000
-7.3986597350e-002 8.1717857995e-002 -6.2414384025e-001
0 0 0
2 0 196 -52.0700 108.8700 3 196 8.7100 -134.3300
1.1384852713e-002 1.2486989455e-001 -5.9285628424e-001
0 0 0
2 0 368 93.1000 190.4500 3 368 -39.8000 -114.8700
-1.0908601668e-001 -1.2180808362e-001 -1.0202248822e+000
0 0 0
3 0 393 -91.0600 -88.4400 2 393 110.2900 -109.2900 3 393 47.0000 -11.0000
-1.9423221970e-001 9.5753541091e-002 -6.7873976421e-001
0 0 0
4 0 418 -231.3400 117.2700 1 418 103.5000 41.0500 2 418 -107.6400 -143.0700 3 418 95.5000 -120.9500
-2.1018917750e-001 1.3168734924e-001 -6.5763707267e-001
0 0 0
4 0 420 -267.4100 176.5800 1 420 137.6700 90.0800 2 420 -114.2300 -136.8500 3 420 105.4100 -114.2400
-2.1843144108e-001 1.3435514029e-001 -6.4694480627e-001
0 0 0
4 0 421 -287.4400 186.5800 1 421 148.5300 95.4700 2 421 -116.7300 -141.4000 3 421 109.0500 -118.5000
-2.2635052398e-001 1.2691650120e-001 -6.3580044103e-001
0 0 0
4 0 422 -307.3400 180.2400 1 422 157.3100 87.9100 2 422 -117.7300 -149.7300 3 422 113.0900 -129.0900
-8.3730457917e-002 1.1646863921e-001 -5.3838149767e-001
0 0 0
4 0 423 -64.2800 213.2800 1 423 315.0300 -7.0700 2 423 -228.4100 -156.8800 3 423 12.7900 -153.0500
-1.1132066681e-001 -6.4285372396e-003 -7.4666163634e-001
0 0 0
3 1 10 38.8000 -70.5600 2 10 -94.0000 -156.0000 3 10 32.8800 -130.6900
3.5413472389e-002 9.4784068805e-002 -5.5821790369e-001
0 0 0
2 1 61 291.1300 -49.4800 3 61 -59.6700 -140.0000
-1.2508565337e-001 5.0420858174e-002 -6.0912993631e-001
0 0 0
3 1 361 195.4400 -51.6600 2 361 -168.2900 -177.7100 3 361 37.8500 -165.4600
1.5962690090e-002 1.2911073432e-001 -5.9247801616e-001
0 0 0
2 1 368 263.3100 -5.4200 2 368 -254.4700 -106.6300
6.4064774074e-002 1.3001397556e-001 -5.9774772251e-001
0 0 0
3 1 370 263.2800 -13.9700 2 370 -281.0500 -89.1900 3 370 -69.4700 -104.1200
2.8602474779e-002 -5.9482372672e-002 -7.9343663102e-001
0 0 0
2 1 403 45.7300 -116.6700 2 403 -129.4300 -128.2700
-5.3460685511e-002 1.2591681123e-001 -5.7530447439e-001
0 0 0
3 1 424 274.1600 4.7200 2 424 -224.6000 -132.1600 3 424 -0.6700 -130.6100
-1.1667545170e-001 8.5359648553e-002 -6.0389505555e-001
0 0 0
2 2 15 -177.1100 -159.4200 3 15 35.2900 -147.0000
